[2023-10-04T12:40:28.806+0000] {taskinstance.py:1159} INFO - Dependencies all met for dep_context=non-requeueable deps ti=<TaskInstance: dag_parser.transform scheduled__2023-10-03T04:00:00+00:00 [queued]>
[2023-10-04T12:40:28.875+0000] {taskinstance.py:1159} INFO - Dependencies all met for dep_context=requeueable deps ti=<TaskInstance: dag_parser.transform scheduled__2023-10-03T04:00:00+00:00 [queued]>
[2023-10-04T12:40:28.879+0000] {taskinstance.py:1361} INFO - Starting attempt 3 of 3
[2023-10-04T12:40:28.997+0000] {taskinstance.py:1382} INFO - Executing <Task(_PythonDecoratedOperator): transform> on 2023-10-03 04:00:00+00:00
[2023-10-04T12:40:29.096+0000] {standard_task_runner.py:57} INFO - Started process 71 to run task
[2023-10-04T12:40:29.294+0000] {standard_task_runner.py:84} INFO - Running: ['***', 'tasks', 'run', 'dag_parser', 'transform', 'scheduled__2023-10-03T04:00:00+00:00', '--job-id', '262', '--raw', '--subdir', 'DAGS_FOLDER/dag_parser.py', '--cfg-path', '/tmp/tmpio8_osn1']
[2023-10-04T12:40:29.326+0000] {standard_task_runner.py:85} INFO - Job 262: Subtask transform
[2023-10-04T12:40:30.838+0000] {task_command.py:415} INFO - Running <TaskInstance: dag_parser.transform scheduled__2023-10-03T04:00:00+00:00 [running]> on host f2e3a31871e2
[2023-10-04T12:40:42.586+0000] {taskinstance.py:1660} INFO - Exporting env vars: AIRFLOW_CTX_DAG_OWNER='oleg' AIRFLOW_CTX_DAG_ID='dag_parser' AIRFLOW_CTX_TASK_ID='transform' AIRFLOW_CTX_EXECUTION_DATE='2023-10-03T04:00:00+00:00' AIRFLOW_CTX_TRY_NUMBER='3' AIRFLOW_CTX_DAG_RUN_ID='scheduled__2023-10-03T04:00:00+00:00'
[2023-10-04T12:40:48.299+0000] {base.py:73} INFO - Using connection ID 'postgres_con' for task execution.
[2023-10-04T12:40:48.673+0000] {warnings.py:109} WARNING - /home/***/.local/lib/python3.8/site-packages/***/providers/common/sql/hooks/sql.py:219: UserWarning: pandas only supports SQLAlchemy connectable (engine/connection) or database string URI or sqlite3 DBAPI2 connection. Other DBAPI2 objects are not tested. Please consider using SQLAlchemy.
  return psql.read_sql(sql, con=conn, params=parameters, **kwargs)

[2023-10-04T12:40:56.759+0000] {base.py:73} INFO - Using connection ID 'postgres_con' for task execution.
[2023-10-04T12:40:58.230+0000] {base.py:73} INFO - Using connection ID 'postgres_con' for task execution.
[2023-10-04T12:40:58.763+0000] {base.py:73} INFO - Using connection ID 'postgres_con' for task execution.
[2023-10-04T12:40:59.073+0000] {base.py:73} INFO - Using connection ID 'postgres_con' for task execution.
[2023-10-04T12:41:00.323+0000] {base.py:73} INFO - Using connection ID 'postgres_con' for task execution.
[2023-10-04T12:41:01.527+0000] {base.py:73} INFO - Using connection ID 'postgres_con' for task execution.
[2023-10-04T12:41:02.650+0000] {base.py:73} INFO - Using connection ID 'postgres_con' for task execution.
[2023-10-04T12:41:05.975+0000] {base.py:73} INFO - Using connection ID 'postgres_con' for task execution.
[2023-10-04T12:41:07.329+0000] {base.py:73} INFO - Using connection ID 'postgres_con' for task execution.
[2023-10-04T12:41:11.085+0000] {base.py:73} INFO - Using connection ID 'postgres_con' for task execution.
