[2023-10-04T11:52:21.361+0000] {taskinstance.py:1159} INFO - Dependencies all met for dep_context=non-requeueable deps ti=<TaskInstance: dag_parser.transform scheduled__2023-10-03T04:00:00+00:00 [queued]>
[2023-10-04T11:52:21.367+0000] {taskinstance.py:1159} INFO - Dependencies all met for dep_context=requeueable deps ti=<TaskInstance: dag_parser.transform scheduled__2023-10-03T04:00:00+00:00 [queued]>
[2023-10-04T11:52:21.369+0000] {taskinstance.py:1361} INFO - Starting attempt 1 of 3
[2023-10-04T11:52:21.377+0000] {taskinstance.py:1382} INFO - Executing <Task(_PythonDecoratedOperator): transform> on 2023-10-03 04:00:00+00:00
[2023-10-04T11:52:21.385+0000] {standard_task_runner.py:57} INFO - Started process 258 to run task
[2023-10-04T11:52:21.389+0000] {standard_task_runner.py:84} INFO - Running: ['***', 'tasks', 'run', 'dag_parser', 'transform', 'scheduled__2023-10-03T04:00:00+00:00', '--job-id', '252', '--raw', '--subdir', 'DAGS_FOLDER/dag_parser.py', '--cfg-path', '/tmp/tmpt9h6vgh7']
[2023-10-04T11:52:21.392+0000] {standard_task_runner.py:85} INFO - Job 252: Subtask transform
[2023-10-04T11:52:21.451+0000] {task_command.py:415} INFO - Running <TaskInstance: dag_parser.transform scheduled__2023-10-03T04:00:00+00:00 [running]> on host 5e35f257a54c
[2023-10-04T11:52:21.673+0000] {taskinstance.py:1660} INFO - Exporting env vars: AIRFLOW_CTX_DAG_OWNER='oleg' AIRFLOW_CTX_DAG_ID='dag_parser' AIRFLOW_CTX_TASK_ID='transform' AIRFLOW_CTX_EXECUTION_DATE='2023-10-03T04:00:00+00:00' AIRFLOW_CTX_TRY_NUMBER='1' AIRFLOW_CTX_DAG_RUN_ID='scheduled__2023-10-03T04:00:00+00:00'
[2023-10-04T11:52:21.887+0000] {base.py:73} INFO - Using connection ID 'postgres_con' for task execution.
[2023-10-04T11:52:21.917+0000] {warnings.py:109} WARNING - /home/***/.local/lib/python3.8/site-packages/***/providers/common/sql/hooks/sql.py:219: UserWarning: pandas only supports SQLAlchemy connectable (engine/connection) or database string URI or sqlite3 DBAPI2 connection. Other DBAPI2 objects are not tested. Please consider using SQLAlchemy.
  return psql.read_sql(sql, con=conn, params=parameters, **kwargs)

[2023-10-04T11:52:23.186+0000] {base.py:73} INFO - Using connection ID 'postgres_con' for task execution.
[2023-10-04T11:52:23.260+0000] {base.py:73} INFO - Using connection ID 'postgres_con' for task execution.
[2023-10-04T11:52:23.313+0000] {base.py:73} INFO - Using connection ID 'postgres_con' for task execution.
[2023-10-04T11:52:23.363+0000] {base.py:73} INFO - Using connection ID 'postgres_con' for task execution.
[2023-10-04T11:52:23.420+0000] {base.py:73} INFO - Using connection ID 'postgres_con' for task execution.
[2023-10-04T11:52:23.475+0000] {base.py:73} INFO - Using connection ID 'postgres_con' for task execution.
[2023-10-04T11:52:23.528+0000] {base.py:73} INFO - Using connection ID 'postgres_con' for task execution.
[2023-10-04T11:52:23.580+0000] {base.py:73} INFO - Using connection ID 'postgres_con' for task execution.
[2023-10-04T11:52:23.631+0000] {base.py:73} INFO - Using connection ID 'postgres_con' for task execution.
[2023-10-04T11:52:23.683+0000] {base.py:73} INFO - Using connection ID 'postgres_con' for task execution.
[2023-10-04T11:52:23.733+0000] {base.py:73} INFO - Using connection ID 'postgres_con' for task execution.
[2023-10-04T11:52:23.801+0000] {base.py:73} INFO - Using connection ID 'postgres_con' for task execution.
[2023-10-04T11:52:23.853+0000] {base.py:73} INFO - Using connection ID 'postgres_con' for task execution.
[2023-10-04T11:52:23.905+0000] {base.py:73} INFO - Using connection ID 'postgres_con' for task execution.
[2023-10-04T11:52:23.969+0000] {base.py:73} INFO - Using connection ID 'postgres_con' for task execution.
[2023-10-04T11:52:24.025+0000] {base.py:73} INFO - Using connection ID 'postgres_con' for task execution.
[2023-10-04T11:52:24.077+0000] {base.py:73} INFO - Using connection ID 'postgres_con' for task execution.
[2023-10-04T11:52:24.130+0000] {base.py:73} INFO - Using connection ID 'postgres_con' for task execution.
[2023-10-04T11:52:24.207+0000] {base.py:73} INFO - Using connection ID 'postgres_con' for task execution.
[2023-10-04T11:52:24.262+0000] {base.py:73} INFO - Using connection ID 'postgres_con' for task execution.
[2023-10-04T11:52:24.313+0000] {base.py:73} INFO - Using connection ID 'postgres_con' for task execution.
[2023-10-04T11:52:24.382+0000] {base.py:73} INFO - Using connection ID 'postgres_con' for task execution.
[2023-10-04T11:52:24.437+0000] {base.py:73} INFO - Using connection ID 'postgres_con' for task execution.
[2023-10-04T11:52:24.493+0000] {base.py:73} INFO - Using connection ID 'postgres_con' for task execution.
[2023-10-04T11:52:24.549+0000] {base.py:73} INFO - Using connection ID 'postgres_con' for task execution.
[2023-10-04T11:52:24.611+0000] {base.py:73} INFO - Using connection ID 'postgres_con' for task execution.
[2023-10-04T11:52:24.665+0000] {base.py:73} INFO - Using connection ID 'postgres_con' for task execution.
[2023-10-04T11:52:24.722+0000] {base.py:73} INFO - Using connection ID 'postgres_con' for task execution.
[2023-10-04T11:52:24.783+0000] {base.py:73} INFO - Using connection ID 'postgres_con' for task execution.
[2023-10-04T11:52:24.842+0000] {base.py:73} INFO - Using connection ID 'postgres_con' for task execution.
[2023-10-04T11:52:24.903+0000] {base.py:73} INFO - Using connection ID 'postgres_con' for task execution.
[2023-10-04T11:52:24.956+0000] {base.py:73} INFO - Using connection ID 'postgres_con' for task execution.
[2023-10-04T11:52:25.018+0000] {base.py:73} INFO - Using connection ID 'postgres_con' for task execution.
[2023-10-04T11:52:25.091+0000] {base.py:73} INFO - Using connection ID 'postgres_con' for task execution.
[2023-10-04T11:52:25.146+0000] {base.py:73} INFO - Using connection ID 'postgres_con' for task execution.
[2023-10-04T11:52:25.205+0000] {base.py:73} INFO - Using connection ID 'postgres_con' for task execution.
[2023-10-04T11:52:25.263+0000] {base.py:73} INFO - Using connection ID 'postgres_con' for task execution.
[2023-10-04T11:52:25.318+0000] {base.py:73} INFO - Using connection ID 'postgres_con' for task execution.
[2023-10-04T11:52:25.377+0000] {base.py:73} INFO - Using connection ID 'postgres_con' for task execution.
[2023-10-04T11:52:25.433+0000] {base.py:73} INFO - Using connection ID 'postgres_con' for task execution.
[2023-10-04T11:52:25.501+0000] {base.py:73} INFO - Using connection ID 'postgres_con' for task execution.
[2023-10-04T11:52:25.558+0000] {base.py:73} INFO - Using connection ID 'postgres_con' for task execution.
[2023-10-04T11:52:25.623+0000] {base.py:73} INFO - Using connection ID 'postgres_con' for task execution.
[2023-10-04T11:52:25.678+0000] {base.py:73} INFO - Using connection ID 'postgres_con' for task execution.
[2023-10-04T11:52:25.734+0000] {base.py:73} INFO - Using connection ID 'postgres_con' for task execution.
[2023-10-04T11:52:25.801+0000] {base.py:73} INFO - Using connection ID 'postgres_con' for task execution.
[2023-10-04T11:52:25.884+0000] {base.py:73} INFO - Using connection ID 'postgres_con' for task execution.
[2023-10-04T11:52:25.949+0000] {base.py:73} INFO - Using connection ID 'postgres_con' for task execution.
[2023-10-04T11:52:26.018+0000] {base.py:73} INFO - Using connection ID 'postgres_con' for task execution.
[2023-10-04T11:52:26.091+0000] {base.py:73} INFO - Using connection ID 'postgres_con' for task execution.
[2023-10-04T11:52:26.153+0000] {base.py:73} INFO - Using connection ID 'postgres_con' for task execution.
[2023-10-04T11:52:26.211+0000] {base.py:73} INFO - Using connection ID 'postgres_con' for task execution.
[2023-10-04T11:52:26.268+0000] {base.py:73} INFO - Using connection ID 'postgres_con' for task execution.
[2023-10-04T11:52:26.330+0000] {base.py:73} INFO - Using connection ID 'postgres_con' for task execution.
[2023-10-04T11:52:26.393+0000] {base.py:73} INFO - Using connection ID 'postgres_con' for task execution.
[2023-10-04T11:52:26.479+0000] {base.py:73} INFO - Using connection ID 'postgres_con' for task execution.
[2023-10-04T11:52:26.570+0000] {base.py:73} INFO - Using connection ID 'postgres_con' for task execution.
[2023-10-04T11:52:26.635+0000] {base.py:73} INFO - Using connection ID 'postgres_con' for task execution.
[2023-10-04T11:52:26.726+0000] {base.py:73} INFO - Using connection ID 'postgres_con' for task execution.
[2023-10-04T11:52:26.792+0000] {base.py:73} INFO - Using connection ID 'postgres_con' for task execution.
[2023-10-04T11:52:26.862+0000] {base.py:73} INFO - Using connection ID 'postgres_con' for task execution.
[2023-10-04T11:52:26.926+0000] {base.py:73} INFO - Using connection ID 'postgres_con' for task execution.
[2023-10-04T11:52:26.980+0000] {base.py:73} INFO - Using connection ID 'postgres_con' for task execution.
[2023-10-04T11:52:27.035+0000] {base.py:73} INFO - Using connection ID 'postgres_con' for task execution.
[2023-10-04T11:52:27.088+0000] {base.py:73} INFO - Using connection ID 'postgres_con' for task execution.
[2023-10-04T11:52:27.141+0000] {base.py:73} INFO - Using connection ID 'postgres_con' for task execution.
[2023-10-04T11:52:27.197+0000] {base.py:73} INFO - Using connection ID 'postgres_con' for task execution.
[2023-10-04T11:52:27.249+0000] {base.py:73} INFO - Using connection ID 'postgres_con' for task execution.
[2023-10-04T11:52:27.302+0000] {base.py:73} INFO - Using connection ID 'postgres_con' for task execution.
[2023-10-04T11:52:27.357+0000] {base.py:73} INFO - Using connection ID 'postgres_con' for task execution.
[2023-10-04T11:52:27.412+0000] {base.py:73} INFO - Using connection ID 'postgres_con' for task execution.
[2023-10-04T11:52:27.466+0000] {base.py:73} INFO - Using connection ID 'postgres_con' for task execution.
[2023-10-04T11:52:27.523+0000] {base.py:73} INFO - Using connection ID 'postgres_con' for task execution.
[2023-10-04T11:52:27.578+0000] {base.py:73} INFO - Using connection ID 'postgres_con' for task execution.
[2023-10-04T11:52:27.634+0000] {base.py:73} INFO - Using connection ID 'postgres_con' for task execution.
[2023-10-04T11:52:27.693+0000] {base.py:73} INFO - Using connection ID 'postgres_con' for task execution.
[2023-10-04T11:52:27.749+0000] {base.py:73} INFO - Using connection ID 'postgres_con' for task execution.
[2023-10-04T11:52:27.801+0000] {base.py:73} INFO - Using connection ID 'postgres_con' for task execution.
[2023-10-04T11:52:27.854+0000] {base.py:73} INFO - Using connection ID 'postgres_con' for task execution.
[2023-10-04T11:52:27.908+0000] {base.py:73} INFO - Using connection ID 'postgres_con' for task execution.
[2023-10-04T11:52:27.971+0000] {base.py:73} INFO - Using connection ID 'postgres_con' for task execution.
[2023-10-04T11:52:28.032+0000] {base.py:73} INFO - Using connection ID 'postgres_con' for task execution.
[2023-10-04T11:52:28.086+0000] {base.py:73} INFO - Using connection ID 'postgres_con' for task execution.
[2023-10-04T11:52:28.139+0000] {base.py:73} INFO - Using connection ID 'postgres_con' for task execution.
[2023-10-04T11:52:28.194+0000] {base.py:73} INFO - Using connection ID 'postgres_con' for task execution.
[2023-10-04T11:52:28.246+0000] {base.py:73} INFO - Using connection ID 'postgres_con' for task execution.
[2023-10-04T11:52:28.301+0000] {base.py:73} INFO - Using connection ID 'postgres_con' for task execution.
[2023-10-04T11:52:28.354+0000] {base.py:73} INFO - Using connection ID 'postgres_con' for task execution.
[2023-10-04T11:52:28.411+0000] {base.py:73} INFO - Using connection ID 'postgres_con' for task execution.
[2023-10-04T11:52:28.464+0000] {base.py:73} INFO - Using connection ID 'postgres_con' for task execution.
[2023-10-04T11:52:28.518+0000] {base.py:73} INFO - Using connection ID 'postgres_con' for task execution.
[2023-10-04T11:52:28.573+0000] {base.py:73} INFO - Using connection ID 'postgres_con' for task execution.
[2023-10-04T11:52:28.629+0000] {base.py:73} INFO - Using connection ID 'postgres_con' for task execution.
[2023-10-04T11:52:28.683+0000] {base.py:73} INFO - Using connection ID 'postgres_con' for task execution.
[2023-10-04T11:52:28.745+0000] {base.py:73} INFO - Using connection ID 'postgres_con' for task execution.
[2023-10-04T11:52:28.799+0000] {base.py:73} INFO - Using connection ID 'postgres_con' for task execution.
[2023-10-04T11:52:28.858+0000] {base.py:73} INFO - Using connection ID 'postgres_con' for task execution.
[2023-10-04T11:52:28.915+0000] {base.py:73} INFO - Using connection ID 'postgres_con' for task execution.
[2023-10-04T11:52:28.970+0000] {base.py:73} INFO - Using connection ID 'postgres_con' for task execution.
[2023-10-04T11:52:29.032+0000] {base.py:73} INFO - Using connection ID 'postgres_con' for task execution.
[2023-10-04T11:52:29.099+0000] {base.py:73} INFO - Using connection ID 'postgres_con' for task execution.
[2023-10-04T11:52:29.160+0000] {base.py:73} INFO - Using connection ID 'postgres_con' for task execution.
[2023-10-04T11:52:29.215+0000] {base.py:73} INFO - Using connection ID 'postgres_con' for task execution.
[2023-10-04T11:52:29.281+0000] {base.py:73} INFO - Using connection ID 'postgres_con' for task execution.
[2023-10-04T11:52:29.365+0000] {base.py:73} INFO - Using connection ID 'postgres_con' for task execution.
[2023-10-04T11:52:29.429+0000] {base.py:73} INFO - Using connection ID 'postgres_con' for task execution.
[2023-10-04T11:52:29.509+0000] {base.py:73} INFO - Using connection ID 'postgres_con' for task execution.
[2023-10-04T11:52:29.582+0000] {base.py:73} INFO - Using connection ID 'postgres_con' for task execution.
[2023-10-04T11:52:29.652+0000] {base.py:73} INFO - Using connection ID 'postgres_con' for task execution.
[2023-10-04T11:52:29.724+0000] {base.py:73} INFO - Using connection ID 'postgres_con' for task execution.
[2023-10-04T11:52:29.793+0000] {base.py:73} INFO - Using connection ID 'postgres_con' for task execution.
[2023-10-04T11:52:29.870+0000] {base.py:73} INFO - Using connection ID 'postgres_con' for task execution.
[2023-10-04T11:52:29.954+0000] {base.py:73} INFO - Using connection ID 'postgres_con' for task execution.
[2023-10-04T11:52:30.067+0000] {base.py:73} INFO - Using connection ID 'postgres_con' for task execution.
[2023-10-04T11:52:30.149+0000] {base.py:73} INFO - Using connection ID 'postgres_con' for task execution.
[2023-10-04T11:52:30.229+0000] {base.py:73} INFO - Using connection ID 'postgres_con' for task execution.
[2023-10-04T11:52:30.308+0000] {base.py:73} INFO - Using connection ID 'postgres_con' for task execution.
[2023-10-04T11:52:30.370+0000] {base.py:73} INFO - Using connection ID 'postgres_con' for task execution.
[2023-10-04T11:52:30.432+0000] {base.py:73} INFO - Using connection ID 'postgres_con' for task execution.
[2023-10-04T11:52:30.504+0000] {base.py:73} INFO - Using connection ID 'postgres_con' for task execution.
[2023-10-04T11:52:30.578+0000] {base.py:73} INFO - Using connection ID 'postgres_con' for task execution.
[2023-10-04T11:52:30.648+0000] {base.py:73} INFO - Using connection ID 'postgres_con' for task execution.
[2023-10-04T11:52:30.719+0000] {base.py:73} INFO - Using connection ID 'postgres_con' for task execution.
[2023-10-04T11:52:30.788+0000] {base.py:73} INFO - Using connection ID 'postgres_con' for task execution.
[2023-10-04T11:52:30.862+0000] {base.py:73} INFO - Using connection ID 'postgres_con' for task execution.
[2023-10-04T11:52:30.939+0000] {base.py:73} INFO - Using connection ID 'postgres_con' for task execution.
[2023-10-04T11:52:31.002+0000] {base.py:73} INFO - Using connection ID 'postgres_con' for task execution.
[2023-10-04T11:52:31.077+0000] {base.py:73} INFO - Using connection ID 'postgres_con' for task execution.
[2023-10-04T11:52:31.138+0000] {base.py:73} INFO - Using connection ID 'postgres_con' for task execution.
[2023-10-04T11:52:31.209+0000] {base.py:73} INFO - Using connection ID 'postgres_con' for task execution.
[2023-10-04T11:52:31.274+0000] {base.py:73} INFO - Using connection ID 'postgres_con' for task execution.
[2023-10-04T11:52:31.339+0000] {base.py:73} INFO - Using connection ID 'postgres_con' for task execution.
[2023-10-04T11:52:31.430+0000] {base.py:73} INFO - Using connection ID 'postgres_con' for task execution.
[2023-10-04T11:52:31.519+0000] {base.py:73} INFO - Using connection ID 'postgres_con' for task execution.
[2023-10-04T11:52:31.673+0000] {base.py:73} INFO - Using connection ID 'postgres_con' for task execution.
[2023-10-04T11:52:31.782+0000] {base.py:73} INFO - Using connection ID 'postgres_con' for task execution.
[2023-10-04T11:52:31.890+0000] {base.py:73} INFO - Using connection ID 'postgres_con' for task execution.
[2023-10-04T11:52:32.017+0000] {base.py:73} INFO - Using connection ID 'postgres_con' for task execution.
[2023-10-04T11:52:32.159+0000] {base.py:73} INFO - Using connection ID 'postgres_con' for task execution.
[2023-10-04T11:52:32.245+0000] {base.py:73} INFO - Using connection ID 'postgres_con' for task execution.
[2023-10-04T11:52:32.358+0000] {base.py:73} INFO - Using connection ID 'postgres_con' for task execution.
[2023-10-04T11:52:32.464+0000] {base.py:73} INFO - Using connection ID 'postgres_con' for task execution.
[2023-10-04T11:52:32.547+0000] {base.py:73} INFO - Using connection ID 'postgres_con' for task execution.
[2023-10-04T11:52:32.617+0000] {base.py:73} INFO - Using connection ID 'postgres_con' for task execution.
[2023-10-04T11:52:32.707+0000] {base.py:73} INFO - Using connection ID 'postgres_con' for task execution.
[2023-10-04T11:52:32.840+0000] {base.py:73} INFO - Using connection ID 'postgres_con' for task execution.
[2023-10-04T11:52:32.963+0000] {base.py:73} INFO - Using connection ID 'postgres_con' for task execution.
[2023-10-04T11:52:33.023+0000] {base.py:73} INFO - Using connection ID 'postgres_con' for task execution.
[2023-10-04T11:52:33.082+0000] {base.py:73} INFO - Using connection ID 'postgres_con' for task execution.
[2023-10-04T11:52:33.162+0000] {base.py:73} INFO - Using connection ID 'postgres_con' for task execution.
[2023-10-04T11:52:33.220+0000] {base.py:73} INFO - Using connection ID 'postgres_con' for task execution.
[2023-10-04T11:52:33.278+0000] {base.py:73} INFO - Using connection ID 'postgres_con' for task execution.
[2023-10-04T11:52:33.336+0000] {base.py:73} INFO - Using connection ID 'postgres_con' for task execution.
[2023-10-04T11:52:33.400+0000] {base.py:73} INFO - Using connection ID 'postgres_con' for task execution.
[2023-10-04T11:52:33.463+0000] {base.py:73} INFO - Using connection ID 'postgres_con' for task execution.
[2023-10-04T11:52:33.524+0000] {base.py:73} INFO - Using connection ID 'postgres_con' for task execution.
[2023-10-04T11:52:33.581+0000] {base.py:73} INFO - Using connection ID 'postgres_con' for task execution.
[2023-10-04T11:52:33.640+0000] {base.py:73} INFO - Using connection ID 'postgres_con' for task execution.
[2023-10-04T11:52:33.703+0000] {base.py:73} INFO - Using connection ID 'postgres_con' for task execution.
[2023-10-04T11:52:33.764+0000] {base.py:73} INFO - Using connection ID 'postgres_con' for task execution.
[2023-10-04T11:52:33.845+0000] {base.py:73} INFO - Using connection ID 'postgres_con' for task execution.
[2023-10-04T11:52:33.952+0000] {base.py:73} INFO - Using connection ID 'postgres_con' for task execution.
[2023-10-04T11:52:34.063+0000] {base.py:73} INFO - Using connection ID 'postgres_con' for task execution.
[2023-10-04T11:52:34.157+0000] {base.py:73} INFO - Using connection ID 'postgres_con' for task execution.
[2023-10-04T11:52:34.231+0000] {base.py:73} INFO - Using connection ID 'postgres_con' for task execution.
[2023-10-04T11:52:34.297+0000] {base.py:73} INFO - Using connection ID 'postgres_con' for task execution.
[2023-10-04T11:52:34.356+0000] {base.py:73} INFO - Using connection ID 'postgres_con' for task execution.
[2023-10-04T11:52:34.414+0000] {base.py:73} INFO - Using connection ID 'postgres_con' for task execution.
[2023-10-04T11:52:34.476+0000] {base.py:73} INFO - Using connection ID 'postgres_con' for task execution.
[2023-10-04T11:52:34.548+0000] {base.py:73} INFO - Using connection ID 'postgres_con' for task execution.
[2023-10-04T11:52:34.617+0000] {base.py:73} INFO - Using connection ID 'postgres_con' for task execution.
[2023-10-04T11:52:34.684+0000] {base.py:73} INFO - Using connection ID 'postgres_con' for task execution.
[2023-10-04T11:52:34.741+0000] {base.py:73} INFO - Using connection ID 'postgres_con' for task execution.
[2023-10-04T11:52:34.807+0000] {base.py:73} INFO - Using connection ID 'postgres_con' for task execution.
[2023-10-04T11:52:34.869+0000] {base.py:73} INFO - Using connection ID 'postgres_con' for task execution.
[2023-10-04T11:52:34.938+0000] {base.py:73} INFO - Using connection ID 'postgres_con' for task execution.
[2023-10-04T11:52:35.003+0000] {base.py:73} INFO - Using connection ID 'postgres_con' for task execution.
[2023-10-04T11:52:35.067+0000] {base.py:73} INFO - Using connection ID 'postgres_con' for task execution.
[2023-10-04T11:52:35.131+0000] {base.py:73} INFO - Using connection ID 'postgres_con' for task execution.
[2023-10-04T11:52:35.215+0000] {base.py:73} INFO - Using connection ID 'postgres_con' for task execution.
[2023-10-04T11:52:35.305+0000] {base.py:73} INFO - Using connection ID 'postgres_con' for task execution.
[2023-10-04T11:52:35.388+0000] {base.py:73} INFO - Using connection ID 'postgres_con' for task execution.
[2023-10-04T11:52:35.452+0000] {base.py:73} INFO - Using connection ID 'postgres_con' for task execution.
[2023-10-04T11:52:35.521+0000] {base.py:73} INFO - Using connection ID 'postgres_con' for task execution.
[2023-10-04T11:52:35.605+0000] {base.py:73} INFO - Using connection ID 'postgres_con' for task execution.
[2023-10-04T11:52:35.678+0000] {base.py:73} INFO - Using connection ID 'postgres_con' for task execution.
[2023-10-04T11:52:35.741+0000] {base.py:73} INFO - Using connection ID 'postgres_con' for task execution.
[2023-10-04T11:52:35.800+0000] {base.py:73} INFO - Using connection ID 'postgres_con' for task execution.
[2023-10-04T11:52:35.858+0000] {base.py:73} INFO - Using connection ID 'postgres_con' for task execution.
[2023-10-04T11:52:35.916+0000] {base.py:73} INFO - Using connection ID 'postgres_con' for task execution.
[2023-10-04T11:52:35.979+0000] {base.py:73} INFO - Using connection ID 'postgres_con' for task execution.
[2023-10-04T11:52:36.037+0000] {base.py:73} INFO - Using connection ID 'postgres_con' for task execution.
[2023-10-04T11:52:36.095+0000] {base.py:73} INFO - Using connection ID 'postgres_con' for task execution.
[2023-10-04T11:52:36.154+0000] {base.py:73} INFO - Using connection ID 'postgres_con' for task execution.
[2023-10-04T11:52:36.214+0000] {base.py:73} INFO - Using connection ID 'postgres_con' for task execution.
[2023-10-04T11:52:36.274+0000] {base.py:73} INFO - Using connection ID 'postgres_con' for task execution.
[2023-10-04T11:52:36.333+0000] {base.py:73} INFO - Using connection ID 'postgres_con' for task execution.
[2023-10-04T11:52:36.395+0000] {base.py:73} INFO - Using connection ID 'postgres_con' for task execution.
[2023-10-04T11:52:36.454+0000] {base.py:73} INFO - Using connection ID 'postgres_con' for task execution.
[2023-10-04T11:52:36.512+0000] {base.py:73} INFO - Using connection ID 'postgres_con' for task execution.
[2023-10-04T11:52:36.574+0000] {base.py:73} INFO - Using connection ID 'postgres_con' for task execution.
[2023-10-04T11:52:36.639+0000] {base.py:73} INFO - Using connection ID 'postgres_con' for task execution.
[2023-10-04T11:52:36.710+0000] {base.py:73} INFO - Using connection ID 'postgres_con' for task execution.
[2023-10-04T11:52:36.775+0000] {base.py:73} INFO - Using connection ID 'postgres_con' for task execution.
[2023-10-04T11:52:36.831+0000] {base.py:73} INFO - Using connection ID 'postgres_con' for task execution.
[2023-10-04T11:52:36.890+0000] {base.py:73} INFO - Using connection ID 'postgres_con' for task execution.
[2023-10-04T11:52:36.951+0000] {base.py:73} INFO - Using connection ID 'postgres_con' for task execution.
[2023-10-04T11:52:37.011+0000] {base.py:73} INFO - Using connection ID 'postgres_con' for task execution.
[2023-10-04T11:52:37.070+0000] {base.py:73} INFO - Using connection ID 'postgres_con' for task execution.
[2023-10-04T11:52:37.129+0000] {base.py:73} INFO - Using connection ID 'postgres_con' for task execution.
[2023-10-04T11:52:37.189+0000] {base.py:73} INFO - Using connection ID 'postgres_con' for task execution.
[2023-10-04T11:52:37.247+0000] {base.py:73} INFO - Using connection ID 'postgres_con' for task execution.
[2023-10-04T11:52:37.308+0000] {base.py:73} INFO - Using connection ID 'postgres_con' for task execution.
[2023-10-04T11:52:37.366+0000] {base.py:73} INFO - Using connection ID 'postgres_con' for task execution.
[2023-10-04T11:52:37.425+0000] {base.py:73} INFO - Using connection ID 'postgres_con' for task execution.
[2023-10-04T11:52:37.486+0000] {base.py:73} INFO - Using connection ID 'postgres_con' for task execution.
[2023-10-04T11:52:37.545+0000] {base.py:73} INFO - Using connection ID 'postgres_con' for task execution.
[2023-10-04T11:52:37.605+0000] {base.py:73} INFO - Using connection ID 'postgres_con' for task execution.
[2023-10-04T11:52:37.665+0000] {base.py:73} INFO - Using connection ID 'postgres_con' for task execution.
[2023-10-04T11:52:37.725+0000] {base.py:73} INFO - Using connection ID 'postgres_con' for task execution.
[2023-10-04T11:52:37.784+0000] {base.py:73} INFO - Using connection ID 'postgres_con' for task execution.
[2023-10-04T11:52:37.840+0000] {base.py:73} INFO - Using connection ID 'postgres_con' for task execution.
[2023-10-04T11:52:37.900+0000] {base.py:73} INFO - Using connection ID 'postgres_con' for task execution.
[2023-10-04T11:52:37.958+0000] {base.py:73} INFO - Using connection ID 'postgres_con' for task execution.
[2023-10-04T11:52:38.018+0000] {base.py:73} INFO - Using connection ID 'postgres_con' for task execution.
[2023-10-04T11:52:38.079+0000] {base.py:73} INFO - Using connection ID 'postgres_con' for task execution.
[2023-10-04T11:52:38.139+0000] {base.py:73} INFO - Using connection ID 'postgres_con' for task execution.
[2023-10-04T11:52:38.203+0000] {base.py:73} INFO - Using connection ID 'postgres_con' for task execution.
[2023-10-04T11:52:38.263+0000] {base.py:73} INFO - Using connection ID 'postgres_con' for task execution.
[2023-10-04T11:52:38.322+0000] {base.py:73} INFO - Using connection ID 'postgres_con' for task execution.
[2023-10-04T11:52:38.386+0000] {base.py:73} INFO - Using connection ID 'postgres_con' for task execution.
[2023-10-04T11:52:38.446+0000] {base.py:73} INFO - Using connection ID 'postgres_con' for task execution.
[2023-10-04T11:52:38.507+0000] {base.py:73} INFO - Using connection ID 'postgres_con' for task execution.
[2023-10-04T11:52:38.565+0000] {base.py:73} INFO - Using connection ID 'postgres_con' for task execution.
[2023-10-04T11:52:38.634+0000] {base.py:73} INFO - Using connection ID 'postgres_con' for task execution.
[2023-10-04T11:52:38.694+0000] {base.py:73} INFO - Using connection ID 'postgres_con' for task execution.
[2023-10-04T11:52:38.754+0000] {base.py:73} INFO - Using connection ID 'postgres_con' for task execution.
[2023-10-04T11:52:38.817+0000] {base.py:73} INFO - Using connection ID 'postgres_con' for task execution.
[2023-10-04T11:52:38.879+0000] {base.py:73} INFO - Using connection ID 'postgres_con' for task execution.
[2023-10-04T11:52:38.941+0000] {base.py:73} INFO - Using connection ID 'postgres_con' for task execution.
[2023-10-04T11:52:39.002+0000] {base.py:73} INFO - Using connection ID 'postgres_con' for task execution.
[2023-10-04T11:52:39.063+0000] {base.py:73} INFO - Using connection ID 'postgres_con' for task execution.
[2023-10-04T11:52:39.135+0000] {base.py:73} INFO - Using connection ID 'postgres_con' for task execution.
[2023-10-04T11:52:39.199+0000] {base.py:73} INFO - Using connection ID 'postgres_con' for task execution.
[2023-10-04T11:52:39.261+0000] {base.py:73} INFO - Using connection ID 'postgres_con' for task execution.
[2023-10-04T11:52:39.325+0000] {base.py:73} INFO - Using connection ID 'postgres_con' for task execution.
[2023-10-04T11:52:39.386+0000] {base.py:73} INFO - Using connection ID 'postgres_con' for task execution.
[2023-10-04T11:52:39.445+0000] {base.py:73} INFO - Using connection ID 'postgres_con' for task execution.
[2023-10-04T11:52:39.510+0000] {base.py:73} INFO - Using connection ID 'postgres_con' for task execution.
[2023-10-04T11:52:39.573+0000] {base.py:73} INFO - Using connection ID 'postgres_con' for task execution.
[2023-10-04T11:52:39.636+0000] {base.py:73} INFO - Using connection ID 'postgres_con' for task execution.
[2023-10-04T11:52:39.702+0000] {base.py:73} INFO - Using connection ID 'postgres_con' for task execution.
[2023-10-04T11:52:39.761+0000] {base.py:73} INFO - Using connection ID 'postgres_con' for task execution.
[2023-10-04T11:52:39.825+0000] {base.py:73} INFO - Using connection ID 'postgres_con' for task execution.
[2023-10-04T11:52:39.887+0000] {base.py:73} INFO - Using connection ID 'postgres_con' for task execution.
[2023-10-04T11:52:39.948+0000] {base.py:73} INFO - Using connection ID 'postgres_con' for task execution.
[2023-10-04T11:52:40.013+0000] {base.py:73} INFO - Using connection ID 'postgres_con' for task execution.
[2023-10-04T11:52:40.085+0000] {base.py:73} INFO - Using connection ID 'postgres_con' for task execution.
[2023-10-04T11:52:40.149+0000] {base.py:73} INFO - Using connection ID 'postgres_con' for task execution.
[2023-10-04T11:52:40.211+0000] {base.py:73} INFO - Using connection ID 'postgres_con' for task execution.
[2023-10-04T11:52:40.275+0000] {base.py:73} INFO - Using connection ID 'postgres_con' for task execution.
[2023-10-04T11:52:40.337+0000] {base.py:73} INFO - Using connection ID 'postgres_con' for task execution.
[2023-10-04T11:52:40.399+0000] {base.py:73} INFO - Using connection ID 'postgres_con' for task execution.
[2023-10-04T11:52:40.463+0000] {base.py:73} INFO - Using connection ID 'postgres_con' for task execution.
[2023-10-04T11:52:40.526+0000] {base.py:73} INFO - Using connection ID 'postgres_con' for task execution.
[2023-10-04T11:52:40.590+0000] {base.py:73} INFO - Using connection ID 'postgres_con' for task execution.
[2023-10-04T11:52:40.668+0000] {base.py:73} INFO - Using connection ID 'postgres_con' for task execution.
[2023-10-04T11:52:40.734+0000] {base.py:73} INFO - Using connection ID 'postgres_con' for task execution.
[2023-10-04T11:52:40.798+0000] {base.py:73} INFO - Using connection ID 'postgres_con' for task execution.
[2023-10-04T11:52:40.870+0000] {base.py:73} INFO - Using connection ID 'postgres_con' for task execution.
[2023-10-04T11:52:40.931+0000] {base.py:73} INFO - Using connection ID 'postgres_con' for task execution.
[2023-10-04T11:52:40.993+0000] {base.py:73} INFO - Using connection ID 'postgres_con' for task execution.
[2023-10-04T11:52:41.055+0000] {base.py:73} INFO - Using connection ID 'postgres_con' for task execution.
[2023-10-04T11:52:41.123+0000] {base.py:73} INFO - Using connection ID 'postgres_con' for task execution.
[2023-10-04T11:52:41.186+0000] {base.py:73} INFO - Using connection ID 'postgres_con' for task execution.
[2023-10-04T11:52:41.248+0000] {base.py:73} INFO - Using connection ID 'postgres_con' for task execution.
[2023-10-04T11:52:41.309+0000] {base.py:73} INFO - Using connection ID 'postgres_con' for task execution.
[2023-10-04T11:52:41.372+0000] {base.py:73} INFO - Using connection ID 'postgres_con' for task execution.
[2023-10-04T11:52:41.445+0000] {base.py:73} INFO - Using connection ID 'postgres_con' for task execution.
[2023-10-04T11:52:41.527+0000] {base.py:73} INFO - Using connection ID 'postgres_con' for task execution.
[2023-10-04T11:52:41.604+0000] {base.py:73} INFO - Using connection ID 'postgres_con' for task execution.
[2023-10-04T11:52:41.696+0000] {base.py:73} INFO - Using connection ID 'postgres_con' for task execution.
[2023-10-04T11:52:41.805+0000] {base.py:73} INFO - Using connection ID 'postgres_con' for task execution.
[2023-10-04T11:52:41.893+0000] {base.py:73} INFO - Using connection ID 'postgres_con' for task execution.
[2023-10-04T11:52:41.969+0000] {base.py:73} INFO - Using connection ID 'postgres_con' for task execution.
[2023-10-04T11:52:42.049+0000] {base.py:73} INFO - Using connection ID 'postgres_con' for task execution.
[2023-10-04T11:52:42.126+0000] {base.py:73} INFO - Using connection ID 'postgres_con' for task execution.
[2023-10-04T11:52:42.188+0000] {base.py:73} INFO - Using connection ID 'postgres_con' for task execution.
[2023-10-04T11:52:42.252+0000] {base.py:73} INFO - Using connection ID 'postgres_con' for task execution.
[2023-10-04T11:52:42.319+0000] {base.py:73} INFO - Using connection ID 'postgres_con' for task execution.
[2023-10-04T11:52:42.384+0000] {base.py:73} INFO - Using connection ID 'postgres_con' for task execution.
[2023-10-04T11:52:42.446+0000] {base.py:73} INFO - Using connection ID 'postgres_con' for task execution.
[2023-10-04T11:52:42.510+0000] {base.py:73} INFO - Using connection ID 'postgres_con' for task execution.
[2023-10-04T11:52:42.572+0000] {base.py:73} INFO - Using connection ID 'postgres_con' for task execution.
[2023-10-04T11:52:42.636+0000] {base.py:73} INFO - Using connection ID 'postgres_con' for task execution.
[2023-10-04T11:52:42.701+0000] {base.py:73} INFO - Using connection ID 'postgres_con' for task execution.
[2023-10-04T11:52:42.763+0000] {base.py:73} INFO - Using connection ID 'postgres_con' for task execution.
[2023-10-04T11:52:42.826+0000] {base.py:73} INFO - Using connection ID 'postgres_con' for task execution.
[2023-10-04T11:52:42.894+0000] {base.py:73} INFO - Using connection ID 'postgres_con' for task execution.
[2023-10-04T11:52:42.958+0000] {base.py:73} INFO - Using connection ID 'postgres_con' for task execution.
[2023-10-04T11:52:43.046+0000] {base.py:73} INFO - Using connection ID 'postgres_con' for task execution.
[2023-10-04T11:52:43.122+0000] {base.py:73} INFO - Using connection ID 'postgres_con' for task execution.
[2023-10-04T11:52:43.201+0000] {base.py:73} INFO - Using connection ID 'postgres_con' for task execution.
[2023-10-04T11:52:43.273+0000] {base.py:73} INFO - Using connection ID 'postgres_con' for task execution.
[2023-10-04T11:52:43.344+0000] {base.py:73} INFO - Using connection ID 'postgres_con' for task execution.
[2023-10-04T11:52:43.409+0000] {base.py:73} INFO - Using connection ID 'postgres_con' for task execution.
[2023-10-04T11:52:43.488+0000] {base.py:73} INFO - Using connection ID 'postgres_con' for task execution.
[2023-10-04T11:52:43.565+0000] {base.py:73} INFO - Using connection ID 'postgres_con' for task execution.
[2023-10-04T11:52:43.632+0000] {base.py:73} INFO - Using connection ID 'postgres_con' for task execution.
[2023-10-04T11:52:43.696+0000] {base.py:73} INFO - Using connection ID 'postgres_con' for task execution.
[2023-10-04T11:52:43.764+0000] {base.py:73} INFO - Using connection ID 'postgres_con' for task execution.
[2023-10-04T11:52:43.830+0000] {base.py:73} INFO - Using connection ID 'postgres_con' for task execution.
[2023-10-04T11:52:43.900+0000] {base.py:73} INFO - Using connection ID 'postgres_con' for task execution.
[2023-10-04T11:52:43.978+0000] {base.py:73} INFO - Using connection ID 'postgres_con' for task execution.
[2023-10-04T11:52:44.061+0000] {base.py:73} INFO - Using connection ID 'postgres_con' for task execution.
[2023-10-04T11:52:44.144+0000] {base.py:73} INFO - Using connection ID 'postgres_con' for task execution.
[2023-10-04T11:52:44.210+0000] {base.py:73} INFO - Using connection ID 'postgres_con' for task execution.
[2023-10-04T11:52:44.275+0000] {base.py:73} INFO - Using connection ID 'postgres_con' for task execution.
[2023-10-04T11:52:44.339+0000] {base.py:73} INFO - Using connection ID 'postgres_con' for task execution.
[2023-10-04T11:52:44.402+0000] {base.py:73} INFO - Using connection ID 'postgres_con' for task execution.
[2023-10-04T11:52:44.469+0000] {base.py:73} INFO - Using connection ID 'postgres_con' for task execution.
[2023-10-04T11:52:44.534+0000] {base.py:73} INFO - Using connection ID 'postgres_con' for task execution.
[2023-10-04T11:52:44.605+0000] {base.py:73} INFO - Using connection ID 'postgres_con' for task execution.
[2023-10-04T11:52:44.672+0000] {base.py:73} INFO - Using connection ID 'postgres_con' for task execution.
[2023-10-04T11:52:44.737+0000] {base.py:73} INFO - Using connection ID 'postgres_con' for task execution.
[2023-10-04T11:52:44.798+0000] {base.py:73} INFO - Using connection ID 'postgres_con' for task execution.
[2023-10-04T11:52:44.865+0000] {base.py:73} INFO - Using connection ID 'postgres_con' for task execution.
[2023-10-04T11:52:44.984+0000] {base.py:73} INFO - Using connection ID 'postgres_con' for task execution.
[2023-10-04T11:52:45.057+0000] {base.py:73} INFO - Using connection ID 'postgres_con' for task execution.
[2023-10-04T11:52:45.120+0000] {base.py:73} INFO - Using connection ID 'postgres_con' for task execution.
[2023-10-04T11:52:45.184+0000] {base.py:73} INFO - Using connection ID 'postgres_con' for task execution.
[2023-10-04T11:52:45.248+0000] {base.py:73} INFO - Using connection ID 'postgres_con' for task execution.
[2023-10-04T11:52:45.312+0000] {base.py:73} INFO - Using connection ID 'postgres_con' for task execution.
[2023-10-04T11:52:45.375+0000] {base.py:73} INFO - Using connection ID 'postgres_con' for task execution.
[2023-10-04T11:52:45.436+0000] {base.py:73} INFO - Using connection ID 'postgres_con' for task execution.
[2023-10-04T11:52:45.497+0000] {base.py:73} INFO - Using connection ID 'postgres_con' for task execution.
[2023-10-04T11:52:45.564+0000] {base.py:73} INFO - Using connection ID 'postgres_con' for task execution.
[2023-10-04T11:52:45.629+0000] {base.py:73} INFO - Using connection ID 'postgres_con' for task execution.
[2023-10-04T11:52:45.693+0000] {base.py:73} INFO - Using connection ID 'postgres_con' for task execution.
[2023-10-04T11:52:45.756+0000] {base.py:73} INFO - Using connection ID 'postgres_con' for task execution.
[2023-10-04T11:52:45.824+0000] {base.py:73} INFO - Using connection ID 'postgres_con' for task execution.
[2023-10-04T11:52:45.890+0000] {base.py:73} INFO - Using connection ID 'postgres_con' for task execution.
[2023-10-04T11:52:45.956+0000] {base.py:73} INFO - Using connection ID 'postgres_con' for task execution.
[2023-10-04T11:52:46.034+0000] {base.py:73} INFO - Using connection ID 'postgres_con' for task execution.
[2023-10-04T11:52:46.110+0000] {base.py:73} INFO - Using connection ID 'postgres_con' for task execution.
[2023-10-04T11:52:46.184+0000] {base.py:73} INFO - Using connection ID 'postgres_con' for task execution.
[2023-10-04T11:52:46.251+0000] {base.py:73} INFO - Using connection ID 'postgres_con' for task execution.
[2023-10-04T11:52:46.314+0000] {base.py:73} INFO - Using connection ID 'postgres_con' for task execution.
[2023-10-04T11:52:46.376+0000] {base.py:73} INFO - Using connection ID 'postgres_con' for task execution.
[2023-10-04T11:52:46.438+0000] {base.py:73} INFO - Using connection ID 'postgres_con' for task execution.
[2023-10-04T11:52:46.500+0000] {base.py:73} INFO - Using connection ID 'postgres_con' for task execution.
[2023-10-04T11:52:46.564+0000] {base.py:73} INFO - Using connection ID 'postgres_con' for task execution.
[2023-10-04T11:52:46.626+0000] {base.py:73} INFO - Using connection ID 'postgres_con' for task execution.
[2023-10-04T11:52:46.689+0000] {base.py:73} INFO - Using connection ID 'postgres_con' for task execution.
[2023-10-04T11:52:46.750+0000] {base.py:73} INFO - Using connection ID 'postgres_con' for task execution.
[2023-10-04T11:52:46.821+0000] {base.py:73} INFO - Using connection ID 'postgres_con' for task execution.
[2023-10-04T11:52:46.887+0000] {base.py:73} INFO - Using connection ID 'postgres_con' for task execution.
[2023-10-04T11:52:46.947+0000] {base.py:73} INFO - Using connection ID 'postgres_con' for task execution.
[2023-10-04T11:52:47.007+0000] {base.py:73} INFO - Using connection ID 'postgres_con' for task execution.
[2023-10-04T11:52:47.070+0000] {base.py:73} INFO - Using connection ID 'postgres_con' for task execution.
[2023-10-04T11:52:47.142+0000] {base.py:73} INFO - Using connection ID 'postgres_con' for task execution.
[2023-10-04T11:52:47.225+0000] {base.py:73} INFO - Using connection ID 'postgres_con' for task execution.
[2023-10-04T11:52:47.309+0000] {base.py:73} INFO - Using connection ID 'postgres_con' for task execution.
[2023-10-04T11:52:47.384+0000] {base.py:73} INFO - Using connection ID 'postgres_con' for task execution.
[2023-10-04T11:52:47.459+0000] {base.py:73} INFO - Using connection ID 'postgres_con' for task execution.
[2023-10-04T11:52:47.527+0000] {base.py:73} INFO - Using connection ID 'postgres_con' for task execution.
[2023-10-04T11:52:47.587+0000] {base.py:73} INFO - Using connection ID 'postgres_con' for task execution.
[2023-10-04T11:52:47.649+0000] {base.py:73} INFO - Using connection ID 'postgres_con' for task execution.
[2023-10-04T11:52:47.713+0000] {base.py:73} INFO - Using connection ID 'postgres_con' for task execution.
[2023-10-04T11:52:47.775+0000] {base.py:73} INFO - Using connection ID 'postgres_con' for task execution.
[2023-10-04T11:52:47.839+0000] {base.py:73} INFO - Using connection ID 'postgres_con' for task execution.
[2023-10-04T11:52:47.906+0000] {base.py:73} INFO - Using connection ID 'postgres_con' for task execution.
[2023-10-04T11:52:47.967+0000] {base.py:73} INFO - Using connection ID 'postgres_con' for task execution.
[2023-10-04T11:52:48.027+0000] {base.py:73} INFO - Using connection ID 'postgres_con' for task execution.
[2023-10-04T11:52:48.088+0000] {base.py:73} INFO - Using connection ID 'postgres_con' for task execution.
[2023-10-04T11:52:48.150+0000] {base.py:73} INFO - Using connection ID 'postgres_con' for task execution.
[2023-10-04T11:52:48.212+0000] {base.py:73} INFO - Using connection ID 'postgres_con' for task execution.
[2023-10-04T11:52:48.274+0000] {base.py:73} INFO - Using connection ID 'postgres_con' for task execution.
[2023-10-04T11:52:48.341+0000] {base.py:73} INFO - Using connection ID 'postgres_con' for task execution.
[2023-10-04T11:52:48.404+0000] {base.py:73} INFO - Using connection ID 'postgres_con' for task execution.
[2023-10-04T11:52:48.479+0000] {base.py:73} INFO - Using connection ID 'postgres_con' for task execution.
[2023-10-04T11:52:48.549+0000] {base.py:73} INFO - Using connection ID 'postgres_con' for task execution.
[2023-10-04T11:52:48.610+0000] {base.py:73} INFO - Using connection ID 'postgres_con' for task execution.
[2023-10-04T11:52:48.671+0000] {base.py:73} INFO - Using connection ID 'postgres_con' for task execution.
[2023-10-04T11:52:48.732+0000] {base.py:73} INFO - Using connection ID 'postgres_con' for task execution.
[2023-10-04T11:52:48.794+0000] {base.py:73} INFO - Using connection ID 'postgres_con' for task execution.
[2023-10-04T11:52:48.885+0000] {base.py:73} INFO - Using connection ID 'postgres_con' for task execution.
[2023-10-04T11:52:48.948+0000] {base.py:73} INFO - Using connection ID 'postgres_con' for task execution.
[2023-10-04T11:52:49.010+0000] {base.py:73} INFO - Using connection ID 'postgres_con' for task execution.
[2023-10-04T11:52:49.072+0000] {base.py:73} INFO - Using connection ID 'postgres_con' for task execution.
[2023-10-04T11:52:49.140+0000] {base.py:73} INFO - Using connection ID 'postgres_con' for task execution.
[2023-10-04T11:52:49.229+0000] {base.py:73} INFO - Using connection ID 'postgres_con' for task execution.
[2023-10-04T11:52:49.301+0000] {base.py:73} INFO - Using connection ID 'postgres_con' for task execution.
[2023-10-04T11:52:49.364+0000] {base.py:73} INFO - Using connection ID 'postgres_con' for task execution.
[2023-10-04T11:52:49.427+0000] {base.py:73} INFO - Using connection ID 'postgres_con' for task execution.
[2023-10-04T11:52:49.491+0000] {base.py:73} INFO - Using connection ID 'postgres_con' for task execution.
[2023-10-04T11:52:49.577+0000] {base.py:73} INFO - Using connection ID 'postgres_con' for task execution.
[2023-10-04T11:52:49.678+0000] {base.py:73} INFO - Using connection ID 'postgres_con' for task execution.
[2023-10-04T11:52:49.746+0000] {base.py:73} INFO - Using connection ID 'postgres_con' for task execution.
[2023-10-04T11:52:49.828+0000] {base.py:73} INFO - Using connection ID 'postgres_con' for task execution.
[2023-10-04T11:52:49.901+0000] {base.py:73} INFO - Using connection ID 'postgres_con' for task execution.
[2023-10-04T11:52:49.989+0000] {base.py:73} INFO - Using connection ID 'postgres_con' for task execution.
[2023-10-04T11:52:50.069+0000] {base.py:73} INFO - Using connection ID 'postgres_con' for task execution.
[2023-10-04T11:52:50.181+0000] {base.py:73} INFO - Using connection ID 'postgres_con' for task execution.
[2023-10-04T11:52:50.250+0000] {base.py:73} INFO - Using connection ID 'postgres_con' for task execution.
[2023-10-04T11:52:50.313+0000] {base.py:73} INFO - Using connection ID 'postgres_con' for task execution.
[2023-10-04T11:52:50.376+0000] {base.py:73} INFO - Using connection ID 'postgres_con' for task execution.
[2023-10-04T11:52:50.441+0000] {base.py:73} INFO - Using connection ID 'postgres_con' for task execution.
[2023-10-04T11:52:50.513+0000] {base.py:73} INFO - Using connection ID 'postgres_con' for task execution.
[2023-10-04T11:52:50.575+0000] {base.py:73} INFO - Using connection ID 'postgres_con' for task execution.
[2023-10-04T11:52:50.639+0000] {base.py:73} INFO - Using connection ID 'postgres_con' for task execution.
[2023-10-04T11:52:50.709+0000] {base.py:73} INFO - Using connection ID 'postgres_con' for task execution.
[2023-10-04T11:52:50.775+0000] {base.py:73} INFO - Using connection ID 'postgres_con' for task execution.
[2023-10-04T11:52:50.840+0000] {base.py:73} INFO - Using connection ID 'postgres_con' for task execution.
[2023-10-04T11:52:50.913+0000] {base.py:73} INFO - Using connection ID 'postgres_con' for task execution.
[2023-10-04T11:52:50.984+0000] {base.py:73} INFO - Using connection ID 'postgres_con' for task execution.
[2023-10-04T11:52:51.053+0000] {base.py:73} INFO - Using connection ID 'postgres_con' for task execution.
[2023-10-04T11:52:51.133+0000] {base.py:73} INFO - Using connection ID 'postgres_con' for task execution.
[2023-10-04T11:52:51.222+0000] {base.py:73} INFO - Using connection ID 'postgres_con' for task execution.
[2023-10-04T11:52:51.291+0000] {base.py:73} INFO - Using connection ID 'postgres_con' for task execution.
[2023-10-04T11:52:51.356+0000] {base.py:73} INFO - Using connection ID 'postgres_con' for task execution.
[2023-10-04T11:52:51.418+0000] {base.py:73} INFO - Using connection ID 'postgres_con' for task execution.
[2023-10-04T11:52:51.497+0000] {base.py:73} INFO - Using connection ID 'postgres_con' for task execution.
[2023-10-04T11:52:51.572+0000] {base.py:73} INFO - Using connection ID 'postgres_con' for task execution.
[2023-10-04T11:52:51.656+0000] {base.py:73} INFO - Using connection ID 'postgres_con' for task execution.
[2023-10-04T11:52:51.719+0000] {base.py:73} INFO - Using connection ID 'postgres_con' for task execution.
[2023-10-04T11:52:51.782+0000] {base.py:73} INFO - Using connection ID 'postgres_con' for task execution.
[2023-10-04T11:52:51.848+0000] {base.py:73} INFO - Using connection ID 'postgres_con' for task execution.
[2023-10-04T11:52:51.925+0000] {base.py:73} INFO - Using connection ID 'postgres_con' for task execution.
[2023-10-04T11:52:51.997+0000] {base.py:73} INFO - Using connection ID 'postgres_con' for task execution.
[2023-10-04T11:52:52.066+0000] {base.py:73} INFO - Using connection ID 'postgres_con' for task execution.
[2023-10-04T11:52:52.136+0000] {base.py:73} INFO - Using connection ID 'postgres_con' for task execution.
[2023-10-04T11:52:52.221+0000] {base.py:73} INFO - Using connection ID 'postgres_con' for task execution.
[2023-10-04T11:52:52.287+0000] {base.py:73} INFO - Using connection ID 'postgres_con' for task execution.
[2023-10-04T11:52:52.353+0000] {base.py:73} INFO - Using connection ID 'postgres_con' for task execution.
[2023-10-04T11:52:52.416+0000] {base.py:73} INFO - Using connection ID 'postgres_con' for task execution.
[2023-10-04T11:52:52.484+0000] {base.py:73} INFO - Using connection ID 'postgres_con' for task execution.
[2023-10-04T11:52:52.557+0000] {base.py:73} INFO - Using connection ID 'postgres_con' for task execution.
[2023-10-04T11:52:52.621+0000] {base.py:73} INFO - Using connection ID 'postgres_con' for task execution.
[2023-10-04T11:52:52.683+0000] {base.py:73} INFO - Using connection ID 'postgres_con' for task execution.
[2023-10-04T11:52:52.748+0000] {base.py:73} INFO - Using connection ID 'postgres_con' for task execution.
[2023-10-04T11:52:52.813+0000] {base.py:73} INFO - Using connection ID 'postgres_con' for task execution.
[2023-10-04T11:52:52.890+0000] {base.py:73} INFO - Using connection ID 'postgres_con' for task execution.
[2023-10-04T11:52:52.962+0000] {base.py:73} INFO - Using connection ID 'postgres_con' for task execution.
[2023-10-04T11:52:53.028+0000] {base.py:73} INFO - Using connection ID 'postgres_con' for task execution.
[2023-10-04T11:52:53.116+0000] {base.py:73} INFO - Using connection ID 'postgres_con' for task execution.
[2023-10-04T11:52:53.262+0000] {base.py:73} INFO - Using connection ID 'postgres_con' for task execution.
[2023-10-04T11:52:53.361+0000] {base.py:73} INFO - Using connection ID 'postgres_con' for task execution.
[2023-10-04T11:52:53.445+0000] {base.py:73} INFO - Using connection ID 'postgres_con' for task execution.
[2023-10-04T11:52:53.537+0000] {base.py:73} INFO - Using connection ID 'postgres_con' for task execution.
[2023-10-04T11:52:53.609+0000] {base.py:73} INFO - Using connection ID 'postgres_con' for task execution.
[2023-10-04T11:52:53.673+0000] {base.py:73} INFO - Using connection ID 'postgres_con' for task execution.
[2023-10-04T11:52:53.740+0000] {base.py:73} INFO - Using connection ID 'postgres_con' for task execution.
[2023-10-04T11:52:53.802+0000] {base.py:73} INFO - Using connection ID 'postgres_con' for task execution.
[2023-10-04T11:52:53.867+0000] {base.py:73} INFO - Using connection ID 'postgres_con' for task execution.
[2023-10-04T11:52:53.936+0000] {base.py:73} INFO - Using connection ID 'postgres_con' for task execution.
[2023-10-04T11:52:54.017+0000] {base.py:73} INFO - Using connection ID 'postgres_con' for task execution.
[2023-10-04T11:52:54.086+0000] {base.py:73} INFO - Using connection ID 'postgres_con' for task execution.
[2023-10-04T11:52:54.149+0000] {base.py:73} INFO - Using connection ID 'postgres_con' for task execution.
[2023-10-04T11:52:54.210+0000] {base.py:73} INFO - Using connection ID 'postgres_con' for task execution.
[2023-10-04T11:52:54.277+0000] {base.py:73} INFO - Using connection ID 'postgres_con' for task execution.
[2023-10-04T11:52:54.346+0000] {base.py:73} INFO - Using connection ID 'postgres_con' for task execution.
[2023-10-04T11:52:54.407+0000] {base.py:73} INFO - Using connection ID 'postgres_con' for task execution.
[2023-10-04T11:52:54.474+0000] {base.py:73} INFO - Using connection ID 'postgres_con' for task execution.
[2023-10-04T11:52:54.538+0000] {base.py:73} INFO - Using connection ID 'postgres_con' for task execution.
[2023-10-04T11:52:54.604+0000] {base.py:73} INFO - Using connection ID 'postgres_con' for task execution.
[2023-10-04T11:52:54.667+0000] {base.py:73} INFO - Using connection ID 'postgres_con' for task execution.
[2023-10-04T11:52:54.731+0000] {base.py:73} INFO - Using connection ID 'postgres_con' for task execution.
[2023-10-04T11:52:54.798+0000] {base.py:73} INFO - Using connection ID 'postgres_con' for task execution.
[2023-10-04T11:52:54.860+0000] {base.py:73} INFO - Using connection ID 'postgres_con' for task execution.
[2023-10-04T11:52:54.924+0000] {base.py:73} INFO - Using connection ID 'postgres_con' for task execution.
[2023-10-04T11:52:54.989+0000] {base.py:73} INFO - Using connection ID 'postgres_con' for task execution.
[2023-10-04T11:52:55.053+0000] {base.py:73} INFO - Using connection ID 'postgres_con' for task execution.
[2023-10-04T11:52:55.130+0000] {base.py:73} INFO - Using connection ID 'postgres_con' for task execution.
[2023-10-04T11:52:55.206+0000] {base.py:73} INFO - Using connection ID 'postgres_con' for task execution.
[2023-10-04T11:52:55.268+0000] {base.py:73} INFO - Using connection ID 'postgres_con' for task execution.
[2023-10-04T11:52:55.331+0000] {base.py:73} INFO - Using connection ID 'postgres_con' for task execution.
[2023-10-04T11:52:55.391+0000] {base.py:73} INFO - Using connection ID 'postgres_con' for task execution.
[2023-10-04T11:52:55.452+0000] {base.py:73} INFO - Using connection ID 'postgres_con' for task execution.
[2023-10-04T11:52:55.512+0000] {base.py:73} INFO - Using connection ID 'postgres_con' for task execution.
[2023-10-04T11:52:55.576+0000] {base.py:73} INFO - Using connection ID 'postgres_con' for task execution.
[2023-10-04T11:52:55.639+0000] {base.py:73} INFO - Using connection ID 'postgres_con' for task execution.
[2023-10-04T11:52:55.701+0000] {base.py:73} INFO - Using connection ID 'postgres_con' for task execution.
[2023-10-04T11:52:55.764+0000] {base.py:73} INFO - Using connection ID 'postgres_con' for task execution.
[2023-10-04T11:52:55.834+0000] {base.py:73} INFO - Using connection ID 'postgres_con' for task execution.
[2023-10-04T11:52:55.901+0000] {base.py:73} INFO - Using connection ID 'postgres_con' for task execution.
[2023-10-04T11:52:55.963+0000] {base.py:73} INFO - Using connection ID 'postgres_con' for task execution.
[2023-10-04T11:52:56.026+0000] {base.py:73} INFO - Using connection ID 'postgres_con' for task execution.
[2023-10-04T11:52:56.090+0000] {base.py:73} INFO - Using connection ID 'postgres_con' for task execution.
[2023-10-04T11:52:56.154+0000] {base.py:73} INFO - Using connection ID 'postgres_con' for task execution.
[2023-10-04T11:52:56.215+0000] {base.py:73} INFO - Using connection ID 'postgres_con' for task execution.
