[2023-09-04T13:27:48.212+0000] {taskinstance.py:1159} INFO - Dependencies all met for dep_context=non-requeueable deps ti=<TaskInstance: dag_parser.extract scheduled__2023-09-03T04:00:00+00:00 [queued]>
[2023-09-04T13:27:48.226+0000] {taskinstance.py:1159} INFO - Dependencies all met for dep_context=requeueable deps ti=<TaskInstance: dag_parser.extract scheduled__2023-09-03T04:00:00+00:00 [queued]>
[2023-09-04T13:27:48.235+0000] {taskinstance.py:1361} INFO - Starting attempt 1 of 3
[2023-09-04T13:27:48.248+0000] {taskinstance.py:1382} INFO - Executing <Task(_PythonDecoratedOperator): extract> on 2023-09-03 04:00:00+00:00
[2023-09-04T13:27:48.288+0000] {standard_task_runner.py:57} INFO - Started process 50 to run task
[2023-09-04T13:27:48.298+0000] {standard_task_runner.py:84} INFO - Running: ['***', 'tasks', 'run', 'dag_parser', 'extract', 'scheduled__2023-09-03T04:00:00+00:00', '--job-id', '195', '--raw', '--subdir', 'DAGS_FOLDER/dag_parser.py', '--cfg-path', '/tmp/tmpv36cdlop']
[2023-09-04T13:27:48.301+0000] {standard_task_runner.py:85} INFO - Job 195: Subtask extract
[2023-09-04T13:27:48.422+0000] {task_command.py:415} INFO - Running <TaskInstance: dag_parser.extract scheduled__2023-09-03T04:00:00+00:00 [running]> on host 053cef951b1f
[2023-09-04T13:27:48.494+0000] {taskinstance.py:1660} INFO - Exporting env vars: AIRFLOW_CTX_DAG_OWNER='oleg' AIRFLOW_CTX_DAG_ID='dag_parser' AIRFLOW_CTX_TASK_ID='extract' AIRFLOW_CTX_EXECUTION_DATE='2023-09-03T04:00:00+00:00' AIRFLOW_CTX_TRY_NUMBER='1' AIRFLOW_CTX_DAG_RUN_ID='scheduled__2023-09-03T04:00:00+00:00'
[2023-09-04T13:28:15.954+0000] {python.py:194} INFO - Done. Returned value was:            id  premium  ... immediate_redirect_url immediate_redirect_vacancy_id
0    85897605    False  ...                    NaN                           NaN
1    86077725    False  ...                    NaN                           NaN
2    81917403    False  ...                    NaN                           NaN
3    85777530    False  ...                    NaN                           NaN
4    85900156    False  ...                    NaN                           NaN
..        ...      ...  ...                    ...                           ...
779  84292737    False  ...                    NaN                           NaN
780  84292743    False  ...                    NaN                           NaN
781  84292740    False  ...                    NaN                           NaN
782  84292739    False  ...                    NaN                           NaN
783  86176662    False  ...                    NaN                           NaN

[784 rows x 38 columns]
[2023-09-04T13:28:16.163+0000] {taskinstance.py:1400} INFO - Marking task as SUCCESS. dag_id=dag_parser, task_id=extract, execution_date=20230903T040000, start_date=20230904T132748, end_date=20230904T132816
[2023-09-04T13:28:16.198+0000] {local_task_job_runner.py:228} INFO - Task exited with return code 0
[2023-09-04T13:28:16.237+0000] {taskinstance.py:2784} INFO - 1 downstream tasks scheduled from follow-on schedule check
