[2023-08-30T17:15:29.232+0000] {taskinstance.py:1159} INFO - Dependencies all met for dep_context=non-requeueable deps ti=<TaskInstance: dag_parser.transform manual__2023-08-30T17:14:54.128496+00:00 [queued]>
[2023-08-30T17:15:29.239+0000] {taskinstance.py:1159} INFO - Dependencies all met for dep_context=requeueable deps ti=<TaskInstance: dag_parser.transform manual__2023-08-30T17:14:54.128496+00:00 [queued]>
[2023-08-30T17:15:29.240+0000] {taskinstance.py:1361} INFO - Starting attempt 1 of 3
[2023-08-30T17:15:29.249+0000] {taskinstance.py:1382} INFO - Executing <Task(_PythonDecoratedOperator): transform> on 2023-08-30 17:14:54.128496+00:00
[2023-08-30T17:15:29.261+0000] {standard_task_runner.py:57} INFO - Started process 164 to run task
[2023-08-30T17:15:29.265+0000] {standard_task_runner.py:84} INFO - Running: ['***', 'tasks', 'run', 'dag_parser', 'transform', 'manual__2023-08-30T17:14:54.128496+00:00', '--job-id', '75', '--raw', '--subdir', 'DAGS_FOLDER/dag_parser.py', '--cfg-path', '/tmp/tmpvd9pdysl']
[2023-08-30T17:15:29.267+0000] {standard_task_runner.py:85} INFO - Job 75: Subtask transform
[2023-08-30T17:15:29.336+0000] {task_command.py:415} INFO - Running <TaskInstance: dag_parser.transform manual__2023-08-30T17:14:54.128496+00:00 [running]> on host a0407cf7b722
[2023-08-30T17:15:29.597+0000] {taskinstance.py:1660} INFO - Exporting env vars: AIRFLOW_CTX_DAG_OWNER='oleg' AIRFLOW_CTX_DAG_ID='dag_parser' AIRFLOW_CTX_TASK_ID='transform' AIRFLOW_CTX_EXECUTION_DATE='2023-08-30T17:14:54.128496+00:00' AIRFLOW_CTX_TRY_NUMBER='1' AIRFLOW_CTX_DAG_RUN_ID='manual__2023-08-30T17:14:54.128496+00:00'
[2023-08-30T17:15:29.828+0000] {base.py:73} INFO - Using connection ID 'postgres_con' for task execution.
[2023-08-30T17:15:29.875+0000] {warnings.py:109} WARNING - /home/***/.local/lib/python3.8/site-packages/***/providers/common/sql/hooks/sql.py:219: UserWarning: pandas only supports SQLAlchemy connectable (engine/connection) or database string URI or sqlite3 DBAPI2 connection. Other DBAPI2 objects are not tested. Please consider using SQLAlchemy.
  return psql.read_sql(sql, con=conn, params=parameters, **kwargs)

[2023-08-30T17:15:30.460+0000] {base.py:73} INFO - Using connection ID 'postgres_con' for task execution.
[2023-08-30T17:15:30.507+0000] {base.py:73} INFO - Using connection ID 'postgres_con' for task execution.
[2023-08-30T17:15:30.555+0000] {base.py:73} INFO - Using connection ID 'postgres_con' for task execution.
[2023-08-30T17:15:30.600+0000] {base.py:73} INFO - Using connection ID 'postgres_con' for task execution.
[2023-08-30T17:15:30.643+0000] {base.py:73} INFO - Using connection ID 'postgres_con' for task execution.
[2023-08-30T17:15:30.693+0000] {base.py:73} INFO - Using connection ID 'postgres_con' for task execution.
[2023-08-30T17:15:30.734+0000] {base.py:73} INFO - Using connection ID 'postgres_con' for task execution.
[2023-08-30T17:15:30.781+0000] {base.py:73} INFO - Using connection ID 'postgres_con' for task execution.
[2023-08-30T17:15:30.826+0000] {base.py:73} INFO - Using connection ID 'postgres_con' for task execution.
[2023-08-30T17:15:30.868+0000] {base.py:73} INFO - Using connection ID 'postgres_con' for task execution.
[2023-08-30T17:15:30.909+0000] {base.py:73} INFO - Using connection ID 'postgres_con' for task execution.
[2023-08-30T17:15:30.964+0000] {base.py:73} INFO - Using connection ID 'postgres_con' for task execution.
[2023-08-30T17:15:31.023+0000] {base.py:73} INFO - Using connection ID 'postgres_con' for task execution.
[2023-08-30T17:15:31.071+0000] {base.py:73} INFO - Using connection ID 'postgres_con' for task execution.
[2023-08-30T17:15:31.188+0000] {base.py:73} INFO - Using connection ID 'postgres_con' for task execution.
[2023-08-30T17:15:31.275+0000] {base.py:73} INFO - Using connection ID 'postgres_con' for task execution.
[2023-08-30T17:15:31.336+0000] {base.py:73} INFO - Using connection ID 'postgres_con' for task execution.
[2023-08-30T17:15:31.382+0000] {base.py:73} INFO - Using connection ID 'postgres_con' for task execution.
[2023-08-30T17:15:31.424+0000] {base.py:73} INFO - Using connection ID 'postgres_con' for task execution.
[2023-08-30T17:15:31.468+0000] {base.py:73} INFO - Using connection ID 'postgres_con' for task execution.
[2023-08-30T17:15:31.531+0000] {base.py:73} INFO - Using connection ID 'postgres_con' for task execution.
[2023-08-30T17:15:31.581+0000] {base.py:73} INFO - Using connection ID 'postgres_con' for task execution.
[2023-08-30T17:15:31.631+0000] {base.py:73} INFO - Using connection ID 'postgres_con' for task execution.
[2023-08-30T17:15:31.673+0000] {base.py:73} INFO - Using connection ID 'postgres_con' for task execution.
[2023-08-30T17:15:31.716+0000] {base.py:73} INFO - Using connection ID 'postgres_con' for task execution.
[2023-08-30T17:15:31.765+0000] {base.py:73} INFO - Using connection ID 'postgres_con' for task execution.
[2023-08-30T17:15:31.807+0000] {base.py:73} INFO - Using connection ID 'postgres_con' for task execution.
[2023-08-30T17:15:31.851+0000] {base.py:73} INFO - Using connection ID 'postgres_con' for task execution.
[2023-08-30T17:15:31.894+0000] {base.py:73} INFO - Using connection ID 'postgres_con' for task execution.
[2023-08-30T17:15:31.937+0000] {base.py:73} INFO - Using connection ID 'postgres_con' for task execution.
[2023-08-30T17:15:31.988+0000] {base.py:73} INFO - Using connection ID 'postgres_con' for task execution.
[2023-08-30T17:15:32.063+0000] {base.py:73} INFO - Using connection ID 'postgres_con' for task execution.
[2023-08-30T17:15:32.116+0000] {base.py:73} INFO - Using connection ID 'postgres_con' for task execution.
[2023-08-30T17:15:32.160+0000] {base.py:73} INFO - Using connection ID 'postgres_con' for task execution.
[2023-08-30T17:15:32.202+0000] {base.py:73} INFO - Using connection ID 'postgres_con' for task execution.
[2023-08-30T17:15:32.248+0000] {base.py:73} INFO - Using connection ID 'postgres_con' for task execution.
[2023-08-30T17:15:32.294+0000] {base.py:73} INFO - Using connection ID 'postgres_con' for task execution.
[2023-08-30T17:15:32.338+0000] {base.py:73} INFO - Using connection ID 'postgres_con' for task execution.
[2023-08-30T17:15:32.390+0000] {base.py:73} INFO - Using connection ID 'postgres_con' for task execution.
[2023-08-30T17:15:32.436+0000] {base.py:73} INFO - Using connection ID 'postgres_con' for task execution.
[2023-08-30T17:15:32.479+0000] {base.py:73} INFO - Using connection ID 'postgres_con' for task execution.
[2023-08-30T17:15:32.522+0000] {base.py:73} INFO - Using connection ID 'postgres_con' for task execution.
[2023-08-30T17:15:32.575+0000] {base.py:73} INFO - Using connection ID 'postgres_con' for task execution.
[2023-08-30T17:15:32.631+0000] {base.py:73} INFO - Using connection ID 'postgres_con' for task execution.
[2023-08-30T17:15:32.696+0000] {base.py:73} INFO - Using connection ID 'postgres_con' for task execution.
[2023-08-30T17:15:32.748+0000] {base.py:73} INFO - Using connection ID 'postgres_con' for task execution.
[2023-08-30T17:15:32.798+0000] {base.py:73} INFO - Using connection ID 'postgres_con' for task execution.
[2023-08-30T17:15:32.845+0000] {base.py:73} INFO - Using connection ID 'postgres_con' for task execution.
[2023-08-30T17:15:32.890+0000] {base.py:73} INFO - Using connection ID 'postgres_con' for task execution.
[2023-08-30T17:15:32.934+0000] {base.py:73} INFO - Using connection ID 'postgres_con' for task execution.
[2023-08-30T17:15:32.987+0000] {base.py:73} INFO - Using connection ID 'postgres_con' for task execution.
[2023-08-30T17:15:33.033+0000] {base.py:73} INFO - Using connection ID 'postgres_con' for task execution.
[2023-08-30T17:15:33.077+0000] {base.py:73} INFO - Using connection ID 'postgres_con' for task execution.
[2023-08-30T17:15:33.122+0000] {base.py:73} INFO - Using connection ID 'postgres_con' for task execution.
[2023-08-30T17:15:33.174+0000] {base.py:73} INFO - Using connection ID 'postgres_con' for task execution.
[2023-08-30T17:15:33.224+0000] {base.py:73} INFO - Using connection ID 'postgres_con' for task execution.
[2023-08-30T17:15:33.270+0000] {base.py:73} INFO - Using connection ID 'postgres_con' for task execution.
[2023-08-30T17:15:33.316+0000] {base.py:73} INFO - Using connection ID 'postgres_con' for task execution.
[2023-08-30T17:15:33.366+0000] {base.py:73} INFO - Using connection ID 'postgres_con' for task execution.
[2023-08-30T17:15:33.418+0000] {base.py:73} INFO - Using connection ID 'postgres_con' for task execution.
[2023-08-30T17:15:33.463+0000] {base.py:73} INFO - Using connection ID 'postgres_con' for task execution.
[2023-08-30T17:15:33.508+0000] {base.py:73} INFO - Using connection ID 'postgres_con' for task execution.
[2023-08-30T17:15:33.554+0000] {base.py:73} INFO - Using connection ID 'postgres_con' for task execution.
[2023-08-30T17:15:33.605+0000] {base.py:73} INFO - Using connection ID 'postgres_con' for task execution.
[2023-08-30T17:15:33.651+0000] {base.py:73} INFO - Using connection ID 'postgres_con' for task execution.
[2023-08-30T17:15:33.698+0000] {base.py:73} INFO - Using connection ID 'postgres_con' for task execution.
[2023-08-30T17:15:33.746+0000] {base.py:73} INFO - Using connection ID 'postgres_con' for task execution.
[2023-08-30T17:15:33.792+0000] {base.py:73} INFO - Using connection ID 'postgres_con' for task execution.
[2023-08-30T17:15:33.838+0000] {base.py:73} INFO - Using connection ID 'postgres_con' for task execution.
[2023-08-30T17:15:33.888+0000] {base.py:73} INFO - Using connection ID 'postgres_con' for task execution.
[2023-08-30T17:15:33.934+0000] {base.py:73} INFO - Using connection ID 'postgres_con' for task execution.
[2023-08-30T17:15:33.979+0000] {base.py:73} INFO - Using connection ID 'postgres_con' for task execution.
[2023-08-30T17:15:34.025+0000] {base.py:73} INFO - Using connection ID 'postgres_con' for task execution.
[2023-08-30T17:15:34.073+0000] {base.py:73} INFO - Using connection ID 'postgres_con' for task execution.
[2023-08-30T17:15:34.128+0000] {base.py:73} INFO - Using connection ID 'postgres_con' for task execution.
[2023-08-30T17:15:34.176+0000] {base.py:73} INFO - Using connection ID 'postgres_con' for task execution.
[2023-08-30T17:15:34.222+0000] {base.py:73} INFO - Using connection ID 'postgres_con' for task execution.
[2023-08-30T17:15:34.270+0000] {base.py:73} INFO - Using connection ID 'postgres_con' for task execution.
[2023-08-30T17:15:34.346+0000] {base.py:73} INFO - Using connection ID 'postgres_con' for task execution.
[2023-08-30T17:15:34.401+0000] {base.py:73} INFO - Using connection ID 'postgres_con' for task execution.
[2023-08-30T17:15:34.447+0000] {base.py:73} INFO - Using connection ID 'postgres_con' for task execution.
[2023-08-30T17:15:34.496+0000] {base.py:73} INFO - Using connection ID 'postgres_con' for task execution.
[2023-08-30T17:15:34.543+0000] {base.py:73} INFO - Using connection ID 'postgres_con' for task execution.
[2023-08-30T17:15:34.594+0000] {base.py:73} INFO - Using connection ID 'postgres_con' for task execution.
[2023-08-30T17:15:34.639+0000] {base.py:73} INFO - Using connection ID 'postgres_con' for task execution.
[2023-08-30T17:15:34.684+0000] {base.py:73} INFO - Using connection ID 'postgres_con' for task execution.
[2023-08-30T17:15:34.732+0000] {base.py:73} INFO - Using connection ID 'postgres_con' for task execution.
[2023-08-30T17:15:34.784+0000] {base.py:73} INFO - Using connection ID 'postgres_con' for task execution.
[2023-08-30T17:15:34.842+0000] {base.py:73} INFO - Using connection ID 'postgres_con' for task execution.
[2023-08-30T17:15:34.888+0000] {base.py:73} INFO - Using connection ID 'postgres_con' for task execution.
[2023-08-30T17:15:34.934+0000] {base.py:73} INFO - Using connection ID 'postgres_con' for task execution.
[2023-08-30T17:15:34.987+0000] {base.py:73} INFO - Using connection ID 'postgres_con' for task execution.
[2023-08-30T17:15:35.034+0000] {base.py:73} INFO - Using connection ID 'postgres_con' for task execution.
[2023-08-30T17:15:35.080+0000] {base.py:73} INFO - Using connection ID 'postgres_con' for task execution.
[2023-08-30T17:15:35.154+0000] {base.py:73} INFO - Using connection ID 'postgres_con' for task execution.
[2023-08-30T17:15:35.228+0000] {base.py:73} INFO - Using connection ID 'postgres_con' for task execution.
[2023-08-30T17:15:35.301+0000] {base.py:73} INFO - Using connection ID 'postgres_con' for task execution.
[2023-08-30T17:15:35.353+0000] {base.py:73} INFO - Using connection ID 'postgres_con' for task execution.
[2023-08-30T17:15:35.418+0000] {base.py:73} INFO - Using connection ID 'postgres_con' for task execution.
[2023-08-30T17:15:35.474+0000] {base.py:73} INFO - Using connection ID 'postgres_con' for task execution.
[2023-08-30T17:15:35.542+0000] {base.py:73} INFO - Using connection ID 'postgres_con' for task execution.
[2023-08-30T17:15:35.589+0000] {base.py:73} INFO - Using connection ID 'postgres_con' for task execution.
[2023-08-30T17:15:35.635+0000] {base.py:73} INFO - Using connection ID 'postgres_con' for task execution.
[2023-08-30T17:15:35.681+0000] {base.py:73} INFO - Using connection ID 'postgres_con' for task execution.
[2023-08-30T17:15:35.726+0000] {base.py:73} INFO - Using connection ID 'postgres_con' for task execution.
[2023-08-30T17:15:35.776+0000] {base.py:73} INFO - Using connection ID 'postgres_con' for task execution.
[2023-08-30T17:15:35.824+0000] {base.py:73} INFO - Using connection ID 'postgres_con' for task execution.
[2023-08-30T17:15:35.870+0000] {base.py:73} INFO - Using connection ID 'postgres_con' for task execution.
[2023-08-30T17:15:35.921+0000] {base.py:73} INFO - Using connection ID 'postgres_con' for task execution.
[2023-08-30T17:15:35.977+0000] {base.py:73} INFO - Using connection ID 'postgres_con' for task execution.
[2023-08-30T17:15:36.028+0000] {base.py:73} INFO - Using connection ID 'postgres_con' for task execution.
[2023-08-30T17:15:36.079+0000] {base.py:73} INFO - Using connection ID 'postgres_con' for task execution.
[2023-08-30T17:15:36.130+0000] {base.py:73} INFO - Using connection ID 'postgres_con' for task execution.
[2023-08-30T17:15:36.176+0000] {base.py:73} INFO - Using connection ID 'postgres_con' for task execution.
[2023-08-30T17:15:36.227+0000] {base.py:73} INFO - Using connection ID 'postgres_con' for task execution.
[2023-08-30T17:15:36.275+0000] {base.py:73} INFO - Using connection ID 'postgres_con' for task execution.
[2023-08-30T17:15:36.324+0000] {base.py:73} INFO - Using connection ID 'postgres_con' for task execution.
[2023-08-30T17:15:36.381+0000] {base.py:73} INFO - Using connection ID 'postgres_con' for task execution.
[2023-08-30T17:15:36.432+0000] {base.py:73} INFO - Using connection ID 'postgres_con' for task execution.
[2023-08-30T17:15:36.480+0000] {base.py:73} INFO - Using connection ID 'postgres_con' for task execution.
[2023-08-30T17:15:36.528+0000] {base.py:73} INFO - Using connection ID 'postgres_con' for task execution.
[2023-08-30T17:15:36.575+0000] {base.py:73} INFO - Using connection ID 'postgres_con' for task execution.
[2023-08-30T17:15:36.629+0000] {base.py:73} INFO - Using connection ID 'postgres_con' for task execution.
[2023-08-30T17:15:36.681+0000] {base.py:73} INFO - Using connection ID 'postgres_con' for task execution.
[2023-08-30T17:15:36.770+0000] {base.py:73} INFO - Using connection ID 'postgres_con' for task execution.
[2023-08-30T17:15:36.870+0000] {base.py:73} INFO - Using connection ID 'postgres_con' for task execution.
[2023-08-30T17:15:36.920+0000] {base.py:73} INFO - Using connection ID 'postgres_con' for task execution.
[2023-08-30T17:15:36.978+0000] {base.py:73} INFO - Using connection ID 'postgres_con' for task execution.
[2023-08-30T17:15:37.028+0000] {base.py:73} INFO - Using connection ID 'postgres_con' for task execution.
[2023-08-30T17:15:37.082+0000] {base.py:73} INFO - Using connection ID 'postgres_con' for task execution.
[2023-08-30T17:15:37.206+0000] {base.py:73} INFO - Using connection ID 'postgres_con' for task execution.
[2023-08-30T17:15:37.283+0000] {base.py:73} INFO - Using connection ID 'postgres_con' for task execution.
[2023-08-30T17:15:37.339+0000] {base.py:73} INFO - Using connection ID 'postgres_con' for task execution.
[2023-08-30T17:15:37.389+0000] {base.py:73} INFO - Using connection ID 'postgres_con' for task execution.
[2023-08-30T17:15:37.464+0000] {base.py:73} INFO - Using connection ID 'postgres_con' for task execution.
[2023-08-30T17:15:37.544+0000] {base.py:73} INFO - Using connection ID 'postgres_con' for task execution.
[2023-08-30T17:15:37.610+0000] {base.py:73} INFO - Using connection ID 'postgres_con' for task execution.
[2023-08-30T17:15:37.658+0000] {base.py:73} INFO - Using connection ID 'postgres_con' for task execution.
[2023-08-30T17:15:37.723+0000] {base.py:73} INFO - Using connection ID 'postgres_con' for task execution.
[2023-08-30T17:15:37.788+0000] {base.py:73} INFO - Using connection ID 'postgres_con' for task execution.
[2023-08-30T17:15:37.844+0000] {base.py:73} INFO - Using connection ID 'postgres_con' for task execution.
[2023-08-30T17:15:37.894+0000] {base.py:73} INFO - Using connection ID 'postgres_con' for task execution.
[2023-08-30T17:15:37.944+0000] {base.py:73} INFO - Using connection ID 'postgres_con' for task execution.
[2023-08-30T17:15:38.019+0000] {base.py:73} INFO - Using connection ID 'postgres_con' for task execution.
[2023-08-30T17:15:38.071+0000] {base.py:73} INFO - Using connection ID 'postgres_con' for task execution.
[2023-08-30T17:15:38.120+0000] {base.py:73} INFO - Using connection ID 'postgres_con' for task execution.
[2023-08-30T17:15:38.177+0000] {base.py:73} INFO - Using connection ID 'postgres_con' for task execution.
[2023-08-30T17:15:38.232+0000] {base.py:73} INFO - Using connection ID 'postgres_con' for task execution.
[2023-08-30T17:15:38.283+0000] {base.py:73} INFO - Using connection ID 'postgres_con' for task execution.
[2023-08-30T17:15:38.333+0000] {base.py:73} INFO - Using connection ID 'postgres_con' for task execution.
[2023-08-30T17:15:38.393+0000] {base.py:73} INFO - Using connection ID 'postgres_con' for task execution.
[2023-08-30T17:15:38.444+0000] {base.py:73} INFO - Using connection ID 'postgres_con' for task execution.
[2023-08-30T17:15:38.494+0000] {base.py:73} INFO - Using connection ID 'postgres_con' for task execution.
[2023-08-30T17:15:38.553+0000] {base.py:73} INFO - Using connection ID 'postgres_con' for task execution.
[2023-08-30T17:15:38.616+0000] {base.py:73} INFO - Using connection ID 'postgres_con' for task execution.
[2023-08-30T17:15:38.688+0000] {base.py:73} INFO - Using connection ID 'postgres_con' for task execution.
[2023-08-30T17:15:38.758+0000] {base.py:73} INFO - Using connection ID 'postgres_con' for task execution.
[2023-08-30T17:15:38.814+0000] {base.py:73} INFO - Using connection ID 'postgres_con' for task execution.
[2023-08-30T17:15:38.869+0000] {base.py:73} INFO - Using connection ID 'postgres_con' for task execution.
[2023-08-30T17:15:38.928+0000] {base.py:73} INFO - Using connection ID 'postgres_con' for task execution.
[2023-08-30T17:15:38.981+0000] {base.py:73} INFO - Using connection ID 'postgres_con' for task execution.
[2023-08-30T17:15:39.030+0000] {base.py:73} INFO - Using connection ID 'postgres_con' for task execution.
[2023-08-30T17:15:39.079+0000] {base.py:73} INFO - Using connection ID 'postgres_con' for task execution.
[2023-08-30T17:15:39.139+0000] {base.py:73} INFO - Using connection ID 'postgres_con' for task execution.
[2023-08-30T17:15:39.190+0000] {base.py:73} INFO - Using connection ID 'postgres_con' for task execution.
[2023-08-30T17:15:39.238+0000] {base.py:73} INFO - Using connection ID 'postgres_con' for task execution.
[2023-08-30T17:15:39.289+0000] {base.py:73} INFO - Using connection ID 'postgres_con' for task execution.
[2023-08-30T17:15:39.351+0000] {base.py:73} INFO - Using connection ID 'postgres_con' for task execution.
[2023-08-30T17:15:39.412+0000] {base.py:73} INFO - Using connection ID 'postgres_con' for task execution.
[2023-08-30T17:15:39.469+0000] {base.py:73} INFO - Using connection ID 'postgres_con' for task execution.
[2023-08-30T17:15:39.520+0000] {base.py:73} INFO - Using connection ID 'postgres_con' for task execution.
[2023-08-30T17:15:39.572+0000] {base.py:73} INFO - Using connection ID 'postgres_con' for task execution.
[2023-08-30T17:15:39.626+0000] {base.py:73} INFO - Using connection ID 'postgres_con' for task execution.
[2023-08-30T17:15:39.678+0000] {base.py:73} INFO - Using connection ID 'postgres_con' for task execution.
[2023-08-30T17:15:39.734+0000] {base.py:73} INFO - Using connection ID 'postgres_con' for task execution.
[2023-08-30T17:15:39.796+0000] {base.py:73} INFO - Using connection ID 'postgres_con' for task execution.
[2023-08-30T17:15:39.908+0000] {base.py:73} INFO - Using connection ID 'postgres_con' for task execution.
[2023-08-30T17:15:40.025+0000] {base.py:73} INFO - Using connection ID 'postgres_con' for task execution.
[2023-08-30T17:15:40.133+0000] {base.py:73} INFO - Using connection ID 'postgres_con' for task execution.
[2023-08-30T17:15:40.211+0000] {base.py:73} INFO - Using connection ID 'postgres_con' for task execution.
[2023-08-30T17:15:40.301+0000] {base.py:73} INFO - Using connection ID 'postgres_con' for task execution.
[2023-08-30T17:15:40.398+0000] {base.py:73} INFO - Using connection ID 'postgres_con' for task execution.
[2023-08-30T17:15:40.513+0000] {base.py:73} INFO - Using connection ID 'postgres_con' for task execution.
[2023-08-30T17:15:40.630+0000] {base.py:73} INFO - Using connection ID 'postgres_con' for task execution.
[2023-08-30T17:15:40.724+0000] {base.py:73} INFO - Using connection ID 'postgres_con' for task execution.
[2023-08-30T17:15:40.831+0000] {base.py:73} INFO - Using connection ID 'postgres_con' for task execution.
[2023-08-30T17:15:40.940+0000] {base.py:73} INFO - Using connection ID 'postgres_con' for task execution.
[2023-08-30T17:15:41.038+0000] {base.py:73} INFO - Using connection ID 'postgres_con' for task execution.
[2023-08-30T17:15:41.116+0000] {base.py:73} INFO - Using connection ID 'postgres_con' for task execution.
[2023-08-30T17:15:41.188+0000] {base.py:73} INFO - Using connection ID 'postgres_con' for task execution.
[2023-08-30T17:15:41.249+0000] {base.py:73} INFO - Using connection ID 'postgres_con' for task execution.
[2023-08-30T17:15:41.329+0000] {base.py:73} INFO - Using connection ID 'postgres_con' for task execution.
[2023-08-30T17:15:41.430+0000] {base.py:73} INFO - Using connection ID 'postgres_con' for task execution.
[2023-08-30T17:15:41.511+0000] {base.py:73} INFO - Using connection ID 'postgres_con' for task execution.
[2023-08-30T17:15:41.573+0000] {base.py:73} INFO - Using connection ID 'postgres_con' for task execution.
[2023-08-30T17:15:41.634+0000] {base.py:73} INFO - Using connection ID 'postgres_con' for task execution.
[2023-08-30T17:15:41.692+0000] {base.py:73} INFO - Using connection ID 'postgres_con' for task execution.
[2023-08-30T17:15:41.764+0000] {base.py:73} INFO - Using connection ID 'postgres_con' for task execution.
[2023-08-30T17:15:41.824+0000] {base.py:73} INFO - Using connection ID 'postgres_con' for task execution.
[2023-08-30T17:15:41.899+0000] {base.py:73} INFO - Using connection ID 'postgres_con' for task execution.
[2023-08-30T17:15:41.958+0000] {base.py:73} INFO - Using connection ID 'postgres_con' for task execution.
[2023-08-30T17:15:42.028+0000] {base.py:73} INFO - Using connection ID 'postgres_con' for task execution.
[2023-08-30T17:15:42.108+0000] {base.py:73} INFO - Using connection ID 'postgres_con' for task execution.
[2023-08-30T17:15:42.174+0000] {base.py:73} INFO - Using connection ID 'postgres_con' for task execution.
[2023-08-30T17:15:42.235+0000] {base.py:73} INFO - Using connection ID 'postgres_con' for task execution.
[2023-08-30T17:15:42.299+0000] {base.py:73} INFO - Using connection ID 'postgres_con' for task execution.
[2023-08-30T17:15:42.366+0000] {base.py:73} INFO - Using connection ID 'postgres_con' for task execution.
[2023-08-30T17:15:42.447+0000] {base.py:73} INFO - Using connection ID 'postgres_con' for task execution.
[2023-08-30T17:15:42.547+0000] {base.py:73} INFO - Using connection ID 'postgres_con' for task execution.
[2023-08-30T17:15:42.679+0000] {base.py:73} INFO - Using connection ID 'postgres_con' for task execution.
[2023-08-30T17:15:42.811+0000] {base.py:73} INFO - Using connection ID 'postgres_con' for task execution.
[2023-08-30T17:15:42.886+0000] {base.py:73} INFO - Using connection ID 'postgres_con' for task execution.
[2023-08-30T17:15:42.951+0000] {base.py:73} INFO - Using connection ID 'postgres_con' for task execution.
[2023-08-30T17:15:43.030+0000] {base.py:73} INFO - Using connection ID 'postgres_con' for task execution.
[2023-08-30T17:15:43.177+0000] {base.py:73} INFO - Using connection ID 'postgres_con' for task execution.
[2023-08-30T17:15:43.365+0000] {base.py:73} INFO - Using connection ID 'postgres_con' for task execution.
[2023-08-30T17:15:43.441+0000] {base.py:73} INFO - Using connection ID 'postgres_con' for task execution.
[2023-08-30T17:15:43.514+0000] {base.py:73} INFO - Using connection ID 'postgres_con' for task execution.
[2023-08-30T17:15:43.590+0000] {base.py:73} INFO - Using connection ID 'postgres_con' for task execution.
[2023-08-30T17:15:43.682+0000] {base.py:73} INFO - Using connection ID 'postgres_con' for task execution.
[2023-08-30T17:15:43.778+0000] {base.py:73} INFO - Using connection ID 'postgres_con' for task execution.
[2023-08-30T17:15:43.893+0000] {base.py:73} INFO - Using connection ID 'postgres_con' for task execution.
[2023-08-30T17:15:43.994+0000] {base.py:73} INFO - Using connection ID 'postgres_con' for task execution.
[2023-08-30T17:15:44.070+0000] {base.py:73} INFO - Using connection ID 'postgres_con' for task execution.
[2023-08-30T17:15:44.146+0000] {base.py:73} INFO - Using connection ID 'postgres_con' for task execution.
[2023-08-30T17:15:44.228+0000] {base.py:73} INFO - Using connection ID 'postgres_con' for task execution.
[2023-08-30T17:15:44.303+0000] {base.py:73} INFO - Using connection ID 'postgres_con' for task execution.
[2023-08-30T17:15:44.412+0000] {base.py:73} INFO - Using connection ID 'postgres_con' for task execution.
[2023-08-30T17:15:44.521+0000] {base.py:73} INFO - Using connection ID 'postgres_con' for task execution.
[2023-08-30T17:15:44.616+0000] {base.py:73} INFO - Using connection ID 'postgres_con' for task execution.
[2023-08-30T17:15:44.699+0000] {base.py:73} INFO - Using connection ID 'postgres_con' for task execution.
[2023-08-30T17:15:44.774+0000] {base.py:73} INFO - Using connection ID 'postgres_con' for task execution.
[2023-08-30T17:15:44.859+0000] {base.py:73} INFO - Using connection ID 'postgres_con' for task execution.
[2023-08-30T17:15:44.936+0000] {base.py:73} INFO - Using connection ID 'postgres_con' for task execution.
[2023-08-30T17:15:45.037+0000] {base.py:73} INFO - Using connection ID 'postgres_con' for task execution.
[2023-08-30T17:15:45.119+0000] {base.py:73} INFO - Using connection ID 'postgres_con' for task execution.
[2023-08-30T17:15:45.200+0000] {base.py:73} INFO - Using connection ID 'postgres_con' for task execution.
[2023-08-30T17:15:45.302+0000] {base.py:73} INFO - Using connection ID 'postgres_con' for task execution.
[2023-08-30T17:15:45.400+0000] {base.py:73} INFO - Using connection ID 'postgres_con' for task execution.
[2023-08-30T17:15:45.486+0000] {base.py:73} INFO - Using connection ID 'postgres_con' for task execution.
[2023-08-30T17:15:45.550+0000] {base.py:73} INFO - Using connection ID 'postgres_con' for task execution.
[2023-08-30T17:15:45.621+0000] {base.py:73} INFO - Using connection ID 'postgres_con' for task execution.
[2023-08-30T17:15:45.690+0000] {base.py:73} INFO - Using connection ID 'postgres_con' for task execution.
[2023-08-30T17:15:45.751+0000] {base.py:73} INFO - Using connection ID 'postgres_con' for task execution.
[2023-08-30T17:15:45.829+0000] {base.py:73} INFO - Using connection ID 'postgres_con' for task execution.
[2023-08-30T17:15:45.899+0000] {base.py:73} INFO - Using connection ID 'postgres_con' for task execution.
[2023-08-30T17:15:45.958+0000] {base.py:73} INFO - Using connection ID 'postgres_con' for task execution.
[2023-08-30T17:15:46.022+0000] {base.py:73} INFO - Using connection ID 'postgres_con' for task execution.
[2023-08-30T17:15:46.080+0000] {base.py:73} INFO - Using connection ID 'postgres_con' for task execution.
[2023-08-30T17:15:46.142+0000] {base.py:73} INFO - Using connection ID 'postgres_con' for task execution.
[2023-08-30T17:15:46.199+0000] {base.py:73} INFO - Using connection ID 'postgres_con' for task execution.
[2023-08-30T17:15:46.261+0000] {base.py:73} INFO - Using connection ID 'postgres_con' for task execution.
[2023-08-30T17:15:46.316+0000] {base.py:73} INFO - Using connection ID 'postgres_con' for task execution.
[2023-08-30T17:15:46.371+0000] {base.py:73} INFO - Using connection ID 'postgres_con' for task execution.
[2023-08-30T17:15:46.436+0000] {base.py:73} INFO - Using connection ID 'postgres_con' for task execution.
[2023-08-30T17:15:46.489+0000] {base.py:73} INFO - Using connection ID 'postgres_con' for task execution.
[2023-08-30T17:15:46.550+0000] {base.py:73} INFO - Using connection ID 'postgres_con' for task execution.
[2023-08-30T17:15:46.610+0000] {base.py:73} INFO - Using connection ID 'postgres_con' for task execution.
[2023-08-30T17:15:46.666+0000] {base.py:73} INFO - Using connection ID 'postgres_con' for task execution.
[2023-08-30T17:15:46.722+0000] {base.py:73} INFO - Using connection ID 'postgres_con' for task execution.
[2023-08-30T17:15:46.782+0000] {base.py:73} INFO - Using connection ID 'postgres_con' for task execution.
[2023-08-30T17:15:46.846+0000] {base.py:73} INFO - Using connection ID 'postgres_con' for task execution.
[2023-08-30T17:15:46.996+0000] {base.py:73} INFO - Using connection ID 'postgres_con' for task execution.
[2023-08-30T17:15:47.074+0000] {base.py:73} INFO - Using connection ID 'postgres_con' for task execution.
[2023-08-30T17:15:47.140+0000] {base.py:73} INFO - Using connection ID 'postgres_con' for task execution.
[2023-08-30T17:15:47.208+0000] {base.py:73} INFO - Using connection ID 'postgres_con' for task execution.
[2023-08-30T17:15:47.278+0000] {base.py:73} INFO - Using connection ID 'postgres_con' for task execution.
[2023-08-30T17:15:47.356+0000] {base.py:73} INFO - Using connection ID 'postgres_con' for task execution.
[2023-08-30T17:15:47.425+0000] {base.py:73} INFO - Using connection ID 'postgres_con' for task execution.
[2023-08-30T17:15:47.493+0000] {base.py:73} INFO - Using connection ID 'postgres_con' for task execution.
[2023-08-30T17:15:47.557+0000] {base.py:73} INFO - Using connection ID 'postgres_con' for task execution.
[2023-08-30T17:15:47.634+0000] {base.py:73} INFO - Using connection ID 'postgres_con' for task execution.
[2023-08-30T17:15:47.700+0000] {base.py:73} INFO - Using connection ID 'postgres_con' for task execution.
[2023-08-30T17:15:47.774+0000] {base.py:73} INFO - Using connection ID 'postgres_con' for task execution.
[2023-08-30T17:15:47.873+0000] {base.py:73} INFO - Using connection ID 'postgres_con' for task execution.
[2023-08-30T17:15:47.938+0000] {base.py:73} INFO - Using connection ID 'postgres_con' for task execution.
[2023-08-30T17:15:48.014+0000] {base.py:73} INFO - Using connection ID 'postgres_con' for task execution.
[2023-08-30T17:15:48.075+0000] {base.py:73} INFO - Using connection ID 'postgres_con' for task execution.
[2023-08-30T17:15:48.131+0000] {base.py:73} INFO - Using connection ID 'postgres_con' for task execution.
[2023-08-30T17:15:48.200+0000] {base.py:73} INFO - Using connection ID 'postgres_con' for task execution.
[2023-08-30T17:15:48.257+0000] {base.py:73} INFO - Using connection ID 'postgres_con' for task execution.
[2023-08-30T17:15:48.356+0000] {base.py:73} INFO - Using connection ID 'postgres_con' for task execution.
[2023-08-30T17:15:48.470+0000] {base.py:73} INFO - Using connection ID 'postgres_con' for task execution.
[2023-08-30T17:15:48.542+0000] {base.py:73} INFO - Using connection ID 'postgres_con' for task execution.
[2023-08-30T17:15:48.600+0000] {base.py:73} INFO - Using connection ID 'postgres_con' for task execution.
[2023-08-30T17:15:48.659+0000] {base.py:73} INFO - Using connection ID 'postgres_con' for task execution.
[2023-08-30T17:15:48.719+0000] {base.py:73} INFO - Using connection ID 'postgres_con' for task execution.
[2023-08-30T17:15:48.778+0000] {base.py:73} INFO - Using connection ID 'postgres_con' for task execution.
[2023-08-30T17:15:48.842+0000] {base.py:73} INFO - Using connection ID 'postgres_con' for task execution.
[2023-08-30T17:15:48.901+0000] {base.py:73} INFO - Using connection ID 'postgres_con' for task execution.
[2023-08-30T17:15:48.971+0000] {base.py:73} INFO - Using connection ID 'postgres_con' for task execution.
[2023-08-30T17:15:49.032+0000] {base.py:73} INFO - Using connection ID 'postgres_con' for task execution.
[2023-08-30T17:15:49.095+0000] {base.py:73} INFO - Using connection ID 'postgres_con' for task execution.
[2023-08-30T17:15:49.244+0000] {base.py:73} INFO - Using connection ID 'postgres_con' for task execution.
[2023-08-30T17:15:49.304+0000] {base.py:73} INFO - Using connection ID 'postgres_con' for task execution.
[2023-08-30T17:15:49.366+0000] {base.py:73} INFO - Using connection ID 'postgres_con' for task execution.
[2023-08-30T17:15:49.425+0000] {base.py:73} INFO - Using connection ID 'postgres_con' for task execution.
[2023-08-30T17:15:49.488+0000] {base.py:73} INFO - Using connection ID 'postgres_con' for task execution.
[2023-08-30T17:15:49.573+0000] {base.py:73} INFO - Using connection ID 'postgres_con' for task execution.
[2023-08-30T17:15:49.635+0000] {base.py:73} INFO - Using connection ID 'postgres_con' for task execution.
[2023-08-30T17:15:49.698+0000] {base.py:73} INFO - Using connection ID 'postgres_con' for task execution.
[2023-08-30T17:15:49.755+0000] {base.py:73} INFO - Using connection ID 'postgres_con' for task execution.
[2023-08-30T17:15:49.812+0000] {base.py:73} INFO - Using connection ID 'postgres_con' for task execution.
[2023-08-30T17:15:49.888+0000] {base.py:73} INFO - Using connection ID 'postgres_con' for task execution.
[2023-08-30T17:15:49.980+0000] {base.py:73} INFO - Using connection ID 'postgres_con' for task execution.
[2023-08-30T17:15:50.039+0000] {base.py:73} INFO - Using connection ID 'postgres_con' for task execution.
[2023-08-30T17:15:50.095+0000] {base.py:73} INFO - Using connection ID 'postgres_con' for task execution.
[2023-08-30T17:15:50.155+0000] {base.py:73} INFO - Using connection ID 'postgres_con' for task execution.
[2023-08-30T17:15:50.212+0000] {base.py:73} INFO - Using connection ID 'postgres_con' for task execution.
[2023-08-30T17:15:50.273+0000] {base.py:73} INFO - Using connection ID 'postgres_con' for task execution.
[2023-08-30T17:15:50.331+0000] {base.py:73} INFO - Using connection ID 'postgres_con' for task execution.
[2023-08-30T17:15:50.390+0000] {base.py:73} INFO - Using connection ID 'postgres_con' for task execution.
[2023-08-30T17:15:50.447+0000] {base.py:73} INFO - Using connection ID 'postgres_con' for task execution.
[2023-08-30T17:15:50.503+0000] {base.py:73} INFO - Using connection ID 'postgres_con' for task execution.
[2023-08-30T17:15:50.566+0000] {base.py:73} INFO - Using connection ID 'postgres_con' for task execution.
[2023-08-30T17:15:50.630+0000] {base.py:73} INFO - Using connection ID 'postgres_con' for task execution.
[2023-08-30T17:15:50.687+0000] {base.py:73} INFO - Using connection ID 'postgres_con' for task execution.
[2023-08-30T17:15:50.744+0000] {base.py:73} INFO - Using connection ID 'postgres_con' for task execution.
[2023-08-30T17:15:50.803+0000] {base.py:73} INFO - Using connection ID 'postgres_con' for task execution.
[2023-08-30T17:15:50.859+0000] {base.py:73} INFO - Using connection ID 'postgres_con' for task execution.
[2023-08-30T17:15:50.914+0000] {base.py:73} INFO - Using connection ID 'postgres_con' for task execution.
[2023-08-30T17:15:50.979+0000] {base.py:73} INFO - Using connection ID 'postgres_con' for task execution.
[2023-08-30T17:15:51.044+0000] {base.py:73} INFO - Using connection ID 'postgres_con' for task execution.
[2023-08-30T17:15:51.099+0000] {base.py:73} INFO - Using connection ID 'postgres_con' for task execution.
[2023-08-30T17:15:51.152+0000] {base.py:73} INFO - Using connection ID 'postgres_con' for task execution.
[2023-08-30T17:15:51.210+0000] {base.py:73} INFO - Using connection ID 'postgres_con' for task execution.
[2023-08-30T17:15:51.265+0000] {base.py:73} INFO - Using connection ID 'postgres_con' for task execution.
[2023-08-30T17:15:51.326+0000] {base.py:73} INFO - Using connection ID 'postgres_con' for task execution.
[2023-08-30T17:15:51.406+0000] {base.py:73} INFO - Using connection ID 'postgres_con' for task execution.
[2023-08-30T17:15:51.472+0000] {base.py:73} INFO - Using connection ID 'postgres_con' for task execution.
[2023-08-30T17:15:51.534+0000] {base.py:73} INFO - Using connection ID 'postgres_con' for task execution.
[2023-08-30T17:15:51.605+0000] {base.py:73} INFO - Using connection ID 'postgres_con' for task execution.
[2023-08-30T17:15:51.660+0000] {base.py:73} INFO - Using connection ID 'postgres_con' for task execution.
[2023-08-30T17:15:51.726+0000] {base.py:73} INFO - Using connection ID 'postgres_con' for task execution.
[2023-08-30T17:15:51.784+0000] {base.py:73} INFO - Using connection ID 'postgres_con' for task execution.
[2023-08-30T17:15:51.840+0000] {base.py:73} INFO - Using connection ID 'postgres_con' for task execution.
[2023-08-30T17:15:51.903+0000] {base.py:73} INFO - Using connection ID 'postgres_con' for task execution.
[2023-08-30T17:15:51.966+0000] {base.py:73} INFO - Using connection ID 'postgres_con' for task execution.
[2023-08-30T17:15:52.033+0000] {base.py:73} INFO - Using connection ID 'postgres_con' for task execution.
[2023-08-30T17:15:52.094+0000] {base.py:73} INFO - Using connection ID 'postgres_con' for task execution.
[2023-08-30T17:15:52.153+0000] {base.py:73} INFO - Using connection ID 'postgres_con' for task execution.
[2023-08-30T17:15:52.212+0000] {base.py:73} INFO - Using connection ID 'postgres_con' for task execution.
[2023-08-30T17:15:52.270+0000] {base.py:73} INFO - Using connection ID 'postgres_con' for task execution.
[2023-08-30T17:15:52.335+0000] {base.py:73} INFO - Using connection ID 'postgres_con' for task execution.
[2023-08-30T17:15:52.391+0000] {base.py:73} INFO - Using connection ID 'postgres_con' for task execution.
[2023-08-30T17:15:52.446+0000] {base.py:73} INFO - Using connection ID 'postgres_con' for task execution.
[2023-08-30T17:15:52.501+0000] {base.py:73} INFO - Using connection ID 'postgres_con' for task execution.
[2023-08-30T17:15:52.568+0000] {base.py:73} INFO - Using connection ID 'postgres_con' for task execution.
[2023-08-30T17:15:52.646+0000] {base.py:73} INFO - Using connection ID 'postgres_con' for task execution.
[2023-08-30T17:15:52.729+0000] {base.py:73} INFO - Using connection ID 'postgres_con' for task execution.
[2023-08-30T17:15:52.786+0000] {base.py:73} INFO - Using connection ID 'postgres_con' for task execution.
[2023-08-30T17:15:52.842+0000] {base.py:73} INFO - Using connection ID 'postgres_con' for task execution.
[2023-08-30T17:15:52.911+0000] {base.py:73} INFO - Using connection ID 'postgres_con' for task execution.
[2023-08-30T17:15:52.983+0000] {base.py:73} INFO - Using connection ID 'postgres_con' for task execution.
[2023-08-30T17:15:53.057+0000] {base.py:73} INFO - Using connection ID 'postgres_con' for task execution.
[2023-08-30T17:15:53.124+0000] {base.py:73} INFO - Using connection ID 'postgres_con' for task execution.
[2023-08-30T17:15:53.185+0000] {base.py:73} INFO - Using connection ID 'postgres_con' for task execution.
[2023-08-30T17:15:53.243+0000] {base.py:73} INFO - Using connection ID 'postgres_con' for task execution.
[2023-08-30T17:15:53.305+0000] {base.py:73} INFO - Using connection ID 'postgres_con' for task execution.
[2023-08-30T17:15:53.368+0000] {base.py:73} INFO - Using connection ID 'postgres_con' for task execution.
[2023-08-30T17:15:53.430+0000] {base.py:73} INFO - Using connection ID 'postgres_con' for task execution.
[2023-08-30T17:15:53.501+0000] {base.py:73} INFO - Using connection ID 'postgres_con' for task execution.
[2023-08-30T17:15:53.567+0000] {base.py:73} INFO - Using connection ID 'postgres_con' for task execution.
[2023-08-30T17:15:53.633+0000] {base.py:73} INFO - Using connection ID 'postgres_con' for task execution.
[2023-08-30T17:15:53.715+0000] {base.py:73} INFO - Using connection ID 'postgres_con' for task execution.
[2023-08-30T17:15:53.773+0000] {base.py:73} INFO - Using connection ID 'postgres_con' for task execution.
[2023-08-30T17:15:53.829+0000] {base.py:73} INFO - Using connection ID 'postgres_con' for task execution.
[2023-08-30T17:15:53.887+0000] {base.py:73} INFO - Using connection ID 'postgres_con' for task execution.
[2023-08-30T17:15:53.943+0000] {base.py:73} INFO - Using connection ID 'postgres_con' for task execution.
[2023-08-30T17:15:54.001+0000] {base.py:73} INFO - Using connection ID 'postgres_con' for task execution.
[2023-08-30T17:15:54.056+0000] {base.py:73} INFO - Using connection ID 'postgres_con' for task execution.
[2023-08-30T17:15:54.121+0000] {base.py:73} INFO - Using connection ID 'postgres_con' for task execution.
[2023-08-30T17:15:54.185+0000] {base.py:73} INFO - Using connection ID 'postgres_con' for task execution.
[2023-08-30T17:15:54.245+0000] {base.py:73} INFO - Using connection ID 'postgres_con' for task execution.
[2023-08-30T17:15:54.308+0000] {base.py:73} INFO - Using connection ID 'postgres_con' for task execution.
[2023-08-30T17:15:54.366+0000] {base.py:73} INFO - Using connection ID 'postgres_con' for task execution.
[2023-08-30T17:15:54.433+0000] {base.py:73} INFO - Using connection ID 'postgres_con' for task execution.
[2023-08-30T17:15:54.492+0000] {base.py:73} INFO - Using connection ID 'postgres_con' for task execution.
[2023-08-30T17:15:54.556+0000] {base.py:73} INFO - Using connection ID 'postgres_con' for task execution.
[2023-08-30T17:15:54.631+0000] {base.py:73} INFO - Using connection ID 'postgres_con' for task execution.
[2023-08-30T17:15:54.686+0000] {base.py:73} INFO - Using connection ID 'postgres_con' for task execution.
[2023-08-30T17:15:54.753+0000] {base.py:73} INFO - Using connection ID 'postgres_con' for task execution.
[2023-08-30T17:15:54.810+0000] {base.py:73} INFO - Using connection ID 'postgres_con' for task execution.
[2023-08-30T17:15:54.871+0000] {base.py:73} INFO - Using connection ID 'postgres_con' for task execution.
[2023-08-30T17:15:54.926+0000] {base.py:73} INFO - Using connection ID 'postgres_con' for task execution.
[2023-08-30T17:15:54.981+0000] {base.py:73} INFO - Using connection ID 'postgres_con' for task execution.
[2023-08-30T17:15:55.041+0000] {base.py:73} INFO - Using connection ID 'postgres_con' for task execution.
[2023-08-30T17:15:55.105+0000] {base.py:73} INFO - Using connection ID 'postgres_con' for task execution.
[2023-08-30T17:15:55.236+0000] {base.py:73} INFO - Using connection ID 'postgres_con' for task execution.
[2023-08-30T17:15:55.304+0000] {base.py:73} INFO - Using connection ID 'postgres_con' for task execution.
[2023-08-30T17:15:55.358+0000] {base.py:73} INFO - Using connection ID 'postgres_con' for task execution.
[2023-08-30T17:15:55.414+0000] {base.py:73} INFO - Using connection ID 'postgres_con' for task execution.
[2023-08-30T17:15:55.477+0000] {base.py:73} INFO - Using connection ID 'postgres_con' for task execution.
[2023-08-30T17:15:55.536+0000] {base.py:73} INFO - Using connection ID 'postgres_con' for task execution.
[2023-08-30T17:15:55.593+0000] {base.py:73} INFO - Using connection ID 'postgres_con' for task execution.
[2023-08-30T17:15:55.650+0000] {base.py:73} INFO - Using connection ID 'postgres_con' for task execution.
[2023-08-30T17:15:55.707+0000] {base.py:73} INFO - Using connection ID 'postgres_con' for task execution.
[2023-08-30T17:15:55.764+0000] {base.py:73} INFO - Using connection ID 'postgres_con' for task execution.
[2023-08-30T17:15:55.826+0000] {base.py:73} INFO - Using connection ID 'postgres_con' for task execution.
[2023-08-30T17:15:55.891+0000] {base.py:73} INFO - Using connection ID 'postgres_con' for task execution.
[2023-08-30T17:15:55.950+0000] {base.py:73} INFO - Using connection ID 'postgres_con' for task execution.
[2023-08-30T17:15:56.008+0000] {base.py:73} INFO - Using connection ID 'postgres_con' for task execution.
[2023-08-30T17:15:56.077+0000] {base.py:73} INFO - Using connection ID 'postgres_con' for task execution.
[2023-08-30T17:15:56.137+0000] {base.py:73} INFO - Using connection ID 'postgres_con' for task execution.
[2023-08-30T17:15:56.198+0000] {base.py:73} INFO - Using connection ID 'postgres_con' for task execution.
[2023-08-30T17:15:56.265+0000] {base.py:73} INFO - Using connection ID 'postgres_con' for task execution.
[2023-08-30T17:15:56.330+0000] {base.py:73} INFO - Using connection ID 'postgres_con' for task execution.
[2023-08-30T17:15:56.394+0000] {base.py:73} INFO - Using connection ID 'postgres_con' for task execution.
[2023-08-30T17:15:56.455+0000] {base.py:73} INFO - Using connection ID 'postgres_con' for task execution.
[2023-08-30T17:15:56.515+0000] {base.py:73} INFO - Using connection ID 'postgres_con' for task execution.
[2023-08-30T17:15:56.575+0000] {base.py:73} INFO - Using connection ID 'postgres_con' for task execution.
[2023-08-30T17:15:56.638+0000] {base.py:73} INFO - Using connection ID 'postgres_con' for task execution.
[2023-08-30T17:15:56.695+0000] {base.py:73} INFO - Using connection ID 'postgres_con' for task execution.
[2023-08-30T17:15:56.757+0000] {base.py:73} INFO - Using connection ID 'postgres_con' for task execution.
[2023-08-30T17:15:56.819+0000] {base.py:73} INFO - Using connection ID 'postgres_con' for task execution.
[2023-08-30T17:15:56.897+0000] {base.py:73} INFO - Using connection ID 'postgres_con' for task execution.
[2023-08-30T17:15:56.961+0000] {base.py:73} INFO - Using connection ID 'postgres_con' for task execution.
[2023-08-30T17:15:57.045+0000] {base.py:73} INFO - Using connection ID 'postgres_con' for task execution.
[2023-08-30T17:15:57.144+0000] {base.py:73} INFO - Using connection ID 'postgres_con' for task execution.
[2023-08-30T17:15:57.213+0000] {base.py:73} INFO - Using connection ID 'postgres_con' for task execution.
[2023-08-30T17:15:57.271+0000] {base.py:73} INFO - Using connection ID 'postgres_con' for task execution.
[2023-08-30T17:15:57.332+0000] {base.py:73} INFO - Using connection ID 'postgres_con' for task execution.
[2023-08-30T17:15:57.389+0000] {base.py:73} INFO - Using connection ID 'postgres_con' for task execution.
[2023-08-30T17:15:57.456+0000] {base.py:73} INFO - Using connection ID 'postgres_con' for task execution.
[2023-08-30T17:15:57.519+0000] {base.py:73} INFO - Using connection ID 'postgres_con' for task execution.
[2023-08-30T17:15:57.576+0000] {base.py:73} INFO - Using connection ID 'postgres_con' for task execution.
[2023-08-30T17:15:57.641+0000] {base.py:73} INFO - Using connection ID 'postgres_con' for task execution.
[2023-08-30T17:15:57.706+0000] {base.py:73} INFO - Using connection ID 'postgres_con' for task execution.
[2023-08-30T17:15:57.766+0000] {base.py:73} INFO - Using connection ID 'postgres_con' for task execution.
[2023-08-30T17:15:57.827+0000] {base.py:73} INFO - Using connection ID 'postgres_con' for task execution.
[2023-08-30T17:15:57.899+0000] {base.py:73} INFO - Using connection ID 'postgres_con' for task execution.
[2023-08-30T17:15:57.960+0000] {base.py:73} INFO - Using connection ID 'postgres_con' for task execution.
[2023-08-30T17:15:58.033+0000] {base.py:73} INFO - Using connection ID 'postgres_con' for task execution.
[2023-08-30T17:15:58.098+0000] {base.py:73} INFO - Using connection ID 'postgres_con' for task execution.
[2023-08-30T17:15:58.159+0000] {base.py:73} INFO - Using connection ID 'postgres_con' for task execution.
[2023-08-30T17:15:58.212+0000] {base.py:73} INFO - Using connection ID 'postgres_con' for task execution.
[2023-08-30T17:15:58.272+0000] {base.py:73} INFO - Using connection ID 'postgres_con' for task execution.
[2023-08-30T17:15:58.332+0000] {base.py:73} INFO - Using connection ID 'postgres_con' for task execution.
[2023-08-30T17:15:58.388+0000] {base.py:73} INFO - Using connection ID 'postgres_con' for task execution.
[2023-08-30T17:15:58.444+0000] {base.py:73} INFO - Using connection ID 'postgres_con' for task execution.
[2023-08-30T17:15:58.500+0000] {base.py:73} INFO - Using connection ID 'postgres_con' for task execution.
[2023-08-30T17:15:58.558+0000] {base.py:73} INFO - Using connection ID 'postgres_con' for task execution.
[2023-08-30T17:15:58.616+0000] {base.py:73} INFO - Using connection ID 'postgres_con' for task execution.
[2023-08-30T17:15:58.670+0000] {base.py:73} INFO - Using connection ID 'postgres_con' for task execution.
[2023-08-30T17:15:58.726+0000] {base.py:73} INFO - Using connection ID 'postgres_con' for task execution.
[2023-08-30T17:15:58.785+0000] {base.py:73} INFO - Using connection ID 'postgres_con' for task execution.
[2023-08-30T17:15:58.843+0000] {base.py:73} INFO - Using connection ID 'postgres_con' for task execution.
[2023-08-30T17:15:58.901+0000] {base.py:73} INFO - Using connection ID 'postgres_con' for task execution.
[2023-08-30T17:15:58.966+0000] {base.py:73} INFO - Using connection ID 'postgres_con' for task execution.
[2023-08-30T17:15:59.037+0000] {base.py:73} INFO - Using connection ID 'postgres_con' for task execution.
[2023-08-30T17:15:59.092+0000] {base.py:73} INFO - Using connection ID 'postgres_con' for task execution.
[2023-08-30T17:15:59.150+0000] {base.py:73} INFO - Using connection ID 'postgres_con' for task execution.
[2023-08-30T17:15:59.206+0000] {base.py:73} INFO - Using connection ID 'postgres_con' for task execution.
[2023-08-30T17:15:59.268+0000] {base.py:73} INFO - Using connection ID 'postgres_con' for task execution.
[2023-08-30T17:15:59.327+0000] {base.py:73} INFO - Using connection ID 'postgres_con' for task execution.
[2023-08-30T17:15:59.390+0000] {base.py:73} INFO - Using connection ID 'postgres_con' for task execution.
[2023-08-30T17:15:59.455+0000] {base.py:73} INFO - Using connection ID 'postgres_con' for task execution.
[2023-08-30T17:15:59.512+0000] {base.py:73} INFO - Using connection ID 'postgres_con' for task execution.
[2023-08-30T17:15:59.575+0000] {base.py:73} INFO - Using connection ID 'postgres_con' for task execution.
[2023-08-30T17:15:59.638+0000] {base.py:73} INFO - Using connection ID 'postgres_con' for task execution.
[2023-08-30T17:15:59.702+0000] {base.py:73} INFO - Using connection ID 'postgres_con' for task execution.
[2023-08-30T17:15:59.757+0000] {base.py:73} INFO - Using connection ID 'postgres_con' for task execution.
[2023-08-30T17:15:59.811+0000] {base.py:73} INFO - Using connection ID 'postgres_con' for task execution.
[2023-08-30T17:15:59.889+0000] {base.py:73} INFO - Using connection ID 'postgres_con' for task execution.
[2023-08-30T17:15:59.965+0000] {base.py:73} INFO - Using connection ID 'postgres_con' for task execution.
[2023-08-30T17:16:00.026+0000] {base.py:73} INFO - Using connection ID 'postgres_con' for task execution.
[2023-08-30T17:16:00.085+0000] {base.py:73} INFO - Using connection ID 'postgres_con' for task execution.
[2023-08-30T17:16:00.146+0000] {base.py:73} INFO - Using connection ID 'postgres_con' for task execution.
[2023-08-30T17:16:00.204+0000] {base.py:73} INFO - Using connection ID 'postgres_con' for task execution.
[2023-08-30T17:16:00.258+0000] {base.py:73} INFO - Using connection ID 'postgres_con' for task execution.
[2023-08-30T17:16:00.316+0000] {base.py:73} INFO - Using connection ID 'postgres_con' for task execution.
[2023-08-30T17:16:00.373+0000] {base.py:73} INFO - Using connection ID 'postgres_con' for task execution.
[2023-08-30T17:16:00.435+0000] {base.py:73} INFO - Using connection ID 'postgres_con' for task execution.
[2023-08-30T17:16:00.493+0000] {base.py:73} INFO - Using connection ID 'postgres_con' for task execution.
[2023-08-30T17:16:00.551+0000] {base.py:73} INFO - Using connection ID 'postgres_con' for task execution.
[2023-08-30T17:16:00.608+0000] {base.py:73} INFO - Using connection ID 'postgres_con' for task execution.
[2023-08-30T17:16:00.669+0000] {base.py:73} INFO - Using connection ID 'postgres_con' for task execution.
[2023-08-30T17:16:00.730+0000] {base.py:73} INFO - Using connection ID 'postgres_con' for task execution.
[2023-08-30T17:16:00.785+0000] {base.py:73} INFO - Using connection ID 'postgres_con' for task execution.
[2023-08-30T17:16:00.845+0000] {base.py:73} INFO - Using connection ID 'postgres_con' for task execution.
[2023-08-30T17:16:00.903+0000] {base.py:73} INFO - Using connection ID 'postgres_con' for task execution.
[2023-08-30T17:16:00.969+0000] {base.py:73} INFO - Using connection ID 'postgres_con' for task execution.
[2023-08-30T17:16:01.047+0000] {base.py:73} INFO - Using connection ID 'postgres_con' for task execution.
[2023-08-30T17:16:01.118+0000] {base.py:73} INFO - Using connection ID 'postgres_con' for task execution.
[2023-08-30T17:16:01.248+0000] {base.py:73} INFO - Using connection ID 'postgres_con' for task execution.
[2023-08-30T17:16:01.314+0000] {base.py:73} INFO - Using connection ID 'postgres_con' for task execution.
[2023-08-30T17:16:01.371+0000] {base.py:73} INFO - Using connection ID 'postgres_con' for task execution.
[2023-08-30T17:16:01.427+0000] {base.py:73} INFO - Using connection ID 'postgres_con' for task execution.
[2023-08-30T17:16:01.485+0000] {base.py:73} INFO - Using connection ID 'postgres_con' for task execution.
[2023-08-30T17:16:01.544+0000] {base.py:73} INFO - Using connection ID 'postgres_con' for task execution.
[2023-08-30T17:16:01.600+0000] {base.py:73} INFO - Using connection ID 'postgres_con' for task execution.
[2023-08-30T17:16:01.660+0000] {base.py:73} INFO - Using connection ID 'postgres_con' for task execution.
[2023-08-30T17:16:01.723+0000] {base.py:73} INFO - Using connection ID 'postgres_con' for task execution.
[2023-08-30T17:16:01.787+0000] {base.py:73} INFO - Using connection ID 'postgres_con' for task execution.
[2023-08-30T17:16:01.841+0000] {base.py:73} INFO - Using connection ID 'postgres_con' for task execution.
[2023-08-30T17:16:01.898+0000] {base.py:73} INFO - Using connection ID 'postgres_con' for task execution.
[2023-08-30T17:16:01.955+0000] {base.py:73} INFO - Using connection ID 'postgres_con' for task execution.
[2023-08-30T17:16:02.029+0000] {base.py:73} INFO - Using connection ID 'postgres_con' for task execution.
[2023-08-30T17:16:02.092+0000] {base.py:73} INFO - Using connection ID 'postgres_con' for task execution.
[2023-08-30T17:16:02.149+0000] {base.py:73} INFO - Using connection ID 'postgres_con' for task execution.
[2023-08-30T17:16:02.205+0000] {base.py:73} INFO - Using connection ID 'postgres_con' for task execution.
[2023-08-30T17:16:02.263+0000] {base.py:73} INFO - Using connection ID 'postgres_con' for task execution.
[2023-08-30T17:16:02.325+0000] {base.py:73} INFO - Using connection ID 'postgres_con' for task execution.
[2023-08-30T17:16:02.385+0000] {base.py:73} INFO - Using connection ID 'postgres_con' for task execution.
[2023-08-30T17:16:02.444+0000] {base.py:73} INFO - Using connection ID 'postgres_con' for task execution.
[2023-08-30T17:16:02.501+0000] {base.py:73} INFO - Using connection ID 'postgres_con' for task execution.
[2023-08-30T17:16:02.561+0000] {base.py:73} INFO - Using connection ID 'postgres_con' for task execution.
[2023-08-30T17:16:02.622+0000] {base.py:73} INFO - Using connection ID 'postgres_con' for task execution.
[2023-08-30T17:16:02.700+0000] {base.py:73} INFO - Using connection ID 'postgres_con' for task execution.
[2023-08-30T17:16:02.763+0000] {base.py:73} INFO - Using connection ID 'postgres_con' for task execution.
[2023-08-30T17:16:02.820+0000] {base.py:73} INFO - Using connection ID 'postgres_con' for task execution.
[2023-08-30T17:16:02.883+0000] {base.py:73} INFO - Using connection ID 'postgres_con' for task execution.
[2023-08-30T17:16:02.940+0000] {base.py:73} INFO - Using connection ID 'postgres_con' for task execution.
[2023-08-30T17:16:02.996+0000] {base.py:73} INFO - Using connection ID 'postgres_con' for task execution.
[2023-08-30T17:16:03.053+0000] {base.py:73} INFO - Using connection ID 'postgres_con' for task execution.
[2023-08-30T17:16:03.110+0000] {base.py:73} INFO - Using connection ID 'postgres_con' for task execution.
[2023-08-30T17:16:03.167+0000] {base.py:73} INFO - Using connection ID 'postgres_con' for task execution.
[2023-08-30T17:16:03.228+0000] {base.py:73} INFO - Using connection ID 'postgres_con' for task execution.
[2023-08-30T17:16:03.288+0000] {base.py:73} INFO - Using connection ID 'postgres_con' for task execution.
[2023-08-30T17:16:03.343+0000] {base.py:73} INFO - Using connection ID 'postgres_con' for task execution.
[2023-08-30T17:16:03.399+0000] {base.py:73} INFO - Using connection ID 'postgres_con' for task execution.
[2023-08-30T17:16:03.456+0000] {base.py:73} INFO - Using connection ID 'postgres_con' for task execution.
[2023-08-30T17:16:03.509+0000] {base.py:73} INFO - Using connection ID 'postgres_con' for task execution.
[2023-08-30T17:16:03.568+0000] {base.py:73} INFO - Using connection ID 'postgres_con' for task execution.
[2023-08-30T17:16:03.621+0000] {base.py:73} INFO - Using connection ID 'postgres_con' for task execution.
[2023-08-30T17:16:03.678+0000] {base.py:73} INFO - Using connection ID 'postgres_con' for task execution.
[2023-08-30T17:16:03.735+0000] {base.py:73} INFO - Using connection ID 'postgres_con' for task execution.
[2023-08-30T17:16:03.796+0000] {base.py:73} INFO - Using connection ID 'postgres_con' for task execution.
[2023-08-30T17:16:03.851+0000] {base.py:73} INFO - Using connection ID 'postgres_con' for task execution.
[2023-08-30T17:16:03.906+0000] {base.py:73} INFO - Using connection ID 'postgres_con' for task execution.
[2023-08-30T17:16:03.966+0000] {base.py:73} INFO - Using connection ID 'postgres_con' for task execution.
[2023-08-30T17:16:04.024+0000] {base.py:73} INFO - Using connection ID 'postgres_con' for task execution.
[2023-08-30T17:16:04.082+0000] {base.py:73} INFO - Using connection ID 'postgres_con' for task execution.
[2023-08-30T17:16:04.138+0000] {base.py:73} INFO - Using connection ID 'postgres_con' for task execution.
[2023-08-30T17:16:04.195+0000] {base.py:73} INFO - Using connection ID 'postgres_con' for task execution.
[2023-08-30T17:16:04.255+0000] {base.py:73} INFO - Using connection ID 'postgres_con' for task execution.
[2023-08-30T17:16:04.312+0000] {base.py:73} INFO - Using connection ID 'postgres_con' for task execution.
[2023-08-30T17:16:04.376+0000] {base.py:73} INFO - Using connection ID 'postgres_con' for task execution.
[2023-08-30T17:16:04.435+0000] {base.py:73} INFO - Using connection ID 'postgres_con' for task execution.
[2023-08-30T17:16:04.490+0000] {base.py:73} INFO - Using connection ID 'postgres_con' for task execution.
[2023-08-30T17:16:04.543+0000] {base.py:73} INFO - Using connection ID 'postgres_con' for task execution.
[2023-08-30T17:16:04.604+0000] {base.py:73} INFO - Using connection ID 'postgres_con' for task execution.
[2023-08-30T17:16:04.658+0000] {base.py:73} INFO - Using connection ID 'postgres_con' for task execution.
[2023-08-30T17:16:04.723+0000] {base.py:73} INFO - Using connection ID 'postgres_con' for task execution.
[2023-08-30T17:16:04.785+0000] {base.py:73} INFO - Using connection ID 'postgres_con' for task execution.
[2023-08-30T17:16:04.845+0000] {base.py:73} INFO - Using connection ID 'postgres_con' for task execution.
[2023-08-30T17:16:04.900+0000] {base.py:73} INFO - Using connection ID 'postgres_con' for task execution.
[2023-08-30T17:16:04.958+0000] {base.py:73} INFO - Using connection ID 'postgres_con' for task execution.
[2023-08-30T17:16:05.015+0000] {base.py:73} INFO - Using connection ID 'postgres_con' for task execution.
[2023-08-30T17:16:05.072+0000] {base.py:73} INFO - Using connection ID 'postgres_con' for task execution.
[2023-08-30T17:16:05.134+0000] {base.py:73} INFO - Using connection ID 'postgres_con' for task execution.
[2023-08-30T17:16:05.190+0000] {base.py:73} INFO - Using connection ID 'postgres_con' for task execution.
[2023-08-30T17:16:05.253+0000] {base.py:73} INFO - Using connection ID 'postgres_con' for task execution.
[2023-08-30T17:16:05.312+0000] {base.py:73} INFO - Using connection ID 'postgres_con' for task execution.
[2023-08-30T17:16:05.370+0000] {base.py:73} INFO - Using connection ID 'postgres_con' for task execution.
[2023-08-30T17:16:05.428+0000] {base.py:73} INFO - Using connection ID 'postgres_con' for task execution.
[2023-08-30T17:16:05.484+0000] {base.py:73} INFO - Using connection ID 'postgres_con' for task execution.
[2023-08-30T17:16:05.538+0000] {base.py:73} INFO - Using connection ID 'postgres_con' for task execution.
[2023-08-30T17:16:05.595+0000] {base.py:73} INFO - Using connection ID 'postgres_con' for task execution.
[2023-08-30T17:16:05.650+0000] {base.py:73} INFO - Using connection ID 'postgres_con' for task execution.
[2023-08-30T17:16:05.707+0000] {base.py:73} INFO - Using connection ID 'postgres_con' for task execution.
[2023-08-30T17:16:05.765+0000] {base.py:73} INFO - Using connection ID 'postgres_con' for task execution.
[2023-08-30T17:16:05.844+0000] {base.py:73} INFO - Using connection ID 'postgres_con' for task execution.
[2023-08-30T17:16:05.930+0000] {base.py:73} INFO - Using connection ID 'postgres_con' for task execution.
[2023-08-30T17:16:05.997+0000] {base.py:73} INFO - Using connection ID 'postgres_con' for task execution.
[2023-08-30T17:16:06.068+0000] {base.py:73} INFO - Using connection ID 'postgres_con' for task execution.
[2023-08-30T17:16:06.134+0000] {base.py:73} INFO - Using connection ID 'postgres_con' for task execution.
[2023-08-30T17:16:06.195+0000] {base.py:73} INFO - Using connection ID 'postgres_con' for task execution.
[2023-08-30T17:16:06.251+0000] {base.py:73} INFO - Using connection ID 'postgres_con' for task execution.
[2023-08-30T17:16:06.311+0000] {base.py:73} INFO - Using connection ID 'postgres_con' for task execution.
[2023-08-30T17:16:06.367+0000] {base.py:73} INFO - Using connection ID 'postgres_con' for task execution.
[2023-08-30T17:16:06.423+0000] {base.py:73} INFO - Using connection ID 'postgres_con' for task execution.
[2023-08-30T17:16:06.480+0000] {base.py:73} INFO - Using connection ID 'postgres_con' for task execution.
[2023-08-30T17:16:06.536+0000] {base.py:73} INFO - Using connection ID 'postgres_con' for task execution.
[2023-08-30T17:16:06.591+0000] {base.py:73} INFO - Using connection ID 'postgres_con' for task execution.
[2023-08-30T17:16:06.646+0000] {base.py:73} INFO - Using connection ID 'postgres_con' for task execution.
[2023-08-30T17:16:06.703+0000] {base.py:73} INFO - Using connection ID 'postgres_con' for task execution.
[2023-08-30T17:16:06.762+0000] {base.py:73} INFO - Using connection ID 'postgres_con' for task execution.
[2023-08-30T17:16:06.816+0000] {base.py:73} INFO - Using connection ID 'postgres_con' for task execution.
[2023-08-30T17:16:06.876+0000] {base.py:73} INFO - Using connection ID 'postgres_con' for task execution.
[2023-08-30T17:16:06.932+0000] {base.py:73} INFO - Using connection ID 'postgres_con' for task execution.
[2023-08-30T17:16:06.990+0000] {base.py:73} INFO - Using connection ID 'postgres_con' for task execution.
[2023-08-30T17:16:07.049+0000] {base.py:73} INFO - Using connection ID 'postgres_con' for task execution.
[2023-08-30T17:16:07.111+0000] {base.py:73} INFO - Using connection ID 'postgres_con' for task execution.
[2023-08-30T17:16:07.315+0000] {base.py:73} INFO - Using connection ID 'postgres_con' for task execution.
[2023-08-30T17:16:07.389+0000] {base.py:73} INFO - Using connection ID 'postgres_con' for task execution.
[2023-08-30T17:16:07.442+0000] {base.py:73} INFO - Using connection ID 'postgres_con' for task execution.
[2023-08-30T17:16:07.501+0000] {base.py:73} INFO - Using connection ID 'postgres_con' for task execution.
[2023-08-30T17:16:07.558+0000] {base.py:73} INFO - Using connection ID 'postgres_con' for task execution.
[2023-08-30T17:16:07.617+0000] {base.py:73} INFO - Using connection ID 'postgres_con' for task execution.
[2023-08-30T17:16:07.673+0000] {base.py:73} INFO - Using connection ID 'postgres_con' for task execution.
[2023-08-30T17:16:07.730+0000] {base.py:73} INFO - Using connection ID 'postgres_con' for task execution.
[2023-08-30T17:16:07.795+0000] {base.py:73} INFO - Using connection ID 'postgres_con' for task execution.
[2023-08-30T17:16:07.852+0000] {base.py:73} INFO - Using connection ID 'postgres_con' for task execution.
[2023-08-30T17:16:07.907+0000] {base.py:73} INFO - Using connection ID 'postgres_con' for task execution.
[2023-08-30T17:16:07.983+0000] {base.py:73} INFO - Using connection ID 'postgres_con' for task execution.
[2023-08-30T17:16:08.048+0000] {base.py:73} INFO - Using connection ID 'postgres_con' for task execution.
[2023-08-30T17:16:08.122+0000] {base.py:73} INFO - Using connection ID 'postgres_con' for task execution.
[2023-08-30T17:16:08.192+0000] {base.py:73} INFO - Using connection ID 'postgres_con' for task execution.
[2023-08-30T17:16:08.248+0000] {base.py:73} INFO - Using connection ID 'postgres_con' for task execution.
[2023-08-30T17:16:08.306+0000] {base.py:73} INFO - Using connection ID 'postgres_con' for task execution.
[2023-08-30T17:16:08.360+0000] {base.py:73} INFO - Using connection ID 'postgres_con' for task execution.
[2023-08-30T17:16:08.419+0000] {base.py:73} INFO - Using connection ID 'postgres_con' for task execution.
[2023-08-30T17:16:08.477+0000] {base.py:73} INFO - Using connection ID 'postgres_con' for task execution.
[2023-08-30T17:16:08.535+0000] {base.py:73} INFO - Using connection ID 'postgres_con' for task execution.
[2023-08-30T17:16:08.597+0000] {base.py:73} INFO - Using connection ID 'postgres_con' for task execution.
[2023-08-30T17:16:08.654+0000] {base.py:73} INFO - Using connection ID 'postgres_con' for task execution.
[2023-08-30T17:16:08.713+0000] {base.py:73} INFO - Using connection ID 'postgres_con' for task execution.
[2023-08-30T17:16:08.765+0000] {base.py:73} INFO - Using connection ID 'postgres_con' for task execution.
[2023-08-30T17:16:08.821+0000] {base.py:73} INFO - Using connection ID 'postgres_con' for task execution.
[2023-08-30T17:16:08.874+0000] {base.py:73} INFO - Using connection ID 'postgres_con' for task execution.
[2023-08-30T17:16:08.930+0000] {base.py:73} INFO - Using connection ID 'postgres_con' for task execution.
[2023-08-30T17:16:08.990+0000] {base.py:73} INFO - Using connection ID 'postgres_con' for task execution.
[2023-08-30T17:16:09.049+0000] {base.py:73} INFO - Using connection ID 'postgres_con' for task execution.
[2023-08-30T17:16:09.113+0000] {base.py:73} INFO - Using connection ID 'postgres_con' for task execution.
[2023-08-30T17:16:09.184+0000] {base.py:73} INFO - Using connection ID 'postgres_con' for task execution.
[2023-08-30T17:16:09.267+0000] {base.py:73} INFO - Using connection ID 'postgres_con' for task execution.
[2023-08-30T17:16:09.347+0000] {base.py:73} INFO - Using connection ID 'postgres_con' for task execution.
[2023-08-30T17:16:09.412+0000] {base.py:73} INFO - Using connection ID 'postgres_con' for task execution.
[2023-08-30T17:16:09.479+0000] {base.py:73} INFO - Using connection ID 'postgres_con' for task execution.
[2023-08-30T17:16:09.535+0000] {base.py:73} INFO - Using connection ID 'postgres_con' for task execution.
[2023-08-30T17:16:09.601+0000] {base.py:73} INFO - Using connection ID 'postgres_con' for task execution.
[2023-08-30T17:16:09.665+0000] {base.py:73} INFO - Using connection ID 'postgres_con' for task execution.
[2023-08-30T17:16:09.728+0000] {base.py:73} INFO - Using connection ID 'postgres_con' for task execution.
[2023-08-30T17:16:09.797+0000] {base.py:73} INFO - Using connection ID 'postgres_con' for task execution.
[2023-08-30T17:16:09.871+0000] {base.py:73} INFO - Using connection ID 'postgres_con' for task execution.
[2023-08-30T17:16:09.971+0000] {base.py:73} INFO - Using connection ID 'postgres_con' for task execution.
[2023-08-30T17:16:10.033+0000] {base.py:73} INFO - Using connection ID 'postgres_con' for task execution.
[2023-08-30T17:16:10.095+0000] {base.py:73} INFO - Using connection ID 'postgres_con' for task execution.
[2023-08-30T17:16:10.153+0000] {base.py:73} INFO - Using connection ID 'postgres_con' for task execution.
[2023-08-30T17:16:10.220+0000] {base.py:73} INFO - Using connection ID 'postgres_con' for task execution.
[2023-08-30T17:16:10.283+0000] {base.py:73} INFO - Using connection ID 'postgres_con' for task execution.
[2023-08-30T17:16:10.339+0000] {base.py:73} INFO - Using connection ID 'postgres_con' for task execution.
[2023-08-30T17:16:10.411+0000] {base.py:73} INFO - Using connection ID 'postgres_con' for task execution.
[2023-08-30T17:16:10.489+0000] {base.py:73} INFO - Using connection ID 'postgres_con' for task execution.
[2023-08-30T17:16:10.559+0000] {base.py:73} INFO - Using connection ID 'postgres_con' for task execution.
[2023-08-30T17:16:10.617+0000] {base.py:73} INFO - Using connection ID 'postgres_con' for task execution.
[2023-08-30T17:16:10.680+0000] {base.py:73} INFO - Using connection ID 'postgres_con' for task execution.
[2023-08-30T17:16:10.736+0000] {base.py:73} INFO - Using connection ID 'postgres_con' for task execution.
[2023-08-30T17:16:10.793+0000] {base.py:73} INFO - Using connection ID 'postgres_con' for task execution.
[2023-08-30T17:16:10.851+0000] {base.py:73} INFO - Using connection ID 'postgres_con' for task execution.
[2023-08-30T17:16:10.912+0000] {base.py:73} INFO - Using connection ID 'postgres_con' for task execution.
[2023-08-30T17:16:10.975+0000] {base.py:73} INFO - Using connection ID 'postgres_con' for task execution.
[2023-08-30T17:16:11.034+0000] {base.py:73} INFO - Using connection ID 'postgres_con' for task execution.
[2023-08-30T17:16:11.089+0000] {base.py:73} INFO - Using connection ID 'postgres_con' for task execution.
[2023-08-30T17:16:11.145+0000] {base.py:73} INFO - Using connection ID 'postgres_con' for task execution.
[2023-08-30T17:16:11.200+0000] {base.py:73} INFO - Using connection ID 'postgres_con' for task execution.
[2023-08-30T17:16:11.255+0000] {base.py:73} INFO - Using connection ID 'postgres_con' for task execution.
[2023-08-30T17:16:11.309+0000] {base.py:73} INFO - Using connection ID 'postgres_con' for task execution.
[2023-08-30T17:16:11.364+0000] {base.py:73} INFO - Using connection ID 'postgres_con' for task execution.
[2023-08-30T17:16:11.418+0000] {base.py:73} INFO - Using connection ID 'postgres_con' for task execution.
[2023-08-30T17:16:11.473+0000] {base.py:73} INFO - Using connection ID 'postgres_con' for task execution.
[2023-08-30T17:16:11.544+0000] {base.py:73} INFO - Using connection ID 'postgres_con' for task execution.
[2023-08-30T17:16:11.628+0000] {base.py:73} INFO - Using connection ID 'postgres_con' for task execution.
[2023-08-30T17:16:11.715+0000] {base.py:73} INFO - Using connection ID 'postgres_con' for task execution.
[2023-08-30T17:16:11.814+0000] {base.py:73} INFO - Using connection ID 'postgres_con' for task execution.
[2023-08-30T17:16:11.902+0000] {base.py:73} INFO - Using connection ID 'postgres_con' for task execution.
[2023-08-30T17:16:11.980+0000] {base.py:73} INFO - Using connection ID 'postgres_con' for task execution.
[2023-08-30T17:16:12.085+0000] {base.py:73} INFO - Using connection ID 'postgres_con' for task execution.
[2023-08-30T17:16:12.170+0000] {base.py:73} INFO - Using connection ID 'postgres_con' for task execution.
[2023-08-30T17:16:12.250+0000] {base.py:73} INFO - Using connection ID 'postgres_con' for task execution.
[2023-08-30T17:16:12.363+0000] {base.py:73} INFO - Using connection ID 'postgres_con' for task execution.
[2023-08-30T17:16:12.457+0000] {base.py:73} INFO - Using connection ID 'postgres_con' for task execution.
[2023-08-30T17:16:12.542+0000] {base.py:73} INFO - Using connection ID 'postgres_con' for task execution.
[2023-08-30T17:16:12.614+0000] {base.py:73} INFO - Using connection ID 'postgres_con' for task execution.
[2023-08-30T17:16:12.703+0000] {base.py:73} INFO - Using connection ID 'postgres_con' for task execution.
[2023-08-30T17:16:12.769+0000] {base.py:73} INFO - Using connection ID 'postgres_con' for task execution.
[2023-08-30T17:16:12.840+0000] {base.py:73} INFO - Using connection ID 'postgres_con' for task execution.
[2023-08-30T17:16:12.902+0000] {base.py:73} INFO - Using connection ID 'postgres_con' for task execution.
[2023-08-30T17:16:12.987+0000] {base.py:73} INFO - Using connection ID 'postgres_con' for task execution.
[2023-08-30T17:16:13.053+0000] {base.py:73} INFO - Using connection ID 'postgres_con' for task execution.
[2023-08-30T17:16:13.129+0000] {base.py:73} INFO - Using connection ID 'postgres_con' for task execution.
[2023-08-30T17:16:13.243+0000] {base.py:73} INFO - Using connection ID 'postgres_con' for task execution.
[2023-08-30T17:23:48.138+0000] {base.py:73} INFO - Using connection ID 'postgres_con' for task execution.
[2023-08-30T17:23:48.191+0000] {warnings.py:109} WARNING - /home/***/.local/lib/python3.8/site-packages/***/providers/common/sql/hooks/sql.py:219: UserWarning: pandas only supports SQLAlchemy connectable (engine/connection) or database string URI or sqlite3 DBAPI2 connection. Other DBAPI2 objects are not tested. Please consider using SQLAlchemy.
  return psql.read_sql(sql, con=conn, params=parameters, **kwargs)

[2023-08-30T17:23:48.280+0000] {base.py:73} INFO - Using connection ID 'postgres_con' for task execution.
[2023-08-30T17:23:48.288+0000] {warnings.py:109} WARNING - /home/***/.local/lib/python3.8/site-packages/***/providers/common/sql/hooks/sql.py:219: UserWarning: pandas only supports SQLAlchemy connectable (engine/connection) or database string URI or sqlite3 DBAPI2 connection. Other DBAPI2 objects are not tested. Please consider using SQLAlchemy.
  return psql.read_sql(sql, con=conn, params=parameters, **kwargs)

[2023-08-30T17:23:48.307+0000] {python.py:194} INFO - Done. Returned value was: None
[2023-08-30T17:23:48.367+0000] {taskinstance.py:1400} INFO - Marking task as SUCCESS. dag_id=dag_parser, task_id=transform, execution_date=20230830T171454, start_date=20230830T171529, end_date=20230830T172348
[2023-08-30T17:23:48.466+0000] {local_task_job_runner.py:228} INFO - Task exited with return code 0
[2023-08-30T17:23:48.590+0000] {taskinstance.py:2784} INFO - 1 downstream tasks scheduled from follow-on schedule check
