[2023-09-05T09:44:47.071+0000] {taskinstance.py:1159} INFO - Dependencies all met for dep_context=non-requeueable deps ti=<TaskInstance: dag_parser.transform scheduled__2023-09-04T04:00:00+00:00 [queued]>
[2023-09-05T09:44:47.088+0000] {taskinstance.py:1159} INFO - Dependencies all met for dep_context=requeueable deps ti=<TaskInstance: dag_parser.transform scheduled__2023-09-04T04:00:00+00:00 [queued]>
[2023-09-05T09:44:47.092+0000] {taskinstance.py:1361} INFO - Starting attempt 1 of 3
[2023-09-05T09:44:47.118+0000] {taskinstance.py:1382} INFO - Executing <Task(_PythonDecoratedOperator): transform> on 2023-09-04 04:00:00+00:00
[2023-09-05T09:44:47.144+0000] {standard_task_runner.py:57} INFO - Started process 72 to run task
[2023-09-05T09:44:47.177+0000] {standard_task_runner.py:84} INFO - Running: ['***', 'tasks', 'run', 'dag_parser', 'transform', 'scheduled__2023-09-04T04:00:00+00:00', '--job-id', '222', '--raw', '--subdir', 'DAGS_FOLDER/dag_parser.py', '--cfg-path', '/tmp/tmpijqvjjl4']
[2023-09-05T09:44:47.187+0000] {standard_task_runner.py:85} INFO - Job 222: Subtask transform
[2023-09-05T09:44:47.321+0000] {task_command.py:415} INFO - Running <TaskInstance: dag_parser.transform scheduled__2023-09-04T04:00:00+00:00 [running]> on host feadf84b2b4b
[2023-09-05T09:44:48.000+0000] {taskinstance.py:1660} INFO - Exporting env vars: AIRFLOW_CTX_DAG_OWNER='oleg' AIRFLOW_CTX_DAG_ID='dag_parser' AIRFLOW_CTX_TASK_ID='transform' AIRFLOW_CTX_EXECUTION_DATE='2023-09-04T04:00:00+00:00' AIRFLOW_CTX_TRY_NUMBER='1' AIRFLOW_CTX_DAG_RUN_ID='scheduled__2023-09-04T04:00:00+00:00'
[2023-09-05T09:44:48.234+0000] {base.py:73} INFO - Using connection ID 'postgres_con' for task execution.
[2023-09-05T09:44:48.276+0000] {warnings.py:109} WARNING - /home/***/.local/lib/python3.8/site-packages/***/providers/common/sql/hooks/sql.py:219: UserWarning: pandas only supports SQLAlchemy connectable (engine/connection) or database string URI or sqlite3 DBAPI2 connection. Other DBAPI2 objects are not tested. Please consider using SQLAlchemy.
  return psql.read_sql(sql, con=conn, params=parameters, **kwargs)

[2023-09-05T09:44:48.412+0000] {base.py:73} INFO - Using connection ID 'postgres_con' for task execution.
[2023-09-05T09:44:48.489+0000] {base.py:73} INFO - Using connection ID 'postgres_con' for task execution.
[2023-09-05T09:44:48.556+0000] {base.py:73} INFO - Using connection ID 'postgres_con' for task execution.
[2023-09-05T09:44:48.633+0000] {base.py:73} INFO - Using connection ID 'postgres_con' for task execution.
[2023-09-05T09:44:48.687+0000] {base.py:73} INFO - Using connection ID 'postgres_con' for task execution.
[2023-09-05T09:44:48.736+0000] {base.py:73} INFO - Using connection ID 'postgres_con' for task execution.
[2023-09-05T09:44:48.809+0000] {base.py:73} INFO - Using connection ID 'postgres_con' for task execution.
[2023-09-05T09:44:48.871+0000] {base.py:73} INFO - Using connection ID 'postgres_con' for task execution.
[2023-09-05T09:44:48.930+0000] {base.py:73} INFO - Using connection ID 'postgres_con' for task execution.
[2023-09-05T09:44:48.980+0000] {base.py:73} INFO - Using connection ID 'postgres_con' for task execution.
[2023-09-05T09:44:49.057+0000] {base.py:73} INFO - Using connection ID 'postgres_con' for task execution.
[2023-09-05T09:44:49.119+0000] {base.py:73} INFO - Using connection ID 'postgres_con' for task execution.
[2023-09-05T09:44:49.169+0000] {base.py:73} INFO - Using connection ID 'postgres_con' for task execution.
[2023-09-05T09:44:49.217+0000] {base.py:73} INFO - Using connection ID 'postgres_con' for task execution.
[2023-09-05T09:44:49.284+0000] {base.py:73} INFO - Using connection ID 'postgres_con' for task execution.
[2023-09-05T09:44:49.341+0000] {base.py:73} INFO - Using connection ID 'postgres_con' for task execution.
[2023-09-05T09:44:49.386+0000] {base.py:73} INFO - Using connection ID 'postgres_con' for task execution.
[2023-09-05T09:44:49.432+0000] {base.py:73} INFO - Using connection ID 'postgres_con' for task execution.
[2023-09-05T09:44:49.478+0000] {base.py:73} INFO - Using connection ID 'postgres_con' for task execution.
[2023-09-05T09:44:49.525+0000] {base.py:73} INFO - Using connection ID 'postgres_con' for task execution.
[2023-09-05T09:44:49.574+0000] {base.py:73} INFO - Using connection ID 'postgres_con' for task execution.
[2023-09-05T09:44:49.631+0000] {base.py:73} INFO - Using connection ID 'postgres_con' for task execution.
[2023-09-05T09:44:49.704+0000] {base.py:73} INFO - Using connection ID 'postgres_con' for task execution.
[2023-09-05T09:44:49.764+0000] {base.py:73} INFO - Using connection ID 'postgres_con' for task execution.
[2023-09-05T09:44:49.820+0000] {base.py:73} INFO - Using connection ID 'postgres_con' for task execution.
[2023-09-05T09:44:49.897+0000] {base.py:73} INFO - Using connection ID 'postgres_con' for task execution.
[2023-09-05T09:44:49.944+0000] {base.py:73} INFO - Using connection ID 'postgres_con' for task execution.
[2023-09-05T09:44:49.990+0000] {base.py:73} INFO - Using connection ID 'postgres_con' for task execution.
[2023-09-05T09:44:50.036+0000] {base.py:73} INFO - Using connection ID 'postgres_con' for task execution.
[2023-09-05T09:44:50.082+0000] {base.py:73} INFO - Using connection ID 'postgres_con' for task execution.
[2023-09-05T09:44:50.129+0000] {base.py:73} INFO - Using connection ID 'postgres_con' for task execution.
[2023-09-05T09:44:50.192+0000] {base.py:73} INFO - Using connection ID 'postgres_con' for task execution.
[2023-09-05T09:44:50.240+0000] {base.py:73} INFO - Using connection ID 'postgres_con' for task execution.
[2023-09-05T09:44:50.286+0000] {base.py:73} INFO - Using connection ID 'postgres_con' for task execution.
[2023-09-05T09:44:50.333+0000] {base.py:73} INFO - Using connection ID 'postgres_con' for task execution.
[2023-09-05T09:44:50.377+0000] {base.py:73} INFO - Using connection ID 'postgres_con' for task execution.
[2023-09-05T09:44:50.424+0000] {base.py:73} INFO - Using connection ID 'postgres_con' for task execution.
[2023-09-05T09:44:50.470+0000] {base.py:73} INFO - Using connection ID 'postgres_con' for task execution.
[2023-09-05T09:44:50.527+0000] {base.py:73} INFO - Using connection ID 'postgres_con' for task execution.
[2023-09-05T09:44:50.572+0000] {base.py:73} INFO - Using connection ID 'postgres_con' for task execution.
[2023-09-05T09:44:50.618+0000] {base.py:73} INFO - Using connection ID 'postgres_con' for task execution.
[2023-09-05T09:44:50.664+0000] {base.py:73} INFO - Using connection ID 'postgres_con' for task execution.
[2023-09-05T09:44:50.712+0000] {base.py:73} INFO - Using connection ID 'postgres_con' for task execution.
[2023-09-05T09:44:50.758+0000] {base.py:73} INFO - Using connection ID 'postgres_con' for task execution.
[2023-09-05T09:44:50.803+0000] {base.py:73} INFO - Using connection ID 'postgres_con' for task execution.
[2023-09-05T09:44:50.848+0000] {base.py:73} INFO - Using connection ID 'postgres_con' for task execution.
[2023-09-05T09:44:50.893+0000] {base.py:73} INFO - Using connection ID 'postgres_con' for task execution.
[2023-09-05T09:44:50.940+0000] {base.py:73} INFO - Using connection ID 'postgres_con' for task execution.
[2023-09-05T09:44:50.986+0000] {base.py:73} INFO - Using connection ID 'postgres_con' for task execution.
[2023-09-05T09:44:51.033+0000] {base.py:73} INFO - Using connection ID 'postgres_con' for task execution.
[2023-09-05T09:44:51.080+0000] {base.py:73} INFO - Using connection ID 'postgres_con' for task execution.
[2023-09-05T09:44:51.126+0000] {base.py:73} INFO - Using connection ID 'postgres_con' for task execution.
[2023-09-05T09:44:51.172+0000] {base.py:73} INFO - Using connection ID 'postgres_con' for task execution.
[2023-09-05T09:44:51.217+0000] {base.py:73} INFO - Using connection ID 'postgres_con' for task execution.
[2023-09-05T09:44:51.273+0000] {base.py:73} INFO - Using connection ID 'postgres_con' for task execution.
[2023-09-05T09:44:51.324+0000] {base.py:73} INFO - Using connection ID 'postgres_con' for task execution.
[2023-09-05T09:44:51.372+0000] {base.py:73} INFO - Using connection ID 'postgres_con' for task execution.
[2023-09-05T09:44:51.420+0000] {base.py:73} INFO - Using connection ID 'postgres_con' for task execution.
[2023-09-05T09:44:51.469+0000] {base.py:73} INFO - Using connection ID 'postgres_con' for task execution.
[2023-09-05T09:44:51.516+0000] {base.py:73} INFO - Using connection ID 'postgres_con' for task execution.
[2023-09-05T09:44:51.569+0000] {base.py:73} INFO - Using connection ID 'postgres_con' for task execution.
[2023-09-05T09:44:51.618+0000] {base.py:73} INFO - Using connection ID 'postgres_con' for task execution.
[2023-09-05T09:44:51.667+0000] {base.py:73} INFO - Using connection ID 'postgres_con' for task execution.
[2023-09-05T09:44:51.713+0000] {base.py:73} INFO - Using connection ID 'postgres_con' for task execution.
[2023-09-05T09:44:51.760+0000] {base.py:73} INFO - Using connection ID 'postgres_con' for task execution.
[2023-09-05T09:44:51.805+0000] {base.py:73} INFO - Using connection ID 'postgres_con' for task execution.
[2023-09-05T09:44:51.853+0000] {base.py:73} INFO - Using connection ID 'postgres_con' for task execution.
[2023-09-05T09:44:51.908+0000] {base.py:73} INFO - Using connection ID 'postgres_con' for task execution.
[2023-09-05T09:44:51.956+0000] {base.py:73} INFO - Using connection ID 'postgres_con' for task execution.
[2023-09-05T09:44:52.003+0000] {base.py:73} INFO - Using connection ID 'postgres_con' for task execution.
[2023-09-05T09:44:52.052+0000] {base.py:73} INFO - Using connection ID 'postgres_con' for task execution.
[2023-09-05T09:44:52.106+0000] {base.py:73} INFO - Using connection ID 'postgres_con' for task execution.
[2023-09-05T09:44:52.152+0000] {base.py:73} INFO - Using connection ID 'postgres_con' for task execution.
[2023-09-05T09:44:52.205+0000] {base.py:73} INFO - Using connection ID 'postgres_con' for task execution.
[2023-09-05T09:44:52.270+0000] {base.py:73} INFO - Using connection ID 'postgres_con' for task execution.
[2023-09-05T09:44:52.319+0000] {base.py:73} INFO - Using connection ID 'postgres_con' for task execution.
[2023-09-05T09:44:52.368+0000] {base.py:73} INFO - Using connection ID 'postgres_con' for task execution.
[2023-09-05T09:44:52.417+0000] {base.py:73} INFO - Using connection ID 'postgres_con' for task execution.
[2023-09-05T09:44:52.466+0000] {base.py:73} INFO - Using connection ID 'postgres_con' for task execution.
[2023-09-05T09:44:52.556+0000] {base.py:73} INFO - Using connection ID 'postgres_con' for task execution.
[2023-09-05T09:44:52.651+0000] {base.py:73} INFO - Using connection ID 'postgres_con' for task execution.
[2023-09-05T09:44:52.707+0000] {base.py:73} INFO - Using connection ID 'postgres_con' for task execution.
[2023-09-05T09:44:52.755+0000] {base.py:73} INFO - Using connection ID 'postgres_con' for task execution.
[2023-09-05T09:44:52.804+0000] {base.py:73} INFO - Using connection ID 'postgres_con' for task execution.
[2023-09-05T09:44:52.853+0000] {base.py:73} INFO - Using connection ID 'postgres_con' for task execution.
[2023-09-05T09:44:52.900+0000] {base.py:73} INFO - Using connection ID 'postgres_con' for task execution.
[2023-09-05T09:44:52.950+0000] {base.py:73} INFO - Using connection ID 'postgres_con' for task execution.
[2023-09-05T09:44:53.002+0000] {base.py:73} INFO - Using connection ID 'postgres_con' for task execution.
[2023-09-05T09:44:53.051+0000] {base.py:73} INFO - Using connection ID 'postgres_con' for task execution.
[2023-09-05T09:44:53.102+0000] {base.py:73} INFO - Using connection ID 'postgres_con' for task execution.
[2023-09-05T09:44:53.160+0000] {base.py:73} INFO - Using connection ID 'postgres_con' for task execution.
[2023-09-05T09:44:53.209+0000] {base.py:73} INFO - Using connection ID 'postgres_con' for task execution.
[2023-09-05T09:44:53.260+0000] {base.py:73} INFO - Using connection ID 'postgres_con' for task execution.
[2023-09-05T09:44:53.314+0000] {base.py:73} INFO - Using connection ID 'postgres_con' for task execution.
[2023-09-05T09:44:53.365+0000] {base.py:73} INFO - Using connection ID 'postgres_con' for task execution.
[2023-09-05T09:44:53.414+0000] {base.py:73} INFO - Using connection ID 'postgres_con' for task execution.
[2023-09-05T09:44:53.466+0000] {base.py:73} INFO - Using connection ID 'postgres_con' for task execution.
[2023-09-05T09:44:53.515+0000] {base.py:73} INFO - Using connection ID 'postgres_con' for task execution.
[2023-09-05T09:44:53.565+0000] {base.py:73} INFO - Using connection ID 'postgres_con' for task execution.
[2023-09-05T09:44:53.614+0000] {base.py:73} INFO - Using connection ID 'postgres_con' for task execution.
[2023-09-05T09:44:53.670+0000] {base.py:73} INFO - Using connection ID 'postgres_con' for task execution.
[2023-09-05T09:44:53.719+0000] {base.py:73} INFO - Using connection ID 'postgres_con' for task execution.
[2023-09-05T09:44:53.769+0000] {base.py:73} INFO - Using connection ID 'postgres_con' for task execution.
[2023-09-05T09:44:53.817+0000] {base.py:73} INFO - Using connection ID 'postgres_con' for task execution.
[2023-09-05T09:44:53.865+0000] {base.py:73} INFO - Using connection ID 'postgres_con' for task execution.
[2023-09-05T09:44:53.914+0000] {base.py:73} INFO - Using connection ID 'postgres_con' for task execution.
[2023-09-05T09:44:53.964+0000] {base.py:73} INFO - Using connection ID 'postgres_con' for task execution.
[2023-09-05T09:44:54.013+0000] {base.py:73} INFO - Using connection ID 'postgres_con' for task execution.
[2023-09-05T09:44:54.065+0000] {base.py:73} INFO - Using connection ID 'postgres_con' for task execution.
[2023-09-05T09:44:54.116+0000] {base.py:73} INFO - Using connection ID 'postgres_con' for task execution.
[2023-09-05T09:44:54.165+0000] {base.py:73} INFO - Using connection ID 'postgres_con' for task execution.
[2023-09-05T09:44:54.217+0000] {base.py:73} INFO - Using connection ID 'postgres_con' for task execution.
[2023-09-05T09:44:54.265+0000] {base.py:73} INFO - Using connection ID 'postgres_con' for task execution.
[2023-09-05T09:44:54.315+0000] {base.py:73} INFO - Using connection ID 'postgres_con' for task execution.
[2023-09-05T09:44:54.365+0000] {base.py:73} INFO - Using connection ID 'postgres_con' for task execution.
[2023-09-05T09:44:54.416+0000] {base.py:73} INFO - Using connection ID 'postgres_con' for task execution.
[2023-09-05T09:44:54.465+0000] {base.py:73} INFO - Using connection ID 'postgres_con' for task execution.
[2023-09-05T09:44:54.516+0000] {base.py:73} INFO - Using connection ID 'postgres_con' for task execution.
[2023-09-05T09:44:54.570+0000] {base.py:73} INFO - Using connection ID 'postgres_con' for task execution.
[2023-09-05T09:44:54.621+0000] {base.py:73} INFO - Using connection ID 'postgres_con' for task execution.
[2023-09-05T09:44:54.672+0000] {base.py:73} INFO - Using connection ID 'postgres_con' for task execution.
[2023-09-05T09:44:54.731+0000] {base.py:73} INFO - Using connection ID 'postgres_con' for task execution.
[2023-09-05T09:44:54.780+0000] {base.py:73} INFO - Using connection ID 'postgres_con' for task execution.
[2023-09-05T09:44:54.830+0000] {base.py:73} INFO - Using connection ID 'postgres_con' for task execution.
[2023-09-05T09:44:54.882+0000] {base.py:73} INFO - Using connection ID 'postgres_con' for task execution.
[2023-09-05T09:44:54.933+0000] {base.py:73} INFO - Using connection ID 'postgres_con' for task execution.
[2023-09-05T09:44:54.984+0000] {base.py:73} INFO - Using connection ID 'postgres_con' for task execution.
[2023-09-05T09:44:55.033+0000] {base.py:73} INFO - Using connection ID 'postgres_con' for task execution.
[2023-09-05T09:44:55.083+0000] {base.py:73} INFO - Using connection ID 'postgres_con' for task execution.
[2023-09-05T09:44:55.134+0000] {base.py:73} INFO - Using connection ID 'postgres_con' for task execution.
[2023-09-05T09:44:55.182+0000] {base.py:73} INFO - Using connection ID 'postgres_con' for task execution.
[2023-09-05T09:44:55.235+0000] {base.py:73} INFO - Using connection ID 'postgres_con' for task execution.
[2023-09-05T09:44:55.289+0000] {base.py:73} INFO - Using connection ID 'postgres_con' for task execution.
[2023-09-05T09:44:55.341+0000] {base.py:73} INFO - Using connection ID 'postgres_con' for task execution.
[2023-09-05T09:44:55.390+0000] {base.py:73} INFO - Using connection ID 'postgres_con' for task execution.
[2023-09-05T09:44:55.440+0000] {base.py:73} INFO - Using connection ID 'postgres_con' for task execution.
[2023-09-05T09:44:55.494+0000] {base.py:73} INFO - Using connection ID 'postgres_con' for task execution.
[2023-09-05T09:44:55.543+0000] {base.py:73} INFO - Using connection ID 'postgres_con' for task execution.
[2023-09-05T09:44:55.596+0000] {base.py:73} INFO - Using connection ID 'postgres_con' for task execution.
[2023-09-05T09:44:55.650+0000] {base.py:73} INFO - Using connection ID 'postgres_con' for task execution.
[2023-09-05T09:44:55.703+0000] {base.py:73} INFO - Using connection ID 'postgres_con' for task execution.
[2023-09-05T09:44:55.753+0000] {base.py:73} INFO - Using connection ID 'postgres_con' for task execution.
[2023-09-05T09:44:55.804+0000] {base.py:73} INFO - Using connection ID 'postgres_con' for task execution.
[2023-09-05T09:44:55.857+0000] {base.py:73} INFO - Using connection ID 'postgres_con' for task execution.
[2023-09-05T09:44:55.908+0000] {base.py:73} INFO - Using connection ID 'postgres_con' for task execution.
[2023-09-05T09:44:55.959+0000] {base.py:73} INFO - Using connection ID 'postgres_con' for task execution.
[2023-09-05T09:44:56.017+0000] {base.py:73} INFO - Using connection ID 'postgres_con' for task execution.
[2023-09-05T09:44:56.075+0000] {base.py:73} INFO - Using connection ID 'postgres_con' for task execution.
[2023-09-05T09:44:56.141+0000] {base.py:73} INFO - Using connection ID 'postgres_con' for task execution.
[2023-09-05T09:44:56.215+0000] {base.py:73} INFO - Using connection ID 'postgres_con' for task execution.
[2023-09-05T09:44:56.287+0000] {base.py:73} INFO - Using connection ID 'postgres_con' for task execution.
[2023-09-05T09:44:56.361+0000] {base.py:73} INFO - Using connection ID 'postgres_con' for task execution.
[2023-09-05T09:44:56.418+0000] {base.py:73} INFO - Using connection ID 'postgres_con' for task execution.
[2023-09-05T09:44:56.470+0000] {base.py:73} INFO - Using connection ID 'postgres_con' for task execution.
[2023-09-05T09:44:56.524+0000] {base.py:73} INFO - Using connection ID 'postgres_con' for task execution.
[2023-09-05T09:44:56.605+0000] {base.py:73} INFO - Using connection ID 'postgres_con' for task execution.
[2023-09-05T09:44:56.672+0000] {base.py:73} INFO - Using connection ID 'postgres_con' for task execution.
[2023-09-05T09:44:56.746+0000] {base.py:73} INFO - Using connection ID 'postgres_con' for task execution.
[2023-09-05T09:44:56.846+0000] {base.py:73} INFO - Using connection ID 'postgres_con' for task execution.
[2023-09-05T09:44:56.937+0000] {base.py:73} INFO - Using connection ID 'postgres_con' for task execution.
[2023-09-05T09:44:56.990+0000] {base.py:73} INFO - Using connection ID 'postgres_con' for task execution.
[2023-09-05T09:44:57.044+0000] {base.py:73} INFO - Using connection ID 'postgres_con' for task execution.
[2023-09-05T09:44:57.095+0000] {base.py:73} INFO - Using connection ID 'postgres_con' for task execution.
[2023-09-05T09:44:57.150+0000] {base.py:73} INFO - Using connection ID 'postgres_con' for task execution.
[2023-09-05T09:44:57.207+0000] {base.py:73} INFO - Using connection ID 'postgres_con' for task execution.
[2023-09-05T09:44:57.264+0000] {base.py:73} INFO - Using connection ID 'postgres_con' for task execution.
[2023-09-05T09:44:57.333+0000] {base.py:73} INFO - Using connection ID 'postgres_con' for task execution.
[2023-09-05T09:44:57.388+0000] {base.py:73} INFO - Using connection ID 'postgres_con' for task execution.
[2023-09-05T09:44:57.441+0000] {base.py:73} INFO - Using connection ID 'postgres_con' for task execution.
[2023-09-05T09:44:57.495+0000] {base.py:73} INFO - Using connection ID 'postgres_con' for task execution.
[2023-09-05T09:44:57.548+0000] {base.py:73} INFO - Using connection ID 'postgres_con' for task execution.
[2023-09-05T09:44:57.605+0000] {base.py:73} INFO - Using connection ID 'postgres_con' for task execution.
[2023-09-05T09:44:57.659+0000] {base.py:73} INFO - Using connection ID 'postgres_con' for task execution.
[2023-09-05T09:44:57.713+0000] {base.py:73} INFO - Using connection ID 'postgres_con' for task execution.
[2023-09-05T09:44:57.770+0000] {base.py:73} INFO - Using connection ID 'postgres_con' for task execution.
[2023-09-05T09:44:57.832+0000] {base.py:73} INFO - Using connection ID 'postgres_con' for task execution.
[2023-09-05T09:44:57.913+0000] {base.py:73} INFO - Using connection ID 'postgres_con' for task execution.
[2023-09-05T09:44:58.005+0000] {base.py:73} INFO - Using connection ID 'postgres_con' for task execution.
[2023-09-05T09:44:58.073+0000] {base.py:73} INFO - Using connection ID 'postgres_con' for task execution.
[2023-09-05T09:44:58.180+0000] {base.py:73} INFO - Using connection ID 'postgres_con' for task execution.
[2023-09-05T09:44:58.306+0000] {base.py:73} INFO - Using connection ID 'postgres_con' for task execution.
[2023-09-05T09:44:58.376+0000] {base.py:73} INFO - Using connection ID 'postgres_con' for task execution.
[2023-09-05T09:44:58.440+0000] {base.py:73} INFO - Using connection ID 'postgres_con' for task execution.
[2023-09-05T09:44:58.552+0000] {base.py:73} INFO - Using connection ID 'postgres_con' for task execution.
[2023-09-05T09:44:58.701+0000] {base.py:73} INFO - Using connection ID 'postgres_con' for task execution.
[2023-09-05T09:44:58.774+0000] {base.py:73} INFO - Using connection ID 'postgres_con' for task execution.
[2023-09-05T09:44:58.836+0000] {base.py:73} INFO - Using connection ID 'postgres_con' for task execution.
[2023-09-05T09:44:58.915+0000] {base.py:73} INFO - Using connection ID 'postgres_con' for task execution.
[2023-09-05T09:44:58.986+0000] {base.py:73} INFO - Using connection ID 'postgres_con' for task execution.
[2023-09-05T09:44:59.100+0000] {base.py:73} INFO - Using connection ID 'postgres_con' for task execution.
[2023-09-05T09:44:59.190+0000] {base.py:73} INFO - Using connection ID 'postgres_con' for task execution.
[2023-09-05T09:44:59.252+0000] {base.py:73} INFO - Using connection ID 'postgres_con' for task execution.
[2023-09-05T09:44:59.312+0000] {base.py:73} INFO - Using connection ID 'postgres_con' for task execution.
[2023-09-05T09:44:59.384+0000] {base.py:73} INFO - Using connection ID 'postgres_con' for task execution.
[2023-09-05T09:44:59.439+0000] {base.py:73} INFO - Using connection ID 'postgres_con' for task execution.
[2023-09-05T09:44:59.493+0000] {base.py:73} INFO - Using connection ID 'postgres_con' for task execution.
[2023-09-05T09:44:59.549+0000] {base.py:73} INFO - Using connection ID 'postgres_con' for task execution.
[2023-09-05T09:44:59.610+0000] {base.py:73} INFO - Using connection ID 'postgres_con' for task execution.
[2023-09-05T09:44:59.692+0000] {base.py:73} INFO - Using connection ID 'postgres_con' for task execution.
[2023-09-05T09:44:59.747+0000] {base.py:73} INFO - Using connection ID 'postgres_con' for task execution.
[2023-09-05T09:44:59.814+0000] {base.py:73} INFO - Using connection ID 'postgres_con' for task execution.
[2023-09-05T09:44:59.871+0000] {base.py:73} INFO - Using connection ID 'postgres_con' for task execution.
[2023-09-05T09:44:59.929+0000] {base.py:73} INFO - Using connection ID 'postgres_con' for task execution.
[2023-09-05T09:44:59.995+0000] {base.py:73} INFO - Using connection ID 'postgres_con' for task execution.
[2023-09-05T09:45:00.055+0000] {base.py:73} INFO - Using connection ID 'postgres_con' for task execution.
[2023-09-05T09:45:00.125+0000] {base.py:73} INFO - Using connection ID 'postgres_con' for task execution.
[2023-09-05T09:45:00.193+0000] {base.py:73} INFO - Using connection ID 'postgres_con' for task execution.
[2023-09-05T09:45:00.269+0000] {base.py:73} INFO - Using connection ID 'postgres_con' for task execution.
[2023-09-05T09:45:00.333+0000] {base.py:73} INFO - Using connection ID 'postgres_con' for task execution.
[2023-09-05T09:45:00.389+0000] {base.py:73} INFO - Using connection ID 'postgres_con' for task execution.
[2023-09-05T09:45:00.463+0000] {base.py:73} INFO - Using connection ID 'postgres_con' for task execution.
[2023-09-05T09:45:00.521+0000] {base.py:73} INFO - Using connection ID 'postgres_con' for task execution.
[2023-09-05T09:45:00.591+0000] {base.py:73} INFO - Using connection ID 'postgres_con' for task execution.
[2023-09-05T09:45:00.647+0000] {base.py:73} INFO - Using connection ID 'postgres_con' for task execution.
[2023-09-05T09:45:00.703+0000] {base.py:73} INFO - Using connection ID 'postgres_con' for task execution.
[2023-09-05T09:45:00.760+0000] {base.py:73} INFO - Using connection ID 'postgres_con' for task execution.
[2023-09-05T09:45:00.818+0000] {base.py:73} INFO - Using connection ID 'postgres_con' for task execution.
[2023-09-05T09:45:00.872+0000] {base.py:73} INFO - Using connection ID 'postgres_con' for task execution.
[2023-09-05T09:45:00.927+0000] {base.py:73} INFO - Using connection ID 'postgres_con' for task execution.
[2023-09-05T09:45:00.984+0000] {base.py:73} INFO - Using connection ID 'postgres_con' for task execution.
[2023-09-05T09:45:01.039+0000] {base.py:73} INFO - Using connection ID 'postgres_con' for task execution.
[2023-09-05T09:45:01.097+0000] {base.py:73} INFO - Using connection ID 'postgres_con' for task execution.
[2023-09-05T09:45:01.157+0000] {base.py:73} INFO - Using connection ID 'postgres_con' for task execution.
[2023-09-05T09:45:01.215+0000] {base.py:73} INFO - Using connection ID 'postgres_con' for task execution.
[2023-09-05T09:45:01.272+0000] {base.py:73} INFO - Using connection ID 'postgres_con' for task execution.
[2023-09-05T09:45:01.338+0000] {base.py:73} INFO - Using connection ID 'postgres_con' for task execution.
[2023-09-05T09:45:01.410+0000] {base.py:73} INFO - Using connection ID 'postgres_con' for task execution.
[2023-09-05T09:45:01.479+0000] {base.py:73} INFO - Using connection ID 'postgres_con' for task execution.
[2023-09-05T09:45:01.548+0000] {base.py:73} INFO - Using connection ID 'postgres_con' for task execution.
[2023-09-05T09:45:01.623+0000] {base.py:73} INFO - Using connection ID 'postgres_con' for task execution.
[2023-09-05T09:45:01.697+0000] {base.py:73} INFO - Using connection ID 'postgres_con' for task execution.
[2023-09-05T09:45:01.783+0000] {base.py:73} INFO - Using connection ID 'postgres_con' for task execution.
[2023-09-05T09:45:01.851+0000] {base.py:73} INFO - Using connection ID 'postgres_con' for task execution.
[2023-09-05T09:45:01.913+0000] {base.py:73} INFO - Using connection ID 'postgres_con' for task execution.
[2023-09-05T09:45:01.987+0000] {base.py:73} INFO - Using connection ID 'postgres_con' for task execution.
[2023-09-05T09:45:02.049+0000] {base.py:73} INFO - Using connection ID 'postgres_con' for task execution.
[2023-09-05T09:45:02.107+0000] {base.py:73} INFO - Using connection ID 'postgres_con' for task execution.
[2023-09-05T09:45:02.166+0000] {base.py:73} INFO - Using connection ID 'postgres_con' for task execution.
[2023-09-05T09:45:02.235+0000] {base.py:73} INFO - Using connection ID 'postgres_con' for task execution.
[2023-09-05T09:45:02.290+0000] {base.py:73} INFO - Using connection ID 'postgres_con' for task execution.
[2023-09-05T09:45:02.348+0000] {base.py:73} INFO - Using connection ID 'postgres_con' for task execution.
[2023-09-05T09:45:02.411+0000] {base.py:73} INFO - Using connection ID 'postgres_con' for task execution.
[2023-09-05T09:45:02.472+0000] {base.py:73} INFO - Using connection ID 'postgres_con' for task execution.
[2023-09-05T09:45:02.530+0000] {base.py:73} INFO - Using connection ID 'postgres_con' for task execution.
[2023-09-05T09:45:02.589+0000] {base.py:73} INFO - Using connection ID 'postgres_con' for task execution.
[2023-09-05T09:45:02.644+0000] {base.py:73} INFO - Using connection ID 'postgres_con' for task execution.
[2023-09-05T09:45:02.701+0000] {base.py:73} INFO - Using connection ID 'postgres_con' for task execution.
[2023-09-05T09:45:02.758+0000] {base.py:73} INFO - Using connection ID 'postgres_con' for task execution.
[2023-09-05T09:45:02.819+0000] {base.py:73} INFO - Using connection ID 'postgres_con' for task execution.
[2023-09-05T09:45:02.876+0000] {base.py:73} INFO - Using connection ID 'postgres_con' for task execution.
[2023-09-05T09:45:02.933+0000] {base.py:73} INFO - Using connection ID 'postgres_con' for task execution.
[2023-09-05T09:45:03.000+0000] {base.py:73} INFO - Using connection ID 'postgres_con' for task execution.
[2023-09-05T09:45:03.066+0000] {base.py:73} INFO - Using connection ID 'postgres_con' for task execution.
[2023-09-05T09:45:03.144+0000] {base.py:73} INFO - Using connection ID 'postgres_con' for task execution.
[2023-09-05T09:45:03.222+0000] {base.py:73} INFO - Using connection ID 'postgres_con' for task execution.
[2023-09-05T09:45:03.319+0000] {base.py:73} INFO - Using connection ID 'postgres_con' for task execution.
[2023-09-05T09:45:03.409+0000] {base.py:73} INFO - Using connection ID 'postgres_con' for task execution.
[2023-09-05T09:45:03.474+0000] {base.py:73} INFO - Using connection ID 'postgres_con' for task execution.
[2023-09-05T09:45:03.531+0000] {base.py:73} INFO - Using connection ID 'postgres_con' for task execution.
[2023-09-05T09:45:03.590+0000] {base.py:73} INFO - Using connection ID 'postgres_con' for task execution.
[2023-09-05T09:45:03.652+0000] {base.py:73} INFO - Using connection ID 'postgres_con' for task execution.
[2023-09-05T09:45:03.720+0000] {base.py:73} INFO - Using connection ID 'postgres_con' for task execution.
[2023-09-05T09:45:03.781+0000] {base.py:73} INFO - Using connection ID 'postgres_con' for task execution.
[2023-09-05T09:45:03.838+0000] {base.py:73} INFO - Using connection ID 'postgres_con' for task execution.
[2023-09-05T09:45:03.896+0000] {base.py:73} INFO - Using connection ID 'postgres_con' for task execution.
[2023-09-05T09:45:03.953+0000] {base.py:73} INFO - Using connection ID 'postgres_con' for task execution.
[2023-09-05T09:45:04.010+0000] {base.py:73} INFO - Using connection ID 'postgres_con' for task execution.
[2023-09-05T09:45:04.069+0000] {base.py:73} INFO - Using connection ID 'postgres_con' for task execution.
[2023-09-05T09:45:04.128+0000] {base.py:73} INFO - Using connection ID 'postgres_con' for task execution.
[2023-09-05T09:45:04.185+0000] {base.py:73} INFO - Using connection ID 'postgres_con' for task execution.
[2023-09-05T09:45:04.242+0000] {base.py:73} INFO - Using connection ID 'postgres_con' for task execution.
[2023-09-05T09:45:04.299+0000] {base.py:73} INFO - Using connection ID 'postgres_con' for task execution.
[2023-09-05T09:45:04.360+0000] {base.py:73} INFO - Using connection ID 'postgres_con' for task execution.
[2023-09-05T09:45:04.417+0000] {base.py:73} INFO - Using connection ID 'postgres_con' for task execution.
[2023-09-05T09:45:04.484+0000] {base.py:73} INFO - Using connection ID 'postgres_con' for task execution.
[2023-09-05T09:45:04.628+0000] {base.py:73} INFO - Using connection ID 'postgres_con' for task execution.
[2023-09-05T09:45:04.746+0000] {base.py:73} INFO - Using connection ID 'postgres_con' for task execution.
[2023-09-05T09:45:04.812+0000] {base.py:73} INFO - Using connection ID 'postgres_con' for task execution.
[2023-09-05T09:45:04.893+0000] {base.py:73} INFO - Using connection ID 'postgres_con' for task execution.
[2023-09-05T09:45:04.978+0000] {base.py:73} INFO - Using connection ID 'postgres_con' for task execution.
[2023-09-05T09:45:05.053+0000] {base.py:73} INFO - Using connection ID 'postgres_con' for task execution.
[2023-09-05T09:45:05.126+0000] {base.py:73} INFO - Using connection ID 'postgres_con' for task execution.
[2023-09-05T09:45:05.195+0000] {base.py:73} INFO - Using connection ID 'postgres_con' for task execution.
[2023-09-05T09:45:05.254+0000] {base.py:73} INFO - Using connection ID 'postgres_con' for task execution.
[2023-09-05T09:45:05.314+0000] {base.py:73} INFO - Using connection ID 'postgres_con' for task execution.
[2023-09-05T09:45:05.386+0000] {base.py:73} INFO - Using connection ID 'postgres_con' for task execution.
[2023-09-05T09:45:05.447+0000] {base.py:73} INFO - Using connection ID 'postgres_con' for task execution.
[2023-09-05T09:45:05.506+0000] {base.py:73} INFO - Using connection ID 'postgres_con' for task execution.
[2023-09-05T09:45:05.564+0000] {base.py:73} INFO - Using connection ID 'postgres_con' for task execution.
[2023-09-05T09:45:05.622+0000] {base.py:73} INFO - Using connection ID 'postgres_con' for task execution.
[2023-09-05T09:45:05.693+0000] {base.py:73} INFO - Using connection ID 'postgres_con' for task execution.
[2023-09-05T09:45:05.758+0000] {base.py:73} INFO - Using connection ID 'postgres_con' for task execution.
[2023-09-05T09:45:05.817+0000] {base.py:73} INFO - Using connection ID 'postgres_con' for task execution.
[2023-09-05T09:45:05.876+0000] {base.py:73} INFO - Using connection ID 'postgres_con' for task execution.
[2023-09-05T09:45:05.934+0000] {base.py:73} INFO - Using connection ID 'postgres_con' for task execution.
[2023-09-05T09:45:05.992+0000] {base.py:73} INFO - Using connection ID 'postgres_con' for task execution.
[2023-09-05T09:45:06.050+0000] {base.py:73} INFO - Using connection ID 'postgres_con' for task execution.
[2023-09-05T09:45:06.108+0000] {base.py:73} INFO - Using connection ID 'postgres_con' for task execution.
[2023-09-05T09:45:06.166+0000] {base.py:73} INFO - Using connection ID 'postgres_con' for task execution.
[2023-09-05T09:45:06.238+0000] {base.py:73} INFO - Using connection ID 'postgres_con' for task execution.
[2023-09-05T09:45:06.301+0000] {base.py:73} INFO - Using connection ID 'postgres_con' for task execution.
[2023-09-05T09:45:06.377+0000] {base.py:73} INFO - Using connection ID 'postgres_con' for task execution.
[2023-09-05T09:45:06.467+0000] {base.py:73} INFO - Using connection ID 'postgres_con' for task execution.
[2023-09-05T09:45:06.536+0000] {base.py:73} INFO - Using connection ID 'postgres_con' for task execution.
[2023-09-05T09:45:06.601+0000] {base.py:73} INFO - Using connection ID 'postgres_con' for task execution.
[2023-09-05T09:45:06.660+0000] {base.py:73} INFO - Using connection ID 'postgres_con' for task execution.
[2023-09-05T09:45:06.721+0000] {base.py:73} INFO - Using connection ID 'postgres_con' for task execution.
[2023-09-05T09:45:06.784+0000] {base.py:73} INFO - Using connection ID 'postgres_con' for task execution.
[2023-09-05T09:45:06.878+0000] {base.py:73} INFO - Using connection ID 'postgres_con' for task execution.
[2023-09-05T09:45:06.945+0000] {base.py:73} INFO - Using connection ID 'postgres_con' for task execution.
[2023-09-05T09:45:07.005+0000] {base.py:73} INFO - Using connection ID 'postgres_con' for task execution.
[2023-09-05T09:45:07.066+0000] {base.py:73} INFO - Using connection ID 'postgres_con' for task execution.
[2023-09-05T09:45:07.126+0000] {base.py:73} INFO - Using connection ID 'postgres_con' for task execution.
[2023-09-05T09:45:07.186+0000] {base.py:73} INFO - Using connection ID 'postgres_con' for task execution.
[2023-09-05T09:45:07.248+0000] {base.py:73} INFO - Using connection ID 'postgres_con' for task execution.
[2023-09-05T09:45:07.311+0000] {base.py:73} INFO - Using connection ID 'postgres_con' for task execution.
[2023-09-05T09:45:07.375+0000] {base.py:73} INFO - Using connection ID 'postgres_con' for task execution.
[2023-09-05T09:45:07.449+0000] {base.py:73} INFO - Using connection ID 'postgres_con' for task execution.
[2023-09-05T09:45:07.507+0000] {base.py:73} INFO - Using connection ID 'postgres_con' for task execution.
[2023-09-05T09:45:07.567+0000] {base.py:73} INFO - Using connection ID 'postgres_con' for task execution.
[2023-09-05T09:45:07.628+0000] {base.py:73} INFO - Using connection ID 'postgres_con' for task execution.
[2023-09-05T09:45:07.689+0000] {base.py:73} INFO - Using connection ID 'postgres_con' for task execution.
[2023-09-05T09:45:07.755+0000] {base.py:73} INFO - Using connection ID 'postgres_con' for task execution.
[2023-09-05T09:45:07.815+0000] {base.py:73} INFO - Using connection ID 'postgres_con' for task execution.
[2023-09-05T09:45:07.876+0000] {base.py:73} INFO - Using connection ID 'postgres_con' for task execution.
[2023-09-05T09:45:07.947+0000] {base.py:73} INFO - Using connection ID 'postgres_con' for task execution.
[2023-09-05T09:45:08.006+0000] {base.py:73} INFO - Using connection ID 'postgres_con' for task execution.
[2023-09-05T09:45:08.073+0000] {base.py:73} INFO - Using connection ID 'postgres_con' for task execution.
[2023-09-05T09:45:08.137+0000] {base.py:73} INFO - Using connection ID 'postgres_con' for task execution.
[2023-09-05T09:45:08.195+0000] {base.py:73} INFO - Using connection ID 'postgres_con' for task execution.
[2023-09-05T09:45:08.266+0000] {base.py:73} INFO - Using connection ID 'postgres_con' for task execution.
[2023-09-05T09:45:08.354+0000] {base.py:73} INFO - Using connection ID 'postgres_con' for task execution.
[2023-09-05T09:45:08.421+0000] {base.py:73} INFO - Using connection ID 'postgres_con' for task execution.
[2023-09-05T09:45:08.479+0000] {base.py:73} INFO - Using connection ID 'postgres_con' for task execution.
[2023-09-05T09:45:08.541+0000] {base.py:73} INFO - Using connection ID 'postgres_con' for task execution.
[2023-09-05T09:45:08.605+0000] {base.py:73} INFO - Using connection ID 'postgres_con' for task execution.
[2023-09-05T09:45:08.666+0000] {base.py:73} INFO - Using connection ID 'postgres_con' for task execution.
[2023-09-05T09:45:08.725+0000] {base.py:73} INFO - Using connection ID 'postgres_con' for task execution.
[2023-09-05T09:45:08.783+0000] {base.py:73} INFO - Using connection ID 'postgres_con' for task execution.
[2023-09-05T09:45:08.843+0000] {base.py:73} INFO - Using connection ID 'postgres_con' for task execution.
[2023-09-05T09:45:08.904+0000] {base.py:73} INFO - Using connection ID 'postgres_con' for task execution.
[2023-09-05T09:45:08.977+0000] {base.py:73} INFO - Using connection ID 'postgres_con' for task execution.
[2023-09-05T09:45:09.036+0000] {base.py:73} INFO - Using connection ID 'postgres_con' for task execution.
[2023-09-05T09:45:09.098+0000] {base.py:73} INFO - Using connection ID 'postgres_con' for task execution.
[2023-09-05T09:45:09.158+0000] {base.py:73} INFO - Using connection ID 'postgres_con' for task execution.
[2023-09-05T09:45:09.215+0000] {base.py:73} INFO - Using connection ID 'postgres_con' for task execution.
[2023-09-05T09:45:09.278+0000] {base.py:73} INFO - Using connection ID 'postgres_con' for task execution.
[2023-09-05T09:45:09.339+0000] {base.py:73} INFO - Using connection ID 'postgres_con' for task execution.
[2023-09-05T09:45:09.405+0000] {base.py:73} INFO - Using connection ID 'postgres_con' for task execution.
[2023-09-05T09:45:09.466+0000] {base.py:73} INFO - Using connection ID 'postgres_con' for task execution.
[2023-09-05T09:45:09.546+0000] {base.py:73} INFO - Using connection ID 'postgres_con' for task execution.
[2023-09-05T09:45:09.610+0000] {base.py:73} INFO - Using connection ID 'postgres_con' for task execution.
[2023-09-05T09:45:09.669+0000] {base.py:73} INFO - Using connection ID 'postgres_con' for task execution.
[2023-09-05T09:45:09.739+0000] {base.py:73} INFO - Using connection ID 'postgres_con' for task execution.
[2023-09-05T09:45:09.804+0000] {base.py:73} INFO - Using connection ID 'postgres_con' for task execution.
[2023-09-05T09:45:09.863+0000] {base.py:73} INFO - Using connection ID 'postgres_con' for task execution.
[2023-09-05T09:45:09.923+0000] {base.py:73} INFO - Using connection ID 'postgres_con' for task execution.
[2023-09-05T09:45:09.984+0000] {base.py:73} INFO - Using connection ID 'postgres_con' for task execution.
[2023-09-05T09:45:10.040+0000] {base.py:73} INFO - Using connection ID 'postgres_con' for task execution.
[2023-09-05T09:45:10.100+0000] {base.py:73} INFO - Using connection ID 'postgres_con' for task execution.
[2023-09-05T09:45:10.161+0000] {base.py:73} INFO - Using connection ID 'postgres_con' for task execution.
[2023-09-05T09:45:10.220+0000] {base.py:73} INFO - Using connection ID 'postgres_con' for task execution.
[2023-09-05T09:45:10.280+0000] {base.py:73} INFO - Using connection ID 'postgres_con' for task execution.
[2023-09-05T09:45:10.341+0000] {base.py:73} INFO - Using connection ID 'postgres_con' for task execution.
[2023-09-05T09:45:10.404+0000] {base.py:73} INFO - Using connection ID 'postgres_con' for task execution.
[2023-09-05T09:45:10.467+0000] {base.py:73} INFO - Using connection ID 'postgres_con' for task execution.
[2023-09-05T09:45:10.574+0000] {base.py:73} INFO - Using connection ID 'postgres_con' for task execution.
[2023-09-05T09:45:10.705+0000] {base.py:73} INFO - Using connection ID 'postgres_con' for task execution.
[2023-09-05T09:45:10.779+0000] {base.py:73} INFO - Using connection ID 'postgres_con' for task execution.
[2023-09-05T09:45:10.841+0000] {base.py:73} INFO - Using connection ID 'postgres_con' for task execution.
[2023-09-05T09:45:10.900+0000] {base.py:73} INFO - Using connection ID 'postgres_con' for task execution.
[2023-09-05T09:45:10.961+0000] {base.py:73} INFO - Using connection ID 'postgres_con' for task execution.
[2023-09-05T09:45:11.020+0000] {base.py:73} INFO - Using connection ID 'postgres_con' for task execution.
[2023-09-05T09:45:11.080+0000] {base.py:73} INFO - Using connection ID 'postgres_con' for task execution.
[2023-09-05T09:45:11.144+0000] {base.py:73} INFO - Using connection ID 'postgres_con' for task execution.
[2023-09-05T09:45:11.203+0000] {base.py:73} INFO - Using connection ID 'postgres_con' for task execution.
[2023-09-05T09:45:11.267+0000] {base.py:73} INFO - Using connection ID 'postgres_con' for task execution.
[2023-09-05T09:45:11.334+0000] {base.py:73} INFO - Using connection ID 'postgres_con' for task execution.
[2023-09-05T09:45:11.401+0000] {base.py:73} INFO - Using connection ID 'postgres_con' for task execution.
[2023-09-05T09:45:11.460+0000] {base.py:73} INFO - Using connection ID 'postgres_con' for task execution.
[2023-09-05T09:45:11.519+0000] {base.py:73} INFO - Using connection ID 'postgres_con' for task execution.
[2023-09-05T09:45:11.578+0000] {base.py:73} INFO - Using connection ID 'postgres_con' for task execution.
[2023-09-05T09:45:11.640+0000] {base.py:73} INFO - Using connection ID 'postgres_con' for task execution.
[2023-09-05T09:45:11.701+0000] {base.py:73} INFO - Using connection ID 'postgres_con' for task execution.
[2023-09-05T09:45:11.763+0000] {base.py:73} INFO - Using connection ID 'postgres_con' for task execution.
[2023-09-05T09:45:11.822+0000] {base.py:73} INFO - Using connection ID 'postgres_con' for task execution.
[2023-09-05T09:45:11.881+0000] {base.py:73} INFO - Using connection ID 'postgres_con' for task execution.
[2023-09-05T09:45:11.939+0000] {base.py:73} INFO - Using connection ID 'postgres_con' for task execution.
[2023-09-05T09:45:11.999+0000] {base.py:73} INFO - Using connection ID 'postgres_con' for task execution.
[2023-09-05T09:45:12.056+0000] {base.py:73} INFO - Using connection ID 'postgres_con' for task execution.
[2023-09-05T09:45:12.117+0000] {base.py:73} INFO - Using connection ID 'postgres_con' for task execution.
[2023-09-05T09:45:12.177+0000] {base.py:73} INFO - Using connection ID 'postgres_con' for task execution.
[2023-09-05T09:45:12.237+0000] {base.py:73} INFO - Using connection ID 'postgres_con' for task execution.
[2023-09-05T09:45:12.296+0000] {base.py:73} INFO - Using connection ID 'postgres_con' for task execution.
[2023-09-05T09:45:12.360+0000] {base.py:73} INFO - Using connection ID 'postgres_con' for task execution.
[2023-09-05T09:45:12.417+0000] {base.py:73} INFO - Using connection ID 'postgres_con' for task execution.
[2023-09-05T09:45:12.483+0000] {base.py:73} INFO - Using connection ID 'postgres_con' for task execution.
[2023-09-05T09:45:12.543+0000] {base.py:73} INFO - Using connection ID 'postgres_con' for task execution.
[2023-09-05T09:45:12.605+0000] {base.py:73} INFO - Using connection ID 'postgres_con' for task execution.
[2023-09-05T09:45:12.664+0000] {base.py:73} INFO - Using connection ID 'postgres_con' for task execution.
[2023-09-05T09:45:12.723+0000] {base.py:73} INFO - Using connection ID 'postgres_con' for task execution.
[2023-09-05T09:45:12.782+0000] {base.py:73} INFO - Using connection ID 'postgres_con' for task execution.
[2023-09-05T09:45:12.839+0000] {base.py:73} INFO - Using connection ID 'postgres_con' for task execution.
[2023-09-05T09:45:12.899+0000] {base.py:73} INFO - Using connection ID 'postgres_con' for task execution.
[2023-09-05T09:45:12.960+0000] {base.py:73} INFO - Using connection ID 'postgres_con' for task execution.
[2023-09-05T09:45:13.017+0000] {base.py:73} INFO - Using connection ID 'postgres_con' for task execution.
[2023-09-05T09:45:13.078+0000] {base.py:73} INFO - Using connection ID 'postgres_con' for task execution.
[2023-09-05T09:45:13.138+0000] {base.py:73} INFO - Using connection ID 'postgres_con' for task execution.
[2023-09-05T09:45:13.197+0000] {base.py:73} INFO - Using connection ID 'postgres_con' for task execution.
[2023-09-05T09:45:13.255+0000] {base.py:73} INFO - Using connection ID 'postgres_con' for task execution.
[2023-09-05T09:45:13.313+0000] {base.py:73} INFO - Using connection ID 'postgres_con' for task execution.
[2023-09-05T09:45:13.385+0000] {base.py:73} INFO - Using connection ID 'postgres_con' for task execution.
[2023-09-05T09:45:13.448+0000] {base.py:73} INFO - Using connection ID 'postgres_con' for task execution.
[2023-09-05T09:45:13.506+0000] {base.py:73} INFO - Using connection ID 'postgres_con' for task execution.
[2023-09-05T09:45:13.570+0000] {base.py:73} INFO - Using connection ID 'postgres_con' for task execution.
[2023-09-05T09:45:13.631+0000] {base.py:73} INFO - Using connection ID 'postgres_con' for task execution.
[2023-09-05T09:45:13.691+0000] {base.py:73} INFO - Using connection ID 'postgres_con' for task execution.
[2023-09-05T09:45:13.755+0000] {base.py:73} INFO - Using connection ID 'postgres_con' for task execution.
[2023-09-05T09:45:13.814+0000] {base.py:73} INFO - Using connection ID 'postgres_con' for task execution.
[2023-09-05T09:45:13.874+0000] {base.py:73} INFO - Using connection ID 'postgres_con' for task execution.
[2023-09-05T09:45:13.934+0000] {base.py:73} INFO - Using connection ID 'postgres_con' for task execution.
[2023-09-05T09:45:13.997+0000] {base.py:73} INFO - Using connection ID 'postgres_con' for task execution.
[2023-09-05T09:45:14.055+0000] {base.py:73} INFO - Using connection ID 'postgres_con' for task execution.
[2023-09-05T09:45:14.114+0000] {base.py:73} INFO - Using connection ID 'postgres_con' for task execution.
[2023-09-05T09:45:14.175+0000] {base.py:73} INFO - Using connection ID 'postgres_con' for task execution.
[2023-09-05T09:45:14.235+0000] {base.py:73} INFO - Using connection ID 'postgres_con' for task execution.
[2023-09-05T09:45:14.295+0000] {base.py:73} INFO - Using connection ID 'postgres_con' for task execution.
[2023-09-05T09:45:14.355+0000] {base.py:73} INFO - Using connection ID 'postgres_con' for task execution.
[2023-09-05T09:45:14.417+0000] {base.py:73} INFO - Using connection ID 'postgres_con' for task execution.
[2023-09-05T09:45:14.475+0000] {base.py:73} INFO - Using connection ID 'postgres_con' for task execution.
[2023-09-05T09:45:14.552+0000] {base.py:73} INFO - Using connection ID 'postgres_con' for task execution.
[2023-09-05T09:45:14.637+0000] {base.py:73} INFO - Using connection ID 'postgres_con' for task execution.
[2023-09-05T09:45:14.701+0000] {base.py:73} INFO - Using connection ID 'postgres_con' for task execution.
[2023-09-05T09:45:14.764+0000] {base.py:73} INFO - Using connection ID 'postgres_con' for task execution.
[2023-09-05T09:45:14.832+0000] {base.py:73} INFO - Using connection ID 'postgres_con' for task execution.
[2023-09-05T09:45:14.904+0000] {base.py:73} INFO - Using connection ID 'postgres_con' for task execution.
[2023-09-05T09:45:14.963+0000] {base.py:73} INFO - Using connection ID 'postgres_con' for task execution.
[2023-09-05T09:45:15.026+0000] {base.py:73} INFO - Using connection ID 'postgres_con' for task execution.
[2023-09-05T09:45:15.087+0000] {base.py:73} INFO - Using connection ID 'postgres_con' for task execution.
[2023-09-05T09:45:15.146+0000] {base.py:73} INFO - Using connection ID 'postgres_con' for task execution.
[2023-09-05T09:45:15.208+0000] {base.py:73} INFO - Using connection ID 'postgres_con' for task execution.
[2023-09-05T09:45:15.271+0000] {base.py:73} INFO - Using connection ID 'postgres_con' for task execution.
[2023-09-05T09:45:15.332+0000] {base.py:73} INFO - Using connection ID 'postgres_con' for task execution.
[2023-09-05T09:45:15.392+0000] {base.py:73} INFO - Using connection ID 'postgres_con' for task execution.
[2023-09-05T09:45:15.458+0000] {base.py:73} INFO - Using connection ID 'postgres_con' for task execution.
[2023-09-05T09:45:15.518+0000] {base.py:73} INFO - Using connection ID 'postgres_con' for task execution.
[2023-09-05T09:45:15.576+0000] {base.py:73} INFO - Using connection ID 'postgres_con' for task execution.
[2023-09-05T09:45:15.637+0000] {base.py:73} INFO - Using connection ID 'postgres_con' for task execution.
[2023-09-05T09:45:15.701+0000] {base.py:73} INFO - Using connection ID 'postgres_con' for task execution.
[2023-09-05T09:45:15.774+0000] {base.py:73} INFO - Using connection ID 'postgres_con' for task execution.
[2023-09-05T09:45:15.834+0000] {base.py:73} INFO - Using connection ID 'postgres_con' for task execution.
[2023-09-05T09:45:15.895+0000] {base.py:73} INFO - Using connection ID 'postgres_con' for task execution.
[2023-09-05T09:45:15.955+0000] {base.py:73} INFO - Using connection ID 'postgres_con' for task execution.
[2023-09-05T09:45:16.015+0000] {base.py:73} INFO - Using connection ID 'postgres_con' for task execution.
[2023-09-05T09:45:16.076+0000] {base.py:73} INFO - Using connection ID 'postgres_con' for task execution.
[2023-09-05T09:45:16.137+0000] {base.py:73} INFO - Using connection ID 'postgres_con' for task execution.
[2023-09-05T09:45:16.197+0000] {base.py:73} INFO - Using connection ID 'postgres_con' for task execution.
[2023-09-05T09:45:16.257+0000] {base.py:73} INFO - Using connection ID 'postgres_con' for task execution.
[2023-09-05T09:45:16.320+0000] {base.py:73} INFO - Using connection ID 'postgres_con' for task execution.
[2023-09-05T09:45:16.376+0000] {base.py:73} INFO - Using connection ID 'postgres_con' for task execution.
[2023-09-05T09:45:16.436+0000] {base.py:73} INFO - Using connection ID 'postgres_con' for task execution.
[2023-09-05T09:45:16.516+0000] {base.py:73} INFO - Using connection ID 'postgres_con' for task execution.
[2023-09-05T09:45:16.625+0000] {base.py:73} INFO - Using connection ID 'postgres_con' for task execution.
[2023-09-05T09:45:16.685+0000] {base.py:73} INFO - Using connection ID 'postgres_con' for task execution.
[2023-09-05T09:45:16.761+0000] {base.py:73} INFO - Using connection ID 'postgres_con' for task execution.
[2023-09-05T09:45:16.843+0000] {base.py:73} INFO - Using connection ID 'postgres_con' for task execution.
[2023-09-05T09:45:16.913+0000] {base.py:73} INFO - Using connection ID 'postgres_con' for task execution.
[2023-09-05T09:45:16.978+0000] {base.py:73} INFO - Using connection ID 'postgres_con' for task execution.
[2023-09-05T09:45:17.037+0000] {base.py:73} INFO - Using connection ID 'postgres_con' for task execution.
[2023-09-05T09:45:17.099+0000] {base.py:73} INFO - Using connection ID 'postgres_con' for task execution.
[2023-09-05T09:45:17.156+0000] {base.py:73} INFO - Using connection ID 'postgres_con' for task execution.
[2023-09-05T09:45:17.222+0000] {base.py:73} INFO - Using connection ID 'postgres_con' for task execution.
[2023-09-05T09:45:17.285+0000] {base.py:73} INFO - Using connection ID 'postgres_con' for task execution.
[2023-09-05T09:45:17.352+0000] {base.py:73} INFO - Using connection ID 'postgres_con' for task execution.
[2023-09-05T09:45:17.418+0000] {base.py:73} INFO - Using connection ID 'postgres_con' for task execution.
[2023-09-05T09:45:17.487+0000] {base.py:73} INFO - Using connection ID 'postgres_con' for task execution.
[2023-09-05T09:45:17.549+0000] {base.py:73} INFO - Using connection ID 'postgres_con' for task execution.
[2023-09-05T09:45:17.611+0000] {base.py:73} INFO - Using connection ID 'postgres_con' for task execution.
[2023-09-05T09:45:17.672+0000] {base.py:73} INFO - Using connection ID 'postgres_con' for task execution.
[2023-09-05T09:45:17.736+0000] {base.py:73} INFO - Using connection ID 'postgres_con' for task execution.
[2023-09-05T09:45:17.799+0000] {base.py:73} INFO - Using connection ID 'postgres_con' for task execution.
[2023-09-05T09:45:17.866+0000] {base.py:73} INFO - Using connection ID 'postgres_con' for task execution.
[2023-09-05T09:45:17.926+0000] {base.py:73} INFO - Using connection ID 'postgres_con' for task execution.
[2023-09-05T09:45:17.989+0000] {base.py:73} INFO - Using connection ID 'postgres_con' for task execution.
[2023-09-05T09:45:18.049+0000] {base.py:73} INFO - Using connection ID 'postgres_con' for task execution.
[2023-09-05T09:45:18.107+0000] {base.py:73} INFO - Using connection ID 'postgres_con' for task execution.
[2023-09-05T09:45:18.165+0000] {base.py:73} INFO - Using connection ID 'postgres_con' for task execution.
[2023-09-05T09:45:18.224+0000] {base.py:73} INFO - Using connection ID 'postgres_con' for task execution.
[2023-09-05T09:45:18.284+0000] {base.py:73} INFO - Using connection ID 'postgres_con' for task execution.
[2023-09-05T09:45:18.375+0000] {base.py:73} INFO - Using connection ID 'postgres_con' for task execution.
[2023-09-05T09:45:18.461+0000] {base.py:73} INFO - Using connection ID 'postgres_con' for task execution.
[2023-09-05T09:45:18.529+0000] {base.py:73} INFO - Using connection ID 'postgres_con' for task execution.
[2023-09-05T09:45:18.588+0000] {base.py:73} INFO - Using connection ID 'postgres_con' for task execution.
[2023-09-05T09:45:18.652+0000] {base.py:73} INFO - Using connection ID 'postgres_con' for task execution.
[2023-09-05T09:45:18.714+0000] {base.py:73} INFO - Using connection ID 'postgres_con' for task execution.
[2023-09-05T09:45:18.774+0000] {base.py:73} INFO - Using connection ID 'postgres_con' for task execution.
[2023-09-05T09:45:18.836+0000] {base.py:73} INFO - Using connection ID 'postgres_con' for task execution.
[2023-09-05T09:45:18.909+0000] {base.py:73} INFO - Using connection ID 'postgres_con' for task execution.
[2023-09-05T09:45:18.984+0000] {base.py:73} INFO - Using connection ID 'postgres_con' for task execution.
[2023-09-05T09:45:19.054+0000] {base.py:73} INFO - Using connection ID 'postgres_con' for task execution.
[2023-09-05T09:45:19.117+0000] {base.py:73} INFO - Using connection ID 'postgres_con' for task execution.
[2023-09-05T09:45:19.206+0000] {base.py:73} INFO - Using connection ID 'postgres_con' for task execution.
[2023-09-05T09:45:19.275+0000] {base.py:73} INFO - Using connection ID 'postgres_con' for task execution.
[2023-09-05T09:45:19.338+0000] {base.py:73} INFO - Using connection ID 'postgres_con' for task execution.
[2023-09-05T09:45:19.421+0000] {base.py:73} INFO - Using connection ID 'postgres_con' for task execution.
[2023-09-05T09:45:19.510+0000] {base.py:73} INFO - Using connection ID 'postgres_con' for task execution.
[2023-09-05T09:45:19.615+0000] {base.py:73} INFO - Using connection ID 'postgres_con' for task execution.
[2023-09-05T09:45:19.693+0000] {base.py:73} INFO - Using connection ID 'postgres_con' for task execution.
[2023-09-05T09:45:19.772+0000] {base.py:73} INFO - Using connection ID 'postgres_con' for task execution.
[2023-09-05T09:45:19.842+0000] {base.py:73} INFO - Using connection ID 'postgres_con' for task execution.
[2023-09-05T09:45:19.914+0000] {base.py:73} INFO - Using connection ID 'postgres_con' for task execution.
[2023-09-05T09:45:19.980+0000] {base.py:73} INFO - Using connection ID 'postgres_con' for task execution.
[2023-09-05T09:45:20.056+0000] {base.py:73} INFO - Using connection ID 'postgres_con' for task execution.
[2023-09-05T09:45:20.125+0000] {base.py:73} INFO - Using connection ID 'postgres_con' for task execution.
[2023-09-05T09:45:20.204+0000] {base.py:73} INFO - Using connection ID 'postgres_con' for task execution.
[2023-09-05T09:45:20.274+0000] {base.py:73} INFO - Using connection ID 'postgres_con' for task execution.
[2023-09-05T09:45:20.344+0000] {base.py:73} INFO - Using connection ID 'postgres_con' for task execution.
[2023-09-05T09:45:20.422+0000] {base.py:73} INFO - Using connection ID 'postgres_con' for task execution.
[2023-09-05T09:45:20.507+0000] {base.py:73} INFO - Using connection ID 'postgres_con' for task execution.
[2023-09-05T09:45:20.601+0000] {base.py:73} INFO - Using connection ID 'postgres_con' for task execution.
[2023-09-05T09:45:20.678+0000] {base.py:73} INFO - Using connection ID 'postgres_con' for task execution.
[2023-09-05T09:45:20.744+0000] {base.py:73} INFO - Using connection ID 'postgres_con' for task execution.
[2023-09-05T09:45:20.809+0000] {base.py:73} INFO - Using connection ID 'postgres_con' for task execution.
[2023-09-05T09:45:20.870+0000] {base.py:73} INFO - Using connection ID 'postgres_con' for task execution.
[2023-09-05T09:45:20.931+0000] {base.py:73} INFO - Using connection ID 'postgres_con' for task execution.
[2023-09-05T09:45:20.995+0000] {base.py:73} INFO - Using connection ID 'postgres_con' for task execution.
[2023-09-05T09:45:21.058+0000] {base.py:73} INFO - Using connection ID 'postgres_con' for task execution.
[2023-09-05T09:45:21.118+0000] {base.py:73} INFO - Using connection ID 'postgres_con' for task execution.
[2023-09-05T09:45:21.179+0000] {base.py:73} INFO - Using connection ID 'postgres_con' for task execution.
[2023-09-05T09:45:21.237+0000] {base.py:73} INFO - Using connection ID 'postgres_con' for task execution.
[2023-09-05T09:45:21.296+0000] {base.py:73} INFO - Using connection ID 'postgres_con' for task execution.
[2023-09-05T09:45:21.364+0000] {base.py:73} INFO - Using connection ID 'postgres_con' for task execution.
[2023-09-05T09:45:21.424+0000] {base.py:73} INFO - Using connection ID 'postgres_con' for task execution.
[2023-09-05T09:45:21.482+0000] {base.py:73} INFO - Using connection ID 'postgres_con' for task execution.
[2023-09-05T09:45:21.541+0000] {base.py:73} INFO - Using connection ID 'postgres_con' for task execution.
[2023-09-05T09:45:21.602+0000] {base.py:73} INFO - Using connection ID 'postgres_con' for task execution.
[2023-09-05T09:45:21.661+0000] {base.py:73} INFO - Using connection ID 'postgres_con' for task execution.
[2023-09-05T09:45:21.722+0000] {base.py:73} INFO - Using connection ID 'postgres_con' for task execution.
[2023-09-05T09:45:21.781+0000] {base.py:73} INFO - Using connection ID 'postgres_con' for task execution.
[2023-09-05T09:45:21.841+0000] {base.py:73} INFO - Using connection ID 'postgres_con' for task execution.
[2023-09-05T09:45:21.902+0000] {base.py:73} INFO - Using connection ID 'postgres_con' for task execution.
[2023-09-05T09:45:21.961+0000] {base.py:73} INFO - Using connection ID 'postgres_con' for task execution.
[2023-09-05T09:45:22.020+0000] {base.py:73} INFO - Using connection ID 'postgres_con' for task execution.
[2023-09-05T09:45:22.083+0000] {base.py:73} INFO - Using connection ID 'postgres_con' for task execution.
[2023-09-05T09:45:22.146+0000] {base.py:73} INFO - Using connection ID 'postgres_con' for task execution.
[2023-09-05T09:45:22.205+0000] {base.py:73} INFO - Using connection ID 'postgres_con' for task execution.
[2023-09-05T09:45:22.262+0000] {base.py:73} INFO - Using connection ID 'postgres_con' for task execution.
[2023-09-05T09:45:22.322+0000] {base.py:73} INFO - Using connection ID 'postgres_con' for task execution.
[2023-09-05T09:45:22.382+0000] {base.py:73} INFO - Using connection ID 'postgres_con' for task execution.
[2023-09-05T09:45:22.442+0000] {base.py:73} INFO - Using connection ID 'postgres_con' for task execution.
[2023-09-05T09:45:22.499+0000] {base.py:73} INFO - Using connection ID 'postgres_con' for task execution.
[2023-09-05T09:45:22.655+0000] {base.py:73} INFO - Using connection ID 'postgres_con' for task execution.
[2023-09-05T09:45:22.747+0000] {base.py:73} INFO - Using connection ID 'postgres_con' for task execution.
[2023-09-05T09:45:22.840+0000] {base.py:73} INFO - Using connection ID 'postgres_con' for task execution.
[2023-09-05T09:45:22.934+0000] {base.py:73} INFO - Using connection ID 'postgres_con' for task execution.
[2023-09-05T09:45:22.999+0000] {base.py:73} INFO - Using connection ID 'postgres_con' for task execution.
[2023-09-05T09:45:23.057+0000] {base.py:73} INFO - Using connection ID 'postgres_con' for task execution.
[2023-09-05T09:45:23.127+0000] {base.py:73} INFO - Using connection ID 'postgres_con' for task execution.
[2023-09-05T09:45:23.190+0000] {base.py:73} INFO - Using connection ID 'postgres_con' for task execution.
[2023-09-05T09:45:23.251+0000] {base.py:73} INFO - Using connection ID 'postgres_con' for task execution.
[2023-09-05T09:45:23.313+0000] {base.py:73} INFO - Using connection ID 'postgres_con' for task execution.
[2023-09-05T09:45:23.373+0000] {base.py:73} INFO - Using connection ID 'postgres_con' for task execution.
[2023-09-05T09:45:23.437+0000] {base.py:73} INFO - Using connection ID 'postgres_con' for task execution.
[2023-09-05T09:45:23.502+0000] {base.py:73} INFO - Using connection ID 'postgres_con' for task execution.
[2023-09-05T09:45:23.563+0000] {base.py:73} INFO - Using connection ID 'postgres_con' for task execution.
[2023-09-05T09:45:23.635+0000] {base.py:73} INFO - Using connection ID 'postgres_con' for task execution.
[2023-09-05T09:45:23.697+0000] {base.py:73} INFO - Using connection ID 'postgres_con' for task execution.
[2023-09-05T09:45:23.758+0000] {base.py:73} INFO - Using connection ID 'postgres_con' for task execution.
[2023-09-05T09:45:23.818+0000] {base.py:73} INFO - Using connection ID 'postgres_con' for task execution.
[2023-09-05T09:45:23.877+0000] {base.py:73} INFO - Using connection ID 'postgres_con' for task execution.
[2023-09-05T09:45:23.936+0000] {base.py:73} INFO - Using connection ID 'postgres_con' for task execution.
[2023-09-05T09:45:23.997+0000] {base.py:73} INFO - Using connection ID 'postgres_con' for task execution.
[2023-09-05T09:45:24.058+0000] {base.py:73} INFO - Using connection ID 'postgres_con' for task execution.
[2023-09-05T09:45:24.118+0000] {base.py:73} INFO - Using connection ID 'postgres_con' for task execution.
[2023-09-05T09:45:24.177+0000] {base.py:73} INFO - Using connection ID 'postgres_con' for task execution.
[2023-09-05T09:45:24.240+0000] {base.py:73} INFO - Using connection ID 'postgres_con' for task execution.
[2023-09-05T09:45:24.308+0000] {base.py:73} INFO - Using connection ID 'postgres_con' for task execution.
[2023-09-05T09:45:24.366+0000] {base.py:73} INFO - Using connection ID 'postgres_con' for task execution.
[2023-09-05T09:45:24.426+0000] {base.py:73} INFO - Using connection ID 'postgres_con' for task execution.
[2023-09-05T09:45:24.493+0000] {base.py:73} INFO - Using connection ID 'postgres_con' for task execution.
[2023-09-05T09:45:24.558+0000] {base.py:73} INFO - Using connection ID 'postgres_con' for task execution.
[2023-09-05T09:45:24.616+0000] {base.py:73} INFO - Using connection ID 'postgres_con' for task execution.
[2023-09-05T09:45:24.678+0000] {base.py:73} INFO - Using connection ID 'postgres_con' for task execution.
[2023-09-05T09:45:24.741+0000] {base.py:73} INFO - Using connection ID 'postgres_con' for task execution.
[2023-09-05T09:45:24.802+0000] {base.py:73} INFO - Using connection ID 'postgres_con' for task execution.
[2023-09-05T09:45:24.862+0000] {base.py:73} INFO - Using connection ID 'postgres_con' for task execution.
[2023-09-05T09:45:24.921+0000] {base.py:73} INFO - Using connection ID 'postgres_con' for task execution.
[2023-09-05T09:45:24.981+0000] {base.py:73} INFO - Using connection ID 'postgres_con' for task execution.
[2023-09-05T09:45:25.040+0000] {base.py:73} INFO - Using connection ID 'postgres_con' for task execution.
[2023-09-05T09:45:25.101+0000] {base.py:73} INFO - Using connection ID 'postgres_con' for task execution.
[2023-09-05T09:45:25.160+0000] {base.py:73} INFO - Using connection ID 'postgres_con' for task execution.
[2023-09-05T09:45:25.220+0000] {base.py:73} INFO - Using connection ID 'postgres_con' for task execution.
[2023-09-05T09:45:25.280+0000] {base.py:73} INFO - Using connection ID 'postgres_con' for task execution.
[2023-09-05T09:45:25.340+0000] {base.py:73} INFO - Using connection ID 'postgres_con' for task execution.
[2023-09-05T09:45:25.401+0000] {base.py:73} INFO - Using connection ID 'postgres_con' for task execution.
[2023-09-05T09:45:25.465+0000] {base.py:73} INFO - Using connection ID 'postgres_con' for task execution.
[2023-09-05T09:45:25.526+0000] {base.py:73} INFO - Using connection ID 'postgres_con' for task execution.
[2023-09-05T09:45:25.590+0000] {base.py:73} INFO - Using connection ID 'postgres_con' for task execution.
[2023-09-05T09:45:25.652+0000] {base.py:73} INFO - Using connection ID 'postgres_con' for task execution.
[2023-09-05T09:45:25.713+0000] {base.py:73} INFO - Using connection ID 'postgres_con' for task execution.
[2023-09-05T09:45:25.772+0000] {base.py:73} INFO - Using connection ID 'postgres_con' for task execution.
[2023-09-05T09:45:25.834+0000] {base.py:73} INFO - Using connection ID 'postgres_con' for task execution.
[2023-09-05T09:45:25.894+0000] {base.py:73} INFO - Using connection ID 'postgres_con' for task execution.
[2023-09-05T09:45:25.950+0000] {base.py:73} INFO - Using connection ID 'postgres_con' for task execution.
[2023-09-05T09:45:26.010+0000] {base.py:73} INFO - Using connection ID 'postgres_con' for task execution.
[2023-09-05T09:45:26.070+0000] {base.py:73} INFO - Using connection ID 'postgres_con' for task execution.
[2023-09-05T09:45:26.130+0000] {base.py:73} INFO - Using connection ID 'postgres_con' for task execution.
[2023-09-05T09:45:26.190+0000] {base.py:73} INFO - Using connection ID 'postgres_con' for task execution.
[2023-09-05T09:45:26.248+0000] {base.py:73} INFO - Using connection ID 'postgres_con' for task execution.
[2023-09-05T09:45:26.307+0000] {base.py:73} INFO - Using connection ID 'postgres_con' for task execution.
[2023-09-05T09:45:26.364+0000] {base.py:73} INFO - Using connection ID 'postgres_con' for task execution.
[2023-09-05T09:45:26.429+0000] {base.py:73} INFO - Using connection ID 'postgres_con' for task execution.
[2023-09-05T09:45:26.488+0000] {base.py:73} INFO - Using connection ID 'postgres_con' for task execution.
[2023-09-05T09:45:26.549+0000] {base.py:73} INFO - Using connection ID 'postgres_con' for task execution.
[2023-09-05T09:45:26.619+0000] {base.py:73} INFO - Using connection ID 'postgres_con' for task execution.
[2023-09-05T09:45:26.687+0000] {base.py:73} INFO - Using connection ID 'postgres_con' for task execution.
[2023-09-05T09:45:26.749+0000] {base.py:73} INFO - Using connection ID 'postgres_con' for task execution.
[2023-09-05T09:45:26.821+0000] {base.py:73} INFO - Using connection ID 'postgres_con' for task execution.
[2023-09-05T09:45:26.895+0000] {base.py:73} INFO - Using connection ID 'postgres_con' for task execution.
[2023-09-05T09:45:26.959+0000] {base.py:73} INFO - Using connection ID 'postgres_con' for task execution.
[2023-09-05T09:45:27.022+0000] {base.py:73} INFO - Using connection ID 'postgres_con' for task execution.
[2023-09-05T09:45:27.081+0000] {base.py:73} INFO - Using connection ID 'postgres_con' for task execution.
[2023-09-05T09:45:27.141+0000] {base.py:73} INFO - Using connection ID 'postgres_con' for task execution.
[2023-09-05T09:45:27.200+0000] {base.py:73} INFO - Using connection ID 'postgres_con' for task execution.
[2023-09-05T09:45:27.259+0000] {base.py:73} INFO - Using connection ID 'postgres_con' for task execution.
[2023-09-05T09:45:27.337+0000] {base.py:73} INFO - Using connection ID 'postgres_con' for task execution.
[2023-09-05T09:45:27.420+0000] {base.py:73} INFO - Using connection ID 'postgres_con' for task execution.
[2023-09-05T09:45:27.519+0000] {base.py:73} INFO - Using connection ID 'postgres_con' for task execution.
[2023-09-05T09:45:27.601+0000] {base.py:73} INFO - Using connection ID 'postgres_con' for task execution.
[2023-09-05T09:45:27.676+0000] {base.py:73} INFO - Using connection ID 'postgres_con' for task execution.
[2023-09-05T09:45:27.782+0000] {base.py:73} INFO - Using connection ID 'postgres_con' for task execution.
[2023-09-05T09:45:27.846+0000] {base.py:73} INFO - Using connection ID 'postgres_con' for task execution.
[2023-09-05T09:45:27.924+0000] {base.py:73} INFO - Using connection ID 'postgres_con' for task execution.
[2023-09-05T09:45:27.987+0000] {base.py:73} INFO - Using connection ID 'postgres_con' for task execution.
[2023-09-05T09:45:28.048+0000] {base.py:73} INFO - Using connection ID 'postgres_con' for task execution.
[2023-09-05T09:45:28.110+0000] {base.py:73} INFO - Using connection ID 'postgres_con' for task execution.
[2023-09-05T09:45:28.170+0000] {base.py:73} INFO - Using connection ID 'postgres_con' for task execution.
[2023-09-05T09:45:28.230+0000] {base.py:73} INFO - Using connection ID 'postgres_con' for task execution.
[2023-09-05T09:45:28.288+0000] {base.py:73} INFO - Using connection ID 'postgres_con' for task execution.
[2023-09-05T09:45:28.347+0000] {base.py:73} INFO - Using connection ID 'postgres_con' for task execution.
[2023-09-05T09:45:28.409+0000] {base.py:73} INFO - Using connection ID 'postgres_con' for task execution.
[2023-09-05T09:45:28.504+0000] {base.py:73} INFO - Using connection ID 'postgres_con' for task execution.
[2023-09-05T09:45:28.735+0000] {base.py:73} INFO - Using connection ID 'postgres_con' for task execution.
[2023-09-05T09:45:28.853+0000] {base.py:73} INFO - Using connection ID 'postgres_con' for task execution.
[2023-09-05T09:45:28.958+0000] {base.py:73} INFO - Using connection ID 'postgres_con' for task execution.
[2023-09-05T09:45:29.054+0000] {base.py:73} INFO - Using connection ID 'postgres_con' for task execution.
[2023-09-05T09:45:29.131+0000] {base.py:73} INFO - Using connection ID 'postgres_con' for task execution.
[2023-09-05T09:45:29.220+0000] {base.py:73} INFO - Using connection ID 'postgres_con' for task execution.
[2023-09-05T09:45:29.289+0000] {base.py:73} INFO - Using connection ID 'postgres_con' for task execution.
[2023-09-05T09:45:29.357+0000] {base.py:73} INFO - Using connection ID 'postgres_con' for task execution.
[2023-09-05T09:45:29.434+0000] {base.py:73} INFO - Using connection ID 'postgres_con' for task execution.
[2023-09-05T09:45:29.532+0000] {base.py:73} INFO - Using connection ID 'postgres_con' for task execution.
[2023-09-05T09:45:29.620+0000] {base.py:73} INFO - Using connection ID 'postgres_con' for task execution.
[2023-09-05T09:45:29.702+0000] {base.py:73} INFO - Using connection ID 'postgres_con' for task execution.
[2023-09-05T09:45:29.777+0000] {base.py:73} INFO - Using connection ID 'postgres_con' for task execution.
[2023-09-05T09:45:29.835+0000] {base.py:73} INFO - Using connection ID 'postgres_con' for task execution.
[2023-09-05T09:45:29.899+0000] {base.py:73} INFO - Using connection ID 'postgres_con' for task execution.
[2023-09-05T09:45:29.958+0000] {base.py:73} INFO - Using connection ID 'postgres_con' for task execution.
[2023-09-05T09:45:30.018+0000] {base.py:73} INFO - Using connection ID 'postgres_con' for task execution.
[2023-09-05T09:45:30.079+0000] {base.py:73} INFO - Using connection ID 'postgres_con' for task execution.
[2023-09-05T09:45:30.137+0000] {base.py:73} INFO - Using connection ID 'postgres_con' for task execution.
[2023-09-05T09:45:30.199+0000] {base.py:73} INFO - Using connection ID 'postgres_con' for task execution.
[2023-09-05T09:45:30.256+0000] {base.py:73} INFO - Using connection ID 'postgres_con' for task execution.
[2023-09-05T09:45:30.317+0000] {base.py:73} INFO - Using connection ID 'postgres_con' for task execution.
[2023-09-05T09:45:30.376+0000] {base.py:73} INFO - Using connection ID 'postgres_con' for task execution.
[2023-09-05T09:45:30.436+0000] {base.py:73} INFO - Using connection ID 'postgres_con' for task execution.
[2023-09-05T09:45:30.495+0000] {base.py:73} INFO - Using connection ID 'postgres_con' for task execution.
[2023-09-05T09:45:30.561+0000] {base.py:73} INFO - Using connection ID 'postgres_con' for task execution.
[2023-09-05T09:45:30.625+0000] {base.py:73} INFO - Using connection ID 'postgres_con' for task execution.
[2023-09-05T09:45:30.684+0000] {base.py:73} INFO - Using connection ID 'postgres_con' for task execution.
[2023-09-05T09:45:30.760+0000] {base.py:73} INFO - Using connection ID 'postgres_con' for task execution.
[2023-09-05T09:45:30.830+0000] {base.py:73} INFO - Using connection ID 'postgres_con' for task execution.
[2023-09-05T09:45:30.897+0000] {base.py:73} INFO - Using connection ID 'postgres_con' for task execution.
[2023-09-05T09:45:30.956+0000] {base.py:73} INFO - Using connection ID 'postgres_con' for task execution.
[2023-09-05T09:45:31.018+0000] {base.py:73} INFO - Using connection ID 'postgres_con' for task execution.
[2023-09-05T09:45:31.078+0000] {base.py:73} INFO - Using connection ID 'postgres_con' for task execution.
[2023-09-05T09:45:31.136+0000] {base.py:73} INFO - Using connection ID 'postgres_con' for task execution.
[2023-09-05T09:45:31.198+0000] {base.py:73} INFO - Using connection ID 'postgres_con' for task execution.
[2023-09-05T09:45:31.255+0000] {base.py:73} INFO - Using connection ID 'postgres_con' for task execution.
[2023-09-05T09:45:31.314+0000] {base.py:73} INFO - Using connection ID 'postgres_con' for task execution.
[2023-09-05T09:45:31.371+0000] {base.py:73} INFO - Using connection ID 'postgres_con' for task execution.
[2023-09-05T09:45:31.432+0000] {base.py:73} INFO - Using connection ID 'postgres_con' for task execution.
[2023-09-05T09:45:31.495+0000] {base.py:73} INFO - Using connection ID 'postgres_con' for task execution.
[2023-09-05T09:45:31.556+0000] {base.py:73} INFO - Using connection ID 'postgres_con' for task execution.
[2023-09-05T09:45:31.615+0000] {base.py:73} INFO - Using connection ID 'postgres_con' for task execution.
[2023-09-05T09:45:31.676+0000] {base.py:73} INFO - Using connection ID 'postgres_con' for task execution.
[2023-09-05T09:45:31.735+0000] {base.py:73} INFO - Using connection ID 'postgres_con' for task execution.
[2023-09-05T09:45:31.844+0000] {base.py:73} INFO - Using connection ID 'postgres_con' for task execution.
[2023-09-05T09:45:31.931+0000] {base.py:73} INFO - Using connection ID 'postgres_con' for task execution.
[2023-09-05T09:45:32.022+0000] {base.py:73} INFO - Using connection ID 'postgres_con' for task execution.
[2023-09-05T09:45:32.109+0000] {base.py:73} INFO - Using connection ID 'postgres_con' for task execution.
[2023-09-05T09:45:32.190+0000] {base.py:73} INFO - Using connection ID 'postgres_con' for task execution.
[2023-09-05T09:45:32.265+0000] {base.py:73} INFO - Using connection ID 'postgres_con' for task execution.
[2023-09-05T09:45:32.336+0000] {base.py:73} INFO - Using connection ID 'postgres_con' for task execution.
[2023-09-05T09:45:32.410+0000] {base.py:73} INFO - Using connection ID 'postgres_con' for task execution.
[2023-09-05T09:45:32.480+0000] {base.py:73} INFO - Using connection ID 'postgres_con' for task execution.
[2023-09-05T09:45:32.544+0000] {base.py:73} INFO - Using connection ID 'postgres_con' for task execution.
[2023-09-05T09:45:32.604+0000] {base.py:73} INFO - Using connection ID 'postgres_con' for task execution.
[2023-09-05T09:45:32.664+0000] {base.py:73} INFO - Using connection ID 'postgres_con' for task execution.
[2023-09-05T09:45:32.729+0000] {base.py:73} INFO - Using connection ID 'postgres_con' for task execution.
[2023-09-05T09:45:32.812+0000] {base.py:73} INFO - Using connection ID 'postgres_con' for task execution.
[2023-09-05T09:45:32.872+0000] {base.py:73} INFO - Using connection ID 'postgres_con' for task execution.
[2023-09-05T09:45:32.933+0000] {base.py:73} INFO - Using connection ID 'postgres_con' for task execution.
[2023-09-05T09:45:32.998+0000] {base.py:73} INFO - Using connection ID 'postgres_con' for task execution.
[2023-09-05T09:45:33.060+0000] {base.py:73} INFO - Using connection ID 'postgres_con' for task execution.
[2023-09-05T09:45:33.120+0000] {base.py:73} INFO - Using connection ID 'postgres_con' for task execution.
[2023-09-05T09:45:33.180+0000] {base.py:73} INFO - Using connection ID 'postgres_con' for task execution.
[2023-09-05T09:45:33.248+0000] {base.py:73} INFO - Using connection ID 'postgres_con' for task execution.
[2023-09-05T09:45:33.312+0000] {base.py:73} INFO - Using connection ID 'postgres_con' for task execution.
[2023-09-05T09:45:33.380+0000] {base.py:73} INFO - Using connection ID 'postgres_con' for task execution.
[2023-09-05T09:45:33.446+0000] {base.py:73} INFO - Using connection ID 'postgres_con' for task execution.
[2023-09-05T09:45:33.520+0000] {base.py:73} INFO - Using connection ID 'postgres_con' for task execution.
[2023-09-05T09:45:33.602+0000] {base.py:73} INFO - Using connection ID 'postgres_con' for task execution.
[2023-09-05T09:45:33.680+0000] {base.py:73} INFO - Using connection ID 'postgres_con' for task execution.
[2023-09-05T09:45:33.772+0000] {base.py:73} INFO - Using connection ID 'postgres_con' for task execution.
[2023-09-05T09:45:33.848+0000] {base.py:73} INFO - Using connection ID 'postgres_con' for task execution.
[2023-09-05T09:45:33.932+0000] {base.py:73} INFO - Using connection ID 'postgres_con' for task execution.
[2023-09-05T09:45:33.999+0000] {base.py:73} INFO - Using connection ID 'postgres_con' for task execution.
[2023-09-05T09:45:34.061+0000] {base.py:73} INFO - Using connection ID 'postgres_con' for task execution.
[2023-09-05T09:45:34.120+0000] {base.py:73} INFO - Using connection ID 'postgres_con' for task execution.
[2023-09-05T09:45:34.179+0000] {base.py:73} INFO - Using connection ID 'postgres_con' for task execution.
[2023-09-05T09:45:34.240+0000] {base.py:73} INFO - Using connection ID 'postgres_con' for task execution.
[2023-09-05T09:45:34.298+0000] {base.py:73} INFO - Using connection ID 'postgres_con' for task execution.
[2023-09-05T09:45:34.356+0000] {base.py:73} INFO - Using connection ID 'postgres_con' for task execution.
[2023-09-05T09:45:34.416+0000] {base.py:73} INFO - Using connection ID 'postgres_con' for task execution.
[2023-09-05T09:45:34.473+0000] {base.py:73} INFO - Using connection ID 'postgres_con' for task execution.
[2023-09-05T09:45:34.568+0000] {base.py:73} INFO - Using connection ID 'postgres_con' for task execution.
[2023-09-05T09:45:34.688+0000] {base.py:73} INFO - Using connection ID 'postgres_con' for task execution.
[2023-09-05T09:45:34.753+0000] {base.py:73} INFO - Using connection ID 'postgres_con' for task execution.
[2023-09-05T09:45:34.815+0000] {base.py:73} INFO - Using connection ID 'postgres_con' for task execution.
[2023-09-05T09:45:34.875+0000] {base.py:73} INFO - Using connection ID 'postgres_con' for task execution.
[2023-09-05T09:45:34.934+0000] {base.py:73} INFO - Using connection ID 'postgres_con' for task execution.
[2023-09-05T09:45:35.064+0000] {base.py:73} INFO - Using connection ID 'postgres_con' for task execution.
[2023-09-05T09:45:35.139+0000] {base.py:73} INFO - Using connection ID 'postgres_con' for task execution.
[2023-09-05T09:45:35.218+0000] {base.py:73} INFO - Using connection ID 'postgres_con' for task execution.
[2023-09-05T09:45:35.293+0000] {base.py:73} INFO - Using connection ID 'postgres_con' for task execution.
[2023-09-05T09:45:35.371+0000] {base.py:73} INFO - Using connection ID 'postgres_con' for task execution.
[2023-09-05T09:45:35.446+0000] {base.py:73} INFO - Using connection ID 'postgres_con' for task execution.
[2023-09-05T09:45:35.523+0000] {base.py:73} INFO - Using connection ID 'postgres_con' for task execution.
[2023-09-05T09:45:35.596+0000] {base.py:73} INFO - Using connection ID 'postgres_con' for task execution.
[2023-09-05T09:45:35.659+0000] {base.py:73} INFO - Using connection ID 'postgres_con' for task execution.
[2023-09-05T09:45:35.727+0000] {base.py:73} INFO - Using connection ID 'postgres_con' for task execution.
[2023-09-05T09:45:35.784+0000] {base.py:73} INFO - Using connection ID 'postgres_con' for task execution.
[2023-09-05T09:45:35.849+0000] {base.py:73} INFO - Using connection ID 'postgres_con' for task execution.
[2023-09-05T09:45:35.908+0000] {base.py:73} INFO - Using connection ID 'postgres_con' for task execution.
[2023-09-05T09:45:35.974+0000] {base.py:73} INFO - Using connection ID 'postgres_con' for task execution.
[2023-09-05T09:45:36.038+0000] {base.py:73} INFO - Using connection ID 'postgres_con' for task execution.
[2023-09-05T09:45:36.098+0000] {base.py:73} INFO - Using connection ID 'postgres_con' for task execution.
[2023-09-05T09:45:36.157+0000] {base.py:73} INFO - Using connection ID 'postgres_con' for task execution.
[2023-09-05T09:45:36.220+0000] {base.py:73} INFO - Using connection ID 'postgres_con' for task execution.
[2023-09-05T09:45:36.279+0000] {base.py:73} INFO - Using connection ID 'postgres_con' for task execution.
[2023-09-05T09:45:36.341+0000] {base.py:73} INFO - Using connection ID 'postgres_con' for task execution.
[2023-09-05T09:45:36.404+0000] {base.py:73} INFO - Using connection ID 'postgres_con' for task execution.
[2023-09-05T09:45:36.467+0000] {base.py:73} INFO - Using connection ID 'postgres_con' for task execution.
[2023-09-05T09:45:36.533+0000] {base.py:73} INFO - Using connection ID 'postgres_con' for task execution.
[2023-09-05T09:45:36.590+0000] {base.py:73} INFO - Using connection ID 'postgres_con' for task execution.
[2023-09-05T09:45:36.664+0000] {base.py:73} INFO - Using connection ID 'postgres_con' for task execution.
[2023-09-05T09:45:36.746+0000] {base.py:73} INFO - Using connection ID 'postgres_con' for task execution.
[2023-09-05T09:45:36.822+0000] {base.py:73} INFO - Using connection ID 'postgres_con' for task execution.
[2023-09-05T09:45:36.928+0000] {base.py:73} INFO - Using connection ID 'postgres_con' for task execution.
[2023-09-05T09:45:36.997+0000] {base.py:73} INFO - Using connection ID 'postgres_con' for task execution.
[2023-09-05T09:45:37.058+0000] {base.py:73} INFO - Using connection ID 'postgres_con' for task execution.
[2023-09-05T09:45:37.116+0000] {base.py:73} INFO - Using connection ID 'postgres_con' for task execution.
[2023-09-05T09:45:37.175+0000] {base.py:73} INFO - Using connection ID 'postgres_con' for task execution.
[2023-09-05T09:45:37.240+0000] {base.py:73} INFO - Using connection ID 'postgres_con' for task execution.
[2023-09-05T09:45:37.300+0000] {base.py:73} INFO - Using connection ID 'postgres_con' for task execution.
[2023-09-05T09:45:37.361+0000] {base.py:73} INFO - Using connection ID 'postgres_con' for task execution.
[2023-09-05T09:45:37.419+0000] {base.py:73} INFO - Using connection ID 'postgres_con' for task execution.
[2023-09-05T09:45:37.478+0000] {base.py:73} INFO - Using connection ID 'postgres_con' for task execution.
[2023-09-05T09:45:37.540+0000] {base.py:73} INFO - Using connection ID 'postgres_con' for task execution.
[2023-09-05T09:45:37.598+0000] {base.py:73} INFO - Using connection ID 'postgres_con' for task execution.
[2023-09-05T09:45:37.661+0000] {base.py:73} INFO - Using connection ID 'postgres_con' for task execution.
[2023-09-05T09:45:37.720+0000] {base.py:73} INFO - Using connection ID 'postgres_con' for task execution.
[2023-09-05T09:45:37.779+0000] {base.py:73} INFO - Using connection ID 'postgres_con' for task execution.
[2023-09-05T09:45:37.844+0000] {base.py:73} INFO - Using connection ID 'postgres_con' for task execution.
[2023-09-05T09:45:37.913+0000] {base.py:73} INFO - Using connection ID 'postgres_con' for task execution.
[2023-09-05T09:45:37.991+0000] {base.py:73} INFO - Using connection ID 'postgres_con' for task execution.
[2023-09-05T09:45:38.052+0000] {base.py:73} INFO - Using connection ID 'postgres_con' for task execution.
[2023-09-05T09:45:38.112+0000] {base.py:73} INFO - Using connection ID 'postgres_con' for task execution.
[2023-09-05T09:45:38.187+0000] {base.py:73} INFO - Using connection ID 'postgres_con' for task execution.
[2023-09-05T09:45:38.246+0000] {base.py:73} INFO - Using connection ID 'postgres_con' for task execution.
[2023-09-05T09:45:38.307+0000] {base.py:73} INFO - Using connection ID 'postgres_con' for task execution.
[2023-09-05T09:45:38.367+0000] {base.py:73} INFO - Using connection ID 'postgres_con' for task execution.
[2023-09-05T09:45:38.425+0000] {base.py:73} INFO - Using connection ID 'postgres_con' for task execution.
[2023-09-05T09:45:38.487+0000] {base.py:73} INFO - Using connection ID 'postgres_con' for task execution.
[2023-09-05T09:45:38.557+0000] {base.py:73} INFO - Using connection ID 'postgres_con' for task execution.
[2023-09-05T09:45:38.645+0000] {base.py:73} INFO - Using connection ID 'postgres_con' for task execution.
[2023-09-05T09:45:38.704+0000] {base.py:73} INFO - Using connection ID 'postgres_con' for task execution.
[2023-09-05T09:45:38.778+0000] {base.py:73} INFO - Using connection ID 'postgres_con' for task execution.
[2023-09-05T09:45:38.847+0000] {base.py:73} INFO - Using connection ID 'postgres_con' for task execution.
[2023-09-05T09:45:38.904+0000] {base.py:73} INFO - Using connection ID 'postgres_con' for task execution.
[2023-09-05T09:45:38.975+0000] {base.py:73} INFO - Using connection ID 'postgres_con' for task execution.
[2023-09-05T09:45:39.033+0000] {base.py:73} INFO - Using connection ID 'postgres_con' for task execution.
[2023-09-05T09:45:39.093+0000] {base.py:73} INFO - Using connection ID 'postgres_con' for task execution.
[2023-09-05T09:45:39.158+0000] {base.py:73} INFO - Using connection ID 'postgres_con' for task execution.
[2023-09-05T09:45:39.222+0000] {base.py:73} INFO - Using connection ID 'postgres_con' for task execution.
[2023-09-05T09:45:39.282+0000] {base.py:73} INFO - Using connection ID 'postgres_con' for task execution.
[2023-09-05T09:45:39.340+0000] {base.py:73} INFO - Using connection ID 'postgres_con' for task execution.
[2023-09-05T09:45:39.399+0000] {base.py:73} INFO - Using connection ID 'postgres_con' for task execution.
[2023-09-05T09:45:39.460+0000] {base.py:73} INFO - Using connection ID 'postgres_con' for task execution.
[2023-09-05T09:55:27.764+0000] {base.py:73} INFO - Using connection ID 'postgres_con' for task execution.
[2023-09-05T09:55:27.808+0000] {warnings.py:109} WARNING - /home/***/.local/lib/python3.8/site-packages/***/providers/common/sql/hooks/sql.py:219: UserWarning: pandas only supports SQLAlchemy connectable (engine/connection) or database string URI or sqlite3 DBAPI2 connection. Other DBAPI2 objects are not tested. Please consider using SQLAlchemy.
  return psql.read_sql(sql, con=conn, params=parameters, **kwargs)

[2023-09-05T09:55:27.854+0000] {base.py:73} INFO - Using connection ID 'postgres_con' for task execution.
[2023-09-05T09:55:27.863+0000] {warnings.py:109} WARNING - /home/***/.local/lib/python3.8/site-packages/***/providers/common/sql/hooks/sql.py:219: UserWarning: pandas only supports SQLAlchemy connectable (engine/connection) or database string URI or sqlite3 DBAPI2 connection. Other DBAPI2 objects are not tested. Please consider using SQLAlchemy.
  return psql.read_sql(sql, con=conn, params=parameters, **kwargs)

[2023-09-05T09:55:27.875+0000] {python.py:194} INFO - Done. Returned value was:         id_vac  ... column_not_exist_in_db
0     86210281  ...                  73605
1     86210281  ...                  73606
2     86210281  ...                  73607
3     86210281  ...                  73608
4     86210281  ...                  73609
...        ...  ...                    ...
1090  86233756  ...                  74695
1091  86231896  ...                  74696
1092  86234800  ...                  74697
1093  86234800  ...                  74698
1094  86234800  ...                  74699

[1095 rows x 16 columns]
[2023-09-05T09:55:28.046+0000] {taskinstance.py:1400} INFO - Marking task as SUCCESS. dag_id=dag_parser, task_id=transform, execution_date=20230904T040000, start_date=20230905T094447, end_date=20230905T095528
[2023-09-05T09:55:28.133+0000] {local_task_job_runner.py:228} INFO - Task exited with return code 0
[2023-09-05T09:55:28.171+0000] {taskinstance.py:2784} INFO - 1 downstream tasks scheduled from follow-on schedule check
