[2023-08-29T10:21:24.594+0000] {taskinstance.py:1159} INFO - Dependencies all met for dep_context=non-requeueable deps ti=<TaskInstance: dag_parser.parsing manual__2023-08-29T10:21:22.434756+00:00 [queued]>
[2023-08-29T10:21:24.601+0000] {taskinstance.py:1159} INFO - Dependencies all met for dep_context=requeueable deps ti=<TaskInstance: dag_parser.parsing manual__2023-08-29T10:21:22.434756+00:00 [queued]>
[2023-08-29T10:21:24.603+0000] {taskinstance.py:1361} INFO - Starting attempt 1 of 3
[2023-08-29T10:21:24.611+0000] {taskinstance.py:1382} INFO - Executing <Task(_PythonDecoratedOperator): parsing> on 2023-08-29 10:21:22.434756+00:00
[2023-08-29T10:21:24.621+0000] {standard_task_runner.py:57} INFO - Started process 819 to run task
[2023-08-29T10:21:24.626+0000] {standard_task_runner.py:84} INFO - Running: ['***', 'tasks', 'run', 'dag_parser', 'parsing', 'manual__2023-08-29T10:21:22.434756+00:00', '--job-id', '67', '--raw', '--subdir', 'DAGS_FOLDER/dag_parser.py', '--cfg-path', '/tmp/tmp23orgc42']
[2023-08-29T10:21:24.629+0000] {standard_task_runner.py:85} INFO - Job 67: Subtask parsing
[2023-08-29T10:21:24.692+0000] {task_command.py:415} INFO - Running <TaskInstance: dag_parser.parsing manual__2023-08-29T10:21:22.434756+00:00 [running]> on host d5a2c1e9e387
[2023-08-29T10:21:24.761+0000] {taskinstance.py:1660} INFO - Exporting env vars: AIRFLOW_CTX_DAG_OWNER='oleg' AIRFLOW_CTX_DAG_ID='dag_parser' AIRFLOW_CTX_TASK_ID='parsing' AIRFLOW_CTX_EXECUTION_DATE='2023-08-29T10:21:22.434756+00:00' AIRFLOW_CTX_TRY_NUMBER='1' AIRFLOW_CTX_DAG_RUN_ID='manual__2023-08-29T10:21:22.434756+00:00'
[2023-08-29T10:21:56.582+0000] {base.py:73} INFO - Using connection ID 'postgres_con' for task execution.
[2023-08-29T10:21:56.608+0000] {warnings.py:109} WARNING - /home/***/.local/lib/python3.8/site-packages/***/providers/common/sql/hooks/sql.py:219: UserWarning: pandas only supports SQLAlchemy connectable (engine/connection) or database string URI or sqlite3 DBAPI2 connection. Other DBAPI2 objects are not tested. Please consider using SQLAlchemy.
  return psql.read_sql(sql, con=conn, params=parameters, **kwargs)

[2023-08-29T10:21:56.744+0000] {base.py:73} INFO - Using connection ID 'postgres_con' for task execution.
[2023-08-29T10:21:56.804+0000] {base.py:73} INFO - Using connection ID 'postgres_con' for task execution.
[2023-08-29T10:21:56.866+0000] {base.py:73} INFO - Using connection ID 'postgres_con' for task execution.
[2023-08-29T10:21:56.921+0000] {base.py:73} INFO - Using connection ID 'postgres_con' for task execution.
[2023-08-29T10:21:56.984+0000] {base.py:73} INFO - Using connection ID 'postgres_con' for task execution.
[2023-08-29T10:21:57.042+0000] {base.py:73} INFO - Using connection ID 'postgres_con' for task execution.
[2023-08-29T10:21:57.101+0000] {base.py:73} INFO - Using connection ID 'postgres_con' for task execution.
[2023-08-29T10:21:57.157+0000] {base.py:73} INFO - Using connection ID 'postgres_con' for task execution.
[2023-08-29T10:21:57.218+0000] {base.py:73} INFO - Using connection ID 'postgres_con' for task execution.
[2023-08-29T10:21:57.273+0000] {base.py:73} INFO - Using connection ID 'postgres_con' for task execution.
[2023-08-29T10:21:57.338+0000] {base.py:73} INFO - Using connection ID 'postgres_con' for task execution.
[2023-08-29T10:21:57.402+0000] {base.py:73} INFO - Using connection ID 'postgres_con' for task execution.
[2023-08-29T10:21:57.458+0000] {base.py:73} INFO - Using connection ID 'postgres_con' for task execution.
[2023-08-29T10:21:57.514+0000] {base.py:73} INFO - Using connection ID 'postgres_con' for task execution.
[2023-08-29T10:21:57.578+0000] {base.py:73} INFO - Using connection ID 'postgres_con' for task execution.
[2023-08-29T10:21:57.648+0000] {base.py:73} INFO - Using connection ID 'postgres_con' for task execution.
[2023-08-29T10:21:57.741+0000] {base.py:73} INFO - Using connection ID 'postgres_con' for task execution.
[2023-08-29T10:21:57.804+0000] {base.py:73} INFO - Using connection ID 'postgres_con' for task execution.
[2023-08-29T10:21:57.863+0000] {base.py:73} INFO - Using connection ID 'postgres_con' for task execution.
[2023-08-29T10:21:57.939+0000] {base.py:73} INFO - Using connection ID 'postgres_con' for task execution.
[2023-08-29T10:21:58.002+0000] {base.py:73} INFO - Using connection ID 'postgres_con' for task execution.
[2023-08-29T10:21:58.064+0000] {base.py:73} INFO - Using connection ID 'postgres_con' for task execution.
[2023-08-29T10:21:58.132+0000] {base.py:73} INFO - Using connection ID 'postgres_con' for task execution.
[2023-08-29T10:21:58.194+0000] {base.py:73} INFO - Using connection ID 'postgres_con' for task execution.
[2023-08-29T10:21:58.256+0000] {base.py:73} INFO - Using connection ID 'postgres_con' for task execution.
[2023-08-29T10:21:58.316+0000] {base.py:73} INFO - Using connection ID 'postgres_con' for task execution.
[2023-08-29T10:21:58.372+0000] {base.py:73} INFO - Using connection ID 'postgres_con' for task execution.
[2023-08-29T10:21:58.429+0000] {base.py:73} INFO - Using connection ID 'postgres_con' for task execution.
[2023-08-29T10:21:58.490+0000] {base.py:73} INFO - Using connection ID 'postgres_con' for task execution.
[2023-08-29T10:21:58.546+0000] {base.py:73} INFO - Using connection ID 'postgres_con' for task execution.
[2023-08-29T10:21:58.602+0000] {base.py:73} INFO - Using connection ID 'postgres_con' for task execution.
[2023-08-29T10:21:58.667+0000] {base.py:73} INFO - Using connection ID 'postgres_con' for task execution.
[2023-08-29T10:21:58.723+0000] {base.py:73} INFO - Using connection ID 'postgres_con' for task execution.
[2023-08-29T10:21:58.793+0000] {base.py:73} INFO - Using connection ID 'postgres_con' for task execution.
[2023-08-29T10:21:58.860+0000] {base.py:73} INFO - Using connection ID 'postgres_con' for task execution.
[2023-08-29T10:21:58.964+0000] {base.py:73} INFO - Using connection ID 'postgres_con' for task execution.
[2023-08-29T10:21:59.057+0000] {base.py:73} INFO - Using connection ID 'postgres_con' for task execution.
[2023-08-29T10:21:59.113+0000] {base.py:73} INFO - Using connection ID 'postgres_con' for task execution.
[2023-08-29T10:21:59.175+0000] {base.py:73} INFO - Using connection ID 'postgres_con' for task execution.
[2023-08-29T10:21:59.234+0000] {base.py:73} INFO - Using connection ID 'postgres_con' for task execution.
[2023-08-29T10:21:59.294+0000] {base.py:73} INFO - Using connection ID 'postgres_con' for task execution.
[2023-08-29T10:21:59.352+0000] {base.py:73} INFO - Using connection ID 'postgres_con' for task execution.
[2023-08-29T10:21:59.413+0000] {base.py:73} INFO - Using connection ID 'postgres_con' for task execution.
[2023-08-29T10:21:59.469+0000] {base.py:73} INFO - Using connection ID 'postgres_con' for task execution.
[2023-08-29T10:21:59.529+0000] {base.py:73} INFO - Using connection ID 'postgres_con' for task execution.
[2023-08-29T10:21:59.599+0000] {base.py:73} INFO - Using connection ID 'postgres_con' for task execution.
[2023-08-29T10:21:59.660+0000] {base.py:73} INFO - Using connection ID 'postgres_con' for task execution.
[2023-08-29T10:21:59.737+0000] {base.py:73} INFO - Using connection ID 'postgres_con' for task execution.
[2023-08-29T10:21:59.806+0000] {base.py:73} INFO - Using connection ID 'postgres_con' for task execution.
[2023-08-29T10:21:59.887+0000] {base.py:73} INFO - Using connection ID 'postgres_con' for task execution.
[2023-08-29T10:21:59.962+0000] {base.py:73} INFO - Using connection ID 'postgres_con' for task execution.
[2023-08-29T10:22:00.035+0000] {base.py:73} INFO - Using connection ID 'postgres_con' for task execution.
[2023-08-29T10:22:00.128+0000] {base.py:73} INFO - Using connection ID 'postgres_con' for task execution.
[2023-08-29T10:22:00.214+0000] {base.py:73} INFO - Using connection ID 'postgres_con' for task execution.
[2023-08-29T10:22:00.275+0000] {base.py:73} INFO - Using connection ID 'postgres_con' for task execution.
[2023-08-29T10:22:00.340+0000] {base.py:73} INFO - Using connection ID 'postgres_con' for task execution.
[2023-08-29T10:22:00.412+0000] {base.py:73} INFO - Using connection ID 'postgres_con' for task execution.
[2023-08-29T10:22:00.501+0000] {base.py:73} INFO - Using connection ID 'postgres_con' for task execution.
[2023-08-29T10:22:00.635+0000] {base.py:73} INFO - Using connection ID 'postgres_con' for task execution.
[2023-08-29T10:22:00.722+0000] {base.py:73} INFO - Using connection ID 'postgres_con' for task execution.
[2023-08-29T10:22:00.804+0000] {base.py:73} INFO - Using connection ID 'postgres_con' for task execution.
[2023-08-29T10:22:00.866+0000] {base.py:73} INFO - Using connection ID 'postgres_con' for task execution.
[2023-08-29T10:22:00.954+0000] {base.py:73} INFO - Using connection ID 'postgres_con' for task execution.
[2023-08-29T10:22:01.031+0000] {base.py:73} INFO - Using connection ID 'postgres_con' for task execution.
[2023-08-29T10:22:01.113+0000] {base.py:73} INFO - Using connection ID 'postgres_con' for task execution.
[2023-08-29T10:22:01.184+0000] {base.py:73} INFO - Using connection ID 'postgres_con' for task execution.
[2023-08-29T10:22:01.252+0000] {base.py:73} INFO - Using connection ID 'postgres_con' for task execution.
[2023-08-29T10:22:01.322+0000] {base.py:73} INFO - Using connection ID 'postgres_con' for task execution.
[2023-08-29T10:22:01.401+0000] {base.py:73} INFO - Using connection ID 'postgres_con' for task execution.
[2023-08-29T10:22:01.467+0000] {base.py:73} INFO - Using connection ID 'postgres_con' for task execution.
[2023-08-29T10:22:01.545+0000] {base.py:73} INFO - Using connection ID 'postgres_con' for task execution.
[2023-08-29T10:22:01.614+0000] {base.py:73} INFO - Using connection ID 'postgres_con' for task execution.
[2023-08-29T10:22:01.686+0000] {base.py:73} INFO - Using connection ID 'postgres_con' for task execution.
[2023-08-29T10:22:01.764+0000] {base.py:73} INFO - Using connection ID 'postgres_con' for task execution.
[2023-08-29T10:22:01.831+0000] {base.py:73} INFO - Using connection ID 'postgres_con' for task execution.
[2023-08-29T10:22:01.896+0000] {base.py:73} INFO - Using connection ID 'postgres_con' for task execution.
[2023-08-29T10:22:01.967+0000] {base.py:73} INFO - Using connection ID 'postgres_con' for task execution.
[2023-08-29T10:22:02.032+0000] {base.py:73} INFO - Using connection ID 'postgres_con' for task execution.
[2023-08-29T10:22:02.123+0000] {base.py:73} INFO - Using connection ID 'postgres_con' for task execution.
[2023-08-29T10:22:02.191+0000] {base.py:73} INFO - Using connection ID 'postgres_con' for task execution.
[2023-08-29T10:22:02.277+0000] {base.py:73} INFO - Using connection ID 'postgres_con' for task execution.
[2023-08-29T10:22:02.348+0000] {base.py:73} INFO - Using connection ID 'postgres_con' for task execution.
[2023-08-29T10:22:02.409+0000] {base.py:73} INFO - Using connection ID 'postgres_con' for task execution.
[2023-08-29T10:22:02.465+0000] {base.py:73} INFO - Using connection ID 'postgres_con' for task execution.
[2023-08-29T10:22:02.525+0000] {base.py:73} INFO - Using connection ID 'postgres_con' for task execution.
[2023-08-29T10:22:02.582+0000] {base.py:73} INFO - Using connection ID 'postgres_con' for task execution.
[2023-08-29T10:22:02.644+0000] {base.py:73} INFO - Using connection ID 'postgres_con' for task execution.
[2023-08-29T10:22:02.711+0000] {base.py:73} INFO - Using connection ID 'postgres_con' for task execution.
[2023-08-29T10:22:02.766+0000] {base.py:73} INFO - Using connection ID 'postgres_con' for task execution.
[2023-08-29T10:22:02.821+0000] {base.py:73} INFO - Using connection ID 'postgres_con' for task execution.
[2023-08-29T10:22:02.880+0000] {base.py:73} INFO - Using connection ID 'postgres_con' for task execution.
[2023-08-29T10:22:02.938+0000] {base.py:73} INFO - Using connection ID 'postgres_con' for task execution.
[2023-08-29T10:22:02.996+0000] {base.py:73} INFO - Using connection ID 'postgres_con' for task execution.
[2023-08-29T10:22:03.055+0000] {base.py:73} INFO - Using connection ID 'postgres_con' for task execution.
[2023-08-29T10:22:03.119+0000] {base.py:73} INFO - Using connection ID 'postgres_con' for task execution.
[2023-08-29T10:22:03.184+0000] {base.py:73} INFO - Using connection ID 'postgres_con' for task execution.
[2023-08-29T10:22:03.271+0000] {base.py:73} INFO - Using connection ID 'postgres_con' for task execution.
[2023-08-29T10:22:03.360+0000] {base.py:73} INFO - Using connection ID 'postgres_con' for task execution.
[2023-08-29T10:22:03.423+0000] {base.py:73} INFO - Using connection ID 'postgres_con' for task execution.
[2023-08-29T10:22:03.477+0000] {base.py:73} INFO - Using connection ID 'postgres_con' for task execution.
[2023-08-29T10:22:03.537+0000] {base.py:73} INFO - Using connection ID 'postgres_con' for task execution.
[2023-08-29T10:22:03.592+0000] {base.py:73} INFO - Using connection ID 'postgres_con' for task execution.
[2023-08-29T10:22:03.655+0000] {base.py:73} INFO - Using connection ID 'postgres_con' for task execution.
[2023-08-29T10:22:03.728+0000] {base.py:73} INFO - Using connection ID 'postgres_con' for task execution.
[2023-08-29T10:22:03.809+0000] {base.py:73} INFO - Using connection ID 'postgres_con' for task execution.
[2023-08-29T10:22:03.875+0000] {base.py:73} INFO - Using connection ID 'postgres_con' for task execution.
[2023-08-29T10:22:03.952+0000] {base.py:73} INFO - Using connection ID 'postgres_con' for task execution.
[2023-08-29T10:22:04.022+0000] {base.py:73} INFO - Using connection ID 'postgres_con' for task execution.
[2023-08-29T10:22:04.077+0000] {base.py:73} INFO - Using connection ID 'postgres_con' for task execution.
[2023-08-29T10:22:04.130+0000] {base.py:73} INFO - Using connection ID 'postgres_con' for task execution.
[2023-08-29T10:22:04.199+0000] {base.py:73} INFO - Using connection ID 'postgres_con' for task execution.
[2023-08-29T10:22:04.259+0000] {base.py:73} INFO - Using connection ID 'postgres_con' for task execution.
[2023-08-29T10:22:04.321+0000] {base.py:73} INFO - Using connection ID 'postgres_con' for task execution.
[2023-08-29T10:22:04.373+0000] {base.py:73} INFO - Using connection ID 'postgres_con' for task execution.
[2023-08-29T10:22:04.429+0000] {base.py:73} INFO - Using connection ID 'postgres_con' for task execution.
[2023-08-29T10:22:04.487+0000] {base.py:73} INFO - Using connection ID 'postgres_con' for task execution.
[2023-08-29T10:22:04.543+0000] {base.py:73} INFO - Using connection ID 'postgres_con' for task execution.
[2023-08-29T10:22:04.601+0000] {base.py:73} INFO - Using connection ID 'postgres_con' for task execution.
[2023-08-29T10:22:04.658+0000] {base.py:73} INFO - Using connection ID 'postgres_con' for task execution.
[2023-08-29T10:22:04.716+0000] {base.py:73} INFO - Using connection ID 'postgres_con' for task execution.
[2023-08-29T10:22:04.774+0000] {base.py:73} INFO - Using connection ID 'postgres_con' for task execution.
[2023-08-29T10:22:04.832+0000] {base.py:73} INFO - Using connection ID 'postgres_con' for task execution.
[2023-08-29T10:22:04.892+0000] {base.py:73} INFO - Using connection ID 'postgres_con' for task execution.
[2023-08-29T10:22:05.022+0000] {base.py:73} INFO - Using connection ID 'postgres_con' for task execution.
[2023-08-29T10:22:05.113+0000] {base.py:73} INFO - Using connection ID 'postgres_con' for task execution.
[2023-08-29T10:22:05.169+0000] {base.py:73} INFO - Using connection ID 'postgres_con' for task execution.
[2023-08-29T10:22:05.249+0000] {base.py:73} INFO - Using connection ID 'postgres_con' for task execution.
[2023-08-29T10:22:05.328+0000] {base.py:73} INFO - Using connection ID 'postgres_con' for task execution.
[2023-08-29T10:22:05.382+0000] {base.py:73} INFO - Using connection ID 'postgres_con' for task execution.
[2023-08-29T10:22:05.448+0000] {base.py:73} INFO - Using connection ID 'postgres_con' for task execution.
[2023-08-29T10:22:05.507+0000] {base.py:73} INFO - Using connection ID 'postgres_con' for task execution.
[2023-08-29T10:22:05.562+0000] {base.py:73} INFO - Using connection ID 'postgres_con' for task execution.
[2023-08-29T10:22:05.621+0000] {base.py:73} INFO - Using connection ID 'postgres_con' for task execution.
[2023-08-29T10:22:05.676+0000] {base.py:73} INFO - Using connection ID 'postgres_con' for task execution.
[2023-08-29T10:22:05.739+0000] {base.py:73} INFO - Using connection ID 'postgres_con' for task execution.
[2023-08-29T10:22:05.798+0000] {base.py:73} INFO - Using connection ID 'postgres_con' for task execution.
[2023-08-29T10:22:05.858+0000] {base.py:73} INFO - Using connection ID 'postgres_con' for task execution.
[2023-08-29T10:22:05.913+0000] {base.py:73} INFO - Using connection ID 'postgres_con' for task execution.
[2023-08-29T10:22:05.967+0000] {base.py:73} INFO - Using connection ID 'postgres_con' for task execution.
[2023-08-29T10:22:06.028+0000] {base.py:73} INFO - Using connection ID 'postgres_con' for task execution.
[2023-08-29T10:22:06.089+0000] {base.py:73} INFO - Using connection ID 'postgres_con' for task execution.
[2023-08-29T10:22:06.143+0000] {base.py:73} INFO - Using connection ID 'postgres_con' for task execution.
[2023-08-29T10:22:06.202+0000] {base.py:73} INFO - Using connection ID 'postgres_con' for task execution.
[2023-08-29T10:22:06.264+0000] {base.py:73} INFO - Using connection ID 'postgres_con' for task execution.
[2023-08-29T10:22:06.323+0000] {base.py:73} INFO - Using connection ID 'postgres_con' for task execution.
[2023-08-29T10:22:06.382+0000] {base.py:73} INFO - Using connection ID 'postgres_con' for task execution.
[2023-08-29T10:22:06.436+0000] {base.py:73} INFO - Using connection ID 'postgres_con' for task execution.
[2023-08-29T10:22:06.496+0000] {base.py:73} INFO - Using connection ID 'postgres_con' for task execution.
[2023-08-29T10:22:06.555+0000] {base.py:73} INFO - Using connection ID 'postgres_con' for task execution.
[2023-08-29T10:22:06.608+0000] {base.py:73} INFO - Using connection ID 'postgres_con' for task execution.
[2023-08-29T10:22:06.671+0000] {base.py:73} INFO - Using connection ID 'postgres_con' for task execution.
[2023-08-29T10:22:06.726+0000] {base.py:73} INFO - Using connection ID 'postgres_con' for task execution.
[2023-08-29T10:22:06.798+0000] {base.py:73} INFO - Using connection ID 'postgres_con' for task execution.
[2023-08-29T10:22:06.858+0000] {base.py:73} INFO - Using connection ID 'postgres_con' for task execution.
[2023-08-29T10:22:06.921+0000] {base.py:73} INFO - Using connection ID 'postgres_con' for task execution.
[2023-08-29T10:22:06.991+0000] {base.py:73} INFO - Using connection ID 'postgres_con' for task execution.
[2023-08-29T10:22:07.090+0000] {base.py:73} INFO - Using connection ID 'postgres_con' for task execution.
[2023-08-29T10:22:07.164+0000] {base.py:73} INFO - Using connection ID 'postgres_con' for task execution.
[2023-08-29T10:22:07.233+0000] {base.py:73} INFO - Using connection ID 'postgres_con' for task execution.
[2023-08-29T10:22:07.294+0000] {base.py:73} INFO - Using connection ID 'postgres_con' for task execution.
[2023-08-29T10:22:07.353+0000] {base.py:73} INFO - Using connection ID 'postgres_con' for task execution.
[2023-08-29T10:22:07.411+0000] {base.py:73} INFO - Using connection ID 'postgres_con' for task execution.
[2023-08-29T10:22:07.468+0000] {base.py:73} INFO - Using connection ID 'postgres_con' for task execution.
[2023-08-29T10:22:07.522+0000] {base.py:73} INFO - Using connection ID 'postgres_con' for task execution.
[2023-08-29T10:22:07.579+0000] {base.py:73} INFO - Using connection ID 'postgres_con' for task execution.
[2023-08-29T10:22:07.640+0000] {base.py:73} INFO - Using connection ID 'postgres_con' for task execution.
[2023-08-29T10:22:07.717+0000] {base.py:73} INFO - Using connection ID 'postgres_con' for task execution.
[2023-08-29T10:22:07.786+0000] {base.py:73} INFO - Using connection ID 'postgres_con' for task execution.
[2023-08-29T10:22:07.846+0000] {base.py:73} INFO - Using connection ID 'postgres_con' for task execution.
[2023-08-29T10:22:07.908+0000] {base.py:73} INFO - Using connection ID 'postgres_con' for task execution.
[2023-08-29T10:22:07.963+0000] {base.py:73} INFO - Using connection ID 'postgres_con' for task execution.
[2023-08-29T10:22:08.021+0000] {base.py:73} INFO - Using connection ID 'postgres_con' for task execution.
[2023-08-29T10:22:08.075+0000] {base.py:73} INFO - Using connection ID 'postgres_con' for task execution.
[2023-08-29T10:22:08.129+0000] {base.py:73} INFO - Using connection ID 'postgres_con' for task execution.
[2023-08-29T10:22:08.194+0000] {base.py:73} INFO - Using connection ID 'postgres_con' for task execution.
[2023-08-29T10:22:08.267+0000] {base.py:73} INFO - Using connection ID 'postgres_con' for task execution.
[2023-08-29T10:22:08.334+0000] {base.py:73} INFO - Using connection ID 'postgres_con' for task execution.
[2023-08-29T10:22:08.397+0000] {base.py:73} INFO - Using connection ID 'postgres_con' for task execution.
[2023-08-29T10:22:08.458+0000] {base.py:73} INFO - Using connection ID 'postgres_con' for task execution.
[2023-08-29T10:22:08.516+0000] {base.py:73} INFO - Using connection ID 'postgres_con' for task execution.
[2023-08-29T10:22:08.573+0000] {base.py:73} INFO - Using connection ID 'postgres_con' for task execution.
[2023-08-29T10:22:08.632+0000] {base.py:73} INFO - Using connection ID 'postgres_con' for task execution.
[2023-08-29T10:22:08.687+0000] {base.py:73} INFO - Using connection ID 'postgres_con' for task execution.
[2023-08-29T10:22:08.741+0000] {base.py:73} INFO - Using connection ID 'postgres_con' for task execution.
[2023-08-29T10:22:08.820+0000] {base.py:73} INFO - Using connection ID 'postgres_con' for task execution.
[2023-08-29T10:22:08.894+0000] {base.py:73} INFO - Using connection ID 'postgres_con' for task execution.
[2023-08-29T10:22:08.965+0000] {base.py:73} INFO - Using connection ID 'postgres_con' for task execution.
[2023-08-29T10:22:09.022+0000] {base.py:73} INFO - Using connection ID 'postgres_con' for task execution.
[2023-08-29T10:22:09.083+0000] {base.py:73} INFO - Using connection ID 'postgres_con' for task execution.
[2023-08-29T10:22:09.142+0000] {base.py:73} INFO - Using connection ID 'postgres_con' for task execution.
[2023-08-29T10:22:09.205+0000] {base.py:73} INFO - Using connection ID 'postgres_con' for task execution.
[2023-08-29T10:22:09.259+0000] {base.py:73} INFO - Using connection ID 'postgres_con' for task execution.
[2023-08-29T10:22:09.313+0000] {base.py:73} INFO - Using connection ID 'postgres_con' for task execution.
[2023-08-29T10:22:09.387+0000] {base.py:73} INFO - Using connection ID 'postgres_con' for task execution.
[2023-08-29T10:22:09.467+0000] {base.py:73} INFO - Using connection ID 'postgres_con' for task execution.
[2023-08-29T10:22:09.550+0000] {base.py:73} INFO - Using connection ID 'postgres_con' for task execution.
[2023-08-29T10:22:09.625+0000] {base.py:73} INFO - Using connection ID 'postgres_con' for task execution.
[2023-08-29T10:22:09.705+0000] {base.py:73} INFO - Using connection ID 'postgres_con' for task execution.
[2023-08-29T10:22:09.800+0000] {base.py:73} INFO - Using connection ID 'postgres_con' for task execution.
[2023-08-29T10:22:09.905+0000] {base.py:73} INFO - Using connection ID 'postgres_con' for task execution.
[2023-08-29T10:22:09.980+0000] {base.py:73} INFO - Using connection ID 'postgres_con' for task execution.
[2023-08-29T10:22:10.060+0000] {base.py:73} INFO - Using connection ID 'postgres_con' for task execution.
[2023-08-29T10:22:10.148+0000] {base.py:73} INFO - Using connection ID 'postgres_con' for task execution.
[2023-08-29T10:22:10.228+0000] {base.py:73} INFO - Using connection ID 'postgres_con' for task execution.
[2023-08-29T10:22:10.312+0000] {base.py:73} INFO - Using connection ID 'postgres_con' for task execution.
[2023-08-29T10:22:10.391+0000] {base.py:73} INFO - Using connection ID 'postgres_con' for task execution.
[2023-08-29T10:22:10.469+0000] {base.py:73} INFO - Using connection ID 'postgres_con' for task execution.
[2023-08-29T10:22:10.533+0000] {base.py:73} INFO - Using connection ID 'postgres_con' for task execution.
[2023-08-29T10:22:10.588+0000] {base.py:73} INFO - Using connection ID 'postgres_con' for task execution.
[2023-08-29T10:22:10.653+0000] {base.py:73} INFO - Using connection ID 'postgres_con' for task execution.
[2023-08-29T10:22:10.728+0000] {base.py:73} INFO - Using connection ID 'postgres_con' for task execution.
[2023-08-29T10:22:10.812+0000] {base.py:73} INFO - Using connection ID 'postgres_con' for task execution.
[2023-08-29T10:22:10.880+0000] {base.py:73} INFO - Using connection ID 'postgres_con' for task execution.
[2023-08-29T10:22:10.979+0000] {base.py:73} INFO - Using connection ID 'postgres_con' for task execution.
[2023-08-29T10:22:11.071+0000] {base.py:73} INFO - Using connection ID 'postgres_con' for task execution.
[2023-08-29T10:22:11.125+0000] {base.py:73} INFO - Using connection ID 'postgres_con' for task execution.
[2023-08-29T10:22:11.184+0000] {base.py:73} INFO - Using connection ID 'postgres_con' for task execution.
[2023-08-29T10:22:11.242+0000] {base.py:73} INFO - Using connection ID 'postgres_con' for task execution.
[2023-08-29T10:22:11.313+0000] {base.py:73} INFO - Using connection ID 'postgres_con' for task execution.
[2023-08-29T10:22:11.395+0000] {base.py:73} INFO - Using connection ID 'postgres_con' for task execution.
[2023-08-29T10:22:11.487+0000] {base.py:73} INFO - Using connection ID 'postgres_con' for task execution.
[2023-08-29T10:22:11.558+0000] {base.py:73} INFO - Using connection ID 'postgres_con' for task execution.
[2023-08-29T10:22:11.681+0000] {base.py:73} INFO - Using connection ID 'postgres_con' for task execution.
[2023-08-29T10:22:11.756+0000] {base.py:73} INFO - Using connection ID 'postgres_con' for task execution.
[2023-08-29T10:22:11.863+0000] {base.py:73} INFO - Using connection ID 'postgres_con' for task execution.
[2023-08-29T10:22:11.958+0000] {base.py:73} INFO - Using connection ID 'postgres_con' for task execution.
[2023-08-29T10:22:12.033+0000] {base.py:73} INFO - Using connection ID 'postgres_con' for task execution.
[2023-08-29T10:22:12.097+0000] {base.py:73} INFO - Using connection ID 'postgres_con' for task execution.
[2023-08-29T10:22:12.157+0000] {base.py:73} INFO - Using connection ID 'postgres_con' for task execution.
[2023-08-29T10:22:12.218+0000] {base.py:73} INFO - Using connection ID 'postgres_con' for task execution.
[2023-08-29T10:22:12.273+0000] {base.py:73} INFO - Using connection ID 'postgres_con' for task execution.
[2023-08-29T10:22:12.330+0000] {base.py:73} INFO - Using connection ID 'postgres_con' for task execution.
[2023-08-29T10:22:12.389+0000] {base.py:73} INFO - Using connection ID 'postgres_con' for task execution.
[2023-08-29T10:22:12.445+0000] {base.py:73} INFO - Using connection ID 'postgres_con' for task execution.
[2023-08-29T10:22:12.502+0000] {base.py:73} INFO - Using connection ID 'postgres_con' for task execution.
[2023-08-29T10:22:12.559+0000] {base.py:73} INFO - Using connection ID 'postgres_con' for task execution.
[2023-08-29T10:22:12.618+0000] {base.py:73} INFO - Using connection ID 'postgres_con' for task execution.
[2023-08-29T10:22:12.677+0000] {base.py:73} INFO - Using connection ID 'postgres_con' for task execution.
[2023-08-29T10:22:12.733+0000] {base.py:73} INFO - Using connection ID 'postgres_con' for task execution.
[2023-08-29T10:22:12.787+0000] {base.py:73} INFO - Using connection ID 'postgres_con' for task execution.
[2023-08-29T10:22:12.843+0000] {base.py:73} INFO - Using connection ID 'postgres_con' for task execution.
[2023-08-29T10:22:12.896+0000] {base.py:73} INFO - Using connection ID 'postgres_con' for task execution.
[2023-08-29T10:22:12.952+0000] {base.py:73} INFO - Using connection ID 'postgres_con' for task execution.
[2023-08-29T10:22:13.009+0000] {base.py:73} INFO - Using connection ID 'postgres_con' for task execution.
[2023-08-29T10:22:13.087+0000] {base.py:73} INFO - Using connection ID 'postgres_con' for task execution.
[2023-08-29T10:22:13.163+0000] {base.py:73} INFO - Using connection ID 'postgres_con' for task execution.
[2023-08-29T10:22:13.246+0000] {base.py:73} INFO - Using connection ID 'postgres_con' for task execution.
[2023-08-29T10:22:13.306+0000] {base.py:73} INFO - Using connection ID 'postgres_con' for task execution.
[2023-08-29T10:22:13.431+0000] {base.py:73} INFO - Using connection ID 'postgres_con' for task execution.
[2023-08-29T10:22:13.501+0000] {base.py:73} INFO - Using connection ID 'postgres_con' for task execution.
[2023-08-29T10:22:13.557+0000] {base.py:73} INFO - Using connection ID 'postgres_con' for task execution.
[2023-08-29T10:22:13.619+0000] {base.py:73} INFO - Using connection ID 'postgres_con' for task execution.
[2023-08-29T10:22:13.678+0000] {base.py:73} INFO - Using connection ID 'postgres_con' for task execution.
[2023-08-29T10:22:13.743+0000] {base.py:73} INFO - Using connection ID 'postgres_con' for task execution.
[2023-08-29T10:22:13.800+0000] {base.py:73} INFO - Using connection ID 'postgres_con' for task execution.
[2023-08-29T10:22:13.863+0000] {base.py:73} INFO - Using connection ID 'postgres_con' for task execution.
[2023-08-29T10:22:13.924+0000] {base.py:73} INFO - Using connection ID 'postgres_con' for task execution.
[2023-08-29T10:22:13.986+0000] {base.py:73} INFO - Using connection ID 'postgres_con' for task execution.
[2023-08-29T10:22:14.067+0000] {base.py:73} INFO - Using connection ID 'postgres_con' for task execution.
[2023-08-29T10:22:14.137+0000] {base.py:73} INFO - Using connection ID 'postgres_con' for task execution.
[2023-08-29T10:22:14.223+0000] {base.py:73} INFO - Using connection ID 'postgres_con' for task execution.
[2023-08-29T10:22:14.308+0000] {base.py:73} INFO - Using connection ID 'postgres_con' for task execution.
[2023-08-29T10:22:14.388+0000] {base.py:73} INFO - Using connection ID 'postgres_con' for task execution.
[2023-08-29T10:22:14.454+0000] {base.py:73} INFO - Using connection ID 'postgres_con' for task execution.
[2023-08-29T10:22:14.506+0000] {base.py:73} INFO - Using connection ID 'postgres_con' for task execution.
[2023-08-29T10:22:14.564+0000] {base.py:73} INFO - Using connection ID 'postgres_con' for task execution.
[2023-08-29T10:22:14.618+0000] {base.py:73} INFO - Using connection ID 'postgres_con' for task execution.
[2023-08-29T10:22:14.672+0000] {base.py:73} INFO - Using connection ID 'postgres_con' for task execution.
[2023-08-29T10:22:14.726+0000] {base.py:73} INFO - Using connection ID 'postgres_con' for task execution.
[2023-08-29T10:22:14.781+0000] {base.py:73} INFO - Using connection ID 'postgres_con' for task execution.
[2023-08-29T10:22:14.842+0000] {base.py:73} INFO - Using connection ID 'postgres_con' for task execution.
[2023-08-29T10:22:14.898+0000] {base.py:73} INFO - Using connection ID 'postgres_con' for task execution.
[2023-08-29T10:22:14.959+0000] {base.py:73} INFO - Using connection ID 'postgres_con' for task execution.
[2023-08-29T10:22:15.020+0000] {base.py:73} INFO - Using connection ID 'postgres_con' for task execution.
[2023-08-29T10:22:15.074+0000] {base.py:73} INFO - Using connection ID 'postgres_con' for task execution.
[2023-08-29T10:22:15.130+0000] {base.py:73} INFO - Using connection ID 'postgres_con' for task execution.
[2023-08-29T10:22:15.185+0000] {base.py:73} INFO - Using connection ID 'postgres_con' for task execution.
[2023-08-29T10:22:15.250+0000] {base.py:73} INFO - Using connection ID 'postgres_con' for task execution.
[2023-08-29T10:22:15.360+0000] {base.py:73} INFO - Using connection ID 'postgres_con' for task execution.
[2023-08-29T10:22:15.525+0000] {base.py:73} INFO - Using connection ID 'postgres_con' for task execution.
[2023-08-29T10:22:15.616+0000] {base.py:73} INFO - Using connection ID 'postgres_con' for task execution.
[2023-08-29T10:22:15.692+0000] {base.py:73} INFO - Using connection ID 'postgres_con' for task execution.
[2023-08-29T10:22:15.769+0000] {base.py:73} INFO - Using connection ID 'postgres_con' for task execution.
[2023-08-29T10:22:15.866+0000] {base.py:73} INFO - Using connection ID 'postgres_con' for task execution.
[2023-08-29T10:22:15.957+0000] {base.py:73} INFO - Using connection ID 'postgres_con' for task execution.
[2023-08-29T10:22:16.048+0000] {base.py:73} INFO - Using connection ID 'postgres_con' for task execution.
[2023-08-29T10:22:16.124+0000] {base.py:73} INFO - Using connection ID 'postgres_con' for task execution.
[2023-08-29T10:22:16.220+0000] {base.py:73} INFO - Using connection ID 'postgres_con' for task execution.
[2023-08-29T10:22:16.302+0000] {base.py:73} INFO - Using connection ID 'postgres_con' for task execution.
[2023-08-29T10:22:16.415+0000] {base.py:73} INFO - Using connection ID 'postgres_con' for task execution.
[2023-08-29T10:22:16.494+0000] {base.py:73} INFO - Using connection ID 'postgres_con' for task execution.
[2023-08-29T10:22:16.560+0000] {base.py:73} INFO - Using connection ID 'postgres_con' for task execution.
[2023-08-29T10:22:16.613+0000] {base.py:73} INFO - Using connection ID 'postgres_con' for task execution.
[2023-08-29T10:22:16.669+0000] {base.py:73} INFO - Using connection ID 'postgres_con' for task execution.
[2023-08-29T10:22:16.732+0000] {base.py:73} INFO - Using connection ID 'postgres_con' for task execution.
[2023-08-29T10:22:16.787+0000] {base.py:73} INFO - Using connection ID 'postgres_con' for task execution.
[2023-08-29T10:22:16.844+0000] {base.py:73} INFO - Using connection ID 'postgres_con' for task execution.
[2023-08-29T10:22:16.901+0000] {base.py:73} INFO - Using connection ID 'postgres_con' for task execution.
[2023-08-29T10:22:17.036+0000] {base.py:73} INFO - Using connection ID 'postgres_con' for task execution.
[2023-08-29T10:22:17.099+0000] {base.py:73} INFO - Using connection ID 'postgres_con' for task execution.
[2023-08-29T10:22:17.158+0000] {base.py:73} INFO - Using connection ID 'postgres_con' for task execution.
[2023-08-29T10:22:17.215+0000] {base.py:73} INFO - Using connection ID 'postgres_con' for task execution.
[2023-08-29T10:22:17.276+0000] {base.py:73} INFO - Using connection ID 'postgres_con' for task execution.
[2023-08-29T10:22:17.331+0000] {base.py:73} INFO - Using connection ID 'postgres_con' for task execution.
[2023-08-29T10:22:17.393+0000] {base.py:73} INFO - Using connection ID 'postgres_con' for task execution.
[2023-08-29T10:22:17.461+0000] {base.py:73} INFO - Using connection ID 'postgres_con' for task execution.
[2023-08-29T10:22:17.522+0000] {base.py:73} INFO - Using connection ID 'postgres_con' for task execution.
[2023-08-29T10:22:17.581+0000] {base.py:73} INFO - Using connection ID 'postgres_con' for task execution.
[2023-08-29T10:22:17.637+0000] {base.py:73} INFO - Using connection ID 'postgres_con' for task execution.
[2023-08-29T10:22:17.715+0000] {base.py:73} INFO - Using connection ID 'postgres_con' for task execution.
[2023-08-29T10:22:17.791+0000] {base.py:73} INFO - Using connection ID 'postgres_con' for task execution.
[2023-08-29T10:22:17.854+0000] {base.py:73} INFO - Using connection ID 'postgres_con' for task execution.
[2023-08-29T10:22:17.911+0000] {base.py:73} INFO - Using connection ID 'postgres_con' for task execution.
[2023-08-29T10:22:17.981+0000] {base.py:73} INFO - Using connection ID 'postgres_con' for task execution.
[2023-08-29T10:22:18.054+0000] {base.py:73} INFO - Using connection ID 'postgres_con' for task execution.
[2023-08-29T10:22:18.110+0000] {base.py:73} INFO - Using connection ID 'postgres_con' for task execution.
[2023-08-29T10:22:18.172+0000] {base.py:73} INFO - Using connection ID 'postgres_con' for task execution.
[2023-08-29T10:22:18.228+0000] {base.py:73} INFO - Using connection ID 'postgres_con' for task execution.
[2023-08-29T10:22:18.290+0000] {base.py:73} INFO - Using connection ID 'postgres_con' for task execution.
[2023-08-29T10:22:18.345+0000] {base.py:73} INFO - Using connection ID 'postgres_con' for task execution.
[2023-08-29T10:22:18.400+0000] {base.py:73} INFO - Using connection ID 'postgres_con' for task execution.
[2023-08-29T10:22:18.457+0000] {base.py:73} INFO - Using connection ID 'postgres_con' for task execution.
[2023-08-29T10:22:18.517+0000] {base.py:73} INFO - Using connection ID 'postgres_con' for task execution.
[2023-08-29T10:22:18.609+0000] {base.py:73} INFO - Using connection ID 'postgres_con' for task execution.
[2023-08-29T10:22:18.689+0000] {base.py:73} INFO - Using connection ID 'postgres_con' for task execution.
[2023-08-29T10:22:18.777+0000] {base.py:73} INFO - Using connection ID 'postgres_con' for task execution.
[2023-08-29T10:22:18.872+0000] {base.py:73} INFO - Using connection ID 'postgres_con' for task execution.
[2023-08-29T10:22:18.958+0000] {base.py:73} INFO - Using connection ID 'postgres_con' for task execution.
[2023-08-29T10:22:19.033+0000] {base.py:73} INFO - Using connection ID 'postgres_con' for task execution.
[2023-08-29T10:22:19.110+0000] {base.py:73} INFO - Using connection ID 'postgres_con' for task execution.
[2023-08-29T10:22:19.190+0000] {base.py:73} INFO - Using connection ID 'postgres_con' for task execution.
[2023-08-29T10:22:19.264+0000] {base.py:73} INFO - Using connection ID 'postgres_con' for task execution.
[2023-08-29T10:22:19.333+0000] {base.py:73} INFO - Using connection ID 'postgres_con' for task execution.
[2023-08-29T10:22:19.388+0000] {base.py:73} INFO - Using connection ID 'postgres_con' for task execution.
[2023-08-29T10:22:19.447+0000] {base.py:73} INFO - Using connection ID 'postgres_con' for task execution.
[2023-08-29T10:22:19.515+0000] {base.py:73} INFO - Using connection ID 'postgres_con' for task execution.
[2023-08-29T10:22:19.585+0000] {base.py:73} INFO - Using connection ID 'postgres_con' for task execution.
[2023-08-29T10:22:19.645+0000] {base.py:73} INFO - Using connection ID 'postgres_con' for task execution.
[2023-08-29T10:22:19.706+0000] {base.py:73} INFO - Using connection ID 'postgres_con' for task execution.
[2023-08-29T10:22:19.764+0000] {base.py:73} INFO - Using connection ID 'postgres_con' for task execution.
[2023-08-29T10:22:19.831+0000] {base.py:73} INFO - Using connection ID 'postgres_con' for task execution.
[2023-08-29T10:22:19.915+0000] {base.py:73} INFO - Using connection ID 'postgres_con' for task execution.
[2023-08-29T10:22:19.970+0000] {base.py:73} INFO - Using connection ID 'postgres_con' for task execution.
[2023-08-29T10:22:20.033+0000] {base.py:73} INFO - Using connection ID 'postgres_con' for task execution.
[2023-08-29T10:22:20.086+0000] {base.py:73} INFO - Using connection ID 'postgres_con' for task execution.
[2023-08-29T10:22:20.140+0000] {base.py:73} INFO - Using connection ID 'postgres_con' for task execution.
[2023-08-29T10:22:20.203+0000] {base.py:73} INFO - Using connection ID 'postgres_con' for task execution.
[2023-08-29T10:22:20.256+0000] {base.py:73} INFO - Using connection ID 'postgres_con' for task execution.
[2023-08-29T10:22:20.317+0000] {base.py:73} INFO - Using connection ID 'postgres_con' for task execution.
[2023-08-29T10:22:20.375+0000] {base.py:73} INFO - Using connection ID 'postgres_con' for task execution.
[2023-08-29T10:22:20.456+0000] {base.py:73} INFO - Using connection ID 'postgres_con' for task execution.
[2023-08-29T10:22:20.544+0000] {base.py:73} INFO - Using connection ID 'postgres_con' for task execution.
[2023-08-29T10:22:20.607+0000] {base.py:73} INFO - Using connection ID 'postgres_con' for task execution.
[2023-08-29T10:22:20.667+0000] {base.py:73} INFO - Using connection ID 'postgres_con' for task execution.
[2023-08-29T10:22:20.728+0000] {base.py:73} INFO - Using connection ID 'postgres_con' for task execution.
[2023-08-29T10:22:20.785+0000] {base.py:73} INFO - Using connection ID 'postgres_con' for task execution.
[2023-08-29T10:22:20.837+0000] {base.py:73} INFO - Using connection ID 'postgres_con' for task execution.
[2023-08-29T10:22:20.896+0000] {base.py:73} INFO - Using connection ID 'postgres_con' for task execution.
[2023-08-29T10:22:20.959+0000] {base.py:73} INFO - Using connection ID 'postgres_con' for task execution.
[2023-08-29T10:22:21.020+0000] {base.py:73} INFO - Using connection ID 'postgres_con' for task execution.
[2023-08-29T10:22:21.075+0000] {base.py:73} INFO - Using connection ID 'postgres_con' for task execution.
[2023-08-29T10:22:21.136+0000] {base.py:73} INFO - Using connection ID 'postgres_con' for task execution.
[2023-08-29T10:22:21.193+0000] {base.py:73} INFO - Using connection ID 'postgres_con' for task execution.
[2023-08-29T10:22:21.248+0000] {base.py:73} INFO - Using connection ID 'postgres_con' for task execution.
[2023-08-29T10:22:21.304+0000] {base.py:73} INFO - Using connection ID 'postgres_con' for task execution.
[2023-08-29T10:22:21.358+0000] {base.py:73} INFO - Using connection ID 'postgres_con' for task execution.
[2023-08-29T10:22:21.419+0000] {base.py:73} INFO - Using connection ID 'postgres_con' for task execution.
[2023-08-29T10:22:21.476+0000] {base.py:73} INFO - Using connection ID 'postgres_con' for task execution.
[2023-08-29T10:22:21.534+0000] {base.py:73} INFO - Using connection ID 'postgres_con' for task execution.
[2023-08-29T10:22:21.605+0000] {base.py:73} INFO - Using connection ID 'postgres_con' for task execution.
[2023-08-29T10:22:21.692+0000] {base.py:73} INFO - Using connection ID 'postgres_con' for task execution.
[2023-08-29T10:22:21.756+0000] {base.py:73} INFO - Using connection ID 'postgres_con' for task execution.
[2023-08-29T10:22:21.812+0000] {base.py:73} INFO - Using connection ID 'postgres_con' for task execution.
[2023-08-29T10:22:21.874+0000] {base.py:73} INFO - Using connection ID 'postgres_con' for task execution.
[2023-08-29T10:22:21.940+0000] {base.py:73} INFO - Using connection ID 'postgres_con' for task execution.
[2023-08-29T10:22:22.011+0000] {base.py:73} INFO - Using connection ID 'postgres_con' for task execution.
[2023-08-29T10:22:22.089+0000] {base.py:73} INFO - Using connection ID 'postgres_con' for task execution.
[2023-08-29T10:22:22.157+0000] {base.py:73} INFO - Using connection ID 'postgres_con' for task execution.
[2023-08-29T10:22:22.232+0000] {base.py:73} INFO - Using connection ID 'postgres_con' for task execution.
[2023-08-29T10:22:22.299+0000] {base.py:73} INFO - Using connection ID 'postgres_con' for task execution.
[2023-08-29T10:22:22.358+0000] {base.py:73} INFO - Using connection ID 'postgres_con' for task execution.
[2023-08-29T10:22:22.422+0000] {base.py:73} INFO - Using connection ID 'postgres_con' for task execution.
[2023-08-29T10:22:22.481+0000] {base.py:73} INFO - Using connection ID 'postgres_con' for task execution.
[2023-08-29T10:22:22.543+0000] {base.py:73} INFO - Using connection ID 'postgres_con' for task execution.
[2023-08-29T10:22:22.602+0000] {base.py:73} INFO - Using connection ID 'postgres_con' for task execution.
[2023-08-29T10:22:22.663+0000] {base.py:73} INFO - Using connection ID 'postgres_con' for task execution.
[2023-08-29T10:22:22.722+0000] {base.py:73} INFO - Using connection ID 'postgres_con' for task execution.
[2023-08-29T10:22:22.783+0000] {base.py:73} INFO - Using connection ID 'postgres_con' for task execution.
[2023-08-29T10:22:22.847+0000] {base.py:73} INFO - Using connection ID 'postgres_con' for task execution.
[2023-08-29T10:22:22.905+0000] {base.py:73} INFO - Using connection ID 'postgres_con' for task execution.
[2023-08-29T10:22:23.036+0000] {base.py:73} INFO - Using connection ID 'postgres_con' for task execution.
[2023-08-29T10:22:23.112+0000] {base.py:73} INFO - Using connection ID 'postgres_con' for task execution.
[2023-08-29T10:22:23.182+0000] {base.py:73} INFO - Using connection ID 'postgres_con' for task execution.
[2023-08-29T10:22:23.262+0000] {base.py:73} INFO - Using connection ID 'postgres_con' for task execution.
[2023-08-29T10:22:23.332+0000] {base.py:73} INFO - Using connection ID 'postgres_con' for task execution.
[2023-08-29T10:22:23.392+0000] {base.py:73} INFO - Using connection ID 'postgres_con' for task execution.
[2023-08-29T10:22:23.479+0000] {base.py:73} INFO - Using connection ID 'postgres_con' for task execution.
[2023-08-29T10:22:23.558+0000] {base.py:73} INFO - Using connection ID 'postgres_con' for task execution.
[2023-08-29T10:22:23.622+0000] {base.py:73} INFO - Using connection ID 'postgres_con' for task execution.
[2023-08-29T10:22:23.680+0000] {base.py:73} INFO - Using connection ID 'postgres_con' for task execution.
[2023-08-29T10:22:23.738+0000] {base.py:73} INFO - Using connection ID 'postgres_con' for task execution.
[2023-08-29T10:22:23.803+0000] {base.py:73} INFO - Using connection ID 'postgres_con' for task execution.
[2023-08-29T10:22:23.869+0000] {base.py:73} INFO - Using connection ID 'postgres_con' for task execution.
[2023-08-29T10:22:23.934+0000] {base.py:73} INFO - Using connection ID 'postgres_con' for task execution.
[2023-08-29T10:22:23.997+0000] {base.py:73} INFO - Using connection ID 'postgres_con' for task execution.
[2023-08-29T10:22:24.053+0000] {base.py:73} INFO - Using connection ID 'postgres_con' for task execution.
[2023-08-29T10:22:24.108+0000] {base.py:73} INFO - Using connection ID 'postgres_con' for task execution.
[2023-08-29T10:22:24.191+0000] {base.py:73} INFO - Using connection ID 'postgres_con' for task execution.
[2023-08-29T10:22:24.262+0000] {base.py:73} INFO - Using connection ID 'postgres_con' for task execution.
[2023-08-29T10:22:24.330+0000] {base.py:73} INFO - Using connection ID 'postgres_con' for task execution.
[2023-08-29T10:22:24.394+0000] {base.py:73} INFO - Using connection ID 'postgres_con' for task execution.
[2023-08-29T10:22:24.449+0000] {base.py:73} INFO - Using connection ID 'postgres_con' for task execution.
[2023-08-29T10:22:24.502+0000] {base.py:73} INFO - Using connection ID 'postgres_con' for task execution.
[2023-08-29T10:22:24.562+0000] {base.py:73} INFO - Using connection ID 'postgres_con' for task execution.
[2023-08-29T10:22:24.615+0000] {base.py:73} INFO - Using connection ID 'postgres_con' for task execution.
[2023-08-29T10:22:24.668+0000] {base.py:73} INFO - Using connection ID 'postgres_con' for task execution.
[2023-08-29T10:22:24.723+0000] {base.py:73} INFO - Using connection ID 'postgres_con' for task execution.
[2023-08-29T10:22:24.776+0000] {base.py:73} INFO - Using connection ID 'postgres_con' for task execution.
[2023-08-29T10:22:24.839+0000] {base.py:73} INFO - Using connection ID 'postgres_con' for task execution.
[2023-08-29T10:22:24.897+0000] {base.py:73} INFO - Using connection ID 'postgres_con' for task execution.
[2023-08-29T10:22:24.952+0000] {base.py:73} INFO - Using connection ID 'postgres_con' for task execution.
[2023-08-29T10:22:25.014+0000] {base.py:73} INFO - Using connection ID 'postgres_con' for task execution.
[2023-08-29T10:22:25.069+0000] {base.py:73} INFO - Using connection ID 'postgres_con' for task execution.
[2023-08-29T10:22:25.122+0000] {base.py:73} INFO - Using connection ID 'postgres_con' for task execution.
[2023-08-29T10:22:25.181+0000] {base.py:73} INFO - Using connection ID 'postgres_con' for task execution.
[2023-08-29T10:22:25.236+0000] {base.py:73} INFO - Using connection ID 'postgres_con' for task execution.
[2023-08-29T10:22:25.299+0000] {base.py:73} INFO - Using connection ID 'postgres_con' for task execution.
[2023-08-29T10:22:25.359+0000] {base.py:73} INFO - Using connection ID 'postgres_con' for task execution.
[2023-08-29T10:22:25.424+0000] {base.py:73} INFO - Using connection ID 'postgres_con' for task execution.
[2023-08-29T10:22:25.481+0000] {base.py:73} INFO - Using connection ID 'postgres_con' for task execution.
[2023-08-29T10:22:25.536+0000] {base.py:73} INFO - Using connection ID 'postgres_con' for task execution.
[2023-08-29T10:22:25.598+0000] {base.py:73} INFO - Using connection ID 'postgres_con' for task execution.
[2023-08-29T10:22:25.656+0000] {base.py:73} INFO - Using connection ID 'postgres_con' for task execution.
[2023-08-29T10:22:25.716+0000] {base.py:73} INFO - Using connection ID 'postgres_con' for task execution.
[2023-08-29T10:22:25.770+0000] {base.py:73} INFO - Using connection ID 'postgres_con' for task execution.
[2023-08-29T10:22:25.835+0000] {base.py:73} INFO - Using connection ID 'postgres_con' for task execution.
[2023-08-29T10:22:25.890+0000] {base.py:73} INFO - Using connection ID 'postgres_con' for task execution.
[2023-08-29T10:22:25.948+0000] {base.py:73} INFO - Using connection ID 'postgres_con' for task execution.
[2023-08-29T10:22:26.029+0000] {base.py:73} INFO - Using connection ID 'postgres_con' for task execution.
[2023-08-29T10:22:26.089+0000] {base.py:73} INFO - Using connection ID 'postgres_con' for task execution.
[2023-08-29T10:22:26.146+0000] {base.py:73} INFO - Using connection ID 'postgres_con' for task execution.
[2023-08-29T10:22:26.221+0000] {base.py:73} INFO - Using connection ID 'postgres_con' for task execution.
[2023-08-29T10:22:26.298+0000] {base.py:73} INFO - Using connection ID 'postgres_con' for task execution.
[2023-08-29T10:22:26.355+0000] {base.py:73} INFO - Using connection ID 'postgres_con' for task execution.
[2023-08-29T10:22:26.411+0000] {base.py:73} INFO - Using connection ID 'postgres_con' for task execution.
[2023-08-29T10:22:26.486+0000] {base.py:73} INFO - Using connection ID 'postgres_con' for task execution.
[2023-08-29T10:22:26.547+0000] {base.py:73} INFO - Using connection ID 'postgres_con' for task execution.
[2023-08-29T10:22:26.600+0000] {base.py:73} INFO - Using connection ID 'postgres_con' for task execution.
[2023-08-29T10:22:26.660+0000] {base.py:73} INFO - Using connection ID 'postgres_con' for task execution.
[2023-08-29T10:22:26.722+0000] {base.py:73} INFO - Using connection ID 'postgres_con' for task execution.
[2023-08-29T10:22:26.781+0000] {base.py:73} INFO - Using connection ID 'postgres_con' for task execution.
[2023-08-29T10:22:26.839+0000] {base.py:73} INFO - Using connection ID 'postgres_con' for task execution.
[2023-08-29T10:22:26.896+0000] {base.py:73} INFO - Using connection ID 'postgres_con' for task execution.
[2023-08-29T10:22:26.958+0000] {base.py:73} INFO - Using connection ID 'postgres_con' for task execution.
[2023-08-29T10:22:27.019+0000] {base.py:73} INFO - Using connection ID 'postgres_con' for task execution.
[2023-08-29T10:22:27.087+0000] {base.py:73} INFO - Using connection ID 'postgres_con' for task execution.
[2023-08-29T10:22:27.149+0000] {base.py:73} INFO - Using connection ID 'postgres_con' for task execution.
[2023-08-29T10:22:27.213+0000] {base.py:73} INFO - Using connection ID 'postgres_con' for task execution.
[2023-08-29T10:22:27.281+0000] {base.py:73} INFO - Using connection ID 'postgres_con' for task execution.
[2023-08-29T10:22:27.357+0000] {base.py:73} INFO - Using connection ID 'postgres_con' for task execution.
[2023-08-29T10:22:27.415+0000] {base.py:73} INFO - Using connection ID 'postgres_con' for task execution.
[2023-08-29T10:22:27.479+0000] {base.py:73} INFO - Using connection ID 'postgres_con' for task execution.
[2023-08-29T10:22:27.541+0000] {base.py:73} INFO - Using connection ID 'postgres_con' for task execution.
[2023-08-29T10:22:27.597+0000] {base.py:73} INFO - Using connection ID 'postgres_con' for task execution.
[2023-08-29T10:22:27.653+0000] {base.py:73} INFO - Using connection ID 'postgres_con' for task execution.
[2023-08-29T10:22:27.729+0000] {base.py:73} INFO - Using connection ID 'postgres_con' for task execution.
[2023-08-29T10:22:27.796+0000] {base.py:73} INFO - Using connection ID 'postgres_con' for task execution.
[2023-08-29T10:22:27.852+0000] {base.py:73} INFO - Using connection ID 'postgres_con' for task execution.
[2023-08-29T10:22:27.906+0000] {base.py:73} INFO - Using connection ID 'postgres_con' for task execution.
[2023-08-29T10:22:27.965+0000] {base.py:73} INFO - Using connection ID 'postgres_con' for task execution.
[2023-08-29T10:22:28.032+0000] {base.py:73} INFO - Using connection ID 'postgres_con' for task execution.
[2023-08-29T10:22:28.091+0000] {base.py:73} INFO - Using connection ID 'postgres_con' for task execution.
[2023-08-29T10:22:28.166+0000] {base.py:73} INFO - Using connection ID 'postgres_con' for task execution.
[2023-08-29T10:22:28.230+0000] {base.py:73} INFO - Using connection ID 'postgres_con' for task execution.
[2023-08-29T10:22:28.299+0000] {base.py:73} INFO - Using connection ID 'postgres_con' for task execution.
[2023-08-29T10:22:28.377+0000] {base.py:73} INFO - Using connection ID 'postgres_con' for task execution.
[2023-08-29T10:22:28.436+0000] {base.py:73} INFO - Using connection ID 'postgres_con' for task execution.
[2023-08-29T10:22:28.503+0000] {base.py:73} INFO - Using connection ID 'postgres_con' for task execution.
[2023-08-29T10:22:28.559+0000] {base.py:73} INFO - Using connection ID 'postgres_con' for task execution.
[2023-08-29T10:22:28.620+0000] {base.py:73} INFO - Using connection ID 'postgres_con' for task execution.
[2023-08-29T10:22:28.677+0000] {base.py:73} INFO - Using connection ID 'postgres_con' for task execution.
[2023-08-29T10:22:28.733+0000] {base.py:73} INFO - Using connection ID 'postgres_con' for task execution.
[2023-08-29T10:22:28.824+0000] {base.py:73} INFO - Using connection ID 'postgres_con' for task execution.
[2023-08-29T10:22:28.888+0000] {base.py:73} INFO - Using connection ID 'postgres_con' for task execution.
[2023-08-29T10:22:28.996+0000] {base.py:73} INFO - Using connection ID 'postgres_con' for task execution.
[2023-08-29T10:22:29.085+0000] {base.py:73} INFO - Using connection ID 'postgres_con' for task execution.
[2023-08-29T10:22:29.149+0000] {base.py:73} INFO - Using connection ID 'postgres_con' for task execution.
[2023-08-29T10:22:29.233+0000] {base.py:73} INFO - Using connection ID 'postgres_con' for task execution.
[2023-08-29T10:22:29.313+0000] {base.py:73} INFO - Using connection ID 'postgres_con' for task execution.
[2023-08-29T10:22:29.385+0000] {base.py:73} INFO - Using connection ID 'postgres_con' for task execution.
[2023-08-29T10:22:29.456+0000] {base.py:73} INFO - Using connection ID 'postgres_con' for task execution.
[2023-08-29T10:22:29.522+0000] {base.py:73} INFO - Using connection ID 'postgres_con' for task execution.
[2023-08-29T10:22:29.585+0000] {base.py:73} INFO - Using connection ID 'postgres_con' for task execution.
[2023-08-29T10:22:29.652+0000] {base.py:73} INFO - Using connection ID 'postgres_con' for task execution.
[2023-08-29T10:22:29.718+0000] {base.py:73} INFO - Using connection ID 'postgres_con' for task execution.
[2023-08-29T10:22:29.789+0000] {base.py:73} INFO - Using connection ID 'postgres_con' for task execution.
[2023-08-29T10:22:29.909+0000] {base.py:73} INFO - Using connection ID 'postgres_con' for task execution.
[2023-08-29T10:22:29.984+0000] {base.py:73} INFO - Using connection ID 'postgres_con' for task execution.
[2023-08-29T10:22:30.057+0000] {base.py:73} INFO - Using connection ID 'postgres_con' for task execution.
[2023-08-29T10:22:30.134+0000] {base.py:73} INFO - Using connection ID 'postgres_con' for task execution.
[2023-08-29T10:22:30.206+0000] {base.py:73} INFO - Using connection ID 'postgres_con' for task execution.
[2023-08-29T10:22:30.270+0000] {base.py:73} INFO - Using connection ID 'postgres_con' for task execution.
[2023-08-29T10:22:30.356+0000] {base.py:73} INFO - Using connection ID 'postgres_con' for task execution.
[2023-08-29T10:22:30.436+0000] {base.py:73} INFO - Using connection ID 'postgres_con' for task execution.
[2023-08-29T10:22:30.527+0000] {base.py:73} INFO - Using connection ID 'postgres_con' for task execution.
[2023-08-29T10:22:30.608+0000] {base.py:73} INFO - Using connection ID 'postgres_con' for task execution.
[2023-08-29T10:22:30.669+0000] {base.py:73} INFO - Using connection ID 'postgres_con' for task execution.
[2023-08-29T10:22:30.730+0000] {base.py:73} INFO - Using connection ID 'postgres_con' for task execution.
[2023-08-29T10:22:30.793+0000] {base.py:73} INFO - Using connection ID 'postgres_con' for task execution.
[2023-08-29T10:22:30.847+0000] {base.py:73} INFO - Using connection ID 'postgres_con' for task execution.
[2023-08-29T10:22:30.906+0000] {base.py:73} INFO - Using connection ID 'postgres_con' for task execution.
[2023-08-29T10:22:30.969+0000] {base.py:73} INFO - Using connection ID 'postgres_con' for task execution.
[2023-08-29T10:22:31.034+0000] {base.py:73} INFO - Using connection ID 'postgres_con' for task execution.
[2023-08-29T10:22:31.095+0000] {base.py:73} INFO - Using connection ID 'postgres_con' for task execution.
[2023-08-29T10:22:31.150+0000] {base.py:73} INFO - Using connection ID 'postgres_con' for task execution.
[2023-08-29T10:22:31.209+0000] {base.py:73} INFO - Using connection ID 'postgres_con' for task execution.
[2023-08-29T10:22:31.276+0000] {base.py:73} INFO - Using connection ID 'postgres_con' for task execution.
[2023-08-29T10:22:31.343+0000] {base.py:73} INFO - Using connection ID 'postgres_con' for task execution.
[2023-08-29T10:22:31.406+0000] {base.py:73} INFO - Using connection ID 'postgres_con' for task execution.
[2023-08-29T10:22:31.478+0000] {base.py:73} INFO - Using connection ID 'postgres_con' for task execution.
[2023-08-29T10:22:31.538+0000] {base.py:73} INFO - Using connection ID 'postgres_con' for task execution.
[2023-08-29T10:22:31.596+0000] {base.py:73} INFO - Using connection ID 'postgres_con' for task execution.
[2023-08-29T10:22:31.652+0000] {base.py:73} INFO - Using connection ID 'postgres_con' for task execution.
[2023-08-29T10:22:31.710+0000] {base.py:73} INFO - Using connection ID 'postgres_con' for task execution.
[2023-08-29T10:22:31.767+0000] {base.py:73} INFO - Using connection ID 'postgres_con' for task execution.
[2023-08-29T10:22:31.828+0000] {base.py:73} INFO - Using connection ID 'postgres_con' for task execution.
[2023-08-29T10:22:31.887+0000] {base.py:73} INFO - Using connection ID 'postgres_con' for task execution.
[2023-08-29T10:22:31.957+0000] {base.py:73} INFO - Using connection ID 'postgres_con' for task execution.
[2023-08-29T10:22:32.031+0000] {base.py:73} INFO - Using connection ID 'postgres_con' for task execution.
[2023-08-29T10:22:32.099+0000] {base.py:73} INFO - Using connection ID 'postgres_con' for task execution.
[2023-08-29T10:22:32.160+0000] {base.py:73} INFO - Using connection ID 'postgres_con' for task execution.
[2023-08-29T10:22:32.238+0000] {base.py:73} INFO - Using connection ID 'postgres_con' for task execution.
[2023-08-29T10:22:32.410+0000] {base.py:73} INFO - Using connection ID 'postgres_con' for task execution.
[2023-08-29T10:22:32.487+0000] {base.py:73} INFO - Using connection ID 'postgres_con' for task execution.
[2023-08-29T10:22:32.565+0000] {base.py:73} INFO - Using connection ID 'postgres_con' for task execution.
[2023-08-29T10:22:32.648+0000] {base.py:73} INFO - Using connection ID 'postgres_con' for task execution.
[2023-08-29T10:22:32.727+0000] {base.py:73} INFO - Using connection ID 'postgres_con' for task execution.
[2023-08-29T10:22:32.814+0000] {base.py:73} INFO - Using connection ID 'postgres_con' for task execution.
[2023-08-29T10:22:32.885+0000] {base.py:73} INFO - Using connection ID 'postgres_con' for task execution.
[2023-08-29T10:22:32.964+0000] {base.py:73} INFO - Using connection ID 'postgres_con' for task execution.
[2023-08-29T10:22:33.065+0000] {base.py:73} INFO - Using connection ID 'postgres_con' for task execution.
[2023-08-29T10:22:33.143+0000] {base.py:73} INFO - Using connection ID 'postgres_con' for task execution.
[2023-08-29T10:22:33.232+0000] {base.py:73} INFO - Using connection ID 'postgres_con' for task execution.
[2023-08-29T10:22:33.316+0000] {base.py:73} INFO - Using connection ID 'postgres_con' for task execution.
[2023-08-29T10:22:33.417+0000] {base.py:73} INFO - Using connection ID 'postgres_con' for task execution.
[2023-08-29T10:22:33.527+0000] {base.py:73} INFO - Using connection ID 'postgres_con' for task execution.
[2023-08-29T10:22:33.640+0000] {base.py:73} INFO - Using connection ID 'postgres_con' for task execution.
[2023-08-29T10:22:33.739+0000] {base.py:73} INFO - Using connection ID 'postgres_con' for task execution.
[2023-08-29T10:22:33.835+0000] {base.py:73} INFO - Using connection ID 'postgres_con' for task execution.
[2023-08-29T10:22:33.917+0000] {base.py:73} INFO - Using connection ID 'postgres_con' for task execution.
[2023-08-29T10:22:34.006+0000] {base.py:73} INFO - Using connection ID 'postgres_con' for task execution.
[2023-08-29T10:22:34.095+0000] {base.py:73} INFO - Using connection ID 'postgres_con' for task execution.
[2023-08-29T10:22:34.167+0000] {base.py:73} INFO - Using connection ID 'postgres_con' for task execution.
[2023-08-29T10:22:34.266+0000] {base.py:73} INFO - Using connection ID 'postgres_con' for task execution.
[2023-08-29T10:22:34.353+0000] {base.py:73} INFO - Using connection ID 'postgres_con' for task execution.
[2023-08-29T10:22:34.408+0000] {base.py:73} INFO - Using connection ID 'postgres_con' for task execution.
[2023-08-29T10:22:34.474+0000] {base.py:73} INFO - Using connection ID 'postgres_con' for task execution.
[2023-08-29T10:22:34.575+0000] {base.py:73} INFO - Using connection ID 'postgres_con' for task execution.
[2023-08-29T10:22:34.654+0000] {base.py:73} INFO - Using connection ID 'postgres_con' for task execution.
[2023-08-29T10:22:34.710+0000] {base.py:73} INFO - Using connection ID 'postgres_con' for task execution.
[2023-08-29T10:22:34.764+0000] {base.py:73} INFO - Using connection ID 'postgres_con' for task execution.
[2023-08-29T10:22:34.829+0000] {base.py:73} INFO - Using connection ID 'postgres_con' for task execution.
[2023-08-29T10:22:34.892+0000] {base.py:73} INFO - Using connection ID 'postgres_con' for task execution.
[2023-08-29T10:22:34.990+0000] {base.py:73} INFO - Using connection ID 'postgres_con' for task execution.
[2023-08-29T10:22:35.072+0000] {base.py:73} INFO - Using connection ID 'postgres_con' for task execution.
[2023-08-29T10:22:35.130+0000] {base.py:73} INFO - Using connection ID 'postgres_con' for task execution.
[2023-08-29T10:22:35.184+0000] {base.py:73} INFO - Using connection ID 'postgres_con' for task execution.
[2023-08-29T10:22:35.240+0000] {base.py:73} INFO - Using connection ID 'postgres_con' for task execution.
[2023-08-29T10:22:35.306+0000] {base.py:73} INFO - Using connection ID 'postgres_con' for task execution.
[2023-08-29T10:22:35.361+0000] {base.py:73} INFO - Using connection ID 'postgres_con' for task execution.
[2023-08-29T10:22:35.416+0000] {base.py:73} INFO - Using connection ID 'postgres_con' for task execution.
[2023-08-29T10:22:35.468+0000] {base.py:73} INFO - Using connection ID 'postgres_con' for task execution.
[2023-08-29T10:22:35.528+0000] {base.py:73} INFO - Using connection ID 'postgres_con' for task execution.
[2023-08-29T10:22:35.583+0000] {base.py:73} INFO - Using connection ID 'postgres_con' for task execution.
[2023-08-29T10:22:35.642+0000] {base.py:73} INFO - Using connection ID 'postgres_con' for task execution.
[2023-08-29T10:22:35.708+0000] {base.py:73} INFO - Using connection ID 'postgres_con' for task execution.
[2023-08-29T10:22:35.762+0000] {base.py:73} INFO - Using connection ID 'postgres_con' for task execution.
[2023-08-29T10:22:35.818+0000] {base.py:73} INFO - Using connection ID 'postgres_con' for task execution.
[2023-08-29T10:22:35.880+0000] {base.py:73} INFO - Using connection ID 'postgres_con' for task execution.
[2023-08-29T10:22:35.938+0000] {base.py:73} INFO - Using connection ID 'postgres_con' for task execution.
[2023-08-29T10:22:35.993+0000] {base.py:73} INFO - Using connection ID 'postgres_con' for task execution.
[2023-08-29T10:22:36.051+0000] {base.py:73} INFO - Using connection ID 'postgres_con' for task execution.
[2023-08-29T10:22:36.110+0000] {base.py:73} INFO - Using connection ID 'postgres_con' for task execution.
[2023-08-29T10:22:36.168+0000] {base.py:73} INFO - Using connection ID 'postgres_con' for task execution.
[2023-08-29T10:22:36.223+0000] {base.py:73} INFO - Using connection ID 'postgres_con' for task execution.
[2023-08-29T10:22:36.279+0000] {base.py:73} INFO - Using connection ID 'postgres_con' for task execution.
[2023-08-29T10:22:36.342+0000] {base.py:73} INFO - Using connection ID 'postgres_con' for task execution.
[2023-08-29T10:22:36.401+0000] {base.py:73} INFO - Using connection ID 'postgres_con' for task execution.
[2023-08-29T10:22:36.459+0000] {base.py:73} INFO - Using connection ID 'postgres_con' for task execution.
[2023-08-29T10:22:36.516+0000] {base.py:73} INFO - Using connection ID 'postgres_con' for task execution.
[2023-08-29T10:22:36.570+0000] {base.py:73} INFO - Using connection ID 'postgres_con' for task execution.
[2023-08-29T10:22:36.624+0000] {base.py:73} INFO - Using connection ID 'postgres_con' for task execution.
[2023-08-29T10:22:36.679+0000] {base.py:73} INFO - Using connection ID 'postgres_con' for task execution.
[2023-08-29T10:22:36.735+0000] {base.py:73} INFO - Using connection ID 'postgres_con' for task execution.
[2023-08-29T10:22:36.790+0000] {base.py:73} INFO - Using connection ID 'postgres_con' for task execution.
[2023-08-29T10:22:36.846+0000] {base.py:73} INFO - Using connection ID 'postgres_con' for task execution.
[2023-08-29T10:22:36.900+0000] {base.py:73} INFO - Using connection ID 'postgres_con' for task execution.
[2023-08-29T10:22:36.954+0000] {base.py:73} INFO - Using connection ID 'postgres_con' for task execution.
[2023-08-29T10:22:37.009+0000] {base.py:73} INFO - Using connection ID 'postgres_con' for task execution.
[2023-08-29T10:22:37.068+0000] {base.py:73} INFO - Using connection ID 'postgres_con' for task execution.
[2023-08-29T10:22:37.125+0000] {base.py:73} INFO - Using connection ID 'postgres_con' for task execution.
[2023-08-29T10:22:37.182+0000] {base.py:73} INFO - Using connection ID 'postgres_con' for task execution.
[2023-08-29T10:22:37.237+0000] {base.py:73} INFO - Using connection ID 'postgres_con' for task execution.
[2023-08-29T10:22:37.293+0000] {base.py:73} INFO - Using connection ID 'postgres_con' for task execution.
[2023-08-29T10:22:37.351+0000] {base.py:73} INFO - Using connection ID 'postgres_con' for task execution.
[2023-08-29T10:22:37.408+0000] {base.py:73} INFO - Using connection ID 'postgres_con' for task execution.
[2023-08-29T10:22:37.466+0000] {base.py:73} INFO - Using connection ID 'postgres_con' for task execution.
[2023-08-29T10:22:37.524+0000] {base.py:73} INFO - Using connection ID 'postgres_con' for task execution.
[2023-08-29T10:22:37.576+0000] {base.py:73} INFO - Using connection ID 'postgres_con' for task execution.
[2023-08-29T10:22:37.631+0000] {base.py:73} INFO - Using connection ID 'postgres_con' for task execution.
[2023-08-29T10:22:37.708+0000] {base.py:73} INFO - Using connection ID 'postgres_con' for task execution.
[2023-08-29T10:22:37.799+0000] {base.py:73} INFO - Using connection ID 'postgres_con' for task execution.
[2023-08-29T10:22:37.867+0000] {base.py:73} INFO - Using connection ID 'postgres_con' for task execution.
[2023-08-29T10:22:37.927+0000] {base.py:73} INFO - Using connection ID 'postgres_con' for task execution.
[2023-08-29T10:22:37.987+0000] {base.py:73} INFO - Using connection ID 'postgres_con' for task execution.
[2023-08-29T10:22:38.042+0000] {base.py:73} INFO - Using connection ID 'postgres_con' for task execution.
[2023-08-29T10:22:38.096+0000] {base.py:73} INFO - Using connection ID 'postgres_con' for task execution.
[2023-08-29T10:22:38.152+0000] {base.py:73} INFO - Using connection ID 'postgres_con' for task execution.
[2023-08-29T10:22:38.223+0000] {base.py:73} INFO - Using connection ID 'postgres_con' for task execution.
[2023-08-29T10:22:38.279+0000] {base.py:73} INFO - Using connection ID 'postgres_con' for task execution.
[2023-08-29T10:22:38.331+0000] {base.py:73} INFO - Using connection ID 'postgres_con' for task execution.
[2023-08-29T10:22:38.384+0000] {base.py:73} INFO - Using connection ID 'postgres_con' for task execution.
[2023-08-29T10:22:38.438+0000] {base.py:73} INFO - Using connection ID 'postgres_con' for task execution.
[2023-08-29T10:22:38.493+0000] {base.py:73} INFO - Using connection ID 'postgres_con' for task execution.
[2023-08-29T10:22:38.551+0000] {base.py:73} INFO - Using connection ID 'postgres_con' for task execution.
[2023-08-29T10:22:38.614+0000] {base.py:73} INFO - Using connection ID 'postgres_con' for task execution.
[2023-08-29T10:22:38.669+0000] {base.py:73} INFO - Using connection ID 'postgres_con' for task execution.
[2023-08-29T10:22:38.724+0000] {base.py:73} INFO - Using connection ID 'postgres_con' for task execution.
[2023-08-29T10:22:38.790+0000] {base.py:73} INFO - Using connection ID 'postgres_con' for task execution.
[2023-08-29T10:22:38.845+0000] {base.py:73} INFO - Using connection ID 'postgres_con' for task execution.
[2023-08-29T10:22:38.912+0000] {base.py:73} INFO - Using connection ID 'postgres_con' for task execution.
[2023-08-29T10:22:38.978+0000] {base.py:73} INFO - Using connection ID 'postgres_con' for task execution.
[2023-08-29T10:22:39.045+0000] {base.py:73} INFO - Using connection ID 'postgres_con' for task execution.
[2023-08-29T10:22:39.106+0000] {base.py:73} INFO - Using connection ID 'postgres_con' for task execution.
[2023-08-29T10:22:39.163+0000] {base.py:73} INFO - Using connection ID 'postgres_con' for task execution.
[2023-08-29T10:22:39.219+0000] {base.py:73} INFO - Using connection ID 'postgres_con' for task execution.
[2023-08-29T10:22:39.276+0000] {base.py:73} INFO - Using connection ID 'postgres_con' for task execution.
[2023-08-29T10:22:39.332+0000] {base.py:73} INFO - Using connection ID 'postgres_con' for task execution.
[2023-08-29T10:22:39.390+0000] {base.py:73} INFO - Using connection ID 'postgres_con' for task execution.
[2023-08-29T10:22:39.444+0000] {base.py:73} INFO - Using connection ID 'postgres_con' for task execution.
[2023-08-29T10:22:39.496+0000] {base.py:73} INFO - Using connection ID 'postgres_con' for task execution.
[2023-08-29T10:22:39.553+0000] {base.py:73} INFO - Using connection ID 'postgres_con' for task execution.
[2023-08-29T10:22:39.608+0000] {base.py:73} INFO - Using connection ID 'postgres_con' for task execution.
[2023-08-29T10:22:55.815+0000] {base.py:73} INFO - Using connection ID 'postgres_con' for task execution.
[2023-08-29T10:22:55.828+0000] {warnings.py:109} WARNING - /home/***/.local/lib/python3.8/site-packages/***/providers/common/sql/hooks/sql.py:219: UserWarning: pandas only supports SQLAlchemy connectable (engine/connection) or database string URI or sqlite3 DBAPI2 connection. Other DBAPI2 objects are not tested. Please consider using SQLAlchemy.
  return psql.read_sql(sql, con=conn, params=parameters, **kwargs)

[2023-08-29T10:22:55.851+0000] {base.py:73} INFO - Using connection ID 'postgres_con' for task execution.
[2023-08-29T10:22:55.859+0000] {warnings.py:109} WARNING - /home/***/.local/lib/python3.8/site-packages/***/providers/common/sql/hooks/sql.py:219: UserWarning: pandas only supports SQLAlchemy connectable (engine/connection) or database string URI or sqlite3 DBAPI2 connection. Other DBAPI2 objects are not tested. Please consider using SQLAlchemy.
  return psql.read_sql(sql, con=conn, params=parameters, **kwargs)

[2023-08-29T10:22:55.910+0000] {python.py:194} INFO - Done. Returned value was: None
[2023-08-29T10:22:55.924+0000] {taskinstance.py:1400} INFO - Marking task as SUCCESS. dag_id=dag_parser, task_id=parsing, execution_date=20230829T102122, start_date=20230829T102124, end_date=20230829T102255
[2023-08-29T10:22:55.973+0000] {local_task_job_runner.py:228} INFO - Task exited with return code 0
[2023-08-29T10:22:55.996+0000] {taskinstance.py:2784} INFO - 0 downstream tasks scheduled from follow-on schedule check
