[2023-09-04T01:46:30.421+0000] {taskinstance.py:1159} INFO - Dependencies all met for dep_context=non-requeueable deps ti=<TaskInstance: dag_parser.extract manual__2023-09-04T01:46:26.683803+00:00 [queued]>
[2023-09-04T01:46:30.430+0000] {taskinstance.py:1159} INFO - Dependencies all met for dep_context=requeueable deps ti=<TaskInstance: dag_parser.extract manual__2023-09-04T01:46:26.683803+00:00 [queued]>
[2023-09-04T01:46:30.433+0000] {taskinstance.py:1361} INFO - Starting attempt 1 of 3
[2023-09-04T01:46:30.446+0000] {taskinstance.py:1382} INFO - Executing <Task(_PythonDecoratedOperator): extract> on 2023-09-04 01:46:26.683803+00:00
[2023-09-04T01:46:30.482+0000] {standard_task_runner.py:57} INFO - Started process 59 to run task
[2023-09-04T01:46:30.488+0000] {standard_task_runner.py:84} INFO - Running: ['***', 'tasks', 'run', 'dag_parser', 'extract', 'manual__2023-09-04T01:46:26.683803+00:00', '--job-id', '190', '--raw', '--subdir', 'DAGS_FOLDER/dag_parser.py', '--cfg-path', '/tmp/tmp2ml50v_3']
[2023-09-04T01:46:30.491+0000] {standard_task_runner.py:85} INFO - Job 190: Subtask extract
[2023-09-04T01:46:30.553+0000] {task_command.py:415} INFO - Running <TaskInstance: dag_parser.extract manual__2023-09-04T01:46:26.683803+00:00 [running]> on host 54149ae8dbd1
[2023-09-04T01:46:30.677+0000] {taskinstance.py:1660} INFO - Exporting env vars: AIRFLOW_CTX_DAG_OWNER='oleg' AIRFLOW_CTX_DAG_ID='dag_parser' AIRFLOW_CTX_TASK_ID='extract' AIRFLOW_CTX_EXECUTION_DATE='2023-09-04T01:46:26.683803+00:00' AIRFLOW_CTX_TRY_NUMBER='1' AIRFLOW_CTX_DAG_RUN_ID='manual__2023-09-04T01:46:26.683803+00:00'
[2023-09-04T01:46:50.400+0000] {python.py:194} INFO - Done. Returned value was:            id  premium  ... immediate_redirect_url immediate_redirect_vacancy_id
0    86033832    False  ...                    NaN                           NaN
1    86038267    False  ...                    NaN                           NaN
2    80334578    False  ...                    NaN                           NaN
3    86036695    False  ...                    NaN                           NaN
4    84617423    False  ...                    NaN                           NaN
..        ...      ...  ...                    ...                           ...
607  85200243    False  ...                    NaN                           NaN
608  85200267    False  ...                    NaN                           NaN
609  85207524    False  ...                    NaN                           NaN
610  83185472    False  ...                    NaN                           NaN
611  84643862    False  ...                    NaN                           NaN

[612 rows x 38 columns]
[2023-09-04T01:46:50.646+0000] {taskinstance.py:1400} INFO - Marking task as SUCCESS. dag_id=dag_parser, task_id=extract, execution_date=20230904T014626, start_date=20230904T014630, end_date=20230904T014650
[2023-09-04T01:46:50.682+0000] {local_task_job_runner.py:228} INFO - Task exited with return code 0
[2023-09-04T01:46:50.712+0000] {taskinstance.py:2784} INFO - 1 downstream tasks scheduled from follow-on schedule check
