[2023-09-18T15:26:09.385+0000] {taskinstance.py:1159} INFO - Dependencies all met for dep_context=non-requeueable deps ti=<TaskInstance: dag_parser.extract scheduled__2023-09-17T04:00:00+00:00 [queued]>
[2023-09-18T15:26:09.419+0000] {taskinstance.py:1159} INFO - Dependencies all met for dep_context=requeueable deps ti=<TaskInstance: dag_parser.extract scheduled__2023-09-17T04:00:00+00:00 [queued]>
[2023-09-18T15:26:09.431+0000] {taskinstance.py:1361} INFO - Starting attempt 1 of 3
[2023-09-18T15:26:09.554+0000] {taskinstance.py:1382} INFO - Executing <Task(_PythonDecoratedOperator): extract> on 2023-09-17 04:00:00+00:00
[2023-09-18T15:26:09.640+0000] {standard_task_runner.py:57} INFO - Started process 73 to run task
[2023-09-18T15:26:09.654+0000] {standard_task_runner.py:84} INFO - Running: ['***', 'tasks', 'run', 'dag_parser', 'extract', 'scheduled__2023-09-17T04:00:00+00:00', '--job-id', '227', '--raw', '--subdir', 'DAGS_FOLDER/dag_parser.py', '--cfg-path', '/tmp/tmpspf0t4eu']
[2023-09-18T15:26:09.674+0000] {standard_task_runner.py:85} INFO - Job 227: Subtask extract
[2023-09-18T15:26:10.229+0000] {task_command.py:415} INFO - Running <TaskInstance: dag_parser.extract scheduled__2023-09-17T04:00:00+00:00 [running]> on host 08fd7320fb1e
[2023-09-18T15:26:10.592+0000] {taskinstance.py:1660} INFO - Exporting env vars: AIRFLOW_CTX_DAG_OWNER='oleg' AIRFLOW_CTX_DAG_ID='dag_parser' AIRFLOW_CTX_TASK_ID='extract' AIRFLOW_CTX_EXECUTION_DATE='2023-09-17T04:00:00+00:00' AIRFLOW_CTX_TRY_NUMBER='1' AIRFLOW_CTX_DAG_RUN_ID='scheduled__2023-09-17T04:00:00+00:00'
[2023-09-18T15:26:56.197+0000] {python.py:194} INFO - Done. Returned value was:             id  premium  ... immediate_redirect_url immediate_redirect_vacancy_id
0     86566923    False  ...                    NaN                           NaN
1     81303213    False  ...                    NaN                           NaN
2     86289963    False  ...                    NaN                           NaN
3     86472875    False  ...                    NaN                           NaN
4     86472613    False  ...                    NaN                           NaN
...        ...      ...  ...                    ...                           ...
1285  85655158    False  ...                    NaN                           NaN
1286  86086863    False  ...                    NaN                           NaN
1287  85230757    False  ...                    NaN                           NaN
1288  85230761    False  ...                    NaN                           NaN
1289  85230760    False  ...                    NaN                           NaN

[1290 rows x 38 columns]
[2023-09-18T15:26:56.592+0000] {taskinstance.py:1400} INFO - Marking task as SUCCESS. dag_id=dag_parser, task_id=extract, execution_date=20230917T040000, start_date=20230918T152609, end_date=20230918T152656
[2023-09-18T15:26:56.647+0000] {local_task_job_runner.py:228} INFO - Task exited with return code 0
[2023-09-18T15:26:56.715+0000] {taskinstance.py:2784} INFO - 1 downstream tasks scheduled from follow-on schedule check
