[2023-09-14T10:24:14.858+0000] {taskinstance.py:1159} INFO - Dependencies all met for dep_context=non-requeueable deps ti=<TaskInstance: dag_parser.transform manual__2023-09-14T10:23:46.435273+00:00 [queued]>
[2023-09-14T10:24:14.868+0000] {taskinstance.py:1159} INFO - Dependencies all met for dep_context=requeueable deps ti=<TaskInstance: dag_parser.transform manual__2023-09-14T10:23:46.435273+00:00 [queued]>
[2023-09-14T10:24:14.869+0000] {taskinstance.py:1361} INFO - Starting attempt 1 of 3
[2023-09-14T10:24:14.885+0000] {taskinstance.py:1382} INFO - Executing <Task(_PythonDecoratedOperator): transform> on 2023-09-14 10:23:46.435273+00:00
[2023-09-14T10:24:14.893+0000] {standard_task_runner.py:57} INFO - Started process 159 to run task
[2023-09-14T10:24:14.896+0000] {standard_task_runner.py:84} INFO - Running: ['***', 'tasks', 'run', 'dag_parser', 'transform', 'manual__2023-09-14T10:23:46.435273+00:00', '--job-id', '6', '--raw', '--subdir', 'DAGS_FOLDER/dag_parser.py', '--cfg-path', '/tmp/tmpgjm8jjfa']
[2023-09-14T10:24:14.897+0000] {standard_task_runner.py:85} INFO - Job 6: Subtask transform
[2023-09-14T10:24:14.944+0000] {task_command.py:415} INFO - Running <TaskInstance: dag_parser.transform manual__2023-09-14T10:23:46.435273+00:00 [running]> on host 37061a0298c8
[2023-09-14T10:24:15.183+0000] {taskinstance.py:1660} INFO - Exporting env vars: AIRFLOW_CTX_DAG_OWNER='oleg' AIRFLOW_CTX_DAG_ID='dag_parser' AIRFLOW_CTX_TASK_ID='transform' AIRFLOW_CTX_EXECUTION_DATE='2023-09-14T10:23:46.435273+00:00' AIRFLOW_CTX_TRY_NUMBER='1' AIRFLOW_CTX_DAG_RUN_ID='manual__2023-09-14T10:23:46.435273+00:00'
[2023-09-14T10:24:15.474+0000] {base.py:73} INFO - Using connection ID 'postgres_con' for task execution.
[2023-09-14T10:24:15.491+0000] {warnings.py:109} WARNING - /home/***/.local/lib/python3.8/site-packages/***/providers/common/sql/hooks/sql.py:219: UserWarning: pandas only supports SQLAlchemy connectable (engine/connection) or database string URI or sqlite3 DBAPI2 connection. Other DBAPI2 objects are not tested. Please consider using SQLAlchemy.
  return psql.read_sql(sql, con=conn, params=parameters, **kwargs)

[2023-09-14T10:24:15.570+0000] {base.py:73} INFO - Using connection ID 'postgres_con' for task execution.
[2023-09-14T10:24:15.649+0000] {base.py:73} INFO - Using connection ID 'postgres_con' for task execution.
[2023-09-14T10:24:15.726+0000] {base.py:73} INFO - Using connection ID 'postgres_con' for task execution.
[2023-09-14T10:24:15.804+0000] {base.py:73} INFO - Using connection ID 'postgres_con' for task execution.
[2023-09-14T10:24:15.881+0000] {base.py:73} INFO - Using connection ID 'postgres_con' for task execution.
[2023-09-14T10:24:15.969+0000] {base.py:73} INFO - Using connection ID 'postgres_con' for task execution.
[2023-09-14T10:24:16.047+0000] {base.py:73} INFO - Using connection ID 'postgres_con' for task execution.
[2023-09-14T10:24:16.124+0000] {base.py:73} INFO - Using connection ID 'postgres_con' for task execution.
[2023-09-14T10:24:16.201+0000] {base.py:73} INFO - Using connection ID 'postgres_con' for task execution.
[2023-09-14T10:24:16.278+0000] {base.py:73} INFO - Using connection ID 'postgres_con' for task execution.
[2023-09-14T10:24:16.359+0000] {base.py:73} INFO - Using connection ID 'postgres_con' for task execution.
[2023-09-14T10:24:16.438+0000] {base.py:73} INFO - Using connection ID 'postgres_con' for task execution.
[2023-09-14T10:24:16.515+0000] {base.py:73} INFO - Using connection ID 'postgres_con' for task execution.
[2023-09-14T10:24:16.594+0000] {base.py:73} INFO - Using connection ID 'postgres_con' for task execution.
[2023-09-14T10:24:16.677+0000] {base.py:73} INFO - Using connection ID 'postgres_con' for task execution.
[2023-09-14T10:24:16.753+0000] {base.py:73} INFO - Using connection ID 'postgres_con' for task execution.
[2023-09-14T10:24:16.830+0000] {base.py:73} INFO - Using connection ID 'postgres_con' for task execution.
[2023-09-14T10:24:16.907+0000] {base.py:73} INFO - Using connection ID 'postgres_con' for task execution.
[2023-09-14T10:24:16.984+0000] {base.py:73} INFO - Using connection ID 'postgres_con' for task execution.
[2023-09-14T10:24:17.061+0000] {base.py:73} INFO - Using connection ID 'postgres_con' for task execution.
[2023-09-14T10:24:17.137+0000] {base.py:73} INFO - Using connection ID 'postgres_con' for task execution.
[2023-09-14T10:24:17.214+0000] {base.py:73} INFO - Using connection ID 'postgres_con' for task execution.
[2023-09-14T10:24:17.292+0000] {base.py:73} INFO - Using connection ID 'postgres_con' for task execution.
[2023-09-14T10:24:17.369+0000] {base.py:73} INFO - Using connection ID 'postgres_con' for task execution.
[2023-09-14T10:24:17.446+0000] {base.py:73} INFO - Using connection ID 'postgres_con' for task execution.
[2023-09-14T10:24:17.524+0000] {base.py:73} INFO - Using connection ID 'postgres_con' for task execution.
[2023-09-14T10:24:17.601+0000] {base.py:73} INFO - Using connection ID 'postgres_con' for task execution.
[2023-09-14T10:24:17.680+0000] {base.py:73} INFO - Using connection ID 'postgres_con' for task execution.
[2023-09-14T10:24:17.761+0000] {base.py:73} INFO - Using connection ID 'postgres_con' for task execution.
[2023-09-14T10:24:17.838+0000] {base.py:73} INFO - Using connection ID 'postgres_con' for task execution.
[2023-09-14T10:24:17.914+0000] {base.py:73} INFO - Using connection ID 'postgres_con' for task execution.
[2023-09-14T10:24:17.990+0000] {base.py:73} INFO - Using connection ID 'postgres_con' for task execution.
[2023-09-14T10:24:18.067+0000] {base.py:73} INFO - Using connection ID 'postgres_con' for task execution.
[2023-09-14T10:24:18.143+0000] {base.py:73} INFO - Using connection ID 'postgres_con' for task execution.
[2023-09-14T10:24:18.219+0000] {base.py:73} INFO - Using connection ID 'postgres_con' for task execution.
[2023-09-14T10:24:18.296+0000] {base.py:73} INFO - Using connection ID 'postgres_con' for task execution.
[2023-09-14T10:24:18.373+0000] {base.py:73} INFO - Using connection ID 'postgres_con' for task execution.
[2023-09-14T10:24:18.449+0000] {base.py:73} INFO - Using connection ID 'postgres_con' for task execution.
[2023-09-14T10:24:18.527+0000] {base.py:73} INFO - Using connection ID 'postgres_con' for task execution.
[2023-09-14T10:24:18.630+0000] {base.py:73} INFO - Using connection ID 'postgres_con' for task execution.
[2023-09-14T10:24:18.709+0000] {base.py:73} INFO - Using connection ID 'postgres_con' for task execution.
[2023-09-14T10:24:18.795+0000] {base.py:73} INFO - Using connection ID 'postgres_con' for task execution.
[2023-09-14T10:24:18.872+0000] {base.py:73} INFO - Using connection ID 'postgres_con' for task execution.
[2023-09-14T10:24:18.948+0000] {base.py:73} INFO - Using connection ID 'postgres_con' for task execution.
[2023-09-14T10:24:19.024+0000] {base.py:73} INFO - Using connection ID 'postgres_con' for task execution.
[2023-09-14T10:24:19.100+0000] {base.py:73} INFO - Using connection ID 'postgres_con' for task execution.
[2023-09-14T10:24:19.176+0000] {base.py:73} INFO - Using connection ID 'postgres_con' for task execution.
[2023-09-14T10:24:19.252+0000] {base.py:73} INFO - Using connection ID 'postgres_con' for task execution.
[2023-09-14T10:24:19.328+0000] {base.py:73} INFO - Using connection ID 'postgres_con' for task execution.
[2023-09-14T10:24:19.404+0000] {base.py:73} INFO - Using connection ID 'postgres_con' for task execution.
[2023-09-14T10:24:19.481+0000] {base.py:73} INFO - Using connection ID 'postgres_con' for task execution.
[2023-09-14T10:24:19.557+0000] {base.py:73} INFO - Using connection ID 'postgres_con' for task execution.
[2023-09-14T10:24:19.632+0000] {base.py:73} INFO - Using connection ID 'postgres_con' for task execution.
[2023-09-14T10:24:19.708+0000] {base.py:73} INFO - Using connection ID 'postgres_con' for task execution.
[2023-09-14T10:24:19.784+0000] {base.py:73} INFO - Using connection ID 'postgres_con' for task execution.
[2023-09-14T10:24:19.869+0000] {base.py:73} INFO - Using connection ID 'postgres_con' for task execution.
[2023-09-14T10:24:19.947+0000] {base.py:73} INFO - Using connection ID 'postgres_con' for task execution.
[2023-09-14T10:24:20.022+0000] {base.py:73} INFO - Using connection ID 'postgres_con' for task execution.
[2023-09-14T10:24:20.098+0000] {base.py:73} INFO - Using connection ID 'postgres_con' for task execution.
[2023-09-14T10:24:20.174+0000] {base.py:73} INFO - Using connection ID 'postgres_con' for task execution.
[2023-09-14T10:24:20.250+0000] {base.py:73} INFO - Using connection ID 'postgres_con' for task execution.
[2023-09-14T10:24:20.325+0000] {base.py:73} INFO - Using connection ID 'postgres_con' for task execution.
[2023-09-14T10:24:20.428+0000] {base.py:73} INFO - Using connection ID 'postgres_con' for task execution.
[2023-09-14T10:24:20.544+0000] {base.py:73} INFO - Using connection ID 'postgres_con' for task execution.
[2023-09-14T10:24:20.655+0000] {base.py:73} INFO - Using connection ID 'postgres_con' for task execution.
[2023-09-14T10:24:20.789+0000] {base.py:73} INFO - Using connection ID 'postgres_con' for task execution.
[2023-09-14T10:24:20.912+0000] {base.py:73} INFO - Using connection ID 'postgres_con' for task execution.
[2023-09-14T10:24:21.028+0000] {base.py:73} INFO - Using connection ID 'postgres_con' for task execution.
[2023-09-14T10:24:21.134+0000] {base.py:73} INFO - Using connection ID 'postgres_con' for task execution.
[2023-09-14T10:24:21.242+0000] {base.py:73} INFO - Using connection ID 'postgres_con' for task execution.
[2023-09-14T10:24:21.353+0000] {base.py:73} INFO - Using connection ID 'postgres_con' for task execution.
[2023-09-14T10:24:21.463+0000] {base.py:73} INFO - Using connection ID 'postgres_con' for task execution.
[2023-09-14T10:24:21.604+0000] {base.py:73} INFO - Using connection ID 'postgres_con' for task execution.
[2023-09-14T10:24:21.750+0000] {base.py:73} INFO - Using connection ID 'postgres_con' for task execution.
[2023-09-14T10:24:21.918+0000] {base.py:73} INFO - Using connection ID 'postgres_con' for task execution.
[2023-09-14T10:24:22.044+0000] {base.py:73} INFO - Using connection ID 'postgres_con' for task execution.
[2023-09-14T10:24:22.224+0000] {base.py:73} INFO - Using connection ID 'postgres_con' for task execution.
[2023-09-14T10:24:22.356+0000] {base.py:73} INFO - Using connection ID 'postgres_con' for task execution.
[2023-09-14T10:24:22.493+0000] {base.py:73} INFO - Using connection ID 'postgres_con' for task execution.
[2023-09-14T10:24:22.614+0000] {base.py:73} INFO - Using connection ID 'postgres_con' for task execution.
[2023-09-14T10:24:22.748+0000] {base.py:73} INFO - Using connection ID 'postgres_con' for task execution.
[2023-09-14T10:24:22.854+0000] {base.py:73} INFO - Using connection ID 'postgres_con' for task execution.
[2023-09-14T10:24:22.965+0000] {base.py:73} INFO - Using connection ID 'postgres_con' for task execution.
[2023-09-14T10:24:23.087+0000] {base.py:73} INFO - Using connection ID 'postgres_con' for task execution.
[2023-09-14T10:24:23.206+0000] {base.py:73} INFO - Using connection ID 'postgres_con' for task execution.
[2023-09-14T10:24:23.319+0000] {base.py:73} INFO - Using connection ID 'postgres_con' for task execution.
[2023-09-14T10:24:23.437+0000] {base.py:73} INFO - Using connection ID 'postgres_con' for task execution.
[2023-09-14T10:24:23.550+0000] {base.py:73} INFO - Using connection ID 'postgres_con' for task execution.
[2023-09-14T10:24:23.664+0000] {base.py:73} INFO - Using connection ID 'postgres_con' for task execution.
[2023-09-14T10:24:23.771+0000] {base.py:73} INFO - Using connection ID 'postgres_con' for task execution.
[2023-09-14T10:24:23.882+0000] {base.py:73} INFO - Using connection ID 'postgres_con' for task execution.
[2023-09-14T10:24:23.998+0000] {base.py:73} INFO - Using connection ID 'postgres_con' for task execution.
[2023-09-14T10:24:24.114+0000] {base.py:73} INFO - Using connection ID 'postgres_con' for task execution.
[2023-09-14T10:24:24.235+0000] {base.py:73} INFO - Using connection ID 'postgres_con' for task execution.
[2023-09-14T10:24:24.343+0000] {base.py:73} INFO - Using connection ID 'postgres_con' for task execution.
[2023-09-14T10:24:24.456+0000] {base.py:73} INFO - Using connection ID 'postgres_con' for task execution.
[2023-09-14T10:24:24.581+0000] {base.py:73} INFO - Using connection ID 'postgres_con' for task execution.
[2023-09-14T10:24:24.708+0000] {base.py:73} INFO - Using connection ID 'postgres_con' for task execution.
[2023-09-14T10:24:24.829+0000] {base.py:73} INFO - Using connection ID 'postgres_con' for task execution.
[2023-09-14T10:24:24.917+0000] {base.py:73} INFO - Using connection ID 'postgres_con' for task execution.
[2023-09-14T10:24:25.012+0000] {base.py:73} INFO - Using connection ID 'postgres_con' for task execution.
[2023-09-14T10:24:25.107+0000] {base.py:73} INFO - Using connection ID 'postgres_con' for task execution.
[2023-09-14T10:24:25.194+0000] {base.py:73} INFO - Using connection ID 'postgres_con' for task execution.
[2023-09-14T10:24:25.290+0000] {base.py:73} INFO - Using connection ID 'postgres_con' for task execution.
[2023-09-14T10:24:25.394+0000] {base.py:73} INFO - Using connection ID 'postgres_con' for task execution.
[2023-09-14T10:24:25.483+0000] {base.py:73} INFO - Using connection ID 'postgres_con' for task execution.
[2023-09-14T10:24:25.563+0000] {base.py:73} INFO - Using connection ID 'postgres_con' for task execution.
[2023-09-14T10:24:25.648+0000] {base.py:73} INFO - Using connection ID 'postgres_con' for task execution.
[2023-09-14T10:24:25.725+0000] {base.py:73} INFO - Using connection ID 'postgres_con' for task execution.
[2023-09-14T10:24:25.798+0000] {base.py:73} INFO - Using connection ID 'postgres_con' for task execution.
[2023-09-14T10:24:25.872+0000] {base.py:73} INFO - Using connection ID 'postgres_con' for task execution.
[2023-09-14T10:24:25.945+0000] {base.py:73} INFO - Using connection ID 'postgres_con' for task execution.
[2023-09-14T10:24:26.019+0000] {base.py:73} INFO - Using connection ID 'postgres_con' for task execution.
[2023-09-14T10:24:26.093+0000] {base.py:73} INFO - Using connection ID 'postgres_con' for task execution.
[2023-09-14T10:24:26.167+0000] {base.py:73} INFO - Using connection ID 'postgres_con' for task execution.
[2023-09-14T10:24:26.241+0000] {base.py:73} INFO - Using connection ID 'postgres_con' for task execution.
[2023-09-14T10:24:26.314+0000] {base.py:73} INFO - Using connection ID 'postgres_con' for task execution.
[2023-09-14T10:24:26.389+0000] {base.py:73} INFO - Using connection ID 'postgres_con' for task execution.
[2023-09-14T10:24:26.476+0000] {base.py:73} INFO - Using connection ID 'postgres_con' for task execution.
[2023-09-14T10:24:26.572+0000] {base.py:73} INFO - Using connection ID 'postgres_con' for task execution.
[2023-09-14T10:24:26.668+0000] {base.py:73} INFO - Using connection ID 'postgres_con' for task execution.
[2023-09-14T10:24:26.750+0000] {base.py:73} INFO - Using connection ID 'postgres_con' for task execution.
[2023-09-14T10:24:26.831+0000] {base.py:73} INFO - Using connection ID 'postgres_con' for task execution.
[2023-09-14T10:24:26.909+0000] {base.py:73} INFO - Using connection ID 'postgres_con' for task execution.
[2023-09-14T10:24:26.982+0000] {base.py:73} INFO - Using connection ID 'postgres_con' for task execution.
[2023-09-14T10:24:27.056+0000] {base.py:73} INFO - Using connection ID 'postgres_con' for task execution.
[2023-09-14T10:24:27.129+0000] {base.py:73} INFO - Using connection ID 'postgres_con' for task execution.
[2023-09-14T10:24:27.202+0000] {base.py:73} INFO - Using connection ID 'postgres_con' for task execution.
[2023-09-14T10:24:27.276+0000] {base.py:73} INFO - Using connection ID 'postgres_con' for task execution.
[2023-09-14T10:24:27.349+0000] {base.py:73} INFO - Using connection ID 'postgres_con' for task execution.
[2023-09-14T10:24:27.423+0000] {base.py:73} INFO - Using connection ID 'postgres_con' for task execution.
[2023-09-14T10:24:27.515+0000] {base.py:73} INFO - Using connection ID 'postgres_con' for task execution.
[2023-09-14T10:24:27.588+0000] {base.py:73} INFO - Using connection ID 'postgres_con' for task execution.
[2023-09-14T10:24:27.661+0000] {base.py:73} INFO - Using connection ID 'postgres_con' for task execution.
[2023-09-14T10:24:27.751+0000] {base.py:73} INFO - Using connection ID 'postgres_con' for task execution.
[2023-09-14T10:24:27.839+0000] {base.py:73} INFO - Using connection ID 'postgres_con' for task execution.
[2023-09-14T10:24:27.923+0000] {base.py:73} INFO - Using connection ID 'postgres_con' for task execution.
[2023-09-14T10:24:28.008+0000] {base.py:73} INFO - Using connection ID 'postgres_con' for task execution.
[2023-09-14T10:24:28.095+0000] {base.py:73} INFO - Using connection ID 'postgres_con' for task execution.
[2023-09-14T10:24:28.174+0000] {base.py:73} INFO - Using connection ID 'postgres_con' for task execution.
[2023-09-14T10:24:28.253+0000] {base.py:73} INFO - Using connection ID 'postgres_con' for task execution.
[2023-09-14T10:24:28.329+0000] {base.py:73} INFO - Using connection ID 'postgres_con' for task execution.
[2023-09-14T10:24:28.403+0000] {base.py:73} INFO - Using connection ID 'postgres_con' for task execution.
[2023-09-14T10:24:28.476+0000] {base.py:73} INFO - Using connection ID 'postgres_con' for task execution.
[2023-09-14T10:24:28.548+0000] {base.py:73} INFO - Using connection ID 'postgres_con' for task execution.
[2023-09-14T10:24:28.620+0000] {base.py:73} INFO - Using connection ID 'postgres_con' for task execution.
[2023-09-14T10:24:28.702+0000] {base.py:73} INFO - Using connection ID 'postgres_con' for task execution.
[2023-09-14T10:24:28.807+0000] {base.py:73} INFO - Using connection ID 'postgres_con' for task execution.
[2023-09-14T10:24:28.886+0000] {base.py:73} INFO - Using connection ID 'postgres_con' for task execution.
[2023-09-14T10:24:28.960+0000] {base.py:73} INFO - Using connection ID 'postgres_con' for task execution.
[2023-09-14T10:24:29.033+0000] {base.py:73} INFO - Using connection ID 'postgres_con' for task execution.
[2023-09-14T10:24:29.106+0000] {base.py:73} INFO - Using connection ID 'postgres_con' for task execution.
[2023-09-14T10:24:29.178+0000] {base.py:73} INFO - Using connection ID 'postgres_con' for task execution.
[2023-09-14T10:24:29.251+0000] {base.py:73} INFO - Using connection ID 'postgres_con' for task execution.
[2023-09-14T10:24:29.324+0000] {base.py:73} INFO - Using connection ID 'postgres_con' for task execution.
[2023-09-14T10:24:29.397+0000] {base.py:73} INFO - Using connection ID 'postgres_con' for task execution.
[2023-09-14T10:24:29.470+0000] {base.py:73} INFO - Using connection ID 'postgres_con' for task execution.
[2023-09-14T10:24:29.542+0000] {base.py:73} INFO - Using connection ID 'postgres_con' for task execution.
[2023-09-14T10:24:29.614+0000] {base.py:73} INFO - Using connection ID 'postgres_con' for task execution.
[2023-09-14T10:24:29.686+0000] {base.py:73} INFO - Using connection ID 'postgres_con' for task execution.
[2023-09-14T10:24:29.761+0000] {base.py:73} INFO - Using connection ID 'postgres_con' for task execution.
[2023-09-14T10:24:29.833+0000] {base.py:73} INFO - Using connection ID 'postgres_con' for task execution.
[2023-09-14T10:24:29.913+0000] {base.py:73} INFO - Using connection ID 'postgres_con' for task execution.
[2023-09-14T10:24:29.986+0000] {base.py:73} INFO - Using connection ID 'postgres_con' for task execution.
[2023-09-14T10:24:30.061+0000] {base.py:73} INFO - Using connection ID 'postgres_con' for task execution.
[2023-09-14T10:24:30.134+0000] {base.py:73} INFO - Using connection ID 'postgres_con' for task execution.
[2023-09-14T10:24:30.206+0000] {base.py:73} INFO - Using connection ID 'postgres_con' for task execution.
[2023-09-14T10:24:30.278+0000] {base.py:73} INFO - Using connection ID 'postgres_con' for task execution.
[2023-09-14T10:24:30.351+0000] {base.py:73} INFO - Using connection ID 'postgres_con' for task execution.
[2023-09-14T10:24:30.423+0000] {base.py:73} INFO - Using connection ID 'postgres_con' for task execution.
[2023-09-14T10:24:30.495+0000] {base.py:73} INFO - Using connection ID 'postgres_con' for task execution.
[2023-09-14T10:24:30.567+0000] {base.py:73} INFO - Using connection ID 'postgres_con' for task execution.
[2023-09-14T10:24:30.648+0000] {base.py:73} INFO - Using connection ID 'postgres_con' for task execution.
[2023-09-14T10:24:30.723+0000] {base.py:73} INFO - Using connection ID 'postgres_con' for task execution.
[2023-09-14T10:24:30.803+0000] {base.py:73} INFO - Using connection ID 'postgres_con' for task execution.
[2023-09-14T10:24:30.875+0000] {base.py:73} INFO - Using connection ID 'postgres_con' for task execution.
[2023-09-14T10:24:30.949+0000] {base.py:73} INFO - Using connection ID 'postgres_con' for task execution.
[2023-09-14T10:24:31.026+0000] {base.py:73} INFO - Using connection ID 'postgres_con' for task execution.
[2023-09-14T10:24:31.098+0000] {base.py:73} INFO - Using connection ID 'postgres_con' for task execution.
[2023-09-14T10:24:31.170+0000] {base.py:73} INFO - Using connection ID 'postgres_con' for task execution.
[2023-09-14T10:24:31.242+0000] {base.py:73} INFO - Using connection ID 'postgres_con' for task execution.
[2023-09-14T10:24:31.315+0000] {base.py:73} INFO - Using connection ID 'postgres_con' for task execution.
[2023-09-14T10:24:31.387+0000] {base.py:73} INFO - Using connection ID 'postgres_con' for task execution.
[2023-09-14T10:24:31.458+0000] {base.py:73} INFO - Using connection ID 'postgres_con' for task execution.
[2023-09-14T10:24:31.530+0000] {base.py:73} INFO - Using connection ID 'postgres_con' for task execution.
[2023-09-14T10:24:31.601+0000] {base.py:73} INFO - Using connection ID 'postgres_con' for task execution.
[2023-09-14T10:24:31.673+0000] {base.py:73} INFO - Using connection ID 'postgres_con' for task execution.
[2023-09-14T10:24:31.745+0000] {base.py:73} INFO - Using connection ID 'postgres_con' for task execution.
[2023-09-14T10:24:31.820+0000] {base.py:73} INFO - Using connection ID 'postgres_con' for task execution.
[2023-09-14T10:24:31.894+0000] {base.py:73} INFO - Using connection ID 'postgres_con' for task execution.
[2023-09-14T10:24:31.970+0000] {base.py:73} INFO - Using connection ID 'postgres_con' for task execution.
[2023-09-14T10:24:32.042+0000] {base.py:73} INFO - Using connection ID 'postgres_con' for task execution.
[2023-09-14T10:24:32.113+0000] {base.py:73} INFO - Using connection ID 'postgres_con' for task execution.
[2023-09-14T10:24:32.185+0000] {base.py:73} INFO - Using connection ID 'postgres_con' for task execution.
[2023-09-14T10:24:32.256+0000] {base.py:73} INFO - Using connection ID 'postgres_con' for task execution.
[2023-09-14T10:24:32.328+0000] {base.py:73} INFO - Using connection ID 'postgres_con' for task execution.
[2023-09-14T10:24:32.398+0000] {base.py:73} INFO - Using connection ID 'postgres_con' for task execution.
[2023-09-14T10:24:32.469+0000] {base.py:73} INFO - Using connection ID 'postgres_con' for task execution.
[2023-09-14T10:24:32.539+0000] {base.py:73} INFO - Using connection ID 'postgres_con' for task execution.
[2023-09-14T10:24:32.611+0000] {base.py:73} INFO - Using connection ID 'postgres_con' for task execution.
[2023-09-14T10:24:32.682+0000] {base.py:73} INFO - Using connection ID 'postgres_con' for task execution.
[2023-09-14T10:24:32.753+0000] {base.py:73} INFO - Using connection ID 'postgres_con' for task execution.
[2023-09-14T10:24:32.827+0000] {base.py:73} INFO - Using connection ID 'postgres_con' for task execution.
[2023-09-14T10:24:32.898+0000] {base.py:73} INFO - Using connection ID 'postgres_con' for task execution.
[2023-09-14T10:24:32.972+0000] {base.py:73} INFO - Using connection ID 'postgres_con' for task execution.
[2023-09-14T10:24:33.047+0000] {base.py:73} INFO - Using connection ID 'postgres_con' for task execution.
[2023-09-14T10:24:33.118+0000] {base.py:73} INFO - Using connection ID 'postgres_con' for task execution.
[2023-09-14T10:24:33.189+0000] {base.py:73} INFO - Using connection ID 'postgres_con' for task execution.
[2023-09-14T10:24:33.260+0000] {base.py:73} INFO - Using connection ID 'postgres_con' for task execution.
[2023-09-14T10:24:33.331+0000] {base.py:73} INFO - Using connection ID 'postgres_con' for task execution.
[2023-09-14T10:24:33.404+0000] {base.py:73} INFO - Using connection ID 'postgres_con' for task execution.
[2023-09-14T10:24:33.491+0000] {base.py:73} INFO - Using connection ID 'postgres_con' for task execution.
[2023-09-14T10:24:33.561+0000] {base.py:73} INFO - Using connection ID 'postgres_con' for task execution.
[2023-09-14T10:24:33.632+0000] {base.py:73} INFO - Using connection ID 'postgres_con' for task execution.
[2023-09-14T10:24:33.703+0000] {base.py:73} INFO - Using connection ID 'postgres_con' for task execution.
[2023-09-14T10:24:33.773+0000] {base.py:73} INFO - Using connection ID 'postgres_con' for task execution.
[2023-09-14T10:24:33.847+0000] {base.py:73} INFO - Using connection ID 'postgres_con' for task execution.
[2023-09-14T10:24:33.918+0000] {base.py:73} INFO - Using connection ID 'postgres_con' for task execution.
[2023-09-14T10:24:33.988+0000] {base.py:73} INFO - Using connection ID 'postgres_con' for task execution.
[2023-09-14T10:24:34.063+0000] {base.py:73} INFO - Using connection ID 'postgres_con' for task execution.
[2023-09-14T10:24:34.135+0000] {base.py:73} INFO - Using connection ID 'postgres_con' for task execution.
[2023-09-14T10:24:34.206+0000] {base.py:73} INFO - Using connection ID 'postgres_con' for task execution.
[2023-09-14T10:24:34.277+0000] {base.py:73} INFO - Using connection ID 'postgres_con' for task execution.
[2023-09-14T10:24:34.347+0000] {base.py:73} INFO - Using connection ID 'postgres_con' for task execution.
[2023-09-14T10:24:34.418+0000] {base.py:73} INFO - Using connection ID 'postgres_con' for task execution.
[2023-09-14T10:24:34.488+0000] {base.py:73} INFO - Using connection ID 'postgres_con' for task execution.
[2023-09-14T10:24:34.558+0000] {base.py:73} INFO - Using connection ID 'postgres_con' for task execution.
[2023-09-14T10:24:34.629+0000] {base.py:73} INFO - Using connection ID 'postgres_con' for task execution.
[2023-09-14T10:24:34.700+0000] {base.py:73} INFO - Using connection ID 'postgres_con' for task execution.
[2023-09-14T10:24:34.771+0000] {base.py:73} INFO - Using connection ID 'postgres_con' for task execution.
[2023-09-14T10:24:34.843+0000] {base.py:73} INFO - Using connection ID 'postgres_con' for task execution.
[2023-09-14T10:24:34.913+0000] {base.py:73} INFO - Using connection ID 'postgres_con' for task execution.
[2023-09-14T10:24:34.983+0000] {base.py:73} INFO - Using connection ID 'postgres_con' for task execution.
[2023-09-14T10:24:35.053+0000] {base.py:73} INFO - Using connection ID 'postgres_con' for task execution.
[2023-09-14T10:24:35.131+0000] {base.py:73} INFO - Using connection ID 'postgres_con' for task execution.
[2023-09-14T10:24:35.202+0000] {base.py:73} INFO - Using connection ID 'postgres_con' for task execution.
[2023-09-14T10:24:35.271+0000] {base.py:73} INFO - Using connection ID 'postgres_con' for task execution.
[2023-09-14T10:24:35.341+0000] {base.py:73} INFO - Using connection ID 'postgres_con' for task execution.
[2023-09-14T10:24:35.412+0000] {base.py:73} INFO - Using connection ID 'postgres_con' for task execution.
[2023-09-14T10:24:35.482+0000] {base.py:73} INFO - Using connection ID 'postgres_con' for task execution.
[2023-09-14T10:24:35.552+0000] {base.py:73} INFO - Using connection ID 'postgres_con' for task execution.
[2023-09-14T10:24:35.622+0000] {base.py:73} INFO - Using connection ID 'postgres_con' for task execution.
[2023-09-14T10:24:35.692+0000] {base.py:73} INFO - Using connection ID 'postgres_con' for task execution.
[2023-09-14T10:24:35.762+0000] {base.py:73} INFO - Using connection ID 'postgres_con' for task execution.
[2023-09-14T10:24:35.832+0000] {base.py:73} INFO - Using connection ID 'postgres_con' for task execution.
[2023-09-14T10:24:35.904+0000] {base.py:73} INFO - Using connection ID 'postgres_con' for task execution.
[2023-09-14T10:24:35.974+0000] {base.py:73} INFO - Using connection ID 'postgres_con' for task execution.
[2023-09-14T10:24:36.044+0000] {base.py:73} INFO - Using connection ID 'postgres_con' for task execution.
[2023-09-14T10:24:36.113+0000] {base.py:73} INFO - Using connection ID 'postgres_con' for task execution.
[2023-09-14T10:24:36.186+0000] {base.py:73} INFO - Using connection ID 'postgres_con' for task execution.
[2023-09-14T10:24:36.258+0000] {base.py:73} INFO - Using connection ID 'postgres_con' for task execution.
[2023-09-14T10:24:36.328+0000] {base.py:73} INFO - Using connection ID 'postgres_con' for task execution.
[2023-09-14T10:24:36.399+0000] {base.py:73} INFO - Using connection ID 'postgres_con' for task execution.
[2023-09-14T10:24:36.468+0000] {base.py:73} INFO - Using connection ID 'postgres_con' for task execution.
[2023-09-14T10:24:36.538+0000] {base.py:73} INFO - Using connection ID 'postgres_con' for task execution.
[2023-09-14T10:24:36.607+0000] {base.py:73} INFO - Using connection ID 'postgres_con' for task execution.
[2023-09-14T10:24:36.676+0000] {base.py:73} INFO - Using connection ID 'postgres_con' for task execution.
[2023-09-14T10:24:36.746+0000] {base.py:73} INFO - Using connection ID 'postgres_con' for task execution.
[2023-09-14T10:24:36.815+0000] {base.py:73} INFO - Using connection ID 'postgres_con' for task execution.
[2023-09-14T10:24:36.887+0000] {base.py:73} INFO - Using connection ID 'postgres_con' for task execution.
[2023-09-14T10:24:36.958+0000] {base.py:73} INFO - Using connection ID 'postgres_con' for task execution.
[2023-09-14T10:24:37.034+0000] {base.py:73} INFO - Using connection ID 'postgres_con' for task execution.
[2023-09-14T10:24:37.103+0000] {base.py:73} INFO - Using connection ID 'postgres_con' for task execution.
[2023-09-14T10:24:37.172+0000] {base.py:73} INFO - Using connection ID 'postgres_con' for task execution.
[2023-09-14T10:24:37.241+0000] {base.py:73} INFO - Using connection ID 'postgres_con' for task execution.
[2023-09-14T10:24:37.310+0000] {base.py:73} INFO - Using connection ID 'postgres_con' for task execution.
[2023-09-14T10:24:37.380+0000] {base.py:73} INFO - Using connection ID 'postgres_con' for task execution.
[2023-09-14T10:24:37.448+0000] {base.py:73} INFO - Using connection ID 'postgres_con' for task execution.
[2023-09-14T10:24:37.517+0000] {base.py:73} INFO - Using connection ID 'postgres_con' for task execution.
[2023-09-14T10:24:37.586+0000] {base.py:73} INFO - Using connection ID 'postgres_con' for task execution.
[2023-09-14T10:24:37.655+0000] {base.py:73} INFO - Using connection ID 'postgres_con' for task execution.
[2023-09-14T10:24:37.724+0000] {base.py:73} INFO - Using connection ID 'postgres_con' for task execution.
[2023-09-14T10:24:37.793+0000] {base.py:73} INFO - Using connection ID 'postgres_con' for task execution.
[2023-09-14T10:24:37.863+0000] {base.py:73} INFO - Using connection ID 'postgres_con' for task execution.
[2023-09-14T10:24:37.934+0000] {base.py:73} INFO - Using connection ID 'postgres_con' for task execution.
[2023-09-14T10:24:38.003+0000] {base.py:73} INFO - Using connection ID 'postgres_con' for task execution.
[2023-09-14T10:24:38.078+0000] {base.py:73} INFO - Using connection ID 'postgres_con' for task execution.
[2023-09-14T10:24:38.147+0000] {base.py:73} INFO - Using connection ID 'postgres_con' for task execution.
[2023-09-14T10:24:38.221+0000] {base.py:73} INFO - Using connection ID 'postgres_con' for task execution.
[2023-09-14T10:24:38.292+0000] {base.py:73} INFO - Using connection ID 'postgres_con' for task execution.
[2023-09-14T10:24:38.361+0000] {base.py:73} INFO - Using connection ID 'postgres_con' for task execution.
[2023-09-14T10:24:38.431+0000] {base.py:73} INFO - Using connection ID 'postgres_con' for task execution.
[2023-09-14T10:24:38.501+0000] {base.py:73} INFO - Using connection ID 'postgres_con' for task execution.
[2023-09-14T10:24:38.569+0000] {base.py:73} INFO - Using connection ID 'postgres_con' for task execution.
[2023-09-14T10:24:38.637+0000] {base.py:73} INFO - Using connection ID 'postgres_con' for task execution.
[2023-09-14T10:24:38.705+0000] {base.py:73} INFO - Using connection ID 'postgres_con' for task execution.
[2023-09-14T10:24:38.774+0000] {base.py:73} INFO - Using connection ID 'postgres_con' for task execution.
[2023-09-14T10:24:38.849+0000] {base.py:73} INFO - Using connection ID 'postgres_con' for task execution.
[2023-09-14T10:24:38.928+0000] {base.py:73} INFO - Using connection ID 'postgres_con' for task execution.
[2023-09-14T10:24:38.998+0000] {base.py:73} INFO - Using connection ID 'postgres_con' for task execution.
[2023-09-14T10:24:39.066+0000] {base.py:73} INFO - Using connection ID 'postgres_con' for task execution.
[2023-09-14T10:24:39.134+0000] {base.py:73} INFO - Using connection ID 'postgres_con' for task execution.
[2023-09-14T10:24:39.202+0000] {base.py:73} INFO - Using connection ID 'postgres_con' for task execution.
[2023-09-14T10:24:39.271+0000] {base.py:73} INFO - Using connection ID 'postgres_con' for task execution.
[2023-09-14T10:24:39.340+0000] {base.py:73} INFO - Using connection ID 'postgres_con' for task execution.
[2023-09-14T10:24:39.409+0000] {base.py:73} INFO - Using connection ID 'postgres_con' for task execution.
[2023-09-14T10:24:39.492+0000] {base.py:73} INFO - Using connection ID 'postgres_con' for task execution.
[2023-09-14T10:24:39.561+0000] {base.py:73} INFO - Using connection ID 'postgres_con' for task execution.
[2023-09-14T10:24:39.629+0000] {base.py:73} INFO - Using connection ID 'postgres_con' for task execution.
[2023-09-14T10:24:39.696+0000] {base.py:73} INFO - Using connection ID 'postgres_con' for task execution.
[2023-09-14T10:24:39.764+0000] {base.py:73} INFO - Using connection ID 'postgres_con' for task execution.
[2023-09-14T10:24:39.832+0000] {base.py:73} INFO - Using connection ID 'postgres_con' for task execution.
[2023-09-14T10:24:39.901+0000] {base.py:73} INFO - Using connection ID 'postgres_con' for task execution.
[2023-09-14T10:24:39.976+0000] {base.py:73} INFO - Using connection ID 'postgres_con' for task execution.
[2023-09-14T10:24:40.045+0000] {base.py:73} INFO - Using connection ID 'postgres_con' for task execution.
[2023-09-14T10:24:40.113+0000] {base.py:73} INFO - Using connection ID 'postgres_con' for task execution.
[2023-09-14T10:24:40.183+0000] {base.py:73} INFO - Using connection ID 'postgres_con' for task execution.
[2023-09-14T10:24:40.252+0000] {base.py:73} INFO - Using connection ID 'postgres_con' for task execution.
[2023-09-14T10:24:40.320+0000] {base.py:73} INFO - Using connection ID 'postgres_con' for task execution.
[2023-09-14T10:24:40.388+0000] {base.py:73} INFO - Using connection ID 'postgres_con' for task execution.
[2023-09-14T10:24:40.456+0000] {base.py:73} INFO - Using connection ID 'postgres_con' for task execution.
[2023-09-14T10:24:40.524+0000] {base.py:73} INFO - Using connection ID 'postgres_con' for task execution.
[2023-09-14T10:24:40.591+0000] {base.py:73} INFO - Using connection ID 'postgres_con' for task execution.
[2023-09-14T10:24:40.659+0000] {base.py:73} INFO - Using connection ID 'postgres_con' for task execution.
[2023-09-14T10:24:40.727+0000] {base.py:73} INFO - Using connection ID 'postgres_con' for task execution.
[2023-09-14T10:24:40.810+0000] {base.py:73} INFO - Using connection ID 'postgres_con' for task execution.
[2023-09-14T10:24:40.880+0000] {base.py:73} INFO - Using connection ID 'postgres_con' for task execution.
[2023-09-14T10:24:40.954+0000] {base.py:73} INFO - Using connection ID 'postgres_con' for task execution.
[2023-09-14T10:24:41.026+0000] {base.py:73} INFO - Using connection ID 'postgres_con' for task execution.
[2023-09-14T10:24:41.097+0000] {base.py:73} INFO - Using connection ID 'postgres_con' for task execution.
[2023-09-14T10:24:41.164+0000] {base.py:73} INFO - Using connection ID 'postgres_con' for task execution.
[2023-09-14T10:24:41.231+0000] {base.py:73} INFO - Using connection ID 'postgres_con' for task execution.
[2023-09-14T10:24:41.298+0000] {base.py:73} INFO - Using connection ID 'postgres_con' for task execution.
[2023-09-14T10:24:41.366+0000] {base.py:73} INFO - Using connection ID 'postgres_con' for task execution.
[2023-09-14T10:24:41.434+0000] {base.py:73} INFO - Using connection ID 'postgres_con' for task execution.
[2023-09-14T10:24:41.503+0000] {base.py:73} INFO - Using connection ID 'postgres_con' for task execution.
[2023-09-14T10:24:41.571+0000] {base.py:73} INFO - Using connection ID 'postgres_con' for task execution.
[2023-09-14T10:24:41.638+0000] {base.py:73} INFO - Using connection ID 'postgres_con' for task execution.
[2023-09-14T10:24:41.705+0000] {base.py:73} INFO - Using connection ID 'postgres_con' for task execution.
[2023-09-14T10:24:41.773+0000] {base.py:73} INFO - Using connection ID 'postgres_con' for task execution.
[2023-09-14T10:24:41.841+0000] {base.py:73} INFO - Using connection ID 'postgres_con' for task execution.
[2023-09-14T10:24:41.908+0000] {base.py:73} INFO - Using connection ID 'postgres_con' for task execution.
[2023-09-14T10:24:41.977+0000] {base.py:73} INFO - Using connection ID 'postgres_con' for task execution.
[2023-09-14T10:24:42.049+0000] {base.py:73} INFO - Using connection ID 'postgres_con' for task execution.
[2023-09-14T10:24:42.119+0000] {base.py:73} INFO - Using connection ID 'postgres_con' for task execution.
[2023-09-14T10:24:42.185+0000] {base.py:73} INFO - Using connection ID 'postgres_con' for task execution.
[2023-09-14T10:24:42.253+0000] {base.py:73} INFO - Using connection ID 'postgres_con' for task execution.
[2023-09-14T10:24:42.321+0000] {base.py:73} INFO - Using connection ID 'postgres_con' for task execution.
[2023-09-14T10:24:42.388+0000] {base.py:73} INFO - Using connection ID 'postgres_con' for task execution.
[2023-09-14T10:24:42.454+0000] {base.py:73} INFO - Using connection ID 'postgres_con' for task execution.
[2023-09-14T10:24:42.522+0000] {base.py:73} INFO - Using connection ID 'postgres_con' for task execution.
[2023-09-14T10:24:42.589+0000] {base.py:73} INFO - Using connection ID 'postgres_con' for task execution.
[2023-09-14T10:24:42.656+0000] {base.py:73} INFO - Using connection ID 'postgres_con' for task execution.
[2023-09-14T10:24:42.722+0000] {base.py:73} INFO - Using connection ID 'postgres_con' for task execution.
[2023-09-14T10:24:42.789+0000] {base.py:73} INFO - Using connection ID 'postgres_con' for task execution.
[2023-09-14T10:24:42.856+0000] {base.py:73} INFO - Using connection ID 'postgres_con' for task execution.
[2023-09-14T10:24:42.923+0000] {base.py:73} INFO - Using connection ID 'postgres_con' for task execution.
[2023-09-14T10:24:42.991+0000] {base.py:73} INFO - Using connection ID 'postgres_con' for task execution.
[2023-09-14T10:24:43.058+0000] {base.py:73} INFO - Using connection ID 'postgres_con' for task execution.
[2023-09-14T10:24:43.129+0000] {base.py:73} INFO - Using connection ID 'postgres_con' for task execution.
[2023-09-14T10:24:43.198+0000] {base.py:73} INFO - Using connection ID 'postgres_con' for task execution.
[2023-09-14T10:24:43.266+0000] {base.py:73} INFO - Using connection ID 'postgres_con' for task execution.
[2023-09-14T10:24:43.333+0000] {base.py:73} INFO - Using connection ID 'postgres_con' for task execution.
[2023-09-14T10:24:43.400+0000] {base.py:73} INFO - Using connection ID 'postgres_con' for task execution.
[2023-09-14T10:24:43.467+0000] {base.py:73} INFO - Using connection ID 'postgres_con' for task execution.
[2023-09-14T10:24:43.534+0000] {base.py:73} INFO - Using connection ID 'postgres_con' for task execution.
[2023-09-14T10:24:43.601+0000] {base.py:73} INFO - Using connection ID 'postgres_con' for task execution.
[2023-09-14T10:24:43.668+0000] {base.py:73} INFO - Using connection ID 'postgres_con' for task execution.
[2023-09-14T10:24:43.734+0000] {base.py:73} INFO - Using connection ID 'postgres_con' for task execution.
[2023-09-14T10:24:43.801+0000] {base.py:73} INFO - Using connection ID 'postgres_con' for task execution.
[2023-09-14T10:24:43.867+0000] {base.py:73} INFO - Using connection ID 'postgres_con' for task execution.
[2023-09-14T10:24:43.934+0000] {base.py:73} INFO - Using connection ID 'postgres_con' for task execution.
[2023-09-14T10:24:44.004+0000] {base.py:73} INFO - Using connection ID 'postgres_con' for task execution.
[2023-09-14T10:24:44.071+0000] {base.py:73} INFO - Using connection ID 'postgres_con' for task execution.
[2023-09-14T10:24:44.138+0000] {base.py:73} INFO - Using connection ID 'postgres_con' for task execution.
[2023-09-14T10:24:44.210+0000] {base.py:73} INFO - Using connection ID 'postgres_con' for task execution.
[2023-09-14T10:24:44.277+0000] {base.py:73} INFO - Using connection ID 'postgres_con' for task execution.
[2023-09-14T10:24:44.344+0000] {base.py:73} INFO - Using connection ID 'postgres_con' for task execution.
[2023-09-14T10:24:44.423+0000] {base.py:73} INFO - Using connection ID 'postgres_con' for task execution.
[2023-09-14T10:24:44.505+0000] {base.py:73} INFO - Using connection ID 'postgres_con' for task execution.
[2023-09-14T10:24:44.586+0000] {base.py:73} INFO - Using connection ID 'postgres_con' for task execution.
[2023-09-14T10:24:44.668+0000] {base.py:73} INFO - Using connection ID 'postgres_con' for task execution.
[2023-09-14T10:24:44.740+0000] {base.py:73} INFO - Using connection ID 'postgres_con' for task execution.
[2023-09-14T10:24:44.813+0000] {base.py:73} INFO - Using connection ID 'postgres_con' for task execution.
[2023-09-14T10:24:44.881+0000] {base.py:73} INFO - Using connection ID 'postgres_con' for task execution.
[2023-09-14T10:24:44.948+0000] {base.py:73} INFO - Using connection ID 'postgres_con' for task execution.
[2023-09-14T10:24:45.016+0000] {base.py:73} INFO - Using connection ID 'postgres_con' for task execution.
[2023-09-14T10:24:45.083+0000] {base.py:73} INFO - Using connection ID 'postgres_con' for task execution.
[2023-09-14T10:24:45.150+0000] {base.py:73} INFO - Using connection ID 'postgres_con' for task execution.
[2023-09-14T10:24:45.220+0000] {base.py:73} INFO - Using connection ID 'postgres_con' for task execution.
[2023-09-14T10:24:45.292+0000] {base.py:73} INFO - Using connection ID 'postgres_con' for task execution.
[2023-09-14T10:24:45.358+0000] {base.py:73} INFO - Using connection ID 'postgres_con' for task execution.
[2023-09-14T10:24:45.437+0000] {base.py:73} INFO - Using connection ID 'postgres_con' for task execution.
[2023-09-14T10:24:45.506+0000] {base.py:73} INFO - Using connection ID 'postgres_con' for task execution.
[2023-09-14T10:24:45.573+0000] {base.py:73} INFO - Using connection ID 'postgres_con' for task execution.
[2023-09-14T10:24:45.639+0000] {base.py:73} INFO - Using connection ID 'postgres_con' for task execution.
[2023-09-14T10:24:45.714+0000] {base.py:73} INFO - Using connection ID 'postgres_con' for task execution.
[2023-09-14T10:24:45.795+0000] {base.py:73} INFO - Using connection ID 'postgres_con' for task execution.
[2023-09-14T10:24:45.874+0000] {base.py:73} INFO - Using connection ID 'postgres_con' for task execution.
[2023-09-14T10:24:45.946+0000] {base.py:73} INFO - Using connection ID 'postgres_con' for task execution.
[2023-09-14T10:24:46.013+0000] {base.py:73} INFO - Using connection ID 'postgres_con' for task execution.
[2023-09-14T10:24:46.081+0000] {base.py:73} INFO - Using connection ID 'postgres_con' for task execution.
[2023-09-14T10:24:46.148+0000] {base.py:73} INFO - Using connection ID 'postgres_con' for task execution.
[2023-09-14T10:24:46.215+0000] {base.py:73} INFO - Using connection ID 'postgres_con' for task execution.
[2023-09-14T10:24:46.281+0000] {base.py:73} INFO - Using connection ID 'postgres_con' for task execution.
[2023-09-14T10:24:46.354+0000] {base.py:73} INFO - Using connection ID 'postgres_con' for task execution.
[2023-09-14T10:24:46.421+0000] {base.py:73} INFO - Using connection ID 'postgres_con' for task execution.
[2023-09-14T10:24:46.487+0000] {base.py:73} INFO - Using connection ID 'postgres_con' for task execution.
[2023-09-14T10:24:46.554+0000] {base.py:73} INFO - Using connection ID 'postgres_con' for task execution.
[2023-09-14T10:24:46.621+0000] {base.py:73} INFO - Using connection ID 'postgres_con' for task execution.
[2023-09-14T10:24:46.698+0000] {base.py:73} INFO - Using connection ID 'postgres_con' for task execution.
[2023-09-14T10:24:46.766+0000] {base.py:73} INFO - Using connection ID 'postgres_con' for task execution.
[2023-09-14T10:24:46.835+0000] {base.py:73} INFO - Using connection ID 'postgres_con' for task execution.
[2023-09-14T10:24:46.903+0000] {base.py:73} INFO - Using connection ID 'postgres_con' for task execution.
[2023-09-14T10:24:46.971+0000] {base.py:73} INFO - Using connection ID 'postgres_con' for task execution.
[2023-09-14T10:24:47.041+0000] {base.py:73} INFO - Using connection ID 'postgres_con' for task execution.
[2023-09-14T10:24:47.113+0000] {base.py:73} INFO - Using connection ID 'postgres_con' for task execution.
[2023-09-14T10:24:47.184+0000] {base.py:73} INFO - Using connection ID 'postgres_con' for task execution.
[2023-09-14T10:24:47.252+0000] {base.py:73} INFO - Using connection ID 'postgres_con' for task execution.
[2023-09-14T10:24:47.320+0000] {base.py:73} INFO - Using connection ID 'postgres_con' for task execution.
[2023-09-14T10:24:47.389+0000] {base.py:73} INFO - Using connection ID 'postgres_con' for task execution.
[2023-09-14T10:24:47.459+0000] {base.py:73} INFO - Using connection ID 'postgres_con' for task execution.
[2023-09-14T10:24:47.528+0000] {base.py:73} INFO - Using connection ID 'postgres_con' for task execution.
[2023-09-14T10:24:47.596+0000] {base.py:73} INFO - Using connection ID 'postgres_con' for task execution.
[2023-09-14T10:24:47.664+0000] {base.py:73} INFO - Using connection ID 'postgres_con' for task execution.
[2023-09-14T10:24:47.733+0000] {base.py:73} INFO - Using connection ID 'postgres_con' for task execution.
[2023-09-14T10:24:47.801+0000] {base.py:73} INFO - Using connection ID 'postgres_con' for task execution.
[2023-09-14T10:24:47.869+0000] {base.py:73} INFO - Using connection ID 'postgres_con' for task execution.
[2023-09-14T10:24:47.937+0000] {base.py:73} INFO - Using connection ID 'postgres_con' for task execution.
[2023-09-14T10:24:48.006+0000] {base.py:73} INFO - Using connection ID 'postgres_con' for task execution.
[2023-09-14T10:24:48.075+0000] {base.py:73} INFO - Using connection ID 'postgres_con' for task execution.
[2023-09-14T10:24:48.142+0000] {base.py:73} INFO - Using connection ID 'postgres_con' for task execution.
[2023-09-14T10:24:48.215+0000] {base.py:73} INFO - Using connection ID 'postgres_con' for task execution.
[2023-09-14T10:24:48.282+0000] {base.py:73} INFO - Using connection ID 'postgres_con' for task execution.
[2023-09-14T10:24:48.350+0000] {base.py:73} INFO - Using connection ID 'postgres_con' for task execution.
[2023-09-14T10:24:48.417+0000] {base.py:73} INFO - Using connection ID 'postgres_con' for task execution.
[2023-09-14T10:24:48.484+0000] {base.py:73} INFO - Using connection ID 'postgres_con' for task execution.
[2023-09-14T10:24:48.550+0000] {base.py:73} INFO - Using connection ID 'postgres_con' for task execution.
[2023-09-14T10:24:48.617+0000] {base.py:73} INFO - Using connection ID 'postgres_con' for task execution.
[2023-09-14T10:24:48.683+0000] {base.py:73} INFO - Using connection ID 'postgres_con' for task execution.
[2023-09-14T10:24:48.750+0000] {base.py:73} INFO - Using connection ID 'postgres_con' for task execution.
[2023-09-14T10:24:48.818+0000] {base.py:73} INFO - Using connection ID 'postgres_con' for task execution.
[2023-09-14T10:24:48.885+0000] {base.py:73} INFO - Using connection ID 'postgres_con' for task execution.
[2023-09-14T10:24:48.961+0000] {base.py:73} INFO - Using connection ID 'postgres_con' for task execution.
[2023-09-14T10:24:49.036+0000] {base.py:73} INFO - Using connection ID 'postgres_con' for task execution.
[2023-09-14T10:24:49.106+0000] {base.py:73} INFO - Using connection ID 'postgres_con' for task execution.
[2023-09-14T10:24:49.173+0000] {base.py:73} INFO - Using connection ID 'postgres_con' for task execution.
[2023-09-14T10:24:49.240+0000] {base.py:73} INFO - Using connection ID 'postgres_con' for task execution.
[2023-09-14T10:24:49.306+0000] {base.py:73} INFO - Using connection ID 'postgres_con' for task execution.
[2023-09-14T10:24:49.373+0000] {base.py:73} INFO - Using connection ID 'postgres_con' for task execution.
[2023-09-14T10:24:49.440+0000] {base.py:73} INFO - Using connection ID 'postgres_con' for task execution.
[2023-09-14T10:24:49.506+0000] {base.py:73} INFO - Using connection ID 'postgres_con' for task execution.
[2023-09-14T10:24:49.574+0000] {base.py:73} INFO - Using connection ID 'postgres_con' for task execution.
[2023-09-14T10:24:49.642+0000] {base.py:73} INFO - Using connection ID 'postgres_con' for task execution.
[2023-09-14T10:24:49.709+0000] {base.py:73} INFO - Using connection ID 'postgres_con' for task execution.
[2023-09-14T10:24:49.777+0000] {base.py:73} INFO - Using connection ID 'postgres_con' for task execution.
[2023-09-14T10:24:49.845+0000] {base.py:73} INFO - Using connection ID 'postgres_con' for task execution.
[2023-09-14T10:24:49.911+0000] {base.py:73} INFO - Using connection ID 'postgres_con' for task execution.
[2023-09-14T10:24:49.979+0000] {base.py:73} INFO - Using connection ID 'postgres_con' for task execution.
[2023-09-14T10:24:50.049+0000] {base.py:73} INFO - Using connection ID 'postgres_con' for task execution.
[2023-09-14T10:24:50.119+0000] {base.py:73} INFO - Using connection ID 'postgres_con' for task execution.
[2023-09-14T10:24:50.186+0000] {base.py:73} INFO - Using connection ID 'postgres_con' for task execution.
[2023-09-14T10:24:50.256+0000] {base.py:73} INFO - Using connection ID 'postgres_con' for task execution.
[2023-09-14T10:24:50.323+0000] {base.py:73} INFO - Using connection ID 'postgres_con' for task execution.
[2023-09-14T10:24:50.390+0000] {base.py:73} INFO - Using connection ID 'postgres_con' for task execution.
[2023-09-14T10:24:50.457+0000] {base.py:73} INFO - Using connection ID 'postgres_con' for task execution.
[2023-09-14T10:24:50.526+0000] {base.py:73} INFO - Using connection ID 'postgres_con' for task execution.
[2023-09-14T10:24:50.593+0000] {base.py:73} INFO - Using connection ID 'postgres_con' for task execution.
[2023-09-14T10:24:50.660+0000] {base.py:73} INFO - Using connection ID 'postgres_con' for task execution.
[2023-09-14T10:24:50.727+0000] {base.py:73} INFO - Using connection ID 'postgres_con' for task execution.
[2023-09-14T10:24:50.793+0000] {base.py:73} INFO - Using connection ID 'postgres_con' for task execution.
[2023-09-14T10:24:50.864+0000] {base.py:73} INFO - Using connection ID 'postgres_con' for task execution.
[2023-09-14T10:24:50.937+0000] {base.py:73} INFO - Using connection ID 'postgres_con' for task execution.
[2023-09-14T10:24:51.029+0000] {base.py:73} INFO - Using connection ID 'postgres_con' for task execution.
[2023-09-14T10:24:51.126+0000] {base.py:73} INFO - Using connection ID 'postgres_con' for task execution.
[2023-09-14T10:24:51.202+0000] {base.py:73} INFO - Using connection ID 'postgres_con' for task execution.
[2023-09-14T10:24:51.269+0000] {base.py:73} INFO - Using connection ID 'postgres_con' for task execution.
[2023-09-14T10:24:51.336+0000] {base.py:73} INFO - Using connection ID 'postgres_con' for task execution.
[2023-09-14T10:24:51.406+0000] {base.py:73} INFO - Using connection ID 'postgres_con' for task execution.
[2023-09-14T10:24:51.487+0000] {base.py:73} INFO - Using connection ID 'postgres_con' for task execution.
[2023-09-14T10:24:51.554+0000] {base.py:73} INFO - Using connection ID 'postgres_con' for task execution.
[2023-09-14T10:24:51.621+0000] {base.py:73} INFO - Using connection ID 'postgres_con' for task execution.
[2023-09-14T10:24:51.687+0000] {base.py:73} INFO - Using connection ID 'postgres_con' for task execution.
[2023-09-14T10:24:51.754+0000] {base.py:73} INFO - Using connection ID 'postgres_con' for task execution.
[2023-09-14T10:24:51.822+0000] {base.py:73} INFO - Using connection ID 'postgres_con' for task execution.
[2023-09-14T10:24:51.889+0000] {base.py:73} INFO - Using connection ID 'postgres_con' for task execution.
[2023-09-14T10:24:51.965+0000] {base.py:73} INFO - Using connection ID 'postgres_con' for task execution.
[2023-09-14T10:24:52.034+0000] {base.py:73} INFO - Using connection ID 'postgres_con' for task execution.
[2023-09-14T10:24:52.108+0000] {base.py:73} INFO - Using connection ID 'postgres_con' for task execution.
[2023-09-14T10:24:52.187+0000] {base.py:73} INFO - Using connection ID 'postgres_con' for task execution.
[2023-09-14T10:24:52.265+0000] {base.py:73} INFO - Using connection ID 'postgres_con' for task execution.
[2023-09-14T10:24:52.351+0000] {base.py:73} INFO - Using connection ID 'postgres_con' for task execution.
[2023-09-14T10:24:52.437+0000] {base.py:73} INFO - Using connection ID 'postgres_con' for task execution.
[2023-09-14T10:24:52.509+0000] {base.py:73} INFO - Using connection ID 'postgres_con' for task execution.
[2023-09-14T10:24:52.580+0000] {base.py:73} INFO - Using connection ID 'postgres_con' for task execution.
[2023-09-14T10:24:52.653+0000] {base.py:73} INFO - Using connection ID 'postgres_con' for task execution.
[2023-09-14T10:24:52.728+0000] {base.py:73} INFO - Using connection ID 'postgres_con' for task execution.
[2023-09-14T10:24:52.808+0000] {base.py:73} INFO - Using connection ID 'postgres_con' for task execution.
[2023-09-14T10:24:52.887+0000] {base.py:73} INFO - Using connection ID 'postgres_con' for task execution.
[2023-09-14T10:24:52.970+0000] {base.py:73} INFO - Using connection ID 'postgres_con' for task execution.
[2023-09-14T10:24:53.062+0000] {base.py:73} INFO - Using connection ID 'postgres_con' for task execution.
[2023-09-14T10:24:53.156+0000] {base.py:73} INFO - Using connection ID 'postgres_con' for task execution.
[2023-09-14T10:24:53.239+0000] {base.py:73} INFO - Using connection ID 'postgres_con' for task execution.
[2023-09-14T10:24:53.328+0000] {base.py:73} INFO - Using connection ID 'postgres_con' for task execution.
[2023-09-14T10:24:53.414+0000] {base.py:73} INFO - Using connection ID 'postgres_con' for task execution.
[2023-09-14T10:24:53.496+0000] {base.py:73} INFO - Using connection ID 'postgres_con' for task execution.
[2023-09-14T10:24:53.579+0000] {base.py:73} INFO - Using connection ID 'postgres_con' for task execution.
[2023-09-14T10:24:53.662+0000] {base.py:73} INFO - Using connection ID 'postgres_con' for task execution.
[2023-09-14T10:24:53.745+0000] {base.py:73} INFO - Using connection ID 'postgres_con' for task execution.
[2023-09-14T10:24:53.830+0000] {base.py:73} INFO - Using connection ID 'postgres_con' for task execution.
[2023-09-14T10:24:53.916+0000] {base.py:73} INFO - Using connection ID 'postgres_con' for task execution.
[2023-09-14T10:24:53.998+0000] {base.py:73} INFO - Using connection ID 'postgres_con' for task execution.
[2023-09-14T10:24:54.078+0000] {base.py:73} INFO - Using connection ID 'postgres_con' for task execution.
[2023-09-14T10:24:54.154+0000] {base.py:73} INFO - Using connection ID 'postgres_con' for task execution.
[2023-09-14T10:24:54.229+0000] {base.py:73} INFO - Using connection ID 'postgres_con' for task execution.
[2023-09-14T10:24:54.318+0000] {base.py:73} INFO - Using connection ID 'postgres_con' for task execution.
[2023-09-14T10:24:54.413+0000] {base.py:73} INFO - Using connection ID 'postgres_con' for task execution.
[2023-09-14T10:24:54.485+0000] {base.py:73} INFO - Using connection ID 'postgres_con' for task execution.
[2023-09-14T10:24:54.556+0000] {base.py:73} INFO - Using connection ID 'postgres_con' for task execution.
[2023-09-14T10:24:54.627+0000] {base.py:73} INFO - Using connection ID 'postgres_con' for task execution.
[2023-09-14T10:24:54.698+0000] {base.py:73} INFO - Using connection ID 'postgres_con' for task execution.
[2023-09-14T10:24:54.769+0000] {base.py:73} INFO - Using connection ID 'postgres_con' for task execution.
[2023-09-14T10:24:54.841+0000] {base.py:73} INFO - Using connection ID 'postgres_con' for task execution.
[2023-09-14T10:24:54.941+0000] {base.py:73} INFO - Using connection ID 'postgres_con' for task execution.
[2023-09-14T10:24:55.024+0000] {base.py:73} INFO - Using connection ID 'postgres_con' for task execution.
[2023-09-14T10:24:55.101+0000] {base.py:73} INFO - Using connection ID 'postgres_con' for task execution.
[2023-09-14T10:24:55.203+0000] {base.py:73} INFO - Using connection ID 'postgres_con' for task execution.
[2023-09-14T10:24:55.332+0000] {base.py:73} INFO - Using connection ID 'postgres_con' for task execution.
[2023-09-14T10:24:55.456+0000] {base.py:73} INFO - Using connection ID 'postgres_con' for task execution.
[2023-09-14T10:24:55.569+0000] {base.py:73} INFO - Using connection ID 'postgres_con' for task execution.
[2023-09-14T10:24:55.669+0000] {base.py:73} INFO - Using connection ID 'postgres_con' for task execution.
[2023-09-14T10:24:55.764+0000] {base.py:73} INFO - Using connection ID 'postgres_con' for task execution.
[2023-09-14T10:24:55.860+0000] {base.py:73} INFO - Using connection ID 'postgres_con' for task execution.
[2023-09-14T10:24:55.954+0000] {base.py:73} INFO - Using connection ID 'postgres_con' for task execution.
[2023-09-14T10:24:56.059+0000] {base.py:73} INFO - Using connection ID 'postgres_con' for task execution.
[2023-09-14T10:24:56.161+0000] {base.py:73} INFO - Using connection ID 'postgres_con' for task execution.
[2023-09-14T10:24:56.265+0000] {base.py:73} INFO - Using connection ID 'postgres_con' for task execution.
[2023-09-14T10:24:56.364+0000] {base.py:73} INFO - Using connection ID 'postgres_con' for task execution.
[2023-09-14T10:24:56.464+0000] {base.py:73} INFO - Using connection ID 'postgres_con' for task execution.
[2023-09-14T10:24:56.568+0000] {base.py:73} INFO - Using connection ID 'postgres_con' for task execution.
[2023-09-14T10:24:56.750+0000] {base.py:73} INFO - Using connection ID 'postgres_con' for task execution.
[2023-09-14T10:24:56.847+0000] {base.py:73} INFO - Using connection ID 'postgres_con' for task execution.
[2023-09-14T10:24:56.982+0000] {base.py:73} INFO - Using connection ID 'postgres_con' for task execution.
[2023-09-14T10:24:57.099+0000] {base.py:73} INFO - Using connection ID 'postgres_con' for task execution.
[2023-09-14T10:24:57.197+0000] {base.py:73} INFO - Using connection ID 'postgres_con' for task execution.
[2023-09-14T10:24:57.320+0000] {base.py:73} INFO - Using connection ID 'postgres_con' for task execution.
[2023-09-14T10:24:57.443+0000] {base.py:73} INFO - Using connection ID 'postgres_con' for task execution.
[2023-09-14T10:24:57.545+0000] {base.py:73} INFO - Using connection ID 'postgres_con' for task execution.
[2023-09-14T10:24:57.621+0000] {base.py:73} INFO - Using connection ID 'postgres_con' for task execution.
[2023-09-14T10:24:57.693+0000] {base.py:73} INFO - Using connection ID 'postgres_con' for task execution.
[2023-09-14T10:24:57.765+0000] {base.py:73} INFO - Using connection ID 'postgres_con' for task execution.
[2023-09-14T10:24:57.837+0000] {base.py:73} INFO - Using connection ID 'postgres_con' for task execution.
[2023-09-14T10:24:57.908+0000] {base.py:73} INFO - Using connection ID 'postgres_con' for task execution.
[2023-09-14T10:24:57.980+0000] {base.py:73} INFO - Using connection ID 'postgres_con' for task execution.
[2023-09-14T10:24:58.053+0000] {base.py:73} INFO - Using connection ID 'postgres_con' for task execution.
[2023-09-14T10:24:58.126+0000] {base.py:73} INFO - Using connection ID 'postgres_con' for task execution.
[2023-09-14T10:24:58.205+0000] {base.py:73} INFO - Using connection ID 'postgres_con' for task execution.
[2023-09-14T10:24:58.285+0000] {base.py:73} INFO - Using connection ID 'postgres_con' for task execution.
[2023-09-14T10:24:58.374+0000] {base.py:73} INFO - Using connection ID 'postgres_con' for task execution.
[2023-09-14T10:24:58.468+0000] {base.py:73} INFO - Using connection ID 'postgres_con' for task execution.
[2023-09-14T10:24:58.544+0000] {base.py:73} INFO - Using connection ID 'postgres_con' for task execution.
[2023-09-14T10:24:58.616+0000] {base.py:73} INFO - Using connection ID 'postgres_con' for task execution.
[2023-09-14T10:24:58.695+0000] {base.py:73} INFO - Using connection ID 'postgres_con' for task execution.
[2023-09-14T10:24:58.769+0000] {base.py:73} INFO - Using connection ID 'postgres_con' for task execution.
[2023-09-14T10:24:58.841+0000] {base.py:73} INFO - Using connection ID 'postgres_con' for task execution.
[2023-09-14T10:24:58.915+0000] {base.py:73} INFO - Using connection ID 'postgres_con' for task execution.
[2023-09-14T10:24:58.983+0000] {base.py:73} INFO - Using connection ID 'postgres_con' for task execution.
[2023-09-14T10:24:59.067+0000] {base.py:73} INFO - Using connection ID 'postgres_con' for task execution.
[2023-09-14T10:24:59.145+0000] {base.py:73} INFO - Using connection ID 'postgres_con' for task execution.
[2023-09-14T10:24:59.214+0000] {base.py:73} INFO - Using connection ID 'postgres_con' for task execution.
[2023-09-14T10:24:59.282+0000] {base.py:73} INFO - Using connection ID 'postgres_con' for task execution.
[2023-09-14T10:24:59.350+0000] {base.py:73} INFO - Using connection ID 'postgres_con' for task execution.
[2023-09-14T10:24:59.418+0000] {base.py:73} INFO - Using connection ID 'postgres_con' for task execution.
[2023-09-14T10:24:59.486+0000] {base.py:73} INFO - Using connection ID 'postgres_con' for task execution.
[2023-09-14T10:24:59.553+0000] {base.py:73} INFO - Using connection ID 'postgres_con' for task execution.
[2023-09-14T10:24:59.620+0000] {base.py:73} INFO - Using connection ID 'postgres_con' for task execution.
[2023-09-14T10:24:59.687+0000] {base.py:73} INFO - Using connection ID 'postgres_con' for task execution.
[2023-09-14T10:24:59.754+0000] {base.py:73} INFO - Using connection ID 'postgres_con' for task execution.
[2023-09-14T10:24:59.821+0000] {base.py:73} INFO - Using connection ID 'postgres_con' for task execution.
[2023-09-14T10:24:59.888+0000] {base.py:73} INFO - Using connection ID 'postgres_con' for task execution.
[2023-09-14T10:24:59.955+0000] {base.py:73} INFO - Using connection ID 'postgres_con' for task execution.
[2023-09-14T10:25:00.022+0000] {base.py:73} INFO - Using connection ID 'postgres_con' for task execution.
[2023-09-14T10:25:00.090+0000] {base.py:73} INFO - Using connection ID 'postgres_con' for task execution.
[2023-09-14T10:25:00.164+0000] {base.py:73} INFO - Using connection ID 'postgres_con' for task execution.
[2023-09-14T10:25:00.231+0000] {base.py:73} INFO - Using connection ID 'postgres_con' for task execution.
[2023-09-14T10:25:00.299+0000] {base.py:73} INFO - Using connection ID 'postgres_con' for task execution.
[2023-09-14T10:25:00.369+0000] {base.py:73} INFO - Using connection ID 'postgres_con' for task execution.
[2023-09-14T10:25:00.437+0000] {base.py:73} INFO - Using connection ID 'postgres_con' for task execution.
[2023-09-14T10:25:00.505+0000] {base.py:73} INFO - Using connection ID 'postgres_con' for task execution.
[2023-09-14T10:25:00.572+0000] {base.py:73} INFO - Using connection ID 'postgres_con' for task execution.
[2023-09-14T10:25:00.639+0000] {base.py:73} INFO - Using connection ID 'postgres_con' for task execution.
[2023-09-14T10:25:00.707+0000] {base.py:73} INFO - Using connection ID 'postgres_con' for task execution.
[2023-09-14T10:25:00.774+0000] {base.py:73} INFO - Using connection ID 'postgres_con' for task execution.
[2023-09-14T10:25:00.841+0000] {base.py:73} INFO - Using connection ID 'postgres_con' for task execution.
[2023-09-14T10:25:00.909+0000] {base.py:73} INFO - Using connection ID 'postgres_con' for task execution.
[2023-09-14T10:25:00.977+0000] {base.py:73} INFO - Using connection ID 'postgres_con' for task execution.
[2023-09-14T10:25:01.044+0000] {base.py:73} INFO - Using connection ID 'postgres_con' for task execution.
[2023-09-14T10:25:35.689+0000] {base.py:73} INFO - Using connection ID 'postgres_con' for task execution.
[2023-09-14T10:25:35.700+0000] {warnings.py:109} WARNING - /home/***/.local/lib/python3.8/site-packages/***/providers/common/sql/hooks/sql.py:219: UserWarning: pandas only supports SQLAlchemy connectable (engine/connection) or database string URI or sqlite3 DBAPI2 connection. Other DBAPI2 objects are not tested. Please consider using SQLAlchemy.
  return psql.read_sql(sql, con=conn, params=parameters, **kwargs)

[2023-09-14T10:25:35.734+0000] {base.py:73} INFO - Using connection ID 'postgres_con' for task execution.
[2023-09-14T10:25:35.740+0000] {warnings.py:109} WARNING - /home/***/.local/lib/python3.8/site-packages/***/providers/common/sql/hooks/sql.py:219: UserWarning: pandas only supports SQLAlchemy connectable (engine/connection) or database string URI or sqlite3 DBAPI2 connection. Other DBAPI2 objects are not tested. Please consider using SQLAlchemy.
  return psql.read_sql(sql, con=conn, params=parameters, **kwargs)

[2023-09-14T10:25:35.748+0000] {python.py:194} INFO - Done. Returned value was:       id_vac  ... column_not_exist_in_db
0   86222847  ...                  87153
1   86222847  ...                  87154
2   86222847  ...                  87155
3   86222847  ...                  87156
4   86222847  ...                  87157
..       ...  ...                    ...
76  86086831  ...                  87229
77  86086831  ...                  87230
78  86086831  ...                  87231
79  86086831  ...                  87232
80  86673652  ...                  87233

[81 rows x 16 columns]
[2023-09-14T10:25:35.811+0000] {taskinstance.py:1400} INFO - Marking task as SUCCESS. dag_id=dag_parser, task_id=transform, execution_date=20230914T102346, start_date=20230914T102414, end_date=20230914T102535
[2023-09-14T10:25:35.856+0000] {local_task_job_runner.py:228} INFO - Task exited with return code 0
[2023-09-14T10:25:35.900+0000] {taskinstance.py:2784} INFO - 1 downstream tasks scheduled from follow-on schedule check
