[2023-09-19T12:01:26.589+0000] {taskinstance.py:1159} INFO - Dependencies all met for dep_context=non-requeueable deps ti=<TaskInstance: dag_parser.transform manual__2023-09-19T12:00:57.495793+00:00 [queued]>
[2023-09-19T12:01:26.602+0000] {taskinstance.py:1159} INFO - Dependencies all met for dep_context=requeueable deps ti=<TaskInstance: dag_parser.transform manual__2023-09-19T12:00:57.495793+00:00 [queued]>
[2023-09-19T12:01:26.602+0000] {taskinstance.py:1361} INFO - Starting attempt 1 of 3
[2023-09-19T12:01:26.620+0000] {taskinstance.py:1382} INFO - Executing <Task(_PythonDecoratedOperator): transform> on 2023-09-19 12:00:57.495793+00:00
[2023-09-19T12:01:26.629+0000] {standard_task_runner.py:57} INFO - Started process 70 to run task
[2023-09-19T12:01:26.632+0000] {standard_task_runner.py:84} INFO - Running: ['***', 'tasks', 'run', 'dag_parser', 'transform', 'manual__2023-09-19T12:00:57.495793+00:00', '--job-id', '82', '--raw', '--subdir', 'DAGS_FOLDER/dag_parser.py', '--cfg-path', '/tmp/tmpj74ggwqj']
[2023-09-19T12:01:26.633+0000] {standard_task_runner.py:85} INFO - Job 82: Subtask transform
[2023-09-19T12:01:26.684+0000] {task_command.py:415} INFO - Running <TaskInstance: dag_parser.transform manual__2023-09-19T12:00:57.495793+00:00 [running]> on host 910e7ec0fb42
[2023-09-19T12:01:27.002+0000] {taskinstance.py:1660} INFO - Exporting env vars: AIRFLOW_CTX_DAG_OWNER='oleg' AIRFLOW_CTX_DAG_ID='dag_parser' AIRFLOW_CTX_TASK_ID='transform' AIRFLOW_CTX_EXECUTION_DATE='2023-09-19T12:00:57.495793+00:00' AIRFLOW_CTX_TRY_NUMBER='1' AIRFLOW_CTX_DAG_RUN_ID='manual__2023-09-19T12:00:57.495793+00:00'
[2023-09-19T12:01:27.248+0000] {base.py:73} INFO - Using connection ID 'postgres_con' for task execution.
[2023-09-19T12:01:27.261+0000] {warnings.py:109} WARNING - /home/***/.local/lib/python3.8/site-packages/***/providers/common/sql/hooks/sql.py:219: UserWarning: pandas only supports SQLAlchemy connectable (engine/connection) or database string URI or sqlite3 DBAPI2 connection. Other DBAPI2 objects are not tested. Please consider using SQLAlchemy.
  return psql.read_sql(sql, con=conn, params=parameters, **kwargs)

[2023-09-19T12:01:27.358+0000] {base.py:73} INFO - Using connection ID 'postgres_con' for task execution.
[2023-09-19T12:01:27.443+0000] {base.py:73} INFO - Using connection ID 'postgres_con' for task execution.
[2023-09-19T12:01:27.529+0000] {base.py:73} INFO - Using connection ID 'postgres_con' for task execution.
[2023-09-19T12:01:27.633+0000] {base.py:73} INFO - Using connection ID 'postgres_con' for task execution.
[2023-09-19T12:01:27.756+0000] {base.py:73} INFO - Using connection ID 'postgres_con' for task execution.
[2023-09-19T12:01:27.886+0000] {base.py:73} INFO - Using connection ID 'postgres_con' for task execution.
[2023-09-19T12:01:27.998+0000] {base.py:73} INFO - Using connection ID 'postgres_con' for task execution.
[2023-09-19T12:01:28.118+0000] {base.py:73} INFO - Using connection ID 'postgres_con' for task execution.
[2023-09-19T12:01:28.227+0000] {base.py:73} INFO - Using connection ID 'postgres_con' for task execution.
[2023-09-19T12:01:28.336+0000] {base.py:73} INFO - Using connection ID 'postgres_con' for task execution.
[2023-09-19T12:01:28.465+0000] {base.py:73} INFO - Using connection ID 'postgres_con' for task execution.
[2023-09-19T12:01:28.585+0000] {base.py:73} INFO - Using connection ID 'postgres_con' for task execution.
[2023-09-19T12:01:28.694+0000] {base.py:73} INFO - Using connection ID 'postgres_con' for task execution.
[2023-09-19T12:01:28.814+0000] {base.py:73} INFO - Using connection ID 'postgres_con' for task execution.
[2023-09-19T12:01:28.924+0000] {base.py:73} INFO - Using connection ID 'postgres_con' for task execution.
[2023-09-19T12:01:29.026+0000] {base.py:73} INFO - Using connection ID 'postgres_con' for task execution.
[2023-09-19T12:01:29.126+0000] {base.py:73} INFO - Using connection ID 'postgres_con' for task execution.
[2023-09-19T12:01:29.236+0000] {base.py:73} INFO - Using connection ID 'postgres_con' for task execution.
[2023-09-19T12:01:29.330+0000] {base.py:73} INFO - Using connection ID 'postgres_con' for task execution.
[2023-09-19T12:01:29.450+0000] {base.py:73} INFO - Using connection ID 'postgres_con' for task execution.
[2023-09-19T12:01:29.564+0000] {base.py:73} INFO - Using connection ID 'postgres_con' for task execution.
[2023-09-19T12:01:29.672+0000] {base.py:73} INFO - Using connection ID 'postgres_con' for task execution.
[2023-09-19T12:01:29.785+0000] {base.py:73} INFO - Using connection ID 'postgres_con' for task execution.
[2023-09-19T12:01:29.894+0000] {base.py:73} INFO - Using connection ID 'postgres_con' for task execution.
[2023-09-19T12:01:30.005+0000] {base.py:73} INFO - Using connection ID 'postgres_con' for task execution.
[2023-09-19T12:01:30.116+0000] {base.py:73} INFO - Using connection ID 'postgres_con' for task execution.
[2023-09-19T12:01:30.225+0000] {base.py:73} INFO - Using connection ID 'postgres_con' for task execution.
[2023-09-19T12:01:30.338+0000] {base.py:73} INFO - Using connection ID 'postgres_con' for task execution.
[2023-09-19T12:01:30.449+0000] {base.py:73} INFO - Using connection ID 'postgres_con' for task execution.
[2023-09-19T12:01:30.565+0000] {base.py:73} INFO - Using connection ID 'postgres_con' for task execution.
[2023-09-19T12:01:30.677+0000] {base.py:73} INFO - Using connection ID 'postgres_con' for task execution.
[2023-09-19T12:01:30.787+0000] {base.py:73} INFO - Using connection ID 'postgres_con' for task execution.
[2023-09-19T12:01:30.886+0000] {base.py:73} INFO - Using connection ID 'postgres_con' for task execution.
[2023-09-19T12:01:30.987+0000] {base.py:73} INFO - Using connection ID 'postgres_con' for task execution.
[2023-09-19T12:01:31.078+0000] {base.py:73} INFO - Using connection ID 'postgres_con' for task execution.
[2023-09-19T12:01:31.163+0000] {base.py:73} INFO - Using connection ID 'postgres_con' for task execution.
[2023-09-19T12:01:31.244+0000] {base.py:73} INFO - Using connection ID 'postgres_con' for task execution.
[2023-09-19T12:01:31.326+0000] {base.py:73} INFO - Using connection ID 'postgres_con' for task execution.
[2023-09-19T12:01:31.418+0000] {base.py:73} INFO - Using connection ID 'postgres_con' for task execution.
[2023-09-19T12:01:31.499+0000] {base.py:73} INFO - Using connection ID 'postgres_con' for task execution.
[2023-09-19T12:01:31.582+0000] {base.py:73} INFO - Using connection ID 'postgres_con' for task execution.
[2023-09-19T12:01:31.671+0000] {base.py:73} INFO - Using connection ID 'postgres_con' for task execution.
[2023-09-19T12:01:31.755+0000] {base.py:73} INFO - Using connection ID 'postgres_con' for task execution.
[2023-09-19T12:01:31.836+0000] {base.py:73} INFO - Using connection ID 'postgres_con' for task execution.
[2023-09-19T12:01:31.918+0000] {base.py:73} INFO - Using connection ID 'postgres_con' for task execution.
[2023-09-19T12:01:32.001+0000] {base.py:73} INFO - Using connection ID 'postgres_con' for task execution.
[2023-09-19T12:01:32.093+0000] {base.py:73} INFO - Using connection ID 'postgres_con' for task execution.
[2023-09-19T12:01:32.184+0000] {base.py:73} INFO - Using connection ID 'postgres_con' for task execution.
[2023-09-19T12:01:32.274+0000] {base.py:73} INFO - Using connection ID 'postgres_con' for task execution.
[2023-09-19T12:01:32.363+0000] {base.py:73} INFO - Using connection ID 'postgres_con' for task execution.
[2023-09-19T12:01:32.455+0000] {base.py:73} INFO - Using connection ID 'postgres_con' for task execution.
[2023-09-19T12:01:32.537+0000] {base.py:73} INFO - Using connection ID 'postgres_con' for task execution.
[2023-09-19T12:01:32.620+0000] {base.py:73} INFO - Using connection ID 'postgres_con' for task execution.
[2023-09-19T12:01:32.710+0000] {base.py:73} INFO - Using connection ID 'postgres_con' for task execution.
[2023-09-19T12:01:32.792+0000] {base.py:73} INFO - Using connection ID 'postgres_con' for task execution.
[2023-09-19T12:01:32.873+0000] {base.py:73} INFO - Using connection ID 'postgres_con' for task execution.
[2023-09-19T12:01:32.954+0000] {base.py:73} INFO - Using connection ID 'postgres_con' for task execution.
[2023-09-19T12:01:33.036+0000] {base.py:73} INFO - Using connection ID 'postgres_con' for task execution.
[2023-09-19T12:01:33.117+0000] {base.py:73} INFO - Using connection ID 'postgres_con' for task execution.
[2023-09-19T12:01:33.199+0000] {base.py:73} INFO - Using connection ID 'postgres_con' for task execution.
[2023-09-19T12:01:33.280+0000] {base.py:73} INFO - Using connection ID 'postgres_con' for task execution.
[2023-09-19T12:01:33.362+0000] {base.py:73} INFO - Using connection ID 'postgres_con' for task execution.
[2023-09-19T12:01:33.443+0000] {base.py:73} INFO - Using connection ID 'postgres_con' for task execution.
[2023-09-19T12:01:33.533+0000] {base.py:73} INFO - Using connection ID 'postgres_con' for task execution.
[2023-09-19T12:01:33.614+0000] {base.py:73} INFO - Using connection ID 'postgres_con' for task execution.
[2023-09-19T12:01:33.697+0000] {base.py:73} INFO - Using connection ID 'postgres_con' for task execution.
[2023-09-19T12:01:33.777+0000] {base.py:73} INFO - Using connection ID 'postgres_con' for task execution.
[2023-09-19T12:01:33.858+0000] {base.py:73} INFO - Using connection ID 'postgres_con' for task execution.
[2023-09-19T12:01:33.938+0000] {base.py:73} INFO - Using connection ID 'postgres_con' for task execution.
[2023-09-19T12:01:34.019+0000] {base.py:73} INFO - Using connection ID 'postgres_con' for task execution.
[2023-09-19T12:01:34.101+0000] {base.py:73} INFO - Using connection ID 'postgres_con' for task execution.
[2023-09-19T12:01:34.182+0000] {base.py:73} INFO - Using connection ID 'postgres_con' for task execution.
[2023-09-19T12:01:34.262+0000] {base.py:73} INFO - Using connection ID 'postgres_con' for task execution.
[2023-09-19T12:01:34.343+0000] {base.py:73} INFO - Using connection ID 'postgres_con' for task execution.
[2023-09-19T12:01:34.424+0000] {base.py:73} INFO - Using connection ID 'postgres_con' for task execution.
[2023-09-19T12:01:34.512+0000] {base.py:73} INFO - Using connection ID 'postgres_con' for task execution.
[2023-09-19T12:01:34.610+0000] {base.py:73} INFO - Using connection ID 'postgres_con' for task execution.
[2023-09-19T12:01:34.697+0000] {base.py:73} INFO - Using connection ID 'postgres_con' for task execution.
[2023-09-19T12:01:34.776+0000] {base.py:73} INFO - Using connection ID 'postgres_con' for task execution.
[2023-09-19T12:01:34.856+0000] {base.py:73} INFO - Using connection ID 'postgres_con' for task execution.
[2023-09-19T12:01:34.936+0000] {base.py:73} INFO - Using connection ID 'postgres_con' for task execution.
[2023-09-19T12:01:35.016+0000] {base.py:73} INFO - Using connection ID 'postgres_con' for task execution.
[2023-09-19T12:01:35.098+0000] {base.py:73} INFO - Using connection ID 'postgres_con' for task execution.
[2023-09-19T12:01:35.178+0000] {base.py:73} INFO - Using connection ID 'postgres_con' for task execution.
[2023-09-19T12:01:35.258+0000] {base.py:73} INFO - Using connection ID 'postgres_con' for task execution.
[2023-09-19T12:01:35.339+0000] {base.py:73} INFO - Using connection ID 'postgres_con' for task execution.
[2023-09-19T12:01:35.420+0000] {base.py:73} INFO - Using connection ID 'postgres_con' for task execution.
[2023-09-19T12:01:35.501+0000] {base.py:73} INFO - Using connection ID 'postgres_con' for task execution.
[2023-09-19T12:01:35.586+0000] {base.py:73} INFO - Using connection ID 'postgres_con' for task execution.
[2023-09-19T12:01:35.669+0000] {base.py:73} INFO - Using connection ID 'postgres_con' for task execution.
[2023-09-19T12:01:35.749+0000] {base.py:73} INFO - Using connection ID 'postgres_con' for task execution.
[2023-09-19T12:01:35.830+0000] {base.py:73} INFO - Using connection ID 'postgres_con' for task execution.
[2023-09-19T12:01:35.909+0000] {base.py:73} INFO - Using connection ID 'postgres_con' for task execution.
[2023-09-19T12:01:35.989+0000] {base.py:73} INFO - Using connection ID 'postgres_con' for task execution.
[2023-09-19T12:01:36.069+0000] {base.py:73} INFO - Using connection ID 'postgres_con' for task execution.
[2023-09-19T12:01:36.149+0000] {base.py:73} INFO - Using connection ID 'postgres_con' for task execution.
[2023-09-19T12:01:36.229+0000] {base.py:73} INFO - Using connection ID 'postgres_con' for task execution.
[2023-09-19T12:01:36.309+0000] {base.py:73} INFO - Using connection ID 'postgres_con' for task execution.
[2023-09-19T12:01:36.390+0000] {base.py:73} INFO - Using connection ID 'postgres_con' for task execution.
[2023-09-19T12:01:36.469+0000] {base.py:73} INFO - Using connection ID 'postgres_con' for task execution.
[2023-09-19T12:01:36.549+0000] {base.py:73} INFO - Using connection ID 'postgres_con' for task execution.
[2023-09-19T12:01:36.635+0000] {base.py:73} INFO - Using connection ID 'postgres_con' for task execution.
[2023-09-19T12:01:36.742+0000] {base.py:73} INFO - Using connection ID 'postgres_con' for task execution.
[2023-09-19T12:01:36.826+0000] {base.py:73} INFO - Using connection ID 'postgres_con' for task execution.
[2023-09-19T12:01:36.913+0000] {base.py:73} INFO - Using connection ID 'postgres_con' for task execution.
[2023-09-19T12:01:36.996+0000] {base.py:73} INFO - Using connection ID 'postgres_con' for task execution.
[2023-09-19T12:01:37.082+0000] {base.py:73} INFO - Using connection ID 'postgres_con' for task execution.
[2023-09-19T12:01:37.162+0000] {base.py:73} INFO - Using connection ID 'postgres_con' for task execution.
[2023-09-19T12:01:37.277+0000] {base.py:73} INFO - Using connection ID 'postgres_con' for task execution.
[2023-09-19T12:01:37.371+0000] {base.py:73} INFO - Using connection ID 'postgres_con' for task execution.
[2023-09-19T12:01:37.457+0000] {base.py:73} INFO - Using connection ID 'postgres_con' for task execution.
[2023-09-19T12:01:37.550+0000] {base.py:73} INFO - Using connection ID 'postgres_con' for task execution.
[2023-09-19T12:01:37.629+0000] {base.py:73} INFO - Using connection ID 'postgres_con' for task execution.
[2023-09-19T12:01:37.714+0000] {base.py:73} INFO - Using connection ID 'postgres_con' for task execution.
[2023-09-19T12:01:37.797+0000] {base.py:73} INFO - Using connection ID 'postgres_con' for task execution.
[2023-09-19T12:01:37.876+0000] {base.py:73} INFO - Using connection ID 'postgres_con' for task execution.
[2023-09-19T12:01:37.955+0000] {base.py:73} INFO - Using connection ID 'postgres_con' for task execution.
[2023-09-19T12:01:38.034+0000] {base.py:73} INFO - Using connection ID 'postgres_con' for task execution.
[2023-09-19T12:01:38.114+0000] {base.py:73} INFO - Using connection ID 'postgres_con' for task execution.
[2023-09-19T12:01:38.193+0000] {base.py:73} INFO - Using connection ID 'postgres_con' for task execution.
[2023-09-19T12:01:38.273+0000] {base.py:73} INFO - Using connection ID 'postgres_con' for task execution.
[2023-09-19T12:01:38.359+0000] {base.py:73} INFO - Using connection ID 'postgres_con' for task execution.
[2023-09-19T12:01:38.439+0000] {base.py:73} INFO - Using connection ID 'postgres_con' for task execution.
[2023-09-19T12:01:38.518+0000] {base.py:73} INFO - Using connection ID 'postgres_con' for task execution.
[2023-09-19T12:01:38.597+0000] {base.py:73} INFO - Using connection ID 'postgres_con' for task execution.
[2023-09-19T12:01:38.676+0000] {base.py:73} INFO - Using connection ID 'postgres_con' for task execution.
[2023-09-19T12:01:38.757+0000] {base.py:73} INFO - Using connection ID 'postgres_con' for task execution.
[2023-09-19T12:01:38.837+0000] {base.py:73} INFO - Using connection ID 'postgres_con' for task execution.
[2023-09-19T12:01:38.915+0000] {base.py:73} INFO - Using connection ID 'postgres_con' for task execution.
[2023-09-19T12:01:38.994+0000] {base.py:73} INFO - Using connection ID 'postgres_con' for task execution.
[2023-09-19T12:01:39.073+0000] {base.py:73} INFO - Using connection ID 'postgres_con' for task execution.
[2023-09-19T12:01:39.152+0000] {base.py:73} INFO - Using connection ID 'postgres_con' for task execution.
[2023-09-19T12:01:39.230+0000] {base.py:73} INFO - Using connection ID 'postgres_con' for task execution.
[2023-09-19T12:01:39.309+0000] {base.py:73} INFO - Using connection ID 'postgres_con' for task execution.
[2023-09-19T12:01:39.389+0000] {base.py:73} INFO - Using connection ID 'postgres_con' for task execution.
[2023-09-19T12:01:39.474+0000] {base.py:73} INFO - Using connection ID 'postgres_con' for task execution.
[2023-09-19T12:01:39.556+0000] {base.py:73} INFO - Using connection ID 'postgres_con' for task execution.
[2023-09-19T12:01:39.641+0000] {base.py:73} INFO - Using connection ID 'postgres_con' for task execution.
[2023-09-19T12:01:39.720+0000] {base.py:73} INFO - Using connection ID 'postgres_con' for task execution.
[2023-09-19T12:01:39.801+0000] {base.py:73} INFO - Using connection ID 'postgres_con' for task execution.
[2023-09-19T12:01:39.879+0000] {base.py:73} INFO - Using connection ID 'postgres_con' for task execution.
[2023-09-19T12:01:39.957+0000] {base.py:73} INFO - Using connection ID 'postgres_con' for task execution.
[2023-09-19T12:01:40.037+0000] {base.py:73} INFO - Using connection ID 'postgres_con' for task execution.
[2023-09-19T12:01:40.116+0000] {base.py:73} INFO - Using connection ID 'postgres_con' for task execution.
[2023-09-19T12:01:40.195+0000] {base.py:73} INFO - Using connection ID 'postgres_con' for task execution.
[2023-09-19T12:01:40.273+0000] {base.py:73} INFO - Using connection ID 'postgres_con' for task execution.
[2023-09-19T12:01:40.351+0000] {base.py:73} INFO - Using connection ID 'postgres_con' for task execution.
[2023-09-19T12:01:40.432+0000] {base.py:73} INFO - Using connection ID 'postgres_con' for task execution.
[2023-09-19T12:01:40.527+0000] {base.py:73} INFO - Using connection ID 'postgres_con' for task execution.
[2023-09-19T12:01:40.604+0000] {base.py:73} INFO - Using connection ID 'postgres_con' for task execution.
[2023-09-19T12:01:40.690+0000] {base.py:73} INFO - Using connection ID 'postgres_con' for task execution.
[2023-09-19T12:01:40.770+0000] {base.py:73} INFO - Using connection ID 'postgres_con' for task execution.
[2023-09-19T12:01:40.848+0000] {base.py:73} INFO - Using connection ID 'postgres_con' for task execution.
[2023-09-19T12:01:40.926+0000] {base.py:73} INFO - Using connection ID 'postgres_con' for task execution.
[2023-09-19T12:01:41.004+0000] {base.py:73} INFO - Using connection ID 'postgres_con' for task execution.
[2023-09-19T12:01:41.082+0000] {base.py:73} INFO - Using connection ID 'postgres_con' for task execution.
[2023-09-19T12:01:41.160+0000] {base.py:73} INFO - Using connection ID 'postgres_con' for task execution.
[2023-09-19T12:01:41.238+0000] {base.py:73} INFO - Using connection ID 'postgres_con' for task execution.
[2023-09-19T12:01:41.315+0000] {base.py:73} INFO - Using connection ID 'postgres_con' for task execution.
[2023-09-19T12:01:41.393+0000] {base.py:73} INFO - Using connection ID 'postgres_con' for task execution.
[2023-09-19T12:01:41.470+0000] {base.py:73} INFO - Using connection ID 'postgres_con' for task execution.
[2023-09-19T12:01:41.548+0000] {base.py:73} INFO - Using connection ID 'postgres_con' for task execution.
[2023-09-19T12:01:41.626+0000] {base.py:73} INFO - Using connection ID 'postgres_con' for task execution.
[2023-09-19T12:01:41.707+0000] {base.py:73} INFO - Using connection ID 'postgres_con' for task execution.
[2023-09-19T12:01:41.792+0000] {base.py:73} INFO - Using connection ID 'postgres_con' for task execution.
[2023-09-19T12:01:41.869+0000] {base.py:73} INFO - Using connection ID 'postgres_con' for task execution.
[2023-09-19T12:01:41.947+0000] {base.py:73} INFO - Using connection ID 'postgres_con' for task execution.
[2023-09-19T12:01:42.024+0000] {base.py:73} INFO - Using connection ID 'postgres_con' for task execution.
[2023-09-19T12:01:42.102+0000] {base.py:73} INFO - Using connection ID 'postgres_con' for task execution.
[2023-09-19T12:01:42.180+0000] {base.py:73} INFO - Using connection ID 'postgres_con' for task execution.
[2023-09-19T12:01:42.259+0000] {base.py:73} INFO - Using connection ID 'postgres_con' for task execution.
[2023-09-19T12:01:42.337+0000] {base.py:73} INFO - Using connection ID 'postgres_con' for task execution.
[2023-09-19T12:01:42.414+0000] {base.py:73} INFO - Using connection ID 'postgres_con' for task execution.
[2023-09-19T12:01:42.521+0000] {base.py:73} INFO - Using connection ID 'postgres_con' for task execution.
[2023-09-19T12:01:42.621+0000] {base.py:73} INFO - Using connection ID 'postgres_con' for task execution.
[2023-09-19T12:01:42.715+0000] {base.py:73} INFO - Using connection ID 'postgres_con' for task execution.
[2023-09-19T12:01:42.820+0000] {base.py:73} INFO - Using connection ID 'postgres_con' for task execution.
[2023-09-19T12:01:42.914+0000] {base.py:73} INFO - Using connection ID 'postgres_con' for task execution.
[2023-09-19T12:01:43.005+0000] {base.py:73} INFO - Using connection ID 'postgres_con' for task execution.
[2023-09-19T12:01:43.101+0000] {base.py:73} INFO - Using connection ID 'postgres_con' for task execution.
[2023-09-19T12:01:43.193+0000] {base.py:73} INFO - Using connection ID 'postgres_con' for task execution.
[2023-09-19T12:01:43.286+0000] {base.py:73} INFO - Using connection ID 'postgres_con' for task execution.
[2023-09-19T12:01:43.379+0000] {base.py:73} INFO - Using connection ID 'postgres_con' for task execution.
[2023-09-19T12:01:43.473+0000] {base.py:73} INFO - Using connection ID 'postgres_con' for task execution.
[2023-09-19T12:01:43.586+0000] {base.py:73} INFO - Using connection ID 'postgres_con' for task execution.
[2023-09-19T12:01:43.680+0000] {base.py:73} INFO - Using connection ID 'postgres_con' for task execution.
[2023-09-19T12:01:43.773+0000] {base.py:73} INFO - Using connection ID 'postgres_con' for task execution.
[2023-09-19T12:01:43.866+0000] {base.py:73} INFO - Using connection ID 'postgres_con' for task execution.
[2023-09-19T12:01:43.961+0000] {base.py:73} INFO - Using connection ID 'postgres_con' for task execution.
[2023-09-19T12:01:44.057+0000] {base.py:73} INFO - Using connection ID 'postgres_con' for task execution.
[2023-09-19T12:01:44.154+0000] {base.py:73} INFO - Using connection ID 'postgres_con' for task execution.
[2023-09-19T12:01:44.253+0000] {base.py:73} INFO - Using connection ID 'postgres_con' for task execution.
[2023-09-19T12:01:44.355+0000] {base.py:73} INFO - Using connection ID 'postgres_con' for task execution.
[2023-09-19T12:01:44.449+0000] {base.py:73} INFO - Using connection ID 'postgres_con' for task execution.
[2023-09-19T12:01:44.542+0000] {base.py:73} INFO - Using connection ID 'postgres_con' for task execution.
[2023-09-19T12:01:44.655+0000] {base.py:73} INFO - Using connection ID 'postgres_con' for task execution.
[2023-09-19T12:01:44.761+0000] {base.py:73} INFO - Using connection ID 'postgres_con' for task execution.
[2023-09-19T12:01:44.865+0000] {base.py:73} INFO - Using connection ID 'postgres_con' for task execution.
[2023-09-19T12:01:44.965+0000] {base.py:73} INFO - Using connection ID 'postgres_con' for task execution.
[2023-09-19T12:01:45.064+0000] {base.py:73} INFO - Using connection ID 'postgres_con' for task execution.
[2023-09-19T12:01:45.159+0000] {base.py:73} INFO - Using connection ID 'postgres_con' for task execution.
[2023-09-19T12:01:45.264+0000] {base.py:73} INFO - Using connection ID 'postgres_con' for task execution.
[2023-09-19T12:01:45.372+0000] {base.py:73} INFO - Using connection ID 'postgres_con' for task execution.
[2023-09-19T12:01:45.483+0000] {base.py:73} INFO - Using connection ID 'postgres_con' for task execution.
[2023-09-19T12:01:45.583+0000] {base.py:73} INFO - Using connection ID 'postgres_con' for task execution.
[2023-09-19T12:01:45.671+0000] {base.py:73} INFO - Using connection ID 'postgres_con' for task execution.
[2023-09-19T12:01:45.757+0000] {base.py:73} INFO - Using connection ID 'postgres_con' for task execution.
[2023-09-19T12:01:45.838+0000] {base.py:73} INFO - Using connection ID 'postgres_con' for task execution.
[2023-09-19T12:01:45.918+0000] {base.py:73} INFO - Using connection ID 'postgres_con' for task execution.
[2023-09-19T12:01:45.996+0000] {base.py:73} INFO - Using connection ID 'postgres_con' for task execution.
[2023-09-19T12:01:46.074+0000] {base.py:73} INFO - Using connection ID 'postgres_con' for task execution.
[2023-09-19T12:01:46.151+0000] {base.py:73} INFO - Using connection ID 'postgres_con' for task execution.
[2023-09-19T12:01:46.229+0000] {base.py:73} INFO - Using connection ID 'postgres_con' for task execution.
[2023-09-19T12:01:46.307+0000] {base.py:73} INFO - Using connection ID 'postgres_con' for task execution.
[2023-09-19T12:01:46.385+0000] {base.py:73} INFO - Using connection ID 'postgres_con' for task execution.
[2023-09-19T12:01:46.465+0000] {base.py:73} INFO - Using connection ID 'postgres_con' for task execution.
[2023-09-19T12:01:46.558+0000] {base.py:73} INFO - Using connection ID 'postgres_con' for task execution.
[2023-09-19T12:01:46.636+0000] {base.py:73} INFO - Using connection ID 'postgres_con' for task execution.
[2023-09-19T12:01:46.714+0000] {base.py:73} INFO - Using connection ID 'postgres_con' for task execution.
[2023-09-19T12:01:46.802+0000] {base.py:73} INFO - Using connection ID 'postgres_con' for task execution.
[2023-09-19T12:01:46.898+0000] {base.py:73} INFO - Using connection ID 'postgres_con' for task execution.
[2023-09-19T12:01:46.977+0000] {base.py:73} INFO - Using connection ID 'postgres_con' for task execution.
[2023-09-19T12:01:47.066+0000] {base.py:73} INFO - Using connection ID 'postgres_con' for task execution.
[2023-09-19T12:01:47.149+0000] {base.py:73} INFO - Using connection ID 'postgres_con' for task execution.
[2023-09-19T12:01:47.230+0000] {base.py:73} INFO - Using connection ID 'postgres_con' for task execution.
[2023-09-19T12:01:47.306+0000] {base.py:73} INFO - Using connection ID 'postgres_con' for task execution.
[2023-09-19T12:01:47.383+0000] {base.py:73} INFO - Using connection ID 'postgres_con' for task execution.
[2023-09-19T12:01:47.460+0000] {base.py:73} INFO - Using connection ID 'postgres_con' for task execution.
[2023-09-19T12:01:47.536+0000] {base.py:73} INFO - Using connection ID 'postgres_con' for task execution.
[2023-09-19T12:01:47.611+0000] {base.py:73} INFO - Using connection ID 'postgres_con' for task execution.
[2023-09-19T12:01:47.687+0000] {base.py:73} INFO - Using connection ID 'postgres_con' for task execution.
[2023-09-19T12:01:47.762+0000] {base.py:73} INFO - Using connection ID 'postgres_con' for task execution.
[2023-09-19T12:01:47.838+0000] {base.py:73} INFO - Using connection ID 'postgres_con' for task execution.
[2023-09-19T12:01:47.918+0000] {base.py:73} INFO - Using connection ID 'postgres_con' for task execution.
[2023-09-19T12:01:47.996+0000] {base.py:73} INFO - Using connection ID 'postgres_con' for task execution.
[2023-09-19T12:01:48.072+0000] {base.py:73} INFO - Using connection ID 'postgres_con' for task execution.
[2023-09-19T12:01:48.147+0000] {base.py:73} INFO - Using connection ID 'postgres_con' for task execution.
[2023-09-19T12:01:48.223+0000] {base.py:73} INFO - Using connection ID 'postgres_con' for task execution.
[2023-09-19T12:01:48.298+0000] {base.py:73} INFO - Using connection ID 'postgres_con' for task execution.
[2023-09-19T12:01:48.373+0000] {base.py:73} INFO - Using connection ID 'postgres_con' for task execution.
[2023-09-19T12:01:48.449+0000] {base.py:73} INFO - Using connection ID 'postgres_con' for task execution.
[2023-09-19T12:01:48.525+0000] {base.py:73} INFO - Using connection ID 'postgres_con' for task execution.
[2023-09-19T12:01:48.601+0000] {base.py:73} INFO - Using connection ID 'postgres_con' for task execution.
[2023-09-19T12:01:48.681+0000] {base.py:73} INFO - Using connection ID 'postgres_con' for task execution.
[2023-09-19T12:01:48.756+0000] {base.py:73} INFO - Using connection ID 'postgres_con' for task execution.
[2023-09-19T12:01:48.831+0000] {base.py:73} INFO - Using connection ID 'postgres_con' for task execution.
[2023-09-19T12:01:48.908+0000] {base.py:73} INFO - Using connection ID 'postgres_con' for task execution.
[2023-09-19T12:01:48.988+0000] {base.py:73} INFO - Using connection ID 'postgres_con' for task execution.
[2023-09-19T12:01:49.066+0000] {base.py:73} INFO - Using connection ID 'postgres_con' for task execution.
[2023-09-19T12:01:49.142+0000] {base.py:73} INFO - Using connection ID 'postgres_con' for task execution.
[2023-09-19T12:01:49.217+0000] {base.py:73} INFO - Using connection ID 'postgres_con' for task execution.
[2023-09-19T12:01:49.292+0000] {base.py:73} INFO - Using connection ID 'postgres_con' for task execution.
[2023-09-19T12:01:49.367+0000] {base.py:73} INFO - Using connection ID 'postgres_con' for task execution.
[2023-09-19T12:01:49.442+0000] {base.py:73} INFO - Using connection ID 'postgres_con' for task execution.
[2023-09-19T12:01:49.517+0000] {base.py:73} INFO - Using connection ID 'postgres_con' for task execution.
[2023-09-19T12:01:49.593+0000] {base.py:73} INFO - Using connection ID 'postgres_con' for task execution.
[2023-09-19T12:01:49.668+0000] {base.py:73} INFO - Using connection ID 'postgres_con' for task execution.
[2023-09-19T12:01:49.747+0000] {base.py:73} INFO - Using connection ID 'postgres_con' for task execution.
[2023-09-19T12:01:49.825+0000] {base.py:73} INFO - Using connection ID 'postgres_con' for task execution.
[2023-09-19T12:01:49.900+0000] {base.py:73} INFO - Using connection ID 'postgres_con' for task execution.
[2023-09-19T12:01:49.979+0000] {base.py:73} INFO - Using connection ID 'postgres_con' for task execution.
[2023-09-19T12:01:50.053+0000] {base.py:73} INFO - Using connection ID 'postgres_con' for task execution.
[2023-09-19T12:01:50.127+0000] {base.py:73} INFO - Using connection ID 'postgres_con' for task execution.
[2023-09-19T12:01:50.202+0000] {base.py:73} INFO - Using connection ID 'postgres_con' for task execution.
[2023-09-19T12:01:50.277+0000] {base.py:73} INFO - Using connection ID 'postgres_con' for task execution.
[2023-09-19T12:01:50.352+0000] {base.py:73} INFO - Using connection ID 'postgres_con' for task execution.
[2023-09-19T12:01:50.426+0000] {base.py:73} INFO - Using connection ID 'postgres_con' for task execution.
[2023-09-19T12:01:50.500+0000] {base.py:73} INFO - Using connection ID 'postgres_con' for task execution.
[2023-09-19T12:01:50.574+0000] {base.py:73} INFO - Using connection ID 'postgres_con' for task execution.
[2023-09-19T12:01:50.649+0000] {base.py:73} INFO - Using connection ID 'postgres_con' for task execution.
[2023-09-19T12:01:50.722+0000] {base.py:73} INFO - Using connection ID 'postgres_con' for task execution.
[2023-09-19T12:01:50.798+0000] {base.py:73} INFO - Using connection ID 'postgres_con' for task execution.
[2023-09-19T12:01:50.878+0000] {base.py:73} INFO - Using connection ID 'postgres_con' for task execution.
[2023-09-19T12:01:50.953+0000] {base.py:73} INFO - Using connection ID 'postgres_con' for task execution.
[2023-09-19T12:01:51.027+0000] {base.py:73} INFO - Using connection ID 'postgres_con' for task execution.
[2023-09-19T12:01:51.101+0000] {base.py:73} INFO - Using connection ID 'postgres_con' for task execution.
[2023-09-19T12:01:51.177+0000] {base.py:73} INFO - Using connection ID 'postgres_con' for task execution.
[2023-09-19T12:01:51.251+0000] {base.py:73} INFO - Using connection ID 'postgres_con' for task execution.
[2023-09-19T12:01:51.325+0000] {base.py:73} INFO - Using connection ID 'postgres_con' for task execution.
[2023-09-19T12:01:51.400+0000] {base.py:73} INFO - Using connection ID 'postgres_con' for task execution.
[2023-09-19T12:01:51.474+0000] {base.py:73} INFO - Using connection ID 'postgres_con' for task execution.
[2023-09-19T12:01:51.548+0000] {base.py:73} INFO - Using connection ID 'postgres_con' for task execution.
[2023-09-19T12:01:51.622+0000] {base.py:73} INFO - Using connection ID 'postgres_con' for task execution.
[2023-09-19T12:01:51.696+0000] {base.py:73} INFO - Using connection ID 'postgres_con' for task execution.
[2023-09-19T12:01:51.769+0000] {base.py:73} INFO - Using connection ID 'postgres_con' for task execution.
[2023-09-19T12:01:51.843+0000] {base.py:73} INFO - Using connection ID 'postgres_con' for task execution.
[2023-09-19T12:01:51.926+0000] {base.py:73} INFO - Using connection ID 'postgres_con' for task execution.
[2023-09-19T12:01:52.002+0000] {base.py:73} INFO - Using connection ID 'postgres_con' for task execution.
[2023-09-19T12:01:52.076+0000] {base.py:73} INFO - Using connection ID 'postgres_con' for task execution.
[2023-09-19T12:01:52.150+0000] {base.py:73} INFO - Using connection ID 'postgres_con' for task execution.
[2023-09-19T12:01:52.224+0000] {base.py:73} INFO - Using connection ID 'postgres_con' for task execution.
[2023-09-19T12:01:52.298+0000] {base.py:73} INFO - Using connection ID 'postgres_con' for task execution.
[2023-09-19T12:01:52.380+0000] {base.py:73} INFO - Using connection ID 'postgres_con' for task execution.
[2023-09-19T12:01:52.465+0000] {base.py:73} INFO - Using connection ID 'postgres_con' for task execution.
[2023-09-19T12:01:52.538+0000] {base.py:73} INFO - Using connection ID 'postgres_con' for task execution.
[2023-09-19T12:01:52.612+0000] {base.py:73} INFO - Using connection ID 'postgres_con' for task execution.
[2023-09-19T12:01:52.686+0000] {base.py:73} INFO - Using connection ID 'postgres_con' for task execution.
[2023-09-19T12:01:52.760+0000] {base.py:73} INFO - Using connection ID 'postgres_con' for task execution.
[2023-09-19T12:01:52.833+0000] {base.py:73} INFO - Using connection ID 'postgres_con' for task execution.
[2023-09-19T12:01:52.907+0000] {base.py:73} INFO - Using connection ID 'postgres_con' for task execution.
[2023-09-19T12:01:52.990+0000] {base.py:73} INFO - Using connection ID 'postgres_con' for task execution.
[2023-09-19T12:01:53.062+0000] {base.py:73} INFO - Using connection ID 'postgres_con' for task execution.
[2023-09-19T12:01:53.136+0000] {base.py:73} INFO - Using connection ID 'postgres_con' for task execution.
[2023-09-19T12:01:53.210+0000] {base.py:73} INFO - Using connection ID 'postgres_con' for task execution.
[2023-09-19T12:01:53.283+0000] {base.py:73} INFO - Using connection ID 'postgres_con' for task execution.
[2023-09-19T12:01:53.357+0000] {base.py:73} INFO - Using connection ID 'postgres_con' for task execution.
[2023-09-19T12:01:53.437+0000] {base.py:73} INFO - Using connection ID 'postgres_con' for task execution.
[2023-09-19T12:01:53.510+0000] {base.py:73} INFO - Using connection ID 'postgres_con' for task execution.
[2023-09-19T12:01:53.584+0000] {base.py:73} INFO - Using connection ID 'postgres_con' for task execution.
[2023-09-19T12:01:53.663+0000] {base.py:73} INFO - Using connection ID 'postgres_con' for task execution.
[2023-09-19T12:01:53.736+0000] {base.py:73} INFO - Using connection ID 'postgres_con' for task execution.
[2023-09-19T12:01:53.808+0000] {base.py:73} INFO - Using connection ID 'postgres_con' for task execution.
[2023-09-19T12:01:53.881+0000] {base.py:73} INFO - Using connection ID 'postgres_con' for task execution.
[2023-09-19T12:01:53.953+0000] {base.py:73} INFO - Using connection ID 'postgres_con' for task execution.
[2023-09-19T12:01:54.028+0000] {base.py:73} INFO - Using connection ID 'postgres_con' for task execution.
[2023-09-19T12:01:54.100+0000] {base.py:73} INFO - Using connection ID 'postgres_con' for task execution.
[2023-09-19T12:01:54.183+0000] {base.py:73} INFO - Using connection ID 'postgres_con' for task execution.
[2023-09-19T12:01:54.273+0000] {base.py:73} INFO - Using connection ID 'postgres_con' for task execution.
[2023-09-19T12:01:54.357+0000] {base.py:73} INFO - Using connection ID 'postgres_con' for task execution.
[2023-09-19T12:01:54.434+0000] {base.py:73} INFO - Using connection ID 'postgres_con' for task execution.
[2023-09-19T12:01:54.520+0000] {base.py:73} INFO - Using connection ID 'postgres_con' for task execution.
[2023-09-19T12:01:54.611+0000] {base.py:73} INFO - Using connection ID 'postgres_con' for task execution.
[2023-09-19T12:01:54.696+0000] {base.py:73} INFO - Using connection ID 'postgres_con' for task execution.
[2023-09-19T12:01:54.771+0000] {base.py:73} INFO - Using connection ID 'postgres_con' for task execution.
[2023-09-19T12:01:54.850+0000] {base.py:73} INFO - Using connection ID 'postgres_con' for task execution.
[2023-09-19T12:01:54.923+0000] {base.py:73} INFO - Using connection ID 'postgres_con' for task execution.
[2023-09-19T12:01:54.994+0000] {base.py:73} INFO - Using connection ID 'postgres_con' for task execution.
[2023-09-19T12:01:55.069+0000] {base.py:73} INFO - Using connection ID 'postgres_con' for task execution.
[2023-09-19T12:01:55.141+0000] {base.py:73} INFO - Using connection ID 'postgres_con' for task execution.
[2023-09-19T12:01:55.214+0000] {base.py:73} INFO - Using connection ID 'postgres_con' for task execution.
[2023-09-19T12:01:55.286+0000] {base.py:73} INFO - Using connection ID 'postgres_con' for task execution.
[2023-09-19T12:01:55.358+0000] {base.py:73} INFO - Using connection ID 'postgres_con' for task execution.
[2023-09-19T12:01:55.430+0000] {base.py:73} INFO - Using connection ID 'postgres_con' for task execution.
[2023-09-19T12:01:55.502+0000] {base.py:73} INFO - Using connection ID 'postgres_con' for task execution.
[2023-09-19T12:01:55.575+0000] {base.py:73} INFO - Using connection ID 'postgres_con' for task execution.
[2023-09-19T12:01:55.647+0000] {base.py:73} INFO - Using connection ID 'postgres_con' for task execution.
[2023-09-19T12:01:55.720+0000] {base.py:73} INFO - Using connection ID 'postgres_con' for task execution.
[2023-09-19T12:01:55.791+0000] {base.py:73} INFO - Using connection ID 'postgres_con' for task execution.
[2023-09-19T12:01:55.864+0000] {base.py:73} INFO - Using connection ID 'postgres_con' for task execution.
[2023-09-19T12:01:55.941+0000] {base.py:73} INFO - Using connection ID 'postgres_con' for task execution.
[2023-09-19T12:01:56.012+0000] {base.py:73} INFO - Using connection ID 'postgres_con' for task execution.
[2023-09-19T12:01:56.086+0000] {base.py:73} INFO - Using connection ID 'postgres_con' for task execution.
[2023-09-19T12:01:56.158+0000] {base.py:73} INFO - Using connection ID 'postgres_con' for task execution.
[2023-09-19T12:01:56.230+0000] {base.py:73} INFO - Using connection ID 'postgres_con' for task execution.
[2023-09-19T12:01:56.302+0000] {base.py:73} INFO - Using connection ID 'postgres_con' for task execution.
[2023-09-19T12:01:56.373+0000] {base.py:73} INFO - Using connection ID 'postgres_con' for task execution.
[2023-09-19T12:01:56.445+0000] {base.py:73} INFO - Using connection ID 'postgres_con' for task execution.
[2023-09-19T12:01:56.516+0000] {base.py:73} INFO - Using connection ID 'postgres_con' for task execution.
[2023-09-19T12:01:56.587+0000] {base.py:73} INFO - Using connection ID 'postgres_con' for task execution.
[2023-09-19T12:01:56.663+0000] {base.py:73} INFO - Using connection ID 'postgres_con' for task execution.
[2023-09-19T12:01:56.745+0000] {base.py:73} INFO - Using connection ID 'postgres_con' for task execution.
[2023-09-19T12:01:56.823+0000] {base.py:73} INFO - Using connection ID 'postgres_con' for task execution.
[2023-09-19T12:01:56.895+0000] {base.py:73} INFO - Using connection ID 'postgres_con' for task execution.
[2023-09-19T12:01:56.991+0000] {base.py:73} INFO - Using connection ID 'postgres_con' for task execution.
[2023-09-19T12:01:57.069+0000] {base.py:73} INFO - Using connection ID 'postgres_con' for task execution.
[2023-09-19T12:01:57.142+0000] {base.py:73} INFO - Using connection ID 'postgres_con' for task execution.
[2023-09-19T12:01:57.222+0000] {base.py:73} INFO - Using connection ID 'postgres_con' for task execution.
[2023-09-19T12:01:57.393+0000] {base.py:73} INFO - Using connection ID 'postgres_con' for task execution.
[2023-09-19T12:01:57.474+0000] {base.py:73} INFO - Using connection ID 'postgres_con' for task execution.
[2023-09-19T12:01:57.545+0000] {base.py:73} INFO - Using connection ID 'postgres_con' for task execution.
[2023-09-19T12:01:57.616+0000] {base.py:73} INFO - Using connection ID 'postgres_con' for task execution.
[2023-09-19T12:01:57.687+0000] {base.py:73} INFO - Using connection ID 'postgres_con' for task execution.
[2023-09-19T12:01:57.758+0000] {base.py:73} INFO - Using connection ID 'postgres_con' for task execution.
[2023-09-19T12:01:57.829+0000] {base.py:73} INFO - Using connection ID 'postgres_con' for task execution.
[2023-09-19T12:01:57.900+0000] {base.py:73} INFO - Using connection ID 'postgres_con' for task execution.
[2023-09-19T12:01:57.971+0000] {base.py:73} INFO - Using connection ID 'postgres_con' for task execution.
[2023-09-19T12:01:58.045+0000] {base.py:73} INFO - Using connection ID 'postgres_con' for task execution.
[2023-09-19T12:01:58.120+0000] {base.py:73} INFO - Using connection ID 'postgres_con' for task execution.
[2023-09-19T12:01:58.190+0000] {base.py:73} INFO - Using connection ID 'postgres_con' for task execution.
[2023-09-19T12:01:58.260+0000] {base.py:73} INFO - Using connection ID 'postgres_con' for task execution.
[2023-09-19T12:01:58.331+0000] {base.py:73} INFO - Using connection ID 'postgres_con' for task execution.
[2023-09-19T12:01:58.413+0000] {base.py:73} INFO - Using connection ID 'postgres_con' for task execution.
[2023-09-19T12:01:58.484+0000] {base.py:73} INFO - Using connection ID 'postgres_con' for task execution.
[2023-09-19T12:01:58.555+0000] {base.py:73} INFO - Using connection ID 'postgres_con' for task execution.
[2023-09-19T12:01:58.626+0000] {base.py:73} INFO - Using connection ID 'postgres_con' for task execution.
[2023-09-19T12:01:58.697+0000] {base.py:73} INFO - Using connection ID 'postgres_con' for task execution.
[2023-09-19T12:01:58.774+0000] {base.py:73} INFO - Using connection ID 'postgres_con' for task execution.
[2023-09-19T12:01:58.859+0000] {base.py:73} INFO - Using connection ID 'postgres_con' for task execution.
[2023-09-19T12:01:58.942+0000] {base.py:73} INFO - Using connection ID 'postgres_con' for task execution.
[2023-09-19T12:01:59.028+0000] {base.py:73} INFO - Using connection ID 'postgres_con' for task execution.
[2023-09-19T12:01:59.117+0000] {base.py:73} INFO - Using connection ID 'postgres_con' for task execution.
[2023-09-19T12:01:59.206+0000] {base.py:73} INFO - Using connection ID 'postgres_con' for task execution.
[2023-09-19T12:01:59.298+0000] {base.py:73} INFO - Using connection ID 'postgres_con' for task execution.
[2023-09-19T12:01:59.385+0000] {base.py:73} INFO - Using connection ID 'postgres_con' for task execution.
[2023-09-19T12:01:59.476+0000] {base.py:73} INFO - Using connection ID 'postgres_con' for task execution.
[2023-09-19T12:01:59.558+0000] {base.py:73} INFO - Using connection ID 'postgres_con' for task execution.
[2023-09-19T12:01:59.646+0000] {base.py:73} INFO - Using connection ID 'postgres_con' for task execution.
[2023-09-19T12:01:59.733+0000] {base.py:73} INFO - Using connection ID 'postgres_con' for task execution.
[2023-09-19T12:01:59.824+0000] {base.py:73} INFO - Using connection ID 'postgres_con' for task execution.
[2023-09-19T12:01:59.914+0000] {base.py:73} INFO - Using connection ID 'postgres_con' for task execution.
[2023-09-19T12:02:00.001+0000] {base.py:73} INFO - Using connection ID 'postgres_con' for task execution.
[2023-09-19T12:02:00.094+0000] {base.py:73} INFO - Using connection ID 'postgres_con' for task execution.
[2023-09-19T12:02:00.187+0000] {base.py:73} INFO - Using connection ID 'postgres_con' for task execution.
[2023-09-19T12:02:00.278+0000] {base.py:73} INFO - Using connection ID 'postgres_con' for task execution.
[2023-09-19T12:02:00.366+0000] {base.py:73} INFO - Using connection ID 'postgres_con' for task execution.
[2023-09-19T12:02:00.454+0000] {base.py:73} INFO - Using connection ID 'postgres_con' for task execution.
[2023-09-19T12:02:00.539+0000] {base.py:73} INFO - Using connection ID 'postgres_con' for task execution.
[2023-09-19T12:02:00.627+0000] {base.py:73} INFO - Using connection ID 'postgres_con' for task execution.
[2023-09-19T12:02:00.714+0000] {base.py:73} INFO - Using connection ID 'postgres_con' for task execution.
[2023-09-19T12:02:00.813+0000] {base.py:73} INFO - Using connection ID 'postgres_con' for task execution.
[2023-09-19T12:02:00.901+0000] {base.py:73} INFO - Using connection ID 'postgres_con' for task execution.
[2023-09-19T12:02:00.995+0000] {base.py:73} INFO - Using connection ID 'postgres_con' for task execution.
[2023-09-19T12:02:01.075+0000] {base.py:73} INFO - Using connection ID 'postgres_con' for task execution.
[2023-09-19T12:02:01.159+0000] {base.py:73} INFO - Using connection ID 'postgres_con' for task execution.
[2023-09-19T12:02:01.245+0000] {base.py:73} INFO - Using connection ID 'postgres_con' for task execution.
[2023-09-19T12:02:01.334+0000] {base.py:73} INFO - Using connection ID 'postgres_con' for task execution.
[2023-09-19T12:02:01.422+0000] {base.py:73} INFO - Using connection ID 'postgres_con' for task execution.
[2023-09-19T12:02:01.511+0000] {base.py:73} INFO - Using connection ID 'postgres_con' for task execution.
[2023-09-19T12:02:01.599+0000] {base.py:73} INFO - Using connection ID 'postgres_con' for task execution.
[2023-09-19T12:02:01.682+0000] {base.py:73} INFO - Using connection ID 'postgres_con' for task execution.
[2023-09-19T12:02:01.759+0000] {base.py:73} INFO - Using connection ID 'postgres_con' for task execution.
[2023-09-19T12:02:01.844+0000] {base.py:73} INFO - Using connection ID 'postgres_con' for task execution.
[2023-09-19T12:02:01.930+0000] {base.py:73} INFO - Using connection ID 'postgres_con' for task execution.
[2023-09-19T12:02:02.023+0000] {base.py:73} INFO - Using connection ID 'postgres_con' for task execution.
[2023-09-19T12:02:02.108+0000] {base.py:73} INFO - Using connection ID 'postgres_con' for task execution.
[2023-09-19T12:02:02.180+0000] {base.py:73} INFO - Using connection ID 'postgres_con' for task execution.
[2023-09-19T12:02:02.259+0000] {base.py:73} INFO - Using connection ID 'postgres_con' for task execution.
[2023-09-19T12:02:02.330+0000] {base.py:73} INFO - Using connection ID 'postgres_con' for task execution.
[2023-09-19T12:02:02.400+0000] {base.py:73} INFO - Using connection ID 'postgres_con' for task execution.
[2023-09-19T12:02:02.470+0000] {base.py:73} INFO - Using connection ID 'postgres_con' for task execution.
[2023-09-19T12:02:02.541+0000] {base.py:73} INFO - Using connection ID 'postgres_con' for task execution.
[2023-09-19T12:02:02.612+0000] {base.py:73} INFO - Using connection ID 'postgres_con' for task execution.
[2023-09-19T12:02:02.682+0000] {base.py:73} INFO - Using connection ID 'postgres_con' for task execution.
[2023-09-19T12:02:02.752+0000] {base.py:73} INFO - Using connection ID 'postgres_con' for task execution.
[2023-09-19T12:02:02.823+0000] {base.py:73} INFO - Using connection ID 'postgres_con' for task execution.
[2023-09-19T12:02:02.893+0000] {base.py:73} INFO - Using connection ID 'postgres_con' for task execution.
[2023-09-19T12:02:02.964+0000] {base.py:73} INFO - Using connection ID 'postgres_con' for task execution.
[2023-09-19T12:02:03.034+0000] {base.py:73} INFO - Using connection ID 'postgres_con' for task execution.
[2023-09-19T12:02:03.111+0000] {base.py:73} INFO - Using connection ID 'postgres_con' for task execution.
[2023-09-19T12:02:03.195+0000] {base.py:73} INFO - Using connection ID 'postgres_con' for task execution.
[2023-09-19T12:02:03.270+0000] {base.py:73} INFO - Using connection ID 'postgres_con' for task execution.
[2023-09-19T12:02:03.346+0000] {base.py:73} INFO - Using connection ID 'postgres_con' for task execution.
[2023-09-19T12:02:03.422+0000] {base.py:73} INFO - Using connection ID 'postgres_con' for task execution.
[2023-09-19T12:02:03.497+0000] {base.py:73} INFO - Using connection ID 'postgres_con' for task execution.
[2023-09-19T12:02:03.571+0000] {base.py:73} INFO - Using connection ID 'postgres_con' for task execution.
[2023-09-19T12:02:03.642+0000] {base.py:73} INFO - Using connection ID 'postgres_con' for task execution.
[2023-09-19T12:02:03.717+0000] {base.py:73} INFO - Using connection ID 'postgres_con' for task execution.
[2023-09-19T12:02:03.789+0000] {base.py:73} INFO - Using connection ID 'postgres_con' for task execution.
[2023-09-19T12:02:03.859+0000] {base.py:73} INFO - Using connection ID 'postgres_con' for task execution.
[2023-09-19T12:02:03.929+0000] {base.py:73} INFO - Using connection ID 'postgres_con' for task execution.
[2023-09-19T12:02:03.999+0000] {base.py:73} INFO - Using connection ID 'postgres_con' for task execution.
[2023-09-19T12:02:04.069+0000] {base.py:73} INFO - Using connection ID 'postgres_con' for task execution.
[2023-09-19T12:02:04.140+0000] {base.py:73} INFO - Using connection ID 'postgres_con' for task execution.
[2023-09-19T12:02:04.213+0000] {base.py:73} INFO - Using connection ID 'postgres_con' for task execution.
[2023-09-19T12:02:04.283+0000] {base.py:73} INFO - Using connection ID 'postgres_con' for task execution.
[2023-09-19T12:02:04.354+0000] {base.py:73} INFO - Using connection ID 'postgres_con' for task execution.
[2023-09-19T12:02:04.437+0000] {base.py:73} INFO - Using connection ID 'postgres_con' for task execution.
[2023-09-19T12:02:04.508+0000] {base.py:73} INFO - Using connection ID 'postgres_con' for task execution.
[2023-09-19T12:02:04.579+0000] {base.py:73} INFO - Using connection ID 'postgres_con' for task execution.
[2023-09-19T12:02:04.650+0000] {base.py:73} INFO - Using connection ID 'postgres_con' for task execution.
[2023-09-19T12:02:04.720+0000] {base.py:73} INFO - Using connection ID 'postgres_con' for task execution.
[2023-09-19T12:02:04.796+0000] {base.py:73} INFO - Using connection ID 'postgres_con' for task execution.
[2023-09-19T12:02:04.866+0000] {base.py:73} INFO - Using connection ID 'postgres_con' for task execution.
[2023-09-19T12:02:04.936+0000] {base.py:73} INFO - Using connection ID 'postgres_con' for task execution.
[2023-09-19T12:02:05.014+0000] {base.py:73} INFO - Using connection ID 'postgres_con' for task execution.
[2023-09-19T12:02:05.085+0000] {base.py:73} INFO - Using connection ID 'postgres_con' for task execution.
[2023-09-19T12:02:05.157+0000] {base.py:73} INFO - Using connection ID 'postgres_con' for task execution.
[2023-09-19T12:02:05.231+0000] {base.py:73} INFO - Using connection ID 'postgres_con' for task execution.
[2023-09-19T12:02:05.302+0000] {base.py:73} INFO - Using connection ID 'postgres_con' for task execution.
[2023-09-19T12:02:05.373+0000] {base.py:73} INFO - Using connection ID 'postgres_con' for task execution.
[2023-09-19T12:02:05.444+0000] {base.py:73} INFO - Using connection ID 'postgres_con' for task execution.
[2023-09-19T12:02:05.514+0000] {base.py:73} INFO - Using connection ID 'postgres_con' for task execution.
[2023-09-19T12:02:05.585+0000] {base.py:73} INFO - Using connection ID 'postgres_con' for task execution.
[2023-09-19T12:02:05.655+0000] {base.py:73} INFO - Using connection ID 'postgres_con' for task execution.
[2023-09-19T12:02:05.725+0000] {base.py:73} INFO - Using connection ID 'postgres_con' for task execution.
[2023-09-19T12:02:05.795+0000] {base.py:73} INFO - Using connection ID 'postgres_con' for task execution.
[2023-09-19T12:02:05.866+0000] {base.py:73} INFO - Using connection ID 'postgres_con' for task execution.
[2023-09-19T12:02:05.937+0000] {base.py:73} INFO - Using connection ID 'postgres_con' for task execution.
[2023-09-19T12:02:06.008+0000] {base.py:73} INFO - Using connection ID 'postgres_con' for task execution.
[2023-09-19T12:02:06.084+0000] {base.py:73} INFO - Using connection ID 'postgres_con' for task execution.
[2023-09-19T12:02:06.156+0000] {base.py:73} INFO - Using connection ID 'postgres_con' for task execution.
[2023-09-19T12:02:06.229+0000] {base.py:73} INFO - Using connection ID 'postgres_con' for task execution.
[2023-09-19T12:02:06.299+0000] {base.py:73} INFO - Using connection ID 'postgres_con' for task execution.
[2023-09-19T12:02:06.369+0000] {base.py:73} INFO - Using connection ID 'postgres_con' for task execution.
[2023-09-19T12:02:06.440+0000] {base.py:73} INFO - Using connection ID 'postgres_con' for task execution.
[2023-09-19T12:02:06.510+0000] {base.py:73} INFO - Using connection ID 'postgres_con' for task execution.
[2023-09-19T12:02:06.582+0000] {base.py:73} INFO - Using connection ID 'postgres_con' for task execution.
[2023-09-19T12:02:06.653+0000] {base.py:73} INFO - Using connection ID 'postgres_con' for task execution.
[2023-09-19T12:02:06.724+0000] {base.py:73} INFO - Using connection ID 'postgres_con' for task execution.
[2023-09-19T12:02:06.794+0000] {base.py:73} INFO - Using connection ID 'postgres_con' for task execution.
[2023-09-19T12:02:06.865+0000] {base.py:73} INFO - Using connection ID 'postgres_con' for task execution.
[2023-09-19T12:02:06.935+0000] {base.py:73} INFO - Using connection ID 'postgres_con' for task execution.
[2023-09-19T12:02:07.006+0000] {base.py:73} INFO - Using connection ID 'postgres_con' for task execution.
[2023-09-19T12:02:07.102+0000] {base.py:73} INFO - Using connection ID 'postgres_con' for task execution.
[2023-09-19T12:02:07.181+0000] {base.py:73} INFO - Using connection ID 'postgres_con' for task execution.
[2023-09-19T12:02:07.253+0000] {base.py:73} INFO - Using connection ID 'postgres_con' for task execution.
[2023-09-19T12:02:07.324+0000] {base.py:73} INFO - Using connection ID 'postgres_con' for task execution.
[2023-09-19T12:02:07.411+0000] {base.py:73} INFO - Using connection ID 'postgres_con' for task execution.
[2023-09-19T12:02:07.517+0000] {base.py:73} INFO - Using connection ID 'postgres_con' for task execution.
[2023-09-19T12:02:07.601+0000] {base.py:73} INFO - Using connection ID 'postgres_con' for task execution.
[2023-09-19T12:02:07.674+0000] {base.py:73} INFO - Using connection ID 'postgres_con' for task execution.
[2023-09-19T12:02:07.745+0000] {base.py:73} INFO - Using connection ID 'postgres_con' for task execution.
[2023-09-19T12:02:07.815+0000] {base.py:73} INFO - Using connection ID 'postgres_con' for task execution.
[2023-09-19T12:02:07.886+0000] {base.py:73} INFO - Using connection ID 'postgres_con' for task execution.
[2023-09-19T12:02:07.957+0000] {base.py:73} INFO - Using connection ID 'postgres_con' for task execution.
[2023-09-19T12:02:08.027+0000] {base.py:73} INFO - Using connection ID 'postgres_con' for task execution.
[2023-09-19T12:02:08.098+0000] {base.py:73} INFO - Using connection ID 'postgres_con' for task execution.
[2023-09-19T12:02:08.172+0000] {base.py:73} INFO - Using connection ID 'postgres_con' for task execution.
[2023-09-19T12:02:08.246+0000] {base.py:73} INFO - Using connection ID 'postgres_con' for task execution.
[2023-09-19T12:02:08.318+0000] {base.py:73} INFO - Using connection ID 'postgres_con' for task execution.
[2023-09-19T12:02:08.388+0000] {base.py:73} INFO - Using connection ID 'postgres_con' for task execution.
[2023-09-19T12:02:08.460+0000] {base.py:73} INFO - Using connection ID 'postgres_con' for task execution.
[2023-09-19T12:02:08.536+0000] {base.py:73} INFO - Using connection ID 'postgres_con' for task execution.
[2023-09-19T12:02:08.606+0000] {base.py:73} INFO - Using connection ID 'postgres_con' for task execution.
[2023-09-19T12:02:08.676+0000] {base.py:73} INFO - Using connection ID 'postgres_con' for task execution.
[2023-09-19T12:02:08.746+0000] {base.py:73} INFO - Using connection ID 'postgres_con' for task execution.
[2023-09-19T12:02:08.816+0000] {base.py:73} INFO - Using connection ID 'postgres_con' for task execution.
[2023-09-19T12:02:08.887+0000] {base.py:73} INFO - Using connection ID 'postgres_con' for task execution.
[2023-09-19T12:02:08.957+0000] {base.py:73} INFO - Using connection ID 'postgres_con' for task execution.
[2023-09-19T12:02:09.027+0000] {base.py:73} INFO - Using connection ID 'postgres_con' for task execution.
[2023-09-19T12:02:09.098+0000] {base.py:73} INFO - Using connection ID 'postgres_con' for task execution.
[2023-09-19T12:02:09.170+0000] {base.py:73} INFO - Using connection ID 'postgres_con' for task execution.
[2023-09-19T12:02:09.241+0000] {base.py:73} INFO - Using connection ID 'postgres_con' for task execution.
[2023-09-19T12:02:09.313+0000] {base.py:73} INFO - Using connection ID 'postgres_con' for task execution.
[2023-09-19T12:02:09.384+0000] {base.py:73} INFO - Using connection ID 'postgres_con' for task execution.
[2023-09-19T12:02:09.454+0000] {base.py:73} INFO - Using connection ID 'postgres_con' for task execution.
[2023-09-19T12:02:09.525+0000] {base.py:73} INFO - Using connection ID 'postgres_con' for task execution.
[2023-09-19T12:02:09.601+0000] {base.py:73} INFO - Using connection ID 'postgres_con' for task execution.
[2023-09-19T12:02:09.672+0000] {base.py:73} INFO - Using connection ID 'postgres_con' for task execution.
[2023-09-19T12:02:09.742+0000] {base.py:73} INFO - Using connection ID 'postgres_con' for task execution.
[2023-09-19T12:02:09.813+0000] {base.py:73} INFO - Using connection ID 'postgres_con' for task execution.
[2023-09-19T12:02:09.883+0000] {base.py:73} INFO - Using connection ID 'postgres_con' for task execution.
[2023-09-19T12:02:09.954+0000] {base.py:73} INFO - Using connection ID 'postgres_con' for task execution.
[2023-09-19T12:02:10.025+0000] {base.py:73} INFO - Using connection ID 'postgres_con' for task execution.
[2023-09-19T12:02:10.101+0000] {base.py:73} INFO - Using connection ID 'postgres_con' for task execution.
[2023-09-19T12:02:10.172+0000] {base.py:73} INFO - Using connection ID 'postgres_con' for task execution.
[2023-09-19T12:02:10.242+0000] {base.py:73} INFO - Using connection ID 'postgres_con' for task execution.
[2023-09-19T12:02:10.316+0000] {base.py:73} INFO - Using connection ID 'postgres_con' for task execution.
[2023-09-19T12:02:10.405+0000] {base.py:73} INFO - Using connection ID 'postgres_con' for task execution.
[2023-09-19T12:02:10.480+0000] {base.py:73} INFO - Using connection ID 'postgres_con' for task execution.
[2023-09-19T12:02:10.550+0000] {base.py:73} INFO - Using connection ID 'postgres_con' for task execution.
[2023-09-19T12:02:10.621+0000] {base.py:73} INFO - Using connection ID 'postgres_con' for task execution.
[2023-09-19T12:02:10.691+0000] {base.py:73} INFO - Using connection ID 'postgres_con' for task execution.
[2023-09-19T12:02:10.762+0000] {base.py:73} INFO - Using connection ID 'postgres_con' for task execution.
[2023-09-19T12:02:10.834+0000] {base.py:73} INFO - Using connection ID 'postgres_con' for task execution.
[2023-09-19T12:02:10.905+0000] {base.py:73} INFO - Using connection ID 'postgres_con' for task execution.
[2023-09-19T12:02:10.976+0000] {base.py:73} INFO - Using connection ID 'postgres_con' for task execution.
[2023-09-19T12:02:11.046+0000] {base.py:73} INFO - Using connection ID 'postgres_con' for task execution.
[2023-09-19T12:02:11.121+0000] {base.py:73} INFO - Using connection ID 'postgres_con' for task execution.
[2023-09-19T12:02:11.194+0000] {base.py:73} INFO - Using connection ID 'postgres_con' for task execution.
[2023-09-19T12:02:11.265+0000] {base.py:73} INFO - Using connection ID 'postgres_con' for task execution.
[2023-09-19T12:02:11.337+0000] {base.py:73} INFO - Using connection ID 'postgres_con' for task execution.
[2023-09-19T12:02:11.408+0000] {base.py:73} INFO - Using connection ID 'postgres_con' for task execution.
[2023-09-19T12:02:11.478+0000] {base.py:73} INFO - Using connection ID 'postgres_con' for task execution.
[2023-09-19T12:02:11.549+0000] {base.py:73} INFO - Using connection ID 'postgres_con' for task execution.
[2023-09-19T12:02:11.619+0000] {base.py:73} INFO - Using connection ID 'postgres_con' for task execution.
[2023-09-19T12:02:11.689+0000] {base.py:73} INFO - Using connection ID 'postgres_con' for task execution.
[2023-09-19T12:02:11.759+0000] {base.py:73} INFO - Using connection ID 'postgres_con' for task execution.
[2023-09-19T12:02:11.830+0000] {base.py:73} INFO - Using connection ID 'postgres_con' for task execution.
[2023-09-19T12:02:11.900+0000] {base.py:73} INFO - Using connection ID 'postgres_con' for task execution.
[2023-09-19T12:02:11.971+0000] {base.py:73} INFO - Using connection ID 'postgres_con' for task execution.
[2023-09-19T12:02:12.041+0000] {base.py:73} INFO - Using connection ID 'postgres_con' for task execution.
[2023-09-19T12:02:12.111+0000] {base.py:73} INFO - Using connection ID 'postgres_con' for task execution.
[2023-09-19T12:02:12.187+0000] {base.py:73} INFO - Using connection ID 'postgres_con' for task execution.
[2023-09-19T12:02:12.260+0000] {base.py:73} INFO - Using connection ID 'postgres_con' for task execution.
[2023-09-19T12:02:12.332+0000] {base.py:73} INFO - Using connection ID 'postgres_con' for task execution.
[2023-09-19T12:02:12.402+0000] {base.py:73} INFO - Using connection ID 'postgres_con' for task execution.
[2023-09-19T12:02:12.473+0000] {base.py:73} INFO - Using connection ID 'postgres_con' for task execution.
[2023-09-19T12:02:12.544+0000] {base.py:73} INFO - Using connection ID 'postgres_con' for task execution.
[2023-09-19T12:02:12.615+0000] {base.py:73} INFO - Using connection ID 'postgres_con' for task execution.
[2023-09-19T12:02:12.685+0000] {base.py:73} INFO - Using connection ID 'postgres_con' for task execution.
[2023-09-19T12:02:12.756+0000] {base.py:73} INFO - Using connection ID 'postgres_con' for task execution.
[2023-09-19T12:02:12.827+0000] {base.py:73} INFO - Using connection ID 'postgres_con' for task execution.
[2023-09-19T12:02:12.898+0000] {base.py:73} INFO - Using connection ID 'postgres_con' for task execution.
[2023-09-19T12:02:12.968+0000] {base.py:73} INFO - Using connection ID 'postgres_con' for task execution.
[2023-09-19T12:02:13.039+0000] {base.py:73} INFO - Using connection ID 'postgres_con' for task execution.
[2023-09-19T12:02:13.109+0000] {base.py:73} INFO - Using connection ID 'postgres_con' for task execution.
[2023-09-19T12:02:13.180+0000] {base.py:73} INFO - Using connection ID 'postgres_con' for task execution.
[2023-09-19T12:02:13.256+0000] {base.py:73} INFO - Using connection ID 'postgres_con' for task execution.
[2023-09-19T12:02:13.329+0000] {base.py:73} INFO - Using connection ID 'postgres_con' for task execution.
[2023-09-19T12:02:13.402+0000] {base.py:73} INFO - Using connection ID 'postgres_con' for task execution.
[2023-09-19T12:02:13.472+0000] {base.py:73} INFO - Using connection ID 'postgres_con' for task execution.
[2023-09-19T12:02:13.542+0000] {base.py:73} INFO - Using connection ID 'postgres_con' for task execution.
[2023-09-19T12:02:13.613+0000] {base.py:73} INFO - Using connection ID 'postgres_con' for task execution.
[2023-09-19T12:02:13.684+0000] {base.py:73} INFO - Using connection ID 'postgres_con' for task execution.
[2023-09-19T12:02:13.756+0000] {base.py:73} INFO - Using connection ID 'postgres_con' for task execution.
[2023-09-19T12:02:13.831+0000] {base.py:73} INFO - Using connection ID 'postgres_con' for task execution.
[2023-09-19T12:02:13.901+0000] {base.py:73} INFO - Using connection ID 'postgres_con' for task execution.
[2023-09-19T12:02:13.972+0000] {base.py:73} INFO - Using connection ID 'postgres_con' for task execution.
[2023-09-19T12:02:14.042+0000] {base.py:73} INFO - Using connection ID 'postgres_con' for task execution.
[2023-09-19T12:02:14.113+0000] {base.py:73} INFO - Using connection ID 'postgres_con' for task execution.
[2023-09-19T12:02:14.184+0000] {base.py:73} INFO - Using connection ID 'postgres_con' for task execution.
[2023-09-19T12:02:14.255+0000] {base.py:73} INFO - Using connection ID 'postgres_con' for task execution.
[2023-09-19T12:02:14.325+0000] {base.py:73} INFO - Using connection ID 'postgres_con' for task execution.
[2023-09-19T12:02:14.398+0000] {base.py:73} INFO - Using connection ID 'postgres_con' for task execution.
[2023-09-19T12:02:14.468+0000] {base.py:73} INFO - Using connection ID 'postgres_con' for task execution.
[2023-09-19T12:02:14.539+0000] {base.py:73} INFO - Using connection ID 'postgres_con' for task execution.
[2023-09-19T12:02:14.610+0000] {base.py:73} INFO - Using connection ID 'postgres_con' for task execution.
[2023-09-19T12:02:14.680+0000] {base.py:73} INFO - Using connection ID 'postgres_con' for task execution.
[2023-09-19T12:02:14.750+0000] {base.py:73} INFO - Using connection ID 'postgres_con' for task execution.
[2023-09-19T12:02:14.822+0000] {base.py:73} INFO - Using connection ID 'postgres_con' for task execution.
[2023-09-19T12:02:14.897+0000] {base.py:73} INFO - Using connection ID 'postgres_con' for task execution.
[2023-09-19T12:03:28.822+0000] {base.py:73} INFO - Using connection ID 'postgres_con' for task execution.
[2023-09-19T12:03:28.829+0000] {warnings.py:109} WARNING - /home/***/.local/lib/python3.8/site-packages/***/providers/common/sql/hooks/sql.py:219: UserWarning: pandas only supports SQLAlchemy connectable (engine/connection) or database string URI or sqlite3 DBAPI2 connection. Other DBAPI2 objects are not tested. Please consider using SQLAlchemy.
  return psql.read_sql(sql, con=conn, params=parameters, **kwargs)

[2023-09-19T12:03:28.831+0000] {taskinstance.py:1943} ERROR - Task failed with exception
Traceback (most recent call last):
  File "/home/airflow/.local/lib/python3.8/site-packages/pandas/io/sql.py", line 2202, in execute
    cur.execute(sql, *args)
psycopg2.errors.UndefinedTable: relation "skill_types" does not exist
LINE 1: select * from skill_types;
                      ^


The above exception was the direct cause of the following exception:

Traceback (most recent call last):
  File "/home/airflow/.local/lib/python3.8/site-packages/airflow/decorators/base.py", line 221, in execute
    return_value = super().execute(context)
  File "/home/airflow/.local/lib/python3.8/site-packages/airflow/operators/python.py", line 192, in execute
    return_value = self.execute_callable()
  File "/home/airflow/.local/lib/python3.8/site-packages/airflow/operators/python.py", line 209, in execute_callable
    return self.python_callable(*self.op_args, **self.op_kwargs)
  File "/opt/airflow/dags/dag_parser.py", line 207, in transform
    skills = hook.get_pandas_df(sql="select * from skill_types;")
  File "/home/airflow/.local/lib/python3.8/site-packages/airflow/providers/common/sql/hooks/sql.py", line 219, in get_pandas_df
    return psql.read_sql(sql, con=conn, params=parameters, **kwargs)
  File "/home/airflow/.local/lib/python3.8/site-packages/pandas/io/sql.py", line 635, in read_sql
    return pandas_sql.read_query(
  File "/home/airflow/.local/lib/python3.8/site-packages/pandas/io/sql.py", line 2266, in read_query
    cursor = self.execute(sql, params)
  File "/home/airflow/.local/lib/python3.8/site-packages/pandas/io/sql.py", line 2214, in execute
    raise ex from exc
pandas.errors.DatabaseError: Execution failed on sql 'select * from skill_types;': relation "skill_types" does not exist
LINE 1: select * from skill_types;
                      ^

[2023-09-19T12:03:28.841+0000] {taskinstance.py:1400} INFO - Marking task as UP_FOR_RETRY. dag_id=dag_parser, task_id=transform, execution_date=20230919T120057, start_date=20230919T120126, end_date=20230919T120328
[2023-09-19T12:03:28.856+0000] {standard_task_runner.py:104} ERROR - Failed to execute job 82 for task transform (Execution failed on sql 'select * from skill_types;': relation "skill_types" does not exist
LINE 1: select * from skill_types;
                      ^
; 70)
[2023-09-19T12:03:28.892+0000] {local_task_job_runner.py:228} INFO - Task exited with return code 1
[2023-09-19T12:03:28.922+0000] {taskinstance.py:2784} INFO - 0 downstream tasks scheduled from follow-on schedule check
