[2023-08-30T17:40:55.271+0000] {taskinstance.py:1159} INFO - Dependencies all met for dep_context=non-requeueable deps ti=<TaskInstance: dag_parser.transform manual__2023-08-30T17:40:18.909387+00:00 [queued]>
[2023-08-30T17:40:55.277+0000] {taskinstance.py:1159} INFO - Dependencies all met for dep_context=requeueable deps ti=<TaskInstance: dag_parser.transform manual__2023-08-30T17:40:18.909387+00:00 [queued]>
[2023-08-30T17:40:55.278+0000] {taskinstance.py:1361} INFO - Starting attempt 1 of 3
[2023-08-30T17:40:55.286+0000] {taskinstance.py:1382} INFO - Executing <Task(_PythonDecoratedOperator): transform> on 2023-08-30 17:40:18.909387+00:00
[2023-08-30T17:40:55.298+0000] {standard_task_runner.py:57} INFO - Started process 596 to run task
[2023-08-30T17:40:55.302+0000] {standard_task_runner.py:84} INFO - Running: ['***', 'tasks', 'run', 'dag_parser', 'transform', 'manual__2023-08-30T17:40:18.909387+00:00', '--job-id', '82', '--raw', '--subdir', 'DAGS_FOLDER/dag_parser.py', '--cfg-path', '/tmp/tmpl9tawy3s']
[2023-08-30T17:40:55.305+0000] {standard_task_runner.py:85} INFO - Job 82: Subtask transform
[2023-08-30T17:40:55.369+0000] {task_command.py:415} INFO - Running <TaskInstance: dag_parser.transform manual__2023-08-30T17:40:18.909387+00:00 [running]> on host a0407cf7b722
[2023-08-30T17:40:55.819+0000] {taskinstance.py:1660} INFO - Exporting env vars: AIRFLOW_CTX_DAG_OWNER='oleg' AIRFLOW_CTX_DAG_ID='dag_parser' AIRFLOW_CTX_TASK_ID='transform' AIRFLOW_CTX_EXECUTION_DATE='2023-08-30T17:40:18.909387+00:00' AIRFLOW_CTX_TRY_NUMBER='1' AIRFLOW_CTX_DAG_RUN_ID='manual__2023-08-30T17:40:18.909387+00:00'
[2023-08-30T17:40:56.115+0000] {base.py:73} INFO - Using connection ID 'postgres_con' for task execution.
[2023-08-30T17:40:56.136+0000] {warnings.py:109} WARNING - /home/***/.local/lib/python3.8/site-packages/***/providers/common/sql/hooks/sql.py:219: UserWarning: pandas only supports SQLAlchemy connectable (engine/connection) or database string URI or sqlite3 DBAPI2 connection. Other DBAPI2 objects are not tested. Please consider using SQLAlchemy.
  return psql.read_sql(sql, con=conn, params=parameters, **kwargs)

[2023-08-30T17:40:56.448+0000] {base.py:73} INFO - Using connection ID 'postgres_con' for task execution.
[2023-08-30T17:40:56.531+0000] {base.py:73} INFO - Using connection ID 'postgres_con' for task execution.
[2023-08-30T17:40:56.599+0000] {base.py:73} INFO - Using connection ID 'postgres_con' for task execution.
[2023-08-30T17:40:56.660+0000] {base.py:73} INFO - Using connection ID 'postgres_con' for task execution.
[2023-08-30T17:40:56.718+0000] {base.py:73} INFO - Using connection ID 'postgres_con' for task execution.
[2023-08-30T17:40:56.780+0000] {base.py:73} INFO - Using connection ID 'postgres_con' for task execution.
[2023-08-30T17:40:56.837+0000] {base.py:73} INFO - Using connection ID 'postgres_con' for task execution.
[2023-08-30T17:40:56.891+0000] {base.py:73} INFO - Using connection ID 'postgres_con' for task execution.
[2023-08-30T17:40:56.953+0000] {base.py:73} INFO - Using connection ID 'postgres_con' for task execution.
[2023-08-30T17:40:57.020+0000] {base.py:73} INFO - Using connection ID 'postgres_con' for task execution.
[2023-08-30T17:40:57.103+0000] {base.py:73} INFO - Using connection ID 'postgres_con' for task execution.
[2023-08-30T17:40:57.203+0000] {base.py:73} INFO - Using connection ID 'postgres_con' for task execution.
[2023-08-30T17:40:57.280+0000] {base.py:73} INFO - Using connection ID 'postgres_con' for task execution.
[2023-08-30T17:40:57.343+0000] {base.py:73} INFO - Using connection ID 'postgres_con' for task execution.
[2023-08-30T17:40:57.403+0000] {base.py:73} INFO - Using connection ID 'postgres_con' for task execution.
[2023-08-30T17:40:57.479+0000] {base.py:73} INFO - Using connection ID 'postgres_con' for task execution.
[2023-08-30T17:40:57.544+0000] {base.py:73} INFO - Using connection ID 'postgres_con' for task execution.
[2023-08-30T17:40:57.610+0000] {base.py:73} INFO - Using connection ID 'postgres_con' for task execution.
[2023-08-30T17:40:57.670+0000] {base.py:73} INFO - Using connection ID 'postgres_con' for task execution.
[2023-08-30T17:40:57.752+0000] {base.py:73} INFO - Using connection ID 'postgres_con' for task execution.
[2023-08-30T17:40:57.839+0000] {base.py:73} INFO - Using connection ID 'postgres_con' for task execution.
[2023-08-30T17:40:57.929+0000] {base.py:73} INFO - Using connection ID 'postgres_con' for task execution.
[2023-08-30T17:40:58.008+0000] {base.py:73} INFO - Using connection ID 'postgres_con' for task execution.
[2023-08-30T17:40:58.065+0000] {base.py:73} INFO - Using connection ID 'postgres_con' for task execution.
[2023-08-30T17:40:58.136+0000] {base.py:73} INFO - Using connection ID 'postgres_con' for task execution.
[2023-08-30T17:40:58.196+0000] {base.py:73} INFO - Using connection ID 'postgres_con' for task execution.
[2023-08-30T17:40:58.259+0000] {base.py:73} INFO - Using connection ID 'postgres_con' for task execution.
[2023-08-30T17:40:58.348+0000] {base.py:73} INFO - Using connection ID 'postgres_con' for task execution.
[2023-08-30T17:40:58.428+0000] {base.py:73} INFO - Using connection ID 'postgres_con' for task execution.
[2023-08-30T17:40:58.499+0000] {base.py:73} INFO - Using connection ID 'postgres_con' for task execution.
[2023-08-30T17:40:58.563+0000] {base.py:73} INFO - Using connection ID 'postgres_con' for task execution.
[2023-08-30T17:40:58.622+0000] {base.py:73} INFO - Using connection ID 'postgres_con' for task execution.
[2023-08-30T17:40:58.685+0000] {base.py:73} INFO - Using connection ID 'postgres_con' for task execution.
[2023-08-30T17:40:58.742+0000] {base.py:73} INFO - Using connection ID 'postgres_con' for task execution.
[2023-08-30T17:40:58.805+0000] {base.py:73} INFO - Using connection ID 'postgres_con' for task execution.
[2023-08-30T17:40:58.866+0000] {base.py:73} INFO - Using connection ID 'postgres_con' for task execution.
[2023-08-30T17:40:58.929+0000] {base.py:73} INFO - Using connection ID 'postgres_con' for task execution.
[2023-08-30T17:40:58.993+0000] {base.py:73} INFO - Using connection ID 'postgres_con' for task execution.
[2023-08-30T17:40:59.050+0000] {base.py:73} INFO - Using connection ID 'postgres_con' for task execution.
[2023-08-30T17:40:59.111+0000] {base.py:73} INFO - Using connection ID 'postgres_con' for task execution.
[2023-08-30T17:40:59.164+0000] {base.py:73} INFO - Using connection ID 'postgres_con' for task execution.
[2023-08-30T17:40:59.224+0000] {base.py:73} INFO - Using connection ID 'postgres_con' for task execution.
[2023-08-30T17:40:59.285+0000] {base.py:73} INFO - Using connection ID 'postgres_con' for task execution.
[2023-08-30T17:40:59.347+0000] {base.py:73} INFO - Using connection ID 'postgres_con' for task execution.
[2023-08-30T17:40:59.406+0000] {base.py:73} INFO - Using connection ID 'postgres_con' for task execution.
[2023-08-30T17:40:59.468+0000] {base.py:73} INFO - Using connection ID 'postgres_con' for task execution.
[2023-08-30T17:40:59.604+0000] {base.py:73} INFO - Using connection ID 'postgres_con' for task execution.
[2023-08-30T17:40:59.730+0000] {base.py:73} INFO - Using connection ID 'postgres_con' for task execution.
[2023-08-30T17:40:59.832+0000] {base.py:73} INFO - Using connection ID 'postgres_con' for task execution.
[2023-08-30T17:40:59.938+0000] {base.py:73} INFO - Using connection ID 'postgres_con' for task execution.
[2023-08-30T17:41:00.061+0000] {base.py:73} INFO - Using connection ID 'postgres_con' for task execution.
[2023-08-30T17:41:00.177+0000] {base.py:73} INFO - Using connection ID 'postgres_con' for task execution.
[2023-08-30T17:41:00.267+0000] {base.py:73} INFO - Using connection ID 'postgres_con' for task execution.
[2023-08-30T17:41:00.399+0000] {base.py:73} INFO - Using connection ID 'postgres_con' for task execution.
[2023-08-30T17:41:00.629+0000] {base.py:73} INFO - Using connection ID 'postgres_con' for task execution.
[2023-08-30T17:41:00.757+0000] {base.py:73} INFO - Using connection ID 'postgres_con' for task execution.
[2023-08-30T17:41:00.857+0000] {base.py:73} INFO - Using connection ID 'postgres_con' for task execution.
[2023-08-30T17:41:00.959+0000] {base.py:73} INFO - Using connection ID 'postgres_con' for task execution.
[2023-08-30T17:41:01.055+0000] {base.py:73} INFO - Using connection ID 'postgres_con' for task execution.
[2023-08-30T17:41:01.144+0000] {base.py:73} INFO - Using connection ID 'postgres_con' for task execution.
[2023-08-30T17:41:01.259+0000] {base.py:73} INFO - Using connection ID 'postgres_con' for task execution.
[2023-08-30T17:41:01.351+0000] {base.py:73} INFO - Using connection ID 'postgres_con' for task execution.
[2023-08-30T17:41:01.432+0000] {base.py:73} INFO - Using connection ID 'postgres_con' for task execution.
[2023-08-30T17:41:01.509+0000] {base.py:73} INFO - Using connection ID 'postgres_con' for task execution.
[2023-08-30T17:41:01.691+0000] {base.py:73} INFO - Using connection ID 'postgres_con' for task execution.
[2023-08-30T17:41:01.839+0000] {base.py:73} INFO - Using connection ID 'postgres_con' for task execution.
[2023-08-30T17:41:01.929+0000] {base.py:73} INFO - Using connection ID 'postgres_con' for task execution.
[2023-08-30T17:41:02.007+0000] {base.py:73} INFO - Using connection ID 'postgres_con' for task execution.
[2023-08-30T17:41:02.079+0000] {base.py:73} INFO - Using connection ID 'postgres_con' for task execution.
[2023-08-30T17:41:02.141+0000] {base.py:73} INFO - Using connection ID 'postgres_con' for task execution.
[2023-08-30T17:41:02.210+0000] {base.py:73} INFO - Using connection ID 'postgres_con' for task execution.
[2023-08-30T17:41:02.293+0000] {base.py:73} INFO - Using connection ID 'postgres_con' for task execution.
[2023-08-30T17:41:02.358+0000] {base.py:73} INFO - Using connection ID 'postgres_con' for task execution.
[2023-08-30T17:41:02.474+0000] {base.py:73} INFO - Using connection ID 'postgres_con' for task execution.
[2023-08-30T17:41:02.604+0000] {base.py:73} INFO - Using connection ID 'postgres_con' for task execution.
[2023-08-30T17:41:02.729+0000] {base.py:73} INFO - Using connection ID 'postgres_con' for task execution.
[2023-08-30T17:41:02.842+0000] {base.py:73} INFO - Using connection ID 'postgres_con' for task execution.
[2023-08-30T17:41:02.931+0000] {base.py:73} INFO - Using connection ID 'postgres_con' for task execution.
[2023-08-30T17:41:03.011+0000] {base.py:73} INFO - Using connection ID 'postgres_con' for task execution.
[2023-08-30T17:41:03.110+0000] {base.py:73} INFO - Using connection ID 'postgres_con' for task execution.
[2023-08-30T17:41:03.195+0000] {base.py:73} INFO - Using connection ID 'postgres_con' for task execution.
[2023-08-30T17:41:03.324+0000] {base.py:73} INFO - Using connection ID 'postgres_con' for task execution.
[2023-08-30T17:41:03.480+0000] {base.py:73} INFO - Using connection ID 'postgres_con' for task execution.
[2023-08-30T17:41:03.585+0000] {base.py:73} INFO - Using connection ID 'postgres_con' for task execution.
[2023-08-30T17:41:03.663+0000] {base.py:73} INFO - Using connection ID 'postgres_con' for task execution.
[2023-08-30T17:41:03.735+0000] {base.py:73} INFO - Using connection ID 'postgres_con' for task execution.
[2023-08-30T17:41:03.836+0000] {base.py:73} INFO - Using connection ID 'postgres_con' for task execution.
[2023-08-30T17:41:03.950+0000] {base.py:73} INFO - Using connection ID 'postgres_con' for task execution.
[2023-08-30T17:41:04.118+0000] {base.py:73} INFO - Using connection ID 'postgres_con' for task execution.
[2023-08-30T17:41:04.218+0000] {base.py:73} INFO - Using connection ID 'postgres_con' for task execution.
[2023-08-30T17:41:04.316+0000] {base.py:73} INFO - Using connection ID 'postgres_con' for task execution.
[2023-08-30T17:41:04.407+0000] {base.py:73} INFO - Using connection ID 'postgres_con' for task execution.
[2023-08-30T17:41:04.515+0000] {base.py:73} INFO - Using connection ID 'postgres_con' for task execution.
[2023-08-30T17:41:04.645+0000] {base.py:73} INFO - Using connection ID 'postgres_con' for task execution.
[2023-08-30T17:41:04.839+0000] {base.py:73} INFO - Using connection ID 'postgres_con' for task execution.
[2023-08-30T17:41:04.935+0000] {base.py:73} INFO - Using connection ID 'postgres_con' for task execution.
[2023-08-30T17:41:05.045+0000] {base.py:73} INFO - Using connection ID 'postgres_con' for task execution.
[2023-08-30T17:41:05.126+0000] {base.py:73} INFO - Using connection ID 'postgres_con' for task execution.
[2023-08-30T17:41:05.208+0000] {base.py:73} INFO - Using connection ID 'postgres_con' for task execution.
[2023-08-30T17:41:05.307+0000] {base.py:73} INFO - Using connection ID 'postgres_con' for task execution.
[2023-08-30T17:41:05.397+0000] {base.py:73} INFO - Using connection ID 'postgres_con' for task execution.
[2023-08-30T17:41:05.508+0000] {base.py:73} INFO - Using connection ID 'postgres_con' for task execution.
[2023-08-30T17:41:05.583+0000] {base.py:73} INFO - Using connection ID 'postgres_con' for task execution.
[2023-08-30T17:41:05.661+0000] {base.py:73} INFO - Using connection ID 'postgres_con' for task execution.
[2023-08-30T17:41:05.735+0000] {base.py:73} INFO - Using connection ID 'postgres_con' for task execution.
[2023-08-30T17:41:05.795+0000] {base.py:73} INFO - Using connection ID 'postgres_con' for task execution.
[2023-08-30T17:41:05.858+0000] {base.py:73} INFO - Using connection ID 'postgres_con' for task execution.
[2023-08-30T17:41:05.922+0000] {base.py:73} INFO - Using connection ID 'postgres_con' for task execution.
[2023-08-30T17:41:05.991+0000] {base.py:73} INFO - Using connection ID 'postgres_con' for task execution.
[2023-08-30T17:41:06.061+0000] {base.py:73} INFO - Using connection ID 'postgres_con' for task execution.
[2023-08-30T17:41:06.122+0000] {base.py:73} INFO - Using connection ID 'postgres_con' for task execution.
[2023-08-30T17:41:06.187+0000] {base.py:73} INFO - Using connection ID 'postgres_con' for task execution.
[2023-08-30T17:41:06.250+0000] {base.py:73} INFO - Using connection ID 'postgres_con' for task execution.
[2023-08-30T17:41:06.322+0000] {base.py:73} INFO - Using connection ID 'postgres_con' for task execution.
[2023-08-30T17:41:06.386+0000] {base.py:73} INFO - Using connection ID 'postgres_con' for task execution.
[2023-08-30T17:41:06.464+0000] {base.py:73} INFO - Using connection ID 'postgres_con' for task execution.
[2023-08-30T17:41:06.564+0000] {base.py:73} INFO - Using connection ID 'postgres_con' for task execution.
[2023-08-30T17:41:06.646+0000] {base.py:73} INFO - Using connection ID 'postgres_con' for task execution.
[2023-08-30T17:41:06.709+0000] {base.py:73} INFO - Using connection ID 'postgres_con' for task execution.
[2023-08-30T17:41:06.785+0000] {base.py:73} INFO - Using connection ID 'postgres_con' for task execution.
[2023-08-30T17:41:06.851+0000] {base.py:73} INFO - Using connection ID 'postgres_con' for task execution.
[2023-08-30T17:41:06.918+0000] {base.py:73} INFO - Using connection ID 'postgres_con' for task execution.
[2023-08-30T17:41:06.996+0000] {base.py:73} INFO - Using connection ID 'postgres_con' for task execution.
[2023-08-30T17:41:07.060+0000] {base.py:73} INFO - Using connection ID 'postgres_con' for task execution.
[2023-08-30T17:41:07.150+0000] {base.py:73} INFO - Using connection ID 'postgres_con' for task execution.
[2023-08-30T17:41:07.258+0000] {base.py:73} INFO - Using connection ID 'postgres_con' for task execution.
[2023-08-30T17:41:07.346+0000] {base.py:73} INFO - Using connection ID 'postgres_con' for task execution.
[2023-08-30T17:41:07.426+0000] {base.py:73} INFO - Using connection ID 'postgres_con' for task execution.
[2023-08-30T17:41:07.509+0000] {base.py:73} INFO - Using connection ID 'postgres_con' for task execution.
[2023-08-30T17:41:07.696+0000] {base.py:73} INFO - Using connection ID 'postgres_con' for task execution.
[2023-08-30T17:41:07.917+0000] {base.py:73} INFO - Using connection ID 'postgres_con' for task execution.
[2023-08-30T17:41:08.040+0000] {base.py:73} INFO - Using connection ID 'postgres_con' for task execution.
[2023-08-30T17:41:08.141+0000] {base.py:73} INFO - Using connection ID 'postgres_con' for task execution.
[2023-08-30T17:41:08.235+0000] {base.py:73} INFO - Using connection ID 'postgres_con' for task execution.
[2023-08-30T17:41:08.308+0000] {base.py:73} INFO - Using connection ID 'postgres_con' for task execution.
[2023-08-30T17:41:08.374+0000] {base.py:73} INFO - Using connection ID 'postgres_con' for task execution.
[2023-08-30T17:41:08.461+0000] {base.py:73} INFO - Using connection ID 'postgres_con' for task execution.
[2023-08-30T17:41:08.543+0000] {base.py:73} INFO - Using connection ID 'postgres_con' for task execution.
[2023-08-30T17:41:08.619+0000] {base.py:73} INFO - Using connection ID 'postgres_con' for task execution.
[2023-08-30T17:41:08.690+0000] {base.py:73} INFO - Using connection ID 'postgres_con' for task execution.
[2023-08-30T17:41:08.756+0000] {base.py:73} INFO - Using connection ID 'postgres_con' for task execution.
[2023-08-30T17:41:08.824+0000] {base.py:73} INFO - Using connection ID 'postgres_con' for task execution.
[2023-08-30T17:41:08.886+0000] {base.py:73} INFO - Using connection ID 'postgres_con' for task execution.
[2023-08-30T17:41:08.946+0000] {base.py:73} INFO - Using connection ID 'postgres_con' for task execution.
[2023-08-30T17:41:09.016+0000] {base.py:73} INFO - Using connection ID 'postgres_con' for task execution.
[2023-08-30T17:41:09.081+0000] {base.py:73} INFO - Using connection ID 'postgres_con' for task execution.
[2023-08-30T17:41:09.144+0000] {base.py:73} INFO - Using connection ID 'postgres_con' for task execution.
[2023-08-30T17:41:09.216+0000] {base.py:73} INFO - Using connection ID 'postgres_con' for task execution.
[2023-08-30T17:41:09.293+0000] {base.py:73} INFO - Using connection ID 'postgres_con' for task execution.
[2023-08-30T17:41:09.357+0000] {base.py:73} INFO - Using connection ID 'postgres_con' for task execution.
[2023-08-30T17:41:09.431+0000] {base.py:73} INFO - Using connection ID 'postgres_con' for task execution.
[2023-08-30T17:41:09.503+0000] {base.py:73} INFO - Using connection ID 'postgres_con' for task execution.
[2023-08-30T17:41:09.579+0000] {base.py:73} INFO - Using connection ID 'postgres_con' for task execution.
[2023-08-30T17:41:09.655+0000] {base.py:73} INFO - Using connection ID 'postgres_con' for task execution.
[2023-08-30T17:41:09.726+0000] {base.py:73} INFO - Using connection ID 'postgres_con' for task execution.
[2023-08-30T17:41:09.792+0000] {base.py:73} INFO - Using connection ID 'postgres_con' for task execution.
[2023-08-30T17:41:09.859+0000] {base.py:73} INFO - Using connection ID 'postgres_con' for task execution.
[2023-08-30T17:41:09.923+0000] {base.py:73} INFO - Using connection ID 'postgres_con' for task execution.
[2023-08-30T17:41:09.989+0000] {base.py:73} INFO - Using connection ID 'postgres_con' for task execution.
[2023-08-30T17:41:10.054+0000] {base.py:73} INFO - Using connection ID 'postgres_con' for task execution.
[2023-08-30T17:41:10.114+0000] {base.py:73} INFO - Using connection ID 'postgres_con' for task execution.
[2023-08-30T17:41:10.181+0000] {base.py:73} INFO - Using connection ID 'postgres_con' for task execution.
[2023-08-30T17:41:10.252+0000] {base.py:73} INFO - Using connection ID 'postgres_con' for task execution.
[2023-08-30T17:41:10.322+0000] {base.py:73} INFO - Using connection ID 'postgres_con' for task execution.
[2023-08-30T17:41:10.381+0000] {base.py:73} INFO - Using connection ID 'postgres_con' for task execution.
[2023-08-30T17:41:10.450+0000] {base.py:73} INFO - Using connection ID 'postgres_con' for task execution.
[2023-08-30T17:41:10.542+0000] {base.py:73} INFO - Using connection ID 'postgres_con' for task execution.
[2023-08-30T17:41:10.637+0000] {base.py:73} INFO - Using connection ID 'postgres_con' for task execution.
[2023-08-30T17:41:10.724+0000] {base.py:73} INFO - Using connection ID 'postgres_con' for task execution.
[2023-08-30T17:41:10.797+0000] {base.py:73} INFO - Using connection ID 'postgres_con' for task execution.
[2023-08-30T17:41:10.863+0000] {base.py:73} INFO - Using connection ID 'postgres_con' for task execution.
[2023-08-30T17:41:10.921+0000] {base.py:73} INFO - Using connection ID 'postgres_con' for task execution.
[2023-08-30T17:41:10.986+0000] {base.py:73} INFO - Using connection ID 'postgres_con' for task execution.
[2023-08-30T17:41:11.061+0000] {base.py:73} INFO - Using connection ID 'postgres_con' for task execution.
[2023-08-30T17:41:11.137+0000] {base.py:73} INFO - Using connection ID 'postgres_con' for task execution.
[2023-08-30T17:41:11.203+0000] {base.py:73} INFO - Using connection ID 'postgres_con' for task execution.
[2023-08-30T17:41:11.274+0000] {base.py:73} INFO - Using connection ID 'postgres_con' for task execution.
[2023-08-30T17:41:11.338+0000] {base.py:73} INFO - Using connection ID 'postgres_con' for task execution.
[2023-08-30T17:41:11.400+0000] {base.py:73} INFO - Using connection ID 'postgres_con' for task execution.
[2023-08-30T17:41:11.467+0000] {base.py:73} INFO - Using connection ID 'postgres_con' for task execution.
[2023-08-30T17:41:11.528+0000] {base.py:73} INFO - Using connection ID 'postgres_con' for task execution.
[2023-08-30T17:41:11.615+0000] {base.py:73} INFO - Using connection ID 'postgres_con' for task execution.
[2023-08-30T17:41:11.698+0000] {base.py:73} INFO - Using connection ID 'postgres_con' for task execution.
[2023-08-30T17:41:11.762+0000] {base.py:73} INFO - Using connection ID 'postgres_con' for task execution.
[2023-08-30T17:41:11.846+0000] {base.py:73} INFO - Using connection ID 'postgres_con' for task execution.
[2023-08-30T17:41:11.915+0000] {base.py:73} INFO - Using connection ID 'postgres_con' for task execution.
[2023-08-30T17:41:12.011+0000] {base.py:73} INFO - Using connection ID 'postgres_con' for task execution.
[2023-08-30T17:41:12.083+0000] {base.py:73} INFO - Using connection ID 'postgres_con' for task execution.
[2023-08-30T17:41:12.145+0000] {base.py:73} INFO - Using connection ID 'postgres_con' for task execution.
[2023-08-30T17:41:12.210+0000] {base.py:73} INFO - Using connection ID 'postgres_con' for task execution.
[2023-08-30T17:41:12.276+0000] {base.py:73} INFO - Using connection ID 'postgres_con' for task execution.
[2023-08-30T17:41:12.335+0000] {base.py:73} INFO - Using connection ID 'postgres_con' for task execution.
[2023-08-30T17:41:12.398+0000] {base.py:73} INFO - Using connection ID 'postgres_con' for task execution.
[2023-08-30T17:41:12.481+0000] {base.py:73} INFO - Using connection ID 'postgres_con' for task execution.
[2023-08-30T17:41:12.539+0000] {base.py:73} INFO - Using connection ID 'postgres_con' for task execution.
[2023-08-30T17:41:12.602+0000] {base.py:73} INFO - Using connection ID 'postgres_con' for task execution.
[2023-08-30T17:41:12.711+0000] {base.py:73} INFO - Using connection ID 'postgres_con' for task execution.
[2023-08-30T17:41:12.795+0000] {base.py:73} INFO - Using connection ID 'postgres_con' for task execution.
[2023-08-30T17:41:12.866+0000] {base.py:73} INFO - Using connection ID 'postgres_con' for task execution.
[2023-08-30T17:41:12.941+0000] {base.py:73} INFO - Using connection ID 'postgres_con' for task execution.
[2023-08-30T17:41:13.013+0000] {base.py:73} INFO - Using connection ID 'postgres_con' for task execution.
[2023-08-30T17:41:13.073+0000] {base.py:73} INFO - Using connection ID 'postgres_con' for task execution.
[2023-08-30T17:41:13.143+0000] {base.py:73} INFO - Using connection ID 'postgres_con' for task execution.
[2023-08-30T17:41:13.206+0000] {base.py:73} INFO - Using connection ID 'postgres_con' for task execution.
[2023-08-30T17:41:13.270+0000] {base.py:73} INFO - Using connection ID 'postgres_con' for task execution.
[2023-08-30T17:41:13.412+0000] {base.py:73} INFO - Using connection ID 'postgres_con' for task execution.
[2023-08-30T17:41:13.507+0000] {base.py:73} INFO - Using connection ID 'postgres_con' for task execution.
[2023-08-30T17:41:13.690+0000] {base.py:73} INFO - Using connection ID 'postgres_con' for task execution.
[2023-08-30T17:41:13.822+0000] {base.py:73} INFO - Using connection ID 'postgres_con' for task execution.
[2023-08-30T17:41:13.899+0000] {base.py:73} INFO - Using connection ID 'postgres_con' for task execution.
[2023-08-30T17:41:13.983+0000] {base.py:73} INFO - Using connection ID 'postgres_con' for task execution.
[2023-08-30T17:41:14.067+0000] {base.py:73} INFO - Using connection ID 'postgres_con' for task execution.
[2023-08-30T17:41:14.146+0000] {base.py:73} INFO - Using connection ID 'postgres_con' for task execution.
[2023-08-30T17:41:14.220+0000] {base.py:73} INFO - Using connection ID 'postgres_con' for task execution.
[2023-08-30T17:41:14.305+0000] {base.py:73} INFO - Using connection ID 'postgres_con' for task execution.
[2023-08-30T17:41:14.389+0000] {base.py:73} INFO - Using connection ID 'postgres_con' for task execution.
[2023-08-30T17:41:14.471+0000] {base.py:73} INFO - Using connection ID 'postgres_con' for task execution.
[2023-08-30T17:41:14.565+0000] {base.py:73} INFO - Using connection ID 'postgres_con' for task execution.
[2023-08-30T17:41:14.641+0000] {base.py:73} INFO - Using connection ID 'postgres_con' for task execution.
[2023-08-30T17:41:14.703+0000] {base.py:73} INFO - Using connection ID 'postgres_con' for task execution.
[2023-08-30T17:41:14.770+0000] {base.py:73} INFO - Using connection ID 'postgres_con' for task execution.
[2023-08-30T17:41:14.835+0000] {base.py:73} INFO - Using connection ID 'postgres_con' for task execution.
[2023-08-30T17:41:14.906+0000] {base.py:73} INFO - Using connection ID 'postgres_con' for task execution.
[2023-08-30T17:41:14.979+0000] {base.py:73} INFO - Using connection ID 'postgres_con' for task execution.
[2023-08-30T17:41:15.044+0000] {base.py:73} INFO - Using connection ID 'postgres_con' for task execution.
[2023-08-30T17:41:15.108+0000] {base.py:73} INFO - Using connection ID 'postgres_con' for task execution.
[2023-08-30T17:41:15.172+0000] {base.py:73} INFO - Using connection ID 'postgres_con' for task execution.
[2023-08-30T17:41:15.240+0000] {base.py:73} INFO - Using connection ID 'postgres_con' for task execution.
[2023-08-30T17:41:15.315+0000] {base.py:73} INFO - Using connection ID 'postgres_con' for task execution.
[2023-08-30T17:41:15.417+0000] {base.py:73} INFO - Using connection ID 'postgres_con' for task execution.
[2023-08-30T17:41:15.481+0000] {base.py:73} INFO - Using connection ID 'postgres_con' for task execution.
[2023-08-30T17:41:15.566+0000] {base.py:73} INFO - Using connection ID 'postgres_con' for task execution.
[2023-08-30T17:41:15.635+0000] {base.py:73} INFO - Using connection ID 'postgres_con' for task execution.
[2023-08-30T17:41:15.759+0000] {base.py:73} INFO - Using connection ID 'postgres_con' for task execution.
[2023-08-30T17:41:15.864+0000] {base.py:73} INFO - Using connection ID 'postgres_con' for task execution.
[2023-08-30T17:41:15.950+0000] {base.py:73} INFO - Using connection ID 'postgres_con' for task execution.
[2023-08-30T17:41:16.033+0000] {base.py:73} INFO - Using connection ID 'postgres_con' for task execution.
[2023-08-30T17:41:16.112+0000] {base.py:73} INFO - Using connection ID 'postgres_con' for task execution.
[2023-08-30T17:41:16.177+0000] {base.py:73} INFO - Using connection ID 'postgres_con' for task execution.
[2023-08-30T17:41:16.249+0000] {base.py:73} INFO - Using connection ID 'postgres_con' for task execution.
[2023-08-30T17:41:16.315+0000] {base.py:73} INFO - Using connection ID 'postgres_con' for task execution.
[2023-08-30T17:41:16.385+0000] {base.py:73} INFO - Using connection ID 'postgres_con' for task execution.
[2023-08-30T17:41:16.451+0000] {base.py:73} INFO - Using connection ID 'postgres_con' for task execution.
[2023-08-30T17:41:16.509+0000] {base.py:73} INFO - Using connection ID 'postgres_con' for task execution.
[2023-08-30T17:41:16.568+0000] {base.py:73} INFO - Using connection ID 'postgres_con' for task execution.
[2023-08-30T17:41:16.748+0000] {base.py:73} INFO - Using connection ID 'postgres_con' for task execution.
[2023-08-30T17:41:16.863+0000] {base.py:73} INFO - Using connection ID 'postgres_con' for task execution.
[2023-08-30T17:41:16.964+0000] {base.py:73} INFO - Using connection ID 'postgres_con' for task execution.
[2023-08-30T17:41:17.031+0000] {base.py:73} INFO - Using connection ID 'postgres_con' for task execution.
[2023-08-30T17:41:17.095+0000] {base.py:73} INFO - Using connection ID 'postgres_con' for task execution.
[2023-08-30T17:41:17.155+0000] {base.py:73} INFO - Using connection ID 'postgres_con' for task execution.
[2023-08-30T17:41:17.224+0000] {base.py:73} INFO - Using connection ID 'postgres_con' for task execution.
[2023-08-30T17:41:17.284+0000] {base.py:73} INFO - Using connection ID 'postgres_con' for task execution.
[2023-08-30T17:41:17.345+0000] {base.py:73} INFO - Using connection ID 'postgres_con' for task execution.
[2023-08-30T17:41:17.404+0000] {base.py:73} INFO - Using connection ID 'postgres_con' for task execution.
[2023-08-30T17:41:17.468+0000] {base.py:73} INFO - Using connection ID 'postgres_con' for task execution.
[2023-08-30T17:41:17.541+0000] {base.py:73} INFO - Using connection ID 'postgres_con' for task execution.
[2023-08-30T17:41:17.598+0000] {base.py:73} INFO - Using connection ID 'postgres_con' for task execution.
[2023-08-30T17:41:17.679+0000] {base.py:73} INFO - Using connection ID 'postgres_con' for task execution.
[2023-08-30T17:41:17.738+0000] {base.py:73} INFO - Using connection ID 'postgres_con' for task execution.
[2023-08-30T17:41:17.796+0000] {base.py:73} INFO - Using connection ID 'postgres_con' for task execution.
[2023-08-30T17:41:17.852+0000] {base.py:73} INFO - Using connection ID 'postgres_con' for task execution.
[2023-08-30T17:41:17.941+0000] {base.py:73} INFO - Using connection ID 'postgres_con' for task execution.
[2023-08-30T17:41:18.041+0000] {base.py:73} INFO - Using connection ID 'postgres_con' for task execution.
[2023-08-30T17:41:18.116+0000] {base.py:73} INFO - Using connection ID 'postgres_con' for task execution.
[2023-08-30T17:41:18.173+0000] {base.py:73} INFO - Using connection ID 'postgres_con' for task execution.
[2023-08-30T17:41:18.227+0000] {base.py:73} INFO - Using connection ID 'postgres_con' for task execution.
[2023-08-30T17:41:18.282+0000] {base.py:73} INFO - Using connection ID 'postgres_con' for task execution.
[2023-08-30T17:41:18.337+0000] {base.py:73} INFO - Using connection ID 'postgres_con' for task execution.
[2023-08-30T17:41:18.395+0000] {base.py:73} INFO - Using connection ID 'postgres_con' for task execution.
[2023-08-30T17:41:18.449+0000] {base.py:73} INFO - Using connection ID 'postgres_con' for task execution.
[2023-08-30T17:41:18.506+0000] {base.py:73} INFO - Using connection ID 'postgres_con' for task execution.
[2023-08-30T17:41:18.578+0000] {base.py:73} INFO - Using connection ID 'postgres_con' for task execution.
[2023-08-30T17:41:18.638+0000] {base.py:73} INFO - Using connection ID 'postgres_con' for task execution.
[2023-08-30T17:41:18.693+0000] {base.py:73} INFO - Using connection ID 'postgres_con' for task execution.
[2023-08-30T17:41:18.749+0000] {base.py:73} INFO - Using connection ID 'postgres_con' for task execution.
[2023-08-30T17:41:18.810+0000] {base.py:73} INFO - Using connection ID 'postgres_con' for task execution.
[2023-08-30T17:41:18.868+0000] {base.py:73} INFO - Using connection ID 'postgres_con' for task execution.
[2023-08-30T17:41:18.923+0000] {base.py:73} INFO - Using connection ID 'postgres_con' for task execution.
[2023-08-30T17:41:18.981+0000] {base.py:73} INFO - Using connection ID 'postgres_con' for task execution.
[2023-08-30T17:41:19.036+0000] {base.py:73} INFO - Using connection ID 'postgres_con' for task execution.
[2023-08-30T17:41:19.091+0000] {base.py:73} INFO - Using connection ID 'postgres_con' for task execution.
[2023-08-30T17:41:19.145+0000] {base.py:73} INFO - Using connection ID 'postgres_con' for task execution.
[2023-08-30T17:41:19.202+0000] {base.py:73} INFO - Using connection ID 'postgres_con' for task execution.
[2023-08-30T17:41:19.259+0000] {base.py:73} INFO - Using connection ID 'postgres_con' for task execution.
[2023-08-30T17:41:19.314+0000] {base.py:73} INFO - Using connection ID 'postgres_con' for task execution.
[2023-08-30T17:41:19.373+0000] {base.py:73} INFO - Using connection ID 'postgres_con' for task execution.
[2023-08-30T17:41:19.430+0000] {base.py:73} INFO - Using connection ID 'postgres_con' for task execution.
[2023-08-30T17:41:19.487+0000] {base.py:73} INFO - Using connection ID 'postgres_con' for task execution.
[2023-08-30T17:41:19.568+0000] {base.py:73} INFO - Using connection ID 'postgres_con' for task execution.
[2023-08-30T17:41:19.668+0000] {base.py:73} INFO - Using connection ID 'postgres_con' for task execution.
[2023-08-30T17:41:19.724+0000] {base.py:73} INFO - Using connection ID 'postgres_con' for task execution.
[2023-08-30T17:41:19.779+0000] {base.py:73} INFO - Using connection ID 'postgres_con' for task execution.
[2023-08-30T17:41:19.837+0000] {base.py:73} INFO - Using connection ID 'postgres_con' for task execution.
[2023-08-30T17:41:19.894+0000] {base.py:73} INFO - Using connection ID 'postgres_con' for task execution.
[2023-08-30T17:41:19.949+0000] {base.py:73} INFO - Using connection ID 'postgres_con' for task execution.
[2023-08-30T17:41:20.010+0000] {base.py:73} INFO - Using connection ID 'postgres_con' for task execution.
[2023-08-30T17:41:20.066+0000] {base.py:73} INFO - Using connection ID 'postgres_con' for task execution.
[2023-08-30T17:41:20.119+0000] {base.py:73} INFO - Using connection ID 'postgres_con' for task execution.
[2023-08-30T17:41:20.174+0000] {base.py:73} INFO - Using connection ID 'postgres_con' for task execution.
[2023-08-30T17:41:20.230+0000] {base.py:73} INFO - Using connection ID 'postgres_con' for task execution.
[2023-08-30T17:41:20.285+0000] {base.py:73} INFO - Using connection ID 'postgres_con' for task execution.
[2023-08-30T17:41:20.344+0000] {base.py:73} INFO - Using connection ID 'postgres_con' for task execution.
[2023-08-30T17:41:20.400+0000] {base.py:73} INFO - Using connection ID 'postgres_con' for task execution.
[2023-08-30T17:41:20.463+0000] {base.py:73} INFO - Using connection ID 'postgres_con' for task execution.
[2023-08-30T17:41:20.535+0000] {base.py:73} INFO - Using connection ID 'postgres_con' for task execution.
[2023-08-30T17:41:20.592+0000] {base.py:73} INFO - Using connection ID 'postgres_con' for task execution.
[2023-08-30T17:41:20.648+0000] {base.py:73} INFO - Using connection ID 'postgres_con' for task execution.
[2023-08-30T17:41:20.706+0000] {base.py:73} INFO - Using connection ID 'postgres_con' for task execution.
[2023-08-30T17:41:20.767+0000] {base.py:73} INFO - Using connection ID 'postgres_con' for task execution.
[2023-08-30T17:41:20.828+0000] {base.py:73} INFO - Using connection ID 'postgres_con' for task execution.
[2023-08-30T17:41:20.884+0000] {base.py:73} INFO - Using connection ID 'postgres_con' for task execution.
[2023-08-30T17:41:20.938+0000] {base.py:73} INFO - Using connection ID 'postgres_con' for task execution.
[2023-08-30T17:41:20.996+0000] {base.py:73} INFO - Using connection ID 'postgres_con' for task execution.
[2023-08-30T17:41:21.049+0000] {base.py:73} INFO - Using connection ID 'postgres_con' for task execution.
[2023-08-30T17:41:21.107+0000] {base.py:73} INFO - Using connection ID 'postgres_con' for task execution.
[2023-08-30T17:41:21.163+0000] {base.py:73} INFO - Using connection ID 'postgres_con' for task execution.
[2023-08-30T17:41:21.220+0000] {base.py:73} INFO - Using connection ID 'postgres_con' for task execution.
[2023-08-30T17:41:21.278+0000] {base.py:73} INFO - Using connection ID 'postgres_con' for task execution.
[2023-08-30T17:41:21.337+0000] {base.py:73} INFO - Using connection ID 'postgres_con' for task execution.
[2023-08-30T17:41:21.392+0000] {base.py:73} INFO - Using connection ID 'postgres_con' for task execution.
[2023-08-30T17:41:21.448+0000] {base.py:73} INFO - Using connection ID 'postgres_con' for task execution.
[2023-08-30T17:41:21.507+0000] {base.py:73} INFO - Using connection ID 'postgres_con' for task execution.
[2023-08-30T17:41:21.572+0000] {base.py:73} INFO - Using connection ID 'postgres_con' for task execution.
[2023-08-30T17:41:21.631+0000] {base.py:73} INFO - Using connection ID 'postgres_con' for task execution.
[2023-08-30T17:41:21.691+0000] {base.py:73} INFO - Using connection ID 'postgres_con' for task execution.
[2023-08-30T17:41:21.752+0000] {base.py:73} INFO - Using connection ID 'postgres_con' for task execution.
[2023-08-30T17:41:21.809+0000] {base.py:73} INFO - Using connection ID 'postgres_con' for task execution.
[2023-08-30T17:41:21.862+0000] {base.py:73} INFO - Using connection ID 'postgres_con' for task execution.
[2023-08-30T17:41:21.919+0000] {base.py:73} INFO - Using connection ID 'postgres_con' for task execution.
[2023-08-30T17:41:21.982+0000] {base.py:73} INFO - Using connection ID 'postgres_con' for task execution.
[2023-08-30T17:41:22.039+0000] {base.py:73} INFO - Using connection ID 'postgres_con' for task execution.
[2023-08-30T17:41:22.094+0000] {base.py:73} INFO - Using connection ID 'postgres_con' for task execution.
[2023-08-30T17:41:22.149+0000] {base.py:73} INFO - Using connection ID 'postgres_con' for task execution.
[2023-08-30T17:41:22.206+0000] {base.py:73} INFO - Using connection ID 'postgres_con' for task execution.
[2023-08-30T17:41:22.261+0000] {base.py:73} INFO - Using connection ID 'postgres_con' for task execution.
[2023-08-30T17:41:22.316+0000] {base.py:73} INFO - Using connection ID 'postgres_con' for task execution.
[2023-08-30T17:41:22.370+0000] {base.py:73} INFO - Using connection ID 'postgres_con' for task execution.
[2023-08-30T17:41:22.425+0000] {base.py:73} INFO - Using connection ID 'postgres_con' for task execution.
[2023-08-30T17:41:22.478+0000] {base.py:73} INFO - Using connection ID 'postgres_con' for task execution.
[2023-08-30T17:41:22.536+0000] {base.py:73} INFO - Using connection ID 'postgres_con' for task execution.
[2023-08-30T17:41:22.604+0000] {base.py:73} INFO - Using connection ID 'postgres_con' for task execution.
[2023-08-30T17:41:22.661+0000] {base.py:73} INFO - Using connection ID 'postgres_con' for task execution.
[2023-08-30T17:41:22.717+0000] {base.py:73} INFO - Using connection ID 'postgres_con' for task execution.
[2023-08-30T17:41:22.774+0000] {base.py:73} INFO - Using connection ID 'postgres_con' for task execution.
[2023-08-30T17:41:22.828+0000] {base.py:73} INFO - Using connection ID 'postgres_con' for task execution.
[2023-08-30T17:41:22.884+0000] {base.py:73} INFO - Using connection ID 'postgres_con' for task execution.
[2023-08-30T17:41:22.955+0000] {base.py:73} INFO - Using connection ID 'postgres_con' for task execution.
[2023-08-30T17:41:23.016+0000] {base.py:73} INFO - Using connection ID 'postgres_con' for task execution.
[2023-08-30T17:41:23.094+0000] {base.py:73} INFO - Using connection ID 'postgres_con' for task execution.
[2023-08-30T17:41:23.180+0000] {base.py:73} INFO - Using connection ID 'postgres_con' for task execution.
[2023-08-30T17:41:23.242+0000] {base.py:73} INFO - Using connection ID 'postgres_con' for task execution.
[2023-08-30T17:41:23.298+0000] {base.py:73} INFO - Using connection ID 'postgres_con' for task execution.
[2023-08-30T17:41:23.353+0000] {base.py:73} INFO - Using connection ID 'postgres_con' for task execution.
[2023-08-30T17:41:23.406+0000] {base.py:73} INFO - Using connection ID 'postgres_con' for task execution.
[2023-08-30T17:41:23.461+0000] {base.py:73} INFO - Using connection ID 'postgres_con' for task execution.
[2023-08-30T17:41:23.517+0000] {base.py:73} INFO - Using connection ID 'postgres_con' for task execution.
[2023-08-30T17:41:23.575+0000] {base.py:73} INFO - Using connection ID 'postgres_con' for task execution.
[2023-08-30T17:41:23.634+0000] {base.py:73} INFO - Using connection ID 'postgres_con' for task execution.
[2023-08-30T17:41:23.687+0000] {base.py:73} INFO - Using connection ID 'postgres_con' for task execution.
[2023-08-30T17:41:23.743+0000] {base.py:73} INFO - Using connection ID 'postgres_con' for task execution.
[2023-08-30T17:41:23.798+0000] {base.py:73} INFO - Using connection ID 'postgres_con' for task execution.
[2023-08-30T17:41:23.851+0000] {base.py:73} INFO - Using connection ID 'postgres_con' for task execution.
[2023-08-30T17:41:23.906+0000] {base.py:73} INFO - Using connection ID 'postgres_con' for task execution.
[2023-08-30T17:41:23.962+0000] {base.py:73} INFO - Using connection ID 'postgres_con' for task execution.
[2023-08-30T17:41:24.025+0000] {base.py:73} INFO - Using connection ID 'postgres_con' for task execution.
[2023-08-30T17:41:24.083+0000] {base.py:73} INFO - Using connection ID 'postgres_con' for task execution.
[2023-08-30T17:41:24.140+0000] {base.py:73} INFO - Using connection ID 'postgres_con' for task execution.
[2023-08-30T17:41:24.197+0000] {base.py:73} INFO - Using connection ID 'postgres_con' for task execution.
[2023-08-30T17:41:24.253+0000] {base.py:73} INFO - Using connection ID 'postgres_con' for task execution.
[2023-08-30T17:41:24.308+0000] {base.py:73} INFO - Using connection ID 'postgres_con' for task execution.
[2023-08-30T17:41:24.365+0000] {base.py:73} INFO - Using connection ID 'postgres_con' for task execution.
[2023-08-30T17:41:24.421+0000] {base.py:73} INFO - Using connection ID 'postgres_con' for task execution.
[2023-08-30T17:41:24.476+0000] {base.py:73} INFO - Using connection ID 'postgres_con' for task execution.
[2023-08-30T17:41:24.541+0000] {base.py:73} INFO - Using connection ID 'postgres_con' for task execution.
[2023-08-30T17:41:24.597+0000] {base.py:73} INFO - Using connection ID 'postgres_con' for task execution.
[2023-08-30T17:41:24.656+0000] {base.py:73} INFO - Using connection ID 'postgres_con' for task execution.
[2023-08-30T17:41:24.716+0000] {base.py:73} INFO - Using connection ID 'postgres_con' for task execution.
[2023-08-30T17:41:24.773+0000] {base.py:73} INFO - Using connection ID 'postgres_con' for task execution.
[2023-08-30T17:41:24.827+0000] {base.py:73} INFO - Using connection ID 'postgres_con' for task execution.
[2023-08-30T17:41:24.889+0000] {base.py:73} INFO - Using connection ID 'postgres_con' for task execution.
[2023-08-30T17:41:24.945+0000] {base.py:73} INFO - Using connection ID 'postgres_con' for task execution.
[2023-08-30T17:41:25.001+0000] {base.py:73} INFO - Using connection ID 'postgres_con' for task execution.
[2023-08-30T17:41:25.056+0000] {base.py:73} INFO - Using connection ID 'postgres_con' for task execution.
[2023-08-30T17:41:25.110+0000] {base.py:73} INFO - Using connection ID 'postgres_con' for task execution.
[2023-08-30T17:41:25.168+0000] {base.py:73} INFO - Using connection ID 'postgres_con' for task execution.
[2023-08-30T17:41:25.224+0000] {base.py:73} INFO - Using connection ID 'postgres_con' for task execution.
[2023-08-30T17:41:25.278+0000] {base.py:73} INFO - Using connection ID 'postgres_con' for task execution.
[2023-08-30T17:41:25.335+0000] {base.py:73} INFO - Using connection ID 'postgres_con' for task execution.
[2023-08-30T17:41:25.393+0000] {base.py:73} INFO - Using connection ID 'postgres_con' for task execution.
[2023-08-30T17:41:25.457+0000] {base.py:73} INFO - Using connection ID 'postgres_con' for task execution.
[2023-08-30T17:41:25.522+0000] {base.py:73} INFO - Using connection ID 'postgres_con' for task execution.
[2023-08-30T17:41:25.661+0000] {base.py:73} INFO - Using connection ID 'postgres_con' for task execution.
[2023-08-30T17:41:25.746+0000] {base.py:73} INFO - Using connection ID 'postgres_con' for task execution.
[2023-08-30T17:41:25.809+0000] {base.py:73} INFO - Using connection ID 'postgres_con' for task execution.
[2023-08-30T17:41:25.877+0000] {base.py:73} INFO - Using connection ID 'postgres_con' for task execution.
[2023-08-30T17:41:25.938+0000] {base.py:73} INFO - Using connection ID 'postgres_con' for task execution.
[2023-08-30T17:41:26.001+0000] {base.py:73} INFO - Using connection ID 'postgres_con' for task execution.
[2023-08-30T17:41:26.059+0000] {base.py:73} INFO - Using connection ID 'postgres_con' for task execution.
[2023-08-30T17:41:26.115+0000] {base.py:73} INFO - Using connection ID 'postgres_con' for task execution.
[2023-08-30T17:41:26.170+0000] {base.py:73} INFO - Using connection ID 'postgres_con' for task execution.
[2023-08-30T17:41:26.225+0000] {base.py:73} INFO - Using connection ID 'postgres_con' for task execution.
[2023-08-30T17:41:26.284+0000] {base.py:73} INFO - Using connection ID 'postgres_con' for task execution.
[2023-08-30T17:41:26.339+0000] {base.py:73} INFO - Using connection ID 'postgres_con' for task execution.
[2023-08-30T17:41:26.396+0000] {base.py:73} INFO - Using connection ID 'postgres_con' for task execution.
[2023-08-30T17:41:26.450+0000] {base.py:73} INFO - Using connection ID 'postgres_con' for task execution.
[2023-08-30T17:41:26.508+0000] {base.py:73} INFO - Using connection ID 'postgres_con' for task execution.
[2023-08-30T17:41:26.562+0000] {base.py:73} INFO - Using connection ID 'postgres_con' for task execution.
[2023-08-30T17:41:26.616+0000] {base.py:73} INFO - Using connection ID 'postgres_con' for task execution.
[2023-08-30T17:41:26.673+0000] {base.py:73} INFO - Using connection ID 'postgres_con' for task execution.
[2023-08-30T17:41:26.752+0000] {base.py:73} INFO - Using connection ID 'postgres_con' for task execution.
[2023-08-30T17:41:26.872+0000] {base.py:73} INFO - Using connection ID 'postgres_con' for task execution.
[2023-08-30T17:41:26.968+0000] {base.py:73} INFO - Using connection ID 'postgres_con' for task execution.
[2023-08-30T17:41:27.043+0000] {base.py:73} INFO - Using connection ID 'postgres_con' for task execution.
[2023-08-30T17:41:27.105+0000] {base.py:73} INFO - Using connection ID 'postgres_con' for task execution.
[2023-08-30T17:41:27.163+0000] {base.py:73} INFO - Using connection ID 'postgres_con' for task execution.
[2023-08-30T17:41:27.218+0000] {base.py:73} INFO - Using connection ID 'postgres_con' for task execution.
[2023-08-30T17:41:27.274+0000] {base.py:73} INFO - Using connection ID 'postgres_con' for task execution.
[2023-08-30T17:41:27.328+0000] {base.py:73} INFO - Using connection ID 'postgres_con' for task execution.
[2023-08-30T17:41:27.386+0000] {base.py:73} INFO - Using connection ID 'postgres_con' for task execution.
[2023-08-30T17:41:27.444+0000] {base.py:73} INFO - Using connection ID 'postgres_con' for task execution.
[2023-08-30T17:41:27.497+0000] {base.py:73} INFO - Using connection ID 'postgres_con' for task execution.
[2023-08-30T17:41:27.553+0000] {base.py:73} INFO - Using connection ID 'postgres_con' for task execution.
[2023-08-30T17:41:27.612+0000] {base.py:73} INFO - Using connection ID 'postgres_con' for task execution.
[2023-08-30T17:41:27.669+0000] {base.py:73} INFO - Using connection ID 'postgres_con' for task execution.
[2023-08-30T17:41:27.724+0000] {base.py:73} INFO - Using connection ID 'postgres_con' for task execution.
[2023-08-30T17:41:27.784+0000] {base.py:73} INFO - Using connection ID 'postgres_con' for task execution.
[2023-08-30T17:41:27.853+0000] {base.py:73} INFO - Using connection ID 'postgres_con' for task execution.
[2023-08-30T17:41:27.929+0000] {base.py:73} INFO - Using connection ID 'postgres_con' for task execution.
[2023-08-30T17:41:28.001+0000] {base.py:73} INFO - Using connection ID 'postgres_con' for task execution.
[2023-08-30T17:41:28.118+0000] {base.py:73} INFO - Using connection ID 'postgres_con' for task execution.
[2023-08-30T17:41:28.211+0000] {base.py:73} INFO - Using connection ID 'postgres_con' for task execution.
[2023-08-30T17:41:28.287+0000] {base.py:73} INFO - Using connection ID 'postgres_con' for task execution.
[2023-08-30T17:41:28.354+0000] {base.py:73} INFO - Using connection ID 'postgres_con' for task execution.
[2023-08-30T17:41:28.415+0000] {base.py:73} INFO - Using connection ID 'postgres_con' for task execution.
[2023-08-30T17:41:28.473+0000] {base.py:73} INFO - Using connection ID 'postgres_con' for task execution.
[2023-08-30T17:41:28.529+0000] {base.py:73} INFO - Using connection ID 'postgres_con' for task execution.
[2023-08-30T17:41:28.584+0000] {base.py:73} INFO - Using connection ID 'postgres_con' for task execution.
[2023-08-30T17:41:28.651+0000] {base.py:73} INFO - Using connection ID 'postgres_con' for task execution.
[2023-08-30T17:41:28.712+0000] {base.py:73} INFO - Using connection ID 'postgres_con' for task execution.
[2023-08-30T17:41:28.770+0000] {base.py:73} INFO - Using connection ID 'postgres_con' for task execution.
[2023-08-30T17:41:28.839+0000] {base.py:73} INFO - Using connection ID 'postgres_con' for task execution.
[2023-08-30T17:41:28.909+0000] {base.py:73} INFO - Using connection ID 'postgres_con' for task execution.
[2023-08-30T17:41:28.970+0000] {base.py:73} INFO - Using connection ID 'postgres_con' for task execution.
[2023-08-30T17:41:29.025+0000] {base.py:73} INFO - Using connection ID 'postgres_con' for task execution.
[2023-08-30T17:41:29.096+0000] {base.py:73} INFO - Using connection ID 'postgres_con' for task execution.
[2023-08-30T17:41:29.154+0000] {base.py:73} INFO - Using connection ID 'postgres_con' for task execution.
[2023-08-30T17:41:29.209+0000] {base.py:73} INFO - Using connection ID 'postgres_con' for task execution.
[2023-08-30T17:41:29.264+0000] {base.py:73} INFO - Using connection ID 'postgres_con' for task execution.
[2023-08-30T17:41:29.319+0000] {base.py:73} INFO - Using connection ID 'postgres_con' for task execution.
[2023-08-30T17:41:29.402+0000] {base.py:73} INFO - Using connection ID 'postgres_con' for task execution.
[2023-08-30T17:41:29.472+0000] {base.py:73} INFO - Using connection ID 'postgres_con' for task execution.
[2023-08-30T17:41:29.540+0000] {base.py:73} INFO - Using connection ID 'postgres_con' for task execution.
[2023-08-30T17:41:29.600+0000] {base.py:73} INFO - Using connection ID 'postgres_con' for task execution.
[2023-08-30T17:41:29.658+0000] {base.py:73} INFO - Using connection ID 'postgres_con' for task execution.
[2023-08-30T17:41:29.726+0000] {base.py:73} INFO - Using connection ID 'postgres_con' for task execution.
[2023-08-30T17:41:29.781+0000] {base.py:73} INFO - Using connection ID 'postgres_con' for task execution.
[2023-08-30T17:41:29.836+0000] {base.py:73} INFO - Using connection ID 'postgres_con' for task execution.
[2023-08-30T17:41:29.891+0000] {base.py:73} INFO - Using connection ID 'postgres_con' for task execution.
[2023-08-30T17:41:29.946+0000] {base.py:73} INFO - Using connection ID 'postgres_con' for task execution.
[2023-08-30T17:41:30.005+0000] {base.py:73} INFO - Using connection ID 'postgres_con' for task execution.
[2023-08-30T17:41:30.064+0000] {base.py:73} INFO - Using connection ID 'postgres_con' for task execution.
[2023-08-30T17:41:30.120+0000] {base.py:73} INFO - Using connection ID 'postgres_con' for task execution.
[2023-08-30T17:41:30.174+0000] {base.py:73} INFO - Using connection ID 'postgres_con' for task execution.
[2023-08-30T17:41:30.231+0000] {base.py:73} INFO - Using connection ID 'postgres_con' for task execution.
[2023-08-30T17:41:30.296+0000] {base.py:73} INFO - Using connection ID 'postgres_con' for task execution.
[2023-08-30T17:41:30.352+0000] {base.py:73} INFO - Using connection ID 'postgres_con' for task execution.
[2023-08-30T17:41:30.408+0000] {base.py:73} INFO - Using connection ID 'postgres_con' for task execution.
[2023-08-30T17:41:30.468+0000] {base.py:73} INFO - Using connection ID 'postgres_con' for task execution.
[2023-08-30T17:41:30.567+0000] {base.py:73} INFO - Using connection ID 'postgres_con' for task execution.
[2023-08-30T17:41:30.637+0000] {base.py:73} INFO - Using connection ID 'postgres_con' for task execution.
[2023-08-30T17:41:30.728+0000] {base.py:73} INFO - Using connection ID 'postgres_con' for task execution.
[2023-08-30T17:41:30.801+0000] {base.py:73} INFO - Using connection ID 'postgres_con' for task execution.
[2023-08-30T17:41:30.893+0000] {base.py:73} INFO - Using connection ID 'postgres_con' for task execution.
[2023-08-30T17:41:30.999+0000] {base.py:73} INFO - Using connection ID 'postgres_con' for task execution.
[2023-08-30T17:41:31.083+0000] {base.py:73} INFO - Using connection ID 'postgres_con' for task execution.
[2023-08-30T17:41:31.173+0000] {base.py:73} INFO - Using connection ID 'postgres_con' for task execution.
[2023-08-30T17:41:31.252+0000] {base.py:73} INFO - Using connection ID 'postgres_con' for task execution.
[2023-08-30T17:41:31.321+0000] {base.py:73} INFO - Using connection ID 'postgres_con' for task execution.
[2023-08-30T17:41:31.386+0000] {base.py:73} INFO - Using connection ID 'postgres_con' for task execution.
[2023-08-30T17:41:31.442+0000] {base.py:73} INFO - Using connection ID 'postgres_con' for task execution.
[2023-08-30T17:41:31.498+0000] {base.py:73} INFO - Using connection ID 'postgres_con' for task execution.
[2023-08-30T17:41:31.653+0000] {base.py:73} INFO - Using connection ID 'postgres_con' for task execution.
[2023-08-30T17:41:31.789+0000] {base.py:73} INFO - Using connection ID 'postgres_con' for task execution.
[2023-08-30T17:41:31.865+0000] {base.py:73} INFO - Using connection ID 'postgres_con' for task execution.
[2023-08-30T17:41:31.935+0000] {base.py:73} INFO - Using connection ID 'postgres_con' for task execution.
[2023-08-30T17:41:31.994+0000] {base.py:73} INFO - Using connection ID 'postgres_con' for task execution.
[2023-08-30T17:41:32.064+0000] {base.py:73} INFO - Using connection ID 'postgres_con' for task execution.
[2023-08-30T17:41:32.124+0000] {base.py:73} INFO - Using connection ID 'postgres_con' for task execution.
[2023-08-30T17:41:32.185+0000] {base.py:73} INFO - Using connection ID 'postgres_con' for task execution.
[2023-08-30T17:41:32.247+0000] {base.py:73} INFO - Using connection ID 'postgres_con' for task execution.
[2023-08-30T17:41:32.309+0000] {base.py:73} INFO - Using connection ID 'postgres_con' for task execution.
[2023-08-30T17:41:32.396+0000] {base.py:73} INFO - Using connection ID 'postgres_con' for task execution.
[2023-08-30T17:41:32.462+0000] {base.py:73} INFO - Using connection ID 'postgres_con' for task execution.
[2023-08-30T17:41:32.525+0000] {base.py:73} INFO - Using connection ID 'postgres_con' for task execution.
[2023-08-30T17:41:32.591+0000] {base.py:73} INFO - Using connection ID 'postgres_con' for task execution.
[2023-08-30T17:41:32.675+0000] {base.py:73} INFO - Using connection ID 'postgres_con' for task execution.
[2023-08-30T17:41:32.786+0000] {base.py:73} INFO - Using connection ID 'postgres_con' for task execution.
[2023-08-30T17:41:32.869+0000] {base.py:73} INFO - Using connection ID 'postgres_con' for task execution.
[2023-08-30T17:41:32.951+0000] {base.py:73} INFO - Using connection ID 'postgres_con' for task execution.
[2023-08-30T17:41:33.033+0000] {base.py:73} INFO - Using connection ID 'postgres_con' for task execution.
[2023-08-30T17:41:33.090+0000] {base.py:73} INFO - Using connection ID 'postgres_con' for task execution.
[2023-08-30T17:41:33.149+0000] {base.py:73} INFO - Using connection ID 'postgres_con' for task execution.
[2023-08-30T17:41:33.217+0000] {base.py:73} INFO - Using connection ID 'postgres_con' for task execution.
[2023-08-30T17:41:33.277+0000] {base.py:73} INFO - Using connection ID 'postgres_con' for task execution.
[2023-08-30T17:41:33.338+0000] {base.py:73} INFO - Using connection ID 'postgres_con' for task execution.
[2023-08-30T17:41:33.425+0000] {base.py:73} INFO - Using connection ID 'postgres_con' for task execution.
[2023-08-30T17:41:33.483+0000] {base.py:73} INFO - Using connection ID 'postgres_con' for task execution.
[2023-08-30T17:41:33.540+0000] {base.py:73} INFO - Using connection ID 'postgres_con' for task execution.
[2023-08-30T17:41:33.599+0000] {base.py:73} INFO - Using connection ID 'postgres_con' for task execution.
[2023-08-30T17:41:33.663+0000] {base.py:73} INFO - Using connection ID 'postgres_con' for task execution.
[2023-08-30T17:41:33.728+0000] {base.py:73} INFO - Using connection ID 'postgres_con' for task execution.
[2023-08-30T17:41:33.785+0000] {base.py:73} INFO - Using connection ID 'postgres_con' for task execution.
[2023-08-30T17:41:33.840+0000] {base.py:73} INFO - Using connection ID 'postgres_con' for task execution.
[2023-08-30T17:41:33.899+0000] {base.py:73} INFO - Using connection ID 'postgres_con' for task execution.
[2023-08-30T17:41:33.957+0000] {base.py:73} INFO - Using connection ID 'postgres_con' for task execution.
[2023-08-30T17:41:34.012+0000] {base.py:73} INFO - Using connection ID 'postgres_con' for task execution.
[2023-08-30T17:41:34.077+0000] {base.py:73} INFO - Using connection ID 'postgres_con' for task execution.
[2023-08-30T17:41:34.143+0000] {base.py:73} INFO - Using connection ID 'postgres_con' for task execution.
[2023-08-30T17:41:34.203+0000] {base.py:73} INFO - Using connection ID 'postgres_con' for task execution.
[2023-08-30T17:41:34.256+0000] {base.py:73} INFO - Using connection ID 'postgres_con' for task execution.
[2023-08-30T17:41:34.313+0000] {base.py:73} INFO - Using connection ID 'postgres_con' for task execution.
[2023-08-30T17:41:34.370+0000] {base.py:73} INFO - Using connection ID 'postgres_con' for task execution.
[2023-08-30T17:41:34.426+0000] {base.py:73} INFO - Using connection ID 'postgres_con' for task execution.
[2023-08-30T17:41:34.481+0000] {base.py:73} INFO - Using connection ID 'postgres_con' for task execution.
[2023-08-30T17:41:34.538+0000] {base.py:73} INFO - Using connection ID 'postgres_con' for task execution.
[2023-08-30T17:41:34.593+0000] {base.py:73} INFO - Using connection ID 'postgres_con' for task execution.
[2023-08-30T17:41:34.647+0000] {base.py:73} INFO - Using connection ID 'postgres_con' for task execution.
[2023-08-30T17:41:34.703+0000] {base.py:73} INFO - Using connection ID 'postgres_con' for task execution.
[2023-08-30T17:41:34.768+0000] {base.py:73} INFO - Using connection ID 'postgres_con' for task execution.
[2023-08-30T17:41:34.845+0000] {base.py:73} INFO - Using connection ID 'postgres_con' for task execution.
[2023-08-30T17:41:34.913+0000] {base.py:73} INFO - Using connection ID 'postgres_con' for task execution.
[2023-08-30T17:41:34.972+0000] {base.py:73} INFO - Using connection ID 'postgres_con' for task execution.
[2023-08-30T17:41:35.031+0000] {base.py:73} INFO - Using connection ID 'postgres_con' for task execution.
[2023-08-30T17:41:35.091+0000] {base.py:73} INFO - Using connection ID 'postgres_con' for task execution.
[2023-08-30T17:41:35.162+0000] {base.py:73} INFO - Using connection ID 'postgres_con' for task execution.
[2023-08-30T17:41:35.231+0000] {base.py:73} INFO - Using connection ID 'postgres_con' for task execution.
[2023-08-30T17:41:35.303+0000] {base.py:73} INFO - Using connection ID 'postgres_con' for task execution.
[2023-08-30T17:41:35.382+0000] {base.py:73} INFO - Using connection ID 'postgres_con' for task execution.
[2023-08-30T17:41:35.487+0000] {base.py:73} INFO - Using connection ID 'postgres_con' for task execution.
[2023-08-30T17:41:35.623+0000] {base.py:73} INFO - Using connection ID 'postgres_con' for task execution.
[2023-08-30T17:41:35.719+0000] {base.py:73} INFO - Using connection ID 'postgres_con' for task execution.
[2023-08-30T17:41:35.808+0000] {base.py:73} INFO - Using connection ID 'postgres_con' for task execution.
[2023-08-30T17:41:35.893+0000] {base.py:73} INFO - Using connection ID 'postgres_con' for task execution.
[2023-08-30T17:41:35.966+0000] {base.py:73} INFO - Using connection ID 'postgres_con' for task execution.
[2023-08-30T17:41:36.068+0000] {base.py:73} INFO - Using connection ID 'postgres_con' for task execution.
[2023-08-30T17:41:36.133+0000] {base.py:73} INFO - Using connection ID 'postgres_con' for task execution.
[2023-08-30T17:41:36.200+0000] {base.py:73} INFO - Using connection ID 'postgres_con' for task execution.
[2023-08-30T17:41:36.277+0000] {base.py:73} INFO - Using connection ID 'postgres_con' for task execution.
[2023-08-30T17:41:36.342+0000] {base.py:73} INFO - Using connection ID 'postgres_con' for task execution.
[2023-08-30T17:41:36.417+0000] {base.py:73} INFO - Using connection ID 'postgres_con' for task execution.
[2023-08-30T17:41:36.482+0000] {base.py:73} INFO - Using connection ID 'postgres_con' for task execution.
[2023-08-30T17:41:36.570+0000] {base.py:73} INFO - Using connection ID 'postgres_con' for task execution.
[2023-08-30T17:41:36.633+0000] {base.py:73} INFO - Using connection ID 'postgres_con' for task execution.
[2023-08-30T17:41:36.693+0000] {base.py:73} INFO - Using connection ID 'postgres_con' for task execution.
[2023-08-30T17:41:36.760+0000] {base.py:73} INFO - Using connection ID 'postgres_con' for task execution.
[2023-08-30T17:41:36.825+0000] {base.py:73} INFO - Using connection ID 'postgres_con' for task execution.
[2023-08-30T17:41:36.889+0000] {base.py:73} INFO - Using connection ID 'postgres_con' for task execution.
[2023-08-30T17:41:36.969+0000] {base.py:73} INFO - Using connection ID 'postgres_con' for task execution.
[2023-08-30T17:41:37.045+0000] {base.py:73} INFO - Using connection ID 'postgres_con' for task execution.
[2023-08-30T17:41:37.117+0000] {base.py:73} INFO - Using connection ID 'postgres_con' for task execution.
[2023-08-30T17:41:37.175+0000] {base.py:73} INFO - Using connection ID 'postgres_con' for task execution.
[2023-08-30T17:41:37.247+0000] {base.py:73} INFO - Using connection ID 'postgres_con' for task execution.
[2023-08-30T17:41:37.303+0000] {base.py:73} INFO - Using connection ID 'postgres_con' for task execution.
[2023-08-30T17:41:37.361+0000] {base.py:73} INFO - Using connection ID 'postgres_con' for task execution.
[2023-08-30T17:41:37.416+0000] {base.py:73} INFO - Using connection ID 'postgres_con' for task execution.
[2023-08-30T17:41:37.475+0000] {base.py:73} INFO - Using connection ID 'postgres_con' for task execution.
[2023-08-30T17:41:37.548+0000] {base.py:73} INFO - Using connection ID 'postgres_con' for task execution.
[2023-08-30T17:41:37.709+0000] {base.py:73} INFO - Using connection ID 'postgres_con' for task execution.
[2023-08-30T17:41:37.775+0000] {base.py:73} INFO - Using connection ID 'postgres_con' for task execution.
[2023-08-30T17:41:37.834+0000] {base.py:73} INFO - Using connection ID 'postgres_con' for task execution.
[2023-08-30T17:41:37.904+0000] {base.py:73} INFO - Using connection ID 'postgres_con' for task execution.
[2023-08-30T17:41:37.998+0000] {base.py:73} INFO - Using connection ID 'postgres_con' for task execution.
[2023-08-30T17:41:38.076+0000] {base.py:73} INFO - Using connection ID 'postgres_con' for task execution.
[2023-08-30T17:41:38.145+0000] {base.py:73} INFO - Using connection ID 'postgres_con' for task execution.
[2023-08-30T17:41:38.214+0000] {base.py:73} INFO - Using connection ID 'postgres_con' for task execution.
[2023-08-30T17:41:38.314+0000] {base.py:73} INFO - Using connection ID 'postgres_con' for task execution.
[2023-08-30T17:41:38.413+0000] {base.py:73} INFO - Using connection ID 'postgres_con' for task execution.
[2023-08-30T17:41:38.487+0000] {base.py:73} INFO - Using connection ID 'postgres_con' for task execution.
[2023-08-30T17:41:38.553+0000] {base.py:73} INFO - Using connection ID 'postgres_con' for task execution.
[2023-08-30T17:41:38.621+0000] {base.py:73} INFO - Using connection ID 'postgres_con' for task execution.
[2023-08-30T17:41:38.702+0000] {base.py:73} INFO - Using connection ID 'postgres_con' for task execution.
[2023-08-30T17:41:38.760+0000] {base.py:73} INFO - Using connection ID 'postgres_con' for task execution.
[2023-08-30T17:41:38.818+0000] {base.py:73} INFO - Using connection ID 'postgres_con' for task execution.
[2023-08-30T17:41:38.875+0000] {base.py:73} INFO - Using connection ID 'postgres_con' for task execution.
[2023-08-30T17:41:38.929+0000] {base.py:73} INFO - Using connection ID 'postgres_con' for task execution.
[2023-08-30T17:41:38.986+0000] {base.py:73} INFO - Using connection ID 'postgres_con' for task execution.
[2023-08-30T17:41:39.042+0000] {base.py:73} INFO - Using connection ID 'postgres_con' for task execution.
[2023-08-30T17:41:39.099+0000] {base.py:73} INFO - Using connection ID 'postgres_con' for task execution.
[2023-08-30T17:41:39.164+0000] {base.py:73} INFO - Using connection ID 'postgres_con' for task execution.
[2023-08-30T17:41:39.220+0000] {base.py:73} INFO - Using connection ID 'postgres_con' for task execution.
[2023-08-30T17:41:39.274+0000] {base.py:73} INFO - Using connection ID 'postgres_con' for task execution.
[2023-08-30T17:41:39.330+0000] {base.py:73} INFO - Using connection ID 'postgres_con' for task execution.
[2023-08-30T17:41:39.385+0000] {base.py:73} INFO - Using connection ID 'postgres_con' for task execution.
[2023-08-30T17:41:39.441+0000] {base.py:73} INFO - Using connection ID 'postgres_con' for task execution.
[2023-08-30T17:41:39.495+0000] {base.py:73} INFO - Using connection ID 'postgres_con' for task execution.
[2023-08-30T17:41:39.561+0000] {base.py:73} INFO - Using connection ID 'postgres_con' for task execution.
[2023-08-30T17:41:39.618+0000] {base.py:73} INFO - Using connection ID 'postgres_con' for task execution.
[2023-08-30T17:41:39.674+0000] {base.py:73} INFO - Using connection ID 'postgres_con' for task execution.
[2023-08-30T17:41:39.733+0000] {base.py:73} INFO - Using connection ID 'postgres_con' for task execution.
[2023-08-30T17:41:39.794+0000] {base.py:73} INFO - Using connection ID 'postgres_con' for task execution.
[2023-08-30T17:41:39.848+0000] {base.py:73} INFO - Using connection ID 'postgres_con' for task execution.
[2023-08-30T17:41:39.912+0000] {base.py:73} INFO - Using connection ID 'postgres_con' for task execution.
[2023-08-30T17:41:39.978+0000] {base.py:73} INFO - Using connection ID 'postgres_con' for task execution.
[2023-08-30T17:41:40.038+0000] {base.py:73} INFO - Using connection ID 'postgres_con' for task execution.
[2023-08-30T17:41:40.095+0000] {base.py:73} INFO - Using connection ID 'postgres_con' for task execution.
[2023-08-30T17:41:40.150+0000] {base.py:73} INFO - Using connection ID 'postgres_con' for task execution.
[2023-08-30T17:41:40.205+0000] {base.py:73} INFO - Using connection ID 'postgres_con' for task execution.
[2023-08-30T17:41:40.270+0000] {base.py:73} INFO - Using connection ID 'postgres_con' for task execution.
[2023-08-30T17:41:40.325+0000] {base.py:73} INFO - Using connection ID 'postgres_con' for task execution.
[2023-08-30T17:41:40.381+0000] {base.py:73} INFO - Using connection ID 'postgres_con' for task execution.
[2023-08-30T17:41:40.437+0000] {base.py:73} INFO - Using connection ID 'postgres_con' for task execution.
[2023-08-30T17:41:40.517+0000] {base.py:73} INFO - Using connection ID 'postgres_con' for task execution.
[2023-08-30T17:41:40.574+0000] {base.py:73} INFO - Using connection ID 'postgres_con' for task execution.
[2023-08-30T17:41:40.631+0000] {base.py:73} INFO - Using connection ID 'postgres_con' for task execution.
[2023-08-30T17:41:40.691+0000] {base.py:73} INFO - Using connection ID 'postgres_con' for task execution.
[2023-08-30T17:41:40.749+0000] {base.py:73} INFO - Using connection ID 'postgres_con' for task execution.
[2023-08-30T17:41:40.815+0000] {base.py:73} INFO - Using connection ID 'postgres_con' for task execution.
[2023-08-30T17:41:40.870+0000] {base.py:73} INFO - Using connection ID 'postgres_con' for task execution.
[2023-08-30T17:41:40.925+0000] {base.py:73} INFO - Using connection ID 'postgres_con' for task execution.
[2023-08-30T17:41:40.984+0000] {base.py:73} INFO - Using connection ID 'postgres_con' for task execution.
[2023-08-30T17:41:41.038+0000] {base.py:73} INFO - Using connection ID 'postgres_con' for task execution.
[2023-08-30T17:41:41.102+0000] {base.py:73} INFO - Using connection ID 'postgres_con' for task execution.
[2023-08-30T17:41:41.160+0000] {base.py:73} INFO - Using connection ID 'postgres_con' for task execution.
[2023-08-30T17:41:41.217+0000] {base.py:73} INFO - Using connection ID 'postgres_con' for task execution.
[2023-08-30T17:41:41.273+0000] {base.py:73} INFO - Using connection ID 'postgres_con' for task execution.
[2023-08-30T17:41:41.329+0000] {base.py:73} INFO - Using connection ID 'postgres_con' for task execution.
[2023-08-30T17:41:41.384+0000] {base.py:73} INFO - Using connection ID 'postgres_con' for task execution.
[2023-08-30T17:41:41.440+0000] {base.py:73} INFO - Using connection ID 'postgres_con' for task execution.
[2023-08-30T17:41:41.494+0000] {base.py:73} INFO - Using connection ID 'postgres_con' for task execution.
[2023-08-30T17:41:41.566+0000] {base.py:73} INFO - Using connection ID 'postgres_con' for task execution.
[2023-08-30T17:41:41.621+0000] {base.py:73} INFO - Using connection ID 'postgres_con' for task execution.
[2023-08-30T17:41:41.675+0000] {base.py:73} INFO - Using connection ID 'postgres_con' for task execution.
[2023-08-30T17:41:41.731+0000] {base.py:73} INFO - Using connection ID 'postgres_con' for task execution.
[2023-08-30T17:41:41.788+0000] {base.py:73} INFO - Using connection ID 'postgres_con' for task execution.
[2023-08-30T17:41:41.848+0000] {base.py:73} INFO - Using connection ID 'postgres_con' for task execution.
[2023-08-30T17:41:41.903+0000] {base.py:73} INFO - Using connection ID 'postgres_con' for task execution.
[2023-08-30T17:41:41.962+0000] {base.py:73} INFO - Using connection ID 'postgres_con' for task execution.
[2023-08-30T17:41:42.022+0000] {base.py:73} INFO - Using connection ID 'postgres_con' for task execution.
[2023-08-30T17:41:42.079+0000] {base.py:73} INFO - Using connection ID 'postgres_con' for task execution.
[2023-08-30T17:41:42.132+0000] {base.py:73} INFO - Using connection ID 'postgres_con' for task execution.
[2023-08-30T17:41:42.190+0000] {base.py:73} INFO - Using connection ID 'postgres_con' for task execution.
[2023-08-30T17:41:42.245+0000] {base.py:73} INFO - Using connection ID 'postgres_con' for task execution.
[2023-08-30T17:41:42.300+0000] {base.py:73} INFO - Using connection ID 'postgres_con' for task execution.
[2023-08-30T17:41:42.357+0000] {base.py:73} INFO - Using connection ID 'postgres_con' for task execution.
[2023-08-30T17:41:42.412+0000] {base.py:73} INFO - Using connection ID 'postgres_con' for task execution.
[2023-08-30T17:41:42.466+0000] {base.py:73} INFO - Using connection ID 'postgres_con' for task execution.
[2023-08-30T17:41:42.528+0000] {base.py:73} INFO - Using connection ID 'postgres_con' for task execution.
[2023-08-30T17:41:42.594+0000] {base.py:73} INFO - Using connection ID 'postgres_con' for task execution.
[2023-08-30T17:41:42.649+0000] {base.py:73} INFO - Using connection ID 'postgres_con' for task execution.
[2023-08-30T17:41:42.706+0000] {base.py:73} INFO - Using connection ID 'postgres_con' for task execution.
[2023-08-30T17:41:42.762+0000] {base.py:73} INFO - Using connection ID 'postgres_con' for task execution.
[2023-08-30T17:41:42.821+0000] {base.py:73} INFO - Using connection ID 'postgres_con' for task execution.
[2023-08-30T17:41:42.875+0000] {base.py:73} INFO - Using connection ID 'postgres_con' for task execution.
[2023-08-30T17:41:42.938+0000] {base.py:73} INFO - Using connection ID 'postgres_con' for task execution.
[2023-08-30T17:41:42.997+0000] {base.py:73} INFO - Using connection ID 'postgres_con' for task execution.
[2023-08-30T17:41:43.051+0000] {base.py:73} INFO - Using connection ID 'postgres_con' for task execution.
[2023-08-30T17:41:43.109+0000] {base.py:73} INFO - Using connection ID 'postgres_con' for task execution.
[2023-08-30T17:41:43.170+0000] {base.py:73} INFO - Using connection ID 'postgres_con' for task execution.
[2023-08-30T17:41:43.258+0000] {base.py:73} INFO - Using connection ID 'postgres_con' for task execution.
[2023-08-30T17:41:43.316+0000] {base.py:73} INFO - Using connection ID 'postgres_con' for task execution.
[2023-08-30T17:41:43.373+0000] {base.py:73} INFO - Using connection ID 'postgres_con' for task execution.
[2023-08-30T17:41:43.429+0000] {base.py:73} INFO - Using connection ID 'postgres_con' for task execution.
[2023-08-30T17:41:43.485+0000] {base.py:73} INFO - Using connection ID 'postgres_con' for task execution.
[2023-08-30T17:41:43.556+0000] {base.py:73} INFO - Using connection ID 'postgres_con' for task execution.
[2023-08-30T17:41:43.709+0000] {base.py:73} INFO - Using connection ID 'postgres_con' for task execution.
[2023-08-30T17:41:43.785+0000] {base.py:73} INFO - Using connection ID 'postgres_con' for task execution.
[2023-08-30T17:41:43.856+0000] {base.py:73} INFO - Using connection ID 'postgres_con' for task execution.
[2023-08-30T17:41:43.920+0000] {base.py:73} INFO - Using connection ID 'postgres_con' for task execution.
[2023-08-30T17:41:43.978+0000] {base.py:73} INFO - Using connection ID 'postgres_con' for task execution.
[2023-08-30T17:41:44.034+0000] {base.py:73} INFO - Using connection ID 'postgres_con' for task execution.
[2023-08-30T17:41:44.089+0000] {base.py:73} INFO - Using connection ID 'postgres_con' for task execution.
[2023-08-30T17:41:44.145+0000] {base.py:73} INFO - Using connection ID 'postgres_con' for task execution.
[2023-08-30T17:41:44.203+0000] {base.py:73} INFO - Using connection ID 'postgres_con' for task execution.
[2023-08-30T17:41:44.257+0000] {base.py:73} INFO - Using connection ID 'postgres_con' for task execution.
[2023-08-30T17:41:44.314+0000] {base.py:73} INFO - Using connection ID 'postgres_con' for task execution.
[2023-08-30T17:41:44.378+0000] {base.py:73} INFO - Using connection ID 'postgres_con' for task execution.
[2023-08-30T17:41:44.436+0000] {base.py:73} INFO - Using connection ID 'postgres_con' for task execution.
[2023-08-30T17:41:44.492+0000] {base.py:73} INFO - Using connection ID 'postgres_con' for task execution.
[2023-08-30T17:41:44.548+0000] {base.py:73} INFO - Using connection ID 'postgres_con' for task execution.
[2023-08-30T17:41:44.603+0000] {base.py:73} INFO - Using connection ID 'postgres_con' for task execution.
[2023-08-30T17:41:44.660+0000] {base.py:73} INFO - Using connection ID 'postgres_con' for task execution.
[2023-08-30T17:41:44.720+0000] {base.py:73} INFO - Using connection ID 'postgres_con' for task execution.
[2023-08-30T17:41:44.788+0000] {base.py:73} INFO - Using connection ID 'postgres_con' for task execution.
[2023-08-30T17:41:44.862+0000] {base.py:73} INFO - Using connection ID 'postgres_con' for task execution.
[2023-08-30T17:41:44.937+0000] {base.py:73} INFO - Using connection ID 'postgres_con' for task execution.
[2023-08-30T17:41:45.026+0000] {base.py:73} INFO - Using connection ID 'postgres_con' for task execution.
[2023-08-30T17:41:45.097+0000] {base.py:73} INFO - Using connection ID 'postgres_con' for task execution.
[2023-08-30T17:41:45.167+0000] {base.py:73} INFO - Using connection ID 'postgres_con' for task execution.
[2023-08-30T17:41:45.233+0000] {base.py:73} INFO - Using connection ID 'postgres_con' for task execution.
[2023-08-30T17:41:45.308+0000] {base.py:73} INFO - Using connection ID 'postgres_con' for task execution.
[2023-08-30T17:41:45.392+0000] {base.py:73} INFO - Using connection ID 'postgres_con' for task execution.
[2023-08-30T17:41:45.479+0000] {base.py:73} INFO - Using connection ID 'postgres_con' for task execution.
[2023-08-30T17:41:45.543+0000] {base.py:73} INFO - Using connection ID 'postgres_con' for task execution.
[2023-08-30T17:41:45.599+0000] {base.py:73} INFO - Using connection ID 'postgres_con' for task execution.
[2023-08-30T17:41:45.667+0000] {base.py:73} INFO - Using connection ID 'postgres_con' for task execution.
[2023-08-30T17:41:45.724+0000] {base.py:73} INFO - Using connection ID 'postgres_con' for task execution.
[2023-08-30T17:41:45.779+0000] {base.py:73} INFO - Using connection ID 'postgres_con' for task execution.
[2023-08-30T17:41:45.834+0000] {base.py:73} INFO - Using connection ID 'postgres_con' for task execution.
[2023-08-30T17:41:45.892+0000] {base.py:73} INFO - Using connection ID 'postgres_con' for task execution.
[2023-08-30T17:41:45.948+0000] {base.py:73} INFO - Using connection ID 'postgres_con' for task execution.
[2023-08-30T17:41:46.005+0000] {base.py:73} INFO - Using connection ID 'postgres_con' for task execution.
[2023-08-30T17:41:46.058+0000] {base.py:73} INFO - Using connection ID 'postgres_con' for task execution.
[2023-08-30T17:41:46.113+0000] {base.py:73} INFO - Using connection ID 'postgres_con' for task execution.
[2023-08-30T17:41:46.181+0000] {base.py:73} INFO - Using connection ID 'postgres_con' for task execution.
[2023-08-30T17:41:46.237+0000] {base.py:73} INFO - Using connection ID 'postgres_con' for task execution.
[2023-08-30T17:50:04.815+0000] {base.py:73} INFO - Using connection ID 'postgres_con' for task execution.
[2023-08-30T17:50:04.836+0000] {warnings.py:109} WARNING - /home/***/.local/lib/python3.8/site-packages/***/providers/common/sql/hooks/sql.py:219: UserWarning: pandas only supports SQLAlchemy connectable (engine/connection) or database string URI or sqlite3 DBAPI2 connection. Other DBAPI2 objects are not tested. Please consider using SQLAlchemy.
  return psql.read_sql(sql, con=conn, params=parameters, **kwargs)

[2023-08-30T17:50:04.877+0000] {base.py:73} INFO - Using connection ID 'postgres_con' for task execution.
[2023-08-30T17:50:04.886+0000] {warnings.py:109} WARNING - /home/***/.local/lib/python3.8/site-packages/***/providers/common/sql/hooks/sql.py:219: UserWarning: pandas only supports SQLAlchemy connectable (engine/connection) or database string URI or sqlite3 DBAPI2 connection. Other DBAPI2 objects are not tested. Please consider using SQLAlchemy.
  return psql.read_sql(sql, con=conn, params=parameters, **kwargs)

[2023-08-30T17:50:04.900+0000] {python.py:194} INFO - Done. Returned value was:         id_vac              published_at  ... skill_type column_not_exist_in_db
0     85978531  2023-08-30T07:55:58+0300  ...          0                  68772
1     85978888  2023-08-30T08:05:17+0300  ...          0                  68773
2     85978888  2023-08-30T08:05:17+0300  ...          0                  68774
3     85978888  2023-08-30T08:05:17+0300  ...          0                  68775
4     85978888  2023-08-30T08:05:17+0300  ...          0                  68776
...        ...                       ...  ...        ...                    ...
1001  85981956  2023-08-30T09:10:29+0300  ...          0                  69773
1002  85981956  2023-08-30T09:10:29+0300  ...          0                  69774
1003  85981956  2023-08-30T09:10:29+0300  ...          0                  69775
1004  85983440  2023-08-30T09:32:22+0300  ...          0                  69776
1005  85983441  2023-08-30T09:32:22+0300  ...          0                  69777

[1006 rows x 16 columns]
[2023-08-30T17:50:05.116+0000] {taskinstance.py:1400} INFO - Marking task as SUCCESS. dag_id=dag_parser, task_id=transform, execution_date=20230830T174018, start_date=20230830T174055, end_date=20230830T175005
[2023-08-30T17:50:05.217+0000] {local_task_job_runner.py:228} INFO - Task exited with return code 0
[2023-08-30T17:50:05.301+0000] {taskinstance.py:2784} INFO - 1 downstream tasks scheduled from follow-on schedule check
