[2023-09-19T12:08:08.856+0000] {taskinstance.py:1159} INFO - Dependencies all met for dep_context=non-requeueable deps ti=<TaskInstance: dag_parser.extract manual__2023-09-19T12:08:07.260675+00:00 [queued]>
[2023-09-19T12:08:08.866+0000] {taskinstance.py:1159} INFO - Dependencies all met for dep_context=requeueable deps ti=<TaskInstance: dag_parser.extract manual__2023-09-19T12:08:07.260675+00:00 [queued]>
[2023-09-19T12:08:08.867+0000] {taskinstance.py:1361} INFO - Starting attempt 1 of 3
[2023-09-19T12:08:08.880+0000] {taskinstance.py:1382} INFO - Executing <Task(_PythonDecoratedOperator): extract> on 2023-09-19 12:08:07.260675+00:00
[2023-09-19T12:08:08.888+0000] {standard_task_runner.py:57} INFO - Started process 57 to run task
[2023-09-19T12:08:08.892+0000] {standard_task_runner.py:84} INFO - Running: ['***', 'tasks', 'run', 'dag_parser', 'extract', 'manual__2023-09-19T12:08:07.260675+00:00', '--job-id', '85', '--raw', '--subdir', 'DAGS_FOLDER/dag_parser.py', '--cfg-path', '/tmp/tmptta1ptno']
[2023-09-19T12:08:08.893+0000] {standard_task_runner.py:85} INFO - Job 85: Subtask extract
[2023-09-19T12:08:08.942+0000] {task_command.py:415} INFO - Running <TaskInstance: dag_parser.extract manual__2023-09-19T12:08:07.260675+00:00 [running]> on host 910e7ec0fb42
[2023-09-19T12:08:09.033+0000] {taskinstance.py:1660} INFO - Exporting env vars: AIRFLOW_CTX_DAG_OWNER='oleg' AIRFLOW_CTX_DAG_ID='dag_parser' AIRFLOW_CTX_TASK_ID='extract' AIRFLOW_CTX_EXECUTION_DATE='2023-09-19T12:08:07.260675+00:00' AIRFLOW_CTX_TRY_NUMBER='1' AIRFLOW_CTX_DAG_RUN_ID='manual__2023-09-19T12:08:07.260675+00:00'
[2023-09-19T12:08:32.806+0000] {python.py:194} INFO - Done. Returned value was:            id  premium  ... is_adv_vacancy branding
0    85590181    False  ...          False      NaN
1    86623500    False  ...          False      NaN
2    80583666    False  ...          False      NaN
3    86872720    False  ...          False      NaN
4    86871363    False  ...          False      NaN
..        ...      ...  ...            ...      ...
762  86169975    False  ...          False      NaN
763  86170017    False  ...          False      NaN
764  86169996    False  ...          False      NaN
765  86170034    False  ...          False      NaN
766  86169998    False  ...          False      NaN

[767 rows x 36 columns]
[2023-09-19T12:08:33.101+0000] {taskinstance.py:1400} INFO - Marking task as SUCCESS. dag_id=dag_parser, task_id=extract, execution_date=20230919T120807, start_date=20230919T120808, end_date=20230919T120833
[2023-09-19T12:08:33.171+0000] {local_task_job_runner.py:228} INFO - Task exited with return code 0
[2023-09-19T12:08:33.222+0000] {taskinstance.py:2784} INFO - 1 downstream tasks scheduled from follow-on schedule check
