[2023-09-14T10:23:48.518+0000] {taskinstance.py:1159} INFO - Dependencies all met for dep_context=non-requeueable deps ti=<TaskInstance: dag_parser.extract manual__2023-09-14T10:23:46.435273+00:00 [queued]>
[2023-09-14T10:23:48.531+0000] {taskinstance.py:1159} INFO - Dependencies all met for dep_context=requeueable deps ti=<TaskInstance: dag_parser.extract manual__2023-09-14T10:23:46.435273+00:00 [queued]>
[2023-09-14T10:23:48.531+0000] {taskinstance.py:1361} INFO - Starting attempt 1 of 3
[2023-09-14T10:23:48.551+0000] {taskinstance.py:1382} INFO - Executing <Task(_PythonDecoratedOperator): extract> on 2023-09-14 10:23:46.435273+00:00
[2023-09-14T10:23:48.560+0000] {standard_task_runner.py:57} INFO - Started process 154 to run task
[2023-09-14T10:23:48.566+0000] {standard_task_runner.py:84} INFO - Running: ['***', 'tasks', 'run', 'dag_parser', 'extract', 'manual__2023-09-14T10:23:46.435273+00:00', '--job-id', '5', '--raw', '--subdir', 'DAGS_FOLDER/dag_parser.py', '--cfg-path', '/tmp/tmpvuq52pfl']
[2023-09-14T10:23:48.567+0000] {standard_task_runner.py:85} INFO - Job 5: Subtask extract
[2023-09-14T10:23:48.621+0000] {task_command.py:415} INFO - Running <TaskInstance: dag_parser.extract manual__2023-09-14T10:23:46.435273+00:00 [running]> on host 37061a0298c8
[2023-09-14T10:23:48.717+0000] {taskinstance.py:1660} INFO - Exporting env vars: AIRFLOW_CTX_DAG_OWNER='oleg' AIRFLOW_CTX_DAG_ID='dag_parser' AIRFLOW_CTX_TASK_ID='extract' AIRFLOW_CTX_EXECUTION_DATE='2023-09-14T10:23:46.435273+00:00' AIRFLOW_CTX_TRY_NUMBER='1' AIRFLOW_CTX_DAG_RUN_ID='manual__2023-09-14T10:23:46.435273+00:00'
[2023-09-14T10:24:12.644+0000] {python.py:194} INFO - Done. Returned value was:            id  premium  ... is_adv_vacancy branding
0    86124567    False  ...          False      NaN
1    86688293    False  ...          False      NaN
2    83140588    False  ...          False      NaN
3    86688486    False  ...          False      NaN
4    85669024    False  ...          False      NaN
..        ...      ...  ...            ...      ...
776  80823068    False  ...          False      NaN
777  85609681    False  ...          False      NaN
778  85395029    False  ...          False      NaN
779  85675155    False  ...          False      NaN
780  86693173    False  ...          False      NaN

[781 rows x 36 columns]
[2023-09-14T10:24:12.864+0000] {taskinstance.py:1400} INFO - Marking task as SUCCESS. dag_id=dag_parser, task_id=extract, execution_date=20230914T102346, start_date=20230914T102348, end_date=20230914T102412
[2023-09-14T10:24:12.921+0000] {local_task_job_runner.py:228} INFO - Task exited with return code 0
[2023-09-14T10:24:12.973+0000] {taskinstance.py:2784} INFO - 1 downstream tasks scheduled from follow-on schedule check
