[2023-09-14T10:21:11.066+0000] {taskinstance.py:1159} INFO - Dependencies all met for dep_context=non-requeueable deps ti=<TaskInstance: dag_parser.transform scheduled__2023-09-13T04:00:00+00:00 [queued]>
[2023-09-14T10:21:11.078+0000] {taskinstance.py:1159} INFO - Dependencies all met for dep_context=requeueable deps ti=<TaskInstance: dag_parser.transform scheduled__2023-09-13T04:00:00+00:00 [queued]>
[2023-09-14T10:21:11.078+0000] {taskinstance.py:1361} INFO - Starting attempt 1 of 3
[2023-09-14T10:21:11.094+0000] {taskinstance.py:1382} INFO - Executing <Task(_PythonDecoratedOperator): transform> on 2023-09-13 04:00:00+00:00
[2023-09-14T10:21:11.102+0000] {standard_task_runner.py:57} INFO - Started process 104 to run task
[2023-09-14T10:21:11.105+0000] {standard_task_runner.py:84} INFO - Running: ['***', 'tasks', 'run', 'dag_parser', 'transform', 'scheduled__2023-09-13T04:00:00+00:00', '--job-id', '4', '--raw', '--subdir', 'DAGS_FOLDER/dag_parser.py', '--cfg-path', '/tmp/tmp82vk1pm8']
[2023-09-14T10:21:11.106+0000] {standard_task_runner.py:85} INFO - Job 4: Subtask transform
[2023-09-14T10:21:11.154+0000] {task_command.py:415} INFO - Running <TaskInstance: dag_parser.transform scheduled__2023-09-13T04:00:00+00:00 [running]> on host 37061a0298c8
[2023-09-14T10:21:11.417+0000] {taskinstance.py:1660} INFO - Exporting env vars: AIRFLOW_CTX_DAG_OWNER='oleg' AIRFLOW_CTX_DAG_ID='dag_parser' AIRFLOW_CTX_TASK_ID='transform' AIRFLOW_CTX_EXECUTION_DATE='2023-09-13T04:00:00+00:00' AIRFLOW_CTX_TRY_NUMBER='1' AIRFLOW_CTX_DAG_RUN_ID='scheduled__2023-09-13T04:00:00+00:00'
[2023-09-14T10:21:11.664+0000] {taskinstance.py:1943} ERROR - Task failed with exception
Traceback (most recent call last):
  File "/home/airflow/.local/lib/python3.8/site-packages/airflow/decorators/base.py", line 221, in execute
    return_value = super().execute(context)
  File "/home/airflow/.local/lib/python3.8/site-packages/airflow/operators/python.py", line 192, in execute
    return_value = self.execute_callable()
  File "/home/airflow/.local/lib/python3.8/site-packages/airflow/operators/python.py", line 209, in execute_callable
    return self.python_callable(*self.op_args, **self.op_kwargs)
  File "/opt/airflow/dags/dag_parser.py", line 180, in transform
    jobs['drop'] = jobs['id'].apply(test_include)
  File "/home/airflow/.local/lib/python3.8/site-packages/pandas/core/series.py", line 4630, in apply
    return SeriesApply(self, func, convert_dtype, args, kwargs).apply()
  File "/home/airflow/.local/lib/python3.8/site-packages/pandas/core/apply.py", line 1025, in apply
    return self.apply_standard()
  File "/home/airflow/.local/lib/python3.8/site-packages/pandas/core/apply.py", line 1076, in apply_standard
    mapped = lib.map_infer(
  File "pandas/_libs/lib.pyx", line 2834, in pandas._libs.lib.map_infer
  File "/opt/airflow/dags/dag_parser.py", line 78, in test_include
    df = hook.get_pandas_df(sql="select distinct id_vac from vacancies;")
  File "/home/airflow/.local/lib/python3.8/site-packages/airflow/providers/common/sql/hooks/sql.py", line 218, in get_pandas_df
    with closing(self.get_conn()) as conn:
  File "/home/airflow/.local/lib/python3.8/site-packages/airflow/providers/postgres/hooks/postgres.py", line 124, in get_conn
    conn = deepcopy(self.connection or self.get_connection(conn_id))
  File "/home/airflow/.local/lib/python3.8/site-packages/airflow/hooks/base.py", line 72, in get_connection
    conn = Connection.get_connection_from_secrets(conn_id)
  File "/home/airflow/.local/lib/python3.8/site-packages/airflow/models/connection.py", line 477, in get_connection_from_secrets
    raise AirflowNotFoundException(f"The conn_id `{conn_id}` isn't defined")
airflow.exceptions.AirflowNotFoundException: The conn_id `postgres_con` isn't defined
[2023-09-14T10:21:11.670+0000] {taskinstance.py:1400} INFO - Marking task as UP_FOR_RETRY. dag_id=dag_parser, task_id=transform, execution_date=20230913T040000, start_date=20230914T102111, end_date=20230914T102111
[2023-09-14T10:21:11.684+0000] {standard_task_runner.py:104} ERROR - Failed to execute job 4 for task transform (The conn_id `postgres_con` isn't defined; 104)
[2023-09-14T10:21:11.719+0000] {local_task_job_runner.py:228} INFO - Task exited with return code 1
[2023-09-14T10:21:11.766+0000] {taskinstance.py:2784} INFO - 0 downstream tasks scheduled from follow-on schedule check
[2023-09-14T10:27:53.735+0000] {taskinstance.py:1159} INFO - Dependencies all met for dep_context=non-requeueable deps ti=<TaskInstance: dag_parser.transform scheduled__2023-09-13T04:00:00+00:00 [queued]>
[2023-09-14T10:27:53.754+0000] {taskinstance.py:1159} INFO - Dependencies all met for dep_context=requeueable deps ti=<TaskInstance: dag_parser.transform scheduled__2023-09-13T04:00:00+00:00 [queued]>
[2023-09-14T10:27:53.754+0000] {taskinstance.py:1361} INFO - Starting attempt 1 of 3
[2023-09-14T10:27:53.770+0000] {taskinstance.py:1382} INFO - Executing <Task(_PythonDecoratedOperator): transform> on 2023-09-13 04:00:00+00:00
[2023-09-14T10:27:53.779+0000] {standard_task_runner.py:57} INFO - Started process 241 to run task
[2023-09-14T10:27:53.782+0000] {standard_task_runner.py:84} INFO - Running: ['***', 'tasks', 'run', 'dag_parser', 'transform', 'scheduled__2023-09-13T04:00:00+00:00', '--job-id', '9', '--raw', '--subdir', 'DAGS_FOLDER/dag_parser.py', '--cfg-path', '/tmp/tmpgwa6tetm']
[2023-09-14T10:27:53.783+0000] {standard_task_runner.py:85} INFO - Job 9: Subtask transform
[2023-09-14T10:27:53.833+0000] {task_command.py:415} INFO - Running <TaskInstance: dag_parser.transform scheduled__2023-09-13T04:00:00+00:00 [running]> on host 37061a0298c8
[2023-09-14T10:27:54.102+0000] {taskinstance.py:1660} INFO - Exporting env vars: AIRFLOW_CTX_DAG_OWNER='oleg' AIRFLOW_CTX_DAG_ID='dag_parser' AIRFLOW_CTX_TASK_ID='transform' AIRFLOW_CTX_EXECUTION_DATE='2023-09-13T04:00:00+00:00' AIRFLOW_CTX_TRY_NUMBER='1' AIRFLOW_CTX_DAG_RUN_ID='scheduled__2023-09-13T04:00:00+00:00'
[2023-09-14T10:27:54.357+0000] {base.py:73} INFO - Using connection ID 'postgres_con' for task execution.
[2023-09-14T10:27:54.368+0000] {warnings.py:109} WARNING - /home/***/.local/lib/python3.8/site-packages/***/providers/common/sql/hooks/sql.py:219: UserWarning: pandas only supports SQLAlchemy connectable (engine/connection) or database string URI or sqlite3 DBAPI2 connection. Other DBAPI2 objects are not tested. Please consider using SQLAlchemy.
  return psql.read_sql(sql, con=conn, params=parameters, **kwargs)

[2023-09-14T10:27:54.443+0000] {base.py:73} INFO - Using connection ID 'postgres_con' for task execution.
[2023-09-14T10:27:54.517+0000] {base.py:73} INFO - Using connection ID 'postgres_con' for task execution.
[2023-09-14T10:27:54.589+0000] {base.py:73} INFO - Using connection ID 'postgres_con' for task execution.
[2023-09-14T10:27:54.657+0000] {base.py:73} INFO - Using connection ID 'postgres_con' for task execution.
[2023-09-14T10:27:54.724+0000] {base.py:73} INFO - Using connection ID 'postgres_con' for task execution.
[2023-09-14T10:27:54.791+0000] {base.py:73} INFO - Using connection ID 'postgres_con' for task execution.
[2023-09-14T10:27:54.858+0000] {base.py:73} INFO - Using connection ID 'postgres_con' for task execution.
[2023-09-14T10:27:54.926+0000] {base.py:73} INFO - Using connection ID 'postgres_con' for task execution.
[2023-09-14T10:27:54.993+0000] {base.py:73} INFO - Using connection ID 'postgres_con' for task execution.
[2023-09-14T10:27:55.061+0000] {base.py:73} INFO - Using connection ID 'postgres_con' for task execution.
[2023-09-14T10:27:55.134+0000] {base.py:73} INFO - Using connection ID 'postgres_con' for task execution.
[2023-09-14T10:27:55.208+0000] {base.py:73} INFO - Using connection ID 'postgres_con' for task execution.
[2023-09-14T10:27:55.277+0000] {base.py:73} INFO - Using connection ID 'postgres_con' for task execution.
[2023-09-14T10:27:55.343+0000] {base.py:73} INFO - Using connection ID 'postgres_con' for task execution.
[2023-09-14T10:27:55.411+0000] {base.py:73} INFO - Using connection ID 'postgres_con' for task execution.
[2023-09-14T10:27:55.478+0000] {base.py:73} INFO - Using connection ID 'postgres_con' for task execution.
[2023-09-14T10:27:55.546+0000] {base.py:73} INFO - Using connection ID 'postgres_con' for task execution.
[2023-09-14T10:27:55.614+0000] {base.py:73} INFO - Using connection ID 'postgres_con' for task execution.
[2023-09-14T10:27:55.682+0000] {base.py:73} INFO - Using connection ID 'postgres_con' for task execution.
[2023-09-14T10:27:55.750+0000] {base.py:73} INFO - Using connection ID 'postgres_con' for task execution.
[2023-09-14T10:27:55.818+0000] {base.py:73} INFO - Using connection ID 'postgres_con' for task execution.
[2023-09-14T10:27:55.885+0000] {base.py:73} INFO - Using connection ID 'postgres_con' for task execution.
[2023-09-14T10:27:55.953+0000] {base.py:73} INFO - Using connection ID 'postgres_con' for task execution.
[2023-09-14T10:27:56.021+0000] {base.py:73} INFO - Using connection ID 'postgres_con' for task execution.
[2023-09-14T10:27:56.090+0000] {base.py:73} INFO - Using connection ID 'postgres_con' for task execution.
[2023-09-14T10:27:56.157+0000] {base.py:73} INFO - Using connection ID 'postgres_con' for task execution.
[2023-09-14T10:27:56.225+0000] {base.py:73} INFO - Using connection ID 'postgres_con' for task execution.
[2023-09-14T10:27:56.298+0000] {base.py:73} INFO - Using connection ID 'postgres_con' for task execution.
[2023-09-14T10:27:56.366+0000] {base.py:73} INFO - Using connection ID 'postgres_con' for task execution.
[2023-09-14T10:27:56.433+0000] {base.py:73} INFO - Using connection ID 'postgres_con' for task execution.
[2023-09-14T10:27:56.501+0000] {base.py:73} INFO - Using connection ID 'postgres_con' for task execution.
[2023-09-14T10:27:56.575+0000] {base.py:73} INFO - Using connection ID 'postgres_con' for task execution.
[2023-09-14T10:27:56.648+0000] {base.py:73} INFO - Using connection ID 'postgres_con' for task execution.
[2023-09-14T10:27:56.725+0000] {base.py:73} INFO - Using connection ID 'postgres_con' for task execution.
[2023-09-14T10:27:56.801+0000] {base.py:73} INFO - Using connection ID 'postgres_con' for task execution.
[2023-09-14T10:27:56.872+0000] {base.py:73} INFO - Using connection ID 'postgres_con' for task execution.
[2023-09-14T10:27:56.945+0000] {base.py:73} INFO - Using connection ID 'postgres_con' for task execution.
[2023-09-14T10:27:57.016+0000] {base.py:73} INFO - Using connection ID 'postgres_con' for task execution.
[2023-09-14T10:27:57.089+0000] {base.py:73} INFO - Using connection ID 'postgres_con' for task execution.
[2023-09-14T10:27:57.165+0000] {base.py:73} INFO - Using connection ID 'postgres_con' for task execution.
[2023-09-14T10:27:57.247+0000] {base.py:73} INFO - Using connection ID 'postgres_con' for task execution.
[2023-09-14T10:27:57.332+0000] {base.py:73} INFO - Using connection ID 'postgres_con' for task execution.
[2023-09-14T10:27:57.428+0000] {base.py:73} INFO - Using connection ID 'postgres_con' for task execution.
[2023-09-14T10:27:57.513+0000] {base.py:73} INFO - Using connection ID 'postgres_con' for task execution.
[2023-09-14T10:27:57.592+0000] {base.py:73} INFO - Using connection ID 'postgres_con' for task execution.
[2023-09-14T10:27:57.673+0000] {base.py:73} INFO - Using connection ID 'postgres_con' for task execution.
[2023-09-14T10:27:57.756+0000] {base.py:73} INFO - Using connection ID 'postgres_con' for task execution.
[2023-09-14T10:27:57.836+0000] {base.py:73} INFO - Using connection ID 'postgres_con' for task execution.
[2023-09-14T10:27:57.909+0000] {base.py:73} INFO - Using connection ID 'postgres_con' for task execution.
[2023-09-14T10:27:57.990+0000] {base.py:73} INFO - Using connection ID 'postgres_con' for task execution.
[2023-09-14T10:27:58.069+0000] {base.py:73} INFO - Using connection ID 'postgres_con' for task execution.
[2023-09-14T10:27:58.156+0000] {base.py:73} INFO - Using connection ID 'postgres_con' for task execution.
[2023-09-14T10:27:58.234+0000] {base.py:73} INFO - Using connection ID 'postgres_con' for task execution.
[2023-09-14T10:27:58.308+0000] {base.py:73} INFO - Using connection ID 'postgres_con' for task execution.
[2023-09-14T10:27:58.398+0000] {base.py:73} INFO - Using connection ID 'postgres_con' for task execution.
[2023-09-14T10:27:58.485+0000] {base.py:73} INFO - Using connection ID 'postgres_con' for task execution.
[2023-09-14T10:27:58.567+0000] {base.py:73} INFO - Using connection ID 'postgres_con' for task execution.
[2023-09-14T10:27:58.642+0000] {base.py:73} INFO - Using connection ID 'postgres_con' for task execution.
[2023-09-14T10:27:58.718+0000] {base.py:73} INFO - Using connection ID 'postgres_con' for task execution.
[2023-09-14T10:27:58.800+0000] {base.py:73} INFO - Using connection ID 'postgres_con' for task execution.
[2023-09-14T10:27:58.875+0000] {base.py:73} INFO - Using connection ID 'postgres_con' for task execution.
[2023-09-14T10:27:58.947+0000] {base.py:73} INFO - Using connection ID 'postgres_con' for task execution.
[2023-09-14T10:27:59.014+0000] {base.py:73} INFO - Using connection ID 'postgres_con' for task execution.
[2023-09-14T10:27:59.082+0000] {base.py:73} INFO - Using connection ID 'postgres_con' for task execution.
[2023-09-14T10:27:59.152+0000] {base.py:73} INFO - Using connection ID 'postgres_con' for task execution.
[2023-09-14T10:27:59.218+0000] {base.py:73} INFO - Using connection ID 'postgres_con' for task execution.
[2023-09-14T10:27:59.286+0000] {base.py:73} INFO - Using connection ID 'postgres_con' for task execution.
[2023-09-14T10:27:59.353+0000] {base.py:73} INFO - Using connection ID 'postgres_con' for task execution.
[2023-09-14T10:27:59.420+0000] {base.py:73} INFO - Using connection ID 'postgres_con' for task execution.
[2023-09-14T10:27:59.487+0000] {base.py:73} INFO - Using connection ID 'postgres_con' for task execution.
[2023-09-14T10:27:59.559+0000] {base.py:73} INFO - Using connection ID 'postgres_con' for task execution.
[2023-09-14T10:27:59.625+0000] {base.py:73} INFO - Using connection ID 'postgres_con' for task execution.
[2023-09-14T10:27:59.692+0000] {base.py:73} INFO - Using connection ID 'postgres_con' for task execution.
[2023-09-14T10:27:59.759+0000] {base.py:73} INFO - Using connection ID 'postgres_con' for task execution.
[2023-09-14T10:27:59.828+0000] {base.py:73} INFO - Using connection ID 'postgres_con' for task execution.
[2023-09-14T10:27:59.908+0000] {base.py:73} INFO - Using connection ID 'postgres_con' for task execution.
[2023-09-14T10:27:59.990+0000] {base.py:73} INFO - Using connection ID 'postgres_con' for task execution.
[2023-09-14T10:28:00.070+0000] {base.py:73} INFO - Using connection ID 'postgres_con' for task execution.
[2023-09-14T10:28:00.156+0000] {base.py:73} INFO - Using connection ID 'postgres_con' for task execution.
[2023-09-14T10:28:00.244+0000] {base.py:73} INFO - Using connection ID 'postgres_con' for task execution.
[2023-09-14T10:28:00.335+0000] {base.py:73} INFO - Using connection ID 'postgres_con' for task execution.
[2023-09-14T10:28:00.421+0000] {base.py:73} INFO - Using connection ID 'postgres_con' for task execution.
[2023-09-14T10:28:00.509+0000] {base.py:73} INFO - Using connection ID 'postgres_con' for task execution.
[2023-09-14T10:28:00.594+0000] {base.py:73} INFO - Using connection ID 'postgres_con' for task execution.
[2023-09-14T10:28:00.680+0000] {base.py:73} INFO - Using connection ID 'postgres_con' for task execution.
[2023-09-14T10:28:00.766+0000] {base.py:73} INFO - Using connection ID 'postgres_con' for task execution.
[2023-09-14T10:28:00.849+0000] {base.py:73} INFO - Using connection ID 'postgres_con' for task execution.
[2023-09-14T10:28:00.931+0000] {base.py:73} INFO - Using connection ID 'postgres_con' for task execution.
[2023-09-14T10:28:01.013+0000] {base.py:73} INFO - Using connection ID 'postgres_con' for task execution.
[2023-09-14T10:28:01.087+0000] {base.py:73} INFO - Using connection ID 'postgres_con' for task execution.
[2023-09-14T10:28:01.165+0000] {base.py:73} INFO - Using connection ID 'postgres_con' for task execution.
[2023-09-14T10:28:01.261+0000] {base.py:73} INFO - Using connection ID 'postgres_con' for task execution.
[2023-09-14T10:28:01.331+0000] {base.py:73} INFO - Using connection ID 'postgres_con' for task execution.
[2023-09-14T10:28:01.398+0000] {base.py:73} INFO - Using connection ID 'postgres_con' for task execution.
[2023-09-14T10:28:01.466+0000] {base.py:73} INFO - Using connection ID 'postgres_con' for task execution.
[2023-09-14T10:28:01.533+0000] {base.py:73} INFO - Using connection ID 'postgres_con' for task execution.
[2023-09-14T10:28:01.606+0000] {base.py:73} INFO - Using connection ID 'postgres_con' for task execution.
[2023-09-14T10:28:01.673+0000] {base.py:73} INFO - Using connection ID 'postgres_con' for task execution.
[2023-09-14T10:28:01.740+0000] {base.py:73} INFO - Using connection ID 'postgres_con' for task execution.
[2023-09-14T10:28:01.807+0000] {base.py:73} INFO - Using connection ID 'postgres_con' for task execution.
[2023-09-14T10:28:01.874+0000] {base.py:73} INFO - Using connection ID 'postgres_con' for task execution.
[2023-09-14T10:28:01.942+0000] {base.py:73} INFO - Using connection ID 'postgres_con' for task execution.
[2023-09-14T10:28:02.009+0000] {base.py:73} INFO - Using connection ID 'postgres_con' for task execution.
[2023-09-14T10:28:02.076+0000] {base.py:73} INFO - Using connection ID 'postgres_con' for task execution.
[2023-09-14T10:28:02.142+0000] {base.py:73} INFO - Using connection ID 'postgres_con' for task execution.
[2023-09-14T10:28:02.212+0000] {base.py:73} INFO - Using connection ID 'postgres_con' for task execution.
[2023-09-14T10:28:02.279+0000] {base.py:73} INFO - Using connection ID 'postgres_con' for task execution.
[2023-09-14T10:28:02.346+0000] {base.py:73} INFO - Using connection ID 'postgres_con' for task execution.
[2023-09-14T10:28:02.413+0000] {base.py:73} INFO - Using connection ID 'postgres_con' for task execution.
[2023-09-14T10:28:02.481+0000] {base.py:73} INFO - Using connection ID 'postgres_con' for task execution.
[2023-09-14T10:28:02.548+0000] {base.py:73} INFO - Using connection ID 'postgres_con' for task execution.
[2023-09-14T10:28:02.615+0000] {base.py:73} INFO - Using connection ID 'postgres_con' for task execution.
[2023-09-14T10:28:02.687+0000] {base.py:73} INFO - Using connection ID 'postgres_con' for task execution.
[2023-09-14T10:28:02.754+0000] {base.py:73} INFO - Using connection ID 'postgres_con' for task execution.
[2023-09-14T10:28:02.821+0000] {base.py:73} INFO - Using connection ID 'postgres_con' for task execution.
[2023-09-14T10:28:02.888+0000] {base.py:73} INFO - Using connection ID 'postgres_con' for task execution.
[2023-09-14T10:28:02.954+0000] {base.py:73} INFO - Using connection ID 'postgres_con' for task execution.
[2023-09-14T10:28:03.021+0000] {base.py:73} INFO - Using connection ID 'postgres_con' for task execution.
[2023-09-14T10:28:03.088+0000] {base.py:73} INFO - Using connection ID 'postgres_con' for task execution.
[2023-09-14T10:28:03.155+0000] {base.py:73} INFO - Using connection ID 'postgres_con' for task execution.
[2023-09-14T10:28:03.225+0000] {base.py:73} INFO - Using connection ID 'postgres_con' for task execution.
[2023-09-14T10:28:03.299+0000] {base.py:73} INFO - Using connection ID 'postgres_con' for task execution.
[2023-09-14T10:28:03.375+0000] {base.py:73} INFO - Using connection ID 'postgres_con' for task execution.
[2023-09-14T10:28:03.452+0000] {base.py:73} INFO - Using connection ID 'postgres_con' for task execution.
[2023-09-14T10:28:03.522+0000] {base.py:73} INFO - Using connection ID 'postgres_con' for task execution.
[2023-09-14T10:28:03.594+0000] {base.py:73} INFO - Using connection ID 'postgres_con' for task execution.
[2023-09-14T10:28:03.666+0000] {base.py:73} INFO - Using connection ID 'postgres_con' for task execution.
[2023-09-14T10:28:03.744+0000] {base.py:73} INFO - Using connection ID 'postgres_con' for task execution.
[2023-09-14T10:28:03.815+0000] {base.py:73} INFO - Using connection ID 'postgres_con' for task execution.
[2023-09-14T10:28:03.883+0000] {base.py:73} INFO - Using connection ID 'postgres_con' for task execution.
[2023-09-14T10:28:03.951+0000] {base.py:73} INFO - Using connection ID 'postgres_con' for task execution.
[2023-09-14T10:28:04.018+0000] {base.py:73} INFO - Using connection ID 'postgres_con' for task execution.
[2023-09-14T10:28:04.090+0000] {base.py:73} INFO - Using connection ID 'postgres_con' for task execution.
[2023-09-14T10:28:04.161+0000] {base.py:73} INFO - Using connection ID 'postgres_con' for task execution.
[2023-09-14T10:28:04.231+0000] {base.py:73} INFO - Using connection ID 'postgres_con' for task execution.
[2023-09-14T10:28:04.301+0000] {base.py:73} INFO - Using connection ID 'postgres_con' for task execution.
[2023-09-14T10:28:04.368+0000] {base.py:73} INFO - Using connection ID 'postgres_con' for task execution.
[2023-09-14T10:28:04.435+0000] {base.py:73} INFO - Using connection ID 'postgres_con' for task execution.
[2023-09-14T10:28:04.501+0000] {base.py:73} INFO - Using connection ID 'postgres_con' for task execution.
[2023-09-14T10:28:04.568+0000] {base.py:73} INFO - Using connection ID 'postgres_con' for task execution.
[2023-09-14T10:28:04.635+0000] {base.py:73} INFO - Using connection ID 'postgres_con' for task execution.
[2023-09-14T10:28:04.702+0000] {base.py:73} INFO - Using connection ID 'postgres_con' for task execution.
[2023-09-14T10:28:04.770+0000] {base.py:73} INFO - Using connection ID 'postgres_con' for task execution.
[2023-09-14T10:28:04.842+0000] {base.py:73} INFO - Using connection ID 'postgres_con' for task execution.
[2023-09-14T10:28:04.909+0000] {base.py:73} INFO - Using connection ID 'postgres_con' for task execution.
[2023-09-14T10:28:04.976+0000] {base.py:73} INFO - Using connection ID 'postgres_con' for task execution.
[2023-09-14T10:28:05.043+0000] {base.py:73} INFO - Using connection ID 'postgres_con' for task execution.
[2023-09-14T10:28:05.110+0000] {base.py:73} INFO - Using connection ID 'postgres_con' for task execution.
[2023-09-14T10:28:05.177+0000] {base.py:73} INFO - Using connection ID 'postgres_con' for task execution.
[2023-09-14T10:28:05.244+0000] {base.py:73} INFO - Using connection ID 'postgres_con' for task execution.
[2023-09-14T10:28:05.313+0000] {base.py:73} INFO - Using connection ID 'postgres_con' for task execution.
[2023-09-14T10:28:05.385+0000] {base.py:73} INFO - Using connection ID 'postgres_con' for task execution.
[2023-09-14T10:28:05.453+0000] {base.py:73} INFO - Using connection ID 'postgres_con' for task execution.
[2023-09-14T10:28:05.520+0000] {base.py:73} INFO - Using connection ID 'postgres_con' for task execution.
[2023-09-14T10:28:05.586+0000] {base.py:73} INFO - Using connection ID 'postgres_con' for task execution.
[2023-09-14T10:28:05.653+0000] {base.py:73} INFO - Using connection ID 'postgres_con' for task execution.
[2023-09-14T10:28:05.720+0000] {base.py:73} INFO - Using connection ID 'postgres_con' for task execution.
[2023-09-14T10:28:05.787+0000] {base.py:73} INFO - Using connection ID 'postgres_con' for task execution.
[2023-09-14T10:28:05.854+0000] {base.py:73} INFO - Using connection ID 'postgres_con' for task execution.
[2023-09-14T10:28:05.920+0000] {base.py:73} INFO - Using connection ID 'postgres_con' for task execution.
[2023-09-14T10:28:05.987+0000] {base.py:73} INFO - Using connection ID 'postgres_con' for task execution.
[2023-09-14T10:28:06.054+0000] {base.py:73} INFO - Using connection ID 'postgres_con' for task execution.
[2023-09-14T10:28:06.121+0000] {base.py:73} INFO - Using connection ID 'postgres_con' for task execution.
[2023-09-14T10:28:06.188+0000] {base.py:73} INFO - Using connection ID 'postgres_con' for task execution.
[2023-09-14T10:28:06.255+0000] {base.py:73} INFO - Using connection ID 'postgres_con' for task execution.
[2023-09-14T10:28:06.324+0000] {base.py:73} INFO - Using connection ID 'postgres_con' for task execution.
[2023-09-14T10:28:06.397+0000] {base.py:73} INFO - Using connection ID 'postgres_con' for task execution.
[2023-09-14T10:28:06.463+0000] {base.py:73} INFO - Using connection ID 'postgres_con' for task execution.
[2023-09-14T10:28:06.530+0000] {base.py:73} INFO - Using connection ID 'postgres_con' for task execution.
[2023-09-14T10:28:06.604+0000] {base.py:73} INFO - Using connection ID 'postgres_con' for task execution.
[2023-09-14T10:28:06.671+0000] {base.py:73} INFO - Using connection ID 'postgres_con' for task execution.
[2023-09-14T10:28:06.738+0000] {base.py:73} INFO - Using connection ID 'postgres_con' for task execution.
[2023-09-14T10:28:06.807+0000] {base.py:73} INFO - Using connection ID 'postgres_con' for task execution.
[2023-09-14T10:28:06.874+0000] {base.py:73} INFO - Using connection ID 'postgres_con' for task execution.
[2023-09-14T10:28:06.942+0000] {base.py:73} INFO - Using connection ID 'postgres_con' for task execution.
[2023-09-14T10:28:07.014+0000] {base.py:73} INFO - Using connection ID 'postgres_con' for task execution.
[2023-09-14T10:28:07.081+0000] {base.py:73} INFO - Using connection ID 'postgres_con' for task execution.
[2023-09-14T10:28:07.148+0000] {base.py:73} INFO - Using connection ID 'postgres_con' for task execution.
[2023-09-14T10:28:07.214+0000] {base.py:73} INFO - Using connection ID 'postgres_con' for task execution.
[2023-09-14T10:28:07.282+0000] {base.py:73} INFO - Using connection ID 'postgres_con' for task execution.
[2023-09-14T10:28:07.350+0000] {base.py:73} INFO - Using connection ID 'postgres_con' for task execution.
[2023-09-14T10:28:07.418+0000] {base.py:73} INFO - Using connection ID 'postgres_con' for task execution.
[2023-09-14T10:28:07.484+0000] {base.py:73} INFO - Using connection ID 'postgres_con' for task execution.
[2023-09-14T10:28:07.551+0000] {base.py:73} INFO - Using connection ID 'postgres_con' for task execution.
[2023-09-14T10:28:07.618+0000] {base.py:73} INFO - Using connection ID 'postgres_con' for task execution.
[2023-09-14T10:28:07.685+0000] {base.py:73} INFO - Using connection ID 'postgres_con' for task execution.
[2023-09-14T10:28:07.752+0000] {base.py:73} INFO - Using connection ID 'postgres_con' for task execution.
[2023-09-14T10:28:07.819+0000] {base.py:73} INFO - Using connection ID 'postgres_con' for task execution.
[2023-09-14T10:28:07.886+0000] {base.py:73} INFO - Using connection ID 'postgres_con' for task execution.
[2023-09-14T10:28:07.954+0000] {base.py:73} INFO - Using connection ID 'postgres_con' for task execution.
[2023-09-14T10:28:08.024+0000] {base.py:73} INFO - Using connection ID 'postgres_con' for task execution.
[2023-09-14T10:28:08.094+0000] {base.py:73} INFO - Using connection ID 'postgres_con' for task execution.
[2023-09-14T10:28:08.161+0000] {base.py:73} INFO - Using connection ID 'postgres_con' for task execution.
[2023-09-14T10:28:08.228+0000] {base.py:73} INFO - Using connection ID 'postgres_con' for task execution.
[2023-09-14T10:28:08.295+0000] {base.py:73} INFO - Using connection ID 'postgres_con' for task execution.
[2023-09-14T10:28:08.363+0000] {base.py:73} INFO - Using connection ID 'postgres_con' for task execution.
[2023-09-14T10:28:08.430+0000] {base.py:73} INFO - Using connection ID 'postgres_con' for task execution.
[2023-09-14T10:28:08.497+0000] {base.py:73} INFO - Using connection ID 'postgres_con' for task execution.
[2023-09-14T10:28:08.564+0000] {base.py:73} INFO - Using connection ID 'postgres_con' for task execution.
[2023-09-14T10:28:08.631+0000] {base.py:73} INFO - Using connection ID 'postgres_con' for task execution.
[2023-09-14T10:28:08.697+0000] {base.py:73} INFO - Using connection ID 'postgres_con' for task execution.
[2023-09-14T10:28:08.765+0000] {base.py:73} INFO - Using connection ID 'postgres_con' for task execution.
[2023-09-14T10:28:08.833+0000] {base.py:73} INFO - Using connection ID 'postgres_con' for task execution.
[2023-09-14T10:28:08.899+0000] {base.py:73} INFO - Using connection ID 'postgres_con' for task execution.
[2023-09-14T10:28:08.968+0000] {base.py:73} INFO - Using connection ID 'postgres_con' for task execution.
[2023-09-14T10:28:09.035+0000] {base.py:73} INFO - Using connection ID 'postgres_con' for task execution.
[2023-09-14T10:28:09.105+0000] {base.py:73} INFO - Using connection ID 'postgres_con' for task execution.
[2023-09-14T10:28:09.175+0000] {base.py:73} INFO - Using connection ID 'postgres_con' for task execution.
[2023-09-14T10:28:09.242+0000] {base.py:73} INFO - Using connection ID 'postgres_con' for task execution.
[2023-09-14T10:28:09.309+0000] {base.py:73} INFO - Using connection ID 'postgres_con' for task execution.
[2023-09-14T10:28:09.378+0000] {base.py:73} INFO - Using connection ID 'postgres_con' for task execution.
[2023-09-14T10:28:09.445+0000] {base.py:73} INFO - Using connection ID 'postgres_con' for task execution.
[2023-09-14T10:28:09.512+0000] {base.py:73} INFO - Using connection ID 'postgres_con' for task execution.
[2023-09-14T10:28:09.579+0000] {base.py:73} INFO - Using connection ID 'postgres_con' for task execution.
[2023-09-14T10:28:09.645+0000] {base.py:73} INFO - Using connection ID 'postgres_con' for task execution.
[2023-09-14T10:28:09.712+0000] {base.py:73} INFO - Using connection ID 'postgres_con' for task execution.
[2023-09-14T10:28:09.779+0000] {base.py:73} INFO - Using connection ID 'postgres_con' for task execution.
[2023-09-14T10:28:09.846+0000] {base.py:73} INFO - Using connection ID 'postgres_con' for task execution.
[2023-09-14T10:28:09.914+0000] {base.py:73} INFO - Using connection ID 'postgres_con' for task execution.
[2023-09-14T10:28:09.981+0000] {base.py:73} INFO - Using connection ID 'postgres_con' for task execution.
[2023-09-14T10:28:10.049+0000] {base.py:73} INFO - Using connection ID 'postgres_con' for task execution.
[2023-09-14T10:28:10.116+0000] {base.py:73} INFO - Using connection ID 'postgres_con' for task execution.
[2023-09-14T10:28:10.187+0000] {base.py:73} INFO - Using connection ID 'postgres_con' for task execution.
[2023-09-14T10:28:10.256+0000] {base.py:73} INFO - Using connection ID 'postgres_con' for task execution.
[2023-09-14T10:28:10.324+0000] {base.py:73} INFO - Using connection ID 'postgres_con' for task execution.
[2023-09-14T10:28:10.393+0000] {base.py:73} INFO - Using connection ID 'postgres_con' for task execution.
[2023-09-14T10:28:10.468+0000] {base.py:73} INFO - Using connection ID 'postgres_con' for task execution.
[2023-09-14T10:28:10.542+0000] {base.py:73} INFO - Using connection ID 'postgres_con' for task execution.
[2023-09-14T10:28:10.621+0000] {base.py:73} INFO - Using connection ID 'postgres_con' for task execution.
[2023-09-14T10:28:10.692+0000] {base.py:73} INFO - Using connection ID 'postgres_con' for task execution.
[2023-09-14T10:28:10.762+0000] {base.py:73} INFO - Using connection ID 'postgres_con' for task execution.
[2023-09-14T10:28:10.833+0000] {base.py:73} INFO - Using connection ID 'postgres_con' for task execution.
[2023-09-14T10:28:10.904+0000] {base.py:73} INFO - Using connection ID 'postgres_con' for task execution.
[2023-09-14T10:28:10.975+0000] {base.py:73} INFO - Using connection ID 'postgres_con' for task execution.
[2023-09-14T10:28:11.047+0000] {base.py:73} INFO - Using connection ID 'postgres_con' for task execution.
[2023-09-14T10:28:11.118+0000] {base.py:73} INFO - Using connection ID 'postgres_con' for task execution.
[2023-09-14T10:28:11.189+0000] {base.py:73} INFO - Using connection ID 'postgres_con' for task execution.
[2023-09-14T10:28:11.260+0000] {base.py:73} INFO - Using connection ID 'postgres_con' for task execution.
[2023-09-14T10:28:11.372+0000] {base.py:73} INFO - Using connection ID 'postgres_con' for task execution.
[2023-09-14T10:28:11.455+0000] {base.py:73} INFO - Using connection ID 'postgres_con' for task execution.
[2023-09-14T10:28:11.538+0000] {base.py:73} INFO - Using connection ID 'postgres_con' for task execution.
[2023-09-14T10:28:11.645+0000] {base.py:73} INFO - Using connection ID 'postgres_con' for task execution.
[2023-09-14T10:28:11.725+0000] {base.py:73} INFO - Using connection ID 'postgres_con' for task execution.
[2023-09-14T10:28:11.803+0000] {base.py:73} INFO - Using connection ID 'postgres_con' for task execution.
[2023-09-14T10:28:11.880+0000] {base.py:73} INFO - Using connection ID 'postgres_con' for task execution.
[2023-09-14T10:28:11.957+0000] {base.py:73} INFO - Using connection ID 'postgres_con' for task execution.
[2023-09-14T10:28:12.034+0000] {base.py:73} INFO - Using connection ID 'postgres_con' for task execution.
[2023-09-14T10:28:12.112+0000] {base.py:73} INFO - Using connection ID 'postgres_con' for task execution.
[2023-09-14T10:28:12.188+0000] {base.py:73} INFO - Using connection ID 'postgres_con' for task execution.
[2023-09-14T10:28:12.269+0000] {base.py:73} INFO - Using connection ID 'postgres_con' for task execution.
[2023-09-14T10:28:12.349+0000] {base.py:73} INFO - Using connection ID 'postgres_con' for task execution.
[2023-09-14T10:28:12.440+0000] {base.py:73} INFO - Using connection ID 'postgres_con' for task execution.
[2023-09-14T10:28:12.518+0000] {base.py:73} INFO - Using connection ID 'postgres_con' for task execution.
[2023-09-14T10:28:12.595+0000] {base.py:73} INFO - Using connection ID 'postgres_con' for task execution.
[2023-09-14T10:28:12.674+0000] {base.py:73} INFO - Using connection ID 'postgres_con' for task execution.
[2023-09-14T10:28:12.774+0000] {base.py:73} INFO - Using connection ID 'postgres_con' for task execution.
[2023-09-14T10:28:12.857+0000] {base.py:73} INFO - Using connection ID 'postgres_con' for task execution.
[2023-09-14T10:28:12.936+0000] {base.py:73} INFO - Using connection ID 'postgres_con' for task execution.
[2023-09-14T10:28:13.014+0000] {base.py:73} INFO - Using connection ID 'postgres_con' for task execution.
[2023-09-14T10:28:13.096+0000] {base.py:73} INFO - Using connection ID 'postgres_con' for task execution.
[2023-09-14T10:28:13.182+0000] {base.py:73} INFO - Using connection ID 'postgres_con' for task execution.
[2023-09-14T10:28:13.271+0000] {base.py:73} INFO - Using connection ID 'postgres_con' for task execution.
[2023-09-14T10:28:13.348+0000] {base.py:73} INFO - Using connection ID 'postgres_con' for task execution.
[2023-09-14T10:28:13.421+0000] {base.py:73} INFO - Using connection ID 'postgres_con' for task execution.
[2023-09-14T10:28:13.491+0000] {base.py:73} INFO - Using connection ID 'postgres_con' for task execution.
[2023-09-14T10:28:13.562+0000] {base.py:73} INFO - Using connection ID 'postgres_con' for task execution.
[2023-09-14T10:28:13.634+0000] {base.py:73} INFO - Using connection ID 'postgres_con' for task execution.
[2023-09-14T10:28:13.705+0000] {base.py:73} INFO - Using connection ID 'postgres_con' for task execution.
[2023-09-14T10:28:13.777+0000] {base.py:73} INFO - Using connection ID 'postgres_con' for task execution.
[2023-09-14T10:28:13.855+0000] {base.py:73} INFO - Using connection ID 'postgres_con' for task execution.
[2023-09-14T10:28:13.927+0000] {base.py:73} INFO - Using connection ID 'postgres_con' for task execution.
[2023-09-14T10:28:14.001+0000] {base.py:73} INFO - Using connection ID 'postgres_con' for task execution.
[2023-09-14T10:28:14.072+0000] {base.py:73} INFO - Using connection ID 'postgres_con' for task execution.
[2023-09-14T10:28:14.148+0000] {base.py:73} INFO - Using connection ID 'postgres_con' for task execution.
[2023-09-14T10:28:14.246+0000] {base.py:73} INFO - Using connection ID 'postgres_con' for task execution.
[2023-09-14T10:28:14.330+0000] {base.py:73} INFO - Using connection ID 'postgres_con' for task execution.
[2023-09-14T10:28:14.407+0000] {base.py:73} INFO - Using connection ID 'postgres_con' for task execution.
[2023-09-14T10:28:14.476+0000] {base.py:73} INFO - Using connection ID 'postgres_con' for task execution.
[2023-09-14T10:28:14.542+0000] {base.py:73} INFO - Using connection ID 'postgres_con' for task execution.
[2023-09-14T10:28:14.608+0000] {base.py:73} INFO - Using connection ID 'postgres_con' for task execution.
[2023-09-14T10:28:14.675+0000] {base.py:73} INFO - Using connection ID 'postgres_con' for task execution.
[2023-09-14T10:28:14.742+0000] {base.py:73} INFO - Using connection ID 'postgres_con' for task execution.
[2023-09-14T10:28:14.808+0000] {base.py:73} INFO - Using connection ID 'postgres_con' for task execution.
[2023-09-14T10:28:14.875+0000] {base.py:73} INFO - Using connection ID 'postgres_con' for task execution.
[2023-09-14T10:28:14.947+0000] {base.py:73} INFO - Using connection ID 'postgres_con' for task execution.
[2023-09-14T10:28:15.014+0000] {base.py:73} INFO - Using connection ID 'postgres_con' for task execution.
[2023-09-14T10:28:15.081+0000] {base.py:73} INFO - Using connection ID 'postgres_con' for task execution.
[2023-09-14T10:28:15.149+0000] {base.py:73} INFO - Using connection ID 'postgres_con' for task execution.
[2023-09-14T10:28:15.216+0000] {base.py:73} INFO - Using connection ID 'postgres_con' for task execution.
[2023-09-14T10:28:15.283+0000] {base.py:73} INFO - Using connection ID 'postgres_con' for task execution.
[2023-09-14T10:28:15.350+0000] {base.py:73} INFO - Using connection ID 'postgres_con' for task execution.
[2023-09-14T10:28:15.417+0000] {base.py:73} INFO - Using connection ID 'postgres_con' for task execution.
[2023-09-14T10:28:15.486+0000] {base.py:73} INFO - Using connection ID 'postgres_con' for task execution.
[2023-09-14T10:28:15.559+0000] {base.py:73} INFO - Using connection ID 'postgres_con' for task execution.
[2023-09-14T10:28:15.626+0000] {base.py:73} INFO - Using connection ID 'postgres_con' for task execution.
[2023-09-14T10:28:15.693+0000] {base.py:73} INFO - Using connection ID 'postgres_con' for task execution.
[2023-09-14T10:28:15.760+0000] {base.py:73} INFO - Using connection ID 'postgres_con' for task execution.
[2023-09-14T10:28:15.826+0000] {base.py:73} INFO - Using connection ID 'postgres_con' for task execution.
[2023-09-14T10:28:15.893+0000] {base.py:73} INFO - Using connection ID 'postgres_con' for task execution.
[2023-09-14T10:28:15.960+0000] {base.py:73} INFO - Using connection ID 'postgres_con' for task execution.
[2023-09-14T10:28:16.027+0000] {base.py:73} INFO - Using connection ID 'postgres_con' for task execution.
[2023-09-14T10:28:16.094+0000] {base.py:73} INFO - Using connection ID 'postgres_con' for task execution.
[2023-09-14T10:28:16.161+0000] {base.py:73} INFO - Using connection ID 'postgres_con' for task execution.
[2023-09-14T10:28:16.228+0000] {base.py:73} INFO - Using connection ID 'postgres_con' for task execution.
[2023-09-14T10:28:16.295+0000] {base.py:73} INFO - Using connection ID 'postgres_con' for task execution.
[2023-09-14T10:28:16.361+0000] {base.py:73} INFO - Using connection ID 'postgres_con' for task execution.
[2023-09-14T10:28:16.429+0000] {base.py:73} INFO - Using connection ID 'postgres_con' for task execution.
[2023-09-14T10:28:16.497+0000] {base.py:73} INFO - Using connection ID 'postgres_con' for task execution.
[2023-09-14T10:28:16.565+0000] {base.py:73} INFO - Using connection ID 'postgres_con' for task execution.
[2023-09-14T10:28:16.636+0000] {base.py:73} INFO - Using connection ID 'postgres_con' for task execution.
[2023-09-14T10:28:16.702+0000] {base.py:73} INFO - Using connection ID 'postgres_con' for task execution.
[2023-09-14T10:28:16.770+0000] {base.py:73} INFO - Using connection ID 'postgres_con' for task execution.
[2023-09-14T10:28:16.837+0000] {base.py:73} INFO - Using connection ID 'postgres_con' for task execution.
[2023-09-14T10:28:16.903+0000] {base.py:73} INFO - Using connection ID 'postgres_con' for task execution.
[2023-09-14T10:28:16.970+0000] {base.py:73} INFO - Using connection ID 'postgres_con' for task execution.
[2023-09-14T10:28:17.037+0000] {base.py:73} INFO - Using connection ID 'postgres_con' for task execution.
[2023-09-14T10:28:17.103+0000] {base.py:73} INFO - Using connection ID 'postgres_con' for task execution.
[2023-09-14T10:28:17.170+0000] {base.py:73} INFO - Using connection ID 'postgres_con' for task execution.
[2023-09-14T10:28:17.237+0000] {base.py:73} INFO - Using connection ID 'postgres_con' for task execution.
[2023-09-14T10:28:17.304+0000] {base.py:73} INFO - Using connection ID 'postgres_con' for task execution.
[2023-09-14T10:28:17.371+0000] {base.py:73} INFO - Using connection ID 'postgres_con' for task execution.
[2023-09-14T10:28:17.438+0000] {base.py:73} INFO - Using connection ID 'postgres_con' for task execution.
[2023-09-14T10:28:17.507+0000] {base.py:73} INFO - Using connection ID 'postgres_con' for task execution.
[2023-09-14T10:28:17.574+0000] {base.py:73} INFO - Using connection ID 'postgres_con' for task execution.
[2023-09-14T10:28:17.645+0000] {base.py:73} INFO - Using connection ID 'postgres_con' for task execution.
[2023-09-14T10:28:17.714+0000] {base.py:73} INFO - Using connection ID 'postgres_con' for task execution.
[2023-09-14T10:28:17.781+0000] {base.py:73} INFO - Using connection ID 'postgres_con' for task execution.
[2023-09-14T10:28:17.847+0000] {base.py:73} INFO - Using connection ID 'postgres_con' for task execution.
[2023-09-14T10:28:17.920+0000] {base.py:73} INFO - Using connection ID 'postgres_con' for task execution.
[2023-09-14T10:28:18.002+0000] {base.py:73} INFO - Using connection ID 'postgres_con' for task execution.
[2023-09-14T10:28:18.077+0000] {base.py:73} INFO - Using connection ID 'postgres_con' for task execution.
[2023-09-14T10:28:18.148+0000] {base.py:73} INFO - Using connection ID 'postgres_con' for task execution.
[2023-09-14T10:28:18.227+0000] {base.py:73} INFO - Using connection ID 'postgres_con' for task execution.
[2023-09-14T10:28:18.307+0000] {base.py:73} INFO - Using connection ID 'postgres_con' for task execution.
[2023-09-14T10:28:18.374+0000] {base.py:73} INFO - Using connection ID 'postgres_con' for task execution.
[2023-09-14T10:28:18.440+0000] {base.py:73} INFO - Using connection ID 'postgres_con' for task execution.
[2023-09-14T10:28:18.508+0000] {base.py:73} INFO - Using connection ID 'postgres_con' for task execution.
[2023-09-14T10:28:18.575+0000] {base.py:73} INFO - Using connection ID 'postgres_con' for task execution.
[2023-09-14T10:28:18.642+0000] {base.py:73} INFO - Using connection ID 'postgres_con' for task execution.
[2023-09-14T10:28:18.712+0000] {base.py:73} INFO - Using connection ID 'postgres_con' for task execution.
[2023-09-14T10:28:18.782+0000] {base.py:73} INFO - Using connection ID 'postgres_con' for task execution.
[2023-09-14T10:28:18.849+0000] {base.py:73} INFO - Using connection ID 'postgres_con' for task execution.
[2023-09-14T10:28:18.916+0000] {base.py:73} INFO - Using connection ID 'postgres_con' for task execution.
[2023-09-14T10:28:18.982+0000] {base.py:73} INFO - Using connection ID 'postgres_con' for task execution.
[2023-09-14T10:28:19.052+0000] {base.py:73} INFO - Using connection ID 'postgres_con' for task execution.
[2023-09-14T10:28:19.118+0000] {base.py:73} INFO - Using connection ID 'postgres_con' for task execution.
[2023-09-14T10:28:19.185+0000] {base.py:73} INFO - Using connection ID 'postgres_con' for task execution.
[2023-09-14T10:28:19.252+0000] {base.py:73} INFO - Using connection ID 'postgres_con' for task execution.
[2023-09-14T10:28:19.325+0000] {base.py:73} INFO - Using connection ID 'postgres_con' for task execution.
[2023-09-14T10:28:19.407+0000] {base.py:73} INFO - Using connection ID 'postgres_con' for task execution.
[2023-09-14T10:28:19.483+0000] {base.py:73} INFO - Using connection ID 'postgres_con' for task execution.
[2023-09-14T10:28:19.559+0000] {base.py:73} INFO - Using connection ID 'postgres_con' for task execution.
[2023-09-14T10:28:19.634+0000] {base.py:73} INFO - Using connection ID 'postgres_con' for task execution.
[2023-09-14T10:28:19.701+0000] {base.py:73} INFO - Using connection ID 'postgres_con' for task execution.
[2023-09-14T10:28:19.772+0000] {base.py:73} INFO - Using connection ID 'postgres_con' for task execution.
[2023-09-14T10:28:19.842+0000] {base.py:73} INFO - Using connection ID 'postgres_con' for task execution.
[2023-09-14T10:28:19.908+0000] {base.py:73} INFO - Using connection ID 'postgres_con' for task execution.
[2023-09-14T10:28:19.975+0000] {base.py:73} INFO - Using connection ID 'postgres_con' for task execution.
[2023-09-14T10:28:20.042+0000] {base.py:73} INFO - Using connection ID 'postgres_con' for task execution.
[2023-09-14T10:28:20.109+0000] {base.py:73} INFO - Using connection ID 'postgres_con' for task execution.
[2023-09-14T10:28:20.176+0000] {base.py:73} INFO - Using connection ID 'postgres_con' for task execution.
[2023-09-14T10:28:20.243+0000] {base.py:73} INFO - Using connection ID 'postgres_con' for task execution.
[2023-09-14T10:28:20.310+0000] {base.py:73} INFO - Using connection ID 'postgres_con' for task execution.
[2023-09-14T10:28:20.377+0000] {base.py:73} INFO - Using connection ID 'postgres_con' for task execution.
[2023-09-14T10:28:20.444+0000] {base.py:73} INFO - Using connection ID 'postgres_con' for task execution.
[2023-09-14T10:28:20.510+0000] {base.py:73} INFO - Using connection ID 'postgres_con' for task execution.
[2023-09-14T10:28:20.582+0000] {base.py:73} INFO - Using connection ID 'postgres_con' for task execution.
[2023-09-14T10:28:20.653+0000] {base.py:73} INFO - Using connection ID 'postgres_con' for task execution.
[2023-09-14T10:28:20.720+0000] {base.py:73} INFO - Using connection ID 'postgres_con' for task execution.
[2023-09-14T10:28:20.786+0000] {base.py:73} INFO - Using connection ID 'postgres_con' for task execution.
[2023-09-14T10:28:20.853+0000] {base.py:73} INFO - Using connection ID 'postgres_con' for task execution.
[2023-09-14T10:28:20.921+0000] {base.py:73} INFO - Using connection ID 'postgres_con' for task execution.
[2023-09-14T10:28:20.987+0000] {base.py:73} INFO - Using connection ID 'postgres_con' for task execution.
[2023-09-14T10:28:21.054+0000] {base.py:73} INFO - Using connection ID 'postgres_con' for task execution.
[2023-09-14T10:28:21.121+0000] {base.py:73} INFO - Using connection ID 'postgres_con' for task execution.
[2023-09-14T10:28:21.188+0000] {base.py:73} INFO - Using connection ID 'postgres_con' for task execution.
[2023-09-14T10:28:21.255+0000] {base.py:73} INFO - Using connection ID 'postgres_con' for task execution.
[2023-09-14T10:28:21.322+0000] {base.py:73} INFO - Using connection ID 'postgres_con' for task execution.
[2023-09-14T10:28:21.391+0000] {base.py:73} INFO - Using connection ID 'postgres_con' for task execution.
[2023-09-14T10:28:21.494+0000] {base.py:73} INFO - Using connection ID 'postgres_con' for task execution.
[2023-09-14T10:28:21.568+0000] {base.py:73} INFO - Using connection ID 'postgres_con' for task execution.
[2023-09-14T10:28:21.637+0000] {base.py:73} INFO - Using connection ID 'postgres_con' for task execution.
[2023-09-14T10:28:21.709+0000] {base.py:73} INFO - Using connection ID 'postgres_con' for task execution.
[2023-09-14T10:28:21.777+0000] {base.py:73} INFO - Using connection ID 'postgres_con' for task execution.
[2023-09-14T10:28:21.843+0000] {base.py:73} INFO - Using connection ID 'postgres_con' for task execution.
[2023-09-14T10:28:21.909+0000] {base.py:73} INFO - Using connection ID 'postgres_con' for task execution.
[2023-09-14T10:28:21.977+0000] {base.py:73} INFO - Using connection ID 'postgres_con' for task execution.
[2023-09-14T10:28:22.044+0000] {base.py:73} INFO - Using connection ID 'postgres_con' for task execution.
[2023-09-14T10:28:22.111+0000] {base.py:73} INFO - Using connection ID 'postgres_con' for task execution.
[2023-09-14T10:28:22.178+0000] {base.py:73} INFO - Using connection ID 'postgres_con' for task execution.
[2023-09-14T10:28:22.246+0000] {base.py:73} INFO - Using connection ID 'postgres_con' for task execution.
[2023-09-14T10:28:22.313+0000] {base.py:73} INFO - Using connection ID 'postgres_con' for task execution.
[2023-09-14T10:28:22.379+0000] {base.py:73} INFO - Using connection ID 'postgres_con' for task execution.
[2023-09-14T10:28:22.446+0000] {base.py:73} INFO - Using connection ID 'postgres_con' for task execution.
[2023-09-14T10:28:22.512+0000] {base.py:73} INFO - Using connection ID 'postgres_con' for task execution.
[2023-09-14T10:28:22.582+0000] {base.py:73} INFO - Using connection ID 'postgres_con' for task execution.
[2023-09-14T10:28:22.649+0000] {base.py:73} INFO - Using connection ID 'postgres_con' for task execution.
[2023-09-14T10:28:22.720+0000] {base.py:73} INFO - Using connection ID 'postgres_con' for task execution.
[2023-09-14T10:28:22.791+0000] {base.py:73} INFO - Using connection ID 'postgres_con' for task execution.
[2023-09-14T10:28:22.861+0000] {base.py:73} INFO - Using connection ID 'postgres_con' for task execution.
[2023-09-14T10:28:22.943+0000] {base.py:73} INFO - Using connection ID 'postgres_con' for task execution.
[2023-09-14T10:28:23.014+0000] {base.py:73} INFO - Using connection ID 'postgres_con' for task execution.
[2023-09-14T10:28:23.082+0000] {base.py:73} INFO - Using connection ID 'postgres_con' for task execution.
[2023-09-14T10:28:23.150+0000] {base.py:73} INFO - Using connection ID 'postgres_con' for task execution.
[2023-09-14T10:28:23.218+0000] {base.py:73} INFO - Using connection ID 'postgres_con' for task execution.
[2023-09-14T10:28:23.290+0000] {base.py:73} INFO - Using connection ID 'postgres_con' for task execution.
[2023-09-14T10:28:23.386+0000] {base.py:73} INFO - Using connection ID 'postgres_con' for task execution.
[2023-09-14T10:28:23.456+0000] {base.py:73} INFO - Using connection ID 'postgres_con' for task execution.
[2023-09-14T10:28:23.526+0000] {base.py:73} INFO - Using connection ID 'postgres_con' for task execution.
[2023-09-14T10:28:23.595+0000] {base.py:73} INFO - Using connection ID 'postgres_con' for task execution.
[2023-09-14T10:28:23.663+0000] {base.py:73} INFO - Using connection ID 'postgres_con' for task execution.
[2023-09-14T10:28:23.731+0000] {base.py:73} INFO - Using connection ID 'postgres_con' for task execution.
[2023-09-14T10:28:23.802+0000] {base.py:73} INFO - Using connection ID 'postgres_con' for task execution.
[2023-09-14T10:28:23.872+0000] {base.py:73} INFO - Using connection ID 'postgres_con' for task execution.
[2023-09-14T10:28:23.939+0000] {base.py:73} INFO - Using connection ID 'postgres_con' for task execution.
[2023-09-14T10:28:24.008+0000] {base.py:73} INFO - Using connection ID 'postgres_con' for task execution.
[2023-09-14T10:28:24.078+0000] {base.py:73} INFO - Using connection ID 'postgres_con' for task execution.
[2023-09-14T10:28:24.147+0000] {base.py:73} INFO - Using connection ID 'postgres_con' for task execution.
[2023-09-14T10:28:24.220+0000] {base.py:73} INFO - Using connection ID 'postgres_con' for task execution.
[2023-09-14T10:28:24.286+0000] {base.py:73} INFO - Using connection ID 'postgres_con' for task execution.
[2023-09-14T10:28:24.353+0000] {base.py:73} INFO - Using connection ID 'postgres_con' for task execution.
[2023-09-14T10:28:24.479+0000] {base.py:73} INFO - Using connection ID 'postgres_con' for task execution.
[2023-09-14T10:28:24.587+0000] {base.py:73} INFO - Using connection ID 'postgres_con' for task execution.
[2023-09-14T10:28:24.664+0000] {base.py:73} INFO - Using connection ID 'postgres_con' for task execution.
[2023-09-14T10:28:24.735+0000] {base.py:73} INFO - Using connection ID 'postgres_con' for task execution.
[2023-09-14T10:28:24.806+0000] {base.py:73} INFO - Using connection ID 'postgres_con' for task execution.
[2023-09-14T10:28:24.875+0000] {base.py:73} INFO - Using connection ID 'postgres_con' for task execution.
[2023-09-14T10:28:24.942+0000] {base.py:73} INFO - Using connection ID 'postgres_con' for task execution.
[2023-09-14T10:28:25.010+0000] {base.py:73} INFO - Using connection ID 'postgres_con' for task execution.
[2023-09-14T10:28:25.078+0000] {base.py:73} INFO - Using connection ID 'postgres_con' for task execution.
[2023-09-14T10:28:25.144+0000] {base.py:73} INFO - Using connection ID 'postgres_con' for task execution.
[2023-09-14T10:28:25.211+0000] {base.py:73} INFO - Using connection ID 'postgres_con' for task execution.
[2023-09-14T10:28:25.284+0000] {base.py:73} INFO - Using connection ID 'postgres_con' for task execution.
[2023-09-14T10:28:25.351+0000] {base.py:73} INFO - Using connection ID 'postgres_con' for task execution.
[2023-09-14T10:28:25.418+0000] {base.py:73} INFO - Using connection ID 'postgres_con' for task execution.
[2023-09-14T10:28:25.485+0000] {base.py:73} INFO - Using connection ID 'postgres_con' for task execution.
[2023-09-14T10:28:25.552+0000] {base.py:73} INFO - Using connection ID 'postgres_con' for task execution.
[2023-09-14T10:28:25.622+0000] {base.py:73} INFO - Using connection ID 'postgres_con' for task execution.
[2023-09-14T10:28:25.698+0000] {base.py:73} INFO - Using connection ID 'postgres_con' for task execution.
[2023-09-14T10:28:25.764+0000] {base.py:73} INFO - Using connection ID 'postgres_con' for task execution.
[2023-09-14T10:28:25.832+0000] {base.py:73} INFO - Using connection ID 'postgres_con' for task execution.
[2023-09-14T10:28:25.898+0000] {base.py:73} INFO - Using connection ID 'postgres_con' for task execution.
[2023-09-14T10:28:25.966+0000] {base.py:73} INFO - Using connection ID 'postgres_con' for task execution.
[2023-09-14T10:28:26.032+0000] {base.py:73} INFO - Using connection ID 'postgres_con' for task execution.
[2023-09-14T10:28:26.099+0000] {base.py:73} INFO - Using connection ID 'postgres_con' for task execution.
[2023-09-14T10:28:26.166+0000] {base.py:73} INFO - Using connection ID 'postgres_con' for task execution.
[2023-09-14T10:28:26.232+0000] {base.py:73} INFO - Using connection ID 'postgres_con' for task execution.
[2023-09-14T10:28:26.299+0000] {base.py:73} INFO - Using connection ID 'postgres_con' for task execution.
[2023-09-14T10:28:26.366+0000] {base.py:73} INFO - Using connection ID 'postgres_con' for task execution.
[2023-09-14T10:28:26.434+0000] {base.py:73} INFO - Using connection ID 'postgres_con' for task execution.
[2023-09-14T10:28:26.501+0000] {base.py:73} INFO - Using connection ID 'postgres_con' for task execution.
[2023-09-14T10:28:26.568+0000] {base.py:73} INFO - Using connection ID 'postgres_con' for task execution.
[2023-09-14T10:28:26.637+0000] {base.py:73} INFO - Using connection ID 'postgres_con' for task execution.
[2023-09-14T10:28:26.705+0000] {base.py:73} INFO - Using connection ID 'postgres_con' for task execution.
[2023-09-14T10:28:26.776+0000] {base.py:73} INFO - Using connection ID 'postgres_con' for task execution.
[2023-09-14T10:28:26.843+0000] {base.py:73} INFO - Using connection ID 'postgres_con' for task execution.
[2023-09-14T10:28:26.910+0000] {base.py:73} INFO - Using connection ID 'postgres_con' for task execution.
[2023-09-14T10:28:26.978+0000] {base.py:73} INFO - Using connection ID 'postgres_con' for task execution.
[2023-09-14T10:28:27.045+0000] {base.py:73} INFO - Using connection ID 'postgres_con' for task execution.
[2023-09-14T10:28:27.112+0000] {base.py:73} INFO - Using connection ID 'postgres_con' for task execution.
[2023-09-14T10:28:27.179+0000] {base.py:73} INFO - Using connection ID 'postgres_con' for task execution.
[2023-09-14T10:28:27.246+0000] {base.py:73} INFO - Using connection ID 'postgres_con' for task execution.
[2023-09-14T10:28:27.312+0000] {base.py:73} INFO - Using connection ID 'postgres_con' for task execution.
[2023-09-14T10:28:27.379+0000] {base.py:73} INFO - Using connection ID 'postgres_con' for task execution.
[2023-09-14T10:28:27.445+0000] {base.py:73} INFO - Using connection ID 'postgres_con' for task execution.
[2023-09-14T10:28:27.513+0000] {base.py:73} INFO - Using connection ID 'postgres_con' for task execution.
[2023-09-14T10:28:27.580+0000] {base.py:73} INFO - Using connection ID 'postgres_con' for task execution.
[2023-09-14T10:28:27.651+0000] {base.py:73} INFO - Using connection ID 'postgres_con' for task execution.
[2023-09-14T10:28:27.724+0000] {base.py:73} INFO - Using connection ID 'postgres_con' for task execution.
[2023-09-14T10:28:27.803+0000] {base.py:73} INFO - Using connection ID 'postgres_con' for task execution.
[2023-09-14T10:28:27.884+0000] {base.py:73} INFO - Using connection ID 'postgres_con' for task execution.
[2023-09-14T10:28:27.956+0000] {base.py:73} INFO - Using connection ID 'postgres_con' for task execution.
[2023-09-14T10:28:28.028+0000] {base.py:73} INFO - Using connection ID 'postgres_con' for task execution.
[2023-09-14T10:28:28.099+0000] {base.py:73} INFO - Using connection ID 'postgres_con' for task execution.
[2023-09-14T10:28:28.170+0000] {base.py:73} INFO - Using connection ID 'postgres_con' for task execution.
[2023-09-14T10:28:28.243+0000] {base.py:73} INFO - Using connection ID 'postgres_con' for task execution.
[2023-09-14T10:28:28.320+0000] {base.py:73} INFO - Using connection ID 'postgres_con' for task execution.
[2023-09-14T10:28:28.399+0000] {base.py:73} INFO - Using connection ID 'postgres_con' for task execution.
[2023-09-14T10:28:28.482+0000] {base.py:73} INFO - Using connection ID 'postgres_con' for task execution.
[2023-09-14T10:28:28.576+0000] {base.py:73} INFO - Using connection ID 'postgres_con' for task execution.
[2023-09-14T10:28:28.659+0000] {base.py:73} INFO - Using connection ID 'postgres_con' for task execution.
[2023-09-14T10:28:28.737+0000] {base.py:73} INFO - Using connection ID 'postgres_con' for task execution.
[2023-09-14T10:28:28.816+0000] {base.py:73} INFO - Using connection ID 'postgres_con' for task execution.
[2023-09-14T10:28:28.909+0000] {base.py:73} INFO - Using connection ID 'postgres_con' for task execution.
[2023-09-14T10:28:28.992+0000] {base.py:73} INFO - Using connection ID 'postgres_con' for task execution.
[2023-09-14T10:28:29.075+0000] {base.py:73} INFO - Using connection ID 'postgres_con' for task execution.
[2023-09-14T10:28:29.162+0000] {base.py:73} INFO - Using connection ID 'postgres_con' for task execution.
[2023-09-14T10:28:29.245+0000] {base.py:73} INFO - Using connection ID 'postgres_con' for task execution.
[2023-09-14T10:28:29.328+0000] {base.py:73} INFO - Using connection ID 'postgres_con' for task execution.
[2023-09-14T10:28:29.412+0000] {base.py:73} INFO - Using connection ID 'postgres_con' for task execution.
[2023-09-14T10:28:29.499+0000] {base.py:73} INFO - Using connection ID 'postgres_con' for task execution.
[2023-09-14T10:28:29.580+0000] {base.py:73} INFO - Using connection ID 'postgres_con' for task execution.
[2023-09-14T10:28:29.657+0000] {base.py:73} INFO - Using connection ID 'postgres_con' for task execution.
[2023-09-14T10:28:29.735+0000] {base.py:73} INFO - Using connection ID 'postgres_con' for task execution.
[2023-09-14T10:28:29.817+0000] {base.py:73} INFO - Using connection ID 'postgres_con' for task execution.
[2023-09-14T10:28:29.888+0000] {base.py:73} INFO - Using connection ID 'postgres_con' for task execution.
[2023-09-14T10:28:29.959+0000] {base.py:73} INFO - Using connection ID 'postgres_con' for task execution.
[2023-09-14T10:28:30.034+0000] {base.py:73} INFO - Using connection ID 'postgres_con' for task execution.
[2023-09-14T10:28:30.101+0000] {base.py:73} INFO - Using connection ID 'postgres_con' for task execution.
[2023-09-14T10:28:30.168+0000] {base.py:73} INFO - Using connection ID 'postgres_con' for task execution.
[2023-09-14T10:28:30.234+0000] {base.py:73} INFO - Using connection ID 'postgres_con' for task execution.
[2023-09-14T10:28:30.301+0000] {base.py:73} INFO - Using connection ID 'postgres_con' for task execution.
[2023-09-14T10:28:30.368+0000] {base.py:73} INFO - Using connection ID 'postgres_con' for task execution.
[2023-09-14T10:28:30.434+0000] {base.py:73} INFO - Using connection ID 'postgres_con' for task execution.
[2023-09-14T10:28:30.501+0000] {base.py:73} INFO - Using connection ID 'postgres_con' for task execution.
[2023-09-14T10:28:30.568+0000] {base.py:73} INFO - Using connection ID 'postgres_con' for task execution.
[2023-09-14T10:28:30.635+0000] {base.py:73} INFO - Using connection ID 'postgres_con' for task execution.
[2023-09-14T10:28:30.709+0000] {base.py:73} INFO - Using connection ID 'postgres_con' for task execution.
[2023-09-14T10:28:30.775+0000] {base.py:73} INFO - Using connection ID 'postgres_con' for task execution.
[2023-09-14T10:28:30.843+0000] {base.py:73} INFO - Using connection ID 'postgres_con' for task execution.
[2023-09-14T10:28:30.923+0000] {base.py:73} INFO - Using connection ID 'postgres_con' for task execution.
[2023-09-14T10:28:31.004+0000] {base.py:73} INFO - Using connection ID 'postgres_con' for task execution.
[2023-09-14T10:28:31.087+0000] {base.py:73} INFO - Using connection ID 'postgres_con' for task execution.
[2023-09-14T10:28:31.170+0000] {base.py:73} INFO - Using connection ID 'postgres_con' for task execution.
[2023-09-14T10:28:31.252+0000] {base.py:73} INFO - Using connection ID 'postgres_con' for task execution.
[2023-09-14T10:28:31.336+0000] {base.py:73} INFO - Using connection ID 'postgres_con' for task execution.
[2023-09-14T10:28:31.421+0000] {base.py:73} INFO - Using connection ID 'postgres_con' for task execution.
[2023-09-14T10:28:31.503+0000] {base.py:73} INFO - Using connection ID 'postgres_con' for task execution.
[2023-09-14T10:28:31.623+0000] {base.py:73} INFO - Using connection ID 'postgres_con' for task execution.
[2023-09-14T10:28:31.713+0000] {base.py:73} INFO - Using connection ID 'postgres_con' for task execution.
[2023-09-14T10:28:31.801+0000] {base.py:73} INFO - Using connection ID 'postgres_con' for task execution.
[2023-09-14T10:28:31.885+0000] {base.py:73} INFO - Using connection ID 'postgres_con' for task execution.
[2023-09-14T10:28:31.967+0000] {base.py:73} INFO - Using connection ID 'postgres_con' for task execution.
[2023-09-14T10:28:32.050+0000] {base.py:73} INFO - Using connection ID 'postgres_con' for task execution.
[2023-09-14T10:28:32.136+0000] {base.py:73} INFO - Using connection ID 'postgres_con' for task execution.
[2023-09-14T10:28:32.209+0000] {base.py:73} INFO - Using connection ID 'postgres_con' for task execution.
[2023-09-14T10:28:32.290+0000] {base.py:73} INFO - Using connection ID 'postgres_con' for task execution.
[2023-09-14T10:28:32.357+0000] {base.py:73} INFO - Using connection ID 'postgres_con' for task execution.
[2023-09-14T10:28:32.424+0000] {base.py:73} INFO - Using connection ID 'postgres_con' for task execution.
[2023-09-14T10:28:32.491+0000] {base.py:73} INFO - Using connection ID 'postgres_con' for task execution.
[2023-09-14T10:28:32.558+0000] {base.py:73} INFO - Using connection ID 'postgres_con' for task execution.
[2023-09-14T10:28:32.625+0000] {base.py:73} INFO - Using connection ID 'postgres_con' for task execution.
[2023-09-14T10:28:32.692+0000] {base.py:73} INFO - Using connection ID 'postgres_con' for task execution.
[2023-09-14T10:28:32.761+0000] {base.py:73} INFO - Using connection ID 'postgres_con' for task execution.
[2023-09-14T10:28:32.832+0000] {base.py:73} INFO - Using connection ID 'postgres_con' for task execution.
[2023-09-14T10:28:32.901+0000] {base.py:73} INFO - Using connection ID 'postgres_con' for task execution.
[2023-09-14T10:28:32.967+0000] {base.py:73} INFO - Using connection ID 'postgres_con' for task execution.
[2023-09-14T10:28:33.034+0000] {base.py:73} INFO - Using connection ID 'postgres_con' for task execution.
[2023-09-14T10:28:33.101+0000] {base.py:73} INFO - Using connection ID 'postgres_con' for task execution.
[2023-09-14T10:28:33.168+0000] {base.py:73} INFO - Using connection ID 'postgres_con' for task execution.
[2023-09-14T10:28:33.235+0000] {base.py:73} INFO - Using connection ID 'postgres_con' for task execution.
[2023-09-14T10:28:33.302+0000] {base.py:73} INFO - Using connection ID 'postgres_con' for task execution.
[2023-09-14T10:28:33.369+0000] {base.py:73} INFO - Using connection ID 'postgres_con' for task execution.
[2023-09-14T10:28:33.437+0000] {base.py:73} INFO - Using connection ID 'postgres_con' for task execution.
[2023-09-14T10:28:33.504+0000] {base.py:73} INFO - Using connection ID 'postgres_con' for task execution.
[2023-09-14T10:28:33.570+0000] {base.py:73} INFO - Using connection ID 'postgres_con' for task execution.
[2023-09-14T10:28:33.638+0000] {base.py:73} INFO - Using connection ID 'postgres_con' for task execution.
[2023-09-14T10:28:33.705+0000] {base.py:73} INFO - Using connection ID 'postgres_con' for task execution.
[2023-09-14T10:28:33.774+0000] {base.py:73} INFO - Using connection ID 'postgres_con' for task execution.
[2023-09-14T10:28:33.841+0000] {base.py:73} INFO - Using connection ID 'postgres_con' for task execution.
[2023-09-14T10:28:33.914+0000] {base.py:73} INFO - Using connection ID 'postgres_con' for task execution.
[2023-09-14T10:28:33.981+0000] {base.py:73} INFO - Using connection ID 'postgres_con' for task execution.
[2023-09-14T10:28:34.047+0000] {base.py:73} INFO - Using connection ID 'postgres_con' for task execution.
[2023-09-14T10:28:34.114+0000] {base.py:73} INFO - Using connection ID 'postgres_con' for task execution.
[2023-09-14T10:28:34.188+0000] {base.py:73} INFO - Using connection ID 'postgres_con' for task execution.
[2023-09-14T10:28:34.261+0000] {base.py:73} INFO - Using connection ID 'postgres_con' for task execution.
[2023-09-14T10:28:34.335+0000] {base.py:73} INFO - Using connection ID 'postgres_con' for task execution.
[2023-09-14T10:28:34.412+0000] {base.py:73} INFO - Using connection ID 'postgres_con' for task execution.
[2023-09-14T10:28:34.485+0000] {base.py:73} INFO - Using connection ID 'postgres_con' for task execution.
[2023-09-14T10:28:34.558+0000] {base.py:73} INFO - Using connection ID 'postgres_con' for task execution.
[2023-09-14T10:28:34.674+0000] {base.py:73} INFO - Using connection ID 'postgres_con' for task execution.
[2023-09-14T10:28:34.753+0000] {base.py:73} INFO - Using connection ID 'postgres_con' for task execution.
[2023-09-14T10:28:34.822+0000] {base.py:73} INFO - Using connection ID 'postgres_con' for task execution.
[2023-09-14T10:28:34.891+0000] {base.py:73} INFO - Using connection ID 'postgres_con' for task execution.
[2023-09-14T10:28:34.962+0000] {base.py:73} INFO - Using connection ID 'postgres_con' for task execution.
[2023-09-14T10:28:35.031+0000] {base.py:73} INFO - Using connection ID 'postgres_con' for task execution.
[2023-09-14T10:28:35.098+0000] {base.py:73} INFO - Using connection ID 'postgres_con' for task execution.
[2023-09-14T10:28:35.165+0000] {base.py:73} INFO - Using connection ID 'postgres_con' for task execution.
[2023-09-14T10:28:35.233+0000] {base.py:73} INFO - Using connection ID 'postgres_con' for task execution.
[2023-09-14T10:28:35.301+0000] {base.py:73} INFO - Using connection ID 'postgres_con' for task execution.
[2023-09-14T10:28:35.368+0000] {base.py:73} INFO - Using connection ID 'postgres_con' for task execution.
[2023-09-14T10:28:35.434+0000] {base.py:73} INFO - Using connection ID 'postgres_con' for task execution.
[2023-09-14T10:28:35.501+0000] {base.py:73} INFO - Using connection ID 'postgres_con' for task execution.
[2023-09-14T10:28:35.569+0000] {base.py:73} INFO - Using connection ID 'postgres_con' for task execution.
[2023-09-14T10:28:35.635+0000] {base.py:73} INFO - Using connection ID 'postgres_con' for task execution.
[2023-09-14T10:28:35.702+0000] {base.py:73} INFO - Using connection ID 'postgres_con' for task execution.
[2023-09-14T10:28:35.776+0000] {base.py:73} INFO - Using connection ID 'postgres_con' for task execution.
[2023-09-14T10:28:35.845+0000] {base.py:73} INFO - Using connection ID 'postgres_con' for task execution.
[2023-09-14T10:28:35.911+0000] {base.py:73} INFO - Using connection ID 'postgres_con' for task execution.
[2023-09-14T10:28:35.978+0000] {base.py:73} INFO - Using connection ID 'postgres_con' for task execution.
[2023-09-14T10:28:36.045+0000] {base.py:73} INFO - Using connection ID 'postgres_con' for task execution.
[2023-09-14T10:28:36.112+0000] {base.py:73} INFO - Using connection ID 'postgres_con' for task execution.
[2023-09-14T10:28:36.186+0000] {base.py:73} INFO - Using connection ID 'postgres_con' for task execution.
[2023-09-14T10:28:36.193+0000] {warnings.py:109} WARNING - /home/***/.local/lib/python3.8/site-packages/***/providers/common/sql/hooks/sql.py:219: UserWarning: pandas only supports SQLAlchemy connectable (engine/connection) or database string URI or sqlite3 DBAPI2 connection. Other DBAPI2 objects are not tested. Please consider using SQLAlchemy.
  return psql.read_sql(sql, con=conn, params=parameters, **kwargs)

[2023-09-14T10:28:36.212+0000] {base.py:73} INFO - Using connection ID 'postgres_con' for task execution.
[2023-09-14T10:28:36.218+0000] {warnings.py:109} WARNING - /home/***/.local/lib/python3.8/site-packages/***/providers/common/sql/hooks/sql.py:219: UserWarning: pandas only supports SQLAlchemy connectable (engine/connection) or database string URI or sqlite3 DBAPI2 connection. Other DBAPI2 objects are not tested. Please consider using SQLAlchemy.
  return psql.read_sql(sql, con=conn, params=parameters, **kwargs)

[2023-09-14T10:28:36.222+0000] {python.py:194} INFO - Done. Returned value was: Empty DataFrame
Columns: [id_vac, published_at, name, city, salary, employer, type_vac, experience, employment, role, description, skill, grade, skill_lower, skill_type, column_not_exist_in_db]
Index: []
[2023-09-14T10:28:36.259+0000] {taskinstance.py:1400} INFO - Marking task as SUCCESS. dag_id=dag_parser, task_id=transform, execution_date=20230913T040000, start_date=20230914T102753, end_date=20230914T102836
[2023-09-14T10:28:36.290+0000] {local_task_job_runner.py:228} INFO - Task exited with return code 0
[2023-09-14T10:28:36.314+0000] {taskinstance.py:2784} INFO - 1 downstream tasks scheduled from follow-on schedule check
