[2023-09-17T04:00:02.943+0000] {taskinstance.py:1159} INFO - Dependencies all met for dep_context=non-requeueable deps ti=<TaskInstance: dag_parser.extract scheduled__2023-09-16T04:00:00+00:00 [queued]>
[2023-09-17T04:00:02.953+0000] {taskinstance.py:1159} INFO - Dependencies all met for dep_context=requeueable deps ti=<TaskInstance: dag_parser.extract scheduled__2023-09-16T04:00:00+00:00 [queued]>
[2023-09-17T04:00:02.953+0000] {taskinstance.py:1361} INFO - Starting attempt 1 of 3
[2023-09-17T04:00:02.968+0000] {taskinstance.py:1382} INFO - Executing <Task(_PythonDecoratedOperator): extract> on 2023-09-16 04:00:00+00:00
[2023-09-17T04:00:02.976+0000] {standard_task_runner.py:57} INFO - Started process 18874 to run task
[2023-09-17T04:00:02.979+0000] {standard_task_runner.py:84} INFO - Running: ['***', 'tasks', 'run', 'dag_parser', 'extract', 'scheduled__2023-09-16T04:00:00+00:00', '--job-id', '68', '--raw', '--subdir', 'DAGS_FOLDER/dag_parser.py', '--cfg-path', '/tmp/tmplgs22oy9']
[2023-09-17T04:00:02.980+0000] {standard_task_runner.py:85} INFO - Job 68: Subtask extract
[2023-09-17T04:00:03.030+0000] {task_command.py:415} INFO - Running <TaskInstance: dag_parser.extract scheduled__2023-09-16T04:00:00+00:00 [running]> on host 20e4b3feebe3
[2023-09-17T04:00:03.128+0000] {taskinstance.py:1660} INFO - Exporting env vars: AIRFLOW_CTX_DAG_OWNER='oleg' AIRFLOW_CTX_DAG_ID='dag_parser' AIRFLOW_CTX_TASK_ID='extract' AIRFLOW_CTX_EXECUTION_DATE='2023-09-16T04:00:00+00:00' AIRFLOW_CTX_TRY_NUMBER='1' AIRFLOW_CTX_DAG_RUN_ID='scheduled__2023-09-16T04:00:00+00:00'
[2023-09-17T04:00:20.089+0000] {python.py:194} INFO - Done. Returned value was:            id  premium  ... immediate_redirect_url immediate_redirect_vacancy_id
0    86639712    False  ...                    NaN                           NaN
1    86170047    False  ...                    NaN                           NaN
2    86169952    False  ...                    NaN                           NaN
3    86169960    False  ...                    NaN                           NaN
4    86170015    False  ...                    NaN                           NaN
..        ...      ...  ...                    ...                           ...
590  86810273    False  ...                    NaN                           NaN
591  86688975    False  ...                    NaN                           NaN
592  85041590    False  ...                    NaN                           NaN
593  85668939    False  ...                    NaN                           NaN
594  85971471    False  ...                    NaN                           NaN

[595 rows x 38 columns]
[2023-09-17T04:00:20.363+0000] {taskinstance.py:1400} INFO - Marking task as SUCCESS. dag_id=dag_parser, task_id=extract, execution_date=20230916T040000, start_date=20230917T040002, end_date=20230917T040020
[2023-09-17T04:00:20.421+0000] {local_task_job_runner.py:228} INFO - Task exited with return code 0
[2023-09-17T04:00:20.482+0000] {taskinstance.py:2784} INFO - 1 downstream tasks scheduled from follow-on schedule check
