[2023-10-04T11:51:53.774+0000] {taskinstance.py:1159} INFO - Dependencies all met for dep_context=non-requeueable deps ti=<TaskInstance: dag_parser.extract scheduled__2023-10-03T04:00:00+00:00 [queued]>
[2023-10-04T11:51:53.782+0000] {taskinstance.py:1159} INFO - Dependencies all met for dep_context=requeueable deps ti=<TaskInstance: dag_parser.extract scheduled__2023-10-03T04:00:00+00:00 [queued]>
[2023-10-04T11:51:53.784+0000] {taskinstance.py:1361} INFO - Starting attempt 2 of 3
[2023-10-04T11:51:53.796+0000] {taskinstance.py:1382} INFO - Executing <Task(_PythonDecoratedOperator): extract> on 2023-10-03 04:00:00+00:00
[2023-10-04T11:51:53.816+0000] {standard_task_runner.py:57} INFO - Started process 244 to run task
[2023-10-04T11:51:53.823+0000] {standard_task_runner.py:84} INFO - Running: ['***', 'tasks', 'run', 'dag_parser', 'extract', 'scheduled__2023-10-03T04:00:00+00:00', '--job-id', '251', '--raw', '--subdir', 'DAGS_FOLDER/dag_parser.py', '--cfg-path', '/tmp/tmp2r0k75ko']
[2023-10-04T11:51:53.829+0000] {standard_task_runner.py:85} INFO - Job 251: Subtask extract
[2023-10-04T11:51:54.030+0000] {task_command.py:415} INFO - Running <TaskInstance: dag_parser.extract scheduled__2023-10-03T04:00:00+00:00 [running]> on host 5e35f257a54c
[2023-10-04T11:51:54.206+0000] {taskinstance.py:1660} INFO - Exporting env vars: AIRFLOW_CTX_DAG_OWNER='oleg' AIRFLOW_CTX_DAG_ID='dag_parser' AIRFLOW_CTX_TASK_ID='extract' AIRFLOW_CTX_EXECUTION_DATE='2023-10-03T04:00:00+00:00' AIRFLOW_CTX_TRY_NUMBER='2' AIRFLOW_CTX_DAG_RUN_ID='scheduled__2023-10-03T04:00:00+00:00'
[2023-10-04T11:52:19.463+0000] {python.py:194} INFO - Done. Returned value was:            id  premium  ... is_adv_vacancy                            branding
0    85769244    False  ...          False                                 NaN
1    86625910    False  ...          False                                 NaN
2    82424279    False  ...          False                                 NaN
3    82175755    False  ...          False  {'type': 'MAKEUP', 'tariff': None}
4    86613982    False  ...          False                                 NaN
..        ...      ...  ...            ...                                 ...
653  80829614    False  ...          False                                 NaN
654  85844401    False  ...          False                                 NaN
655  87694995    False  ...          False                                 NaN
656  87694013    False  ...          False  {'type': 'MAKEUP', 'tariff': None}
657  87693506    False  ...          False                                 NaN

[658 rows x 36 columns]
[2023-10-04T11:52:19.704+0000] {taskinstance.py:1400} INFO - Marking task as SUCCESS. dag_id=dag_parser, task_id=extract, execution_date=20231003T040000, start_date=20231004T115153, end_date=20231004T115219
[2023-10-04T11:52:19.746+0000] {local_task_job_runner.py:228} INFO - Task exited with return code 0
[2023-10-04T11:52:19.785+0000] {taskinstance.py:2784} INFO - 1 downstream tasks scheduled from follow-on schedule check
