[2023-09-04T01:45:58.464+0000] {processor.py:157} INFO - Started process (PID=45) to work on /home/airflow/.local/lib/python3.8/site-packages/airflow/example_dags/example_params_ui_tutorial.py
[2023-09-04T01:45:58.468+0000] {processor.py:829} INFO - Processing file /home/airflow/.local/lib/python3.8/site-packages/airflow/example_dags/example_params_ui_tutorial.py for tasks to queue
[2023-09-04T01:45:58.475+0000] {logging_mixin.py:151} INFO - [2023-09-04T01:45:58.474+0000] {dagbag.py:539} INFO - Filling up the DagBag from /home/airflow/.local/lib/python3.8/site-packages/airflow/example_dags/example_params_ui_tutorial.py
[2023-09-04T01:45:58.545+0000] {processor.py:839} INFO - DAG(s) dict_keys(['example_params_ui_tutorial']) retrieved from /home/airflow/.local/lib/python3.8/site-packages/airflow/example_dags/example_params_ui_tutorial.py
[2023-09-04T01:45:58.573+0000] {logging_mixin.py:151} INFO - [2023-09-04T01:45:58.573+0000] {dag.py:2907} INFO - Sync 1 DAGs
[2023-09-04T01:45:58.593+0000] {logging_mixin.py:151} INFO - [2023-09-04T01:45:58.593+0000] {dag.py:3677} INFO - Setting next_dagrun for example_params_ui_tutorial to None, run_after=None
[2023-09-04T01:45:58.647+0000] {processor.py:179} INFO - Processing /home/airflow/.local/lib/python3.8/site-packages/airflow/example_dags/example_params_ui_tutorial.py took 0.189 seconds
[2023-09-04T01:46:29.488+0000] {processor.py:157} INFO - Started process (PID=101) to work on /home/airflow/.local/lib/python3.8/site-packages/airflow/example_dags/example_params_ui_tutorial.py
[2023-09-04T01:46:29.491+0000] {processor.py:829} INFO - Processing file /home/airflow/.local/lib/python3.8/site-packages/airflow/example_dags/example_params_ui_tutorial.py for tasks to queue
[2023-09-04T01:46:29.495+0000] {logging_mixin.py:151} INFO - [2023-09-04T01:46:29.495+0000] {dagbag.py:539} INFO - Filling up the DagBag from /home/airflow/.local/lib/python3.8/site-packages/airflow/example_dags/example_params_ui_tutorial.py
[2023-09-04T01:46:29.525+0000] {processor.py:839} INFO - DAG(s) dict_keys(['example_params_ui_tutorial']) retrieved from /home/airflow/.local/lib/python3.8/site-packages/airflow/example_dags/example_params_ui_tutorial.py
[2023-09-04T01:46:29.571+0000] {logging_mixin.py:151} INFO - [2023-09-04T01:46:29.571+0000] {dag.py:2907} INFO - Sync 1 DAGs
[2023-09-04T01:46:29.597+0000] {logging_mixin.py:151} INFO - [2023-09-04T01:46:29.596+0000] {dag.py:3677} INFO - Setting next_dagrun for example_params_ui_tutorial to None, run_after=None
[2023-09-04T01:46:29.625+0000] {processor.py:179} INFO - Processing /home/airflow/.local/lib/python3.8/site-packages/airflow/example_dags/example_params_ui_tutorial.py took 0.141 seconds
[2023-09-04T01:47:00.527+0000] {processor.py:157} INFO - Started process (PID=157) to work on /home/airflow/.local/lib/python3.8/site-packages/airflow/example_dags/example_params_ui_tutorial.py
[2023-09-04T01:47:00.529+0000] {processor.py:829} INFO - Processing file /home/airflow/.local/lib/python3.8/site-packages/airflow/example_dags/example_params_ui_tutorial.py for tasks to queue
[2023-09-04T01:47:00.532+0000] {logging_mixin.py:151} INFO - [2023-09-04T01:47:00.532+0000] {dagbag.py:539} INFO - Filling up the DagBag from /home/airflow/.local/lib/python3.8/site-packages/airflow/example_dags/example_params_ui_tutorial.py
[2023-09-04T01:47:00.559+0000] {processor.py:839} INFO - DAG(s) dict_keys(['example_params_ui_tutorial']) retrieved from /home/airflow/.local/lib/python3.8/site-packages/airflow/example_dags/example_params_ui_tutorial.py
[2023-09-04T01:47:00.599+0000] {logging_mixin.py:151} INFO - [2023-09-04T01:47:00.599+0000] {dag.py:2907} INFO - Sync 1 DAGs
[2023-09-04T01:47:00.610+0000] {logging_mixin.py:151} INFO - [2023-09-04T01:47:00.610+0000] {dag.py:3677} INFO - Setting next_dagrun for example_params_ui_tutorial to None, run_after=None
[2023-09-04T01:47:00.625+0000] {processor.py:179} INFO - Processing /home/airflow/.local/lib/python3.8/site-packages/airflow/example_dags/example_params_ui_tutorial.py took 0.100 seconds
[2023-09-04T01:47:31.665+0000] {processor.py:157} INFO - Started process (PID=213) to work on /home/airflow/.local/lib/python3.8/site-packages/airflow/example_dags/example_params_ui_tutorial.py
[2023-09-04T01:47:31.669+0000] {processor.py:829} INFO - Processing file /home/airflow/.local/lib/python3.8/site-packages/airflow/example_dags/example_params_ui_tutorial.py for tasks to queue
[2023-09-04T01:47:31.672+0000] {logging_mixin.py:151} INFO - [2023-09-04T01:47:31.672+0000] {dagbag.py:539} INFO - Filling up the DagBag from /home/airflow/.local/lib/python3.8/site-packages/airflow/example_dags/example_params_ui_tutorial.py
[2023-09-04T01:47:31.698+0000] {processor.py:839} INFO - DAG(s) dict_keys(['example_params_ui_tutorial']) retrieved from /home/airflow/.local/lib/python3.8/site-packages/airflow/example_dags/example_params_ui_tutorial.py
[2023-09-04T01:47:31.734+0000] {logging_mixin.py:151} INFO - [2023-09-04T01:47:31.734+0000] {dag.py:2907} INFO - Sync 1 DAGs
[2023-09-04T01:47:31.743+0000] {logging_mixin.py:151} INFO - [2023-09-04T01:47:31.743+0000] {dag.py:3677} INFO - Setting next_dagrun for example_params_ui_tutorial to None, run_after=None
[2023-09-04T01:47:31.760+0000] {processor.py:179} INFO - Processing /home/airflow/.local/lib/python3.8/site-packages/airflow/example_dags/example_params_ui_tutorial.py took 0.099 seconds
[2023-09-04T01:48:02.378+0000] {processor.py:157} INFO - Started process (PID=269) to work on /home/airflow/.local/lib/python3.8/site-packages/airflow/example_dags/example_params_ui_tutorial.py
[2023-09-04T01:48:02.381+0000] {processor.py:829} INFO - Processing file /home/airflow/.local/lib/python3.8/site-packages/airflow/example_dags/example_params_ui_tutorial.py for tasks to queue
[2023-09-04T01:48:02.384+0000] {logging_mixin.py:151} INFO - [2023-09-04T01:48:02.384+0000] {dagbag.py:539} INFO - Filling up the DagBag from /home/airflow/.local/lib/python3.8/site-packages/airflow/example_dags/example_params_ui_tutorial.py
[2023-09-04T01:48:02.424+0000] {processor.py:839} INFO - DAG(s) dict_keys(['example_params_ui_tutorial']) retrieved from /home/airflow/.local/lib/python3.8/site-packages/airflow/example_dags/example_params_ui_tutorial.py
[2023-09-04T01:48:02.488+0000] {logging_mixin.py:151} INFO - [2023-09-04T01:48:02.488+0000] {dag.py:2907} INFO - Sync 1 DAGs
[2023-09-04T01:48:02.502+0000] {logging_mixin.py:151} INFO - [2023-09-04T01:48:02.502+0000] {dag.py:3677} INFO - Setting next_dagrun for example_params_ui_tutorial to None, run_after=None
[2023-09-04T01:48:02.520+0000] {processor.py:179} INFO - Processing /home/airflow/.local/lib/python3.8/site-packages/airflow/example_dags/example_params_ui_tutorial.py took 0.145 seconds
[2023-09-04T01:48:32.847+0000] {processor.py:157} INFO - Started process (PID=323) to work on /home/airflow/.local/lib/python3.8/site-packages/airflow/example_dags/example_params_ui_tutorial.py
[2023-09-04T01:48:32.851+0000] {processor.py:829} INFO - Processing file /home/airflow/.local/lib/python3.8/site-packages/airflow/example_dags/example_params_ui_tutorial.py for tasks to queue
[2023-09-04T01:48:32.860+0000] {logging_mixin.py:151} INFO - [2023-09-04T01:48:32.856+0000] {dagbag.py:539} INFO - Filling up the DagBag from /home/airflow/.local/lib/python3.8/site-packages/airflow/example_dags/example_params_ui_tutorial.py
[2023-09-04T01:48:32.891+0000] {processor.py:839} INFO - DAG(s) dict_keys(['example_params_ui_tutorial']) retrieved from /home/airflow/.local/lib/python3.8/site-packages/airflow/example_dags/example_params_ui_tutorial.py
[2023-09-04T01:48:32.923+0000] {logging_mixin.py:151} INFO - [2023-09-04T01:48:32.923+0000] {dag.py:2907} INFO - Sync 1 DAGs
[2023-09-04T01:48:32.931+0000] {logging_mixin.py:151} INFO - [2023-09-04T01:48:32.931+0000] {dag.py:3677} INFO - Setting next_dagrun for example_params_ui_tutorial to None, run_after=None
[2023-09-04T01:48:32.946+0000] {processor.py:179} INFO - Processing /home/airflow/.local/lib/python3.8/site-packages/airflow/example_dags/example_params_ui_tutorial.py took 0.104 seconds
[2023-09-04T01:49:03.096+0000] {processor.py:157} INFO - Started process (PID=379) to work on /home/airflow/.local/lib/python3.8/site-packages/airflow/example_dags/example_params_ui_tutorial.py
[2023-09-04T01:49:03.101+0000] {processor.py:829} INFO - Processing file /home/airflow/.local/lib/python3.8/site-packages/airflow/example_dags/example_params_ui_tutorial.py for tasks to queue
[2023-09-04T01:49:03.112+0000] {logging_mixin.py:151} INFO - [2023-09-04T01:49:03.112+0000] {dagbag.py:539} INFO - Filling up the DagBag from /home/airflow/.local/lib/python3.8/site-packages/airflow/example_dags/example_params_ui_tutorial.py
[2023-09-04T01:49:03.149+0000] {processor.py:839} INFO - DAG(s) dict_keys(['example_params_ui_tutorial']) retrieved from /home/airflow/.local/lib/python3.8/site-packages/airflow/example_dags/example_params_ui_tutorial.py
[2023-09-04T01:49:03.197+0000] {logging_mixin.py:151} INFO - [2023-09-04T01:49:03.197+0000] {dag.py:2907} INFO - Sync 1 DAGs
[2023-09-04T01:49:03.210+0000] {logging_mixin.py:151} INFO - [2023-09-04T01:49:03.210+0000] {dag.py:3677} INFO - Setting next_dagrun for example_params_ui_tutorial to None, run_after=None
[2023-09-04T01:49:03.223+0000] {processor.py:179} INFO - Processing /home/airflow/.local/lib/python3.8/site-packages/airflow/example_dags/example_params_ui_tutorial.py took 0.129 seconds
[2023-09-04T01:49:33.545+0000] {processor.py:157} INFO - Started process (PID=435) to work on /home/airflow/.local/lib/python3.8/site-packages/airflow/example_dags/example_params_ui_tutorial.py
[2023-09-04T01:49:33.546+0000] {processor.py:829} INFO - Processing file /home/airflow/.local/lib/python3.8/site-packages/airflow/example_dags/example_params_ui_tutorial.py for tasks to queue
[2023-09-04T01:49:33.552+0000] {logging_mixin.py:151} INFO - [2023-09-04T01:49:33.551+0000] {dagbag.py:539} INFO - Filling up the DagBag from /home/airflow/.local/lib/python3.8/site-packages/airflow/example_dags/example_params_ui_tutorial.py
[2023-09-04T01:49:33.582+0000] {processor.py:839} INFO - DAG(s) dict_keys(['example_params_ui_tutorial']) retrieved from /home/airflow/.local/lib/python3.8/site-packages/airflow/example_dags/example_params_ui_tutorial.py
[2023-09-04T01:49:33.627+0000] {logging_mixin.py:151} INFO - [2023-09-04T01:49:33.627+0000] {dag.py:2907} INFO - Sync 1 DAGs
[2023-09-04T01:49:33.636+0000] {logging_mixin.py:151} INFO - [2023-09-04T01:49:33.636+0000] {dag.py:3677} INFO - Setting next_dagrun for example_params_ui_tutorial to None, run_after=None
[2023-09-04T01:49:33.651+0000] {processor.py:179} INFO - Processing /home/airflow/.local/lib/python3.8/site-packages/airflow/example_dags/example_params_ui_tutorial.py took 0.111 seconds
[2023-09-04T01:50:03.921+0000] {processor.py:157} INFO - Started process (PID=492) to work on /home/airflow/.local/lib/python3.8/site-packages/airflow/example_dags/example_params_ui_tutorial.py
[2023-09-04T01:50:03.922+0000] {processor.py:829} INFO - Processing file /home/airflow/.local/lib/python3.8/site-packages/airflow/example_dags/example_params_ui_tutorial.py for tasks to queue
[2023-09-04T01:50:03.925+0000] {logging_mixin.py:151} INFO - [2023-09-04T01:50:03.925+0000] {dagbag.py:539} INFO - Filling up the DagBag from /home/airflow/.local/lib/python3.8/site-packages/airflow/example_dags/example_params_ui_tutorial.py
[2023-09-04T01:50:03.964+0000] {processor.py:839} INFO - DAG(s) dict_keys(['example_params_ui_tutorial']) retrieved from /home/airflow/.local/lib/python3.8/site-packages/airflow/example_dags/example_params_ui_tutorial.py
[2023-09-04T01:50:04.002+0000] {logging_mixin.py:151} INFO - [2023-09-04T01:50:04.001+0000] {dag.py:2907} INFO - Sync 1 DAGs
[2023-09-04T01:50:04.012+0000] {logging_mixin.py:151} INFO - [2023-09-04T01:50:04.012+0000] {dag.py:3677} INFO - Setting next_dagrun for example_params_ui_tutorial to None, run_after=None
[2023-09-04T01:50:04.028+0000] {processor.py:179} INFO - Processing /home/airflow/.local/lib/python3.8/site-packages/airflow/example_dags/example_params_ui_tutorial.py took 0.110 seconds
[2023-09-04T01:50:34.404+0000] {processor.py:157} INFO - Started process (PID=548) to work on /home/airflow/.local/lib/python3.8/site-packages/airflow/example_dags/example_params_ui_tutorial.py
[2023-09-04T01:50:34.407+0000] {processor.py:829} INFO - Processing file /home/airflow/.local/lib/python3.8/site-packages/airflow/example_dags/example_params_ui_tutorial.py for tasks to queue
[2023-09-04T01:50:34.409+0000] {logging_mixin.py:151} INFO - [2023-09-04T01:50:34.409+0000] {dagbag.py:539} INFO - Filling up the DagBag from /home/airflow/.local/lib/python3.8/site-packages/airflow/example_dags/example_params_ui_tutorial.py
[2023-09-04T01:50:34.442+0000] {processor.py:839} INFO - DAG(s) dict_keys(['example_params_ui_tutorial']) retrieved from /home/airflow/.local/lib/python3.8/site-packages/airflow/example_dags/example_params_ui_tutorial.py
[2023-09-04T01:50:34.476+0000] {logging_mixin.py:151} INFO - [2023-09-04T01:50:34.475+0000] {dag.py:2907} INFO - Sync 1 DAGs
[2023-09-04T01:50:34.484+0000] {logging_mixin.py:151} INFO - [2023-09-04T01:50:34.484+0000] {dag.py:3677} INFO - Setting next_dagrun for example_params_ui_tutorial to None, run_after=None
[2023-09-04T01:50:34.495+0000] {processor.py:179} INFO - Processing /home/airflow/.local/lib/python3.8/site-packages/airflow/example_dags/example_params_ui_tutorial.py took 0.093 seconds
[2023-09-04T01:51:04.990+0000] {processor.py:157} INFO - Started process (PID=604) to work on /home/airflow/.local/lib/python3.8/site-packages/airflow/example_dags/example_params_ui_tutorial.py
[2023-09-04T01:51:04.992+0000] {processor.py:829} INFO - Processing file /home/airflow/.local/lib/python3.8/site-packages/airflow/example_dags/example_params_ui_tutorial.py for tasks to queue
[2023-09-04T01:51:04.994+0000] {logging_mixin.py:151} INFO - [2023-09-04T01:51:04.994+0000] {dagbag.py:539} INFO - Filling up the DagBag from /home/airflow/.local/lib/python3.8/site-packages/airflow/example_dags/example_params_ui_tutorial.py
[2023-09-04T01:51:05.016+0000] {processor.py:839} INFO - DAG(s) dict_keys(['example_params_ui_tutorial']) retrieved from /home/airflow/.local/lib/python3.8/site-packages/airflow/example_dags/example_params_ui_tutorial.py
[2023-09-04T01:51:05.046+0000] {logging_mixin.py:151} INFO - [2023-09-04T01:51:05.046+0000] {dag.py:2907} INFO - Sync 1 DAGs
[2023-09-04T01:51:05.054+0000] {logging_mixin.py:151} INFO - [2023-09-04T01:51:05.054+0000] {dag.py:3677} INFO - Setting next_dagrun for example_params_ui_tutorial to None, run_after=None
[2023-09-04T01:51:05.064+0000] {processor.py:179} INFO - Processing /home/airflow/.local/lib/python3.8/site-packages/airflow/example_dags/example_params_ui_tutorial.py took 0.077 seconds
