[2023-09-04T01:46:05.528+0000] {processor.py:157} INFO - Started process (PID=75) to work on /home/airflow/.local/lib/python3.8/site-packages/airflow/example_dags/example_task_group.py
[2023-09-04T01:46:05.536+0000] {processor.py:829} INFO - Processing file /home/airflow/.local/lib/python3.8/site-packages/airflow/example_dags/example_task_group.py for tasks to queue
[2023-09-04T01:46:05.559+0000] {logging_mixin.py:151} INFO - [2023-09-04T01:46:05.558+0000] {dagbag.py:539} INFO - Filling up the DagBag from /home/airflow/.local/lib/python3.8/site-packages/airflow/example_dags/example_task_group.py
[2023-09-04T01:46:05.619+0000] {processor.py:839} INFO - DAG(s) dict_keys(['example_task_group']) retrieved from /home/airflow/.local/lib/python3.8/site-packages/airflow/example_dags/example_task_group.py
[2023-09-04T01:46:05.749+0000] {logging_mixin.py:151} INFO - [2023-09-04T01:46:05.748+0000] {dag.py:2907} INFO - Sync 1 DAGs
[2023-09-04T01:46:05.830+0000] {logging_mixin.py:151} INFO - [2023-09-04T01:46:05.830+0000] {dag.py:3677} INFO - Setting next_dagrun for example_task_group to 2023-09-03T01:46:05.829518+00:00, run_after=2023-09-04T01:46:05.829518+00:00
[2023-09-04T01:46:05.891+0000] {processor.py:179} INFO - Processing /home/airflow/.local/lib/python3.8/site-packages/airflow/example_dags/example_task_group.py took 0.382 seconds
[2023-09-04T01:46:36.742+0000] {processor.py:157} INFO - Started process (PID=131) to work on /home/airflow/.local/lib/python3.8/site-packages/airflow/example_dags/example_task_group.py
[2023-09-04T01:46:36.744+0000] {processor.py:829} INFO - Processing file /home/airflow/.local/lib/python3.8/site-packages/airflow/example_dags/example_task_group.py for tasks to queue
[2023-09-04T01:46:36.746+0000] {logging_mixin.py:151} INFO - [2023-09-04T01:46:36.746+0000] {dagbag.py:539} INFO - Filling up the DagBag from /home/airflow/.local/lib/python3.8/site-packages/airflow/example_dags/example_task_group.py
[2023-09-04T01:46:36.752+0000] {processor.py:839} INFO - DAG(s) dict_keys(['example_task_group']) retrieved from /home/airflow/.local/lib/python3.8/site-packages/airflow/example_dags/example_task_group.py
[2023-09-04T01:46:36.774+0000] {logging_mixin.py:151} INFO - [2023-09-04T01:46:36.774+0000] {dag.py:2907} INFO - Sync 1 DAGs
[2023-09-04T01:46:36.790+0000] {logging_mixin.py:151} INFO - [2023-09-04T01:46:36.790+0000] {dag.py:3677} INFO - Setting next_dagrun for example_task_group to 2023-09-03T01:46:36.789996+00:00, run_after=2023-09-04T01:46:36.789996+00:00
[2023-09-04T01:46:36.803+0000] {processor.py:179} INFO - Processing /home/airflow/.local/lib/python3.8/site-packages/airflow/example_dags/example_task_group.py took 0.064 seconds
[2023-09-04T01:47:06.836+0000] {processor.py:157} INFO - Started process (PID=186) to work on /home/airflow/.local/lib/python3.8/site-packages/airflow/example_dags/example_task_group.py
[2023-09-04T01:47:06.838+0000] {processor.py:829} INFO - Processing file /home/airflow/.local/lib/python3.8/site-packages/airflow/example_dags/example_task_group.py for tasks to queue
[2023-09-04T01:47:06.842+0000] {logging_mixin.py:151} INFO - [2023-09-04T01:47:06.842+0000] {dagbag.py:539} INFO - Filling up the DagBag from /home/airflow/.local/lib/python3.8/site-packages/airflow/example_dags/example_task_group.py
[2023-09-04T01:47:06.849+0000] {processor.py:839} INFO - DAG(s) dict_keys(['example_task_group']) retrieved from /home/airflow/.local/lib/python3.8/site-packages/airflow/example_dags/example_task_group.py
[2023-09-04T01:47:06.871+0000] {logging_mixin.py:151} INFO - [2023-09-04T01:47:06.871+0000] {dag.py:2907} INFO - Sync 1 DAGs
[2023-09-04T01:47:06.889+0000] {logging_mixin.py:151} INFO - [2023-09-04T01:47:06.889+0000] {dag.py:3677} INFO - Setting next_dagrun for example_task_group to 2023-09-03T01:47:06.888934+00:00, run_after=2023-09-04T01:47:06.888934+00:00
[2023-09-04T01:47:06.906+0000] {processor.py:179} INFO - Processing /home/airflow/.local/lib/python3.8/site-packages/airflow/example_dags/example_task_group.py took 0.072 seconds
[2023-09-04T01:47:37.516+0000] {processor.py:157} INFO - Started process (PID=243) to work on /home/airflow/.local/lib/python3.8/site-packages/airflow/example_dags/example_task_group.py
[2023-09-04T01:47:37.520+0000] {processor.py:829} INFO - Processing file /home/airflow/.local/lib/python3.8/site-packages/airflow/example_dags/example_task_group.py for tasks to queue
[2023-09-04T01:47:37.523+0000] {logging_mixin.py:151} INFO - [2023-09-04T01:47:37.523+0000] {dagbag.py:539} INFO - Filling up the DagBag from /home/airflow/.local/lib/python3.8/site-packages/airflow/example_dags/example_task_group.py
[2023-09-04T01:47:37.528+0000] {processor.py:839} INFO - DAG(s) dict_keys(['example_task_group']) retrieved from /home/airflow/.local/lib/python3.8/site-packages/airflow/example_dags/example_task_group.py
[2023-09-04T01:47:37.548+0000] {logging_mixin.py:151} INFO - [2023-09-04T01:47:37.548+0000] {dag.py:2907} INFO - Sync 1 DAGs
[2023-09-04T01:47:37.563+0000] {logging_mixin.py:151} INFO - [2023-09-04T01:47:37.563+0000] {dag.py:3677} INFO - Setting next_dagrun for example_task_group to 2023-09-03T01:47:37.562885+00:00, run_after=2023-09-04T01:47:37.562885+00:00
[2023-09-04T01:47:37.576+0000] {processor.py:179} INFO - Processing /home/airflow/.local/lib/python3.8/site-packages/airflow/example_dags/example_task_group.py took 0.062 seconds
[2023-09-04T01:48:08.288+0000] {processor.py:157} INFO - Started process (PID=299) to work on /home/airflow/.local/lib/python3.8/site-packages/airflow/example_dags/example_task_group.py
[2023-09-04T01:48:08.290+0000] {processor.py:829} INFO - Processing file /home/airflow/.local/lib/python3.8/site-packages/airflow/example_dags/example_task_group.py for tasks to queue
[2023-09-04T01:48:08.294+0000] {logging_mixin.py:151} INFO - [2023-09-04T01:48:08.294+0000] {dagbag.py:539} INFO - Filling up the DagBag from /home/airflow/.local/lib/python3.8/site-packages/airflow/example_dags/example_task_group.py
[2023-09-04T01:48:08.301+0000] {processor.py:839} INFO - DAG(s) dict_keys(['example_task_group']) retrieved from /home/airflow/.local/lib/python3.8/site-packages/airflow/example_dags/example_task_group.py
[2023-09-04T01:48:08.327+0000] {logging_mixin.py:151} INFO - [2023-09-04T01:48:08.327+0000] {dag.py:2907} INFO - Sync 1 DAGs
[2023-09-04T01:48:08.346+0000] {logging_mixin.py:151} INFO - [2023-09-04T01:48:08.345+0000] {dag.py:3677} INFO - Setting next_dagrun for example_task_group to 2023-09-03T01:48:08.345641+00:00, run_after=2023-09-04T01:48:08.345641+00:00
[2023-09-04T01:48:08.359+0000] {processor.py:179} INFO - Processing /home/airflow/.local/lib/python3.8/site-packages/airflow/example_dags/example_task_group.py took 0.075 seconds
[2023-09-04T01:48:38.767+0000] {processor.py:157} INFO - Started process (PID=355) to work on /home/airflow/.local/lib/python3.8/site-packages/airflow/example_dags/example_task_group.py
[2023-09-04T01:48:38.770+0000] {processor.py:829} INFO - Processing file /home/airflow/.local/lib/python3.8/site-packages/airflow/example_dags/example_task_group.py for tasks to queue
[2023-09-04T01:48:38.776+0000] {logging_mixin.py:151} INFO - [2023-09-04T01:48:38.775+0000] {dagbag.py:539} INFO - Filling up the DagBag from /home/airflow/.local/lib/python3.8/site-packages/airflow/example_dags/example_task_group.py
[2023-09-04T01:48:38.799+0000] {processor.py:839} INFO - DAG(s) dict_keys(['example_task_group']) retrieved from /home/airflow/.local/lib/python3.8/site-packages/airflow/example_dags/example_task_group.py
[2023-09-04T01:48:38.855+0000] {logging_mixin.py:151} INFO - [2023-09-04T01:48:38.855+0000] {dag.py:2907} INFO - Sync 1 DAGs
[2023-09-04T01:48:38.879+0000] {logging_mixin.py:151} INFO - [2023-09-04T01:48:38.879+0000] {dag.py:3677} INFO - Setting next_dagrun for example_task_group to 2023-09-03T01:48:38.878563+00:00, run_after=2023-09-04T01:48:38.878563+00:00
[2023-09-04T01:48:38.917+0000] {processor.py:179} INFO - Processing /home/airflow/.local/lib/python3.8/site-packages/airflow/example_dags/example_task_group.py took 0.155 seconds
[2023-09-04T01:49:09.134+0000] {processor.py:157} INFO - Started process (PID=410) to work on /home/airflow/.local/lib/python3.8/site-packages/airflow/example_dags/example_task_group.py
[2023-09-04T01:49:09.139+0000] {processor.py:829} INFO - Processing file /home/airflow/.local/lib/python3.8/site-packages/airflow/example_dags/example_task_group.py for tasks to queue
[2023-09-04T01:49:09.143+0000] {logging_mixin.py:151} INFO - [2023-09-04T01:49:09.142+0000] {dagbag.py:539} INFO - Filling up the DagBag from /home/airflow/.local/lib/python3.8/site-packages/airflow/example_dags/example_task_group.py
[2023-09-04T01:49:09.150+0000] {processor.py:839} INFO - DAG(s) dict_keys(['example_task_group']) retrieved from /home/airflow/.local/lib/python3.8/site-packages/airflow/example_dags/example_task_group.py
[2023-09-04T01:49:09.172+0000] {logging_mixin.py:151} INFO - [2023-09-04T01:49:09.172+0000] {dag.py:2907} INFO - Sync 1 DAGs
[2023-09-04T01:49:09.193+0000] {logging_mixin.py:151} INFO - [2023-09-04T01:49:09.193+0000] {dag.py:3677} INFO - Setting next_dagrun for example_task_group to 2023-09-03T01:49:09.193063+00:00, run_after=2023-09-04T01:49:09.193063+00:00
[2023-09-04T01:49:09.208+0000] {processor.py:179} INFO - Processing /home/airflow/.local/lib/python3.8/site-packages/airflow/example_dags/example_task_group.py took 0.080 seconds
[2023-09-04T01:49:39.371+0000] {processor.py:157} INFO - Started process (PID=466) to work on /home/airflow/.local/lib/python3.8/site-packages/airflow/example_dags/example_task_group.py
[2023-09-04T01:49:39.377+0000] {processor.py:829} INFO - Processing file /home/airflow/.local/lib/python3.8/site-packages/airflow/example_dags/example_task_group.py for tasks to queue
[2023-09-04T01:49:39.382+0000] {logging_mixin.py:151} INFO - [2023-09-04T01:49:39.382+0000] {dagbag.py:539} INFO - Filling up the DagBag from /home/airflow/.local/lib/python3.8/site-packages/airflow/example_dags/example_task_group.py
[2023-09-04T01:49:39.392+0000] {processor.py:839} INFO - DAG(s) dict_keys(['example_task_group']) retrieved from /home/airflow/.local/lib/python3.8/site-packages/airflow/example_dags/example_task_group.py
[2023-09-04T01:49:39.419+0000] {logging_mixin.py:151} INFO - [2023-09-04T01:49:39.419+0000] {dag.py:2907} INFO - Sync 1 DAGs
[2023-09-04T01:49:39.445+0000] {logging_mixin.py:151} INFO - [2023-09-04T01:49:39.445+0000] {dag.py:3677} INFO - Setting next_dagrun for example_task_group to 2023-09-03T01:49:39.445237+00:00, run_after=2023-09-04T01:49:39.445237+00:00
[2023-09-04T01:49:39.476+0000] {processor.py:179} INFO - Processing /home/airflow/.local/lib/python3.8/site-packages/airflow/example_dags/example_task_group.py took 0.114 seconds
[2023-09-04T01:50:10.132+0000] {processor.py:157} INFO - Started process (PID=523) to work on /home/airflow/.local/lib/python3.8/site-packages/airflow/example_dags/example_task_group.py
[2023-09-04T01:50:10.135+0000] {processor.py:829} INFO - Processing file /home/airflow/.local/lib/python3.8/site-packages/airflow/example_dags/example_task_group.py for tasks to queue
[2023-09-04T01:50:10.139+0000] {logging_mixin.py:151} INFO - [2023-09-04T01:50:10.139+0000] {dagbag.py:539} INFO - Filling up the DagBag from /home/airflow/.local/lib/python3.8/site-packages/airflow/example_dags/example_task_group.py
[2023-09-04T01:50:10.149+0000] {processor.py:839} INFO - DAG(s) dict_keys(['example_task_group']) retrieved from /home/airflow/.local/lib/python3.8/site-packages/airflow/example_dags/example_task_group.py
[2023-09-04T01:50:10.172+0000] {logging_mixin.py:151} INFO - [2023-09-04T01:50:10.172+0000] {dag.py:2907} INFO - Sync 1 DAGs
[2023-09-04T01:50:10.198+0000] {logging_mixin.py:151} INFO - [2023-09-04T01:50:10.197+0000] {dag.py:3677} INFO - Setting next_dagrun for example_task_group to 2023-09-03T01:50:10.197512+00:00, run_after=2023-09-04T01:50:10.197512+00:00
[2023-09-04T01:50:10.220+0000] {processor.py:179} INFO - Processing /home/airflow/.local/lib/python3.8/site-packages/airflow/example_dags/example_task_group.py took 0.094 seconds
[2023-09-04T01:50:40.382+0000] {processor.py:157} INFO - Started process (PID=579) to work on /home/airflow/.local/lib/python3.8/site-packages/airflow/example_dags/example_task_group.py
[2023-09-04T01:50:40.385+0000] {processor.py:829} INFO - Processing file /home/airflow/.local/lib/python3.8/site-packages/airflow/example_dags/example_task_group.py for tasks to queue
[2023-09-04T01:50:40.387+0000] {logging_mixin.py:151} INFO - [2023-09-04T01:50:40.387+0000] {dagbag.py:539} INFO - Filling up the DagBag from /home/airflow/.local/lib/python3.8/site-packages/airflow/example_dags/example_task_group.py
[2023-09-04T01:50:40.393+0000] {processor.py:839} INFO - DAG(s) dict_keys(['example_task_group']) retrieved from /home/airflow/.local/lib/python3.8/site-packages/airflow/example_dags/example_task_group.py
[2023-09-04T01:50:40.417+0000] {logging_mixin.py:151} INFO - [2023-09-04T01:50:40.417+0000] {dag.py:2907} INFO - Sync 1 DAGs
[2023-09-04T01:50:40.432+0000] {logging_mixin.py:151} INFO - [2023-09-04T01:50:40.432+0000] {dag.py:3677} INFO - Setting next_dagrun for example_task_group to 2023-09-03T01:50:40.432256+00:00, run_after=2023-09-04T01:50:40.432256+00:00
[2023-09-04T01:50:40.447+0000] {processor.py:179} INFO - Processing /home/airflow/.local/lib/python3.8/site-packages/airflow/example_dags/example_task_group.py took 0.068 seconds
[2023-09-04T01:51:10.769+0000] {processor.py:157} INFO - Started process (PID=635) to work on /home/airflow/.local/lib/python3.8/site-packages/airflow/example_dags/example_task_group.py
[2023-09-04T01:51:10.771+0000] {processor.py:829} INFO - Processing file /home/airflow/.local/lib/python3.8/site-packages/airflow/example_dags/example_task_group.py for tasks to queue
[2023-09-04T01:51:10.774+0000] {logging_mixin.py:151} INFO - [2023-09-04T01:51:10.774+0000] {dagbag.py:539} INFO - Filling up the DagBag from /home/airflow/.local/lib/python3.8/site-packages/airflow/example_dags/example_task_group.py
[2023-09-04T01:51:10.780+0000] {processor.py:839} INFO - DAG(s) dict_keys(['example_task_group']) retrieved from /home/airflow/.local/lib/python3.8/site-packages/airflow/example_dags/example_task_group.py
[2023-09-04T01:51:10.797+0000] {logging_mixin.py:151} INFO - [2023-09-04T01:51:10.797+0000] {dag.py:2907} INFO - Sync 1 DAGs
[2023-09-04T01:51:10.813+0000] {logging_mixin.py:151} INFO - [2023-09-04T01:51:10.813+0000] {dag.py:3677} INFO - Setting next_dagrun for example_task_group to 2023-09-03T01:51:10.812942+00:00, run_after=2023-09-04T01:51:10.812942+00:00
[2023-09-04T01:51:10.827+0000] {processor.py:179} INFO - Processing /home/airflow/.local/lib/python3.8/site-packages/airflow/example_dags/example_task_group.py took 0.060 seconds
