[2023-09-04T01:46:03.126+0000] {processor.py:157} INFO - Started process (PID=65) to work on /home/airflow/.local/lib/python3.8/site-packages/airflow/example_dags/example_datasets.py
[2023-09-04T01:46:03.130+0000] {processor.py:829} INFO - Processing file /home/airflow/.local/lib/python3.8/site-packages/airflow/example_dags/example_datasets.py for tasks to queue
[2023-09-04T01:46:03.138+0000] {logging_mixin.py:151} INFO - [2023-09-04T01:46:03.138+0000] {dagbag.py:539} INFO - Filling up the DagBag from /home/airflow/.local/lib/python3.8/site-packages/airflow/example_dags/example_datasets.py
[2023-09-04T01:46:03.163+0000] {processor.py:839} INFO - DAG(s) dict_keys(['dataset_consumes_1_never_scheduled', 'dataset_consumes_unknown_never_scheduled', 'dataset_produces_2', 'dataset_consumes_1', 'dataset_consumes_1_and_2', 'dataset_produces_1']) retrieved from /home/airflow/.local/lib/python3.8/site-packages/airflow/example_dags/example_datasets.py
[2023-09-04T01:46:03.212+0000] {logging_mixin.py:151} INFO - [2023-09-04T01:46:03.212+0000] {dag.py:2907} INFO - Sync 6 DAGs
[2023-09-04T01:46:03.255+0000] {logging_mixin.py:151} INFO - [2023-09-04T01:46:03.254+0000] {dag.py:3677} INFO - Setting next_dagrun for dataset_consumes_1 to None, run_after=None
[2023-09-04T01:46:03.260+0000] {logging_mixin.py:151} INFO - [2023-09-04T01:46:03.260+0000] {dag.py:3677} INFO - Setting next_dagrun for dataset_consumes_1_and_2 to None, run_after=None
[2023-09-04T01:46:03.264+0000] {logging_mixin.py:151} INFO - [2023-09-04T01:46:03.264+0000] {dag.py:3677} INFO - Setting next_dagrun for dataset_consumes_1_never_scheduled to None, run_after=None
[2023-09-04T01:46:03.268+0000] {logging_mixin.py:151} INFO - [2023-09-04T01:46:03.267+0000] {dag.py:3677} INFO - Setting next_dagrun for dataset_consumes_unknown_never_scheduled to None, run_after=None
[2023-09-04T01:46:03.274+0000] {logging_mixin.py:151} INFO - [2023-09-04T01:46:03.274+0000] {dag.py:3677} INFO - Setting next_dagrun for dataset_produces_1 to 2023-09-03T00:00:00+00:00, run_after=2023-09-04T00:00:00+00:00
[2023-09-04T01:46:03.279+0000] {logging_mixin.py:151} INFO - [2023-09-04T01:46:03.278+0000] {dag.py:3677} INFO - Setting next_dagrun for dataset_produces_2 to None, run_after=None
[2023-09-04T01:46:03.333+0000] {processor.py:179} INFO - Processing /home/airflow/.local/lib/python3.8/site-packages/airflow/example_dags/example_datasets.py took 0.219 seconds
[2023-09-04T01:46:34.195+0000] {processor.py:157} INFO - Started process (PID=121) to work on /home/airflow/.local/lib/python3.8/site-packages/airflow/example_dags/example_datasets.py
[2023-09-04T01:46:34.197+0000] {processor.py:829} INFO - Processing file /home/airflow/.local/lib/python3.8/site-packages/airflow/example_dags/example_datasets.py for tasks to queue
[2023-09-04T01:46:34.200+0000] {logging_mixin.py:151} INFO - [2023-09-04T01:46:34.200+0000] {dagbag.py:539} INFO - Filling up the DagBag from /home/airflow/.local/lib/python3.8/site-packages/airflow/example_dags/example_datasets.py
[2023-09-04T01:46:34.211+0000] {processor.py:839} INFO - DAG(s) dict_keys(['dataset_consumes_1_never_scheduled', 'dataset_produces_1', 'dataset_consumes_1', 'dataset_produces_2', 'dataset_consumes_1_and_2', 'dataset_consumes_unknown_never_scheduled']) retrieved from /home/airflow/.local/lib/python3.8/site-packages/airflow/example_dags/example_datasets.py
[2023-09-04T01:46:34.253+0000] {logging_mixin.py:151} INFO - [2023-09-04T01:46:34.253+0000] {dag.py:2907} INFO - Sync 6 DAGs
[2023-09-04T01:46:34.271+0000] {logging_mixin.py:151} INFO - [2023-09-04T01:46:34.271+0000] {dag.py:3677} INFO - Setting next_dagrun for dataset_consumes_1 to None, run_after=None
[2023-09-04T01:46:34.275+0000] {logging_mixin.py:151} INFO - [2023-09-04T01:46:34.275+0000] {dag.py:3677} INFO - Setting next_dagrun for dataset_consumes_1_and_2 to None, run_after=None
[2023-09-04T01:46:34.278+0000] {logging_mixin.py:151} INFO - [2023-09-04T01:46:34.278+0000] {dag.py:3677} INFO - Setting next_dagrun for dataset_consumes_1_never_scheduled to None, run_after=None
[2023-09-04T01:46:34.282+0000] {logging_mixin.py:151} INFO - [2023-09-04T01:46:34.282+0000] {dag.py:3677} INFO - Setting next_dagrun for dataset_consumes_unknown_never_scheduled to None, run_after=None
[2023-09-04T01:46:34.287+0000] {logging_mixin.py:151} INFO - [2023-09-04T01:46:34.287+0000] {dag.py:3677} INFO - Setting next_dagrun for dataset_produces_1 to 2023-09-03T00:00:00+00:00, run_after=2023-09-04T00:00:00+00:00
[2023-09-04T01:46:34.291+0000] {logging_mixin.py:151} INFO - [2023-09-04T01:46:34.291+0000] {dag.py:3677} INFO - Setting next_dagrun for dataset_produces_2 to None, run_after=None
[2023-09-04T01:46:34.309+0000] {processor.py:179} INFO - Processing /home/airflow/.local/lib/python3.8/site-packages/airflow/example_dags/example_datasets.py took 0.117 seconds
[2023-09-04T01:47:05.156+0000] {processor.py:157} INFO - Started process (PID=177) to work on /home/airflow/.local/lib/python3.8/site-packages/airflow/example_dags/example_datasets.py
[2023-09-04T01:47:05.162+0000] {processor.py:829} INFO - Processing file /home/airflow/.local/lib/python3.8/site-packages/airflow/example_dags/example_datasets.py for tasks to queue
[2023-09-04T01:47:05.165+0000] {logging_mixin.py:151} INFO - [2023-09-04T01:47:05.165+0000] {dagbag.py:539} INFO - Filling up the DagBag from /home/airflow/.local/lib/python3.8/site-packages/airflow/example_dags/example_datasets.py
[2023-09-04T01:47:05.182+0000] {processor.py:839} INFO - DAG(s) dict_keys(['dataset_consumes_1_and_2', 'dataset_consumes_1_never_scheduled', 'dataset_produces_2', 'dataset_produces_1', 'dataset_consumes_unknown_never_scheduled', 'dataset_consumes_1']) retrieved from /home/airflow/.local/lib/python3.8/site-packages/airflow/example_dags/example_datasets.py
[2023-09-04T01:47:05.221+0000] {logging_mixin.py:151} INFO - [2023-09-04T01:47:05.221+0000] {dag.py:2907} INFO - Sync 6 DAGs
[2023-09-04T01:47:05.243+0000] {logging_mixin.py:151} INFO - [2023-09-04T01:47:05.243+0000] {dag.py:3677} INFO - Setting next_dagrun for dataset_consumes_1 to None, run_after=None
[2023-09-04T01:47:05.248+0000] {logging_mixin.py:151} INFO - [2023-09-04T01:47:05.248+0000] {dag.py:3677} INFO - Setting next_dagrun for dataset_consumes_1_and_2 to None, run_after=None
[2023-09-04T01:47:05.253+0000] {logging_mixin.py:151} INFO - [2023-09-04T01:47:05.253+0000] {dag.py:3677} INFO - Setting next_dagrun for dataset_consumes_1_never_scheduled to None, run_after=None
[2023-09-04T01:47:05.258+0000] {logging_mixin.py:151} INFO - [2023-09-04T01:47:05.258+0000] {dag.py:3677} INFO - Setting next_dagrun for dataset_consumes_unknown_never_scheduled to None, run_after=None
[2023-09-04T01:47:05.261+0000] {logging_mixin.py:151} INFO - [2023-09-04T01:47:05.261+0000] {dag.py:3677} INFO - Setting next_dagrun for dataset_produces_1 to 2023-09-03T00:00:00+00:00, run_after=2023-09-04T00:00:00+00:00
[2023-09-04T01:47:05.264+0000] {logging_mixin.py:151} INFO - [2023-09-04T01:47:05.264+0000] {dag.py:3677} INFO - Setting next_dagrun for dataset_produces_2 to None, run_after=None
[2023-09-04T01:47:05.301+0000] {processor.py:179} INFO - Processing /home/airflow/.local/lib/python3.8/site-packages/airflow/example_dags/example_datasets.py took 0.148 seconds
[2023-09-04T01:47:35.965+0000] {processor.py:157} INFO - Started process (PID=233) to work on /home/airflow/.local/lib/python3.8/site-packages/airflow/example_dags/example_datasets.py
[2023-09-04T01:47:35.967+0000] {processor.py:829} INFO - Processing file /home/airflow/.local/lib/python3.8/site-packages/airflow/example_dags/example_datasets.py for tasks to queue
[2023-09-04T01:47:35.969+0000] {logging_mixin.py:151} INFO - [2023-09-04T01:47:35.969+0000] {dagbag.py:539} INFO - Filling up the DagBag from /home/airflow/.local/lib/python3.8/site-packages/airflow/example_dags/example_datasets.py
[2023-09-04T01:47:35.976+0000] {processor.py:839} INFO - DAG(s) dict_keys(['dataset_consumes_1_never_scheduled', 'dataset_consumes_unknown_never_scheduled', 'dataset_consumes_1_and_2', 'dataset_consumes_1', 'dataset_produces_1', 'dataset_produces_2']) retrieved from /home/airflow/.local/lib/python3.8/site-packages/airflow/example_dags/example_datasets.py
[2023-09-04T01:47:36.005+0000] {logging_mixin.py:151} INFO - [2023-09-04T01:47:36.005+0000] {dag.py:2907} INFO - Sync 6 DAGs
[2023-09-04T01:47:36.022+0000] {logging_mixin.py:151} INFO - [2023-09-04T01:47:36.022+0000] {dag.py:3677} INFO - Setting next_dagrun for dataset_consumes_1 to None, run_after=None
[2023-09-04T01:47:36.026+0000] {logging_mixin.py:151} INFO - [2023-09-04T01:47:36.025+0000] {dag.py:3677} INFO - Setting next_dagrun for dataset_consumes_1_and_2 to None, run_after=None
[2023-09-04T01:47:36.028+0000] {logging_mixin.py:151} INFO - [2023-09-04T01:47:36.027+0000] {dag.py:3677} INFO - Setting next_dagrun for dataset_consumes_1_never_scheduled to None, run_after=None
[2023-09-04T01:47:36.030+0000] {logging_mixin.py:151} INFO - [2023-09-04T01:47:36.030+0000] {dag.py:3677} INFO - Setting next_dagrun for dataset_consumes_unknown_never_scheduled to None, run_after=None
[2023-09-04T01:47:36.033+0000] {logging_mixin.py:151} INFO - [2023-09-04T01:47:36.033+0000] {dag.py:3677} INFO - Setting next_dagrun for dataset_produces_1 to 2023-09-03T00:00:00+00:00, run_after=2023-09-04T00:00:00+00:00
[2023-09-04T01:47:36.035+0000] {logging_mixin.py:151} INFO - [2023-09-04T01:47:36.035+0000] {dag.py:3677} INFO - Setting next_dagrun for dataset_produces_2 to None, run_after=None
[2023-09-04T01:47:36.052+0000] {processor.py:179} INFO - Processing /home/airflow/.local/lib/python3.8/site-packages/airflow/example_dags/example_datasets.py took 0.090 seconds
[2023-09-04T01:48:06.676+0000] {processor.py:157} INFO - Started process (PID=289) to work on /home/airflow/.local/lib/python3.8/site-packages/airflow/example_dags/example_datasets.py
[2023-09-04T01:48:06.678+0000] {processor.py:829} INFO - Processing file /home/airflow/.local/lib/python3.8/site-packages/airflow/example_dags/example_datasets.py for tasks to queue
[2023-09-04T01:48:06.681+0000] {logging_mixin.py:151} INFO - [2023-09-04T01:48:06.681+0000] {dagbag.py:539} INFO - Filling up the DagBag from /home/airflow/.local/lib/python3.8/site-packages/airflow/example_dags/example_datasets.py
[2023-09-04T01:48:06.689+0000] {processor.py:839} INFO - DAG(s) dict_keys(['dataset_consumes_1', 'dataset_consumes_1_never_scheduled', 'dataset_consumes_unknown_never_scheduled', 'dataset_produces_2', 'dataset_produces_1', 'dataset_consumes_1_and_2']) retrieved from /home/airflow/.local/lib/python3.8/site-packages/airflow/example_dags/example_datasets.py
[2023-09-04T01:48:06.721+0000] {logging_mixin.py:151} INFO - [2023-09-04T01:48:06.721+0000] {dag.py:2907} INFO - Sync 6 DAGs
[2023-09-04T01:48:06.738+0000] {logging_mixin.py:151} INFO - [2023-09-04T01:48:06.738+0000] {dag.py:3677} INFO - Setting next_dagrun for dataset_consumes_1 to None, run_after=None
[2023-09-04T01:48:06.742+0000] {logging_mixin.py:151} INFO - [2023-09-04T01:48:06.742+0000] {dag.py:3677} INFO - Setting next_dagrun for dataset_consumes_1_and_2 to None, run_after=None
[2023-09-04T01:48:06.745+0000] {logging_mixin.py:151} INFO - [2023-09-04T01:48:06.745+0000] {dag.py:3677} INFO - Setting next_dagrun for dataset_consumes_1_never_scheduled to None, run_after=None
[2023-09-04T01:48:06.749+0000] {logging_mixin.py:151} INFO - [2023-09-04T01:48:06.748+0000] {dag.py:3677} INFO - Setting next_dagrun for dataset_consumes_unknown_never_scheduled to None, run_after=None
[2023-09-04T01:48:06.753+0000] {logging_mixin.py:151} INFO - [2023-09-04T01:48:06.753+0000] {dag.py:3677} INFO - Setting next_dagrun for dataset_produces_1 to 2023-09-03T00:00:00+00:00, run_after=2023-09-04T00:00:00+00:00
[2023-09-04T01:48:06.756+0000] {logging_mixin.py:151} INFO - [2023-09-04T01:48:06.756+0000] {dag.py:3677} INFO - Setting next_dagrun for dataset_produces_2 to None, run_after=None
[2023-09-04T01:48:06.779+0000] {processor.py:179} INFO - Processing /home/airflow/.local/lib/python3.8/site-packages/airflow/example_dags/example_datasets.py took 0.107 seconds
[2023-09-04T01:48:36.915+0000] {processor.py:157} INFO - Started process (PID=345) to work on /home/airflow/.local/lib/python3.8/site-packages/airflow/example_dags/example_datasets.py
[2023-09-04T01:48:36.924+0000] {processor.py:829} INFO - Processing file /home/airflow/.local/lib/python3.8/site-packages/airflow/example_dags/example_datasets.py for tasks to queue
[2023-09-04T01:48:36.931+0000] {logging_mixin.py:151} INFO - [2023-09-04T01:48:36.930+0000] {dagbag.py:539} INFO - Filling up the DagBag from /home/airflow/.local/lib/python3.8/site-packages/airflow/example_dags/example_datasets.py
[2023-09-04T01:48:36.947+0000] {processor.py:839} INFO - DAG(s) dict_keys(['dataset_produces_2', 'dataset_produces_1', 'dataset_consumes_1', 'dataset_consumes_1_and_2', 'dataset_consumes_1_never_scheduled', 'dataset_consumes_unknown_never_scheduled']) retrieved from /home/airflow/.local/lib/python3.8/site-packages/airflow/example_dags/example_datasets.py
[2023-09-04T01:48:36.996+0000] {logging_mixin.py:151} INFO - [2023-09-04T01:48:36.995+0000] {dag.py:2907} INFO - Sync 6 DAGs
[2023-09-04T01:48:37.023+0000] {logging_mixin.py:151} INFO - [2023-09-04T01:48:37.023+0000] {dag.py:3677} INFO - Setting next_dagrun for dataset_consumes_1 to None, run_after=None
[2023-09-04T01:48:37.027+0000] {logging_mixin.py:151} INFO - [2023-09-04T01:48:37.027+0000] {dag.py:3677} INFO - Setting next_dagrun for dataset_consumes_1_and_2 to None, run_after=None
[2023-09-04T01:48:37.030+0000] {logging_mixin.py:151} INFO - [2023-09-04T01:48:37.030+0000] {dag.py:3677} INFO - Setting next_dagrun for dataset_consumes_1_never_scheduled to None, run_after=None
[2023-09-04T01:48:37.033+0000] {logging_mixin.py:151} INFO - [2023-09-04T01:48:37.033+0000] {dag.py:3677} INFO - Setting next_dagrun for dataset_consumes_unknown_never_scheduled to None, run_after=None
[2023-09-04T01:48:37.036+0000] {logging_mixin.py:151} INFO - [2023-09-04T01:48:37.036+0000] {dag.py:3677} INFO - Setting next_dagrun for dataset_produces_1 to 2023-09-03T00:00:00+00:00, run_after=2023-09-04T00:00:00+00:00
[2023-09-04T01:48:37.038+0000] {logging_mixin.py:151} INFO - [2023-09-04T01:48:37.038+0000] {dag.py:3677} INFO - Setting next_dagrun for dataset_produces_2 to None, run_after=None
[2023-09-04T01:48:37.064+0000] {processor.py:179} INFO - Processing /home/airflow/.local/lib/python3.8/site-packages/airflow/example_dags/example_datasets.py took 0.152 seconds
[2023-09-04T01:49:07.641+0000] {processor.py:157} INFO - Started process (PID=401) to work on /home/airflow/.local/lib/python3.8/site-packages/airflow/example_dags/example_datasets.py
[2023-09-04T01:49:07.642+0000] {processor.py:829} INFO - Processing file /home/airflow/.local/lib/python3.8/site-packages/airflow/example_dags/example_datasets.py for tasks to queue
[2023-09-04T01:49:07.645+0000] {logging_mixin.py:151} INFO - [2023-09-04T01:49:07.645+0000] {dagbag.py:539} INFO - Filling up the DagBag from /home/airflow/.local/lib/python3.8/site-packages/airflow/example_dags/example_datasets.py
[2023-09-04T01:49:07.653+0000] {processor.py:839} INFO - DAG(s) dict_keys(['dataset_consumes_unknown_never_scheduled', 'dataset_consumes_1', 'dataset_produces_2', 'dataset_consumes_1_and_2', 'dataset_produces_1', 'dataset_consumes_1_never_scheduled']) retrieved from /home/airflow/.local/lib/python3.8/site-packages/airflow/example_dags/example_datasets.py
[2023-09-04T01:49:07.682+0000] {logging_mixin.py:151} INFO - [2023-09-04T01:49:07.682+0000] {dag.py:2907} INFO - Sync 6 DAGs
[2023-09-04T01:49:07.697+0000] {logging_mixin.py:151} INFO - [2023-09-04T01:49:07.697+0000] {dag.py:3677} INFO - Setting next_dagrun for dataset_consumes_1 to None, run_after=None
[2023-09-04T01:49:07.701+0000] {logging_mixin.py:151} INFO - [2023-09-04T01:49:07.701+0000] {dag.py:3677} INFO - Setting next_dagrun for dataset_consumes_1_and_2 to None, run_after=None
[2023-09-04T01:49:07.702+0000] {logging_mixin.py:151} INFO - [2023-09-04T01:49:07.702+0000] {dag.py:3677} INFO - Setting next_dagrun for dataset_consumes_1_never_scheduled to None, run_after=None
[2023-09-04T01:49:07.704+0000] {logging_mixin.py:151} INFO - [2023-09-04T01:49:07.704+0000] {dag.py:3677} INFO - Setting next_dagrun for dataset_consumes_unknown_never_scheduled to None, run_after=None
[2023-09-04T01:49:07.706+0000] {logging_mixin.py:151} INFO - [2023-09-04T01:49:07.706+0000] {dag.py:3677} INFO - Setting next_dagrun for dataset_produces_1 to 2023-09-03T00:00:00+00:00, run_after=2023-09-04T00:00:00+00:00
[2023-09-04T01:49:07.709+0000] {logging_mixin.py:151} INFO - [2023-09-04T01:49:07.709+0000] {dag.py:3677} INFO - Setting next_dagrun for dataset_produces_2 to None, run_after=None
[2023-09-04T01:49:07.727+0000] {processor.py:179} INFO - Processing /home/airflow/.local/lib/python3.8/site-packages/airflow/example_dags/example_datasets.py took 0.089 seconds
[2023-09-04T01:49:37.872+0000] {processor.py:157} INFO - Started process (PID=457) to work on /home/airflow/.local/lib/python3.8/site-packages/airflow/example_dags/example_datasets.py
[2023-09-04T01:49:37.874+0000] {processor.py:829} INFO - Processing file /home/airflow/.local/lib/python3.8/site-packages/airflow/example_dags/example_datasets.py for tasks to queue
[2023-09-04T01:49:37.878+0000] {logging_mixin.py:151} INFO - [2023-09-04T01:49:37.878+0000] {dagbag.py:539} INFO - Filling up the DagBag from /home/airflow/.local/lib/python3.8/site-packages/airflow/example_dags/example_datasets.py
[2023-09-04T01:49:37.884+0000] {processor.py:839} INFO - DAG(s) dict_keys(['dataset_consumes_1_never_scheduled', 'dataset_produces_2', 'dataset_produces_1', 'dataset_consumes_1_and_2', 'dataset_consumes_1', 'dataset_consumes_unknown_never_scheduled']) retrieved from /home/airflow/.local/lib/python3.8/site-packages/airflow/example_dags/example_datasets.py
[2023-09-04T01:49:37.910+0000] {logging_mixin.py:151} INFO - [2023-09-04T01:49:37.910+0000] {dag.py:2907} INFO - Sync 6 DAGs
[2023-09-04T01:49:37.925+0000] {logging_mixin.py:151} INFO - [2023-09-04T01:49:37.925+0000] {dag.py:3677} INFO - Setting next_dagrun for dataset_consumes_1 to None, run_after=None
[2023-09-04T01:49:37.928+0000] {logging_mixin.py:151} INFO - [2023-09-04T01:49:37.928+0000] {dag.py:3677} INFO - Setting next_dagrun for dataset_consumes_1_and_2 to None, run_after=None
[2023-09-04T01:49:37.930+0000] {logging_mixin.py:151} INFO - [2023-09-04T01:49:37.930+0000] {dag.py:3677} INFO - Setting next_dagrun for dataset_consumes_1_never_scheduled to None, run_after=None
[2023-09-04T01:49:37.933+0000] {logging_mixin.py:151} INFO - [2023-09-04T01:49:37.933+0000] {dag.py:3677} INFO - Setting next_dagrun for dataset_consumes_unknown_never_scheduled to None, run_after=None
[2023-09-04T01:49:37.935+0000] {logging_mixin.py:151} INFO - [2023-09-04T01:49:37.935+0000] {dag.py:3677} INFO - Setting next_dagrun for dataset_produces_1 to 2023-09-03T00:00:00+00:00, run_after=2023-09-04T00:00:00+00:00
[2023-09-04T01:49:37.937+0000] {logging_mixin.py:151} INFO - [2023-09-04T01:49:37.937+0000] {dag.py:3677} INFO - Setting next_dagrun for dataset_produces_2 to None, run_after=None
[2023-09-04T01:49:37.956+0000] {processor.py:179} INFO - Processing /home/airflow/.local/lib/python3.8/site-packages/airflow/example_dags/example_datasets.py took 0.086 seconds
[2023-09-04T01:50:08.693+0000] {processor.py:157} INFO - Started process (PID=514) to work on /home/airflow/.local/lib/python3.8/site-packages/airflow/example_dags/example_datasets.py
[2023-09-04T01:50:08.694+0000] {processor.py:829} INFO - Processing file /home/airflow/.local/lib/python3.8/site-packages/airflow/example_dags/example_datasets.py for tasks to queue
[2023-09-04T01:50:08.697+0000] {logging_mixin.py:151} INFO - [2023-09-04T01:50:08.696+0000] {dagbag.py:539} INFO - Filling up the DagBag from /home/airflow/.local/lib/python3.8/site-packages/airflow/example_dags/example_datasets.py
[2023-09-04T01:50:08.704+0000] {processor.py:839} INFO - DAG(s) dict_keys(['dataset_consumes_unknown_never_scheduled', 'dataset_consumes_1_never_scheduled', 'dataset_consumes_1', 'dataset_produces_1', 'dataset_consumes_1_and_2', 'dataset_produces_2']) retrieved from /home/airflow/.local/lib/python3.8/site-packages/airflow/example_dags/example_datasets.py
[2023-09-04T01:50:08.733+0000] {logging_mixin.py:151} INFO - [2023-09-04T01:50:08.733+0000] {dag.py:2907} INFO - Sync 6 DAGs
[2023-09-04T01:50:08.749+0000] {logging_mixin.py:151} INFO - [2023-09-04T01:50:08.748+0000] {dag.py:3677} INFO - Setting next_dagrun for dataset_consumes_1 to None, run_after=None
[2023-09-04T01:50:08.754+0000] {logging_mixin.py:151} INFO - [2023-09-04T01:50:08.753+0000] {dag.py:3677} INFO - Setting next_dagrun for dataset_consumes_1_and_2 to None, run_after=None
[2023-09-04T01:50:08.755+0000] {logging_mixin.py:151} INFO - [2023-09-04T01:50:08.755+0000] {dag.py:3677} INFO - Setting next_dagrun for dataset_consumes_1_never_scheduled to None, run_after=None
[2023-09-04T01:50:08.757+0000] {logging_mixin.py:151} INFO - [2023-09-04T01:50:08.757+0000] {dag.py:3677} INFO - Setting next_dagrun for dataset_consumes_unknown_never_scheduled to None, run_after=None
[2023-09-04T01:50:08.760+0000] {logging_mixin.py:151} INFO - [2023-09-04T01:50:08.760+0000] {dag.py:3677} INFO - Setting next_dagrun for dataset_produces_1 to 2023-09-03T00:00:00+00:00, run_after=2023-09-04T00:00:00+00:00
[2023-09-04T01:50:08.762+0000] {logging_mixin.py:151} INFO - [2023-09-04T01:50:08.762+0000] {dag.py:3677} INFO - Setting next_dagrun for dataset_produces_2 to None, run_after=None
[2023-09-04T01:50:08.793+0000] {processor.py:179} INFO - Processing /home/airflow/.local/lib/python3.8/site-packages/airflow/example_dags/example_datasets.py took 0.103 seconds
[2023-09-04T01:50:39.919+0000] {processor.py:157} INFO - Started process (PID=570) to work on /home/airflow/.local/lib/python3.8/site-packages/airflow/example_dags/example_datasets.py
[2023-09-04T01:50:39.921+0000] {processor.py:829} INFO - Processing file /home/airflow/.local/lib/python3.8/site-packages/airflow/example_dags/example_datasets.py for tasks to queue
[2023-09-04T01:50:39.923+0000] {logging_mixin.py:151} INFO - [2023-09-04T01:50:39.923+0000] {dagbag.py:539} INFO - Filling up the DagBag from /home/airflow/.local/lib/python3.8/site-packages/airflow/example_dags/example_datasets.py
[2023-09-04T01:50:39.930+0000] {processor.py:839} INFO - DAG(s) dict_keys(['dataset_consumes_1_never_scheduled', 'dataset_produces_1', 'dataset_consumes_unknown_never_scheduled', 'dataset_consumes_1', 'dataset_produces_2', 'dataset_consumes_1_and_2']) retrieved from /home/airflow/.local/lib/python3.8/site-packages/airflow/example_dags/example_datasets.py
[2023-09-04T01:50:39.956+0000] {logging_mixin.py:151} INFO - [2023-09-04T01:50:39.956+0000] {dag.py:2907} INFO - Sync 6 DAGs
[2023-09-04T01:50:39.971+0000] {logging_mixin.py:151} INFO - [2023-09-04T01:50:39.971+0000] {dag.py:3677} INFO - Setting next_dagrun for dataset_consumes_1 to None, run_after=None
[2023-09-04T01:50:39.975+0000] {logging_mixin.py:151} INFO - [2023-09-04T01:50:39.975+0000] {dag.py:3677} INFO - Setting next_dagrun for dataset_consumes_1_and_2 to None, run_after=None
[2023-09-04T01:50:39.976+0000] {logging_mixin.py:151} INFO - [2023-09-04T01:50:39.976+0000] {dag.py:3677} INFO - Setting next_dagrun for dataset_consumes_1_never_scheduled to None, run_after=None
[2023-09-04T01:50:39.978+0000] {logging_mixin.py:151} INFO - [2023-09-04T01:50:39.978+0000] {dag.py:3677} INFO - Setting next_dagrun for dataset_consumes_unknown_never_scheduled to None, run_after=None
[2023-09-04T01:50:39.981+0000] {logging_mixin.py:151} INFO - [2023-09-04T01:50:39.980+0000] {dag.py:3677} INFO - Setting next_dagrun for dataset_produces_1 to 2023-09-03T00:00:00+00:00, run_after=2023-09-04T00:00:00+00:00
[2023-09-04T01:50:39.982+0000] {logging_mixin.py:151} INFO - [2023-09-04T01:50:39.982+0000] {dag.py:3677} INFO - Setting next_dagrun for dataset_produces_2 to None, run_after=None
[2023-09-04T01:50:40.002+0000] {processor.py:179} INFO - Processing /home/airflow/.local/lib/python3.8/site-packages/airflow/example_dags/example_datasets.py took 0.086 seconds
[2023-09-04T01:51:10.352+0000] {processor.py:157} INFO - Started process (PID=626) to work on /home/airflow/.local/lib/python3.8/site-packages/airflow/example_dags/example_datasets.py
[2023-09-04T01:51:10.354+0000] {processor.py:829} INFO - Processing file /home/airflow/.local/lib/python3.8/site-packages/airflow/example_dags/example_datasets.py for tasks to queue
[2023-09-04T01:51:10.357+0000] {logging_mixin.py:151} INFO - [2023-09-04T01:51:10.357+0000] {dagbag.py:539} INFO - Filling up the DagBag from /home/airflow/.local/lib/python3.8/site-packages/airflow/example_dags/example_datasets.py
[2023-09-04T01:51:10.364+0000] {processor.py:839} INFO - DAG(s) dict_keys(['dataset_consumes_unknown_never_scheduled', 'dataset_produces_2', 'dataset_consumes_1_and_2', 'dataset_consumes_1', 'dataset_consumes_1_never_scheduled', 'dataset_produces_1']) retrieved from /home/airflow/.local/lib/python3.8/site-packages/airflow/example_dags/example_datasets.py
[2023-09-04T01:51:10.392+0000] {logging_mixin.py:151} INFO - [2023-09-04T01:51:10.392+0000] {dag.py:2907} INFO - Sync 6 DAGs
[2023-09-04T01:51:10.409+0000] {logging_mixin.py:151} INFO - [2023-09-04T01:51:10.409+0000] {dag.py:3677} INFO - Setting next_dagrun for dataset_consumes_1 to None, run_after=None
[2023-09-04T01:51:10.413+0000] {logging_mixin.py:151} INFO - [2023-09-04T01:51:10.413+0000] {dag.py:3677} INFO - Setting next_dagrun for dataset_consumes_1_and_2 to None, run_after=None
[2023-09-04T01:51:10.415+0000] {logging_mixin.py:151} INFO - [2023-09-04T01:51:10.415+0000] {dag.py:3677} INFO - Setting next_dagrun for dataset_consumes_1_never_scheduled to None, run_after=None
[2023-09-04T01:51:10.418+0000] {logging_mixin.py:151} INFO - [2023-09-04T01:51:10.418+0000] {dag.py:3677} INFO - Setting next_dagrun for dataset_consumes_unknown_never_scheduled to None, run_after=None
[2023-09-04T01:51:10.421+0000] {logging_mixin.py:151} INFO - [2023-09-04T01:51:10.421+0000] {dag.py:3677} INFO - Setting next_dagrun for dataset_produces_1 to 2023-09-03T00:00:00+00:00, run_after=2023-09-04T00:00:00+00:00
[2023-09-04T01:51:10.423+0000] {logging_mixin.py:151} INFO - [2023-09-04T01:51:10.422+0000] {dag.py:3677} INFO - Setting next_dagrun for dataset_produces_2 to None, run_after=None
[2023-09-04T01:51:10.443+0000] {processor.py:179} INFO - Processing /home/airflow/.local/lib/python3.8/site-packages/airflow/example_dags/example_datasets.py took 0.094 seconds
