[2023-09-04T01:46:02.329+0000] {processor.py:157} INFO - Started process (PID=60) to work on /home/airflow/.local/lib/python3.8/site-packages/airflow/example_dags/example_task_group_decorator.py
[2023-09-04T01:46:02.343+0000] {processor.py:829} INFO - Processing file /home/airflow/.local/lib/python3.8/site-packages/airflow/example_dags/example_task_group_decorator.py for tasks to queue
[2023-09-04T01:46:02.360+0000] {logging_mixin.py:151} INFO - [2023-09-04T01:46:02.359+0000] {dagbag.py:539} INFO - Filling up the DagBag from /home/airflow/.local/lib/python3.8/site-packages/airflow/example_dags/example_task_group_decorator.py
[2023-09-04T01:46:02.389+0000] {processor.py:839} INFO - DAG(s) dict_keys(['example_task_group_decorator']) retrieved from /home/airflow/.local/lib/python3.8/site-packages/airflow/example_dags/example_task_group_decorator.py
[2023-09-04T01:46:02.498+0000] {logging_mixin.py:151} INFO - [2023-09-04T01:46:02.498+0000] {dag.py:2907} INFO - Sync 1 DAGs
[2023-09-04T01:46:02.585+0000] {logging_mixin.py:151} INFO - [2023-09-04T01:46:02.584+0000] {dag.py:3677} INFO - Setting next_dagrun for example_task_group_decorator to 2023-09-03T01:46:02.581817+00:00, run_after=2023-09-04T01:46:02.581817+00:00
[2023-09-04T01:46:02.641+0000] {processor.py:179} INFO - Processing /home/airflow/.local/lib/python3.8/site-packages/airflow/example_dags/example_task_group_decorator.py took 0.336 seconds
[2023-09-04T01:46:32.951+0000] {processor.py:157} INFO - Started process (PID=116) to work on /home/airflow/.local/lib/python3.8/site-packages/airflow/example_dags/example_task_group_decorator.py
[2023-09-04T01:46:32.953+0000] {processor.py:829} INFO - Processing file /home/airflow/.local/lib/python3.8/site-packages/airflow/example_dags/example_task_group_decorator.py for tasks to queue
[2023-09-04T01:46:32.956+0000] {logging_mixin.py:151} INFO - [2023-09-04T01:46:32.956+0000] {dagbag.py:539} INFO - Filling up the DagBag from /home/airflow/.local/lib/python3.8/site-packages/airflow/example_dags/example_task_group_decorator.py
[2023-09-04T01:46:32.967+0000] {processor.py:839} INFO - DAG(s) dict_keys(['example_task_group_decorator']) retrieved from /home/airflow/.local/lib/python3.8/site-packages/airflow/example_dags/example_task_group_decorator.py
[2023-09-04T01:46:32.991+0000] {logging_mixin.py:151} INFO - [2023-09-04T01:46:32.991+0000] {dag.py:2907} INFO - Sync 1 DAGs
[2023-09-04T01:46:33.008+0000] {logging_mixin.py:151} INFO - [2023-09-04T01:46:33.008+0000] {dag.py:3677} INFO - Setting next_dagrun for example_task_group_decorator to 2023-09-03T01:46:33.008341+00:00, run_after=2023-09-04T01:46:33.008341+00:00
[2023-09-04T01:46:33.020+0000] {processor.py:179} INFO - Processing /home/airflow/.local/lib/python3.8/site-packages/airflow/example_dags/example_task_group_decorator.py took 0.072 seconds
[2023-09-04T01:47:03.868+0000] {processor.py:157} INFO - Started process (PID=172) to work on /home/airflow/.local/lib/python3.8/site-packages/airflow/example_dags/example_task_group_decorator.py
[2023-09-04T01:47:03.870+0000] {processor.py:829} INFO - Processing file /home/airflow/.local/lib/python3.8/site-packages/airflow/example_dags/example_task_group_decorator.py for tasks to queue
[2023-09-04T01:47:03.873+0000] {logging_mixin.py:151} INFO - [2023-09-04T01:47:03.873+0000] {dagbag.py:539} INFO - Filling up the DagBag from /home/airflow/.local/lib/python3.8/site-packages/airflow/example_dags/example_task_group_decorator.py
[2023-09-04T01:47:03.884+0000] {processor.py:839} INFO - DAG(s) dict_keys(['example_task_group_decorator']) retrieved from /home/airflow/.local/lib/python3.8/site-packages/airflow/example_dags/example_task_group_decorator.py
[2023-09-04T01:47:03.915+0000] {logging_mixin.py:151} INFO - [2023-09-04T01:47:03.915+0000] {dag.py:2907} INFO - Sync 1 DAGs
[2023-09-04T01:47:03.955+0000] {logging_mixin.py:151} INFO - [2023-09-04T01:47:03.955+0000] {dag.py:3677} INFO - Setting next_dagrun for example_task_group_decorator to 2023-09-03T01:47:03.955113+00:00, run_after=2023-09-04T01:47:03.955113+00:00
[2023-09-04T01:47:03.981+0000] {processor.py:179} INFO - Processing /home/airflow/.local/lib/python3.8/site-packages/airflow/example_dags/example_task_group_decorator.py took 0.116 seconds
[2023-09-04T01:47:34.741+0000] {processor.py:157} INFO - Started process (PID=228) to work on /home/airflow/.local/lib/python3.8/site-packages/airflow/example_dags/example_task_group_decorator.py
[2023-09-04T01:47:34.744+0000] {processor.py:829} INFO - Processing file /home/airflow/.local/lib/python3.8/site-packages/airflow/example_dags/example_task_group_decorator.py for tasks to queue
[2023-09-04T01:47:34.747+0000] {logging_mixin.py:151} INFO - [2023-09-04T01:47:34.747+0000] {dagbag.py:539} INFO - Filling up the DagBag from /home/airflow/.local/lib/python3.8/site-packages/airflow/example_dags/example_task_group_decorator.py
[2023-09-04T01:47:34.757+0000] {processor.py:839} INFO - DAG(s) dict_keys(['example_task_group_decorator']) retrieved from /home/airflow/.local/lib/python3.8/site-packages/airflow/example_dags/example_task_group_decorator.py
[2023-09-04T01:47:34.780+0000] {logging_mixin.py:151} INFO - [2023-09-04T01:47:34.780+0000] {dag.py:2907} INFO - Sync 1 DAGs
[2023-09-04T01:47:34.796+0000] {logging_mixin.py:151} INFO - [2023-09-04T01:47:34.796+0000] {dag.py:3677} INFO - Setting next_dagrun for example_task_group_decorator to 2023-09-03T01:47:34.796119+00:00, run_after=2023-09-04T01:47:34.796119+00:00
[2023-09-04T01:47:34.808+0000] {processor.py:179} INFO - Processing /home/airflow/.local/lib/python3.8/site-packages/airflow/example_dags/example_task_group_decorator.py took 0.069 seconds
[2023-09-04T01:48:05.446+0000] {processor.py:157} INFO - Started process (PID=284) to work on /home/airflow/.local/lib/python3.8/site-packages/airflow/example_dags/example_task_group_decorator.py
[2023-09-04T01:48:05.449+0000] {processor.py:829} INFO - Processing file /home/airflow/.local/lib/python3.8/site-packages/airflow/example_dags/example_task_group_decorator.py for tasks to queue
[2023-09-04T01:48:05.452+0000] {logging_mixin.py:151} INFO - [2023-09-04T01:48:05.452+0000] {dagbag.py:539} INFO - Filling up the DagBag from /home/airflow/.local/lib/python3.8/site-packages/airflow/example_dags/example_task_group_decorator.py
[2023-09-04T01:48:05.462+0000] {processor.py:839} INFO - DAG(s) dict_keys(['example_task_group_decorator']) retrieved from /home/airflow/.local/lib/python3.8/site-packages/airflow/example_dags/example_task_group_decorator.py
[2023-09-04T01:48:05.484+0000] {logging_mixin.py:151} INFO - [2023-09-04T01:48:05.484+0000] {dag.py:2907} INFO - Sync 1 DAGs
[2023-09-04T01:48:05.500+0000] {logging_mixin.py:151} INFO - [2023-09-04T01:48:05.500+0000] {dag.py:3677} INFO - Setting next_dagrun for example_task_group_decorator to 2023-09-03T01:48:05.500092+00:00, run_after=2023-09-04T01:48:05.500092+00:00
[2023-09-04T01:48:05.514+0000] {processor.py:179} INFO - Processing /home/airflow/.local/lib/python3.8/site-packages/airflow/example_dags/example_task_group_decorator.py took 0.070 seconds
[2023-09-04T01:48:36.563+0000] {processor.py:157} INFO - Started process (PID=340) to work on /home/airflow/.local/lib/python3.8/site-packages/airflow/example_dags/example_task_group_decorator.py
[2023-09-04T01:48:36.566+0000] {processor.py:829} INFO - Processing file /home/airflow/.local/lib/python3.8/site-packages/airflow/example_dags/example_task_group_decorator.py for tasks to queue
[2023-09-04T01:48:36.569+0000] {logging_mixin.py:151} INFO - [2023-09-04T01:48:36.569+0000] {dagbag.py:539} INFO - Filling up the DagBag from /home/airflow/.local/lib/python3.8/site-packages/airflow/example_dags/example_task_group_decorator.py
[2023-09-04T01:48:36.581+0000] {processor.py:839} INFO - DAG(s) dict_keys(['example_task_group_decorator']) retrieved from /home/airflow/.local/lib/python3.8/site-packages/airflow/example_dags/example_task_group_decorator.py
[2023-09-04T01:48:36.615+0000] {logging_mixin.py:151} INFO - [2023-09-04T01:48:36.615+0000] {dag.py:2907} INFO - Sync 1 DAGs
[2023-09-04T01:48:36.634+0000] {logging_mixin.py:151} INFO - [2023-09-04T01:48:36.633+0000] {dag.py:3677} INFO - Setting next_dagrun for example_task_group_decorator to 2023-09-03T01:48:36.633437+00:00, run_after=2023-09-04T01:48:36.633437+00:00
[2023-09-04T01:48:36.651+0000] {processor.py:179} INFO - Processing /home/airflow/.local/lib/python3.8/site-packages/airflow/example_dags/example_task_group_decorator.py took 0.094 seconds
[2023-09-04T01:49:07.406+0000] {processor.py:157} INFO - Started process (PID=396) to work on /home/airflow/.local/lib/python3.8/site-packages/airflow/example_dags/example_task_group_decorator.py
[2023-09-04T01:49:07.408+0000] {processor.py:829} INFO - Processing file /home/airflow/.local/lib/python3.8/site-packages/airflow/example_dags/example_task_group_decorator.py for tasks to queue
[2023-09-04T01:49:07.410+0000] {logging_mixin.py:151} INFO - [2023-09-04T01:49:07.410+0000] {dagbag.py:539} INFO - Filling up the DagBag from /home/airflow/.local/lib/python3.8/site-packages/airflow/example_dags/example_task_group_decorator.py
[2023-09-04T01:49:07.418+0000] {processor.py:839} INFO - DAG(s) dict_keys(['example_task_group_decorator']) retrieved from /home/airflow/.local/lib/python3.8/site-packages/airflow/example_dags/example_task_group_decorator.py
[2023-09-04T01:49:07.438+0000] {logging_mixin.py:151} INFO - [2023-09-04T01:49:07.438+0000] {dag.py:2907} INFO - Sync 1 DAGs
[2023-09-04T01:49:07.451+0000] {logging_mixin.py:151} INFO - [2023-09-04T01:49:07.451+0000] {dag.py:3677} INFO - Setting next_dagrun for example_task_group_decorator to 2023-09-03T01:49:07.451482+00:00, run_after=2023-09-04T01:49:07.451482+00:00
[2023-09-04T01:49:07.462+0000] {processor.py:179} INFO - Processing /home/airflow/.local/lib/python3.8/site-packages/airflow/example_dags/example_task_group_decorator.py took 0.059 seconds
[2023-09-04T01:49:37.591+0000] {processor.py:157} INFO - Started process (PID=452) to work on /home/airflow/.local/lib/python3.8/site-packages/airflow/example_dags/example_task_group_decorator.py
[2023-09-04T01:49:37.593+0000] {processor.py:829} INFO - Processing file /home/airflow/.local/lib/python3.8/site-packages/airflow/example_dags/example_task_group_decorator.py for tasks to queue
[2023-09-04T01:49:37.596+0000] {logging_mixin.py:151} INFO - [2023-09-04T01:49:37.595+0000] {dagbag.py:539} INFO - Filling up the DagBag from /home/airflow/.local/lib/python3.8/site-packages/airflow/example_dags/example_task_group_decorator.py
[2023-09-04T01:49:37.605+0000] {processor.py:839} INFO - DAG(s) dict_keys(['example_task_group_decorator']) retrieved from /home/airflow/.local/lib/python3.8/site-packages/airflow/example_dags/example_task_group_decorator.py
[2023-09-04T01:49:37.627+0000] {logging_mixin.py:151} INFO - [2023-09-04T01:49:37.627+0000] {dag.py:2907} INFO - Sync 1 DAGs
[2023-09-04T01:49:37.643+0000] {logging_mixin.py:151} INFO - [2023-09-04T01:49:37.643+0000] {dag.py:3677} INFO - Setting next_dagrun for example_task_group_decorator to 2023-09-03T01:49:37.643551+00:00, run_after=2023-09-04T01:49:37.643551+00:00
[2023-09-04T01:49:37.658+0000] {processor.py:179} INFO - Processing /home/airflow/.local/lib/python3.8/site-packages/airflow/example_dags/example_task_group_decorator.py took 0.069 seconds
[2023-09-04T01:50:08.302+0000] {processor.py:157} INFO - Started process (PID=509) to work on /home/airflow/.local/lib/python3.8/site-packages/airflow/example_dags/example_task_group_decorator.py
[2023-09-04T01:50:08.304+0000] {processor.py:829} INFO - Processing file /home/airflow/.local/lib/python3.8/site-packages/airflow/example_dags/example_task_group_decorator.py for tasks to queue
[2023-09-04T01:50:08.308+0000] {logging_mixin.py:151} INFO - [2023-09-04T01:50:08.307+0000] {dagbag.py:539} INFO - Filling up the DagBag from /home/airflow/.local/lib/python3.8/site-packages/airflow/example_dags/example_task_group_decorator.py
[2023-09-04T01:50:08.319+0000] {processor.py:839} INFO - DAG(s) dict_keys(['example_task_group_decorator']) retrieved from /home/airflow/.local/lib/python3.8/site-packages/airflow/example_dags/example_task_group_decorator.py
[2023-09-04T01:50:08.344+0000] {logging_mixin.py:151} INFO - [2023-09-04T01:50:08.343+0000] {dag.py:2907} INFO - Sync 1 DAGs
[2023-09-04T01:50:08.364+0000] {logging_mixin.py:151} INFO - [2023-09-04T01:50:08.364+0000] {dag.py:3677} INFO - Setting next_dagrun for example_task_group_decorator to 2023-09-03T01:50:08.364082+00:00, run_after=2023-09-04T01:50:08.364082+00:00
[2023-09-04T01:50:08.377+0000] {processor.py:179} INFO - Processing /home/airflow/.local/lib/python3.8/site-packages/airflow/example_dags/example_task_group_decorator.py took 0.079 seconds
[2023-09-04T01:50:39.437+0000] {processor.py:157} INFO - Started process (PID=565) to work on /home/airflow/.local/lib/python3.8/site-packages/airflow/example_dags/example_task_group_decorator.py
[2023-09-04T01:50:39.443+0000] {processor.py:829} INFO - Processing file /home/airflow/.local/lib/python3.8/site-packages/airflow/example_dags/example_task_group_decorator.py for tasks to queue
[2023-09-04T01:50:39.451+0000] {logging_mixin.py:151} INFO - [2023-09-04T01:50:39.450+0000] {dagbag.py:539} INFO - Filling up the DagBag from /home/airflow/.local/lib/python3.8/site-packages/airflow/example_dags/example_task_group_decorator.py
[2023-09-04T01:50:39.468+0000] {processor.py:839} INFO - DAG(s) dict_keys(['example_task_group_decorator']) retrieved from /home/airflow/.local/lib/python3.8/site-packages/airflow/example_dags/example_task_group_decorator.py
[2023-09-04T01:50:39.518+0000] {logging_mixin.py:151} INFO - [2023-09-04T01:50:39.517+0000] {dag.py:2907} INFO - Sync 1 DAGs
[2023-09-04T01:50:39.537+0000] {logging_mixin.py:151} INFO - [2023-09-04T01:50:39.537+0000] {dag.py:3677} INFO - Setting next_dagrun for example_task_group_decorator to 2023-09-03T01:50:39.537089+00:00, run_after=2023-09-04T01:50:39.537089+00:00
[2023-09-04T01:50:39.551+0000] {processor.py:179} INFO - Processing /home/airflow/.local/lib/python3.8/site-packages/airflow/example_dags/example_task_group_decorator.py took 0.121 seconds
[2023-09-04T01:51:09.747+0000] {processor.py:157} INFO - Started process (PID=620) to work on /home/airflow/.local/lib/python3.8/site-packages/airflow/example_dags/example_task_group_decorator.py
[2023-09-04T01:51:09.749+0000] {processor.py:829} INFO - Processing file /home/airflow/.local/lib/python3.8/site-packages/airflow/example_dags/example_task_group_decorator.py for tasks to queue
[2023-09-04T01:51:09.752+0000] {logging_mixin.py:151} INFO - [2023-09-04T01:51:09.751+0000] {dagbag.py:539} INFO - Filling up the DagBag from /home/airflow/.local/lib/python3.8/site-packages/airflow/example_dags/example_task_group_decorator.py
[2023-09-04T01:51:09.762+0000] {processor.py:839} INFO - DAG(s) dict_keys(['example_task_group_decorator']) retrieved from /home/airflow/.local/lib/python3.8/site-packages/airflow/example_dags/example_task_group_decorator.py
[2023-09-04T01:51:09.785+0000] {logging_mixin.py:151} INFO - [2023-09-04T01:51:09.785+0000] {dag.py:2907} INFO - Sync 1 DAGs
[2023-09-04T01:51:09.799+0000] {logging_mixin.py:151} INFO - [2023-09-04T01:51:09.799+0000] {dag.py:3677} INFO - Setting next_dagrun for example_task_group_decorator to 2023-09-03T01:51:09.799043+00:00, run_after=2023-09-04T01:51:09.799043+00:00
[2023-09-04T01:51:09.811+0000] {processor.py:179} INFO - Processing /home/airflow/.local/lib/python3.8/site-packages/airflow/example_dags/example_task_group_decorator.py took 0.068 seconds
