[2023-09-04T01:45:58.635+0000] {processor.py:157} INFO - Started process (PID=46) to work on /home/airflow/.local/lib/python3.8/site-packages/airflow/example_dags/example_python_operator.py
[2023-09-04T01:45:58.639+0000] {processor.py:829} INFO - Processing file /home/airflow/.local/lib/python3.8/site-packages/airflow/example_dags/example_python_operator.py for tasks to queue
[2023-09-04T01:45:58.645+0000] {logging_mixin.py:151} INFO - [2023-09-04T01:45:58.644+0000] {dagbag.py:539} INFO - Filling up the DagBag from /home/airflow/.local/lib/python3.8/site-packages/airflow/example_dags/example_python_operator.py
[2023-09-04T01:45:58.665+0000] {processor.py:839} INFO - DAG(s) dict_keys(['example_python_operator']) retrieved from /home/airflow/.local/lib/python3.8/site-packages/airflow/example_dags/example_python_operator.py
[2023-09-04T01:45:58.710+0000] {logging_mixin.py:151} INFO - [2023-09-04T01:45:58.710+0000] {dag.py:2907} INFO - Sync 1 DAGs
[2023-09-04T01:45:58.730+0000] {logging_mixin.py:151} INFO - [2023-09-04T01:45:58.730+0000] {dag.py:3677} INFO - Setting next_dagrun for example_python_operator to None, run_after=None
[2023-09-04T01:45:58.766+0000] {processor.py:179} INFO - Processing /home/airflow/.local/lib/python3.8/site-packages/airflow/example_dags/example_python_operator.py took 0.136 seconds
[2023-09-04T01:46:29.522+0000] {processor.py:157} INFO - Started process (PID=102) to work on /home/airflow/.local/lib/python3.8/site-packages/airflow/example_dags/example_python_operator.py
[2023-09-04T01:46:29.525+0000] {processor.py:829} INFO - Processing file /home/airflow/.local/lib/python3.8/site-packages/airflow/example_dags/example_python_operator.py for tasks to queue
[2023-09-04T01:46:29.529+0000] {logging_mixin.py:151} INFO - [2023-09-04T01:46:29.529+0000] {dagbag.py:539} INFO - Filling up the DagBag from /home/airflow/.local/lib/python3.8/site-packages/airflow/example_dags/example_python_operator.py
[2023-09-04T01:46:29.541+0000] {processor.py:839} INFO - DAG(s) dict_keys(['example_python_operator']) retrieved from /home/airflow/.local/lib/python3.8/site-packages/airflow/example_dags/example_python_operator.py
[2023-09-04T01:46:29.700+0000] {logging_mixin.py:151} INFO - [2023-09-04T01:46:29.700+0000] {dag.py:2907} INFO - Sync 1 DAGs
[2023-09-04T01:46:29.711+0000] {logging_mixin.py:151} INFO - [2023-09-04T01:46:29.711+0000] {dag.py:3677} INFO - Setting next_dagrun for example_python_operator to None, run_after=None
[2023-09-04T01:46:29.731+0000] {processor.py:179} INFO - Processing /home/airflow/.local/lib/python3.8/site-packages/airflow/example_dags/example_python_operator.py took 0.212 seconds
[2023-09-04T01:47:00.609+0000] {processor.py:157} INFO - Started process (PID=158) to work on /home/airflow/.local/lib/python3.8/site-packages/airflow/example_dags/example_python_operator.py
[2023-09-04T01:47:00.612+0000] {processor.py:829} INFO - Processing file /home/airflow/.local/lib/python3.8/site-packages/airflow/example_dags/example_python_operator.py for tasks to queue
[2023-09-04T01:47:00.615+0000] {logging_mixin.py:151} INFO - [2023-09-04T01:47:00.615+0000] {dagbag.py:539} INFO - Filling up the DagBag from /home/airflow/.local/lib/python3.8/site-packages/airflow/example_dags/example_python_operator.py
[2023-09-04T01:47:00.623+0000] {processor.py:839} INFO - DAG(s) dict_keys(['example_python_operator']) retrieved from /home/airflow/.local/lib/python3.8/site-packages/airflow/example_dags/example_python_operator.py
[2023-09-04T01:47:00.656+0000] {logging_mixin.py:151} INFO - [2023-09-04T01:47:00.656+0000] {dag.py:2907} INFO - Sync 1 DAGs
[2023-09-04T01:47:00.667+0000] {logging_mixin.py:151} INFO - [2023-09-04T01:47:00.667+0000] {dag.py:3677} INFO - Setting next_dagrun for example_python_operator to None, run_after=None
[2023-09-04T01:47:00.689+0000] {processor.py:179} INFO - Processing /home/airflow/.local/lib/python3.8/site-packages/airflow/example_dags/example_python_operator.py took 0.083 seconds
[2023-09-04T01:47:31.777+0000] {processor.py:157} INFO - Started process (PID=214) to work on /home/airflow/.local/lib/python3.8/site-packages/airflow/example_dags/example_python_operator.py
[2023-09-04T01:47:31.780+0000] {processor.py:829} INFO - Processing file /home/airflow/.local/lib/python3.8/site-packages/airflow/example_dags/example_python_operator.py for tasks to queue
[2023-09-04T01:47:31.784+0000] {logging_mixin.py:151} INFO - [2023-09-04T01:47:31.783+0000] {dagbag.py:539} INFO - Filling up the DagBag from /home/airflow/.local/lib/python3.8/site-packages/airflow/example_dags/example_python_operator.py
[2023-09-04T01:47:31.793+0000] {processor.py:839} INFO - DAG(s) dict_keys(['example_python_operator']) retrieved from /home/airflow/.local/lib/python3.8/site-packages/airflow/example_dags/example_python_operator.py
[2023-09-04T01:47:31.813+0000] {logging_mixin.py:151} INFO - [2023-09-04T01:47:31.813+0000] {dag.py:2907} INFO - Sync 1 DAGs
[2023-09-04T01:47:31.822+0000] {logging_mixin.py:151} INFO - [2023-09-04T01:47:31.822+0000] {dag.py:3677} INFO - Setting next_dagrun for example_python_operator to None, run_after=None
[2023-09-04T01:47:31.837+0000] {processor.py:179} INFO - Processing /home/airflow/.local/lib/python3.8/site-packages/airflow/example_dags/example_python_operator.py took 0.063 seconds
[2023-09-04T01:48:02.553+0000] {processor.py:157} INFO - Started process (PID=270) to work on /home/airflow/.local/lib/python3.8/site-packages/airflow/example_dags/example_python_operator.py
[2023-09-04T01:48:02.556+0000] {processor.py:829} INFO - Processing file /home/airflow/.local/lib/python3.8/site-packages/airflow/example_dags/example_python_operator.py for tasks to queue
[2023-09-04T01:48:02.563+0000] {logging_mixin.py:151} INFO - [2023-09-04T01:48:02.562+0000] {dagbag.py:539} INFO - Filling up the DagBag from /home/airflow/.local/lib/python3.8/site-packages/airflow/example_dags/example_python_operator.py
[2023-09-04T01:48:02.578+0000] {processor.py:839} INFO - DAG(s) dict_keys(['example_python_operator']) retrieved from /home/airflow/.local/lib/python3.8/site-packages/airflow/example_dags/example_python_operator.py
[2023-09-04T01:48:02.610+0000] {logging_mixin.py:151} INFO - [2023-09-04T01:48:02.610+0000] {dag.py:2907} INFO - Sync 1 DAGs
[2023-09-04T01:48:02.623+0000] {logging_mixin.py:151} INFO - [2023-09-04T01:48:02.623+0000] {dag.py:3677} INFO - Setting next_dagrun for example_python_operator to None, run_after=None
[2023-09-04T01:48:02.638+0000] {processor.py:179} INFO - Processing /home/airflow/.local/lib/python3.8/site-packages/airflow/example_dags/example_python_operator.py took 0.088 seconds
[2023-09-04T01:48:33.004+0000] {processor.py:157} INFO - Started process (PID=325) to work on /home/airflow/.local/lib/python3.8/site-packages/airflow/example_dags/example_python_operator.py
[2023-09-04T01:48:33.006+0000] {processor.py:829} INFO - Processing file /home/airflow/.local/lib/python3.8/site-packages/airflow/example_dags/example_python_operator.py for tasks to queue
[2023-09-04T01:48:33.010+0000] {logging_mixin.py:151} INFO - [2023-09-04T01:48:33.010+0000] {dagbag.py:539} INFO - Filling up the DagBag from /home/airflow/.local/lib/python3.8/site-packages/airflow/example_dags/example_python_operator.py
[2023-09-04T01:48:33.020+0000] {processor.py:839} INFO - DAG(s) dict_keys(['example_python_operator']) retrieved from /home/airflow/.local/lib/python3.8/site-packages/airflow/example_dags/example_python_operator.py
[2023-09-04T01:48:33.044+0000] {logging_mixin.py:151} INFO - [2023-09-04T01:48:33.044+0000] {dag.py:2907} INFO - Sync 1 DAGs
[2023-09-04T01:48:33.054+0000] {logging_mixin.py:151} INFO - [2023-09-04T01:48:33.054+0000] {dag.py:3677} INFO - Setting next_dagrun for example_python_operator to None, run_after=None
[2023-09-04T01:48:33.066+0000] {processor.py:179} INFO - Processing /home/airflow/.local/lib/python3.8/site-packages/airflow/example_dags/example_python_operator.py took 0.065 seconds
[2023-09-04T01:49:03.255+0000] {processor.py:157} INFO - Started process (PID=380) to work on /home/airflow/.local/lib/python3.8/site-packages/airflow/example_dags/example_python_operator.py
[2023-09-04T01:49:03.258+0000] {processor.py:829} INFO - Processing file /home/airflow/.local/lib/python3.8/site-packages/airflow/example_dags/example_python_operator.py for tasks to queue
[2023-09-04T01:49:03.262+0000] {logging_mixin.py:151} INFO - [2023-09-04T01:49:03.262+0000] {dagbag.py:539} INFO - Filling up the DagBag from /home/airflow/.local/lib/python3.8/site-packages/airflow/example_dags/example_python_operator.py
[2023-09-04T01:49:03.271+0000] {processor.py:839} INFO - DAG(s) dict_keys(['example_python_operator']) retrieved from /home/airflow/.local/lib/python3.8/site-packages/airflow/example_dags/example_python_operator.py
[2023-09-04T01:49:03.292+0000] {logging_mixin.py:151} INFO - [2023-09-04T01:49:03.291+0000] {dag.py:2907} INFO - Sync 1 DAGs
[2023-09-04T01:49:03.301+0000] {logging_mixin.py:151} INFO - [2023-09-04T01:49:03.301+0000] {dag.py:3677} INFO - Setting next_dagrun for example_python_operator to None, run_after=None
[2023-09-04T01:49:03.313+0000] {processor.py:179} INFO - Processing /home/airflow/.local/lib/python3.8/site-packages/airflow/example_dags/example_python_operator.py took 0.062 seconds
[2023-09-04T01:49:33.559+0000] {processor.py:157} INFO - Started process (PID=436) to work on /home/airflow/.local/lib/python3.8/site-packages/airflow/example_dags/example_python_operator.py
[2023-09-04T01:49:33.562+0000] {processor.py:829} INFO - Processing file /home/airflow/.local/lib/python3.8/site-packages/airflow/example_dags/example_python_operator.py for tasks to queue
[2023-09-04T01:49:33.564+0000] {logging_mixin.py:151} INFO - [2023-09-04T01:49:33.564+0000] {dagbag.py:539} INFO - Filling up the DagBag from /home/airflow/.local/lib/python3.8/site-packages/airflow/example_dags/example_python_operator.py
[2023-09-04T01:49:33.573+0000] {processor.py:839} INFO - DAG(s) dict_keys(['example_python_operator']) retrieved from /home/airflow/.local/lib/python3.8/site-packages/airflow/example_dags/example_python_operator.py
[2023-09-04T01:49:33.597+0000] {logging_mixin.py:151} INFO - [2023-09-04T01:49:33.597+0000] {dag.py:2907} INFO - Sync 1 DAGs
[2023-09-04T01:49:33.607+0000] {logging_mixin.py:151} INFO - [2023-09-04T01:49:33.607+0000] {dag.py:3677} INFO - Setting next_dagrun for example_python_operator to None, run_after=None
[2023-09-04T01:49:33.626+0000] {processor.py:179} INFO - Processing /home/airflow/.local/lib/python3.8/site-packages/airflow/example_dags/example_python_operator.py took 0.070 seconds
[2023-09-04T01:50:03.934+0000] {processor.py:157} INFO - Started process (PID=493) to work on /home/airflow/.local/lib/python3.8/site-packages/airflow/example_dags/example_python_operator.py
[2023-09-04T01:50:03.937+0000] {processor.py:829} INFO - Processing file /home/airflow/.local/lib/python3.8/site-packages/airflow/example_dags/example_python_operator.py for tasks to queue
[2023-09-04T01:50:03.941+0000] {logging_mixin.py:151} INFO - [2023-09-04T01:50:03.941+0000] {dagbag.py:539} INFO - Filling up the DagBag from /home/airflow/.local/lib/python3.8/site-packages/airflow/example_dags/example_python_operator.py
[2023-09-04T01:50:03.952+0000] {processor.py:839} INFO - DAG(s) dict_keys(['example_python_operator']) retrieved from /home/airflow/.local/lib/python3.8/site-packages/airflow/example_dags/example_python_operator.py
[2023-09-04T01:50:03.976+0000] {logging_mixin.py:151} INFO - [2023-09-04T01:50:03.976+0000] {dag.py:2907} INFO - Sync 1 DAGs
[2023-09-04T01:50:03.986+0000] {logging_mixin.py:151} INFO - [2023-09-04T01:50:03.986+0000] {dag.py:3677} INFO - Setting next_dagrun for example_python_operator to None, run_after=None
[2023-09-04T01:50:03.997+0000] {processor.py:179} INFO - Processing /home/airflow/.local/lib/python3.8/site-packages/airflow/example_dags/example_python_operator.py took 0.067 seconds
[2023-09-04T01:50:34.522+0000] {processor.py:157} INFO - Started process (PID=549) to work on /home/airflow/.local/lib/python3.8/site-packages/airflow/example_dags/example_python_operator.py
[2023-09-04T01:50:34.524+0000] {processor.py:829} INFO - Processing file /home/airflow/.local/lib/python3.8/site-packages/airflow/example_dags/example_python_operator.py for tasks to queue
[2023-09-04T01:50:34.528+0000] {logging_mixin.py:151} INFO - [2023-09-04T01:50:34.528+0000] {dagbag.py:539} INFO - Filling up the DagBag from /home/airflow/.local/lib/python3.8/site-packages/airflow/example_dags/example_python_operator.py
[2023-09-04T01:50:34.535+0000] {processor.py:839} INFO - DAG(s) dict_keys(['example_python_operator']) retrieved from /home/airflow/.local/lib/python3.8/site-packages/airflow/example_dags/example_python_operator.py
[2023-09-04T01:50:34.555+0000] {logging_mixin.py:151} INFO - [2023-09-04T01:50:34.555+0000] {dag.py:2907} INFO - Sync 1 DAGs
[2023-09-04T01:50:34.563+0000] {logging_mixin.py:151} INFO - [2023-09-04T01:50:34.563+0000] {dag.py:3677} INFO - Setting next_dagrun for example_python_operator to None, run_after=None
[2023-09-04T01:50:34.575+0000] {processor.py:179} INFO - Processing /home/airflow/.local/lib/python3.8/site-packages/airflow/example_dags/example_python_operator.py took 0.056 seconds
[2023-09-04T01:51:05.088+0000] {processor.py:157} INFO - Started process (PID=605) to work on /home/airflow/.local/lib/python3.8/site-packages/airflow/example_dags/example_python_operator.py
[2023-09-04T01:51:05.090+0000] {processor.py:829} INFO - Processing file /home/airflow/.local/lib/python3.8/site-packages/airflow/example_dags/example_python_operator.py for tasks to queue
[2023-09-04T01:51:05.093+0000] {logging_mixin.py:151} INFO - [2023-09-04T01:51:05.092+0000] {dagbag.py:539} INFO - Filling up the DagBag from /home/airflow/.local/lib/python3.8/site-packages/airflow/example_dags/example_python_operator.py
[2023-09-04T01:51:05.100+0000] {processor.py:839} INFO - DAG(s) dict_keys(['example_python_operator']) retrieved from /home/airflow/.local/lib/python3.8/site-packages/airflow/example_dags/example_python_operator.py
[2023-09-04T01:51:05.119+0000] {logging_mixin.py:151} INFO - [2023-09-04T01:51:05.118+0000] {dag.py:2907} INFO - Sync 1 DAGs
[2023-09-04T01:51:05.127+0000] {logging_mixin.py:151} INFO - [2023-09-04T01:51:05.127+0000] {dag.py:3677} INFO - Setting next_dagrun for example_python_operator to None, run_after=None
[2023-09-04T01:51:05.140+0000] {processor.py:179} INFO - Processing /home/airflow/.local/lib/python3.8/site-packages/airflow/example_dags/example_python_operator.py took 0.055 seconds
