[2023-09-04T01:45:59.489+0000] {processor.py:157} INFO - Started process (PID=52) to work on /home/airflow/.local/lib/python3.8/site-packages/airflow/example_dags/example_params_trigger_ui.py
[2023-09-04T01:45:59.510+0000] {processor.py:829} INFO - Processing file /home/airflow/.local/lib/python3.8/site-packages/airflow/example_dags/example_params_trigger_ui.py for tasks to queue
[2023-09-04T01:45:59.521+0000] {logging_mixin.py:151} INFO - [2023-09-04T01:45:59.521+0000] {dagbag.py:539} INFO - Filling up the DagBag from /home/airflow/.local/lib/python3.8/site-packages/airflow/example_dags/example_params_trigger_ui.py
[2023-09-04T01:45:59.625+0000] {processor.py:839} INFO - DAG(s) dict_keys(['example_params_trigger_ui']) retrieved from /home/airflow/.local/lib/python3.8/site-packages/airflow/example_dags/example_params_trigger_ui.py
[2023-09-04T01:45:59.727+0000] {logging_mixin.py:151} INFO - [2023-09-04T01:45:59.726+0000] {dag.py:2907} INFO - Sync 1 DAGs
[2023-09-04T01:45:59.846+0000] {logging_mixin.py:151} INFO - [2023-09-04T01:45:59.845+0000] {dag.py:3677} INFO - Setting next_dagrun for example_params_trigger_ui to None, run_after=None
[2023-09-04T01:45:59.918+0000] {processor.py:179} INFO - Processing /home/airflow/.local/lib/python3.8/site-packages/airflow/example_dags/example_params_trigger_ui.py took 0.461 seconds
[2023-09-04T01:46:29.994+0000] {processor.py:157} INFO - Started process (PID=107) to work on /home/airflow/.local/lib/python3.8/site-packages/airflow/example_dags/example_params_trigger_ui.py
[2023-09-04T01:46:29.998+0000] {processor.py:829} INFO - Processing file /home/airflow/.local/lib/python3.8/site-packages/airflow/example_dags/example_params_trigger_ui.py for tasks to queue
[2023-09-04T01:46:30.002+0000] {logging_mixin.py:151} INFO - [2023-09-04T01:46:30.002+0000] {dagbag.py:539} INFO - Filling up the DagBag from /home/airflow/.local/lib/python3.8/site-packages/airflow/example_dags/example_params_trigger_ui.py
[2023-09-04T01:46:30.021+0000] {processor.py:839} INFO - DAG(s) dict_keys(['example_params_trigger_ui']) retrieved from /home/airflow/.local/lib/python3.8/site-packages/airflow/example_dags/example_params_trigger_ui.py
[2023-09-04T01:46:30.072+0000] {logging_mixin.py:151} INFO - [2023-09-04T01:46:30.072+0000] {dag.py:2907} INFO - Sync 1 DAGs
[2023-09-04T01:46:30.091+0000] {logging_mixin.py:151} INFO - [2023-09-04T01:46:30.090+0000] {dag.py:3677} INFO - Setting next_dagrun for example_params_trigger_ui to None, run_after=None
[2023-09-04T01:46:30.117+0000] {processor.py:179} INFO - Processing /home/airflow/.local/lib/python3.8/site-packages/airflow/example_dags/example_params_trigger_ui.py took 0.127 seconds
[2023-09-04T01:47:00.914+0000] {processor.py:157} INFO - Started process (PID=163) to work on /home/airflow/.local/lib/python3.8/site-packages/airflow/example_dags/example_params_trigger_ui.py
[2023-09-04T01:47:00.917+0000] {processor.py:829} INFO - Processing file /home/airflow/.local/lib/python3.8/site-packages/airflow/example_dags/example_params_trigger_ui.py for tasks to queue
[2023-09-04T01:47:00.921+0000] {logging_mixin.py:151} INFO - [2023-09-04T01:47:00.921+0000] {dagbag.py:539} INFO - Filling up the DagBag from /home/airflow/.local/lib/python3.8/site-packages/airflow/example_dags/example_params_trigger_ui.py
[2023-09-04T01:47:00.934+0000] {processor.py:839} INFO - DAG(s) dict_keys(['example_params_trigger_ui']) retrieved from /home/airflow/.local/lib/python3.8/site-packages/airflow/example_dags/example_params_trigger_ui.py
[2023-09-04T01:47:00.970+0000] {logging_mixin.py:151} INFO - [2023-09-04T01:47:00.970+0000] {dag.py:2907} INFO - Sync 1 DAGs
[2023-09-04T01:47:00.979+0000] {logging_mixin.py:151} INFO - [2023-09-04T01:47:00.978+0000] {dag.py:3677} INFO - Setting next_dagrun for example_params_trigger_ui to None, run_after=None
[2023-09-04T01:47:00.990+0000] {processor.py:179} INFO - Processing /home/airflow/.local/lib/python3.8/site-packages/airflow/example_dags/example_params_trigger_ui.py took 0.079 seconds
[2023-09-04T01:47:32.004+0000] {processor.py:157} INFO - Started process (PID=219) to work on /home/airflow/.local/lib/python3.8/site-packages/airflow/example_dags/example_params_trigger_ui.py
[2023-09-04T01:47:32.013+0000] {processor.py:829} INFO - Processing file /home/airflow/.local/lib/python3.8/site-packages/airflow/example_dags/example_params_trigger_ui.py for tasks to queue
[2023-09-04T01:47:32.019+0000] {logging_mixin.py:151} INFO - [2023-09-04T01:47:32.018+0000] {dagbag.py:539} INFO - Filling up the DagBag from /home/airflow/.local/lib/python3.8/site-packages/airflow/example_dags/example_params_trigger_ui.py
[2023-09-04T01:47:32.040+0000] {processor.py:839} INFO - DAG(s) dict_keys(['example_params_trigger_ui']) retrieved from /home/airflow/.local/lib/python3.8/site-packages/airflow/example_dags/example_params_trigger_ui.py
[2023-09-04T01:47:32.112+0000] {logging_mixin.py:151} INFO - [2023-09-04T01:47:32.112+0000] {dag.py:2907} INFO - Sync 1 DAGs
[2023-09-04T01:47:32.127+0000] {logging_mixin.py:151} INFO - [2023-09-04T01:47:32.127+0000] {dag.py:3677} INFO - Setting next_dagrun for example_params_trigger_ui to None, run_after=None
[2023-09-04T01:47:32.152+0000] {processor.py:179} INFO - Processing /home/airflow/.local/lib/python3.8/site-packages/airflow/example_dags/example_params_trigger_ui.py took 0.151 seconds
[2023-09-04T01:48:02.828+0000] {processor.py:157} INFO - Started process (PID=275) to work on /home/airflow/.local/lib/python3.8/site-packages/airflow/example_dags/example_params_trigger_ui.py
[2023-09-04T01:48:02.830+0000] {processor.py:829} INFO - Processing file /home/airflow/.local/lib/python3.8/site-packages/airflow/example_dags/example_params_trigger_ui.py for tasks to queue
[2023-09-04T01:48:02.833+0000] {logging_mixin.py:151} INFO - [2023-09-04T01:48:02.832+0000] {dagbag.py:539} INFO - Filling up the DagBag from /home/airflow/.local/lib/python3.8/site-packages/airflow/example_dags/example_params_trigger_ui.py
[2023-09-04T01:48:02.846+0000] {processor.py:839} INFO - DAG(s) dict_keys(['example_params_trigger_ui']) retrieved from /home/airflow/.local/lib/python3.8/site-packages/airflow/example_dags/example_params_trigger_ui.py
[2023-09-04T01:48:02.888+0000] {logging_mixin.py:151} INFO - [2023-09-04T01:48:02.888+0000] {dag.py:2907} INFO - Sync 1 DAGs
[2023-09-04T01:48:02.898+0000] {logging_mixin.py:151} INFO - [2023-09-04T01:48:02.898+0000] {dag.py:3677} INFO - Setting next_dagrun for example_params_trigger_ui to None, run_after=None
[2023-09-04T01:48:02.912+0000] {processor.py:179} INFO - Processing /home/airflow/.local/lib/python3.8/site-packages/airflow/example_dags/example_params_trigger_ui.py took 0.087 seconds
[2023-09-04T01:48:33.579+0000] {processor.py:157} INFO - Started process (PID=331) to work on /home/airflow/.local/lib/python3.8/site-packages/airflow/example_dags/example_params_trigger_ui.py
[2023-09-04T01:48:33.581+0000] {processor.py:829} INFO - Processing file /home/airflow/.local/lib/python3.8/site-packages/airflow/example_dags/example_params_trigger_ui.py for tasks to queue
[2023-09-04T01:48:33.583+0000] {logging_mixin.py:151} INFO - [2023-09-04T01:48:33.583+0000] {dagbag.py:539} INFO - Filling up the DagBag from /home/airflow/.local/lib/python3.8/site-packages/airflow/example_dags/example_params_trigger_ui.py
[2023-09-04T01:48:33.596+0000] {processor.py:839} INFO - DAG(s) dict_keys(['example_params_trigger_ui']) retrieved from /home/airflow/.local/lib/python3.8/site-packages/airflow/example_dags/example_params_trigger_ui.py
[2023-09-04T01:48:33.628+0000] {logging_mixin.py:151} INFO - [2023-09-04T01:48:33.628+0000] {dag.py:2907} INFO - Sync 1 DAGs
[2023-09-04T01:48:33.639+0000] {logging_mixin.py:151} INFO - [2023-09-04T01:48:33.638+0000] {dag.py:3677} INFO - Setting next_dagrun for example_params_trigger_ui to None, run_after=None
[2023-09-04T01:48:33.658+0000] {processor.py:179} INFO - Processing /home/airflow/.local/lib/python3.8/site-packages/airflow/example_dags/example_params_trigger_ui.py took 0.082 seconds
[2023-09-04T01:49:04.611+0000] {processor.py:157} INFO - Started process (PID=387) to work on /home/airflow/.local/lib/python3.8/site-packages/airflow/example_dags/example_params_trigger_ui.py
[2023-09-04T01:49:04.614+0000] {processor.py:829} INFO - Processing file /home/airflow/.local/lib/python3.8/site-packages/airflow/example_dags/example_params_trigger_ui.py for tasks to queue
[2023-09-04T01:49:04.617+0000] {logging_mixin.py:151} INFO - [2023-09-04T01:49:04.617+0000] {dagbag.py:539} INFO - Filling up the DagBag from /home/airflow/.local/lib/python3.8/site-packages/airflow/example_dags/example_params_trigger_ui.py
[2023-09-04T01:49:04.630+0000] {processor.py:839} INFO - DAG(s) dict_keys(['example_params_trigger_ui']) retrieved from /home/airflow/.local/lib/python3.8/site-packages/airflow/example_dags/example_params_trigger_ui.py
[2023-09-04T01:49:04.672+0000] {logging_mixin.py:151} INFO - [2023-09-04T01:49:04.672+0000] {dag.py:2907} INFO - Sync 1 DAGs
[2023-09-04T01:49:04.686+0000] {logging_mixin.py:151} INFO - [2023-09-04T01:49:04.686+0000] {dag.py:3677} INFO - Setting next_dagrun for example_params_trigger_ui to None, run_after=None
[2023-09-04T01:49:04.703+0000] {processor.py:179} INFO - Processing /home/airflow/.local/lib/python3.8/site-packages/airflow/example_dags/example_params_trigger_ui.py took 0.094 seconds
[2023-09-04T01:49:34.895+0000] {processor.py:157} INFO - Started process (PID=441) to work on /home/airflow/.local/lib/python3.8/site-packages/airflow/example_dags/example_params_trigger_ui.py
[2023-09-04T01:49:34.897+0000] {processor.py:829} INFO - Processing file /home/airflow/.local/lib/python3.8/site-packages/airflow/example_dags/example_params_trigger_ui.py for tasks to queue
[2023-09-04T01:49:34.899+0000] {logging_mixin.py:151} INFO - [2023-09-04T01:49:34.899+0000] {dagbag.py:539} INFO - Filling up the DagBag from /home/airflow/.local/lib/python3.8/site-packages/airflow/example_dags/example_params_trigger_ui.py
[2023-09-04T01:49:34.911+0000] {processor.py:839} INFO - DAG(s) dict_keys(['example_params_trigger_ui']) retrieved from /home/airflow/.local/lib/python3.8/site-packages/airflow/example_dags/example_params_trigger_ui.py
[2023-09-04T01:49:34.942+0000] {logging_mixin.py:151} INFO - [2023-09-04T01:49:34.942+0000] {dag.py:2907} INFO - Sync 1 DAGs
[2023-09-04T01:49:34.950+0000] {logging_mixin.py:151} INFO - [2023-09-04T01:49:34.950+0000] {dag.py:3677} INFO - Setting next_dagrun for example_params_trigger_ui to None, run_after=None
[2023-09-04T01:49:34.961+0000] {processor.py:179} INFO - Processing /home/airflow/.local/lib/python3.8/site-packages/airflow/example_dags/example_params_trigger_ui.py took 0.070 seconds
[2023-09-04T01:50:05.231+0000] {processor.py:157} INFO - Started process (PID=498) to work on /home/airflow/.local/lib/python3.8/site-packages/airflow/example_dags/example_params_trigger_ui.py
[2023-09-04T01:50:05.233+0000] {processor.py:829} INFO - Processing file /home/airflow/.local/lib/python3.8/site-packages/airflow/example_dags/example_params_trigger_ui.py for tasks to queue
[2023-09-04T01:50:05.235+0000] {logging_mixin.py:151} INFO - [2023-09-04T01:50:05.235+0000] {dagbag.py:539} INFO - Filling up the DagBag from /home/airflow/.local/lib/python3.8/site-packages/airflow/example_dags/example_params_trigger_ui.py
[2023-09-04T01:50:05.259+0000] {processor.py:839} INFO - DAG(s) dict_keys(['example_params_trigger_ui']) retrieved from /home/airflow/.local/lib/python3.8/site-packages/airflow/example_dags/example_params_trigger_ui.py
[2023-09-04T01:50:05.294+0000] {logging_mixin.py:151} INFO - [2023-09-04T01:50:05.294+0000] {dag.py:2907} INFO - Sync 1 DAGs
[2023-09-04T01:50:05.303+0000] {logging_mixin.py:151} INFO - [2023-09-04T01:50:05.303+0000] {dag.py:3677} INFO - Setting next_dagrun for example_params_trigger_ui to None, run_after=None
[2023-09-04T01:50:05.314+0000] {processor.py:179} INFO - Processing /home/airflow/.local/lib/python3.8/site-packages/airflow/example_dags/example_params_trigger_ui.py took 0.086 seconds
[2023-09-04T01:50:35.748+0000] {processor.py:157} INFO - Started process (PID=554) to work on /home/airflow/.local/lib/python3.8/site-packages/airflow/example_dags/example_params_trigger_ui.py
[2023-09-04T01:50:35.750+0000] {processor.py:829} INFO - Processing file /home/airflow/.local/lib/python3.8/site-packages/airflow/example_dags/example_params_trigger_ui.py for tasks to queue
[2023-09-04T01:50:35.753+0000] {logging_mixin.py:151} INFO - [2023-09-04T01:50:35.753+0000] {dagbag.py:539} INFO - Filling up the DagBag from /home/airflow/.local/lib/python3.8/site-packages/airflow/example_dags/example_params_trigger_ui.py
[2023-09-04T01:50:35.766+0000] {processor.py:839} INFO - DAG(s) dict_keys(['example_params_trigger_ui']) retrieved from /home/airflow/.local/lib/python3.8/site-packages/airflow/example_dags/example_params_trigger_ui.py
[2023-09-04T01:50:35.801+0000] {logging_mixin.py:151} INFO - [2023-09-04T01:50:35.801+0000] {dag.py:2907} INFO - Sync 1 DAGs
[2023-09-04T01:50:35.811+0000] {logging_mixin.py:151} INFO - [2023-09-04T01:50:35.811+0000] {dag.py:3677} INFO - Setting next_dagrun for example_params_trigger_ui to None, run_after=None
[2023-09-04T01:50:35.823+0000] {processor.py:179} INFO - Processing /home/airflow/.local/lib/python3.8/site-packages/airflow/example_dags/example_params_trigger_ui.py took 0.079 seconds
[2023-09-04T01:51:06.304+0000] {processor.py:157} INFO - Started process (PID=610) to work on /home/airflow/.local/lib/python3.8/site-packages/airflow/example_dags/example_params_trigger_ui.py
[2023-09-04T01:51:06.305+0000] {processor.py:829} INFO - Processing file /home/airflow/.local/lib/python3.8/site-packages/airflow/example_dags/example_params_trigger_ui.py for tasks to queue
[2023-09-04T01:51:06.307+0000] {logging_mixin.py:151} INFO - [2023-09-04T01:51:06.307+0000] {dagbag.py:539} INFO - Filling up the DagBag from /home/airflow/.local/lib/python3.8/site-packages/airflow/example_dags/example_params_trigger_ui.py
[2023-09-04T01:51:06.317+0000] {processor.py:839} INFO - DAG(s) dict_keys(['example_params_trigger_ui']) retrieved from /home/airflow/.local/lib/python3.8/site-packages/airflow/example_dags/example_params_trigger_ui.py
[2023-09-04T01:51:06.351+0000] {logging_mixin.py:151} INFO - [2023-09-04T01:51:06.351+0000] {dag.py:2907} INFO - Sync 1 DAGs
[2023-09-04T01:51:06.361+0000] {logging_mixin.py:151} INFO - [2023-09-04T01:51:06.361+0000] {dag.py:3677} INFO - Setting next_dagrun for example_params_trigger_ui to None, run_after=None
[2023-09-04T01:51:06.372+0000] {processor.py:179} INFO - Processing /home/airflow/.local/lib/python3.8/site-packages/airflow/example_dags/example_params_trigger_ui.py took 0.070 seconds
