[2023-09-04T01:46:01.852+0000] {processor.py:157} INFO - Started process (PID=58) to work on /home/airflow/.local/lib/python3.8/site-packages/airflow/example_dags/example_external_task_marker_dag.py
[2023-09-04T01:46:01.862+0000] {processor.py:829} INFO - Processing file /home/airflow/.local/lib/python3.8/site-packages/airflow/example_dags/example_external_task_marker_dag.py for tasks to queue
[2023-09-04T01:46:01.874+0000] {logging_mixin.py:151} INFO - [2023-09-04T01:46:01.874+0000] {dagbag.py:539} INFO - Filling up the DagBag from /home/airflow/.local/lib/python3.8/site-packages/airflow/example_dags/example_external_task_marker_dag.py
[2023-09-04T01:46:01.891+0000] {processor.py:839} INFO - DAG(s) dict_keys(['example_external_task_marker_child', 'example_external_task_marker_parent']) retrieved from /home/airflow/.local/lib/python3.8/site-packages/airflow/example_dags/example_external_task_marker_dag.py
[2023-09-04T01:46:01.942+0000] {logging_mixin.py:151} INFO - [2023-09-04T01:46:01.941+0000] {dag.py:2907} INFO - Sync 2 DAGs
[2023-09-04T01:46:01.996+0000] {logging_mixin.py:151} INFO - [2023-09-04T01:46:01.996+0000] {dag.py:3677} INFO - Setting next_dagrun for example_external_task_marker_child to None, run_after=None
[2023-09-04T01:46:02.003+0000] {logging_mixin.py:151} INFO - [2023-09-04T01:46:02.003+0000] {dag.py:3677} INFO - Setting next_dagrun for example_external_task_marker_parent to None, run_after=None
[2023-09-04T01:46:02.041+0000] {processor.py:179} INFO - Processing /home/airflow/.local/lib/python3.8/site-packages/airflow/example_dags/example_external_task_marker_dag.py took 0.210 seconds
[2023-09-04T01:46:32.597+0000] {processor.py:157} INFO - Started process (PID=114) to work on /home/airflow/.local/lib/python3.8/site-packages/airflow/example_dags/example_external_task_marker_dag.py
[2023-09-04T01:46:32.598+0000] {processor.py:829} INFO - Processing file /home/airflow/.local/lib/python3.8/site-packages/airflow/example_dags/example_external_task_marker_dag.py for tasks to queue
[2023-09-04T01:46:32.601+0000] {logging_mixin.py:151} INFO - [2023-09-04T01:46:32.601+0000] {dagbag.py:539} INFO - Filling up the DagBag from /home/airflow/.local/lib/python3.8/site-packages/airflow/example_dags/example_external_task_marker_dag.py
[2023-09-04T01:46:32.606+0000] {processor.py:839} INFO - DAG(s) dict_keys(['example_external_task_marker_parent', 'example_external_task_marker_child']) retrieved from /home/airflow/.local/lib/python3.8/site-packages/airflow/example_dags/example_external_task_marker_dag.py
[2023-09-04T01:46:32.633+0000] {logging_mixin.py:151} INFO - [2023-09-04T01:46:32.633+0000] {dag.py:2907} INFO - Sync 2 DAGs
[2023-09-04T01:46:32.656+0000] {logging_mixin.py:151} INFO - [2023-09-04T01:46:32.655+0000] {dag.py:3677} INFO - Setting next_dagrun for example_external_task_marker_child to None, run_after=None
[2023-09-04T01:46:32.671+0000] {logging_mixin.py:151} INFO - [2023-09-04T01:46:32.671+0000] {dag.py:3677} INFO - Setting next_dagrun for example_external_task_marker_parent to None, run_after=None
[2023-09-04T01:46:32.706+0000] {processor.py:179} INFO - Processing /home/airflow/.local/lib/python3.8/site-packages/airflow/example_dags/example_external_task_marker_dag.py took 0.111 seconds
[2023-09-04T01:47:03.748+0000] {processor.py:157} INFO - Started process (PID=170) to work on /home/airflow/.local/lib/python3.8/site-packages/airflow/example_dags/example_external_task_marker_dag.py
[2023-09-04T01:47:03.754+0000] {processor.py:829} INFO - Processing file /home/airflow/.local/lib/python3.8/site-packages/airflow/example_dags/example_external_task_marker_dag.py for tasks to queue
[2023-09-04T01:47:03.758+0000] {logging_mixin.py:151} INFO - [2023-09-04T01:47:03.757+0000] {dagbag.py:539} INFO - Filling up the DagBag from /home/airflow/.local/lib/python3.8/site-packages/airflow/example_dags/example_external_task_marker_dag.py
[2023-09-04T01:47:03.764+0000] {processor.py:839} INFO - DAG(s) dict_keys(['example_external_task_marker_parent', 'example_external_task_marker_child']) retrieved from /home/airflow/.local/lib/python3.8/site-packages/airflow/example_dags/example_external_task_marker_dag.py
[2023-09-04T01:47:03.795+0000] {logging_mixin.py:151} INFO - [2023-09-04T01:47:03.795+0000] {dag.py:2907} INFO - Sync 2 DAGs
[2023-09-04T01:47:03.808+0000] {logging_mixin.py:151} INFO - [2023-09-04T01:47:03.808+0000] {dag.py:3677} INFO - Setting next_dagrun for example_external_task_marker_child to None, run_after=None
[2023-09-04T01:47:03.812+0000] {logging_mixin.py:151} INFO - [2023-09-04T01:47:03.812+0000] {dag.py:3677} INFO - Setting next_dagrun for example_external_task_marker_parent to None, run_after=None
[2023-09-04T01:47:03.832+0000] {processor.py:179} INFO - Processing /home/airflow/.local/lib/python3.8/site-packages/airflow/example_dags/example_external_task_marker_dag.py took 0.087 seconds
[2023-09-04T01:47:34.547+0000] {processor.py:157} INFO - Started process (PID=226) to work on /home/airflow/.local/lib/python3.8/site-packages/airflow/example_dags/example_external_task_marker_dag.py
[2023-09-04T01:47:34.554+0000] {processor.py:829} INFO - Processing file /home/airflow/.local/lib/python3.8/site-packages/airflow/example_dags/example_external_task_marker_dag.py for tasks to queue
[2023-09-04T01:47:34.559+0000] {logging_mixin.py:151} INFO - [2023-09-04T01:47:34.559+0000] {dagbag.py:539} INFO - Filling up the DagBag from /home/airflow/.local/lib/python3.8/site-packages/airflow/example_dags/example_external_task_marker_dag.py
[2023-09-04T01:47:34.565+0000] {processor.py:839} INFO - DAG(s) dict_keys(['example_external_task_marker_parent', 'example_external_task_marker_child']) retrieved from /home/airflow/.local/lib/python3.8/site-packages/airflow/example_dags/example_external_task_marker_dag.py
[2023-09-04T01:47:34.592+0000] {logging_mixin.py:151} INFO - [2023-09-04T01:47:34.592+0000] {dag.py:2907} INFO - Sync 2 DAGs
[2023-09-04T01:47:34.604+0000] {logging_mixin.py:151} INFO - [2023-09-04T01:47:34.604+0000] {dag.py:3677} INFO - Setting next_dagrun for example_external_task_marker_child to None, run_after=None
[2023-09-04T01:47:34.609+0000] {logging_mixin.py:151} INFO - [2023-09-04T01:47:34.609+0000] {dag.py:3677} INFO - Setting next_dagrun for example_external_task_marker_parent to None, run_after=None
[2023-09-04T01:47:34.622+0000] {processor.py:179} INFO - Processing /home/airflow/.local/lib/python3.8/site-packages/airflow/example_dags/example_external_task_marker_dag.py took 0.079 seconds
[2023-09-04T01:48:05.240+0000] {processor.py:157} INFO - Started process (PID=282) to work on /home/airflow/.local/lib/python3.8/site-packages/airflow/example_dags/example_external_task_marker_dag.py
[2023-09-04T01:48:05.242+0000] {processor.py:829} INFO - Processing file /home/airflow/.local/lib/python3.8/site-packages/airflow/example_dags/example_external_task_marker_dag.py for tasks to queue
[2023-09-04T01:48:05.246+0000] {logging_mixin.py:151} INFO - [2023-09-04T01:48:05.246+0000] {dagbag.py:539} INFO - Filling up the DagBag from /home/airflow/.local/lib/python3.8/site-packages/airflow/example_dags/example_external_task_marker_dag.py
[2023-09-04T01:48:05.252+0000] {processor.py:839} INFO - DAG(s) dict_keys(['example_external_task_marker_parent', 'example_external_task_marker_child']) retrieved from /home/airflow/.local/lib/python3.8/site-packages/airflow/example_dags/example_external_task_marker_dag.py
[2023-09-04T01:48:05.286+0000] {logging_mixin.py:151} INFO - [2023-09-04T01:48:05.285+0000] {dag.py:2907} INFO - Sync 2 DAGs
[2023-09-04T01:48:05.301+0000] {logging_mixin.py:151} INFO - [2023-09-04T01:48:05.301+0000] {dag.py:3677} INFO - Setting next_dagrun for example_external_task_marker_child to None, run_after=None
[2023-09-04T01:48:05.305+0000] {logging_mixin.py:151} INFO - [2023-09-04T01:48:05.305+0000] {dag.py:3677} INFO - Setting next_dagrun for example_external_task_marker_parent to None, run_after=None
[2023-09-04T01:48:05.318+0000] {processor.py:179} INFO - Processing /home/airflow/.local/lib/python3.8/site-packages/airflow/example_dags/example_external_task_marker_dag.py took 0.083 seconds
[2023-09-04T01:48:36.180+0000] {processor.py:157} INFO - Started process (PID=338) to work on /home/airflow/.local/lib/python3.8/site-packages/airflow/example_dags/example_external_task_marker_dag.py
[2023-09-04T01:48:36.184+0000] {processor.py:829} INFO - Processing file /home/airflow/.local/lib/python3.8/site-packages/airflow/example_dags/example_external_task_marker_dag.py for tasks to queue
[2023-09-04T01:48:36.188+0000] {logging_mixin.py:151} INFO - [2023-09-04T01:48:36.187+0000] {dagbag.py:539} INFO - Filling up the DagBag from /home/airflow/.local/lib/python3.8/site-packages/airflow/example_dags/example_external_task_marker_dag.py
[2023-09-04T01:48:36.195+0000] {processor.py:839} INFO - DAG(s) dict_keys(['example_external_task_marker_child', 'example_external_task_marker_parent']) retrieved from /home/airflow/.local/lib/python3.8/site-packages/airflow/example_dags/example_external_task_marker_dag.py
[2023-09-04T01:48:36.242+0000] {logging_mixin.py:151} INFO - [2023-09-04T01:48:36.239+0000] {dag.py:2907} INFO - Sync 2 DAGs
[2023-09-04T01:48:36.323+0000] {logging_mixin.py:151} INFO - [2023-09-04T01:48:36.323+0000] {dag.py:3677} INFO - Setting next_dagrun for example_external_task_marker_child to None, run_after=None
[2023-09-04T01:48:36.329+0000] {logging_mixin.py:151} INFO - [2023-09-04T01:48:36.329+0000] {dag.py:3677} INFO - Setting next_dagrun for example_external_task_marker_parent to None, run_after=None
[2023-09-04T01:48:36.353+0000] {processor.py:179} INFO - Processing /home/airflow/.local/lib/python3.8/site-packages/airflow/example_dags/example_external_task_marker_dag.py took 0.178 seconds
[2023-09-04T01:49:07.188+0000] {processor.py:157} INFO - Started process (PID=394) to work on /home/airflow/.local/lib/python3.8/site-packages/airflow/example_dags/example_external_task_marker_dag.py
[2023-09-04T01:49:07.191+0000] {processor.py:829} INFO - Processing file /home/airflow/.local/lib/python3.8/site-packages/airflow/example_dags/example_external_task_marker_dag.py for tasks to queue
[2023-09-04T01:49:07.194+0000] {logging_mixin.py:151} INFO - [2023-09-04T01:49:07.194+0000] {dagbag.py:539} INFO - Filling up the DagBag from /home/airflow/.local/lib/python3.8/site-packages/airflow/example_dags/example_external_task_marker_dag.py
[2023-09-04T01:49:07.201+0000] {processor.py:839} INFO - DAG(s) dict_keys(['example_external_task_marker_child', 'example_external_task_marker_parent']) retrieved from /home/airflow/.local/lib/python3.8/site-packages/airflow/example_dags/example_external_task_marker_dag.py
[2023-09-04T01:49:07.225+0000] {logging_mixin.py:151} INFO - [2023-09-04T01:49:07.225+0000] {dag.py:2907} INFO - Sync 2 DAGs
[2023-09-04T01:49:07.235+0000] {logging_mixin.py:151} INFO - [2023-09-04T01:49:07.235+0000] {dag.py:3677} INFO - Setting next_dagrun for example_external_task_marker_child to None, run_after=None
[2023-09-04T01:49:07.239+0000] {logging_mixin.py:151} INFO - [2023-09-04T01:49:07.239+0000] {dag.py:3677} INFO - Setting next_dagrun for example_external_task_marker_parent to None, run_after=None
[2023-09-04T01:49:07.276+0000] {processor.py:179} INFO - Processing /home/airflow/.local/lib/python3.8/site-packages/airflow/example_dags/example_external_task_marker_dag.py took 0.091 seconds
[2023-09-04T01:49:37.408+0000] {processor.py:157} INFO - Started process (PID=449) to work on /home/airflow/.local/lib/python3.8/site-packages/airflow/example_dags/example_external_task_marker_dag.py
[2023-09-04T01:49:37.410+0000] {processor.py:829} INFO - Processing file /home/airflow/.local/lib/python3.8/site-packages/airflow/example_dags/example_external_task_marker_dag.py for tasks to queue
[2023-09-04T01:49:37.415+0000] {logging_mixin.py:151} INFO - [2023-09-04T01:49:37.414+0000] {dagbag.py:539} INFO - Filling up the DagBag from /home/airflow/.local/lib/python3.8/site-packages/airflow/example_dags/example_external_task_marker_dag.py
[2023-09-04T01:49:37.422+0000] {processor.py:839} INFO - DAG(s) dict_keys(['example_external_task_marker_parent', 'example_external_task_marker_child']) retrieved from /home/airflow/.local/lib/python3.8/site-packages/airflow/example_dags/example_external_task_marker_dag.py
[2023-09-04T01:49:37.444+0000] {logging_mixin.py:151} INFO - [2023-09-04T01:49:37.444+0000] {dag.py:2907} INFO - Sync 2 DAGs
[2023-09-04T01:49:37.455+0000] {logging_mixin.py:151} INFO - [2023-09-04T01:49:37.455+0000] {dag.py:3677} INFO - Setting next_dagrun for example_external_task_marker_child to None, run_after=None
[2023-09-04T01:49:37.458+0000] {logging_mixin.py:151} INFO - [2023-09-04T01:49:37.458+0000] {dag.py:3677} INFO - Setting next_dagrun for example_external_task_marker_parent to None, run_after=None
[2023-09-04T01:49:37.471+0000] {processor.py:179} INFO - Processing /home/airflow/.local/lib/python3.8/site-packages/airflow/example_dags/example_external_task_marker_dag.py took 0.069 seconds
[2023-09-04T01:50:08.114+0000] {processor.py:157} INFO - Started process (PID=507) to work on /home/airflow/.local/lib/python3.8/site-packages/airflow/example_dags/example_external_task_marker_dag.py
[2023-09-04T01:50:08.116+0000] {processor.py:829} INFO - Processing file /home/airflow/.local/lib/python3.8/site-packages/airflow/example_dags/example_external_task_marker_dag.py for tasks to queue
[2023-09-04T01:50:08.119+0000] {logging_mixin.py:151} INFO - [2023-09-04T01:50:08.119+0000] {dagbag.py:539} INFO - Filling up the DagBag from /home/airflow/.local/lib/python3.8/site-packages/airflow/example_dags/example_external_task_marker_dag.py
[2023-09-04T01:50:08.128+0000] {processor.py:839} INFO - DAG(s) dict_keys(['example_external_task_marker_child', 'example_external_task_marker_parent']) retrieved from /home/airflow/.local/lib/python3.8/site-packages/airflow/example_dags/example_external_task_marker_dag.py
[2023-09-04T01:50:08.155+0000] {logging_mixin.py:151} INFO - [2023-09-04T01:50:08.155+0000] {dag.py:2907} INFO - Sync 2 DAGs
[2023-09-04T01:50:08.165+0000] {logging_mixin.py:151} INFO - [2023-09-04T01:50:08.165+0000] {dag.py:3677} INFO - Setting next_dagrun for example_external_task_marker_child to None, run_after=None
[2023-09-04T01:50:08.168+0000] {logging_mixin.py:151} INFO - [2023-09-04T01:50:08.168+0000] {dag.py:3677} INFO - Setting next_dagrun for example_external_task_marker_parent to None, run_after=None
[2023-09-04T01:50:08.179+0000] {processor.py:179} INFO - Processing /home/airflow/.local/lib/python3.8/site-packages/airflow/example_dags/example_external_task_marker_dag.py took 0.069 seconds
[2023-09-04T01:50:38.260+0000] {processor.py:157} INFO - Started process (PID=562) to work on /home/airflow/.local/lib/python3.8/site-packages/airflow/example_dags/example_external_task_marker_dag.py
[2023-09-04T01:50:38.262+0000] {processor.py:829} INFO - Processing file /home/airflow/.local/lib/python3.8/site-packages/airflow/example_dags/example_external_task_marker_dag.py for tasks to queue
[2023-09-04T01:50:38.264+0000] {logging_mixin.py:151} INFO - [2023-09-04T01:50:38.264+0000] {dagbag.py:539} INFO - Filling up the DagBag from /home/airflow/.local/lib/python3.8/site-packages/airflow/example_dags/example_external_task_marker_dag.py
[2023-09-04T01:50:38.270+0000] {processor.py:839} INFO - DAG(s) dict_keys(['example_external_task_marker_child', 'example_external_task_marker_parent']) retrieved from /home/airflow/.local/lib/python3.8/site-packages/airflow/example_dags/example_external_task_marker_dag.py
[2023-09-04T01:50:38.293+0000] {logging_mixin.py:151} INFO - [2023-09-04T01:50:38.293+0000] {dag.py:2907} INFO - Sync 2 DAGs
[2023-09-04T01:50:38.303+0000] {logging_mixin.py:151} INFO - [2023-09-04T01:50:38.303+0000] {dag.py:3677} INFO - Setting next_dagrun for example_external_task_marker_child to None, run_after=None
[2023-09-04T01:50:38.306+0000] {logging_mixin.py:151} INFO - [2023-09-04T01:50:38.306+0000] {dag.py:3677} INFO - Setting next_dagrun for example_external_task_marker_parent to None, run_after=None
[2023-09-04T01:50:38.319+0000] {processor.py:179} INFO - Processing /home/airflow/.local/lib/python3.8/site-packages/airflow/example_dags/example_external_task_marker_dag.py took 0.061 seconds
[2023-09-04T01:51:08.631+0000] {processor.py:157} INFO - Started process (PID=618) to work on /home/airflow/.local/lib/python3.8/site-packages/airflow/example_dags/example_external_task_marker_dag.py
[2023-09-04T01:51:08.634+0000] {processor.py:829} INFO - Processing file /home/airflow/.local/lib/python3.8/site-packages/airflow/example_dags/example_external_task_marker_dag.py for tasks to queue
[2023-09-04T01:51:08.637+0000] {logging_mixin.py:151} INFO - [2023-09-04T01:51:08.637+0000] {dagbag.py:539} INFO - Filling up the DagBag from /home/airflow/.local/lib/python3.8/site-packages/airflow/example_dags/example_external_task_marker_dag.py
[2023-09-04T01:51:08.642+0000] {processor.py:839} INFO - DAG(s) dict_keys(['example_external_task_marker_child', 'example_external_task_marker_parent']) retrieved from /home/airflow/.local/lib/python3.8/site-packages/airflow/example_dags/example_external_task_marker_dag.py
[2023-09-04T01:51:08.667+0000] {logging_mixin.py:151} INFO - [2023-09-04T01:51:08.667+0000] {dag.py:2907} INFO - Sync 2 DAGs
[2023-09-04T01:51:08.677+0000] {logging_mixin.py:151} INFO - [2023-09-04T01:51:08.677+0000] {dag.py:3677} INFO - Setting next_dagrun for example_external_task_marker_child to None, run_after=None
[2023-09-04T01:51:08.680+0000] {logging_mixin.py:151} INFO - [2023-09-04T01:51:08.680+0000] {dag.py:3677} INFO - Setting next_dagrun for example_external_task_marker_parent to None, run_after=None
[2023-09-04T01:51:08.693+0000] {processor.py:179} INFO - Processing /home/airflow/.local/lib/python3.8/site-packages/airflow/example_dags/example_external_task_marker_dag.py took 0.067 seconds
