[2023-09-04T01:46:02.123+0000] {processor.py:157} INFO - Started process (PID=59) to work on /home/airflow/.local/lib/python3.8/site-packages/airflow/example_dags/example_short_circuit_decorator.py
[2023-09-04T01:46:02.132+0000] {processor.py:829} INFO - Processing file /home/airflow/.local/lib/python3.8/site-packages/airflow/example_dags/example_short_circuit_decorator.py for tasks to queue
[2023-09-04T01:46:02.152+0000] {logging_mixin.py:151} INFO - [2023-09-04T01:46:02.152+0000] {dagbag.py:539} INFO - Filling up the DagBag from /home/airflow/.local/lib/python3.8/site-packages/airflow/example_dags/example_short_circuit_decorator.py
[2023-09-04T01:46:02.187+0000] {processor.py:839} INFO - DAG(s) dict_keys(['example_short_circuit_decorator']) retrieved from /home/airflow/.local/lib/python3.8/site-packages/airflow/example_dags/example_short_circuit_decorator.py
[2023-09-04T01:46:02.272+0000] {logging_mixin.py:151} INFO - [2023-09-04T01:46:02.272+0000] {dag.py:2907} INFO - Sync 1 DAGs
[2023-09-04T01:46:02.327+0000] {logging_mixin.py:151} INFO - [2023-09-04T01:46:02.326+0000] {dag.py:3677} INFO - Setting next_dagrun for example_short_circuit_decorator to 2023-09-03T01:46:02.325326+00:00, run_after=2023-09-04T01:46:02.325326+00:00
[2023-09-04T01:46:02.394+0000] {processor.py:179} INFO - Processing /home/airflow/.local/lib/python3.8/site-packages/airflow/example_dags/example_short_circuit_decorator.py took 0.280 seconds
[2023-09-04T01:46:32.737+0000] {processor.py:157} INFO - Started process (PID=115) to work on /home/airflow/.local/lib/python3.8/site-packages/airflow/example_dags/example_short_circuit_decorator.py
[2023-09-04T01:46:32.739+0000] {processor.py:829} INFO - Processing file /home/airflow/.local/lib/python3.8/site-packages/airflow/example_dags/example_short_circuit_decorator.py for tasks to queue
[2023-09-04T01:46:32.743+0000] {logging_mixin.py:151} INFO - [2023-09-04T01:46:32.742+0000] {dagbag.py:539} INFO - Filling up the DagBag from /home/airflow/.local/lib/python3.8/site-packages/airflow/example_dags/example_short_circuit_decorator.py
[2023-09-04T01:46:32.750+0000] {processor.py:839} INFO - DAG(s) dict_keys(['example_short_circuit_decorator']) retrieved from /home/airflow/.local/lib/python3.8/site-packages/airflow/example_dags/example_short_circuit_decorator.py
[2023-09-04T01:46:32.816+0000] {logging_mixin.py:151} INFO - [2023-09-04T01:46:32.816+0000] {dag.py:2907} INFO - Sync 1 DAGs
[2023-09-04T01:46:32.866+0000] {logging_mixin.py:151} INFO - [2023-09-04T01:46:32.865+0000] {dag.py:3677} INFO - Setting next_dagrun for example_short_circuit_decorator to 2023-09-03T01:46:32.858954+00:00, run_after=2023-09-04T01:46:32.858954+00:00
[2023-09-04T01:46:32.918+0000] {processor.py:179} INFO - Processing /home/airflow/.local/lib/python3.8/site-packages/airflow/example_dags/example_short_circuit_decorator.py took 0.184 seconds
[2023-09-04T01:47:03.754+0000] {processor.py:157} INFO - Started process (PID=171) to work on /home/airflow/.local/lib/python3.8/site-packages/airflow/example_dags/example_short_circuit_decorator.py
[2023-09-04T01:47:03.757+0000] {processor.py:829} INFO - Processing file /home/airflow/.local/lib/python3.8/site-packages/airflow/example_dags/example_short_circuit_decorator.py for tasks to queue
[2023-09-04T01:47:03.760+0000] {logging_mixin.py:151} INFO - [2023-09-04T01:47:03.760+0000] {dagbag.py:539} INFO - Filling up the DagBag from /home/airflow/.local/lib/python3.8/site-packages/airflow/example_dags/example_short_circuit_decorator.py
[2023-09-04T01:47:03.772+0000] {processor.py:839} INFO - DAG(s) dict_keys(['example_short_circuit_decorator']) retrieved from /home/airflow/.local/lib/python3.8/site-packages/airflow/example_dags/example_short_circuit_decorator.py
[2023-09-04T01:47:03.796+0000] {logging_mixin.py:151} INFO - [2023-09-04T01:47:03.796+0000] {dag.py:2907} INFO - Sync 1 DAGs
[2023-09-04T01:47:03.815+0000] {logging_mixin.py:151} INFO - [2023-09-04T01:47:03.814+0000] {dag.py:3677} INFO - Setting next_dagrun for example_short_circuit_decorator to 2023-09-03T01:47:03.814631+00:00, run_after=2023-09-04T01:47:03.814631+00:00
[2023-09-04T01:47:03.839+0000] {processor.py:179} INFO - Processing /home/airflow/.local/lib/python3.8/site-packages/airflow/example_dags/example_short_circuit_decorator.py took 0.088 seconds
[2023-09-04T01:47:34.654+0000] {processor.py:157} INFO - Started process (PID=227) to work on /home/airflow/.local/lib/python3.8/site-packages/airflow/example_dags/example_short_circuit_decorator.py
[2023-09-04T01:47:34.656+0000] {processor.py:829} INFO - Processing file /home/airflow/.local/lib/python3.8/site-packages/airflow/example_dags/example_short_circuit_decorator.py for tasks to queue
[2023-09-04T01:47:34.662+0000] {logging_mixin.py:151} INFO - [2023-09-04T01:47:34.661+0000] {dagbag.py:539} INFO - Filling up the DagBag from /home/airflow/.local/lib/python3.8/site-packages/airflow/example_dags/example_short_circuit_decorator.py
[2023-09-04T01:47:34.670+0000] {processor.py:839} INFO - DAG(s) dict_keys(['example_short_circuit_decorator']) retrieved from /home/airflow/.local/lib/python3.8/site-packages/airflow/example_dags/example_short_circuit_decorator.py
[2023-09-04T01:47:34.695+0000] {logging_mixin.py:151} INFO - [2023-09-04T01:47:34.695+0000] {dag.py:2907} INFO - Sync 1 DAGs
[2023-09-04T01:47:34.711+0000] {logging_mixin.py:151} INFO - [2023-09-04T01:47:34.711+0000] {dag.py:3677} INFO - Setting next_dagrun for example_short_circuit_decorator to 2023-09-03T01:47:34.710953+00:00, run_after=2023-09-04T01:47:34.710953+00:00
[2023-09-04T01:47:34.727+0000] {processor.py:179} INFO - Processing /home/airflow/.local/lib/python3.8/site-packages/airflow/example_dags/example_short_circuit_decorator.py took 0.078 seconds
[2023-09-04T01:48:05.350+0000] {processor.py:157} INFO - Started process (PID=283) to work on /home/airflow/.local/lib/python3.8/site-packages/airflow/example_dags/example_short_circuit_decorator.py
[2023-09-04T01:48:05.353+0000] {processor.py:829} INFO - Processing file /home/airflow/.local/lib/python3.8/site-packages/airflow/example_dags/example_short_circuit_decorator.py for tasks to queue
[2023-09-04T01:48:05.357+0000] {logging_mixin.py:151} INFO - [2023-09-04T01:48:05.357+0000] {dagbag.py:539} INFO - Filling up the DagBag from /home/airflow/.local/lib/python3.8/site-packages/airflow/example_dags/example_short_circuit_decorator.py
[2023-09-04T01:48:05.365+0000] {processor.py:839} INFO - DAG(s) dict_keys(['example_short_circuit_decorator']) retrieved from /home/airflow/.local/lib/python3.8/site-packages/airflow/example_dags/example_short_circuit_decorator.py
[2023-09-04T01:48:05.392+0000] {logging_mixin.py:151} INFO - [2023-09-04T01:48:05.392+0000] {dag.py:2907} INFO - Sync 1 DAGs
[2023-09-04T01:48:05.410+0000] {logging_mixin.py:151} INFO - [2023-09-04T01:48:05.410+0000] {dag.py:3677} INFO - Setting next_dagrun for example_short_circuit_decorator to 2023-09-03T01:48:05.410050+00:00, run_after=2023-09-04T01:48:05.410050+00:00
[2023-09-04T01:48:05.427+0000] {processor.py:179} INFO - Processing /home/airflow/.local/lib/python3.8/site-packages/airflow/example_dags/example_short_circuit_decorator.py took 0.081 seconds
[2023-09-04T01:48:36.398+0000] {processor.py:157} INFO - Started process (PID=339) to work on /home/airflow/.local/lib/python3.8/site-packages/airflow/example_dags/example_short_circuit_decorator.py
[2023-09-04T01:48:36.401+0000] {processor.py:829} INFO - Processing file /home/airflow/.local/lib/python3.8/site-packages/airflow/example_dags/example_short_circuit_decorator.py for tasks to queue
[2023-09-04T01:48:36.407+0000] {logging_mixin.py:151} INFO - [2023-09-04T01:48:36.407+0000] {dagbag.py:539} INFO - Filling up the DagBag from /home/airflow/.local/lib/python3.8/site-packages/airflow/example_dags/example_short_circuit_decorator.py
[2023-09-04T01:48:36.429+0000] {processor.py:839} INFO - DAG(s) dict_keys(['example_short_circuit_decorator']) retrieved from /home/airflow/.local/lib/python3.8/site-packages/airflow/example_dags/example_short_circuit_decorator.py
[2023-09-04T01:48:36.471+0000] {logging_mixin.py:151} INFO - [2023-09-04T01:48:36.471+0000] {dag.py:2907} INFO - Sync 1 DAGs
[2023-09-04T01:48:36.502+0000] {logging_mixin.py:151} INFO - [2023-09-04T01:48:36.501+0000] {dag.py:3677} INFO - Setting next_dagrun for example_short_circuit_decorator to 2023-09-03T01:48:36.501520+00:00, run_after=2023-09-04T01:48:36.501520+00:00
[2023-09-04T01:48:36.523+0000] {processor.py:179} INFO - Processing /home/airflow/.local/lib/python3.8/site-packages/airflow/example_dags/example_short_circuit_decorator.py took 0.129 seconds
[2023-09-04T01:49:07.309+0000] {processor.py:157} INFO - Started process (PID=395) to work on /home/airflow/.local/lib/python3.8/site-packages/airflow/example_dags/example_short_circuit_decorator.py
[2023-09-04T01:49:07.311+0000] {processor.py:829} INFO - Processing file /home/airflow/.local/lib/python3.8/site-packages/airflow/example_dags/example_short_circuit_decorator.py for tasks to queue
[2023-09-04T01:49:07.313+0000] {logging_mixin.py:151} INFO - [2023-09-04T01:49:07.313+0000] {dagbag.py:539} INFO - Filling up the DagBag from /home/airflow/.local/lib/python3.8/site-packages/airflow/example_dags/example_short_circuit_decorator.py
[2023-09-04T01:49:07.320+0000] {processor.py:839} INFO - DAG(s) dict_keys(['example_short_circuit_decorator']) retrieved from /home/airflow/.local/lib/python3.8/site-packages/airflow/example_dags/example_short_circuit_decorator.py
[2023-09-04T01:49:07.344+0000] {logging_mixin.py:151} INFO - [2023-09-04T01:49:07.344+0000] {dag.py:2907} INFO - Sync 1 DAGs
[2023-09-04T01:49:07.361+0000] {logging_mixin.py:151} INFO - [2023-09-04T01:49:07.361+0000] {dag.py:3677} INFO - Setting next_dagrun for example_short_circuit_decorator to 2023-09-03T01:49:07.361034+00:00, run_after=2023-09-04T01:49:07.361034+00:00
[2023-09-04T01:49:07.375+0000] {processor.py:179} INFO - Processing /home/airflow/.local/lib/python3.8/site-packages/airflow/example_dags/example_short_circuit_decorator.py took 0.068 seconds
[2023-09-04T01:49:37.503+0000] {processor.py:157} INFO - Started process (PID=451) to work on /home/airflow/.local/lib/python3.8/site-packages/airflow/example_dags/example_short_circuit_decorator.py
[2023-09-04T01:49:37.505+0000] {processor.py:829} INFO - Processing file /home/airflow/.local/lib/python3.8/site-packages/airflow/example_dags/example_short_circuit_decorator.py for tasks to queue
[2023-09-04T01:49:37.508+0000] {logging_mixin.py:151} INFO - [2023-09-04T01:49:37.507+0000] {dagbag.py:539} INFO - Filling up the DagBag from /home/airflow/.local/lib/python3.8/site-packages/airflow/example_dags/example_short_circuit_decorator.py
[2023-09-04T01:49:37.514+0000] {processor.py:839} INFO - DAG(s) dict_keys(['example_short_circuit_decorator']) retrieved from /home/airflow/.local/lib/python3.8/site-packages/airflow/example_dags/example_short_circuit_decorator.py
[2023-09-04T01:49:37.535+0000] {logging_mixin.py:151} INFO - [2023-09-04T01:49:37.535+0000] {dag.py:2907} INFO - Sync 1 DAGs
[2023-09-04T01:49:37.552+0000] {logging_mixin.py:151} INFO - [2023-09-04T01:49:37.551+0000] {dag.py:3677} INFO - Setting next_dagrun for example_short_circuit_decorator to 2023-09-03T01:49:37.551790+00:00, run_after=2023-09-04T01:49:37.551790+00:00
[2023-09-04T01:49:37.566+0000] {processor.py:179} INFO - Processing /home/airflow/.local/lib/python3.8/site-packages/airflow/example_dags/example_short_circuit_decorator.py took 0.065 seconds
[2023-09-04T01:50:08.205+0000] {processor.py:157} INFO - Started process (PID=508) to work on /home/airflow/.local/lib/python3.8/site-packages/airflow/example_dags/example_short_circuit_decorator.py
[2023-09-04T01:50:08.207+0000] {processor.py:829} INFO - Processing file /home/airflow/.local/lib/python3.8/site-packages/airflow/example_dags/example_short_circuit_decorator.py for tasks to queue
[2023-09-04T01:50:08.210+0000] {logging_mixin.py:151} INFO - [2023-09-04T01:50:08.209+0000] {dagbag.py:539} INFO - Filling up the DagBag from /home/airflow/.local/lib/python3.8/site-packages/airflow/example_dags/example_short_circuit_decorator.py
[2023-09-04T01:50:08.216+0000] {processor.py:839} INFO - DAG(s) dict_keys(['example_short_circuit_decorator']) retrieved from /home/airflow/.local/lib/python3.8/site-packages/airflow/example_dags/example_short_circuit_decorator.py
[2023-09-04T01:50:08.242+0000] {logging_mixin.py:151} INFO - [2023-09-04T01:50:08.242+0000] {dag.py:2907} INFO - Sync 1 DAGs
[2023-09-04T01:50:08.260+0000] {logging_mixin.py:151} INFO - [2023-09-04T01:50:08.260+0000] {dag.py:3677} INFO - Setting next_dagrun for example_short_circuit_decorator to 2023-09-03T01:50:08.259826+00:00, run_after=2023-09-04T01:50:08.259826+00:00
[2023-09-04T01:50:08.273+0000] {processor.py:179} INFO - Processing /home/airflow/.local/lib/python3.8/site-packages/airflow/example_dags/example_short_circuit_decorator.py took 0.071 seconds
[2023-09-04T01:50:38.302+0000] {processor.py:157} INFO - Started process (PID=563) to work on /home/airflow/.local/lib/python3.8/site-packages/airflow/example_dags/example_short_circuit_decorator.py
[2023-09-04T01:50:38.304+0000] {processor.py:829} INFO - Processing file /home/airflow/.local/lib/python3.8/site-packages/airflow/example_dags/example_short_circuit_decorator.py for tasks to queue
[2023-09-04T01:50:38.307+0000] {logging_mixin.py:151} INFO - [2023-09-04T01:50:38.307+0000] {dagbag.py:539} INFO - Filling up the DagBag from /home/airflow/.local/lib/python3.8/site-packages/airflow/example_dags/example_short_circuit_decorator.py
[2023-09-04T01:50:38.314+0000] {processor.py:839} INFO - DAG(s) dict_keys(['example_short_circuit_decorator']) retrieved from /home/airflow/.local/lib/python3.8/site-packages/airflow/example_dags/example_short_circuit_decorator.py
[2023-09-04T01:50:38.335+0000] {logging_mixin.py:151} INFO - [2023-09-04T01:50:38.335+0000] {dag.py:2907} INFO - Sync 1 DAGs
[2023-09-04T01:50:38.348+0000] {logging_mixin.py:151} INFO - [2023-09-04T01:50:38.348+0000] {dag.py:3677} INFO - Setting next_dagrun for example_short_circuit_decorator to 2023-09-03T01:50:38.348585+00:00, run_after=2023-09-04T01:50:38.348585+00:00
[2023-09-04T01:50:38.359+0000] {processor.py:179} INFO - Processing /home/airflow/.local/lib/python3.8/site-packages/airflow/example_dags/example_short_circuit_decorator.py took 0.060 seconds
[2023-09-04T01:51:08.720+0000] {processor.py:157} INFO - Started process (PID=619) to work on /home/airflow/.local/lib/python3.8/site-packages/airflow/example_dags/example_short_circuit_decorator.py
[2023-09-04T01:51:08.723+0000] {processor.py:829} INFO - Processing file /home/airflow/.local/lib/python3.8/site-packages/airflow/example_dags/example_short_circuit_decorator.py for tasks to queue
[2023-09-04T01:51:08.732+0000] {logging_mixin.py:151} INFO - [2023-09-04T01:51:08.732+0000] {dagbag.py:539} INFO - Filling up the DagBag from /home/airflow/.local/lib/python3.8/site-packages/airflow/example_dags/example_short_circuit_decorator.py
[2023-09-04T01:51:08.739+0000] {processor.py:839} INFO - DAG(s) dict_keys(['example_short_circuit_decorator']) retrieved from /home/airflow/.local/lib/python3.8/site-packages/airflow/example_dags/example_short_circuit_decorator.py
[2023-09-04T01:51:08.758+0000] {logging_mixin.py:151} INFO - [2023-09-04T01:51:08.758+0000] {dag.py:2907} INFO - Sync 1 DAGs
[2023-09-04T01:51:08.771+0000] {logging_mixin.py:151} INFO - [2023-09-04T01:51:08.771+0000] {dag.py:3677} INFO - Setting next_dagrun for example_short_circuit_decorator to 2023-09-03T01:51:08.771336+00:00, run_after=2023-09-04T01:51:08.771336+00:00
[2023-09-04T01:51:08.783+0000] {processor.py:179} INFO - Processing /home/airflow/.local/lib/python3.8/site-packages/airflow/example_dags/example_short_circuit_decorator.py took 0.065 seconds
