[2023-09-04T01:45:59.065+0000] {processor.py:157} INFO - Started process (PID=50) to work on /home/airflow/.local/lib/python3.8/site-packages/airflow/example_dags/example_xcomargs.py
[2023-09-04T01:45:59.070+0000] {processor.py:829} INFO - Processing file /home/airflow/.local/lib/python3.8/site-packages/airflow/example_dags/example_xcomargs.py for tasks to queue
[2023-09-04T01:45:59.086+0000] {logging_mixin.py:151} INFO - [2023-09-04T01:45:59.081+0000] {dagbag.py:539} INFO - Filling up the DagBag from /home/airflow/.local/lib/python3.8/site-packages/airflow/example_dags/example_xcomargs.py
[2023-09-04T01:45:59.142+0000] {processor.py:839} INFO - DAG(s) dict_keys(['example_xcom_args_with_operators', 'example_xcom_args']) retrieved from /home/airflow/.local/lib/python3.8/site-packages/airflow/example_dags/example_xcomargs.py
[2023-09-04T01:45:59.192+0000] {logging_mixin.py:151} INFO - [2023-09-04T01:45:59.191+0000] {dag.py:2907} INFO - Sync 2 DAGs
[2023-09-04T01:45:59.245+0000] {logging_mixin.py:151} INFO - [2023-09-04T01:45:59.245+0000] {dag.py:3677} INFO - Setting next_dagrun for example_xcom_args to None, run_after=None
[2023-09-04T01:45:59.268+0000] {logging_mixin.py:151} INFO - [2023-09-04T01:45:59.268+0000] {dag.py:3677} INFO - Setting next_dagrun for example_xcom_args_with_operators to None, run_after=None
[2023-09-04T01:45:59.317+0000] {processor.py:179} INFO - Processing /home/airflow/.local/lib/python3.8/site-packages/airflow/example_dags/example_xcomargs.py took 0.259 seconds
[2023-09-04T01:46:29.885+0000] {processor.py:157} INFO - Started process (PID=106) to work on /home/airflow/.local/lib/python3.8/site-packages/airflow/example_dags/example_xcomargs.py
[2023-09-04T01:46:29.888+0000] {processor.py:829} INFO - Processing file /home/airflow/.local/lib/python3.8/site-packages/airflow/example_dags/example_xcomargs.py for tasks to queue
[2023-09-04T01:46:29.890+0000] {logging_mixin.py:151} INFO - [2023-09-04T01:46:29.890+0000] {dagbag.py:539} INFO - Filling up the DagBag from /home/airflow/.local/lib/python3.8/site-packages/airflow/example_dags/example_xcomargs.py
[2023-09-04T01:46:29.899+0000] {processor.py:839} INFO - DAG(s) dict_keys(['example_xcom_args', 'example_xcom_args_with_operators']) retrieved from /home/airflow/.local/lib/python3.8/site-packages/airflow/example_dags/example_xcomargs.py
[2023-09-04T01:46:29.921+0000] {logging_mixin.py:151} INFO - [2023-09-04T01:46:29.920+0000] {dag.py:2907} INFO - Sync 2 DAGs
[2023-09-04T01:46:29.930+0000] {logging_mixin.py:151} INFO - [2023-09-04T01:46:29.930+0000] {dag.py:3677} INFO - Setting next_dagrun for example_xcom_args to None, run_after=None
[2023-09-04T01:46:29.935+0000] {logging_mixin.py:151} INFO - [2023-09-04T01:46:29.935+0000] {dag.py:3677} INFO - Setting next_dagrun for example_xcom_args_with_operators to None, run_after=None
[2023-09-04T01:46:29.950+0000] {processor.py:179} INFO - Processing /home/airflow/.local/lib/python3.8/site-packages/airflow/example_dags/example_xcomargs.py took 0.068 seconds
[2023-09-04T01:47:00.828+0000] {processor.py:157} INFO - Started process (PID=162) to work on /home/airflow/.local/lib/python3.8/site-packages/airflow/example_dags/example_xcomargs.py
[2023-09-04T01:47:00.830+0000] {processor.py:829} INFO - Processing file /home/airflow/.local/lib/python3.8/site-packages/airflow/example_dags/example_xcomargs.py for tasks to queue
[2023-09-04T01:47:00.832+0000] {logging_mixin.py:151} INFO - [2023-09-04T01:47:00.832+0000] {dagbag.py:539} INFO - Filling up the DagBag from /home/airflow/.local/lib/python3.8/site-packages/airflow/example_dags/example_xcomargs.py
[2023-09-04T01:47:00.840+0000] {processor.py:839} INFO - DAG(s) dict_keys(['example_xcom_args_with_operators', 'example_xcom_args']) retrieved from /home/airflow/.local/lib/python3.8/site-packages/airflow/example_dags/example_xcomargs.py
[2023-09-04T01:47:00.869+0000] {logging_mixin.py:151} INFO - [2023-09-04T01:47:00.869+0000] {dag.py:2907} INFO - Sync 2 DAGs
[2023-09-04T01:47:00.886+0000] {logging_mixin.py:151} INFO - [2023-09-04T01:47:00.886+0000] {dag.py:3677} INFO - Setting next_dagrun for example_xcom_args to None, run_after=None
[2023-09-04T01:47:00.892+0000] {logging_mixin.py:151} INFO - [2023-09-04T01:47:00.891+0000] {dag.py:3677} INFO - Setting next_dagrun for example_xcom_args_with_operators to None, run_after=None
[2023-09-04T01:47:00.910+0000] {processor.py:179} INFO - Processing /home/airflow/.local/lib/python3.8/site-packages/airflow/example_dags/example_xcomargs.py took 0.085 seconds
[2023-09-04T01:47:31.955+0000] {processor.py:157} INFO - Started process (PID=218) to work on /home/airflow/.local/lib/python3.8/site-packages/airflow/example_dags/example_xcomargs.py
[2023-09-04T01:47:31.957+0000] {processor.py:829} INFO - Processing file /home/airflow/.local/lib/python3.8/site-packages/airflow/example_dags/example_xcomargs.py for tasks to queue
[2023-09-04T01:47:31.960+0000] {logging_mixin.py:151} INFO - [2023-09-04T01:47:31.959+0000] {dagbag.py:539} INFO - Filling up the DagBag from /home/airflow/.local/lib/python3.8/site-packages/airflow/example_dags/example_xcomargs.py
[2023-09-04T01:47:31.966+0000] {processor.py:839} INFO - DAG(s) dict_keys(['example_xcom_args_with_operators', 'example_xcom_args']) retrieved from /home/airflow/.local/lib/python3.8/site-packages/airflow/example_dags/example_xcomargs.py
[2023-09-04T01:47:32.000+0000] {logging_mixin.py:151} INFO - [2023-09-04T01:47:31.999+0000] {dag.py:2907} INFO - Sync 2 DAGs
[2023-09-04T01:47:32.014+0000] {logging_mixin.py:151} INFO - [2023-09-04T01:47:32.014+0000] {dag.py:3677} INFO - Setting next_dagrun for example_xcom_args to None, run_after=None
[2023-09-04T01:47:32.021+0000] {logging_mixin.py:151} INFO - [2023-09-04T01:47:32.021+0000] {dag.py:3677} INFO - Setting next_dagrun for example_xcom_args_with_operators to None, run_after=None
[2023-09-04T01:47:32.064+0000] {processor.py:179} INFO - Processing /home/airflow/.local/lib/python3.8/site-packages/airflow/example_dags/example_xcomargs.py took 0.111 seconds
[2023-09-04T01:48:02.769+0000] {processor.py:157} INFO - Started process (PID=274) to work on /home/airflow/.local/lib/python3.8/site-packages/airflow/example_dags/example_xcomargs.py
[2023-09-04T01:48:02.772+0000] {processor.py:829} INFO - Processing file /home/airflow/.local/lib/python3.8/site-packages/airflow/example_dags/example_xcomargs.py for tasks to queue
[2023-09-04T01:48:02.775+0000] {logging_mixin.py:151} INFO - [2023-09-04T01:48:02.775+0000] {dagbag.py:539} INFO - Filling up the DagBag from /home/airflow/.local/lib/python3.8/site-packages/airflow/example_dags/example_xcomargs.py
[2023-09-04T01:48:02.785+0000] {processor.py:839} INFO - DAG(s) dict_keys(['example_xcom_args', 'example_xcom_args_with_operators']) retrieved from /home/airflow/.local/lib/python3.8/site-packages/airflow/example_dags/example_xcomargs.py
[2023-09-04T01:48:02.826+0000] {logging_mixin.py:151} INFO - [2023-09-04T01:48:02.826+0000] {dag.py:2907} INFO - Sync 2 DAGs
[2023-09-04T01:48:02.837+0000] {logging_mixin.py:151} INFO - [2023-09-04T01:48:02.836+0000] {dag.py:3677} INFO - Setting next_dagrun for example_xcom_args to None, run_after=None
[2023-09-04T01:48:02.840+0000] {logging_mixin.py:151} INFO - [2023-09-04T01:48:02.840+0000] {dag.py:3677} INFO - Setting next_dagrun for example_xcom_args_with_operators to None, run_after=None
[2023-09-04T01:48:02.853+0000] {processor.py:179} INFO - Processing /home/airflow/.local/lib/python3.8/site-packages/airflow/example_dags/example_xcomargs.py took 0.088 seconds
[2023-09-04T01:48:33.463+0000] {processor.py:157} INFO - Started process (PID=330) to work on /home/airflow/.local/lib/python3.8/site-packages/airflow/example_dags/example_xcomargs.py
[2023-09-04T01:48:33.466+0000] {processor.py:829} INFO - Processing file /home/airflow/.local/lib/python3.8/site-packages/airflow/example_dags/example_xcomargs.py for tasks to queue
[2023-09-04T01:48:33.468+0000] {logging_mixin.py:151} INFO - [2023-09-04T01:48:33.468+0000] {dagbag.py:539} INFO - Filling up the DagBag from /home/airflow/.local/lib/python3.8/site-packages/airflow/example_dags/example_xcomargs.py
[2023-09-04T01:48:33.474+0000] {processor.py:839} INFO - DAG(s) dict_keys(['example_xcom_args_with_operators', 'example_xcom_args']) retrieved from /home/airflow/.local/lib/python3.8/site-packages/airflow/example_dags/example_xcomargs.py
[2023-09-04T01:48:33.499+0000] {logging_mixin.py:151} INFO - [2023-09-04T01:48:33.499+0000] {dag.py:2907} INFO - Sync 2 DAGs
[2023-09-04T01:48:33.525+0000] {logging_mixin.py:151} INFO - [2023-09-04T01:48:33.525+0000] {dag.py:3677} INFO - Setting next_dagrun for example_xcom_args to None, run_after=None
[2023-09-04T01:48:33.531+0000] {logging_mixin.py:151} INFO - [2023-09-04T01:48:33.530+0000] {dag.py:3677} INFO - Setting next_dagrun for example_xcom_args_with_operators to None, run_after=None
[2023-09-04T01:48:33.547+0000] {processor.py:179} INFO - Processing /home/airflow/.local/lib/python3.8/site-packages/airflow/example_dags/example_xcomargs.py took 0.088 seconds
[2023-09-04T01:49:04.520+0000] {processor.py:157} INFO - Started process (PID=386) to work on /home/airflow/.local/lib/python3.8/site-packages/airflow/example_dags/example_xcomargs.py
[2023-09-04T01:49:04.523+0000] {processor.py:829} INFO - Processing file /home/airflow/.local/lib/python3.8/site-packages/airflow/example_dags/example_xcomargs.py for tasks to queue
[2023-09-04T01:49:04.526+0000] {logging_mixin.py:151} INFO - [2023-09-04T01:49:04.525+0000] {dagbag.py:539} INFO - Filling up the DagBag from /home/airflow/.local/lib/python3.8/site-packages/airflow/example_dags/example_xcomargs.py
[2023-09-04T01:49:04.533+0000] {processor.py:839} INFO - DAG(s) dict_keys(['example_xcom_args', 'example_xcom_args_with_operators']) retrieved from /home/airflow/.local/lib/python3.8/site-packages/airflow/example_dags/example_xcomargs.py
[2023-09-04T01:49:04.556+0000] {logging_mixin.py:151} INFO - [2023-09-04T01:49:04.556+0000] {dag.py:2907} INFO - Sync 2 DAGs
[2023-09-04T01:49:04.568+0000] {logging_mixin.py:151} INFO - [2023-09-04T01:49:04.568+0000] {dag.py:3677} INFO - Setting next_dagrun for example_xcom_args to None, run_after=None
[2023-09-04T01:49:04.572+0000] {logging_mixin.py:151} INFO - [2023-09-04T01:49:04.572+0000] {dag.py:3677} INFO - Setting next_dagrun for example_xcom_args_with_operators to None, run_after=None
[2023-09-04T01:49:04.585+0000] {processor.py:179} INFO - Processing /home/airflow/.local/lib/python3.8/site-packages/airflow/example_dags/example_xcomargs.py took 0.069 seconds
[2023-09-04T01:49:34.810+0000] {processor.py:157} INFO - Started process (PID=440) to work on /home/airflow/.local/lib/python3.8/site-packages/airflow/example_dags/example_xcomargs.py
[2023-09-04T01:49:34.812+0000] {processor.py:829} INFO - Processing file /home/airflow/.local/lib/python3.8/site-packages/airflow/example_dags/example_xcomargs.py for tasks to queue
[2023-09-04T01:49:34.815+0000] {logging_mixin.py:151} INFO - [2023-09-04T01:49:34.814+0000] {dagbag.py:539} INFO - Filling up the DagBag from /home/airflow/.local/lib/python3.8/site-packages/airflow/example_dags/example_xcomargs.py
[2023-09-04T01:49:34.822+0000] {processor.py:839} INFO - DAG(s) dict_keys(['example_xcom_args', 'example_xcom_args_with_operators']) retrieved from /home/airflow/.local/lib/python3.8/site-packages/airflow/example_dags/example_xcomargs.py
[2023-09-04T01:49:34.844+0000] {logging_mixin.py:151} INFO - [2023-09-04T01:49:34.844+0000] {dag.py:2907} INFO - Sync 2 DAGs
[2023-09-04T01:49:34.852+0000] {logging_mixin.py:151} INFO - [2023-09-04T01:49:34.852+0000] {dag.py:3677} INFO - Setting next_dagrun for example_xcom_args to None, run_after=None
[2023-09-04T01:49:34.855+0000] {logging_mixin.py:151} INFO - [2023-09-04T01:49:34.855+0000] {dag.py:3677} INFO - Setting next_dagrun for example_xcom_args_with_operators to None, run_after=None
[2023-09-04T01:49:34.865+0000] {processor.py:179} INFO - Processing /home/airflow/.local/lib/python3.8/site-packages/airflow/example_dags/example_xcomargs.py took 0.059 seconds
[2023-09-04T01:50:05.149+0000] {processor.py:157} INFO - Started process (PID=497) to work on /home/airflow/.local/lib/python3.8/site-packages/airflow/example_dags/example_xcomargs.py
[2023-09-04T01:50:05.151+0000] {processor.py:829} INFO - Processing file /home/airflow/.local/lib/python3.8/site-packages/airflow/example_dags/example_xcomargs.py for tasks to queue
[2023-09-04T01:50:05.155+0000] {logging_mixin.py:151} INFO - [2023-09-04T01:50:05.155+0000] {dagbag.py:539} INFO - Filling up the DagBag from /home/airflow/.local/lib/python3.8/site-packages/airflow/example_dags/example_xcomargs.py
[2023-09-04T01:50:05.163+0000] {processor.py:839} INFO - DAG(s) dict_keys(['example_xcom_args', 'example_xcom_args_with_operators']) retrieved from /home/airflow/.local/lib/python3.8/site-packages/airflow/example_dags/example_xcomargs.py
[2023-09-04T01:50:05.184+0000] {logging_mixin.py:151} INFO - [2023-09-04T01:50:05.184+0000] {dag.py:2907} INFO - Sync 2 DAGs
[2023-09-04T01:50:05.193+0000] {logging_mixin.py:151} INFO - [2023-09-04T01:50:05.193+0000] {dag.py:3677} INFO - Setting next_dagrun for example_xcom_args to None, run_after=None
[2023-09-04T01:50:05.196+0000] {logging_mixin.py:151} INFO - [2023-09-04T01:50:05.196+0000] {dag.py:3677} INFO - Setting next_dagrun for example_xcom_args_with_operators to None, run_after=None
[2023-09-04T01:50:05.208+0000] {processor.py:179} INFO - Processing /home/airflow/.local/lib/python3.8/site-packages/airflow/example_dags/example_xcomargs.py took 0.063 seconds
[2023-09-04T01:50:35.657+0000] {processor.py:157} INFO - Started process (PID=553) to work on /home/airflow/.local/lib/python3.8/site-packages/airflow/example_dags/example_xcomargs.py
[2023-09-04T01:50:35.659+0000] {processor.py:829} INFO - Processing file /home/airflow/.local/lib/python3.8/site-packages/airflow/example_dags/example_xcomargs.py for tasks to queue
[2023-09-04T01:50:35.663+0000] {logging_mixin.py:151} INFO - [2023-09-04T01:50:35.662+0000] {dagbag.py:539} INFO - Filling up the DagBag from /home/airflow/.local/lib/python3.8/site-packages/airflow/example_dags/example_xcomargs.py
[2023-09-04T01:50:35.672+0000] {processor.py:839} INFO - DAG(s) dict_keys(['example_xcom_args_with_operators', 'example_xcom_args']) retrieved from /home/airflow/.local/lib/python3.8/site-packages/airflow/example_dags/example_xcomargs.py
[2023-09-04T01:50:35.695+0000] {logging_mixin.py:151} INFO - [2023-09-04T01:50:35.695+0000] {dag.py:2907} INFO - Sync 2 DAGs
[2023-09-04T01:50:35.703+0000] {logging_mixin.py:151} INFO - [2023-09-04T01:50:35.703+0000] {dag.py:3677} INFO - Setting next_dagrun for example_xcom_args to None, run_after=None
[2023-09-04T01:50:35.707+0000] {logging_mixin.py:151} INFO - [2023-09-04T01:50:35.707+0000] {dag.py:3677} INFO - Setting next_dagrun for example_xcom_args_with_operators to None, run_after=None
[2023-09-04T01:50:35.718+0000] {processor.py:179} INFO - Processing /home/airflow/.local/lib/python3.8/site-packages/airflow/example_dags/example_xcomargs.py took 0.066 seconds
[2023-09-04T01:51:06.221+0000] {processor.py:157} INFO - Started process (PID=609) to work on /home/airflow/.local/lib/python3.8/site-packages/airflow/example_dags/example_xcomargs.py
[2023-09-04T01:51:06.222+0000] {processor.py:829} INFO - Processing file /home/airflow/.local/lib/python3.8/site-packages/airflow/example_dags/example_xcomargs.py for tasks to queue
[2023-09-04T01:51:06.226+0000] {logging_mixin.py:151} INFO - [2023-09-04T01:51:06.225+0000] {dagbag.py:539} INFO - Filling up the DagBag from /home/airflow/.local/lib/python3.8/site-packages/airflow/example_dags/example_xcomargs.py
[2023-09-04T01:51:06.234+0000] {processor.py:839} INFO - DAG(s) dict_keys(['example_xcom_args_with_operators', 'example_xcom_args']) retrieved from /home/airflow/.local/lib/python3.8/site-packages/airflow/example_dags/example_xcomargs.py
[2023-09-04T01:51:06.255+0000] {logging_mixin.py:151} INFO - [2023-09-04T01:51:06.255+0000] {dag.py:2907} INFO - Sync 2 DAGs
[2023-09-04T01:51:06.263+0000] {logging_mixin.py:151} INFO - [2023-09-04T01:51:06.263+0000] {dag.py:3677} INFO - Setting next_dagrun for example_xcom_args to None, run_after=None
[2023-09-04T01:51:06.267+0000] {logging_mixin.py:151} INFO - [2023-09-04T01:51:06.267+0000] {dag.py:3677} INFO - Setting next_dagrun for example_xcom_args_with_operators to None, run_after=None
[2023-09-04T01:51:06.278+0000] {processor.py:179} INFO - Processing /home/airflow/.local/lib/python3.8/site-packages/airflow/example_dags/example_xcomargs.py took 0.062 seconds
