[2023-09-04T01:46:03.973+0000] {processor.py:157} INFO - Started process (PID=70) to work on /home/airflow/.local/lib/python3.8/site-packages/airflow/example_dags/example_sla_dag.py
[2023-09-04T01:46:03.990+0000] {processor.py:829} INFO - Processing file /home/airflow/.local/lib/python3.8/site-packages/airflow/example_dags/example_sla_dag.py for tasks to queue
[2023-09-04T01:46:04.034+0000] {logging_mixin.py:151} INFO - [2023-09-04T01:46:04.032+0000] {dagbag.py:539} INFO - Filling up the DagBag from /home/airflow/.local/lib/python3.8/site-packages/airflow/example_dags/example_sla_dag.py
[2023-09-04T01:46:04.140+0000] {processor.py:839} INFO - DAG(s) dict_keys(['example_sla_dag']) retrieved from /home/airflow/.local/lib/python3.8/site-packages/airflow/example_dags/example_sla_dag.py
[2023-09-04T01:46:04.247+0000] {logging_mixin.py:151} INFO - [2023-09-04T01:46:04.247+0000] {dag.py:2907} INFO - Sync 1 DAGs
[2023-09-04T01:46:04.416+0000] {logging_mixin.py:151} INFO - [2023-09-04T01:46:04.416+0000] {dag.py:3677} INFO - Setting next_dagrun for example_sla_dag to 2023-09-04T01:44:00+00:00, run_after=2023-09-04T01:46:00+00:00
[2023-09-04T01:46:04.488+0000] {processor.py:179} INFO - Processing /home/airflow/.local/lib/python3.8/site-packages/airflow/example_dags/example_sla_dag.py took 0.520 seconds
[2023-09-04T01:46:34.551+0000] {processor.py:157} INFO - Started process (PID=126) to work on /home/airflow/.local/lib/python3.8/site-packages/airflow/example_dags/example_sla_dag.py
[2023-09-04T01:46:34.554+0000] {processor.py:829} INFO - Processing file /home/airflow/.local/lib/python3.8/site-packages/airflow/example_dags/example_sla_dag.py for tasks to queue
[2023-09-04T01:46:34.556+0000] {logging_mixin.py:151} INFO - [2023-09-04T01:46:34.556+0000] {dagbag.py:539} INFO - Filling up the DagBag from /home/airflow/.local/lib/python3.8/site-packages/airflow/example_dags/example_sla_dag.py
[2023-09-04T01:46:34.563+0000] {processor.py:839} INFO - DAG(s) dict_keys(['example_sla_dag']) retrieved from /home/airflow/.local/lib/python3.8/site-packages/airflow/example_dags/example_sla_dag.py
[2023-09-04T01:46:34.582+0000] {logging_mixin.py:151} INFO - [2023-09-04T01:46:34.582+0000] {dag.py:2907} INFO - Sync 1 DAGs
[2023-09-04T01:46:34.598+0000] {logging_mixin.py:151} INFO - [2023-09-04T01:46:34.598+0000] {dag.py:3677} INFO - Setting next_dagrun for example_sla_dag to 2023-09-04T01:44:00+00:00, run_after=2023-09-04T01:46:00+00:00
[2023-09-04T01:46:34.615+0000] {processor.py:179} INFO - Processing /home/airflow/.local/lib/python3.8/site-packages/airflow/example_dags/example_sla_dag.py took 0.066 seconds
[2023-09-04T01:47:05.626+0000] {processor.py:157} INFO - Started process (PID=182) to work on /home/airflow/.local/lib/python3.8/site-packages/airflow/example_dags/example_sla_dag.py
[2023-09-04T01:47:05.628+0000] {processor.py:829} INFO - Processing file /home/airflow/.local/lib/python3.8/site-packages/airflow/example_dags/example_sla_dag.py for tasks to queue
[2023-09-04T01:47:05.630+0000] {logging_mixin.py:151} INFO - [2023-09-04T01:47:05.630+0000] {dagbag.py:539} INFO - Filling up the DagBag from /home/airflow/.local/lib/python3.8/site-packages/airflow/example_dags/example_sla_dag.py
[2023-09-04T01:47:05.636+0000] {processor.py:839} INFO - DAG(s) dict_keys(['example_sla_dag']) retrieved from /home/airflow/.local/lib/python3.8/site-packages/airflow/example_dags/example_sla_dag.py
[2023-09-04T01:47:05.655+0000] {logging_mixin.py:151} INFO - [2023-09-04T01:47:05.655+0000] {dag.py:2907} INFO - Sync 1 DAGs
[2023-09-04T01:47:05.673+0000] {logging_mixin.py:151} INFO - [2023-09-04T01:47:05.673+0000] {dag.py:3677} INFO - Setting next_dagrun for example_sla_dag to 2023-09-04T01:44:00+00:00, run_after=2023-09-04T01:46:00+00:00
[2023-09-04T01:47:05.688+0000] {processor.py:179} INFO - Processing /home/airflow/.local/lib/python3.8/site-packages/airflow/example_dags/example_sla_dag.py took 0.065 seconds
[2023-09-04T01:47:36.318+0000] {processor.py:157} INFO - Started process (PID=238) to work on /home/airflow/.local/lib/python3.8/site-packages/airflow/example_dags/example_sla_dag.py
[2023-09-04T01:47:36.322+0000] {processor.py:829} INFO - Processing file /home/airflow/.local/lib/python3.8/site-packages/airflow/example_dags/example_sla_dag.py for tasks to queue
[2023-09-04T01:47:36.326+0000] {logging_mixin.py:151} INFO - [2023-09-04T01:47:36.326+0000] {dagbag.py:539} INFO - Filling up the DagBag from /home/airflow/.local/lib/python3.8/site-packages/airflow/example_dags/example_sla_dag.py
[2023-09-04T01:47:36.334+0000] {processor.py:839} INFO - DAG(s) dict_keys(['example_sla_dag']) retrieved from /home/airflow/.local/lib/python3.8/site-packages/airflow/example_dags/example_sla_dag.py
[2023-09-04T01:47:36.357+0000] {logging_mixin.py:151} INFO - [2023-09-04T01:47:36.357+0000] {dag.py:2907} INFO - Sync 1 DAGs
[2023-09-04T01:47:36.376+0000] {logging_mixin.py:151} INFO - [2023-09-04T01:47:36.376+0000] {dag.py:3677} INFO - Setting next_dagrun for example_sla_dag to 2023-09-04T01:44:00+00:00, run_after=2023-09-04T01:46:00+00:00
[2023-09-04T01:47:36.389+0000] {processor.py:179} INFO - Processing /home/airflow/.local/lib/python3.8/site-packages/airflow/example_dags/example_sla_dag.py took 0.074 seconds
[2023-09-04T01:48:07.047+0000] {processor.py:157} INFO - Started process (PID=294) to work on /home/airflow/.local/lib/python3.8/site-packages/airflow/example_dags/example_sla_dag.py
[2023-09-04T01:48:07.049+0000] {processor.py:829} INFO - Processing file /home/airflow/.local/lib/python3.8/site-packages/airflow/example_dags/example_sla_dag.py for tasks to queue
[2023-09-04T01:48:07.052+0000] {logging_mixin.py:151} INFO - [2023-09-04T01:48:07.052+0000] {dagbag.py:539} INFO - Filling up the DagBag from /home/airflow/.local/lib/python3.8/site-packages/airflow/example_dags/example_sla_dag.py
[2023-09-04T01:48:07.059+0000] {processor.py:839} INFO - DAG(s) dict_keys(['example_sla_dag']) retrieved from /home/airflow/.local/lib/python3.8/site-packages/airflow/example_dags/example_sla_dag.py
[2023-09-04T01:48:07.082+0000] {logging_mixin.py:151} INFO - [2023-09-04T01:48:07.081+0000] {dag.py:2907} INFO - Sync 1 DAGs
[2023-09-04T01:48:07.099+0000] {logging_mixin.py:151} INFO - [2023-09-04T01:48:07.098+0000] {dag.py:3677} INFO - Setting next_dagrun for example_sla_dag to 2023-09-04T01:46:00+00:00, run_after=2023-09-04T01:48:00+00:00
[2023-09-04T01:48:07.112+0000] {processor.py:179} INFO - Processing /home/airflow/.local/lib/python3.8/site-packages/airflow/example_dags/example_sla_dag.py took 0.067 seconds
[2023-09-04T01:48:37.432+0000] {processor.py:157} INFO - Started process (PID=350) to work on /home/airflow/.local/lib/python3.8/site-packages/airflow/example_dags/example_sla_dag.py
[2023-09-04T01:48:37.435+0000] {processor.py:829} INFO - Processing file /home/airflow/.local/lib/python3.8/site-packages/airflow/example_dags/example_sla_dag.py for tasks to queue
[2023-09-04T01:48:37.440+0000] {logging_mixin.py:151} INFO - [2023-09-04T01:48:37.439+0000] {dagbag.py:539} INFO - Filling up the DagBag from /home/airflow/.local/lib/python3.8/site-packages/airflow/example_dags/example_sla_dag.py
[2023-09-04T01:48:37.457+0000] {processor.py:839} INFO - DAG(s) dict_keys(['example_sla_dag']) retrieved from /home/airflow/.local/lib/python3.8/site-packages/airflow/example_dags/example_sla_dag.py
[2023-09-04T01:48:37.496+0000] {logging_mixin.py:151} INFO - [2023-09-04T01:48:37.496+0000] {dag.py:2907} INFO - Sync 1 DAGs
[2023-09-04T01:48:37.519+0000] {logging_mixin.py:151} INFO - [2023-09-04T01:48:37.519+0000] {dag.py:3677} INFO - Setting next_dagrun for example_sla_dag to 2023-09-04T01:46:00+00:00, run_after=2023-09-04T01:48:00+00:00
[2023-09-04T01:48:37.536+0000] {processor.py:179} INFO - Processing /home/airflow/.local/lib/python3.8/site-packages/airflow/example_dags/example_sla_dag.py took 0.109 seconds
[2023-09-04T01:49:07.926+0000] {processor.py:157} INFO - Started process (PID=406) to work on /home/airflow/.local/lib/python3.8/site-packages/airflow/example_dags/example_sla_dag.py
[2023-09-04T01:49:07.928+0000] {processor.py:829} INFO - Processing file /home/airflow/.local/lib/python3.8/site-packages/airflow/example_dags/example_sla_dag.py for tasks to queue
[2023-09-04T01:49:07.931+0000] {logging_mixin.py:151} INFO - [2023-09-04T01:49:07.931+0000] {dagbag.py:539} INFO - Filling up the DagBag from /home/airflow/.local/lib/python3.8/site-packages/airflow/example_dags/example_sla_dag.py
[2023-09-04T01:49:07.938+0000] {processor.py:839} INFO - DAG(s) dict_keys(['example_sla_dag']) retrieved from /home/airflow/.local/lib/python3.8/site-packages/airflow/example_dags/example_sla_dag.py
[2023-09-04T01:49:07.957+0000] {logging_mixin.py:151} INFO - [2023-09-04T01:49:07.957+0000] {dag.py:2907} INFO - Sync 1 DAGs
[2023-09-04T01:49:07.977+0000] {logging_mixin.py:151} INFO - [2023-09-04T01:49:07.977+0000] {dag.py:3677} INFO - Setting next_dagrun for example_sla_dag to 2023-09-04T01:46:00+00:00, run_after=2023-09-04T01:48:00+00:00
[2023-09-04T01:49:07.988+0000] {processor.py:179} INFO - Processing /home/airflow/.local/lib/python3.8/site-packages/airflow/example_dags/example_sla_dag.py took 0.065 seconds
[2023-09-04T01:49:38.163+0000] {processor.py:157} INFO - Started process (PID=462) to work on /home/airflow/.local/lib/python3.8/site-packages/airflow/example_dags/example_sla_dag.py
[2023-09-04T01:49:38.166+0000] {processor.py:829} INFO - Processing file /home/airflow/.local/lib/python3.8/site-packages/airflow/example_dags/example_sla_dag.py for tasks to queue
[2023-09-04T01:49:38.169+0000] {logging_mixin.py:151} INFO - [2023-09-04T01:49:38.168+0000] {dagbag.py:539} INFO - Filling up the DagBag from /home/airflow/.local/lib/python3.8/site-packages/airflow/example_dags/example_sla_dag.py
[2023-09-04T01:49:38.175+0000] {processor.py:839} INFO - DAG(s) dict_keys(['example_sla_dag']) retrieved from /home/airflow/.local/lib/python3.8/site-packages/airflow/example_dags/example_sla_dag.py
[2023-09-04T01:49:38.197+0000] {logging_mixin.py:151} INFO - [2023-09-04T01:49:38.197+0000] {dag.py:2907} INFO - Sync 1 DAGs
[2023-09-04T01:49:38.215+0000] {logging_mixin.py:151} INFO - [2023-09-04T01:49:38.215+0000] {dag.py:3677} INFO - Setting next_dagrun for example_sla_dag to 2023-09-04T01:46:00+00:00, run_after=2023-09-04T01:48:00+00:00
[2023-09-04T01:49:38.227+0000] {processor.py:179} INFO - Processing /home/airflow/.local/lib/python3.8/site-packages/airflow/example_dags/example_sla_dag.py took 0.066 seconds
[2023-09-04T01:50:08.924+0000] {processor.py:157} INFO - Started process (PID=519) to work on /home/airflow/.local/lib/python3.8/site-packages/airflow/example_dags/example_sla_dag.py
[2023-09-04T01:50:08.926+0000] {processor.py:829} INFO - Processing file /home/airflow/.local/lib/python3.8/site-packages/airflow/example_dags/example_sla_dag.py for tasks to queue
[2023-09-04T01:50:08.929+0000] {logging_mixin.py:151} INFO - [2023-09-04T01:50:08.929+0000] {dagbag.py:539} INFO - Filling up the DagBag from /home/airflow/.local/lib/python3.8/site-packages/airflow/example_dags/example_sla_dag.py
[2023-09-04T01:50:08.937+0000] {processor.py:839} INFO - DAG(s) dict_keys(['example_sla_dag']) retrieved from /home/airflow/.local/lib/python3.8/site-packages/airflow/example_dags/example_sla_dag.py
[2023-09-04T01:50:08.959+0000] {logging_mixin.py:151} INFO - [2023-09-04T01:50:08.959+0000] {dag.py:2907} INFO - Sync 1 DAGs
[2023-09-04T01:50:08.978+0000] {logging_mixin.py:151} INFO - [2023-09-04T01:50:08.977+0000] {dag.py:3677} INFO - Setting next_dagrun for example_sla_dag to 2023-09-04T01:48:00+00:00, run_after=2023-09-04T01:50:00+00:00
[2023-09-04T01:50:08.991+0000] {processor.py:179} INFO - Processing /home/airflow/.local/lib/python3.8/site-packages/airflow/example_dags/example_sla_dag.py took 0.072 seconds
[2023-09-04T01:50:40.191+0000] {processor.py:157} INFO - Started process (PID=575) to work on /home/airflow/.local/lib/python3.8/site-packages/airflow/example_dags/example_sla_dag.py
[2023-09-04T01:50:40.194+0000] {processor.py:829} INFO - Processing file /home/airflow/.local/lib/python3.8/site-packages/airflow/example_dags/example_sla_dag.py for tasks to queue
[2023-09-04T01:50:40.197+0000] {logging_mixin.py:151} INFO - [2023-09-04T01:50:40.197+0000] {dagbag.py:539} INFO - Filling up the DagBag from /home/airflow/.local/lib/python3.8/site-packages/airflow/example_dags/example_sla_dag.py
[2023-09-04T01:50:40.212+0000] {processor.py:839} INFO - DAG(s) dict_keys(['example_sla_dag']) retrieved from /home/airflow/.local/lib/python3.8/site-packages/airflow/example_dags/example_sla_dag.py
[2023-09-04T01:50:40.236+0000] {logging_mixin.py:151} INFO - [2023-09-04T01:50:40.236+0000] {dag.py:2907} INFO - Sync 1 DAGs
[2023-09-04T01:50:40.256+0000] {logging_mixin.py:151} INFO - [2023-09-04T01:50:40.256+0000] {dag.py:3677} INFO - Setting next_dagrun for example_sla_dag to 2023-09-04T01:48:00+00:00, run_after=2023-09-04T01:50:00+00:00
[2023-09-04T01:50:40.269+0000] {processor.py:179} INFO - Processing /home/airflow/.local/lib/python3.8/site-packages/airflow/example_dags/example_sla_dag.py took 0.081 seconds
[2023-09-04T01:51:10.606+0000] {processor.py:157} INFO - Started process (PID=631) to work on /home/airflow/.local/lib/python3.8/site-packages/airflow/example_dags/example_sla_dag.py
[2023-09-04T01:51:10.608+0000] {processor.py:829} INFO - Processing file /home/airflow/.local/lib/python3.8/site-packages/airflow/example_dags/example_sla_dag.py for tasks to queue
[2023-09-04T01:51:10.610+0000] {logging_mixin.py:151} INFO - [2023-09-04T01:51:10.610+0000] {dagbag.py:539} INFO - Filling up the DagBag from /home/airflow/.local/lib/python3.8/site-packages/airflow/example_dags/example_sla_dag.py
[2023-09-04T01:51:10.616+0000] {processor.py:839} INFO - DAG(s) dict_keys(['example_sla_dag']) retrieved from /home/airflow/.local/lib/python3.8/site-packages/airflow/example_dags/example_sla_dag.py
[2023-09-04T01:51:10.634+0000] {logging_mixin.py:151} INFO - [2023-09-04T01:51:10.634+0000] {dag.py:2907} INFO - Sync 1 DAGs
[2023-09-04T01:51:10.656+0000] {logging_mixin.py:151} INFO - [2023-09-04T01:51:10.656+0000] {dag.py:3677} INFO - Setting next_dagrun for example_sla_dag to 2023-09-04T01:48:00+00:00, run_after=2023-09-04T01:50:00+00:00
[2023-09-04T01:51:10.668+0000] {processor.py:179} INFO - Processing /home/airflow/.local/lib/python3.8/site-packages/airflow/example_dags/example_sla_dag.py took 0.066 seconds
