[2023-09-04T01:45:56.119+0000] {processor.py:157} INFO - Started process (PID=33) to work on /home/airflow/.local/lib/python3.8/site-packages/airflow/example_dags/example_sensor_decorator.py
[2023-09-04T01:45:56.125+0000] {processor.py:829} INFO - Processing file /home/airflow/.local/lib/python3.8/site-packages/airflow/example_dags/example_sensor_decorator.py for tasks to queue
[2023-09-04T01:45:56.130+0000] {logging_mixin.py:151} INFO - [2023-09-04T01:45:56.129+0000] {dagbag.py:539} INFO - Filling up the DagBag from /home/airflow/.local/lib/python3.8/site-packages/airflow/example_dags/example_sensor_decorator.py
[2023-09-04T01:45:56.227+0000] {processor.py:839} INFO - DAG(s) dict_keys(['example_sensor_decorator']) retrieved from /home/airflow/.local/lib/python3.8/site-packages/airflow/example_dags/example_sensor_decorator.py
[2023-09-04T01:45:56.342+0000] {logging_mixin.py:151} INFO - [2023-09-04T01:45:56.341+0000] {dag.py:2907} INFO - Sync 1 DAGs
[2023-09-04T01:45:56.389+0000] {logging_mixin.py:151} INFO - [2023-09-04T01:45:56.388+0000] {dag.py:3677} INFO - Setting next_dagrun for example_sensor_decorator to None, run_after=None
[2023-09-04T01:45:56.426+0000] {processor.py:179} INFO - Processing /home/airflow/.local/lib/python3.8/site-packages/airflow/example_dags/example_sensor_decorator.py took 0.321 seconds
[2023-09-04T01:46:26.791+0000] {processor.py:157} INFO - Started process (PID=88) to work on /home/airflow/.local/lib/python3.8/site-packages/airflow/example_dags/example_sensor_decorator.py
[2023-09-04T01:46:26.797+0000] {processor.py:829} INFO - Processing file /home/airflow/.local/lib/python3.8/site-packages/airflow/example_dags/example_sensor_decorator.py for tasks to queue
[2023-09-04T01:46:26.813+0000] {logging_mixin.py:151} INFO - [2023-09-04T01:46:26.812+0000] {dagbag.py:539} INFO - Filling up the DagBag from /home/airflow/.local/lib/python3.8/site-packages/airflow/example_dags/example_sensor_decorator.py
[2023-09-04T01:46:26.846+0000] {processor.py:839} INFO - DAG(s) dict_keys(['example_sensor_decorator']) retrieved from /home/airflow/.local/lib/python3.8/site-packages/airflow/example_dags/example_sensor_decorator.py
[2023-09-04T01:46:26.915+0000] {logging_mixin.py:151} INFO - [2023-09-04T01:46:26.915+0000] {dag.py:2907} INFO - Sync 1 DAGs
[2023-09-04T01:46:26.951+0000] {logging_mixin.py:151} INFO - [2023-09-04T01:46:26.951+0000] {dag.py:3677} INFO - Setting next_dagrun for example_sensor_decorator to None, run_after=None
[2023-09-04T01:46:26.979+0000] {processor.py:179} INFO - Processing /home/airflow/.local/lib/python3.8/site-packages/airflow/example_dags/example_sensor_decorator.py took 0.209 seconds
[2023-09-04T01:46:57.262+0000] {processor.py:157} INFO - Started process (PID=144) to work on /home/airflow/.local/lib/python3.8/site-packages/airflow/example_dags/example_sensor_decorator.py
[2023-09-04T01:46:57.265+0000] {processor.py:829} INFO - Processing file /home/airflow/.local/lib/python3.8/site-packages/airflow/example_dags/example_sensor_decorator.py for tasks to queue
[2023-09-04T01:46:57.269+0000] {logging_mixin.py:151} INFO - [2023-09-04T01:46:57.269+0000] {dagbag.py:539} INFO - Filling up the DagBag from /home/airflow/.local/lib/python3.8/site-packages/airflow/example_dags/example_sensor_decorator.py
[2023-09-04T01:46:57.283+0000] {processor.py:839} INFO - DAG(s) dict_keys(['example_sensor_decorator']) retrieved from /home/airflow/.local/lib/python3.8/site-packages/airflow/example_dags/example_sensor_decorator.py
[2023-09-04T01:46:57.328+0000] {logging_mixin.py:151} INFO - [2023-09-04T01:46:57.327+0000] {dag.py:2907} INFO - Sync 1 DAGs
[2023-09-04T01:46:57.347+0000] {logging_mixin.py:151} INFO - [2023-09-04T01:46:57.346+0000] {dag.py:3677} INFO - Setting next_dagrun for example_sensor_decorator to None, run_after=None
[2023-09-04T01:46:57.371+0000] {processor.py:179} INFO - Processing /home/airflow/.local/lib/python3.8/site-packages/airflow/example_dags/example_sensor_decorator.py took 0.114 seconds
[2023-09-04T01:47:27.666+0000] {processor.py:157} INFO - Started process (PID=200) to work on /home/airflow/.local/lib/python3.8/site-packages/airflow/example_dags/example_sensor_decorator.py
[2023-09-04T01:47:27.670+0000] {processor.py:829} INFO - Processing file /home/airflow/.local/lib/python3.8/site-packages/airflow/example_dags/example_sensor_decorator.py for tasks to queue
[2023-09-04T01:47:27.674+0000] {logging_mixin.py:151} INFO - [2023-09-04T01:47:27.674+0000] {dagbag.py:539} INFO - Filling up the DagBag from /home/airflow/.local/lib/python3.8/site-packages/airflow/example_dags/example_sensor_decorator.py
[2023-09-04T01:47:27.684+0000] {processor.py:839} INFO - DAG(s) dict_keys(['example_sensor_decorator']) retrieved from /home/airflow/.local/lib/python3.8/site-packages/airflow/example_dags/example_sensor_decorator.py
[2023-09-04T01:47:27.734+0000] {logging_mixin.py:151} INFO - [2023-09-04T01:47:27.734+0000] {dag.py:2907} INFO - Sync 1 DAGs
[2023-09-04T01:47:27.759+0000] {logging_mixin.py:151} INFO - [2023-09-04T01:47:27.759+0000] {dag.py:3677} INFO - Setting next_dagrun for example_sensor_decorator to None, run_after=None
[2023-09-04T01:47:27.781+0000] {processor.py:179} INFO - Processing /home/airflow/.local/lib/python3.8/site-packages/airflow/example_dags/example_sensor_decorator.py took 0.124 seconds
[2023-09-04T01:47:58.130+0000] {processor.py:157} INFO - Started process (PID=256) to work on /home/airflow/.local/lib/python3.8/site-packages/airflow/example_dags/example_sensor_decorator.py
[2023-09-04T01:47:58.133+0000] {processor.py:829} INFO - Processing file /home/airflow/.local/lib/python3.8/site-packages/airflow/example_dags/example_sensor_decorator.py for tasks to queue
[2023-09-04T01:47:58.140+0000] {logging_mixin.py:151} INFO - [2023-09-04T01:47:58.139+0000] {dagbag.py:539} INFO - Filling up the DagBag from /home/airflow/.local/lib/python3.8/site-packages/airflow/example_dags/example_sensor_decorator.py
[2023-09-04T01:47:58.153+0000] {processor.py:839} INFO - DAG(s) dict_keys(['example_sensor_decorator']) retrieved from /home/airflow/.local/lib/python3.8/site-packages/airflow/example_dags/example_sensor_decorator.py
[2023-09-04T01:47:58.232+0000] {logging_mixin.py:151} INFO - [2023-09-04T01:47:58.232+0000] {dag.py:2907} INFO - Sync 1 DAGs
[2023-09-04T01:47:58.256+0000] {logging_mixin.py:151} INFO - [2023-09-04T01:47:58.255+0000] {dag.py:3677} INFO - Setting next_dagrun for example_sensor_decorator to None, run_after=None
[2023-09-04T01:47:58.295+0000] {processor.py:179} INFO - Processing /home/airflow/.local/lib/python3.8/site-packages/airflow/example_dags/example_sensor_decorator.py took 0.174 seconds
[2023-09-04T01:48:28.900+0000] {processor.py:157} INFO - Started process (PID=312) to work on /home/airflow/.local/lib/python3.8/site-packages/airflow/example_dags/example_sensor_decorator.py
[2023-09-04T01:48:28.906+0000] {processor.py:829} INFO - Processing file /home/airflow/.local/lib/python3.8/site-packages/airflow/example_dags/example_sensor_decorator.py for tasks to queue
[2023-09-04T01:48:28.915+0000] {logging_mixin.py:151} INFO - [2023-09-04T01:48:28.914+0000] {dagbag.py:539} INFO - Filling up the DagBag from /home/airflow/.local/lib/python3.8/site-packages/airflow/example_dags/example_sensor_decorator.py
[2023-09-04T01:48:28.941+0000] {processor.py:839} INFO - DAG(s) dict_keys(['example_sensor_decorator']) retrieved from /home/airflow/.local/lib/python3.8/site-packages/airflow/example_dags/example_sensor_decorator.py
[2023-09-04T01:48:29.004+0000] {logging_mixin.py:151} INFO - [2023-09-04T01:48:29.004+0000] {dag.py:2907} INFO - Sync 1 DAGs
[2023-09-04T01:48:29.027+0000] {logging_mixin.py:151} INFO - [2023-09-04T01:48:29.026+0000] {dag.py:3677} INFO - Setting next_dagrun for example_sensor_decorator to None, run_after=None
[2023-09-04T01:48:29.046+0000] {processor.py:179} INFO - Processing /home/airflow/.local/lib/python3.8/site-packages/airflow/example_dags/example_sensor_decorator.py took 0.167 seconds
[2023-09-04T01:48:59.510+0000] {processor.py:157} INFO - Started process (PID=368) to work on /home/airflow/.local/lib/python3.8/site-packages/airflow/example_dags/example_sensor_decorator.py
[2023-09-04T01:48:59.514+0000] {processor.py:829} INFO - Processing file /home/airflow/.local/lib/python3.8/site-packages/airflow/example_dags/example_sensor_decorator.py for tasks to queue
[2023-09-04T01:48:59.532+0000] {logging_mixin.py:151} INFO - [2023-09-04T01:48:59.531+0000] {dagbag.py:539} INFO - Filling up the DagBag from /home/airflow/.local/lib/python3.8/site-packages/airflow/example_dags/example_sensor_decorator.py
[2023-09-04T01:48:59.541+0000] {processor.py:839} INFO - DAG(s) dict_keys(['example_sensor_decorator']) retrieved from /home/airflow/.local/lib/python3.8/site-packages/airflow/example_dags/example_sensor_decorator.py
[2023-09-04T01:48:59.573+0000] {logging_mixin.py:151} INFO - [2023-09-04T01:48:59.573+0000] {dag.py:2907} INFO - Sync 1 DAGs
[2023-09-04T01:48:59.586+0000] {logging_mixin.py:151} INFO - [2023-09-04T01:48:59.586+0000] {dag.py:3677} INFO - Setting next_dagrun for example_sensor_decorator to None, run_after=None
[2023-09-04T01:48:59.600+0000] {processor.py:179} INFO - Processing /home/airflow/.local/lib/python3.8/site-packages/airflow/example_dags/example_sensor_decorator.py took 0.096 seconds
[2023-09-04T01:49:29.969+0000] {processor.py:157} INFO - Started process (PID=424) to work on /home/airflow/.local/lib/python3.8/site-packages/airflow/example_dags/example_sensor_decorator.py
[2023-09-04T01:49:29.972+0000] {processor.py:829} INFO - Processing file /home/airflow/.local/lib/python3.8/site-packages/airflow/example_dags/example_sensor_decorator.py for tasks to queue
[2023-09-04T01:49:29.978+0000] {logging_mixin.py:151} INFO - [2023-09-04T01:49:29.978+0000] {dagbag.py:539} INFO - Filling up the DagBag from /home/airflow/.local/lib/python3.8/site-packages/airflow/example_dags/example_sensor_decorator.py
[2023-09-04T01:49:29.987+0000] {processor.py:839} INFO - DAG(s) dict_keys(['example_sensor_decorator']) retrieved from /home/airflow/.local/lib/python3.8/site-packages/airflow/example_dags/example_sensor_decorator.py
[2023-09-04T01:49:30.030+0000] {logging_mixin.py:151} INFO - [2023-09-04T01:49:30.030+0000] {dag.py:2907} INFO - Sync 1 DAGs
[2023-09-04T01:49:30.043+0000] {logging_mixin.py:151} INFO - [2023-09-04T01:49:30.043+0000] {dag.py:3677} INFO - Setting next_dagrun for example_sensor_decorator to None, run_after=None
[2023-09-04T01:49:30.058+0000] {processor.py:179} INFO - Processing /home/airflow/.local/lib/python3.8/site-packages/airflow/example_dags/example_sensor_decorator.py took 0.096 seconds
[2023-09-04T01:50:00.277+0000] {processor.py:157} INFO - Started process (PID=481) to work on /home/airflow/.local/lib/python3.8/site-packages/airflow/example_dags/example_sensor_decorator.py
[2023-09-04T01:50:00.279+0000] {processor.py:829} INFO - Processing file /home/airflow/.local/lib/python3.8/site-packages/airflow/example_dags/example_sensor_decorator.py for tasks to queue
[2023-09-04T01:50:00.284+0000] {logging_mixin.py:151} INFO - [2023-09-04T01:50:00.283+0000] {dagbag.py:539} INFO - Filling up the DagBag from /home/airflow/.local/lib/python3.8/site-packages/airflow/example_dags/example_sensor_decorator.py
[2023-09-04T01:50:00.293+0000] {processor.py:839} INFO - DAG(s) dict_keys(['example_sensor_decorator']) retrieved from /home/airflow/.local/lib/python3.8/site-packages/airflow/example_dags/example_sensor_decorator.py
[2023-09-04T01:50:00.319+0000] {logging_mixin.py:151} INFO - [2023-09-04T01:50:00.319+0000] {dag.py:2907} INFO - Sync 1 DAGs
[2023-09-04T01:50:00.331+0000] {logging_mixin.py:151} INFO - [2023-09-04T01:50:00.331+0000] {dag.py:3677} INFO - Setting next_dagrun for example_sensor_decorator to None, run_after=None
[2023-09-04T01:50:00.347+0000] {processor.py:179} INFO - Processing /home/airflow/.local/lib/python3.8/site-packages/airflow/example_dags/example_sensor_decorator.py took 0.077 seconds
[2023-09-04T01:50:30.758+0000] {processor.py:157} INFO - Started process (PID=537) to work on /home/airflow/.local/lib/python3.8/site-packages/airflow/example_dags/example_sensor_decorator.py
[2023-09-04T01:50:30.761+0000] {processor.py:829} INFO - Processing file /home/airflow/.local/lib/python3.8/site-packages/airflow/example_dags/example_sensor_decorator.py for tasks to queue
[2023-09-04T01:50:30.765+0000] {logging_mixin.py:151} INFO - [2023-09-04T01:50:30.765+0000] {dagbag.py:539} INFO - Filling up the DagBag from /home/airflow/.local/lib/python3.8/site-packages/airflow/example_dags/example_sensor_decorator.py
[2023-09-04T01:50:30.774+0000] {processor.py:839} INFO - DAG(s) dict_keys(['example_sensor_decorator']) retrieved from /home/airflow/.local/lib/python3.8/site-packages/airflow/example_dags/example_sensor_decorator.py
[2023-09-04T01:50:30.801+0000] {logging_mixin.py:151} INFO - [2023-09-04T01:50:30.801+0000] {dag.py:2907} INFO - Sync 1 DAGs
[2023-09-04T01:50:30.813+0000] {logging_mixin.py:151} INFO - [2023-09-04T01:50:30.813+0000] {dag.py:3677} INFO - Setting next_dagrun for example_sensor_decorator to None, run_after=None
[2023-09-04T01:50:30.827+0000] {processor.py:179} INFO - Processing /home/airflow/.local/lib/python3.8/site-packages/airflow/example_dags/example_sensor_decorator.py took 0.076 seconds
[2023-09-04T01:51:01.378+0000] {processor.py:157} INFO - Started process (PID=593) to work on /home/airflow/.local/lib/python3.8/site-packages/airflow/example_dags/example_sensor_decorator.py
[2023-09-04T01:51:01.381+0000] {processor.py:829} INFO - Processing file /home/airflow/.local/lib/python3.8/site-packages/airflow/example_dags/example_sensor_decorator.py for tasks to queue
[2023-09-04T01:51:01.389+0000] {logging_mixin.py:151} INFO - [2023-09-04T01:51:01.388+0000] {dagbag.py:539} INFO - Filling up the DagBag from /home/airflow/.local/lib/python3.8/site-packages/airflow/example_dags/example_sensor_decorator.py
[2023-09-04T01:51:01.400+0000] {processor.py:839} INFO - DAG(s) dict_keys(['example_sensor_decorator']) retrieved from /home/airflow/.local/lib/python3.8/site-packages/airflow/example_dags/example_sensor_decorator.py
[2023-09-04T01:51:01.433+0000] {logging_mixin.py:151} INFO - [2023-09-04T01:51:01.433+0000] {dag.py:2907} INFO - Sync 1 DAGs
[2023-09-04T01:51:01.457+0000] {logging_mixin.py:151} INFO - [2023-09-04T01:51:01.457+0000] {dag.py:3677} INFO - Setting next_dagrun for example_sensor_decorator to None, run_after=None
[2023-09-04T01:51:01.476+0000] {processor.py:179} INFO - Processing /home/airflow/.local/lib/python3.8/site-packages/airflow/example_dags/example_sensor_decorator.py took 0.105 seconds
