[2023-09-04T01:46:05.185+0000] {processor.py:157} INFO - Started process (PID=74) to work on /home/airflow/.local/lib/python3.8/site-packages/airflow/example_dags/example_kubernetes_executor.py
[2023-09-04T01:46:05.192+0000] {processor.py:829} INFO - Processing file /home/airflow/.local/lib/python3.8/site-packages/airflow/example_dags/example_kubernetes_executor.py for tasks to queue
[2023-09-04T01:46:05.213+0000] {logging_mixin.py:151} INFO - [2023-09-04T01:46:05.210+0000] {dagbag.py:539} INFO - Filling up the DagBag from /home/airflow/.local/lib/python3.8/site-packages/airflow/example_dags/example_kubernetes_executor.py
[2023-09-04T01:46:06.149+0000] {processor.py:839} INFO - DAG(s) dict_keys(['example_kubernetes_executor']) retrieved from /home/airflow/.local/lib/python3.8/site-packages/airflow/example_dags/example_kubernetes_executor.py
[2023-09-04T01:46:06.313+0000] {logging_mixin.py:151} INFO - [2023-09-04T01:46:06.311+0000] {dag.py:2907} INFO - Sync 1 DAGs
[2023-09-04T01:46:06.336+0000] {logging_mixin.py:151} INFO - [2023-09-04T01:46:06.335+0000] {dag.py:3677} INFO - Setting next_dagrun for example_kubernetes_executor to None, run_after=None
[2023-09-04T01:46:06.399+0000] {processor.py:179} INFO - Processing /home/airflow/.local/lib/python3.8/site-packages/airflow/example_dags/example_kubernetes_executor.py took 1.245 seconds
[2023-09-04T01:46:36.741+0000] {processor.py:157} INFO - Started process (PID=130) to work on /home/airflow/.local/lib/python3.8/site-packages/airflow/example_dags/example_kubernetes_executor.py
[2023-09-04T01:46:36.743+0000] {processor.py:829} INFO - Processing file /home/airflow/.local/lib/python3.8/site-packages/airflow/example_dags/example_kubernetes_executor.py for tasks to queue
[2023-09-04T01:46:36.746+0000] {logging_mixin.py:151} INFO - [2023-09-04T01:46:36.746+0000] {dagbag.py:539} INFO - Filling up the DagBag from /home/airflow/.local/lib/python3.8/site-packages/airflow/example_dags/example_kubernetes_executor.py
[2023-09-04T01:46:36.972+0000] {processor.py:839} INFO - DAG(s) dict_keys(['example_kubernetes_executor']) retrieved from /home/airflow/.local/lib/python3.8/site-packages/airflow/example_dags/example_kubernetes_executor.py
[2023-09-04T01:46:37.005+0000] {logging_mixin.py:151} INFO - [2023-09-04T01:46:37.005+0000] {dag.py:2907} INFO - Sync 1 DAGs
[2023-09-04T01:46:37.015+0000] {logging_mixin.py:151} INFO - [2023-09-04T01:46:37.015+0000] {dag.py:3677} INFO - Setting next_dagrun for example_kubernetes_executor to None, run_after=None
[2023-09-04T01:46:37.028+0000] {processor.py:179} INFO - Processing /home/airflow/.local/lib/python3.8/site-packages/airflow/example_dags/example_kubernetes_executor.py took 0.289 seconds
[2023-09-04T01:47:07.092+0000] {processor.py:157} INFO - Started process (PID=190) to work on /home/airflow/.local/lib/python3.8/site-packages/airflow/example_dags/example_kubernetes_executor.py
[2023-09-04T01:47:07.095+0000] {processor.py:829} INFO - Processing file /home/airflow/.local/lib/python3.8/site-packages/airflow/example_dags/example_kubernetes_executor.py for tasks to queue
[2023-09-04T01:47:07.099+0000] {logging_mixin.py:151} INFO - [2023-09-04T01:47:07.099+0000] {dagbag.py:539} INFO - Filling up the DagBag from /home/airflow/.local/lib/python3.8/site-packages/airflow/example_dags/example_kubernetes_executor.py
[2023-09-04T01:47:07.309+0000] {processor.py:839} INFO - DAG(s) dict_keys(['example_kubernetes_executor']) retrieved from /home/airflow/.local/lib/python3.8/site-packages/airflow/example_dags/example_kubernetes_executor.py
[2023-09-04T01:47:07.380+0000] {logging_mixin.py:151} INFO - [2023-09-04T01:47:07.379+0000] {dag.py:2907} INFO - Sync 1 DAGs
[2023-09-04T01:47:07.402+0000] {logging_mixin.py:151} INFO - [2023-09-04T01:47:07.402+0000] {dag.py:3677} INFO - Setting next_dagrun for example_kubernetes_executor to None, run_after=None
[2023-09-04T01:47:07.418+0000] {processor.py:179} INFO - Processing /home/airflow/.local/lib/python3.8/site-packages/airflow/example_dags/example_kubernetes_executor.py took 0.329 seconds
[2023-09-04T01:47:37.515+0000] {processor.py:157} INFO - Started process (PID=242) to work on /home/airflow/.local/lib/python3.8/site-packages/airflow/example_dags/example_kubernetes_executor.py
[2023-09-04T01:47:37.519+0000] {processor.py:829} INFO - Processing file /home/airflow/.local/lib/python3.8/site-packages/airflow/example_dags/example_kubernetes_executor.py for tasks to queue
[2023-09-04T01:47:37.522+0000] {logging_mixin.py:151} INFO - [2023-09-04T01:47:37.521+0000] {dagbag.py:539} INFO - Filling up the DagBag from /home/airflow/.local/lib/python3.8/site-packages/airflow/example_dags/example_kubernetes_executor.py
[2023-09-04T01:47:37.683+0000] {processor.py:839} INFO - DAG(s) dict_keys(['example_kubernetes_executor']) retrieved from /home/airflow/.local/lib/python3.8/site-packages/airflow/example_dags/example_kubernetes_executor.py
[2023-09-04T01:47:37.718+0000] {logging_mixin.py:151} INFO - [2023-09-04T01:47:37.718+0000] {dag.py:2907} INFO - Sync 1 DAGs
[2023-09-04T01:47:37.730+0000] {logging_mixin.py:151} INFO - [2023-09-04T01:47:37.730+0000] {dag.py:3677} INFO - Setting next_dagrun for example_kubernetes_executor to None, run_after=None
[2023-09-04T01:47:37.749+0000] {processor.py:179} INFO - Processing /home/airflow/.local/lib/python3.8/site-packages/airflow/example_dags/example_kubernetes_executor.py took 0.237 seconds
[2023-09-04T01:48:08.283+0000] {processor.py:157} INFO - Started process (PID=298) to work on /home/airflow/.local/lib/python3.8/site-packages/airflow/example_dags/example_kubernetes_executor.py
[2023-09-04T01:48:08.285+0000] {processor.py:829} INFO - Processing file /home/airflow/.local/lib/python3.8/site-packages/airflow/example_dags/example_kubernetes_executor.py for tasks to queue
[2023-09-04T01:48:08.289+0000] {logging_mixin.py:151} INFO - [2023-09-04T01:48:08.288+0000] {dagbag.py:539} INFO - Filling up the DagBag from /home/airflow/.local/lib/python3.8/site-packages/airflow/example_dags/example_kubernetes_executor.py
[2023-09-04T01:48:08.467+0000] {processor.py:839} INFO - DAG(s) dict_keys(['example_kubernetes_executor']) retrieved from /home/airflow/.local/lib/python3.8/site-packages/airflow/example_dags/example_kubernetes_executor.py
[2023-09-04T01:48:08.502+0000] {logging_mixin.py:151} INFO - [2023-09-04T01:48:08.501+0000] {dag.py:2907} INFO - Sync 1 DAGs
[2023-09-04T01:48:08.512+0000] {logging_mixin.py:151} INFO - [2023-09-04T01:48:08.512+0000] {dag.py:3677} INFO - Setting next_dagrun for example_kubernetes_executor to None, run_after=None
[2023-09-04T01:48:08.524+0000] {processor.py:179} INFO - Processing /home/airflow/.local/lib/python3.8/site-packages/airflow/example_dags/example_kubernetes_executor.py took 0.245 seconds
[2023-09-04T01:48:38.767+0000] {processor.py:157} INFO - Started process (PID=354) to work on /home/airflow/.local/lib/python3.8/site-packages/airflow/example_dags/example_kubernetes_executor.py
[2023-09-04T01:48:38.771+0000] {processor.py:829} INFO - Processing file /home/airflow/.local/lib/python3.8/site-packages/airflow/example_dags/example_kubernetes_executor.py for tasks to queue
[2023-09-04T01:48:38.776+0000] {logging_mixin.py:151} INFO - [2023-09-04T01:48:38.775+0000] {dagbag.py:539} INFO - Filling up the DagBag from /home/airflow/.local/lib/python3.8/site-packages/airflow/example_dags/example_kubernetes_executor.py
[2023-09-04T01:48:39.159+0000] {processor.py:839} INFO - DAG(s) dict_keys(['example_kubernetes_executor']) retrieved from /home/airflow/.local/lib/python3.8/site-packages/airflow/example_dags/example_kubernetes_executor.py
[2023-09-04T01:48:39.206+0000] {logging_mixin.py:151} INFO - [2023-09-04T01:48:39.206+0000] {dag.py:2907} INFO - Sync 1 DAGs
[2023-09-04T01:48:39.216+0000] {logging_mixin.py:151} INFO - [2023-09-04T01:48:39.216+0000] {dag.py:3677} INFO - Setting next_dagrun for example_kubernetes_executor to None, run_after=None
[2023-09-04T01:48:39.234+0000] {processor.py:179} INFO - Processing /home/airflow/.local/lib/python3.8/site-packages/airflow/example_dags/example_kubernetes_executor.py took 0.473 seconds
[2023-09-04T01:49:09.282+0000] {processor.py:157} INFO - Started process (PID=414) to work on /home/airflow/.local/lib/python3.8/site-packages/airflow/example_dags/example_kubernetes_executor.py
[2023-09-04T01:49:09.285+0000] {processor.py:829} INFO - Processing file /home/airflow/.local/lib/python3.8/site-packages/airflow/example_dags/example_kubernetes_executor.py for tasks to queue
[2023-09-04T01:49:09.287+0000] {logging_mixin.py:151} INFO - [2023-09-04T01:49:09.286+0000] {dagbag.py:539} INFO - Filling up the DagBag from /home/airflow/.local/lib/python3.8/site-packages/airflow/example_dags/example_kubernetes_executor.py
[2023-09-04T01:49:09.486+0000] {processor.py:839} INFO - DAG(s) dict_keys(['example_kubernetes_executor']) retrieved from /home/airflow/.local/lib/python3.8/site-packages/airflow/example_dags/example_kubernetes_executor.py
[2023-09-04T01:49:09.526+0000] {logging_mixin.py:151} INFO - [2023-09-04T01:49:09.526+0000] {dag.py:2907} INFO - Sync 1 DAGs
[2023-09-04T01:49:09.537+0000] {logging_mixin.py:151} INFO - [2023-09-04T01:49:09.537+0000] {dag.py:3677} INFO - Setting next_dagrun for example_kubernetes_executor to None, run_after=None
[2023-09-04T01:49:09.550+0000] {processor.py:179} INFO - Processing /home/airflow/.local/lib/python3.8/site-packages/airflow/example_dags/example_kubernetes_executor.py took 0.270 seconds
[2023-09-04T01:49:40.544+0000] {processor.py:157} INFO - Started process (PID=470) to work on /home/airflow/.local/lib/python3.8/site-packages/airflow/example_dags/example_kubernetes_executor.py
[2023-09-04T01:49:40.546+0000] {processor.py:829} INFO - Processing file /home/airflow/.local/lib/python3.8/site-packages/airflow/example_dags/example_kubernetes_executor.py for tasks to queue
[2023-09-04T01:49:40.548+0000] {logging_mixin.py:151} INFO - [2023-09-04T01:49:40.548+0000] {dagbag.py:539} INFO - Filling up the DagBag from /home/airflow/.local/lib/python3.8/site-packages/airflow/example_dags/example_kubernetes_executor.py
[2023-09-04T01:49:40.688+0000] {processor.py:839} INFO - DAG(s) dict_keys(['example_kubernetes_executor']) retrieved from /home/airflow/.local/lib/python3.8/site-packages/airflow/example_dags/example_kubernetes_executor.py
[2023-09-04T01:49:40.717+0000] {logging_mixin.py:151} INFO - [2023-09-04T01:49:40.717+0000] {dag.py:2907} INFO - Sync 1 DAGs
[2023-09-04T01:49:40.726+0000] {logging_mixin.py:151} INFO - [2023-09-04T01:49:40.726+0000] {dag.py:3677} INFO - Setting next_dagrun for example_kubernetes_executor to None, run_after=None
[2023-09-04T01:49:40.736+0000] {processor.py:179} INFO - Processing /home/airflow/.local/lib/python3.8/site-packages/airflow/example_dags/example_kubernetes_executor.py took 0.196 seconds
[2023-09-04T01:50:11.266+0000] {processor.py:157} INFO - Started process (PID=534) to work on /home/airflow/.local/lib/python3.8/site-packages/airflow/example_dags/example_kubernetes_executor.py
[2023-09-04T01:50:11.268+0000] {processor.py:829} INFO - Processing file /home/airflow/.local/lib/python3.8/site-packages/airflow/example_dags/example_kubernetes_executor.py for tasks to queue
[2023-09-04T01:50:11.270+0000] {logging_mixin.py:151} INFO - [2023-09-04T01:50:11.269+0000] {dagbag.py:539} INFO - Filling up the DagBag from /home/airflow/.local/lib/python3.8/site-packages/airflow/example_dags/example_kubernetes_executor.py
[2023-09-04T01:50:11.436+0000] {processor.py:839} INFO - DAG(s) dict_keys(['example_kubernetes_executor']) retrieved from /home/airflow/.local/lib/python3.8/site-packages/airflow/example_dags/example_kubernetes_executor.py
[2023-09-04T01:50:11.466+0000] {logging_mixin.py:151} INFO - [2023-09-04T01:50:11.465+0000] {dag.py:2907} INFO - Sync 1 DAGs
[2023-09-04T01:50:11.476+0000] {logging_mixin.py:151} INFO - [2023-09-04T01:50:11.475+0000] {dag.py:3677} INFO - Setting next_dagrun for example_kubernetes_executor to None, run_after=None
[2023-09-04T01:50:11.486+0000] {processor.py:179} INFO - Processing /home/airflow/.local/lib/python3.8/site-packages/airflow/example_dags/example_kubernetes_executor.py took 0.223 seconds
[2023-09-04T01:50:41.534+0000] {processor.py:157} INFO - Started process (PID=590) to work on /home/airflow/.local/lib/python3.8/site-packages/airflow/example_dags/example_kubernetes_executor.py
[2023-09-04T01:50:41.538+0000] {processor.py:829} INFO - Processing file /home/airflow/.local/lib/python3.8/site-packages/airflow/example_dags/example_kubernetes_executor.py for tasks to queue
[2023-09-04T01:50:41.541+0000] {logging_mixin.py:151} INFO - [2023-09-04T01:50:41.540+0000] {dagbag.py:539} INFO - Filling up the DagBag from /home/airflow/.local/lib/python3.8/site-packages/airflow/example_dags/example_kubernetes_executor.py
[2023-09-04T01:50:41.724+0000] {processor.py:839} INFO - DAG(s) dict_keys(['example_kubernetes_executor']) retrieved from /home/airflow/.local/lib/python3.8/site-packages/airflow/example_dags/example_kubernetes_executor.py
[2023-09-04T01:50:41.781+0000] {logging_mixin.py:151} INFO - [2023-09-04T01:50:41.781+0000] {dag.py:2907} INFO - Sync 1 DAGs
[2023-09-04T01:50:41.927+0000] {logging_mixin.py:151} INFO - [2023-09-04T01:50:41.927+0000] {dag.py:3677} INFO - Setting next_dagrun for example_kubernetes_executor to None, run_after=None
[2023-09-04T01:50:41.939+0000] {processor.py:179} INFO - Processing /home/airflow/.local/lib/python3.8/site-packages/airflow/example_dags/example_kubernetes_executor.py took 0.409 seconds
[2023-09-04T01:51:12.992+0000] {processor.py:157} INFO - Started process (PID=646) to work on /home/airflow/.local/lib/python3.8/site-packages/airflow/example_dags/example_kubernetes_executor.py
[2023-09-04T01:51:12.995+0000] {processor.py:829} INFO - Processing file /home/airflow/.local/lib/python3.8/site-packages/airflow/example_dags/example_kubernetes_executor.py for tasks to queue
[2023-09-04T01:51:13.000+0000] {logging_mixin.py:151} INFO - [2023-09-04T01:51:12.999+0000] {dagbag.py:539} INFO - Filling up the DagBag from /home/airflow/.local/lib/python3.8/site-packages/airflow/example_dags/example_kubernetes_executor.py
[2023-09-04T01:51:13.285+0000] {processor.py:839} INFO - DAG(s) dict_keys(['example_kubernetes_executor']) retrieved from /home/airflow/.local/lib/python3.8/site-packages/airflow/example_dags/example_kubernetes_executor.py
[2023-09-04T01:51:13.318+0000] {logging_mixin.py:151} INFO - [2023-09-04T01:51:13.318+0000] {dag.py:2907} INFO - Sync 1 DAGs
[2023-09-04T01:51:13.326+0000] {logging_mixin.py:151} INFO - [2023-09-04T01:51:13.326+0000] {dag.py:3677} INFO - Setting next_dagrun for example_kubernetes_executor to None, run_after=None
[2023-09-04T01:51:13.336+0000] {processor.py:179} INFO - Processing /home/airflow/.local/lib/python3.8/site-packages/airflow/example_dags/example_kubernetes_executor.py took 0.349 seconds
