[2023-09-04T01:46:04.968+0000] {processor.py:157} INFO - Started process (PID=73) to work on /home/airflow/.local/lib/python3.8/site-packages/airflow/example_dags/example_trigger_target_dag.py
[2023-09-04T01:46:04.977+0000] {processor.py:829} INFO - Processing file /home/airflow/.local/lib/python3.8/site-packages/airflow/example_dags/example_trigger_target_dag.py for tasks to queue
[2023-09-04T01:46:05.018+0000] {logging_mixin.py:151} INFO - [2023-09-04T01:46:05.016+0000] {dagbag.py:539} INFO - Filling up the DagBag from /home/airflow/.local/lib/python3.8/site-packages/airflow/example_dags/example_trigger_target_dag.py
[2023-09-04T01:46:05.045+0000] {processor.py:839} INFO - DAG(s) dict_keys(['example_trigger_target_dag']) retrieved from /home/airflow/.local/lib/python3.8/site-packages/airflow/example_dags/example_trigger_target_dag.py
[2023-09-04T01:46:05.175+0000] {logging_mixin.py:151} INFO - [2023-09-04T01:46:05.174+0000] {dag.py:2907} INFO - Sync 1 DAGs
[2023-09-04T01:46:05.242+0000] {logging_mixin.py:151} INFO - [2023-09-04T01:46:05.241+0000] {dag.py:3677} INFO - Setting next_dagrun for example_trigger_target_dag to None, run_after=None
[2023-09-04T01:46:05.311+0000] {processor.py:179} INFO - Processing /home/airflow/.local/lib/python3.8/site-packages/airflow/example_dags/example_trigger_target_dag.py took 0.366 seconds
[2023-09-04T01:46:35.698+0000] {processor.py:157} INFO - Started process (PID=129) to work on /home/airflow/.local/lib/python3.8/site-packages/airflow/example_dags/example_trigger_target_dag.py
[2023-09-04T01:46:35.700+0000] {processor.py:829} INFO - Processing file /home/airflow/.local/lib/python3.8/site-packages/airflow/example_dags/example_trigger_target_dag.py for tasks to queue
[2023-09-04T01:46:35.702+0000] {logging_mixin.py:151} INFO - [2023-09-04T01:46:35.702+0000] {dagbag.py:539} INFO - Filling up the DagBag from /home/airflow/.local/lib/python3.8/site-packages/airflow/example_dags/example_trigger_target_dag.py
[2023-09-04T01:46:35.707+0000] {processor.py:839} INFO - DAG(s) dict_keys(['example_trigger_target_dag']) retrieved from /home/airflow/.local/lib/python3.8/site-packages/airflow/example_dags/example_trigger_target_dag.py
[2023-09-04T01:46:35.724+0000] {logging_mixin.py:151} INFO - [2023-09-04T01:46:35.724+0000] {dag.py:2907} INFO - Sync 1 DAGs
[2023-09-04T01:46:35.734+0000] {logging_mixin.py:151} INFO - [2023-09-04T01:46:35.733+0000] {dag.py:3677} INFO - Setting next_dagrun for example_trigger_target_dag to None, run_after=None
[2023-09-04T01:46:35.744+0000] {processor.py:179} INFO - Processing /home/airflow/.local/lib/python3.8/site-packages/airflow/example_dags/example_trigger_target_dag.py took 0.048 seconds
[2023-09-04T01:47:05.829+0000] {processor.py:157} INFO - Started process (PID=185) to work on /home/airflow/.local/lib/python3.8/site-packages/airflow/example_dags/example_trigger_target_dag.py
[2023-09-04T01:47:05.831+0000] {processor.py:829} INFO - Processing file /home/airflow/.local/lib/python3.8/site-packages/airflow/example_dags/example_trigger_target_dag.py for tasks to queue
[2023-09-04T01:47:05.834+0000] {logging_mixin.py:151} INFO - [2023-09-04T01:47:05.834+0000] {dagbag.py:539} INFO - Filling up the DagBag from /home/airflow/.local/lib/python3.8/site-packages/airflow/example_dags/example_trigger_target_dag.py
[2023-09-04T01:47:05.840+0000] {processor.py:839} INFO - DAG(s) dict_keys(['example_trigger_target_dag']) retrieved from /home/airflow/.local/lib/python3.8/site-packages/airflow/example_dags/example_trigger_target_dag.py
[2023-09-04T01:47:05.862+0000] {logging_mixin.py:151} INFO - [2023-09-04T01:47:05.862+0000] {dag.py:2907} INFO - Sync 1 DAGs
[2023-09-04T01:47:05.874+0000] {logging_mixin.py:151} INFO - [2023-09-04T01:47:05.874+0000] {dag.py:3677} INFO - Setting next_dagrun for example_trigger_target_dag to None, run_after=None
[2023-09-04T01:47:05.893+0000] {processor.py:179} INFO - Processing /home/airflow/.local/lib/python3.8/site-packages/airflow/example_dags/example_trigger_target_dag.py took 0.067 seconds
[2023-09-04T01:47:36.463+0000] {processor.py:157} INFO - Started process (PID=241) to work on /home/airflow/.local/lib/python3.8/site-packages/airflow/example_dags/example_trigger_target_dag.py
[2023-09-04T01:47:36.466+0000] {processor.py:829} INFO - Processing file /home/airflow/.local/lib/python3.8/site-packages/airflow/example_dags/example_trigger_target_dag.py for tasks to queue
[2023-09-04T01:47:36.468+0000] {logging_mixin.py:151} INFO - [2023-09-04T01:47:36.468+0000] {dagbag.py:539} INFO - Filling up the DagBag from /home/airflow/.local/lib/python3.8/site-packages/airflow/example_dags/example_trigger_target_dag.py
[2023-09-04T01:47:36.474+0000] {processor.py:839} INFO - DAG(s) dict_keys(['example_trigger_target_dag']) retrieved from /home/airflow/.local/lib/python3.8/site-packages/airflow/example_dags/example_trigger_target_dag.py
[2023-09-04T01:47:36.495+0000] {logging_mixin.py:151} INFO - [2023-09-04T01:47:36.495+0000] {dag.py:2907} INFO - Sync 1 DAGs
[2023-09-04T01:47:36.505+0000] {logging_mixin.py:151} INFO - [2023-09-04T01:47:36.504+0000] {dag.py:3677} INFO - Setting next_dagrun for example_trigger_target_dag to None, run_after=None
[2023-09-04T01:47:36.519+0000] {processor.py:179} INFO - Processing /home/airflow/.local/lib/python3.8/site-packages/airflow/example_dags/example_trigger_target_dag.py took 0.058 seconds
[2023-09-04T01:48:07.178+0000] {processor.py:157} INFO - Started process (PID=297) to work on /home/airflow/.local/lib/python3.8/site-packages/airflow/example_dags/example_trigger_target_dag.py
[2023-09-04T01:48:07.181+0000] {processor.py:829} INFO - Processing file /home/airflow/.local/lib/python3.8/site-packages/airflow/example_dags/example_trigger_target_dag.py for tasks to queue
[2023-09-04T01:48:07.185+0000] {logging_mixin.py:151} INFO - [2023-09-04T01:48:07.185+0000] {dagbag.py:539} INFO - Filling up the DagBag from /home/airflow/.local/lib/python3.8/site-packages/airflow/example_dags/example_trigger_target_dag.py
[2023-09-04T01:48:07.194+0000] {processor.py:839} INFO - DAG(s) dict_keys(['example_trigger_target_dag']) retrieved from /home/airflow/.local/lib/python3.8/site-packages/airflow/example_dags/example_trigger_target_dag.py
[2023-09-04T01:48:07.234+0000] {logging_mixin.py:151} INFO - [2023-09-04T01:48:07.234+0000] {dag.py:2907} INFO - Sync 1 DAGs
[2023-09-04T01:48:07.245+0000] {logging_mixin.py:151} INFO - [2023-09-04T01:48:07.245+0000] {dag.py:3677} INFO - Setting next_dagrun for example_trigger_target_dag to None, run_after=None
[2023-09-04T01:48:07.256+0000] {processor.py:179} INFO - Processing /home/airflow/.local/lib/python3.8/site-packages/airflow/example_dags/example_trigger_target_dag.py took 0.080 seconds
[2023-09-04T01:48:37.634+0000] {processor.py:157} INFO - Started process (PID=353) to work on /home/airflow/.local/lib/python3.8/site-packages/airflow/example_dags/example_trigger_target_dag.py
[2023-09-04T01:48:37.636+0000] {processor.py:829} INFO - Processing file /home/airflow/.local/lib/python3.8/site-packages/airflow/example_dags/example_trigger_target_dag.py for tasks to queue
[2023-09-04T01:48:37.639+0000] {logging_mixin.py:151} INFO - [2023-09-04T01:48:37.639+0000] {dagbag.py:539} INFO - Filling up the DagBag from /home/airflow/.local/lib/python3.8/site-packages/airflow/example_dags/example_trigger_target_dag.py
[2023-09-04T01:48:37.646+0000] {processor.py:839} INFO - DAG(s) dict_keys(['example_trigger_target_dag']) retrieved from /home/airflow/.local/lib/python3.8/site-packages/airflow/example_dags/example_trigger_target_dag.py
[2023-09-04T01:48:37.671+0000] {logging_mixin.py:151} INFO - [2023-09-04T01:48:37.670+0000] {dag.py:2907} INFO - Sync 1 DAGs
[2023-09-04T01:48:37.687+0000] {logging_mixin.py:151} INFO - [2023-09-04T01:48:37.687+0000] {dag.py:3677} INFO - Setting next_dagrun for example_trigger_target_dag to None, run_after=None
[2023-09-04T01:48:37.709+0000] {processor.py:179} INFO - Processing /home/airflow/.local/lib/python3.8/site-packages/airflow/example_dags/example_trigger_target_dag.py took 0.078 seconds
[2023-09-04T01:49:08.050+0000] {processor.py:157} INFO - Started process (PID=409) to work on /home/airflow/.local/lib/python3.8/site-packages/airflow/example_dags/example_trigger_target_dag.py
[2023-09-04T01:49:08.053+0000] {processor.py:829} INFO - Processing file /home/airflow/.local/lib/python3.8/site-packages/airflow/example_dags/example_trigger_target_dag.py for tasks to queue
[2023-09-04T01:49:08.055+0000] {logging_mixin.py:151} INFO - [2023-09-04T01:49:08.055+0000] {dagbag.py:539} INFO - Filling up the DagBag from /home/airflow/.local/lib/python3.8/site-packages/airflow/example_dags/example_trigger_target_dag.py
[2023-09-04T01:49:08.060+0000] {processor.py:839} INFO - DAG(s) dict_keys(['example_trigger_target_dag']) retrieved from /home/airflow/.local/lib/python3.8/site-packages/airflow/example_dags/example_trigger_target_dag.py
[2023-09-04T01:49:08.079+0000] {logging_mixin.py:151} INFO - [2023-09-04T01:49:08.079+0000] {dag.py:2907} INFO - Sync 1 DAGs
[2023-09-04T01:49:08.088+0000] {logging_mixin.py:151} INFO - [2023-09-04T01:49:08.088+0000] {dag.py:3677} INFO - Setting next_dagrun for example_trigger_target_dag to None, run_after=None
[2023-09-04T01:49:08.102+0000] {processor.py:179} INFO - Processing /home/airflow/.local/lib/python3.8/site-packages/airflow/example_dags/example_trigger_target_dag.py took 0.055 seconds
[2023-09-04T01:49:38.273+0000] {processor.py:157} INFO - Started process (PID=465) to work on /home/airflow/.local/lib/python3.8/site-packages/airflow/example_dags/example_trigger_target_dag.py
[2023-09-04T01:49:38.275+0000] {processor.py:829} INFO - Processing file /home/airflow/.local/lib/python3.8/site-packages/airflow/example_dags/example_trigger_target_dag.py for tasks to queue
[2023-09-04T01:49:38.277+0000] {logging_mixin.py:151} INFO - [2023-09-04T01:49:38.277+0000] {dagbag.py:539} INFO - Filling up the DagBag from /home/airflow/.local/lib/python3.8/site-packages/airflow/example_dags/example_trigger_target_dag.py
[2023-09-04T01:49:38.282+0000] {processor.py:839} INFO - DAG(s) dict_keys(['example_trigger_target_dag']) retrieved from /home/airflow/.local/lib/python3.8/site-packages/airflow/example_dags/example_trigger_target_dag.py
[2023-09-04T01:49:38.298+0000] {logging_mixin.py:151} INFO - [2023-09-04T01:49:38.298+0000] {dag.py:2907} INFO - Sync 1 DAGs
[2023-09-04T01:49:38.307+0000] {logging_mixin.py:151} INFO - [2023-09-04T01:49:38.307+0000] {dag.py:3677} INFO - Setting next_dagrun for example_trigger_target_dag to None, run_after=None
[2023-09-04T01:49:38.320+0000] {processor.py:179} INFO - Processing /home/airflow/.local/lib/python3.8/site-packages/airflow/example_dags/example_trigger_target_dag.py took 0.049 seconds
[2023-09-04T01:50:09.051+0000] {processor.py:157} INFO - Started process (PID=522) to work on /home/airflow/.local/lib/python3.8/site-packages/airflow/example_dags/example_trigger_target_dag.py
[2023-09-04T01:50:09.053+0000] {processor.py:829} INFO - Processing file /home/airflow/.local/lib/python3.8/site-packages/airflow/example_dags/example_trigger_target_dag.py for tasks to queue
[2023-09-04T01:50:09.055+0000] {logging_mixin.py:151} INFO - [2023-09-04T01:50:09.055+0000] {dagbag.py:539} INFO - Filling up the DagBag from /home/airflow/.local/lib/python3.8/site-packages/airflow/example_dags/example_trigger_target_dag.py
[2023-09-04T01:50:09.060+0000] {processor.py:839} INFO - DAG(s) dict_keys(['example_trigger_target_dag']) retrieved from /home/airflow/.local/lib/python3.8/site-packages/airflow/example_dags/example_trigger_target_dag.py
[2023-09-04T01:50:09.078+0000] {logging_mixin.py:151} INFO - [2023-09-04T01:50:09.077+0000] {dag.py:2907} INFO - Sync 1 DAGs
[2023-09-04T01:50:09.086+0000] {logging_mixin.py:151} INFO - [2023-09-04T01:50:09.085+0000] {dag.py:3677} INFO - Setting next_dagrun for example_trigger_target_dag to None, run_after=None
[2023-09-04T01:50:09.097+0000] {processor.py:179} INFO - Processing /home/airflow/.local/lib/python3.8/site-packages/airflow/example_dags/example_trigger_target_dag.py took 0.048 seconds
[2023-09-04T01:50:40.325+0000] {processor.py:157} INFO - Started process (PID=578) to work on /home/airflow/.local/lib/python3.8/site-packages/airflow/example_dags/example_trigger_target_dag.py
[2023-09-04T01:50:40.328+0000] {processor.py:829} INFO - Processing file /home/airflow/.local/lib/python3.8/site-packages/airflow/example_dags/example_trigger_target_dag.py for tasks to queue
[2023-09-04T01:50:40.331+0000] {logging_mixin.py:151} INFO - [2023-09-04T01:50:40.330+0000] {dagbag.py:539} INFO - Filling up the DagBag from /home/airflow/.local/lib/python3.8/site-packages/airflow/example_dags/example_trigger_target_dag.py
[2023-09-04T01:50:40.335+0000] {processor.py:839} INFO - DAG(s) dict_keys(['example_trigger_target_dag']) retrieved from /home/airflow/.local/lib/python3.8/site-packages/airflow/example_dags/example_trigger_target_dag.py
[2023-09-04T01:50:40.354+0000] {logging_mixin.py:151} INFO - [2023-09-04T01:50:40.354+0000] {dag.py:2907} INFO - Sync 1 DAGs
[2023-09-04T01:50:40.363+0000] {logging_mixin.py:151} INFO - [2023-09-04T01:50:40.363+0000] {dag.py:3677} INFO - Setting next_dagrun for example_trigger_target_dag to None, run_after=None
[2023-09-04T01:50:40.379+0000] {processor.py:179} INFO - Processing /home/airflow/.local/lib/python3.8/site-packages/airflow/example_dags/example_trigger_target_dag.py took 0.056 seconds
[2023-09-04T01:51:10.741+0000] {processor.py:157} INFO - Started process (PID=634) to work on /home/airflow/.local/lib/python3.8/site-packages/airflow/example_dags/example_trigger_target_dag.py
[2023-09-04T01:51:10.743+0000] {processor.py:829} INFO - Processing file /home/airflow/.local/lib/python3.8/site-packages/airflow/example_dags/example_trigger_target_dag.py for tasks to queue
[2023-09-04T01:51:10.745+0000] {logging_mixin.py:151} INFO - [2023-09-04T01:51:10.745+0000] {dagbag.py:539} INFO - Filling up the DagBag from /home/airflow/.local/lib/python3.8/site-packages/airflow/example_dags/example_trigger_target_dag.py
[2023-09-04T01:51:10.750+0000] {processor.py:839} INFO - DAG(s) dict_keys(['example_trigger_target_dag']) retrieved from /home/airflow/.local/lib/python3.8/site-packages/airflow/example_dags/example_trigger_target_dag.py
[2023-09-04T01:51:10.771+0000] {logging_mixin.py:151} INFO - [2023-09-04T01:51:10.771+0000] {dag.py:2907} INFO - Sync 1 DAGs
[2023-09-04T01:51:10.780+0000] {logging_mixin.py:151} INFO - [2023-09-04T01:51:10.780+0000] {dag.py:3677} INFO - Setting next_dagrun for example_trigger_target_dag to None, run_after=None
[2023-09-04T01:51:10.791+0000] {processor.py:179} INFO - Processing /home/airflow/.local/lib/python3.8/site-packages/airflow/example_dags/example_trigger_target_dag.py took 0.053 seconds
