[2023-09-04T01:45:58.846+0000] {processor.py:157} INFO - Started process (PID=48) to work on /home/airflow/.local/lib/python3.8/site-packages/airflow/example_dags/example_time_delta_sensor_async.py
[2023-09-04T01:45:58.850+0000] {processor.py:829} INFO - Processing file /home/airflow/.local/lib/python3.8/site-packages/airflow/example_dags/example_time_delta_sensor_async.py for tasks to queue
[2023-09-04T01:45:58.854+0000] {logging_mixin.py:151} INFO - [2023-09-04T01:45:58.854+0000] {dagbag.py:539} INFO - Filling up the DagBag from /home/airflow/.local/lib/python3.8/site-packages/airflow/example_dags/example_time_delta_sensor_async.py
[2023-09-04T01:45:58.862+0000] {processor.py:839} INFO - DAG(s) dict_keys(['example_time_delta_sensor_async']) retrieved from /home/airflow/.local/lib/python3.8/site-packages/airflow/example_dags/example_time_delta_sensor_async.py
[2023-09-04T01:45:58.900+0000] {logging_mixin.py:151} INFO - [2023-09-04T01:45:58.900+0000] {dag.py:2907} INFO - Sync 1 DAGs
[2023-09-04T01:45:58.916+0000] {logging_mixin.py:151} INFO - [2023-09-04T01:45:58.916+0000] {dag.py:3677} INFO - Setting next_dagrun for example_time_delta_sensor_async to None, run_after=None
[2023-09-04T01:45:58.957+0000] {processor.py:179} INFO - Processing /home/airflow/.local/lib/python3.8/site-packages/airflow/example_dags/example_time_delta_sensor_async.py took 0.115 seconds
[2023-09-04T01:46:29.782+0000] {processor.py:157} INFO - Started process (PID=104) to work on /home/airflow/.local/lib/python3.8/site-packages/airflow/example_dags/example_time_delta_sensor_async.py
[2023-09-04T01:46:29.785+0000] {processor.py:829} INFO - Processing file /home/airflow/.local/lib/python3.8/site-packages/airflow/example_dags/example_time_delta_sensor_async.py for tasks to queue
[2023-09-04T01:46:29.789+0000] {logging_mixin.py:151} INFO - [2023-09-04T01:46:29.789+0000] {dagbag.py:539} INFO - Filling up the DagBag from /home/airflow/.local/lib/python3.8/site-packages/airflow/example_dags/example_time_delta_sensor_async.py
[2023-09-04T01:46:29.794+0000] {processor.py:839} INFO - DAG(s) dict_keys(['example_time_delta_sensor_async']) retrieved from /home/airflow/.local/lib/python3.8/site-packages/airflow/example_dags/example_time_delta_sensor_async.py
[2023-09-04T01:46:29.822+0000] {logging_mixin.py:151} INFO - [2023-09-04T01:46:29.822+0000] {dag.py:2907} INFO - Sync 1 DAGs
[2023-09-04T01:46:29.834+0000] {logging_mixin.py:151} INFO - [2023-09-04T01:46:29.834+0000] {dag.py:3677} INFO - Setting next_dagrun for example_time_delta_sensor_async to None, run_after=None
[2023-09-04T01:46:29.852+0000] {processor.py:179} INFO - Processing /home/airflow/.local/lib/python3.8/site-packages/airflow/example_dags/example_time_delta_sensor_async.py took 0.078 seconds
[2023-09-04T01:47:00.721+0000] {processor.py:157} INFO - Started process (PID=160) to work on /home/airflow/.local/lib/python3.8/site-packages/airflow/example_dags/example_time_delta_sensor_async.py
[2023-09-04T01:47:00.724+0000] {processor.py:829} INFO - Processing file /home/airflow/.local/lib/python3.8/site-packages/airflow/example_dags/example_time_delta_sensor_async.py for tasks to queue
[2023-09-04T01:47:00.728+0000] {logging_mixin.py:151} INFO - [2023-09-04T01:47:00.727+0000] {dagbag.py:539} INFO - Filling up the DagBag from /home/airflow/.local/lib/python3.8/site-packages/airflow/example_dags/example_time_delta_sensor_async.py
[2023-09-04T01:47:00.733+0000] {processor.py:839} INFO - DAG(s) dict_keys(['example_time_delta_sensor_async']) retrieved from /home/airflow/.local/lib/python3.8/site-packages/airflow/example_dags/example_time_delta_sensor_async.py
[2023-09-04T01:47:00.759+0000] {logging_mixin.py:151} INFO - [2023-09-04T01:47:00.759+0000] {dag.py:2907} INFO - Sync 1 DAGs
[2023-09-04T01:47:00.771+0000] {logging_mixin.py:151} INFO - [2023-09-04T01:47:00.771+0000] {dag.py:3677} INFO - Setting next_dagrun for example_time_delta_sensor_async to None, run_after=None
[2023-09-04T01:47:00.794+0000] {processor.py:179} INFO - Processing /home/airflow/.local/lib/python3.8/site-packages/airflow/example_dags/example_time_delta_sensor_async.py took 0.077 seconds
[2023-09-04T01:47:31.863+0000] {processor.py:157} INFO - Started process (PID=216) to work on /home/airflow/.local/lib/python3.8/site-packages/airflow/example_dags/example_time_delta_sensor_async.py
[2023-09-04T01:47:31.865+0000] {processor.py:829} INFO - Processing file /home/airflow/.local/lib/python3.8/site-packages/airflow/example_dags/example_time_delta_sensor_async.py for tasks to queue
[2023-09-04T01:47:31.868+0000] {logging_mixin.py:151} INFO - [2023-09-04T01:47:31.867+0000] {dagbag.py:539} INFO - Filling up the DagBag from /home/airflow/.local/lib/python3.8/site-packages/airflow/example_dags/example_time_delta_sensor_async.py
[2023-09-04T01:47:31.873+0000] {processor.py:839} INFO - DAG(s) dict_keys(['example_time_delta_sensor_async']) retrieved from /home/airflow/.local/lib/python3.8/site-packages/airflow/example_dags/example_time_delta_sensor_async.py
[2023-09-04T01:47:31.898+0000] {logging_mixin.py:151} INFO - [2023-09-04T01:47:31.898+0000] {dag.py:2907} INFO - Sync 1 DAGs
[2023-09-04T01:47:31.907+0000] {logging_mixin.py:151} INFO - [2023-09-04T01:47:31.907+0000] {dag.py:3677} INFO - Setting next_dagrun for example_time_delta_sensor_async to None, run_after=None
[2023-09-04T01:47:31.921+0000] {processor.py:179} INFO - Processing /home/airflow/.local/lib/python3.8/site-packages/airflow/example_dags/example_time_delta_sensor_async.py took 0.061 seconds
[2023-09-04T01:48:02.666+0000] {processor.py:157} INFO - Started process (PID=272) to work on /home/airflow/.local/lib/python3.8/site-packages/airflow/example_dags/example_time_delta_sensor_async.py
[2023-09-04T01:48:02.668+0000] {processor.py:829} INFO - Processing file /home/airflow/.local/lib/python3.8/site-packages/airflow/example_dags/example_time_delta_sensor_async.py for tasks to queue
[2023-09-04T01:48:02.671+0000] {logging_mixin.py:151} INFO - [2023-09-04T01:48:02.671+0000] {dagbag.py:539} INFO - Filling up the DagBag from /home/airflow/.local/lib/python3.8/site-packages/airflow/example_dags/example_time_delta_sensor_async.py
[2023-09-04T01:48:02.675+0000] {processor.py:839} INFO - DAG(s) dict_keys(['example_time_delta_sensor_async']) retrieved from /home/airflow/.local/lib/python3.8/site-packages/airflow/example_dags/example_time_delta_sensor_async.py
[2023-09-04T01:48:02.699+0000] {logging_mixin.py:151} INFO - [2023-09-04T01:48:02.699+0000] {dag.py:2907} INFO - Sync 1 DAGs
[2023-09-04T01:48:02.709+0000] {logging_mixin.py:151} INFO - [2023-09-04T01:48:02.709+0000] {dag.py:3677} INFO - Setting next_dagrun for example_time_delta_sensor_async to None, run_after=None
[2023-09-04T01:48:02.729+0000] {processor.py:179} INFO - Processing /home/airflow/.local/lib/python3.8/site-packages/airflow/example_dags/example_time_delta_sensor_async.py took 0.066 seconds
[2023-09-04T01:48:33.212+0000] {processor.py:157} INFO - Started process (PID=328) to work on /home/airflow/.local/lib/python3.8/site-packages/airflow/example_dags/example_time_delta_sensor_async.py
[2023-09-04T01:48:33.215+0000] {processor.py:829} INFO - Processing file /home/airflow/.local/lib/python3.8/site-packages/airflow/example_dags/example_time_delta_sensor_async.py for tasks to queue
[2023-09-04T01:48:33.218+0000] {logging_mixin.py:151} INFO - [2023-09-04T01:48:33.218+0000] {dagbag.py:539} INFO - Filling up the DagBag from /home/airflow/.local/lib/python3.8/site-packages/airflow/example_dags/example_time_delta_sensor_async.py
[2023-09-04T01:48:33.223+0000] {processor.py:839} INFO - DAG(s) dict_keys(['example_time_delta_sensor_async']) retrieved from /home/airflow/.local/lib/python3.8/site-packages/airflow/example_dags/example_time_delta_sensor_async.py
[2023-09-04T01:48:33.260+0000] {logging_mixin.py:151} INFO - [2023-09-04T01:48:33.259+0000] {dag.py:2907} INFO - Sync 1 DAGs
[2023-09-04T01:48:33.271+0000] {logging_mixin.py:151} INFO - [2023-09-04T01:48:33.271+0000] {dag.py:3677} INFO - Setting next_dagrun for example_time_delta_sensor_async to None, run_after=None
[2023-09-04T01:48:33.307+0000] {processor.py:179} INFO - Processing /home/airflow/.local/lib/python3.8/site-packages/airflow/example_dags/example_time_delta_sensor_async.py took 0.100 seconds
[2023-09-04T01:49:03.343+0000] {processor.py:157} INFO - Started process (PID=382) to work on /home/airflow/.local/lib/python3.8/site-packages/airflow/example_dags/example_time_delta_sensor_async.py
[2023-09-04T01:49:03.345+0000] {processor.py:829} INFO - Processing file /home/airflow/.local/lib/python3.8/site-packages/airflow/example_dags/example_time_delta_sensor_async.py for tasks to queue
[2023-09-04T01:49:03.347+0000] {logging_mixin.py:151} INFO - [2023-09-04T01:49:03.346+0000] {dagbag.py:539} INFO - Filling up the DagBag from /home/airflow/.local/lib/python3.8/site-packages/airflow/example_dags/example_time_delta_sensor_async.py
[2023-09-04T01:49:03.351+0000] {processor.py:839} INFO - DAG(s) dict_keys(['example_time_delta_sensor_async']) retrieved from /home/airflow/.local/lib/python3.8/site-packages/airflow/example_dags/example_time_delta_sensor_async.py
[2023-09-04T01:49:03.368+0000] {logging_mixin.py:151} INFO - [2023-09-04T01:49:03.368+0000] {dag.py:2907} INFO - Sync 1 DAGs
[2023-09-04T01:49:03.376+0000] {logging_mixin.py:151} INFO - [2023-09-04T01:49:03.375+0000] {dag.py:3677} INFO - Setting next_dagrun for example_time_delta_sensor_async to None, run_after=None
[2023-09-04T01:49:03.385+0000] {processor.py:179} INFO - Processing /home/airflow/.local/lib/python3.8/site-packages/airflow/example_dags/example_time_delta_sensor_async.py took 0.046 seconds
[2023-09-04T01:49:33.676+0000] {processor.py:157} INFO - Started process (PID=438) to work on /home/airflow/.local/lib/python3.8/site-packages/airflow/example_dags/example_time_delta_sensor_async.py
[2023-09-04T01:49:33.678+0000] {processor.py:829} INFO - Processing file /home/airflow/.local/lib/python3.8/site-packages/airflow/example_dags/example_time_delta_sensor_async.py for tasks to queue
[2023-09-04T01:49:33.680+0000] {logging_mixin.py:151} INFO - [2023-09-04T01:49:33.680+0000] {dagbag.py:539} INFO - Filling up the DagBag from /home/airflow/.local/lib/python3.8/site-packages/airflow/example_dags/example_time_delta_sensor_async.py
[2023-09-04T01:49:33.688+0000] {processor.py:839} INFO - DAG(s) dict_keys(['example_time_delta_sensor_async']) retrieved from /home/airflow/.local/lib/python3.8/site-packages/airflow/example_dags/example_time_delta_sensor_async.py
[2023-09-04T01:49:33.714+0000] {logging_mixin.py:151} INFO - [2023-09-04T01:49:33.713+0000] {dag.py:2907} INFO - Sync 1 DAGs
[2023-09-04T01:49:33.723+0000] {logging_mixin.py:151} INFO - [2023-09-04T01:49:33.723+0000] {dag.py:3677} INFO - Setting next_dagrun for example_time_delta_sensor_async to None, run_after=None
[2023-09-04T01:49:33.740+0000] {processor.py:179} INFO - Processing /home/airflow/.local/lib/python3.8/site-packages/airflow/example_dags/example_time_delta_sensor_async.py took 0.066 seconds
[2023-09-04T01:50:04.054+0000] {processor.py:157} INFO - Started process (PID=495) to work on /home/airflow/.local/lib/python3.8/site-packages/airflow/example_dags/example_time_delta_sensor_async.py
[2023-09-04T01:50:04.056+0000] {processor.py:829} INFO - Processing file /home/airflow/.local/lib/python3.8/site-packages/airflow/example_dags/example_time_delta_sensor_async.py for tasks to queue
[2023-09-04T01:50:04.058+0000] {logging_mixin.py:151} INFO - [2023-09-04T01:50:04.058+0000] {dagbag.py:539} INFO - Filling up the DagBag from /home/airflow/.local/lib/python3.8/site-packages/airflow/example_dags/example_time_delta_sensor_async.py
[2023-09-04T01:50:04.063+0000] {processor.py:839} INFO - DAG(s) dict_keys(['example_time_delta_sensor_async']) retrieved from /home/airflow/.local/lib/python3.8/site-packages/airflow/example_dags/example_time_delta_sensor_async.py
[2023-09-04T01:50:04.081+0000] {logging_mixin.py:151} INFO - [2023-09-04T01:50:04.081+0000] {dag.py:2907} INFO - Sync 1 DAGs
[2023-09-04T01:50:04.091+0000] {logging_mixin.py:151} INFO - [2023-09-04T01:50:04.091+0000] {dag.py:3677} INFO - Setting next_dagrun for example_time_delta_sensor_async to None, run_after=None
[2023-09-04T01:50:04.103+0000] {processor.py:179} INFO - Processing /home/airflow/.local/lib/python3.8/site-packages/airflow/example_dags/example_time_delta_sensor_async.py took 0.052 seconds
[2023-09-04T01:50:34.598+0000] {processor.py:157} INFO - Started process (PID=551) to work on /home/airflow/.local/lib/python3.8/site-packages/airflow/example_dags/example_time_delta_sensor_async.py
[2023-09-04T01:50:34.599+0000] {processor.py:829} INFO - Processing file /home/airflow/.local/lib/python3.8/site-packages/airflow/example_dags/example_time_delta_sensor_async.py for tasks to queue
[2023-09-04T01:50:34.602+0000] {logging_mixin.py:151} INFO - [2023-09-04T01:50:34.601+0000] {dagbag.py:539} INFO - Filling up the DagBag from /home/airflow/.local/lib/python3.8/site-packages/airflow/example_dags/example_time_delta_sensor_async.py
[2023-09-04T01:50:34.606+0000] {processor.py:839} INFO - DAG(s) dict_keys(['example_time_delta_sensor_async']) retrieved from /home/airflow/.local/lib/python3.8/site-packages/airflow/example_dags/example_time_delta_sensor_async.py
[2023-09-04T01:50:34.625+0000] {logging_mixin.py:151} INFO - [2023-09-04T01:50:34.624+0000] {dag.py:2907} INFO - Sync 1 DAGs
[2023-09-04T01:50:34.633+0000] {logging_mixin.py:151} INFO - [2023-09-04T01:50:34.633+0000] {dag.py:3677} INFO - Setting next_dagrun for example_time_delta_sensor_async to None, run_after=None
[2023-09-04T01:50:34.643+0000] {processor.py:179} INFO - Processing /home/airflow/.local/lib/python3.8/site-packages/airflow/example_dags/example_time_delta_sensor_async.py took 0.048 seconds
[2023-09-04T01:51:05.162+0000] {processor.py:157} INFO - Started process (PID=607) to work on /home/airflow/.local/lib/python3.8/site-packages/airflow/example_dags/example_time_delta_sensor_async.py
[2023-09-04T01:51:05.164+0000] {processor.py:829} INFO - Processing file /home/airflow/.local/lib/python3.8/site-packages/airflow/example_dags/example_time_delta_sensor_async.py for tasks to queue
[2023-09-04T01:51:05.166+0000] {logging_mixin.py:151} INFO - [2023-09-04T01:51:05.166+0000] {dagbag.py:539} INFO - Filling up the DagBag from /home/airflow/.local/lib/python3.8/site-packages/airflow/example_dags/example_time_delta_sensor_async.py
[2023-09-04T01:51:05.171+0000] {processor.py:839} INFO - DAG(s) dict_keys(['example_time_delta_sensor_async']) retrieved from /home/airflow/.local/lib/python3.8/site-packages/airflow/example_dags/example_time_delta_sensor_async.py
[2023-09-04T01:51:05.191+0000] {logging_mixin.py:151} INFO - [2023-09-04T01:51:05.191+0000] {dag.py:2907} INFO - Sync 1 DAGs
[2023-09-04T01:51:05.199+0000] {logging_mixin.py:151} INFO - [2023-09-04T01:51:05.199+0000] {dag.py:3677} INFO - Setting next_dagrun for example_time_delta_sensor_async to None, run_after=None
[2023-09-04T01:51:05.214+0000] {processor.py:179} INFO - Processing /home/airflow/.local/lib/python3.8/site-packages/airflow/example_dags/example_time_delta_sensor_async.py took 0.054 seconds
