[2023-09-04T01:45:58.231+0000] {processor.py:157} INFO - Started process (PID=43) to work on /home/airflow/.local/lib/python3.8/site-packages/airflow/example_dags/example_latest_only_with_trigger.py
[2023-09-04T01:45:58.237+0000] {processor.py:829} INFO - Processing file /home/airflow/.local/lib/python3.8/site-packages/airflow/example_dags/example_latest_only_with_trigger.py for tasks to queue
[2023-09-04T01:45:58.242+0000] {logging_mixin.py:151} INFO - [2023-09-04T01:45:58.241+0000] {dagbag.py:539} INFO - Filling up the DagBag from /home/airflow/.local/lib/python3.8/site-packages/airflow/example_dags/example_latest_only_with_trigger.py
[2023-09-04T01:45:58.257+0000] {processor.py:839} INFO - DAG(s) dict_keys(['latest_only_with_trigger']) retrieved from /home/airflow/.local/lib/python3.8/site-packages/airflow/example_dags/example_latest_only_with_trigger.py
[2023-09-04T01:45:58.305+0000] {logging_mixin.py:151} INFO - [2023-09-04T01:45:58.304+0000] {dag.py:2907} INFO - Sync 1 DAGs
[2023-09-04T01:45:58.357+0000] {logging_mixin.py:151} INFO - [2023-09-04T01:45:58.356+0000] {dag.py:3677} INFO - Setting next_dagrun for latest_only_with_trigger to 2023-09-03T21:45:58.355142+00:00, run_after=2023-09-04T01:45:58.355142+00:00
[2023-09-04T01:45:58.402+0000] {processor.py:179} INFO - Processing /home/airflow/.local/lib/python3.8/site-packages/airflow/example_dags/example_latest_only_with_trigger.py took 0.177 seconds
[2023-09-04T01:46:29.281+0000] {processor.py:157} INFO - Started process (PID=99) to work on /home/airflow/.local/lib/python3.8/site-packages/airflow/example_dags/example_latest_only_with_trigger.py
[2023-09-04T01:46:29.287+0000] {processor.py:829} INFO - Processing file /home/airflow/.local/lib/python3.8/site-packages/airflow/example_dags/example_latest_only_with_trigger.py for tasks to queue
[2023-09-04T01:46:29.294+0000] {logging_mixin.py:151} INFO - [2023-09-04T01:46:29.294+0000] {dagbag.py:539} INFO - Filling up the DagBag from /home/airflow/.local/lib/python3.8/site-packages/airflow/example_dags/example_latest_only_with_trigger.py
[2023-09-04T01:46:29.303+0000] {processor.py:839} INFO - DAG(s) dict_keys(['latest_only_with_trigger']) retrieved from /home/airflow/.local/lib/python3.8/site-packages/airflow/example_dags/example_latest_only_with_trigger.py
[2023-09-04T01:46:29.355+0000] {logging_mixin.py:151} INFO - [2023-09-04T01:46:29.355+0000] {dag.py:2907} INFO - Sync 1 DAGs
[2023-09-04T01:46:29.379+0000] {logging_mixin.py:151} INFO - [2023-09-04T01:46:29.379+0000] {dag.py:3677} INFO - Setting next_dagrun for latest_only_with_trigger to 2023-09-03T21:46:29.379441+00:00, run_after=2023-09-04T01:46:29.379441+00:00
[2023-09-04T01:46:29.425+0000] {processor.py:179} INFO - Processing /home/airflow/.local/lib/python3.8/site-packages/airflow/example_dags/example_latest_only_with_trigger.py took 0.149 seconds
[2023-09-04T01:47:00.291+0000] {processor.py:157} INFO - Started process (PID=155) to work on /home/airflow/.local/lib/python3.8/site-packages/airflow/example_dags/example_latest_only_with_trigger.py
[2023-09-04T01:47:00.294+0000] {processor.py:829} INFO - Processing file /home/airflow/.local/lib/python3.8/site-packages/airflow/example_dags/example_latest_only_with_trigger.py for tasks to queue
[2023-09-04T01:47:00.299+0000] {logging_mixin.py:151} INFO - [2023-09-04T01:47:00.299+0000] {dagbag.py:539} INFO - Filling up the DagBag from /home/airflow/.local/lib/python3.8/site-packages/airflow/example_dags/example_latest_only_with_trigger.py
[2023-09-04T01:47:00.309+0000] {processor.py:839} INFO - DAG(s) dict_keys(['latest_only_with_trigger']) retrieved from /home/airflow/.local/lib/python3.8/site-packages/airflow/example_dags/example_latest_only_with_trigger.py
[2023-09-04T01:47:00.337+0000] {logging_mixin.py:151} INFO - [2023-09-04T01:47:00.337+0000] {dag.py:2907} INFO - Sync 1 DAGs
[2023-09-04T01:47:00.396+0000] {logging_mixin.py:151} INFO - [2023-09-04T01:47:00.396+0000] {dag.py:3677} INFO - Setting next_dagrun for latest_only_with_trigger to 2023-09-03T21:47:00.394814+00:00, run_after=2023-09-04T01:47:00.394814+00:00
[2023-09-04T01:47:00.434+0000] {processor.py:179} INFO - Processing /home/airflow/.local/lib/python3.8/site-packages/airflow/example_dags/example_latest_only_with_trigger.py took 0.146 seconds
[2023-09-04T01:47:31.334+0000] {processor.py:157} INFO - Started process (PID=210) to work on /home/airflow/.local/lib/python3.8/site-packages/airflow/example_dags/example_latest_only_with_trigger.py
[2023-09-04T01:47:31.335+0000] {processor.py:829} INFO - Processing file /home/airflow/.local/lib/python3.8/site-packages/airflow/example_dags/example_latest_only_with_trigger.py for tasks to queue
[2023-09-04T01:47:31.338+0000] {logging_mixin.py:151} INFO - [2023-09-04T01:47:31.338+0000] {dagbag.py:539} INFO - Filling up the DagBag from /home/airflow/.local/lib/python3.8/site-packages/airflow/example_dags/example_latest_only_with_trigger.py
[2023-09-04T01:47:31.343+0000] {processor.py:839} INFO - DAG(s) dict_keys(['latest_only_with_trigger']) retrieved from /home/airflow/.local/lib/python3.8/site-packages/airflow/example_dags/example_latest_only_with_trigger.py
[2023-09-04T01:47:31.404+0000] {logging_mixin.py:151} INFO - [2023-09-04T01:47:31.404+0000] {dag.py:2907} INFO - Sync 1 DAGs
[2023-09-04T01:47:31.447+0000] {logging_mixin.py:151} INFO - [2023-09-04T01:47:31.447+0000] {dag.py:3677} INFO - Setting next_dagrun for latest_only_with_trigger to 2023-09-03T21:47:31.445835+00:00, run_after=2023-09-04T01:47:31.445835+00:00
[2023-09-04T01:47:31.505+0000] {processor.py:179} INFO - Processing /home/airflow/.local/lib/python3.8/site-packages/airflow/example_dags/example_latest_only_with_trigger.py took 0.175 seconds
[2023-09-04T01:48:02.067+0000] {processor.py:157} INFO - Started process (PID=266) to work on /home/airflow/.local/lib/python3.8/site-packages/airflow/example_dags/example_latest_only_with_trigger.py
[2023-09-04T01:48:02.070+0000] {processor.py:829} INFO - Processing file /home/airflow/.local/lib/python3.8/site-packages/airflow/example_dags/example_latest_only_with_trigger.py for tasks to queue
[2023-09-04T01:48:02.077+0000] {logging_mixin.py:151} INFO - [2023-09-04T01:48:02.076+0000] {dagbag.py:539} INFO - Filling up the DagBag from /home/airflow/.local/lib/python3.8/site-packages/airflow/example_dags/example_latest_only_with_trigger.py
[2023-09-04T01:48:02.101+0000] {processor.py:839} INFO - DAG(s) dict_keys(['latest_only_with_trigger']) retrieved from /home/airflow/.local/lib/python3.8/site-packages/airflow/example_dags/example_latest_only_with_trigger.py
[2023-09-04T01:48:02.170+0000] {logging_mixin.py:151} INFO - [2023-09-04T01:48:02.170+0000] {dag.py:2907} INFO - Sync 1 DAGs
[2023-09-04T01:48:02.202+0000] {logging_mixin.py:151} INFO - [2023-09-04T01:48:02.202+0000] {dag.py:3677} INFO - Setting next_dagrun for latest_only_with_trigger to 2023-09-03T21:48:02.202092+00:00, run_after=2023-09-04T01:48:02.202092+00:00
[2023-09-04T01:48:02.217+0000] {processor.py:179} INFO - Processing /home/airflow/.local/lib/python3.8/site-packages/airflow/example_dags/example_latest_only_with_trigger.py took 0.154 seconds
[2023-09-04T01:48:32.663+0000] {processor.py:157} INFO - Started process (PID=321) to work on /home/airflow/.local/lib/python3.8/site-packages/airflow/example_dags/example_latest_only_with_trigger.py
[2023-09-04T01:48:32.670+0000] {processor.py:829} INFO - Processing file /home/airflow/.local/lib/python3.8/site-packages/airflow/example_dags/example_latest_only_with_trigger.py for tasks to queue
[2023-09-04T01:48:32.678+0000] {logging_mixin.py:151} INFO - [2023-09-04T01:48:32.677+0000] {dagbag.py:539} INFO - Filling up the DagBag from /home/airflow/.local/lib/python3.8/site-packages/airflow/example_dags/example_latest_only_with_trigger.py
[2023-09-04T01:48:32.693+0000] {processor.py:839} INFO - DAG(s) dict_keys(['latest_only_with_trigger']) retrieved from /home/airflow/.local/lib/python3.8/site-packages/airflow/example_dags/example_latest_only_with_trigger.py
[2023-09-04T01:48:32.762+0000] {logging_mixin.py:151} INFO - [2023-09-04T01:48:32.762+0000] {dag.py:2907} INFO - Sync 1 DAGs
[2023-09-04T01:48:32.790+0000] {logging_mixin.py:151} INFO - [2023-09-04T01:48:32.790+0000] {dag.py:3677} INFO - Setting next_dagrun for latest_only_with_trigger to 2023-09-03T21:48:32.789787+00:00, run_after=2023-09-04T01:48:32.789787+00:00
[2023-09-04T01:48:32.813+0000] {processor.py:179} INFO - Processing /home/airflow/.local/lib/python3.8/site-packages/airflow/example_dags/example_latest_only_with_trigger.py took 0.182 seconds
[2023-09-04T01:49:03.007+0000] {processor.py:157} INFO - Started process (PID=377) to work on /home/airflow/.local/lib/python3.8/site-packages/airflow/example_dags/example_latest_only_with_trigger.py
[2023-09-04T01:49:03.010+0000] {processor.py:829} INFO - Processing file /home/airflow/.local/lib/python3.8/site-packages/airflow/example_dags/example_latest_only_with_trigger.py for tasks to queue
[2023-09-04T01:49:03.013+0000] {logging_mixin.py:151} INFO - [2023-09-04T01:49:03.013+0000] {dagbag.py:539} INFO - Filling up the DagBag from /home/airflow/.local/lib/python3.8/site-packages/airflow/example_dags/example_latest_only_with_trigger.py
[2023-09-04T01:49:03.020+0000] {processor.py:839} INFO - DAG(s) dict_keys(['latest_only_with_trigger']) retrieved from /home/airflow/.local/lib/python3.8/site-packages/airflow/example_dags/example_latest_only_with_trigger.py
[2023-09-04T01:49:03.043+0000] {logging_mixin.py:151} INFO - [2023-09-04T01:49:03.043+0000] {dag.py:2907} INFO - Sync 1 DAGs
[2023-09-04T01:49:03.059+0000] {logging_mixin.py:151} INFO - [2023-09-04T01:49:03.059+0000] {dag.py:3677} INFO - Setting next_dagrun for latest_only_with_trigger to 2023-09-03T21:49:03.059361+00:00, run_after=2023-09-04T01:49:03.059361+00:00
[2023-09-04T01:49:03.071+0000] {processor.py:179} INFO - Processing /home/airflow/.local/lib/python3.8/site-packages/airflow/example_dags/example_latest_only_with_trigger.py took 0.073 seconds
[2023-09-04T01:49:33.430+0000] {processor.py:157} INFO - Started process (PID=433) to work on /home/airflow/.local/lib/python3.8/site-packages/airflow/example_dags/example_latest_only_with_trigger.py
[2023-09-04T01:49:33.433+0000] {processor.py:829} INFO - Processing file /home/airflow/.local/lib/python3.8/site-packages/airflow/example_dags/example_latest_only_with_trigger.py for tasks to queue
[2023-09-04T01:49:33.437+0000] {logging_mixin.py:151} INFO - [2023-09-04T01:49:33.437+0000] {dagbag.py:539} INFO - Filling up the DagBag from /home/airflow/.local/lib/python3.8/site-packages/airflow/example_dags/example_latest_only_with_trigger.py
[2023-09-04T01:49:33.445+0000] {processor.py:839} INFO - DAG(s) dict_keys(['latest_only_with_trigger']) retrieved from /home/airflow/.local/lib/python3.8/site-packages/airflow/example_dags/example_latest_only_with_trigger.py
[2023-09-04T01:49:33.471+0000] {logging_mixin.py:151} INFO - [2023-09-04T01:49:33.471+0000] {dag.py:2907} INFO - Sync 1 DAGs
[2023-09-04T01:49:33.488+0000] {logging_mixin.py:151} INFO - [2023-09-04T01:49:33.488+0000] {dag.py:3677} INFO - Setting next_dagrun for latest_only_with_trigger to 2023-09-03T21:49:33.487998+00:00, run_after=2023-09-04T01:49:33.487998+00:00
[2023-09-04T01:49:33.503+0000] {processor.py:179} INFO - Processing /home/airflow/.local/lib/python3.8/site-packages/airflow/example_dags/example_latest_only_with_trigger.py took 0.077 seconds
[2023-09-04T01:50:03.761+0000] {processor.py:157} INFO - Started process (PID=490) to work on /home/airflow/.local/lib/python3.8/site-packages/airflow/example_dags/example_latest_only_with_trigger.py
[2023-09-04T01:50:03.765+0000] {processor.py:829} INFO - Processing file /home/airflow/.local/lib/python3.8/site-packages/airflow/example_dags/example_latest_only_with_trigger.py for tasks to queue
[2023-09-04T01:50:03.771+0000] {logging_mixin.py:151} INFO - [2023-09-04T01:50:03.770+0000] {dagbag.py:539} INFO - Filling up the DagBag from /home/airflow/.local/lib/python3.8/site-packages/airflow/example_dags/example_latest_only_with_trigger.py
[2023-09-04T01:50:03.781+0000] {processor.py:839} INFO - DAG(s) dict_keys(['latest_only_with_trigger']) retrieved from /home/airflow/.local/lib/python3.8/site-packages/airflow/example_dags/example_latest_only_with_trigger.py
[2023-09-04T01:50:03.813+0000] {logging_mixin.py:151} INFO - [2023-09-04T01:50:03.812+0000] {dag.py:2907} INFO - Sync 1 DAGs
[2023-09-04T01:50:03.870+0000] {logging_mixin.py:151} INFO - [2023-09-04T01:50:03.870+0000] {dag.py:3677} INFO - Setting next_dagrun for latest_only_with_trigger to 2023-09-03T21:50:03.869929+00:00, run_after=2023-09-04T01:50:03.869929+00:00
[2023-09-04T01:50:03.887+0000] {processor.py:179} INFO - Processing /home/airflow/.local/lib/python3.8/site-packages/airflow/example_dags/example_latest_only_with_trigger.py took 0.136 seconds
[2023-09-04T01:50:34.323+0000] {processor.py:157} INFO - Started process (PID=546) to work on /home/airflow/.local/lib/python3.8/site-packages/airflow/example_dags/example_latest_only_with_trigger.py
[2023-09-04T01:50:34.325+0000] {processor.py:829} INFO - Processing file /home/airflow/.local/lib/python3.8/site-packages/airflow/example_dags/example_latest_only_with_trigger.py for tasks to queue
[2023-09-04T01:50:34.327+0000] {logging_mixin.py:151} INFO - [2023-09-04T01:50:34.327+0000] {dagbag.py:539} INFO - Filling up the DagBag from /home/airflow/.local/lib/python3.8/site-packages/airflow/example_dags/example_latest_only_with_trigger.py
[2023-09-04T01:50:34.332+0000] {processor.py:839} INFO - DAG(s) dict_keys(['latest_only_with_trigger']) retrieved from /home/airflow/.local/lib/python3.8/site-packages/airflow/example_dags/example_latest_only_with_trigger.py
[2023-09-04T01:50:34.354+0000] {logging_mixin.py:151} INFO - [2023-09-04T01:50:34.353+0000] {dag.py:2907} INFO - Sync 1 DAGs
[2023-09-04T01:50:34.369+0000] {logging_mixin.py:151} INFO - [2023-09-04T01:50:34.369+0000] {dag.py:3677} INFO - Setting next_dagrun for latest_only_with_trigger to 2023-09-03T21:50:34.369138+00:00, run_after=2023-09-04T01:50:34.369138+00:00
[2023-09-04T01:50:34.381+0000] {processor.py:179} INFO - Processing /home/airflow/.local/lib/python3.8/site-packages/airflow/example_dags/example_latest_only_with_trigger.py took 0.061 seconds
[2023-09-04T01:51:04.902+0000] {processor.py:157} INFO - Started process (PID=602) to work on /home/airflow/.local/lib/python3.8/site-packages/airflow/example_dags/example_latest_only_with_trigger.py
[2023-09-04T01:51:04.905+0000] {processor.py:829} INFO - Processing file /home/airflow/.local/lib/python3.8/site-packages/airflow/example_dags/example_latest_only_with_trigger.py for tasks to queue
[2023-09-04T01:51:04.909+0000] {logging_mixin.py:151} INFO - [2023-09-04T01:51:04.909+0000] {dagbag.py:539} INFO - Filling up the DagBag from /home/airflow/.local/lib/python3.8/site-packages/airflow/example_dags/example_latest_only_with_trigger.py
[2023-09-04T01:51:04.916+0000] {processor.py:839} INFO - DAG(s) dict_keys(['latest_only_with_trigger']) retrieved from /home/airflow/.local/lib/python3.8/site-packages/airflow/example_dags/example_latest_only_with_trigger.py
[2023-09-04T01:51:04.938+0000] {logging_mixin.py:151} INFO - [2023-09-04T01:51:04.938+0000] {dag.py:2907} INFO - Sync 1 DAGs
[2023-09-04T01:51:04.952+0000] {logging_mixin.py:151} INFO - [2023-09-04T01:51:04.952+0000] {dag.py:3677} INFO - Setting next_dagrun for latest_only_with_trigger to 2023-09-03T21:51:04.952648+00:00, run_after=2023-09-04T01:51:04.952648+00:00
[2023-09-04T01:51:04.965+0000] {processor.py:179} INFO - Processing /home/airflow/.local/lib/python3.8/site-packages/airflow/example_dags/example_latest_only_with_trigger.py took 0.071 seconds
