[2023-09-04T01:46:03.467+0000] {processor.py:157} INFO - Started process (PID=68) to work on /home/airflow/.local/lib/python3.8/site-packages/airflow/example_dags/example_branch_python_dop_operator_3.py
[2023-09-04T01:46:03.470+0000] {processor.py:829} INFO - Processing file /home/airflow/.local/lib/python3.8/site-packages/airflow/example_dags/example_branch_python_dop_operator_3.py for tasks to queue
[2023-09-04T01:46:03.476+0000] {logging_mixin.py:151} INFO - [2023-09-04T01:46:03.475+0000] {dagbag.py:539} INFO - Filling up the DagBag from /home/airflow/.local/lib/python3.8/site-packages/airflow/example_dags/example_branch_python_dop_operator_3.py
[2023-09-04T01:46:03.498+0000] {processor.py:839} INFO - DAG(s) dict_keys(['example_branch_dop_operator_v3']) retrieved from /home/airflow/.local/lib/python3.8/site-packages/airflow/example_dags/example_branch_python_dop_operator_3.py
[2023-09-04T01:46:03.566+0000] {logging_mixin.py:151} INFO - [2023-09-04T01:46:03.565+0000] {dag.py:2907} INFO - Sync 1 DAGs
[2023-09-04T01:46:03.758+0000] {logging_mixin.py:151} INFO - [2023-09-04T01:46:03.758+0000] {dag.py:3677} INFO - Setting next_dagrun for example_branch_dop_operator_v3 to 2023-09-04T01:45:00+00:00, run_after=2023-09-04T01:46:00+00:00
[2023-09-04T01:46:03.844+0000] {processor.py:179} INFO - Processing /home/airflow/.local/lib/python3.8/site-packages/airflow/example_dags/example_branch_python_dop_operator_3.py took 0.384 seconds
[2023-09-04T01:46:34.456+0000] {processor.py:157} INFO - Started process (PID=124) to work on /home/airflow/.local/lib/python3.8/site-packages/airflow/example_dags/example_branch_python_dop_operator_3.py
[2023-09-04T01:46:34.458+0000] {processor.py:829} INFO - Processing file /home/airflow/.local/lib/python3.8/site-packages/airflow/example_dags/example_branch_python_dop_operator_3.py for tasks to queue
[2023-09-04T01:46:34.461+0000] {logging_mixin.py:151} INFO - [2023-09-04T01:46:34.460+0000] {dagbag.py:539} INFO - Filling up the DagBag from /home/airflow/.local/lib/python3.8/site-packages/airflow/example_dags/example_branch_python_dop_operator_3.py
[2023-09-04T01:46:34.467+0000] {processor.py:839} INFO - DAG(s) dict_keys(['example_branch_dop_operator_v3']) retrieved from /home/airflow/.local/lib/python3.8/site-packages/airflow/example_dags/example_branch_python_dop_operator_3.py
[2023-09-04T01:46:34.490+0000] {logging_mixin.py:151} INFO - [2023-09-04T01:46:34.490+0000] {dag.py:2907} INFO - Sync 1 DAGs
[2023-09-04T01:46:34.510+0000] {logging_mixin.py:151} INFO - [2023-09-04T01:46:34.510+0000] {dag.py:3677} INFO - Setting next_dagrun for example_branch_dop_operator_v3 to 2023-09-04T01:45:00+00:00, run_after=2023-09-04T01:46:00+00:00
[2023-09-04T01:46:34.523+0000] {processor.py:179} INFO - Processing /home/airflow/.local/lib/python3.8/site-packages/airflow/example_dags/example_branch_python_dop_operator_3.py took 0.070 seconds
[2023-09-04T01:47:05.502+0000] {processor.py:157} INFO - Started process (PID=180) to work on /home/airflow/.local/lib/python3.8/site-packages/airflow/example_dags/example_branch_python_dop_operator_3.py
[2023-09-04T01:47:05.505+0000] {processor.py:829} INFO - Processing file /home/airflow/.local/lib/python3.8/site-packages/airflow/example_dags/example_branch_python_dop_operator_3.py for tasks to queue
[2023-09-04T01:47:05.511+0000] {logging_mixin.py:151} INFO - [2023-09-04T01:47:05.511+0000] {dagbag.py:539} INFO - Filling up the DagBag from /home/airflow/.local/lib/python3.8/site-packages/airflow/example_dags/example_branch_python_dop_operator_3.py
[2023-09-04T01:47:05.523+0000] {processor.py:839} INFO - DAG(s) dict_keys(['example_branch_dop_operator_v3']) retrieved from /home/airflow/.local/lib/python3.8/site-packages/airflow/example_dags/example_branch_python_dop_operator_3.py
[2023-09-04T01:47:05.547+0000] {logging_mixin.py:151} INFO - [2023-09-04T01:47:05.547+0000] {dag.py:2907} INFO - Sync 1 DAGs
[2023-09-04T01:47:05.572+0000] {logging_mixin.py:151} INFO - [2023-09-04T01:47:05.572+0000] {dag.py:3677} INFO - Setting next_dagrun for example_branch_dop_operator_v3 to 2023-09-04T01:46:00+00:00, run_after=2023-09-04T01:47:00+00:00
[2023-09-04T01:47:05.593+0000] {processor.py:179} INFO - Processing /home/airflow/.local/lib/python3.8/site-packages/airflow/example_dags/example_branch_python_dop_operator_3.py took 0.095 seconds
[2023-09-04T01:47:36.215+0000] {processor.py:157} INFO - Started process (PID=236) to work on /home/airflow/.local/lib/python3.8/site-packages/airflow/example_dags/example_branch_python_dop_operator_3.py
[2023-09-04T01:47:36.218+0000] {processor.py:829} INFO - Processing file /home/airflow/.local/lib/python3.8/site-packages/airflow/example_dags/example_branch_python_dop_operator_3.py for tasks to queue
[2023-09-04T01:47:36.223+0000] {logging_mixin.py:151} INFO - [2023-09-04T01:47:36.222+0000] {dagbag.py:539} INFO - Filling up the DagBag from /home/airflow/.local/lib/python3.8/site-packages/airflow/example_dags/example_branch_python_dop_operator_3.py
[2023-09-04T01:47:36.231+0000] {processor.py:839} INFO - DAG(s) dict_keys(['example_branch_dop_operator_v3']) retrieved from /home/airflow/.local/lib/python3.8/site-packages/airflow/example_dags/example_branch_python_dop_operator_3.py
[2023-09-04T01:47:36.256+0000] {logging_mixin.py:151} INFO - [2023-09-04T01:47:36.256+0000] {dag.py:2907} INFO - Sync 1 DAGs
[2023-09-04T01:47:36.274+0000] {logging_mixin.py:151} INFO - [2023-09-04T01:47:36.274+0000] {dag.py:3677} INFO - Setting next_dagrun for example_branch_dop_operator_v3 to 2023-09-04T01:46:00+00:00, run_after=2023-09-04T01:47:00+00:00
[2023-09-04T01:47:36.288+0000] {processor.py:179} INFO - Processing /home/airflow/.local/lib/python3.8/site-packages/airflow/example_dags/example_branch_python_dop_operator_3.py took 0.077 seconds
[2023-09-04T01:48:06.901+0000] {processor.py:157} INFO - Started process (PID=292) to work on /home/airflow/.local/lib/python3.8/site-packages/airflow/example_dags/example_branch_python_dop_operator_3.py
[2023-09-04T01:48:06.903+0000] {processor.py:829} INFO - Processing file /home/airflow/.local/lib/python3.8/site-packages/airflow/example_dags/example_branch_python_dop_operator_3.py for tasks to queue
[2023-09-04T01:48:06.906+0000] {logging_mixin.py:151} INFO - [2023-09-04T01:48:06.906+0000] {dagbag.py:539} INFO - Filling up the DagBag from /home/airflow/.local/lib/python3.8/site-packages/airflow/example_dags/example_branch_python_dop_operator_3.py
[2023-09-04T01:48:06.945+0000] {processor.py:839} INFO - DAG(s) dict_keys(['example_branch_dop_operator_v3']) retrieved from /home/airflow/.local/lib/python3.8/site-packages/airflow/example_dags/example_branch_python_dop_operator_3.py
[2023-09-04T01:48:06.979+0000] {logging_mixin.py:151} INFO - [2023-09-04T01:48:06.979+0000] {dag.py:2907} INFO - Sync 1 DAGs
[2023-09-04T01:48:06.998+0000] {logging_mixin.py:151} INFO - [2023-09-04T01:48:06.998+0000] {dag.py:3677} INFO - Setting next_dagrun for example_branch_dop_operator_v3 to 2023-09-04T01:47:00+00:00, run_after=2023-09-04T01:48:00+00:00
[2023-09-04T01:48:07.016+0000] {processor.py:179} INFO - Processing /home/airflow/.local/lib/python3.8/site-packages/airflow/example_dags/example_branch_python_dop_operator_3.py took 0.118 seconds
[2023-09-04T01:48:37.290+0000] {processor.py:157} INFO - Started process (PID=348) to work on /home/airflow/.local/lib/python3.8/site-packages/airflow/example_dags/example_branch_python_dop_operator_3.py
[2023-09-04T01:48:37.294+0000] {processor.py:829} INFO - Processing file /home/airflow/.local/lib/python3.8/site-packages/airflow/example_dags/example_branch_python_dop_operator_3.py for tasks to queue
[2023-09-04T01:48:37.301+0000] {logging_mixin.py:151} INFO - [2023-09-04T01:48:37.300+0000] {dagbag.py:539} INFO - Filling up the DagBag from /home/airflow/.local/lib/python3.8/site-packages/airflow/example_dags/example_branch_python_dop_operator_3.py
[2023-09-04T01:48:37.313+0000] {processor.py:839} INFO - DAG(s) dict_keys(['example_branch_dop_operator_v3']) retrieved from /home/airflow/.local/lib/python3.8/site-packages/airflow/example_dags/example_branch_python_dop_operator_3.py
[2023-09-04T01:48:37.353+0000] {logging_mixin.py:151} INFO - [2023-09-04T01:48:37.352+0000] {dag.py:2907} INFO - Sync 1 DAGs
[2023-09-04T01:48:37.374+0000] {logging_mixin.py:151} INFO - [2023-09-04T01:48:37.374+0000] {dag.py:3677} INFO - Setting next_dagrun for example_branch_dop_operator_v3 to 2023-09-04T01:47:00+00:00, run_after=2023-09-04T01:48:00+00:00
[2023-09-04T01:48:37.390+0000] {processor.py:179} INFO - Processing /home/airflow/.local/lib/python3.8/site-packages/airflow/example_dags/example_branch_python_dop_operator_3.py took 0.106 seconds
[2023-09-04T01:49:07.829+0000] {processor.py:157} INFO - Started process (PID=404) to work on /home/airflow/.local/lib/python3.8/site-packages/airflow/example_dags/example_branch_python_dop_operator_3.py
[2023-09-04T01:49:07.831+0000] {processor.py:829} INFO - Processing file /home/airflow/.local/lib/python3.8/site-packages/airflow/example_dags/example_branch_python_dop_operator_3.py for tasks to queue
[2023-09-04T01:49:07.834+0000] {logging_mixin.py:151} INFO - [2023-09-04T01:49:07.833+0000] {dagbag.py:539} INFO - Filling up the DagBag from /home/airflow/.local/lib/python3.8/site-packages/airflow/example_dags/example_branch_python_dop_operator_3.py
[2023-09-04T01:49:07.843+0000] {processor.py:839} INFO - DAG(s) dict_keys(['example_branch_dop_operator_v3']) retrieved from /home/airflow/.local/lib/python3.8/site-packages/airflow/example_dags/example_branch_python_dop_operator_3.py
[2023-09-04T01:49:07.863+0000] {logging_mixin.py:151} INFO - [2023-09-04T01:49:07.863+0000] {dag.py:2907} INFO - Sync 1 DAGs
[2023-09-04T01:49:07.884+0000] {logging_mixin.py:151} INFO - [2023-09-04T01:49:07.884+0000] {dag.py:3677} INFO - Setting next_dagrun for example_branch_dop_operator_v3 to 2023-09-04T01:48:00+00:00, run_after=2023-09-04T01:49:00+00:00
[2023-09-04T01:49:07.901+0000] {processor.py:179} INFO - Processing /home/airflow/.local/lib/python3.8/site-packages/airflow/example_dags/example_branch_python_dop_operator_3.py took 0.075 seconds
[2023-09-04T01:49:38.073+0000] {processor.py:157} INFO - Started process (PID=460) to work on /home/airflow/.local/lib/python3.8/site-packages/airflow/example_dags/example_branch_python_dop_operator_3.py
[2023-09-04T01:49:38.076+0000] {processor.py:829} INFO - Processing file /home/airflow/.local/lib/python3.8/site-packages/airflow/example_dags/example_branch_python_dop_operator_3.py for tasks to queue
[2023-09-04T01:49:38.079+0000] {logging_mixin.py:151} INFO - [2023-09-04T01:49:38.079+0000] {dagbag.py:539} INFO - Filling up the DagBag from /home/airflow/.local/lib/python3.8/site-packages/airflow/example_dags/example_branch_python_dop_operator_3.py
[2023-09-04T01:49:38.087+0000] {processor.py:839} INFO - DAG(s) dict_keys(['example_branch_dop_operator_v3']) retrieved from /home/airflow/.local/lib/python3.8/site-packages/airflow/example_dags/example_branch_python_dop_operator_3.py
[2023-09-04T01:49:38.109+0000] {logging_mixin.py:151} INFO - [2023-09-04T01:49:38.109+0000] {dag.py:2907} INFO - Sync 1 DAGs
[2023-09-04T01:49:38.127+0000] {logging_mixin.py:151} INFO - [2023-09-04T01:49:38.127+0000] {dag.py:3677} INFO - Setting next_dagrun for example_branch_dop_operator_v3 to 2023-09-04T01:48:00+00:00, run_after=2023-09-04T01:49:00+00:00
[2023-09-04T01:49:38.139+0000] {processor.py:179} INFO - Processing /home/airflow/.local/lib/python3.8/site-packages/airflow/example_dags/example_branch_python_dop_operator_3.py took 0.070 seconds
[2023-09-04T01:50:08.824+0000] {processor.py:157} INFO - Started process (PID=517) to work on /home/airflow/.local/lib/python3.8/site-packages/airflow/example_dags/example_branch_python_dop_operator_3.py
[2023-09-04T01:50:08.826+0000] {processor.py:829} INFO - Processing file /home/airflow/.local/lib/python3.8/site-packages/airflow/example_dags/example_branch_python_dop_operator_3.py for tasks to queue
[2023-09-04T01:50:08.828+0000] {logging_mixin.py:151} INFO - [2023-09-04T01:50:08.828+0000] {dagbag.py:539} INFO - Filling up the DagBag from /home/airflow/.local/lib/python3.8/site-packages/airflow/example_dags/example_branch_python_dop_operator_3.py
[2023-09-04T01:50:08.835+0000] {processor.py:839} INFO - DAG(s) dict_keys(['example_branch_dop_operator_v3']) retrieved from /home/airflow/.local/lib/python3.8/site-packages/airflow/example_dags/example_branch_python_dop_operator_3.py
[2023-09-04T01:50:08.856+0000] {logging_mixin.py:151} INFO - [2023-09-04T01:50:08.856+0000] {dag.py:2907} INFO - Sync 1 DAGs
[2023-09-04T01:50:08.874+0000] {logging_mixin.py:151} INFO - [2023-09-04T01:50:08.874+0000] {dag.py:3677} INFO - Setting next_dagrun for example_branch_dop_operator_v3 to 2023-09-04T01:49:00+00:00, run_after=2023-09-04T01:50:00+00:00
[2023-09-04T01:50:08.888+0000] {processor.py:179} INFO - Processing /home/airflow/.local/lib/python3.8/site-packages/airflow/example_dags/example_branch_python_dop_operator_3.py took 0.067 seconds
[2023-09-04T01:50:40.102+0000] {processor.py:157} INFO - Started process (PID=573) to work on /home/airflow/.local/lib/python3.8/site-packages/airflow/example_dags/example_branch_python_dop_operator_3.py
[2023-09-04T01:50:40.105+0000] {processor.py:829} INFO - Processing file /home/airflow/.local/lib/python3.8/site-packages/airflow/example_dags/example_branch_python_dop_operator_3.py for tasks to queue
[2023-09-04T01:50:40.108+0000] {logging_mixin.py:151} INFO - [2023-09-04T01:50:40.108+0000] {dagbag.py:539} INFO - Filling up the DagBag from /home/airflow/.local/lib/python3.8/site-packages/airflow/example_dags/example_branch_python_dop_operator_3.py
[2023-09-04T01:50:40.116+0000] {processor.py:839} INFO - DAG(s) dict_keys(['example_branch_dop_operator_v3']) retrieved from /home/airflow/.local/lib/python3.8/site-packages/airflow/example_dags/example_branch_python_dop_operator_3.py
[2023-09-04T01:50:40.136+0000] {logging_mixin.py:151} INFO - [2023-09-04T01:50:40.136+0000] {dag.py:2907} INFO - Sync 1 DAGs
[2023-09-04T01:50:40.153+0000] {logging_mixin.py:151} INFO - [2023-09-04T01:50:40.153+0000] {dag.py:3677} INFO - Setting next_dagrun for example_branch_dop_operator_v3 to 2023-09-04T01:49:00+00:00, run_after=2023-09-04T01:50:00+00:00
[2023-09-04T01:50:40.166+0000] {processor.py:179} INFO - Processing /home/airflow/.local/lib/python3.8/site-packages/airflow/example_dags/example_branch_python_dop_operator_3.py took 0.067 seconds
[2023-09-04T01:51:10.505+0000] {processor.py:157} INFO - Started process (PID=629) to work on /home/airflow/.local/lib/python3.8/site-packages/airflow/example_dags/example_branch_python_dop_operator_3.py
[2023-09-04T01:51:10.514+0000] {processor.py:829} INFO - Processing file /home/airflow/.local/lib/python3.8/site-packages/airflow/example_dags/example_branch_python_dop_operator_3.py for tasks to queue
[2023-09-04T01:51:10.518+0000] {logging_mixin.py:151} INFO - [2023-09-04T01:51:10.517+0000] {dagbag.py:539} INFO - Filling up the DagBag from /home/airflow/.local/lib/python3.8/site-packages/airflow/example_dags/example_branch_python_dop_operator_3.py
[2023-09-04T01:51:10.528+0000] {processor.py:839} INFO - DAG(s) dict_keys(['example_branch_dop_operator_v3']) retrieved from /home/airflow/.local/lib/python3.8/site-packages/airflow/example_dags/example_branch_python_dop_operator_3.py
[2023-09-04T01:51:10.548+0000] {logging_mixin.py:151} INFO - [2023-09-04T01:51:10.548+0000] {dag.py:2907} INFO - Sync 1 DAGs
[2023-09-04T01:51:10.568+0000] {logging_mixin.py:151} INFO - [2023-09-04T01:51:10.568+0000] {dag.py:3677} INFO - Setting next_dagrun for example_branch_dop_operator_v3 to 2023-09-04T01:50:00+00:00, run_after=2023-09-04T01:51:00+00:00
[2023-09-04T01:51:10.581+0000] {processor.py:179} INFO - Processing /home/airflow/.local/lib/python3.8/site-packages/airflow/example_dags/example_branch_python_dop_operator_3.py took 0.080 seconds
