[2023-09-04T01:46:01.410+0000] {processor.py:157} INFO - Started process (PID=57) to work on /home/airflow/.local/lib/python3.8/site-packages/airflow/example_dags/example_branch_datetime_operator.py
[2023-09-04T01:46:01.415+0000] {processor.py:829} INFO - Processing file /home/airflow/.local/lib/python3.8/site-packages/airflow/example_dags/example_branch_datetime_operator.py for tasks to queue
[2023-09-04T01:46:01.427+0000] {logging_mixin.py:151} INFO - [2023-09-04T01:46:01.426+0000] {dagbag.py:539} INFO - Filling up the DagBag from /home/airflow/.local/lib/python3.8/site-packages/airflow/example_dags/example_branch_datetime_operator.py
[2023-09-04T01:46:01.477+0000] {processor.py:839} INFO - DAG(s) dict_keys(['example_branch_datetime_operator_3', 'example_branch_datetime_operator', 'example_branch_datetime_operator_2']) retrieved from /home/airflow/.local/lib/python3.8/site-packages/airflow/example_dags/example_branch_datetime_operator.py
[2023-09-04T01:46:01.523+0000] {logging_mixin.py:151} INFO - [2023-09-04T01:46:01.523+0000] {dag.py:2907} INFO - Sync 3 DAGs
[2023-09-04T01:46:01.604+0000] {logging_mixin.py:151} INFO - [2023-09-04T01:46:01.604+0000] {dag.py:3677} INFO - Setting next_dagrun for example_branch_datetime_operator to 2023-09-03T00:00:00+00:00, run_after=2023-09-04T00:00:00+00:00
[2023-09-04T01:46:01.614+0000] {logging_mixin.py:151} INFO - [2023-09-04T01:46:01.614+0000] {dag.py:3677} INFO - Setting next_dagrun for example_branch_datetime_operator_2 to 2023-09-03T00:00:00+00:00, run_after=2023-09-04T00:00:00+00:00
[2023-09-04T01:46:01.619+0000] {logging_mixin.py:151} INFO - [2023-09-04T01:46:01.619+0000] {dag.py:3677} INFO - Setting next_dagrun for example_branch_datetime_operator_3 to 2023-09-03T00:00:00+00:00, run_after=2023-09-04T00:00:00+00:00
[2023-09-04T01:46:01.675+0000] {processor.py:179} INFO - Processing /home/airflow/.local/lib/python3.8/site-packages/airflow/example_dags/example_branch_datetime_operator.py took 0.274 seconds
[2023-09-04T01:46:32.452+0000] {processor.py:157} INFO - Started process (PID=113) to work on /home/airflow/.local/lib/python3.8/site-packages/airflow/example_dags/example_branch_datetime_operator.py
[2023-09-04T01:46:32.455+0000] {processor.py:829} INFO - Processing file /home/airflow/.local/lib/python3.8/site-packages/airflow/example_dags/example_branch_datetime_operator.py for tasks to queue
[2023-09-04T01:46:32.457+0000] {logging_mixin.py:151} INFO - [2023-09-04T01:46:32.457+0000] {dagbag.py:539} INFO - Filling up the DagBag from /home/airflow/.local/lib/python3.8/site-packages/airflow/example_dags/example_branch_datetime_operator.py
[2023-09-04T01:46:32.472+0000] {processor.py:839} INFO - DAG(s) dict_keys(['example_branch_datetime_operator', 'example_branch_datetime_operator_2', 'example_branch_datetime_operator_3']) retrieved from /home/airflow/.local/lib/python3.8/site-packages/airflow/example_dags/example_branch_datetime_operator.py
[2023-09-04T01:46:32.505+0000] {logging_mixin.py:151} INFO - [2023-09-04T01:46:32.505+0000] {dag.py:2907} INFO - Sync 3 DAGs
[2023-09-04T01:46:32.545+0000] {logging_mixin.py:151} INFO - [2023-09-04T01:46:32.545+0000] {dag.py:3677} INFO - Setting next_dagrun for example_branch_datetime_operator to 2023-09-03T00:00:00+00:00, run_after=2023-09-04T00:00:00+00:00
[2023-09-04T01:46:32.551+0000] {logging_mixin.py:151} INFO - [2023-09-04T01:46:32.551+0000] {dag.py:3677} INFO - Setting next_dagrun for example_branch_datetime_operator_2 to 2023-09-03T00:00:00+00:00, run_after=2023-09-04T00:00:00+00:00
[2023-09-04T01:46:32.555+0000] {logging_mixin.py:151} INFO - [2023-09-04T01:46:32.555+0000] {dag.py:3677} INFO - Setting next_dagrun for example_branch_datetime_operator_3 to 2023-09-03T00:00:00+00:00, run_after=2023-09-04T00:00:00+00:00
[2023-09-04T01:46:32.566+0000] {processor.py:179} INFO - Processing /home/airflow/.local/lib/python3.8/site-packages/airflow/example_dags/example_branch_datetime_operator.py took 0.117 seconds
[2023-09-04T01:47:03.247+0000] {processor.py:157} INFO - Started process (PID=169) to work on /home/airflow/.local/lib/python3.8/site-packages/airflow/example_dags/example_branch_datetime_operator.py
[2023-09-04T01:47:03.252+0000] {processor.py:829} INFO - Processing file /home/airflow/.local/lib/python3.8/site-packages/airflow/example_dags/example_branch_datetime_operator.py for tasks to queue
[2023-09-04T01:47:03.256+0000] {logging_mixin.py:151} INFO - [2023-09-04T01:47:03.255+0000] {dagbag.py:539} INFO - Filling up the DagBag from /home/airflow/.local/lib/python3.8/site-packages/airflow/example_dags/example_branch_datetime_operator.py
[2023-09-04T01:47:03.270+0000] {processor.py:839} INFO - DAG(s) dict_keys(['example_branch_datetime_operator_2', 'example_branch_datetime_operator', 'example_branch_datetime_operator_3']) retrieved from /home/airflow/.local/lib/python3.8/site-packages/airflow/example_dags/example_branch_datetime_operator.py
[2023-09-04T01:47:03.311+0000] {logging_mixin.py:151} INFO - [2023-09-04T01:47:03.311+0000] {dag.py:2907} INFO - Sync 3 DAGs
[2023-09-04T01:47:03.336+0000] {logging_mixin.py:151} INFO - [2023-09-04T01:47:03.336+0000] {dag.py:3677} INFO - Setting next_dagrun for example_branch_datetime_operator to 2023-09-03T00:00:00+00:00, run_after=2023-09-04T00:00:00+00:00
[2023-09-04T01:47:03.344+0000] {logging_mixin.py:151} INFO - [2023-09-04T01:47:03.344+0000] {dag.py:3677} INFO - Setting next_dagrun for example_branch_datetime_operator_2 to 2023-09-03T00:00:00+00:00, run_after=2023-09-04T00:00:00+00:00
[2023-09-04T01:47:03.349+0000] {logging_mixin.py:151} INFO - [2023-09-04T01:47:03.349+0000] {dag.py:3677} INFO - Setting next_dagrun for example_branch_datetime_operator_3 to 2023-09-03T00:00:00+00:00, run_after=2023-09-04T00:00:00+00:00
[2023-09-04T01:47:03.376+0000] {processor.py:179} INFO - Processing /home/airflow/.local/lib/python3.8/site-packages/airflow/example_dags/example_branch_datetime_operator.py took 0.137 seconds
[2023-09-04T01:47:34.388+0000] {processor.py:157} INFO - Started process (PID=225) to work on /home/airflow/.local/lib/python3.8/site-packages/airflow/example_dags/example_branch_datetime_operator.py
[2023-09-04T01:47:34.391+0000] {processor.py:829} INFO - Processing file /home/airflow/.local/lib/python3.8/site-packages/airflow/example_dags/example_branch_datetime_operator.py for tasks to queue
[2023-09-04T01:47:34.395+0000] {logging_mixin.py:151} INFO - [2023-09-04T01:47:34.395+0000] {dagbag.py:539} INFO - Filling up the DagBag from /home/airflow/.local/lib/python3.8/site-packages/airflow/example_dags/example_branch_datetime_operator.py
[2023-09-04T01:47:34.409+0000] {processor.py:839} INFO - DAG(s) dict_keys(['example_branch_datetime_operator_2', 'example_branch_datetime_operator', 'example_branch_datetime_operator_3']) retrieved from /home/airflow/.local/lib/python3.8/site-packages/airflow/example_dags/example_branch_datetime_operator.py
[2023-09-04T01:47:34.446+0000] {logging_mixin.py:151} INFO - [2023-09-04T01:47:34.446+0000] {dag.py:2907} INFO - Sync 3 DAGs
[2023-09-04T01:47:34.487+0000] {logging_mixin.py:151} INFO - [2023-09-04T01:47:34.487+0000] {dag.py:3677} INFO - Setting next_dagrun for example_branch_datetime_operator to 2023-09-03T00:00:00+00:00, run_after=2023-09-04T00:00:00+00:00
[2023-09-04T01:47:34.493+0000] {logging_mixin.py:151} INFO - [2023-09-04T01:47:34.493+0000] {dag.py:3677} INFO - Setting next_dagrun for example_branch_datetime_operator_2 to 2023-09-03T00:00:00+00:00, run_after=2023-09-04T00:00:00+00:00
[2023-09-04T01:47:34.496+0000] {logging_mixin.py:151} INFO - [2023-09-04T01:47:34.496+0000] {dag.py:3677} INFO - Setting next_dagrun for example_branch_datetime_operator_3 to 2023-09-03T00:00:00+00:00, run_after=2023-09-04T00:00:00+00:00
[2023-09-04T01:47:34.510+0000] {processor.py:179} INFO - Processing /home/airflow/.local/lib/python3.8/site-packages/airflow/example_dags/example_branch_datetime_operator.py took 0.127 seconds
[2023-09-04T01:48:05.114+0000] {processor.py:157} INFO - Started process (PID=281) to work on /home/airflow/.local/lib/python3.8/site-packages/airflow/example_dags/example_branch_datetime_operator.py
[2023-09-04T01:48:05.116+0000] {processor.py:829} INFO - Processing file /home/airflow/.local/lib/python3.8/site-packages/airflow/example_dags/example_branch_datetime_operator.py for tasks to queue
[2023-09-04T01:48:05.120+0000] {logging_mixin.py:151} INFO - [2023-09-04T01:48:05.119+0000] {dagbag.py:539} INFO - Filling up the DagBag from /home/airflow/.local/lib/python3.8/site-packages/airflow/example_dags/example_branch_datetime_operator.py
[2023-09-04T01:48:05.129+0000] {processor.py:839} INFO - DAG(s) dict_keys(['example_branch_datetime_operator_2', 'example_branch_datetime_operator', 'example_branch_datetime_operator_3']) retrieved from /home/airflow/.local/lib/python3.8/site-packages/airflow/example_dags/example_branch_datetime_operator.py
[2023-09-04T01:48:05.162+0000] {logging_mixin.py:151} INFO - [2023-09-04T01:48:05.161+0000] {dag.py:2907} INFO - Sync 3 DAGs
[2023-09-04T01:48:05.186+0000] {logging_mixin.py:151} INFO - [2023-09-04T01:48:05.185+0000] {dag.py:3677} INFO - Setting next_dagrun for example_branch_datetime_operator to 2023-09-03T00:00:00+00:00, run_after=2023-09-04T00:00:00+00:00
[2023-09-04T01:48:05.191+0000] {logging_mixin.py:151} INFO - [2023-09-04T01:48:05.191+0000] {dag.py:3677} INFO - Setting next_dagrun for example_branch_datetime_operator_2 to 2023-09-03T00:00:00+00:00, run_after=2023-09-04T00:00:00+00:00
[2023-09-04T01:48:05.195+0000] {logging_mixin.py:151} INFO - [2023-09-04T01:48:05.195+0000] {dag.py:3677} INFO - Setting next_dagrun for example_branch_datetime_operator_3 to 2023-09-03T00:00:00+00:00, run_after=2023-09-04T00:00:00+00:00
[2023-09-04T01:48:05.208+0000] {processor.py:179} INFO - Processing /home/airflow/.local/lib/python3.8/site-packages/airflow/example_dags/example_branch_datetime_operator.py took 0.097 seconds
[2023-09-04T01:48:36.011+0000] {processor.py:157} INFO - Started process (PID=337) to work on /home/airflow/.local/lib/python3.8/site-packages/airflow/example_dags/example_branch_datetime_operator.py
[2023-09-04T01:48:36.013+0000] {processor.py:829} INFO - Processing file /home/airflow/.local/lib/python3.8/site-packages/airflow/example_dags/example_branch_datetime_operator.py for tasks to queue
[2023-09-04T01:48:36.016+0000] {logging_mixin.py:151} INFO - [2023-09-04T01:48:36.016+0000] {dagbag.py:539} INFO - Filling up the DagBag from /home/airflow/.local/lib/python3.8/site-packages/airflow/example_dags/example_branch_datetime_operator.py
[2023-09-04T01:48:36.027+0000] {processor.py:839} INFO - DAG(s) dict_keys(['example_branch_datetime_operator_3', 'example_branch_datetime_operator_2', 'example_branch_datetime_operator']) retrieved from /home/airflow/.local/lib/python3.8/site-packages/airflow/example_dags/example_branch_datetime_operator.py
[2023-09-04T01:48:36.071+0000] {logging_mixin.py:151} INFO - [2023-09-04T01:48:36.071+0000] {dag.py:2907} INFO - Sync 3 DAGs
[2023-09-04T01:48:36.094+0000] {logging_mixin.py:151} INFO - [2023-09-04T01:48:36.094+0000] {dag.py:3677} INFO - Setting next_dagrun for example_branch_datetime_operator to 2023-09-03T00:00:00+00:00, run_after=2023-09-04T00:00:00+00:00
[2023-09-04T01:48:36.100+0000] {logging_mixin.py:151} INFO - [2023-09-04T01:48:36.100+0000] {dag.py:3677} INFO - Setting next_dagrun for example_branch_datetime_operator_2 to 2023-09-03T00:00:00+00:00, run_after=2023-09-04T00:00:00+00:00
[2023-09-04T01:48:36.105+0000] {logging_mixin.py:151} INFO - [2023-09-04T01:48:36.105+0000] {dag.py:3677} INFO - Setting next_dagrun for example_branch_datetime_operator_3 to 2023-09-03T00:00:00+00:00, run_after=2023-09-04T00:00:00+00:00
[2023-09-04T01:48:36.121+0000] {processor.py:179} INFO - Processing /home/airflow/.local/lib/python3.8/site-packages/airflow/example_dags/example_branch_datetime_operator.py took 0.113 seconds
[2023-09-04T01:49:07.086+0000] {processor.py:157} INFO - Started process (PID=393) to work on /home/airflow/.local/lib/python3.8/site-packages/airflow/example_dags/example_branch_datetime_operator.py
[2023-09-04T01:49:07.088+0000] {processor.py:829} INFO - Processing file /home/airflow/.local/lib/python3.8/site-packages/airflow/example_dags/example_branch_datetime_operator.py for tasks to queue
[2023-09-04T01:49:07.092+0000] {logging_mixin.py:151} INFO - [2023-09-04T01:49:07.091+0000] {dagbag.py:539} INFO - Filling up the DagBag from /home/airflow/.local/lib/python3.8/site-packages/airflow/example_dags/example_branch_datetime_operator.py
[2023-09-04T01:49:07.101+0000] {processor.py:839} INFO - DAG(s) dict_keys(['example_branch_datetime_operator_2', 'example_branch_datetime_operator_3', 'example_branch_datetime_operator']) retrieved from /home/airflow/.local/lib/python3.8/site-packages/airflow/example_dags/example_branch_datetime_operator.py
[2023-09-04T01:49:07.125+0000] {logging_mixin.py:151} INFO - [2023-09-04T01:49:07.125+0000] {dag.py:2907} INFO - Sync 3 DAGs
[2023-09-04T01:49:07.142+0000] {logging_mixin.py:151} INFO - [2023-09-04T01:49:07.142+0000] {dag.py:3677} INFO - Setting next_dagrun for example_branch_datetime_operator to 2023-09-03T00:00:00+00:00, run_after=2023-09-04T00:00:00+00:00
[2023-09-04T01:49:07.146+0000] {logging_mixin.py:151} INFO - [2023-09-04T01:49:07.146+0000] {dag.py:3677} INFO - Setting next_dagrun for example_branch_datetime_operator_2 to 2023-09-03T00:00:00+00:00, run_after=2023-09-04T00:00:00+00:00
[2023-09-04T01:49:07.149+0000] {logging_mixin.py:151} INFO - [2023-09-04T01:49:07.149+0000] {dag.py:3677} INFO - Setting next_dagrun for example_branch_datetime_operator_3 to 2023-09-03T00:00:00+00:00, run_after=2023-09-04T00:00:00+00:00
[2023-09-04T01:49:07.160+0000] {processor.py:179} INFO - Processing /home/airflow/.local/lib/python3.8/site-packages/airflow/example_dags/example_branch_datetime_operator.py took 0.080 seconds
[2023-09-04T01:49:37.399+0000] {processor.py:157} INFO - Started process (PID=448) to work on /home/airflow/.local/lib/python3.8/site-packages/airflow/example_dags/example_branch_datetime_operator.py
[2023-09-04T01:49:37.403+0000] {processor.py:829} INFO - Processing file /home/airflow/.local/lib/python3.8/site-packages/airflow/example_dags/example_branch_datetime_operator.py for tasks to queue
[2023-09-04T01:49:37.408+0000] {logging_mixin.py:151} INFO - [2023-09-04T01:49:37.407+0000] {dagbag.py:539} INFO - Filling up the DagBag from /home/airflow/.local/lib/python3.8/site-packages/airflow/example_dags/example_branch_datetime_operator.py
[2023-09-04T01:49:37.420+0000] {processor.py:839} INFO - DAG(s) dict_keys(['example_branch_datetime_operator', 'example_branch_datetime_operator_2', 'example_branch_datetime_operator_3']) retrieved from /home/airflow/.local/lib/python3.8/site-packages/airflow/example_dags/example_branch_datetime_operator.py
[2023-09-04T01:49:37.446+0000] {logging_mixin.py:151} INFO - [2023-09-04T01:49:37.446+0000] {dag.py:2907} INFO - Sync 3 DAGs
[2023-09-04T01:49:37.462+0000] {logging_mixin.py:151} INFO - [2023-09-04T01:49:37.462+0000] {dag.py:3677} INFO - Setting next_dagrun for example_branch_datetime_operator to 2023-09-03T00:00:00+00:00, run_after=2023-09-04T00:00:00+00:00
[2023-09-04T01:49:37.465+0000] {logging_mixin.py:151} INFO - [2023-09-04T01:49:37.465+0000] {dag.py:3677} INFO - Setting next_dagrun for example_branch_datetime_operator_2 to 2023-09-03T00:00:00+00:00, run_after=2023-09-04T00:00:00+00:00
[2023-09-04T01:49:37.468+0000] {logging_mixin.py:151} INFO - [2023-09-04T01:49:37.467+0000] {dag.py:3677} INFO - Setting next_dagrun for example_branch_datetime_operator_3 to 2023-09-03T00:00:00+00:00, run_after=2023-09-04T00:00:00+00:00
[2023-09-04T01:49:37.478+0000] {processor.py:179} INFO - Processing /home/airflow/.local/lib/python3.8/site-packages/airflow/example_dags/example_branch_datetime_operator.py took 0.086 seconds
[2023-09-04T01:50:08.002+0000] {processor.py:157} INFO - Started process (PID=506) to work on /home/airflow/.local/lib/python3.8/site-packages/airflow/example_dags/example_branch_datetime_operator.py
[2023-09-04T01:50:08.004+0000] {processor.py:829} INFO - Processing file /home/airflow/.local/lib/python3.8/site-packages/airflow/example_dags/example_branch_datetime_operator.py for tasks to queue
[2023-09-04T01:50:08.007+0000] {logging_mixin.py:151} INFO - [2023-09-04T01:50:08.007+0000] {dagbag.py:539} INFO - Filling up the DagBag from /home/airflow/.local/lib/python3.8/site-packages/airflow/example_dags/example_branch_datetime_operator.py
[2023-09-04T01:50:08.018+0000] {processor.py:839} INFO - DAG(s) dict_keys(['example_branch_datetime_operator_3', 'example_branch_datetime_operator', 'example_branch_datetime_operator_2']) retrieved from /home/airflow/.local/lib/python3.8/site-packages/airflow/example_dags/example_branch_datetime_operator.py
[2023-09-04T01:50:08.045+0000] {logging_mixin.py:151} INFO - [2023-09-04T01:50:08.045+0000] {dag.py:2907} INFO - Sync 3 DAGs
[2023-09-04T01:50:08.064+0000] {logging_mixin.py:151} INFO - [2023-09-04T01:50:08.064+0000] {dag.py:3677} INFO - Setting next_dagrun for example_branch_datetime_operator to 2023-09-03T00:00:00+00:00, run_after=2023-09-04T00:00:00+00:00
[2023-09-04T01:50:08.070+0000] {logging_mixin.py:151} INFO - [2023-09-04T01:50:08.069+0000] {dag.py:3677} INFO - Setting next_dagrun for example_branch_datetime_operator_2 to 2023-09-03T00:00:00+00:00, run_after=2023-09-04T00:00:00+00:00
[2023-09-04T01:50:08.072+0000] {logging_mixin.py:151} INFO - [2023-09-04T01:50:08.072+0000] {dag.py:3677} INFO - Setting next_dagrun for example_branch_datetime_operator_3 to 2023-09-03T00:00:00+00:00, run_after=2023-09-04T00:00:00+00:00
[2023-09-04T01:50:08.084+0000] {processor.py:179} INFO - Processing /home/airflow/.local/lib/python3.8/site-packages/airflow/example_dags/example_branch_datetime_operator.py took 0.086 seconds
[2023-09-04T01:50:38.192+0000] {processor.py:157} INFO - Started process (PID=561) to work on /home/airflow/.local/lib/python3.8/site-packages/airflow/example_dags/example_branch_datetime_operator.py
[2023-09-04T01:50:38.196+0000] {processor.py:829} INFO - Processing file /home/airflow/.local/lib/python3.8/site-packages/airflow/example_dags/example_branch_datetime_operator.py for tasks to queue
[2023-09-04T01:50:38.202+0000] {logging_mixin.py:151} INFO - [2023-09-04T01:50:38.201+0000] {dagbag.py:539} INFO - Filling up the DagBag from /home/airflow/.local/lib/python3.8/site-packages/airflow/example_dags/example_branch_datetime_operator.py
[2023-09-04T01:50:38.212+0000] {processor.py:839} INFO - DAG(s) dict_keys(['example_branch_datetime_operator_3', 'example_branch_datetime_operator_2', 'example_branch_datetime_operator']) retrieved from /home/airflow/.local/lib/python3.8/site-packages/airflow/example_dags/example_branch_datetime_operator.py
[2023-09-04T01:50:38.237+0000] {logging_mixin.py:151} INFO - [2023-09-04T01:50:38.237+0000] {dag.py:2907} INFO - Sync 3 DAGs
[2023-09-04T01:50:38.258+0000] {logging_mixin.py:151} INFO - [2023-09-04T01:50:38.258+0000] {dag.py:3677} INFO - Setting next_dagrun for example_branch_datetime_operator to 2023-09-03T00:00:00+00:00, run_after=2023-09-04T00:00:00+00:00
[2023-09-04T01:50:38.262+0000] {logging_mixin.py:151} INFO - [2023-09-04T01:50:38.262+0000] {dag.py:3677} INFO - Setting next_dagrun for example_branch_datetime_operator_2 to 2023-09-03T00:00:00+00:00, run_after=2023-09-04T00:00:00+00:00
[2023-09-04T01:50:38.264+0000] {logging_mixin.py:151} INFO - [2023-09-04T01:50:38.264+0000] {dag.py:3677} INFO - Setting next_dagrun for example_branch_datetime_operator_3 to 2023-09-03T00:00:00+00:00, run_after=2023-09-04T00:00:00+00:00
[2023-09-04T01:50:38.276+0000] {processor.py:179} INFO - Processing /home/airflow/.local/lib/python3.8/site-packages/airflow/example_dags/example_branch_datetime_operator.py took 0.090 seconds
[2023-09-04T01:51:08.625+0000] {processor.py:157} INFO - Started process (PID=617) to work on /home/airflow/.local/lib/python3.8/site-packages/airflow/example_dags/example_branch_datetime_operator.py
[2023-09-04T01:51:08.628+0000] {processor.py:829} INFO - Processing file /home/airflow/.local/lib/python3.8/site-packages/airflow/example_dags/example_branch_datetime_operator.py for tasks to queue
[2023-09-04T01:51:08.632+0000] {logging_mixin.py:151} INFO - [2023-09-04T01:51:08.631+0000] {dagbag.py:539} INFO - Filling up the DagBag from /home/airflow/.local/lib/python3.8/site-packages/airflow/example_dags/example_branch_datetime_operator.py
[2023-09-04T01:51:08.642+0000] {processor.py:839} INFO - DAG(s) dict_keys(['example_branch_datetime_operator_2', 'example_branch_datetime_operator', 'example_branch_datetime_operator_3']) retrieved from /home/airflow/.local/lib/python3.8/site-packages/airflow/example_dags/example_branch_datetime_operator.py
[2023-09-04T01:51:08.669+0000] {logging_mixin.py:151} INFO - [2023-09-04T01:51:08.669+0000] {dag.py:2907} INFO - Sync 3 DAGs
[2023-09-04T01:51:08.685+0000] {logging_mixin.py:151} INFO - [2023-09-04T01:51:08.685+0000] {dag.py:3677} INFO - Setting next_dagrun for example_branch_datetime_operator to 2023-09-03T00:00:00+00:00, run_after=2023-09-04T00:00:00+00:00
[2023-09-04T01:51:08.689+0000] {logging_mixin.py:151} INFO - [2023-09-04T01:51:08.689+0000] {dag.py:3677} INFO - Setting next_dagrun for example_branch_datetime_operator_2 to 2023-09-03T00:00:00+00:00, run_after=2023-09-04T00:00:00+00:00
[2023-09-04T01:51:08.691+0000] {logging_mixin.py:151} INFO - [2023-09-04T01:51:08.691+0000] {dag.py:3677} INFO - Setting next_dagrun for example_branch_datetime_operator_3 to 2023-09-03T00:00:00+00:00, run_after=2023-09-04T00:00:00+00:00
[2023-09-04T01:51:08.704+0000] {processor.py:179} INFO - Processing /home/airflow/.local/lib/python3.8/site-packages/airflow/example_dags/example_branch_datetime_operator.py took 0.085 seconds
