[2023-09-04T01:46:03.861+0000] {processor.py:157} INFO - Started process (PID=69) to work on /home/airflow/.local/lib/python3.8/site-packages/airflow/example_dags/example_nested_branch_dag.py
[2023-09-04T01:46:03.866+0000] {processor.py:829} INFO - Processing file /home/airflow/.local/lib/python3.8/site-packages/airflow/example_dags/example_nested_branch_dag.py for tasks to queue
[2023-09-04T01:46:03.874+0000] {logging_mixin.py:151} INFO - [2023-09-04T01:46:03.872+0000] {dagbag.py:539} INFO - Filling up the DagBag from /home/airflow/.local/lib/python3.8/site-packages/airflow/example_dags/example_nested_branch_dag.py
[2023-09-04T01:46:03.946+0000] {processor.py:839} INFO - DAG(s) dict_keys(['example_nested_branch_dag']) retrieved from /home/airflow/.local/lib/python3.8/site-packages/airflow/example_dags/example_nested_branch_dag.py
[2023-09-04T01:46:04.047+0000] {logging_mixin.py:151} INFO - [2023-09-04T01:46:04.047+0000] {dag.py:2907} INFO - Sync 1 DAGs
[2023-09-04T01:46:04.205+0000] {logging_mixin.py:151} INFO - [2023-09-04T01:46:04.204+0000] {dag.py:3677} INFO - Setting next_dagrun for example_nested_branch_dag to 2023-09-03T00:00:00+00:00, run_after=2023-09-04T00:00:00+00:00
[2023-09-04T01:46:04.276+0000] {processor.py:179} INFO - Processing /home/airflow/.local/lib/python3.8/site-packages/airflow/example_dags/example_nested_branch_dag.py took 0.474 seconds
[2023-09-04T01:46:34.505+0000] {processor.py:157} INFO - Started process (PID=125) to work on /home/airflow/.local/lib/python3.8/site-packages/airflow/example_dags/example_nested_branch_dag.py
[2023-09-04T01:46:34.507+0000] {processor.py:829} INFO - Processing file /home/airflow/.local/lib/python3.8/site-packages/airflow/example_dags/example_nested_branch_dag.py for tasks to queue
[2023-09-04T01:46:34.510+0000] {logging_mixin.py:151} INFO - [2023-09-04T01:46:34.510+0000] {dagbag.py:539} INFO - Filling up the DagBag from /home/airflow/.local/lib/python3.8/site-packages/airflow/example_dags/example_nested_branch_dag.py
[2023-09-04T01:46:34.518+0000] {processor.py:839} INFO - DAG(s) dict_keys(['example_nested_branch_dag']) retrieved from /home/airflow/.local/lib/python3.8/site-packages/airflow/example_dags/example_nested_branch_dag.py
[2023-09-04T01:46:34.543+0000] {logging_mixin.py:151} INFO - [2023-09-04T01:46:34.543+0000] {dag.py:2907} INFO - Sync 1 DAGs
[2023-09-04T01:46:34.560+0000] {logging_mixin.py:151} INFO - [2023-09-04T01:46:34.560+0000] {dag.py:3677} INFO - Setting next_dagrun for example_nested_branch_dag to 2023-09-03T00:00:00+00:00, run_after=2023-09-04T00:00:00+00:00
[2023-09-04T01:46:34.573+0000] {processor.py:179} INFO - Processing /home/airflow/.local/lib/python3.8/site-packages/airflow/example_dags/example_nested_branch_dag.py took 0.071 seconds
[2023-09-04T01:47:05.516+0000] {processor.py:157} INFO - Started process (PID=181) to work on /home/airflow/.local/lib/python3.8/site-packages/airflow/example_dags/example_nested_branch_dag.py
[2023-09-04T01:47:05.519+0000] {processor.py:829} INFO - Processing file /home/airflow/.local/lib/python3.8/site-packages/airflow/example_dags/example_nested_branch_dag.py for tasks to queue
[2023-09-04T01:47:05.523+0000] {logging_mixin.py:151} INFO - [2023-09-04T01:47:05.523+0000] {dagbag.py:539} INFO - Filling up the DagBag from /home/airflow/.local/lib/python3.8/site-packages/airflow/example_dags/example_nested_branch_dag.py
[2023-09-04T01:47:05.533+0000] {processor.py:839} INFO - DAG(s) dict_keys(['example_nested_branch_dag']) retrieved from /home/airflow/.local/lib/python3.8/site-packages/airflow/example_dags/example_nested_branch_dag.py
[2023-09-04T01:47:05.558+0000] {logging_mixin.py:151} INFO - [2023-09-04T01:47:05.558+0000] {dag.py:2907} INFO - Sync 1 DAGs
[2023-09-04T01:47:05.579+0000] {logging_mixin.py:151} INFO - [2023-09-04T01:47:05.578+0000] {dag.py:3677} INFO - Setting next_dagrun for example_nested_branch_dag to 2023-09-03T00:00:00+00:00, run_after=2023-09-04T00:00:00+00:00
[2023-09-04T01:47:05.597+0000] {processor.py:179} INFO - Processing /home/airflow/.local/lib/python3.8/site-packages/airflow/example_dags/example_nested_branch_dag.py took 0.085 seconds
[2023-09-04T01:47:36.259+0000] {processor.py:157} INFO - Started process (PID=237) to work on /home/airflow/.local/lib/python3.8/site-packages/airflow/example_dags/example_nested_branch_dag.py
[2023-09-04T01:47:36.261+0000] {processor.py:829} INFO - Processing file /home/airflow/.local/lib/python3.8/site-packages/airflow/example_dags/example_nested_branch_dag.py for tasks to queue
[2023-09-04T01:47:36.264+0000] {logging_mixin.py:151} INFO - [2023-09-04T01:47:36.264+0000] {dagbag.py:539} INFO - Filling up the DagBag from /home/airflow/.local/lib/python3.8/site-packages/airflow/example_dags/example_nested_branch_dag.py
[2023-09-04T01:47:36.271+0000] {processor.py:839} INFO - DAG(s) dict_keys(['example_nested_branch_dag']) retrieved from /home/airflow/.local/lib/python3.8/site-packages/airflow/example_dags/example_nested_branch_dag.py
[2023-09-04T01:47:36.294+0000] {logging_mixin.py:151} INFO - [2023-09-04T01:47:36.294+0000] {dag.py:2907} INFO - Sync 1 DAGs
[2023-09-04T01:47:36.311+0000] {logging_mixin.py:151} INFO - [2023-09-04T01:47:36.310+0000] {dag.py:3677} INFO - Setting next_dagrun for example_nested_branch_dag to 2023-09-03T00:00:00+00:00, run_after=2023-09-04T00:00:00+00:00
[2023-09-04T01:47:36.331+0000] {processor.py:179} INFO - Processing /home/airflow/.local/lib/python3.8/site-packages/airflow/example_dags/example_nested_branch_dag.py took 0.074 seconds
[2023-09-04T01:48:06.986+0000] {processor.py:157} INFO - Started process (PID=293) to work on /home/airflow/.local/lib/python3.8/site-packages/airflow/example_dags/example_nested_branch_dag.py
[2023-09-04T01:48:06.989+0000] {processor.py:829} INFO - Processing file /home/airflow/.local/lib/python3.8/site-packages/airflow/example_dags/example_nested_branch_dag.py for tasks to queue
[2023-09-04T01:48:06.992+0000] {logging_mixin.py:151} INFO - [2023-09-04T01:48:06.991+0000] {dagbag.py:539} INFO - Filling up the DagBag from /home/airflow/.local/lib/python3.8/site-packages/airflow/example_dags/example_nested_branch_dag.py
[2023-09-04T01:48:07.000+0000] {processor.py:839} INFO - DAG(s) dict_keys(['example_nested_branch_dag']) retrieved from /home/airflow/.local/lib/python3.8/site-packages/airflow/example_dags/example_nested_branch_dag.py
[2023-09-04T01:48:07.023+0000] {logging_mixin.py:151} INFO - [2023-09-04T01:48:07.023+0000] {dag.py:2907} INFO - Sync 1 DAGs
[2023-09-04T01:48:07.042+0000] {logging_mixin.py:151} INFO - [2023-09-04T01:48:07.042+0000] {dag.py:3677} INFO - Setting next_dagrun for example_nested_branch_dag to 2023-09-03T00:00:00+00:00, run_after=2023-09-04T00:00:00+00:00
[2023-09-04T01:48:07.057+0000] {processor.py:179} INFO - Processing /home/airflow/.local/lib/python3.8/site-packages/airflow/example_dags/example_nested_branch_dag.py took 0.073 seconds
[2023-09-04T01:48:37.347+0000] {processor.py:157} INFO - Started process (PID=349) to work on /home/airflow/.local/lib/python3.8/site-packages/airflow/example_dags/example_nested_branch_dag.py
[2023-09-04T01:48:37.349+0000] {processor.py:829} INFO - Processing file /home/airflow/.local/lib/python3.8/site-packages/airflow/example_dags/example_nested_branch_dag.py for tasks to queue
[2023-09-04T01:48:37.353+0000] {logging_mixin.py:151} INFO - [2023-09-04T01:48:37.353+0000] {dagbag.py:539} INFO - Filling up the DagBag from /home/airflow/.local/lib/python3.8/site-packages/airflow/example_dags/example_nested_branch_dag.py
[2023-09-04T01:48:37.362+0000] {processor.py:839} INFO - DAG(s) dict_keys(['example_nested_branch_dag']) retrieved from /home/airflow/.local/lib/python3.8/site-packages/airflow/example_dags/example_nested_branch_dag.py
[2023-09-04T01:48:37.386+0000] {logging_mixin.py:151} INFO - [2023-09-04T01:48:37.386+0000] {dag.py:2907} INFO - Sync 1 DAGs
[2023-09-04T01:48:37.405+0000] {logging_mixin.py:151} INFO - [2023-09-04T01:48:37.405+0000] {dag.py:3677} INFO - Setting next_dagrun for example_nested_branch_dag to 2023-09-03T00:00:00+00:00, run_after=2023-09-04T00:00:00+00:00
[2023-09-04T01:48:37.434+0000] {processor.py:179} INFO - Processing /home/airflow/.local/lib/python3.8/site-packages/airflow/example_dags/example_nested_branch_dag.py took 0.092 seconds
[2023-09-04T01:49:07.871+0000] {processor.py:157} INFO - Started process (PID=405) to work on /home/airflow/.local/lib/python3.8/site-packages/airflow/example_dags/example_nested_branch_dag.py
[2023-09-04T01:49:07.874+0000] {processor.py:829} INFO - Processing file /home/airflow/.local/lib/python3.8/site-packages/airflow/example_dags/example_nested_branch_dag.py for tasks to queue
[2023-09-04T01:49:07.877+0000] {logging_mixin.py:151} INFO - [2023-09-04T01:49:07.877+0000] {dagbag.py:539} INFO - Filling up the DagBag from /home/airflow/.local/lib/python3.8/site-packages/airflow/example_dags/example_nested_branch_dag.py
[2023-09-04T01:49:07.887+0000] {processor.py:839} INFO - DAG(s) dict_keys(['example_nested_branch_dag']) retrieved from /home/airflow/.local/lib/python3.8/site-packages/airflow/example_dags/example_nested_branch_dag.py
[2023-09-04T01:49:07.912+0000] {logging_mixin.py:151} INFO - [2023-09-04T01:49:07.912+0000] {dag.py:2907} INFO - Sync 1 DAGs
[2023-09-04T01:49:07.929+0000] {logging_mixin.py:151} INFO - [2023-09-04T01:49:07.929+0000] {dag.py:3677} INFO - Setting next_dagrun for example_nested_branch_dag to 2023-09-03T00:00:00+00:00, run_after=2023-09-04T00:00:00+00:00
[2023-09-04T01:49:07.941+0000] {processor.py:179} INFO - Processing /home/airflow/.local/lib/python3.8/site-packages/airflow/example_dags/example_nested_branch_dag.py took 0.072 seconds
[2023-09-04T01:49:38.100+0000] {processor.py:157} INFO - Started process (PID=461) to work on /home/airflow/.local/lib/python3.8/site-packages/airflow/example_dags/example_nested_branch_dag.py
[2023-09-04T01:49:38.102+0000] {processor.py:829} INFO - Processing file /home/airflow/.local/lib/python3.8/site-packages/airflow/example_dags/example_nested_branch_dag.py for tasks to queue
[2023-09-04T01:49:38.104+0000] {logging_mixin.py:151} INFO - [2023-09-04T01:49:38.104+0000] {dagbag.py:539} INFO - Filling up the DagBag from /home/airflow/.local/lib/python3.8/site-packages/airflow/example_dags/example_nested_branch_dag.py
[2023-09-04T01:49:38.112+0000] {processor.py:839} INFO - DAG(s) dict_keys(['example_nested_branch_dag']) retrieved from /home/airflow/.local/lib/python3.8/site-packages/airflow/example_dags/example_nested_branch_dag.py
[2023-09-04T01:49:38.130+0000] {logging_mixin.py:151} INFO - [2023-09-04T01:49:38.130+0000] {dag.py:2907} INFO - Sync 1 DAGs
[2023-09-04T01:49:38.145+0000] {logging_mixin.py:151} INFO - [2023-09-04T01:49:38.145+0000] {dag.py:3677} INFO - Setting next_dagrun for example_nested_branch_dag to 2023-09-03T00:00:00+00:00, run_after=2023-09-04T00:00:00+00:00
[2023-09-04T01:49:38.159+0000] {processor.py:179} INFO - Processing /home/airflow/.local/lib/python3.8/site-packages/airflow/example_dags/example_nested_branch_dag.py took 0.062 seconds
[2023-09-04T01:50:08.866+0000] {processor.py:157} INFO - Started process (PID=518) to work on /home/airflow/.local/lib/python3.8/site-packages/airflow/example_dags/example_nested_branch_dag.py
[2023-09-04T01:50:08.868+0000] {processor.py:829} INFO - Processing file /home/airflow/.local/lib/python3.8/site-packages/airflow/example_dags/example_nested_branch_dag.py for tasks to queue
[2023-09-04T01:50:08.870+0000] {logging_mixin.py:151} INFO - [2023-09-04T01:50:08.870+0000] {dagbag.py:539} INFO - Filling up the DagBag from /home/airflow/.local/lib/python3.8/site-packages/airflow/example_dags/example_nested_branch_dag.py
[2023-09-04T01:50:08.877+0000] {processor.py:839} INFO - DAG(s) dict_keys(['example_nested_branch_dag']) retrieved from /home/airflow/.local/lib/python3.8/site-packages/airflow/example_dags/example_nested_branch_dag.py
[2023-09-04T01:50:08.899+0000] {logging_mixin.py:151} INFO - [2023-09-04T01:50:08.899+0000] {dag.py:2907} INFO - Sync 1 DAGs
[2023-09-04T01:50:08.923+0000] {logging_mixin.py:151} INFO - [2023-09-04T01:50:08.923+0000] {dag.py:3677} INFO - Setting next_dagrun for example_nested_branch_dag to 2023-09-03T00:00:00+00:00, run_after=2023-09-04T00:00:00+00:00
[2023-09-04T01:50:08.937+0000] {processor.py:179} INFO - Processing /home/airflow/.local/lib/python3.8/site-packages/airflow/example_dags/example_nested_branch_dag.py took 0.073 seconds
[2023-09-04T01:50:40.125+0000] {processor.py:157} INFO - Started process (PID=574) to work on /home/airflow/.local/lib/python3.8/site-packages/airflow/example_dags/example_nested_branch_dag.py
[2023-09-04T01:50:40.128+0000] {processor.py:829} INFO - Processing file /home/airflow/.local/lib/python3.8/site-packages/airflow/example_dags/example_nested_branch_dag.py for tasks to queue
[2023-09-04T01:50:40.130+0000] {logging_mixin.py:151} INFO - [2023-09-04T01:50:40.130+0000] {dagbag.py:539} INFO - Filling up the DagBag from /home/airflow/.local/lib/python3.8/site-packages/airflow/example_dags/example_nested_branch_dag.py
[2023-09-04T01:50:40.137+0000] {processor.py:839} INFO - DAG(s) dict_keys(['example_nested_branch_dag']) retrieved from /home/airflow/.local/lib/python3.8/site-packages/airflow/example_dags/example_nested_branch_dag.py
[2023-09-04T01:50:40.157+0000] {logging_mixin.py:151} INFO - [2023-09-04T01:50:40.157+0000] {dag.py:2907} INFO - Sync 1 DAGs
[2023-09-04T01:50:40.173+0000] {logging_mixin.py:151} INFO - [2023-09-04T01:50:40.173+0000] {dag.py:3677} INFO - Setting next_dagrun for example_nested_branch_dag to 2023-09-03T00:00:00+00:00, run_after=2023-09-04T00:00:00+00:00
[2023-09-04T01:50:40.188+0000] {processor.py:179} INFO - Processing /home/airflow/.local/lib/python3.8/site-packages/airflow/example_dags/example_nested_branch_dag.py took 0.066 seconds
[2023-09-04T01:51:10.564+0000] {processor.py:157} INFO - Started process (PID=630) to work on /home/airflow/.local/lib/python3.8/site-packages/airflow/example_dags/example_nested_branch_dag.py
[2023-09-04T01:51:10.566+0000] {processor.py:829} INFO - Processing file /home/airflow/.local/lib/python3.8/site-packages/airflow/example_dags/example_nested_branch_dag.py for tasks to queue
[2023-09-04T01:51:10.569+0000] {logging_mixin.py:151} INFO - [2023-09-04T01:51:10.569+0000] {dagbag.py:539} INFO - Filling up the DagBag from /home/airflow/.local/lib/python3.8/site-packages/airflow/example_dags/example_nested_branch_dag.py
[2023-09-04T01:51:10.576+0000] {processor.py:839} INFO - DAG(s) dict_keys(['example_nested_branch_dag']) retrieved from /home/airflow/.local/lib/python3.8/site-packages/airflow/example_dags/example_nested_branch_dag.py
[2023-09-04T01:51:10.596+0000] {logging_mixin.py:151} INFO - [2023-09-04T01:51:10.596+0000] {dag.py:2907} INFO - Sync 1 DAGs
[2023-09-04T01:51:10.612+0000] {logging_mixin.py:151} INFO - [2023-09-04T01:51:10.612+0000] {dag.py:3677} INFO - Setting next_dagrun for example_nested_branch_dag to 2023-09-03T00:00:00+00:00, run_after=2023-09-04T00:00:00+00:00
[2023-09-04T01:51:10.625+0000] {processor.py:179} INFO - Processing /home/airflow/.local/lib/python3.8/site-packages/airflow/example_dags/example_nested_branch_dag.py took 0.063 seconds
