[2023-09-04T01:45:58.192+0000] {processor.py:157} INFO - Started process (PID=42) to work on /home/airflow/.local/lib/python3.8/site-packages/airflow/example_dags/example_setup_teardown_taskflow.py
[2023-09-04T01:45:58.200+0000] {processor.py:829} INFO - Processing file /home/airflow/.local/lib/python3.8/site-packages/airflow/example_dags/example_setup_teardown_taskflow.py for tasks to queue
[2023-09-04T01:45:58.206+0000] {logging_mixin.py:151} INFO - [2023-09-04T01:45:58.205+0000] {dagbag.py:539} INFO - Filling up the DagBag from /home/airflow/.local/lib/python3.8/site-packages/airflow/example_dags/example_setup_teardown_taskflow.py
[2023-09-04T01:45:58.224+0000] {processor.py:839} INFO - DAG(s) dict_keys(['example_setup_teardown_taskflow']) retrieved from /home/airflow/.local/lib/python3.8/site-packages/airflow/example_dags/example_setup_teardown_taskflow.py
[2023-09-04T01:45:58.278+0000] {logging_mixin.py:151} INFO - [2023-09-04T01:45:58.278+0000] {dag.py:2907} INFO - Sync 1 DAGs
[2023-09-04T01:45:58.326+0000] {logging_mixin.py:151} INFO - [2023-09-04T01:45:58.325+0000] {dag.py:3677} INFO - Setting next_dagrun for example_setup_teardown_taskflow to 2023-09-03T01:45:58.325377+00:00, run_after=2023-09-04T01:45:58.325377+00:00
[2023-09-04T01:45:58.374+0000] {processor.py:179} INFO - Processing /home/airflow/.local/lib/python3.8/site-packages/airflow/example_dags/example_setup_teardown_taskflow.py took 0.188 seconds
[2023-09-04T01:46:29.091+0000] {processor.py:157} INFO - Started process (PID=98) to work on /home/airflow/.local/lib/python3.8/site-packages/airflow/example_dags/example_setup_teardown_taskflow.py
[2023-09-04T01:46:29.093+0000] {processor.py:829} INFO - Processing file /home/airflow/.local/lib/python3.8/site-packages/airflow/example_dags/example_setup_teardown_taskflow.py for tasks to queue
[2023-09-04T01:46:29.097+0000] {logging_mixin.py:151} INFO - [2023-09-04T01:46:29.096+0000] {dagbag.py:539} INFO - Filling up the DagBag from /home/airflow/.local/lib/python3.8/site-packages/airflow/example_dags/example_setup_teardown_taskflow.py
[2023-09-04T01:46:29.107+0000] {processor.py:839} INFO - DAG(s) dict_keys(['example_setup_teardown_taskflow']) retrieved from /home/airflow/.local/lib/python3.8/site-packages/airflow/example_dags/example_setup_teardown_taskflow.py
[2023-09-04T01:46:29.136+0000] {logging_mixin.py:151} INFO - [2023-09-04T01:46:29.136+0000] {dag.py:2907} INFO - Sync 1 DAGs
[2023-09-04T01:46:29.178+0000] {logging_mixin.py:151} INFO - [2023-09-04T01:46:29.178+0000] {dag.py:3677} INFO - Setting next_dagrun for example_setup_teardown_taskflow to 2023-09-03T01:46:29.176703+00:00, run_after=2023-09-04T01:46:29.176703+00:00
[2023-09-04T01:46:29.223+0000] {processor.py:179} INFO - Processing /home/airflow/.local/lib/python3.8/site-packages/airflow/example_dags/example_setup_teardown_taskflow.py took 0.136 seconds
[2023-09-04T01:47:00.129+0000] {processor.py:157} INFO - Started process (PID=154) to work on /home/airflow/.local/lib/python3.8/site-packages/airflow/example_dags/example_setup_teardown_taskflow.py
[2023-09-04T01:47:00.133+0000] {processor.py:829} INFO - Processing file /home/airflow/.local/lib/python3.8/site-packages/airflow/example_dags/example_setup_teardown_taskflow.py for tasks to queue
[2023-09-04T01:47:00.138+0000] {logging_mixin.py:151} INFO - [2023-09-04T01:47:00.138+0000] {dagbag.py:539} INFO - Filling up the DagBag from /home/airflow/.local/lib/python3.8/site-packages/airflow/example_dags/example_setup_teardown_taskflow.py
[2023-09-04T01:47:00.149+0000] {processor.py:839} INFO - DAG(s) dict_keys(['example_setup_teardown_taskflow']) retrieved from /home/airflow/.local/lib/python3.8/site-packages/airflow/example_dags/example_setup_teardown_taskflow.py
[2023-09-04T01:47:00.178+0000] {logging_mixin.py:151} INFO - [2023-09-04T01:47:00.178+0000] {dag.py:2907} INFO - Sync 1 DAGs
[2023-09-04T01:47:00.196+0000] {logging_mixin.py:151} INFO - [2023-09-04T01:47:00.196+0000] {dag.py:3677} INFO - Setting next_dagrun for example_setup_teardown_taskflow to 2023-09-03T01:47:00.195820+00:00, run_after=2023-09-04T01:47:00.195820+00:00
[2023-09-04T01:47:00.237+0000] {processor.py:179} INFO - Processing /home/airflow/.local/lib/python3.8/site-packages/airflow/example_dags/example_setup_teardown_taskflow.py took 0.115 seconds
[2023-09-04T01:47:30.289+0000] {processor.py:157} INFO - Started process (PID=208) to work on /home/airflow/.local/lib/python3.8/site-packages/airflow/example_dags/example_setup_teardown_taskflow.py
[2023-09-04T01:47:30.291+0000] {processor.py:829} INFO - Processing file /home/airflow/.local/lib/python3.8/site-packages/airflow/example_dags/example_setup_teardown_taskflow.py for tasks to queue
[2023-09-04T01:47:30.293+0000] {logging_mixin.py:151} INFO - [2023-09-04T01:47:30.293+0000] {dagbag.py:539} INFO - Filling up the DagBag from /home/airflow/.local/lib/python3.8/site-packages/airflow/example_dags/example_setup_teardown_taskflow.py
[2023-09-04T01:47:30.300+0000] {processor.py:839} INFO - DAG(s) dict_keys(['example_setup_teardown_taskflow']) retrieved from /home/airflow/.local/lib/python3.8/site-packages/airflow/example_dags/example_setup_teardown_taskflow.py
[2023-09-04T01:47:30.320+0000] {logging_mixin.py:151} INFO - [2023-09-04T01:47:30.320+0000] {dag.py:2907} INFO - Sync 1 DAGs
[2023-09-04T01:47:30.332+0000] {logging_mixin.py:151} INFO - [2023-09-04T01:47:30.332+0000] {dag.py:3677} INFO - Setting next_dagrun for example_setup_teardown_taskflow to 2023-09-03T01:47:30.332590+00:00, run_after=2023-09-04T01:47:30.332590+00:00
[2023-09-04T01:47:30.343+0000] {processor.py:179} INFO - Processing /home/airflow/.local/lib/python3.8/site-packages/airflow/example_dags/example_setup_teardown_taskflow.py took 0.056 seconds
[2023-09-04T01:48:00.926+0000] {processor.py:157} INFO - Started process (PID=264) to work on /home/airflow/.local/lib/python3.8/site-packages/airflow/example_dags/example_setup_teardown_taskflow.py
[2023-09-04T01:48:00.928+0000] {processor.py:829} INFO - Processing file /home/airflow/.local/lib/python3.8/site-packages/airflow/example_dags/example_setup_teardown_taskflow.py for tasks to queue
[2023-09-04T01:48:00.932+0000] {logging_mixin.py:151} INFO - [2023-09-04T01:48:00.931+0000] {dagbag.py:539} INFO - Filling up the DagBag from /home/airflow/.local/lib/python3.8/site-packages/airflow/example_dags/example_setup_teardown_taskflow.py
[2023-09-04T01:48:00.944+0000] {processor.py:839} INFO - DAG(s) dict_keys(['example_setup_teardown_taskflow']) retrieved from /home/airflow/.local/lib/python3.8/site-packages/airflow/example_dags/example_setup_teardown_taskflow.py
[2023-09-04T01:48:00.971+0000] {logging_mixin.py:151} INFO - [2023-09-04T01:48:00.971+0000] {dag.py:2907} INFO - Sync 1 DAGs
[2023-09-04T01:48:00.991+0000] {logging_mixin.py:151} INFO - [2023-09-04T01:48:00.991+0000] {dag.py:3677} INFO - Setting next_dagrun for example_setup_teardown_taskflow to 2023-09-03T01:48:00.990797+00:00, run_after=2023-09-04T01:48:00.990797+00:00
[2023-09-04T01:48:01.005+0000] {processor.py:179} INFO - Processing /home/airflow/.local/lib/python3.8/site-packages/airflow/example_dags/example_setup_teardown_taskflow.py took 0.084 seconds
[2023-09-04T01:48:31.522+0000] {processor.py:157} INFO - Started process (PID=320) to work on /home/airflow/.local/lib/python3.8/site-packages/airflow/example_dags/example_setup_teardown_taskflow.py
[2023-09-04T01:48:31.527+0000] {processor.py:829} INFO - Processing file /home/airflow/.local/lib/python3.8/site-packages/airflow/example_dags/example_setup_teardown_taskflow.py for tasks to queue
[2023-09-04T01:48:31.534+0000] {logging_mixin.py:151} INFO - [2023-09-04T01:48:31.534+0000] {dagbag.py:539} INFO - Filling up the DagBag from /home/airflow/.local/lib/python3.8/site-packages/airflow/example_dags/example_setup_teardown_taskflow.py
[2023-09-04T01:48:31.563+0000] {processor.py:839} INFO - DAG(s) dict_keys(['example_setup_teardown_taskflow']) retrieved from /home/airflow/.local/lib/python3.8/site-packages/airflow/example_dags/example_setup_teardown_taskflow.py
[2023-09-04T01:48:31.594+0000] {logging_mixin.py:151} INFO - [2023-09-04T01:48:31.593+0000] {dag.py:2907} INFO - Sync 1 DAGs
[2023-09-04T01:48:31.616+0000] {logging_mixin.py:151} INFO - [2023-09-04T01:48:31.615+0000] {dag.py:3677} INFO - Setting next_dagrun for example_setup_teardown_taskflow to 2023-09-03T01:48:31.615415+00:00, run_after=2023-09-04T01:48:31.615415+00:00
[2023-09-04T01:48:31.629+0000] {processor.py:179} INFO - Processing /home/airflow/.local/lib/python3.8/site-packages/airflow/example_dags/example_setup_teardown_taskflow.py took 0.112 seconds
[2023-09-04T01:49:01.949+0000] {processor.py:157} INFO - Started process (PID=376) to work on /home/airflow/.local/lib/python3.8/site-packages/airflow/example_dags/example_setup_teardown_taskflow.py
[2023-09-04T01:49:01.951+0000] {processor.py:829} INFO - Processing file /home/airflow/.local/lib/python3.8/site-packages/airflow/example_dags/example_setup_teardown_taskflow.py for tasks to queue
[2023-09-04T01:49:01.954+0000] {logging_mixin.py:151} INFO - [2023-09-04T01:49:01.954+0000] {dagbag.py:539} INFO - Filling up the DagBag from /home/airflow/.local/lib/python3.8/site-packages/airflow/example_dags/example_setup_teardown_taskflow.py
[2023-09-04T01:49:01.962+0000] {processor.py:839} INFO - DAG(s) dict_keys(['example_setup_teardown_taskflow']) retrieved from /home/airflow/.local/lib/python3.8/site-packages/airflow/example_dags/example_setup_teardown_taskflow.py
[2023-09-04T01:49:01.983+0000] {logging_mixin.py:151} INFO - [2023-09-04T01:49:01.983+0000] {dag.py:2907} INFO - Sync 1 DAGs
[2023-09-04T01:49:01.997+0000] {logging_mixin.py:151} INFO - [2023-09-04T01:49:01.997+0000] {dag.py:3677} INFO - Setting next_dagrun for example_setup_teardown_taskflow to 2023-09-03T01:49:01.997242+00:00, run_after=2023-09-04T01:49:01.997242+00:00
[2023-09-04T01:49:02.009+0000] {processor.py:179} INFO - Processing /home/airflow/.local/lib/python3.8/site-packages/airflow/example_dags/example_setup_teardown_taskflow.py took 0.064 seconds
[2023-09-04T01:49:32.369+0000] {processor.py:157} INFO - Started process (PID=432) to work on /home/airflow/.local/lib/python3.8/site-packages/airflow/example_dags/example_setup_teardown_taskflow.py
[2023-09-04T01:49:32.371+0000] {processor.py:829} INFO - Processing file /home/airflow/.local/lib/python3.8/site-packages/airflow/example_dags/example_setup_teardown_taskflow.py for tasks to queue
[2023-09-04T01:49:32.374+0000] {logging_mixin.py:151} INFO - [2023-09-04T01:49:32.374+0000] {dagbag.py:539} INFO - Filling up the DagBag from /home/airflow/.local/lib/python3.8/site-packages/airflow/example_dags/example_setup_teardown_taskflow.py
[2023-09-04T01:49:32.383+0000] {processor.py:839} INFO - DAG(s) dict_keys(['example_setup_teardown_taskflow']) retrieved from /home/airflow/.local/lib/python3.8/site-packages/airflow/example_dags/example_setup_teardown_taskflow.py
[2023-09-04T01:49:32.403+0000] {logging_mixin.py:151} INFO - [2023-09-04T01:49:32.402+0000] {dag.py:2907} INFO - Sync 1 DAGs
[2023-09-04T01:49:32.417+0000] {logging_mixin.py:151} INFO - [2023-09-04T01:49:32.417+0000] {dag.py:3677} INFO - Setting next_dagrun for example_setup_teardown_taskflow to 2023-09-03T01:49:32.417572+00:00, run_after=2023-09-04T01:49:32.417572+00:00
[2023-09-04T01:49:32.430+0000] {processor.py:179} INFO - Processing /home/airflow/.local/lib/python3.8/site-packages/airflow/example_dags/example_setup_teardown_taskflow.py took 0.064 seconds
[2023-09-04T01:50:02.710+0000] {processor.py:157} INFO - Started process (PID=489) to work on /home/airflow/.local/lib/python3.8/site-packages/airflow/example_dags/example_setup_teardown_taskflow.py
[2023-09-04T01:50:02.712+0000] {processor.py:829} INFO - Processing file /home/airflow/.local/lib/python3.8/site-packages/airflow/example_dags/example_setup_teardown_taskflow.py for tasks to queue
[2023-09-04T01:50:02.715+0000] {logging_mixin.py:151} INFO - [2023-09-04T01:50:02.715+0000] {dagbag.py:539} INFO - Filling up the DagBag from /home/airflow/.local/lib/python3.8/site-packages/airflow/example_dags/example_setup_teardown_taskflow.py
[2023-09-04T01:50:02.724+0000] {processor.py:839} INFO - DAG(s) dict_keys(['example_setup_teardown_taskflow']) retrieved from /home/airflow/.local/lib/python3.8/site-packages/airflow/example_dags/example_setup_teardown_taskflow.py
[2023-09-04T01:50:02.748+0000] {logging_mixin.py:151} INFO - [2023-09-04T01:50:02.748+0000] {dag.py:2907} INFO - Sync 1 DAGs
[2023-09-04T01:50:02.763+0000] {logging_mixin.py:151} INFO - [2023-09-04T01:50:02.763+0000] {dag.py:3677} INFO - Setting next_dagrun for example_setup_teardown_taskflow to 2023-09-03T01:50:02.763038+00:00, run_after=2023-09-04T01:50:02.763038+00:00
[2023-09-04T01:50:02.776+0000] {processor.py:179} INFO - Processing /home/airflow/.local/lib/python3.8/site-packages/airflow/example_dags/example_setup_teardown_taskflow.py took 0.070 seconds
[2023-09-04T01:50:33.187+0000] {processor.py:157} INFO - Started process (PID=545) to work on /home/airflow/.local/lib/python3.8/site-packages/airflow/example_dags/example_setup_teardown_taskflow.py
[2023-09-04T01:50:33.189+0000] {processor.py:829} INFO - Processing file /home/airflow/.local/lib/python3.8/site-packages/airflow/example_dags/example_setup_teardown_taskflow.py for tasks to queue
[2023-09-04T01:50:33.192+0000] {logging_mixin.py:151} INFO - [2023-09-04T01:50:33.191+0000] {dagbag.py:539} INFO - Filling up the DagBag from /home/airflow/.local/lib/python3.8/site-packages/airflow/example_dags/example_setup_teardown_taskflow.py
[2023-09-04T01:50:33.201+0000] {processor.py:839} INFO - DAG(s) dict_keys(['example_setup_teardown_taskflow']) retrieved from /home/airflow/.local/lib/python3.8/site-packages/airflow/example_dags/example_setup_teardown_taskflow.py
[2023-09-04T01:50:33.227+0000] {logging_mixin.py:151} INFO - [2023-09-04T01:50:33.227+0000] {dag.py:2907} INFO - Sync 1 DAGs
[2023-09-04T01:50:33.260+0000] {logging_mixin.py:151} INFO - [2023-09-04T01:50:33.260+0000] {dag.py:3677} INFO - Setting next_dagrun for example_setup_teardown_taskflow to 2023-09-03T01:50:33.260429+00:00, run_after=2023-09-04T01:50:33.260429+00:00
[2023-09-04T01:50:33.282+0000] {processor.py:179} INFO - Processing /home/airflow/.local/lib/python3.8/site-packages/airflow/example_dags/example_setup_teardown_taskflow.py took 0.102 seconds
[2023-09-04T01:51:03.825+0000] {processor.py:157} INFO - Started process (PID=601) to work on /home/airflow/.local/lib/python3.8/site-packages/airflow/example_dags/example_setup_teardown_taskflow.py
[2023-09-04T01:51:03.827+0000] {processor.py:829} INFO - Processing file /home/airflow/.local/lib/python3.8/site-packages/airflow/example_dags/example_setup_teardown_taskflow.py for tasks to queue
[2023-09-04T01:51:03.829+0000] {logging_mixin.py:151} INFO - [2023-09-04T01:51:03.829+0000] {dagbag.py:539} INFO - Filling up the DagBag from /home/airflow/.local/lib/python3.8/site-packages/airflow/example_dags/example_setup_teardown_taskflow.py
[2023-09-04T01:51:03.836+0000] {processor.py:839} INFO - DAG(s) dict_keys(['example_setup_teardown_taskflow']) retrieved from /home/airflow/.local/lib/python3.8/site-packages/airflow/example_dags/example_setup_teardown_taskflow.py
[2023-09-04T01:51:03.856+0000] {logging_mixin.py:151} INFO - [2023-09-04T01:51:03.856+0000] {dag.py:2907} INFO - Sync 1 DAGs
[2023-09-04T01:51:03.870+0000] {logging_mixin.py:151} INFO - [2023-09-04T01:51:03.870+0000] {dag.py:3677} INFO - Setting next_dagrun for example_setup_teardown_taskflow to 2023-09-03T01:51:03.870381+00:00, run_after=2023-09-04T01:51:03.870381+00:00
[2023-09-04T01:51:03.884+0000] {processor.py:179} INFO - Processing /home/airflow/.local/lib/python3.8/site-packages/airflow/example_dags/example_setup_teardown_taskflow.py took 0.062 seconds
