[2023-09-04T01:46:03.396+0000] {processor.py:157} INFO - Started process (PID=67) to work on /home/airflow/.local/lib/python3.8/site-packages/airflow/example_dags/example_sensors.py
[2023-09-04T01:46:03.412+0000] {processor.py:829} INFO - Processing file /home/airflow/.local/lib/python3.8/site-packages/airflow/example_dags/example_sensors.py for tasks to queue
[2023-09-04T01:46:03.422+0000] {logging_mixin.py:151} INFO - [2023-09-04T01:46:03.422+0000] {dagbag.py:539} INFO - Filling up the DagBag from /home/airflow/.local/lib/python3.8/site-packages/airflow/example_dags/example_sensors.py
[2023-09-04T01:46:03.437+0000] {processor.py:839} INFO - DAG(s) dict_keys(['example_sensors']) retrieved from /home/airflow/.local/lib/python3.8/site-packages/airflow/example_dags/example_sensors.py
[2023-09-04T01:46:03.473+0000] {logging_mixin.py:151} INFO - [2023-09-04T01:46:03.472+0000] {dag.py:2907} INFO - Sync 1 DAGs
[2023-09-04T01:46:03.496+0000] {logging_mixin.py:151} INFO - [2023-09-04T01:46:03.496+0000] {dag.py:3677} INFO - Setting next_dagrun for example_sensors to None, run_after=None
[2023-09-04T01:46:03.553+0000] {processor.py:179} INFO - Processing /home/airflow/.local/lib/python3.8/site-packages/airflow/example_dags/example_sensors.py took 0.164 seconds
[2023-09-04T01:46:34.400+0000] {processor.py:157} INFO - Started process (PID=123) to work on /home/airflow/.local/lib/python3.8/site-packages/airflow/example_dags/example_sensors.py
[2023-09-04T01:46:34.402+0000] {processor.py:829} INFO - Processing file /home/airflow/.local/lib/python3.8/site-packages/airflow/example_dags/example_sensors.py for tasks to queue
[2023-09-04T01:46:34.406+0000] {logging_mixin.py:151} INFO - [2023-09-04T01:46:34.406+0000] {dagbag.py:539} INFO - Filling up the DagBag from /home/airflow/.local/lib/python3.8/site-packages/airflow/example_dags/example_sensors.py
[2023-09-04T01:46:34.415+0000] {processor.py:839} INFO - DAG(s) dict_keys(['example_sensors']) retrieved from /home/airflow/.local/lib/python3.8/site-packages/airflow/example_dags/example_sensors.py
[2023-09-04T01:46:34.448+0000] {logging_mixin.py:151} INFO - [2023-09-04T01:46:34.448+0000] {dag.py:2907} INFO - Sync 1 DAGs
[2023-09-04T01:46:34.459+0000] {logging_mixin.py:151} INFO - [2023-09-04T01:46:34.459+0000] {dag.py:3677} INFO - Setting next_dagrun for example_sensors to None, run_after=None
[2023-09-04T01:46:34.475+0000] {processor.py:179} INFO - Processing /home/airflow/.local/lib/python3.8/site-packages/airflow/example_dags/example_sensors.py took 0.078 seconds
[2023-09-04T01:47:05.368+0000] {processor.py:157} INFO - Started process (PID=179) to work on /home/airflow/.local/lib/python3.8/site-packages/airflow/example_dags/example_sensors.py
[2023-09-04T01:47:05.372+0000] {processor.py:829} INFO - Processing file /home/airflow/.local/lib/python3.8/site-packages/airflow/example_dags/example_sensors.py for tasks to queue
[2023-09-04T01:47:05.377+0000] {logging_mixin.py:151} INFO - [2023-09-04T01:47:05.377+0000] {dagbag.py:539} INFO - Filling up the DagBag from /home/airflow/.local/lib/python3.8/site-packages/airflow/example_dags/example_sensors.py
[2023-09-04T01:47:05.388+0000] {processor.py:839} INFO - DAG(s) dict_keys(['example_sensors']) retrieved from /home/airflow/.local/lib/python3.8/site-packages/airflow/example_dags/example_sensors.py
[2023-09-04T01:47:05.433+0000] {logging_mixin.py:151} INFO - [2023-09-04T01:47:05.433+0000] {dag.py:2907} INFO - Sync 1 DAGs
[2023-09-04T01:47:05.449+0000] {logging_mixin.py:151} INFO - [2023-09-04T01:47:05.449+0000] {dag.py:3677} INFO - Setting next_dagrun for example_sensors to None, run_after=None
[2023-09-04T01:47:05.470+0000] {processor.py:179} INFO - Processing /home/airflow/.local/lib/python3.8/site-packages/airflow/example_dags/example_sensors.py took 0.106 seconds
[2023-09-04T01:47:36.141+0000] {processor.py:157} INFO - Started process (PID=235) to work on /home/airflow/.local/lib/python3.8/site-packages/airflow/example_dags/example_sensors.py
[2023-09-04T01:47:36.143+0000] {processor.py:829} INFO - Processing file /home/airflow/.local/lib/python3.8/site-packages/airflow/example_dags/example_sensors.py for tasks to queue
[2023-09-04T01:47:36.146+0000] {logging_mixin.py:151} INFO - [2023-09-04T01:47:36.146+0000] {dagbag.py:539} INFO - Filling up the DagBag from /home/airflow/.local/lib/python3.8/site-packages/airflow/example_dags/example_sensors.py
[2023-09-04T01:47:36.153+0000] {processor.py:839} INFO - DAG(s) dict_keys(['example_sensors']) retrieved from /home/airflow/.local/lib/python3.8/site-packages/airflow/example_dags/example_sensors.py
[2023-09-04T01:47:36.185+0000] {logging_mixin.py:151} INFO - [2023-09-04T01:47:36.185+0000] {dag.py:2907} INFO - Sync 1 DAGs
[2023-09-04T01:47:36.211+0000] {logging_mixin.py:151} INFO - [2023-09-04T01:47:36.211+0000] {dag.py:3677} INFO - Setting next_dagrun for example_sensors to None, run_after=None
[2023-09-04T01:47:36.232+0000] {processor.py:179} INFO - Processing /home/airflow/.local/lib/python3.8/site-packages/airflow/example_dags/example_sensors.py took 0.093 seconds
[2023-09-04T01:48:06.856+0000] {processor.py:157} INFO - Started process (PID=291) to work on /home/airflow/.local/lib/python3.8/site-packages/airflow/example_dags/example_sensors.py
[2023-09-04T01:48:06.858+0000] {processor.py:829} INFO - Processing file /home/airflow/.local/lib/python3.8/site-packages/airflow/example_dags/example_sensors.py for tasks to queue
[2023-09-04T01:48:06.862+0000] {logging_mixin.py:151} INFO - [2023-09-04T01:48:06.861+0000] {dagbag.py:539} INFO - Filling up the DagBag from /home/airflow/.local/lib/python3.8/site-packages/airflow/example_dags/example_sensors.py
[2023-09-04T01:48:06.869+0000] {processor.py:839} INFO - DAG(s) dict_keys(['example_sensors']) retrieved from /home/airflow/.local/lib/python3.8/site-packages/airflow/example_dags/example_sensors.py
[2023-09-04T01:48:06.895+0000] {logging_mixin.py:151} INFO - [2023-09-04T01:48:06.895+0000] {dag.py:2907} INFO - Sync 1 DAGs
[2023-09-04T01:48:06.906+0000] {logging_mixin.py:151} INFO - [2023-09-04T01:48:06.906+0000] {dag.py:3677} INFO - Setting next_dagrun for example_sensors to None, run_after=None
[2023-09-04T01:48:06.927+0000] {processor.py:179} INFO - Processing /home/airflow/.local/lib/python3.8/site-packages/airflow/example_dags/example_sensors.py took 0.074 seconds
[2023-09-04T01:48:37.135+0000] {processor.py:157} INFO - Started process (PID=347) to work on /home/airflow/.local/lib/python3.8/site-packages/airflow/example_dags/example_sensors.py
[2023-09-04T01:48:37.137+0000] {processor.py:829} INFO - Processing file /home/airflow/.local/lib/python3.8/site-packages/airflow/example_dags/example_sensors.py for tasks to queue
[2023-09-04T01:48:37.140+0000] {logging_mixin.py:151} INFO - [2023-09-04T01:48:37.140+0000] {dagbag.py:539} INFO - Filling up the DagBag from /home/airflow/.local/lib/python3.8/site-packages/airflow/example_dags/example_sensors.py
[2023-09-04T01:48:37.153+0000] {processor.py:839} INFO - DAG(s) dict_keys(['example_sensors']) retrieved from /home/airflow/.local/lib/python3.8/site-packages/airflow/example_dags/example_sensors.py
[2023-09-04T01:48:37.203+0000] {logging_mixin.py:151} INFO - [2023-09-04T01:48:37.202+0000] {dag.py:2907} INFO - Sync 1 DAGs
[2023-09-04T01:48:37.223+0000] {logging_mixin.py:151} INFO - [2023-09-04T01:48:37.222+0000] {dag.py:3677} INFO - Setting next_dagrun for example_sensors to None, run_after=None
[2023-09-04T01:48:37.292+0000] {processor.py:179} INFO - Processing /home/airflow/.local/lib/python3.8/site-packages/airflow/example_dags/example_sensors.py took 0.162 seconds
[2023-09-04T01:49:07.781+0000] {processor.py:157} INFO - Started process (PID=403) to work on /home/airflow/.local/lib/python3.8/site-packages/airflow/example_dags/example_sensors.py
[2023-09-04T01:49:07.783+0000] {processor.py:829} INFO - Processing file /home/airflow/.local/lib/python3.8/site-packages/airflow/example_dags/example_sensors.py for tasks to queue
[2023-09-04T01:49:07.786+0000] {logging_mixin.py:151} INFO - [2023-09-04T01:49:07.785+0000] {dagbag.py:539} INFO - Filling up the DagBag from /home/airflow/.local/lib/python3.8/site-packages/airflow/example_dags/example_sensors.py
[2023-09-04T01:49:07.793+0000] {processor.py:839} INFO - DAG(s) dict_keys(['example_sensors']) retrieved from /home/airflow/.local/lib/python3.8/site-packages/airflow/example_dags/example_sensors.py
[2023-09-04T01:49:07.818+0000] {logging_mixin.py:151} INFO - [2023-09-04T01:49:07.818+0000] {dag.py:2907} INFO - Sync 1 DAGs
[2023-09-04T01:49:07.828+0000] {logging_mixin.py:151} INFO - [2023-09-04T01:49:07.828+0000] {dag.py:3677} INFO - Setting next_dagrun for example_sensors to None, run_after=None
[2023-09-04T01:49:07.843+0000] {processor.py:179} INFO - Processing /home/airflow/.local/lib/python3.8/site-packages/airflow/example_dags/example_sensors.py took 0.064 seconds
[2023-09-04T01:49:38.009+0000] {processor.py:157} INFO - Started process (PID=459) to work on /home/airflow/.local/lib/python3.8/site-packages/airflow/example_dags/example_sensors.py
[2023-09-04T01:49:38.012+0000] {processor.py:829} INFO - Processing file /home/airflow/.local/lib/python3.8/site-packages/airflow/example_dags/example_sensors.py for tasks to queue
[2023-09-04T01:49:38.016+0000] {logging_mixin.py:151} INFO - [2023-09-04T01:49:38.015+0000] {dagbag.py:539} INFO - Filling up the DagBag from /home/airflow/.local/lib/python3.8/site-packages/airflow/example_dags/example_sensors.py
[2023-09-04T01:49:38.024+0000] {processor.py:839} INFO - DAG(s) dict_keys(['example_sensors']) retrieved from /home/airflow/.local/lib/python3.8/site-packages/airflow/example_dags/example_sensors.py
[2023-09-04T01:49:38.045+0000] {logging_mixin.py:151} INFO - [2023-09-04T01:49:38.045+0000] {dag.py:2907} INFO - Sync 1 DAGs
[2023-09-04T01:49:38.055+0000] {logging_mixin.py:151} INFO - [2023-09-04T01:49:38.055+0000] {dag.py:3677} INFO - Setting next_dagrun for example_sensors to None, run_after=None
[2023-09-04T01:49:38.072+0000] {processor.py:179} INFO - Processing /home/airflow/.local/lib/python3.8/site-packages/airflow/example_dags/example_sensors.py took 0.067 seconds
[2023-09-04T01:50:08.770+0000] {processor.py:157} INFO - Started process (PID=516) to work on /home/airflow/.local/lib/python3.8/site-packages/airflow/example_dags/example_sensors.py
[2023-09-04T01:50:08.773+0000] {processor.py:829} INFO - Processing file /home/airflow/.local/lib/python3.8/site-packages/airflow/example_dags/example_sensors.py for tasks to queue
[2023-09-04T01:50:08.776+0000] {logging_mixin.py:151} INFO - [2023-09-04T01:50:08.776+0000] {dagbag.py:539} INFO - Filling up the DagBag from /home/airflow/.local/lib/python3.8/site-packages/airflow/example_dags/example_sensors.py
[2023-09-04T01:50:08.787+0000] {processor.py:839} INFO - DAG(s) dict_keys(['example_sensors']) retrieved from /home/airflow/.local/lib/python3.8/site-packages/airflow/example_dags/example_sensors.py
[2023-09-04T01:50:08.820+0000] {logging_mixin.py:151} INFO - [2023-09-04T01:50:08.820+0000] {dag.py:2907} INFO - Sync 1 DAGs
[2023-09-04T01:50:08.831+0000] {logging_mixin.py:151} INFO - [2023-09-04T01:50:08.831+0000] {dag.py:3677} INFO - Setting next_dagrun for example_sensors to None, run_after=None
[2023-09-04T01:50:08.843+0000] {processor.py:179} INFO - Processing /home/airflow/.local/lib/python3.8/site-packages/airflow/example_dags/example_sensors.py took 0.076 seconds
[2023-09-04T01:50:40.031+0000] {processor.py:157} INFO - Started process (PID=572) to work on /home/airflow/.local/lib/python3.8/site-packages/airflow/example_dags/example_sensors.py
[2023-09-04T01:50:40.033+0000] {processor.py:829} INFO - Processing file /home/airflow/.local/lib/python3.8/site-packages/airflow/example_dags/example_sensors.py for tasks to queue
[2023-09-04T01:50:40.036+0000] {logging_mixin.py:151} INFO - [2023-09-04T01:50:40.035+0000] {dagbag.py:539} INFO - Filling up the DagBag from /home/airflow/.local/lib/python3.8/site-packages/airflow/example_dags/example_sensors.py
[2023-09-04T01:50:40.042+0000] {processor.py:839} INFO - DAG(s) dict_keys(['example_sensors']) retrieved from /home/airflow/.local/lib/python3.8/site-packages/airflow/example_dags/example_sensors.py
[2023-09-04T01:50:40.065+0000] {logging_mixin.py:151} INFO - [2023-09-04T01:50:40.065+0000] {dag.py:2907} INFO - Sync 1 DAGs
[2023-09-04T01:50:40.074+0000] {logging_mixin.py:151} INFO - [2023-09-04T01:50:40.074+0000] {dag.py:3677} INFO - Setting next_dagrun for example_sensors to None, run_after=None
[2023-09-04T01:50:40.089+0000] {processor.py:179} INFO - Processing /home/airflow/.local/lib/python3.8/site-packages/airflow/example_dags/example_sensors.py took 0.060 seconds
[2023-09-04T01:51:10.468+0000] {processor.py:157} INFO - Started process (PID=628) to work on /home/airflow/.local/lib/python3.8/site-packages/airflow/example_dags/example_sensors.py
[2023-09-04T01:51:10.470+0000] {processor.py:829} INFO - Processing file /home/airflow/.local/lib/python3.8/site-packages/airflow/example_dags/example_sensors.py for tasks to queue
[2023-09-04T01:51:10.473+0000] {logging_mixin.py:151} INFO - [2023-09-04T01:51:10.472+0000] {dagbag.py:539} INFO - Filling up the DagBag from /home/airflow/.local/lib/python3.8/site-packages/airflow/example_dags/example_sensors.py
[2023-09-04T01:51:10.479+0000] {processor.py:839} INFO - DAG(s) dict_keys(['example_sensors']) retrieved from /home/airflow/.local/lib/python3.8/site-packages/airflow/example_dags/example_sensors.py
[2023-09-04T01:51:10.506+0000] {logging_mixin.py:151} INFO - [2023-09-04T01:51:10.506+0000] {dag.py:2907} INFO - Sync 1 DAGs
[2023-09-04T01:51:10.520+0000] {logging_mixin.py:151} INFO - [2023-09-04T01:51:10.519+0000] {dag.py:3677} INFO - Setting next_dagrun for example_sensors to None, run_after=None
[2023-09-04T01:51:10.539+0000] {processor.py:179} INFO - Processing /home/airflow/.local/lib/python3.8/site-packages/airflow/example_dags/example_sensors.py took 0.074 seconds
