[2023-09-04T01:46:02.530+0000] {processor.py:157} INFO - Started process (PID=61) to work on /home/airflow/.local/lib/python3.8/site-packages/airflow/example_dags/example_xcom.py
[2023-09-04T01:46:02.536+0000] {processor.py:829} INFO - Processing file /home/airflow/.local/lib/python3.8/site-packages/airflow/example_dags/example_xcom.py for tasks to queue
[2023-09-04T01:46:02.547+0000] {logging_mixin.py:151} INFO - [2023-09-04T01:46:02.545+0000] {dagbag.py:539} INFO - Filling up the DagBag from /home/airflow/.local/lib/python3.8/site-packages/airflow/example_dags/example_xcom.py
[2023-09-04T01:46:02.600+0000] {processor.py:839} INFO - DAG(s) dict_keys(['example_xcom']) retrieved from /home/airflow/.local/lib/python3.8/site-packages/airflow/example_dags/example_xcom.py
[2023-09-04T01:46:02.665+0000] {logging_mixin.py:151} INFO - [2023-09-04T01:46:02.665+0000] {dag.py:2907} INFO - Sync 1 DAGs
[2023-09-04T01:46:02.709+0000] {logging_mixin.py:151} INFO - [2023-09-04T01:46:02.709+0000] {dag.py:3677} INFO - Setting next_dagrun for example_xcom to 2021-01-01T00:00:00+00:00, run_after=2021-01-01T00:00:00+00:00
[2023-09-04T01:46:02.749+0000] {processor.py:179} INFO - Processing /home/airflow/.local/lib/python3.8/site-packages/airflow/example_dags/example_xcom.py took 0.238 seconds
[2023-09-04T01:46:33.005+0000] {processor.py:157} INFO - Started process (PID=117) to work on /home/airflow/.local/lib/python3.8/site-packages/airflow/example_dags/example_xcom.py
[2023-09-04T01:46:33.007+0000] {processor.py:829} INFO - Processing file /home/airflow/.local/lib/python3.8/site-packages/airflow/example_dags/example_xcom.py for tasks to queue
[2023-09-04T01:46:33.010+0000] {logging_mixin.py:151} INFO - [2023-09-04T01:46:33.010+0000] {dagbag.py:539} INFO - Filling up the DagBag from /home/airflow/.local/lib/python3.8/site-packages/airflow/example_dags/example_xcom.py
[2023-09-04T01:46:33.017+0000] {processor.py:839} INFO - DAG(s) dict_keys(['example_xcom']) retrieved from /home/airflow/.local/lib/python3.8/site-packages/airflow/example_dags/example_xcom.py
[2023-09-04T01:46:33.039+0000] {logging_mixin.py:151} INFO - [2023-09-04T01:46:33.039+0000] {dag.py:2907} INFO - Sync 1 DAGs
[2023-09-04T01:46:33.055+0000] {logging_mixin.py:151} INFO - [2023-09-04T01:46:33.055+0000] {dag.py:3677} INFO - Setting next_dagrun for example_xcom to 2021-01-01T00:00:00+00:00, run_after=2021-01-01T00:00:00+00:00
[2023-09-04T01:46:33.068+0000] {processor.py:179} INFO - Processing /home/airflow/.local/lib/python3.8/site-packages/airflow/example_dags/example_xcom.py took 0.067 seconds
[2023-09-04T01:47:03.875+0000] {processor.py:157} INFO - Started process (PID=173) to work on /home/airflow/.local/lib/python3.8/site-packages/airflow/example_dags/example_xcom.py
[2023-09-04T01:47:03.877+0000] {processor.py:829} INFO - Processing file /home/airflow/.local/lib/python3.8/site-packages/airflow/example_dags/example_xcom.py for tasks to queue
[2023-09-04T01:47:03.881+0000] {logging_mixin.py:151} INFO - [2023-09-04T01:47:03.880+0000] {dagbag.py:539} INFO - Filling up the DagBag from /home/airflow/.local/lib/python3.8/site-packages/airflow/example_dags/example_xcom.py
[2023-09-04T01:47:03.889+0000] {processor.py:839} INFO - DAG(s) dict_keys(['example_xcom']) retrieved from /home/airflow/.local/lib/python3.8/site-packages/airflow/example_dags/example_xcom.py
[2023-09-04T01:47:03.921+0000] {logging_mixin.py:151} INFO - [2023-09-04T01:47:03.921+0000] {dag.py:2907} INFO - Sync 1 DAGs
[2023-09-04T01:47:03.961+0000] {logging_mixin.py:151} INFO - [2023-09-04T01:47:03.960+0000] {dag.py:3677} INFO - Setting next_dagrun for example_xcom to 2021-01-01T00:00:00+00:00, run_after=2021-01-01T00:00:00+00:00
[2023-09-04T01:47:03.984+0000] {processor.py:179} INFO - Processing /home/airflow/.local/lib/python3.8/site-packages/airflow/example_dags/example_xcom.py took 0.111 seconds
[2023-09-04T01:47:34.761+0000] {processor.py:157} INFO - Started process (PID=229) to work on /home/airflow/.local/lib/python3.8/site-packages/airflow/example_dags/example_xcom.py
[2023-09-04T01:47:34.763+0000] {processor.py:829} INFO - Processing file /home/airflow/.local/lib/python3.8/site-packages/airflow/example_dags/example_xcom.py for tasks to queue
[2023-09-04T01:47:34.767+0000] {logging_mixin.py:151} INFO - [2023-09-04T01:47:34.767+0000] {dagbag.py:539} INFO - Filling up the DagBag from /home/airflow/.local/lib/python3.8/site-packages/airflow/example_dags/example_xcom.py
[2023-09-04T01:47:34.773+0000] {processor.py:839} INFO - DAG(s) dict_keys(['example_xcom']) retrieved from /home/airflow/.local/lib/python3.8/site-packages/airflow/example_dags/example_xcom.py
[2023-09-04T01:47:34.793+0000] {logging_mixin.py:151} INFO - [2023-09-04T01:47:34.793+0000] {dag.py:2907} INFO - Sync 1 DAGs
[2023-09-04T01:47:34.808+0000] {logging_mixin.py:151} INFO - [2023-09-04T01:47:34.808+0000] {dag.py:3677} INFO - Setting next_dagrun for example_xcom to 2021-01-01T00:00:00+00:00, run_after=2021-01-01T00:00:00+00:00
[2023-09-04T01:47:34.823+0000] {processor.py:179} INFO - Processing /home/airflow/.local/lib/python3.8/site-packages/airflow/example_dags/example_xcom.py took 0.065 seconds
[2023-09-04T01:48:05.460+0000] {processor.py:157} INFO - Started process (PID=285) to work on /home/airflow/.local/lib/python3.8/site-packages/airflow/example_dags/example_xcom.py
[2023-09-04T01:48:05.462+0000] {processor.py:829} INFO - Processing file /home/airflow/.local/lib/python3.8/site-packages/airflow/example_dags/example_xcom.py for tasks to queue
[2023-09-04T01:48:05.466+0000] {logging_mixin.py:151} INFO - [2023-09-04T01:48:05.466+0000] {dagbag.py:539} INFO - Filling up the DagBag from /home/airflow/.local/lib/python3.8/site-packages/airflow/example_dags/example_xcom.py
[2023-09-04T01:48:05.472+0000] {processor.py:839} INFO - DAG(s) dict_keys(['example_xcom']) retrieved from /home/airflow/.local/lib/python3.8/site-packages/airflow/example_dags/example_xcom.py
[2023-09-04T01:48:05.494+0000] {logging_mixin.py:151} INFO - [2023-09-04T01:48:05.494+0000] {dag.py:2907} INFO - Sync 1 DAGs
[2023-09-04T01:48:05.509+0000] {logging_mixin.py:151} INFO - [2023-09-04T01:48:05.509+0000] {dag.py:3677} INFO - Setting next_dagrun for example_xcom to 2021-01-01T00:00:00+00:00, run_after=2021-01-01T00:00:00+00:00
[2023-09-04T01:48:05.523+0000] {processor.py:179} INFO - Processing /home/airflow/.local/lib/python3.8/site-packages/airflow/example_dags/example_xcom.py took 0.066 seconds
[2023-09-04T01:48:36.696+0000] {processor.py:157} INFO - Started process (PID=341) to work on /home/airflow/.local/lib/python3.8/site-packages/airflow/example_dags/example_xcom.py
[2023-09-04T01:48:36.700+0000] {processor.py:829} INFO - Processing file /home/airflow/.local/lib/python3.8/site-packages/airflow/example_dags/example_xcom.py for tasks to queue
[2023-09-04T01:48:36.721+0000] {logging_mixin.py:151} INFO - [2023-09-04T01:48:36.720+0000] {dagbag.py:539} INFO - Filling up the DagBag from /home/airflow/.local/lib/python3.8/site-packages/airflow/example_dags/example_xcom.py
[2023-09-04T01:48:36.728+0000] {processor.py:839} INFO - DAG(s) dict_keys(['example_xcom']) retrieved from /home/airflow/.local/lib/python3.8/site-packages/airflow/example_dags/example_xcom.py
[2023-09-04T01:48:36.751+0000] {logging_mixin.py:151} INFO - [2023-09-04T01:48:36.750+0000] {dag.py:2907} INFO - Sync 1 DAGs
[2023-09-04T01:48:36.775+0000] {logging_mixin.py:151} INFO - [2023-09-04T01:48:36.775+0000] {dag.py:3677} INFO - Setting next_dagrun for example_xcom to 2021-01-01T00:00:00+00:00, run_after=2021-01-01T00:00:00+00:00
[2023-09-04T01:48:36.791+0000] {processor.py:179} INFO - Processing /home/airflow/.local/lib/python3.8/site-packages/airflow/example_dags/example_xcom.py took 0.098 seconds
[2023-09-04T01:49:07.485+0000] {processor.py:157} INFO - Started process (PID=397) to work on /home/airflow/.local/lib/python3.8/site-packages/airflow/example_dags/example_xcom.py
[2023-09-04T01:49:07.487+0000] {processor.py:829} INFO - Processing file /home/airflow/.local/lib/python3.8/site-packages/airflow/example_dags/example_xcom.py for tasks to queue
[2023-09-04T01:49:07.489+0000] {logging_mixin.py:151} INFO - [2023-09-04T01:49:07.489+0000] {dagbag.py:539} INFO - Filling up the DagBag from /home/airflow/.local/lib/python3.8/site-packages/airflow/example_dags/example_xcom.py
[2023-09-04T01:49:07.495+0000] {processor.py:839} INFO - DAG(s) dict_keys(['example_xcom']) retrieved from /home/airflow/.local/lib/python3.8/site-packages/airflow/example_dags/example_xcom.py
[2023-09-04T01:49:07.514+0000] {logging_mixin.py:151} INFO - [2023-09-04T01:49:07.513+0000] {dag.py:2907} INFO - Sync 1 DAGs
[2023-09-04T01:49:07.527+0000] {logging_mixin.py:151} INFO - [2023-09-04T01:49:07.527+0000] {dag.py:3677} INFO - Setting next_dagrun for example_xcom to 2021-01-01T00:00:00+00:00, run_after=2021-01-01T00:00:00+00:00
[2023-09-04T01:49:07.539+0000] {processor.py:179} INFO - Processing /home/airflow/.local/lib/python3.8/site-packages/airflow/example_dags/example_xcom.py took 0.057 seconds
[2023-09-04T01:49:37.686+0000] {processor.py:157} INFO - Started process (PID=453) to work on /home/airflow/.local/lib/python3.8/site-packages/airflow/example_dags/example_xcom.py
[2023-09-04T01:49:37.689+0000] {processor.py:829} INFO - Processing file /home/airflow/.local/lib/python3.8/site-packages/airflow/example_dags/example_xcom.py for tasks to queue
[2023-09-04T01:49:37.692+0000] {logging_mixin.py:151} INFO - [2023-09-04T01:49:37.691+0000] {dagbag.py:539} INFO - Filling up the DagBag from /home/airflow/.local/lib/python3.8/site-packages/airflow/example_dags/example_xcom.py
[2023-09-04T01:49:37.698+0000] {processor.py:839} INFO - DAG(s) dict_keys(['example_xcom']) retrieved from /home/airflow/.local/lib/python3.8/site-packages/airflow/example_dags/example_xcom.py
[2023-09-04T01:49:37.727+0000] {logging_mixin.py:151} INFO - [2023-09-04T01:49:37.727+0000] {dag.py:2907} INFO - Sync 1 DAGs
[2023-09-04T01:49:37.744+0000] {logging_mixin.py:151} INFO - [2023-09-04T01:49:37.743+0000] {dag.py:3677} INFO - Setting next_dagrun for example_xcom to 2021-01-01T00:00:00+00:00, run_after=2021-01-01T00:00:00+00:00
[2023-09-04T01:49:37.756+0000] {processor.py:179} INFO - Processing /home/airflow/.local/lib/python3.8/site-packages/airflow/example_dags/example_xcom.py took 0.074 seconds
[2023-09-04T01:50:08.402+0000] {processor.py:157} INFO - Started process (PID=510) to work on /home/airflow/.local/lib/python3.8/site-packages/airflow/example_dags/example_xcom.py
[2023-09-04T01:50:08.404+0000] {processor.py:829} INFO - Processing file /home/airflow/.local/lib/python3.8/site-packages/airflow/example_dags/example_xcom.py for tasks to queue
[2023-09-04T01:50:08.407+0000] {logging_mixin.py:151} INFO - [2023-09-04T01:50:08.406+0000] {dagbag.py:539} INFO - Filling up the DagBag from /home/airflow/.local/lib/python3.8/site-packages/airflow/example_dags/example_xcom.py
[2023-09-04T01:50:08.412+0000] {processor.py:839} INFO - DAG(s) dict_keys(['example_xcom']) retrieved from /home/airflow/.local/lib/python3.8/site-packages/airflow/example_dags/example_xcom.py
[2023-09-04T01:50:08.430+0000] {logging_mixin.py:151} INFO - [2023-09-04T01:50:08.430+0000] {dag.py:2907} INFO - Sync 1 DAGs
[2023-09-04T01:50:08.442+0000] {logging_mixin.py:151} INFO - [2023-09-04T01:50:08.442+0000] {dag.py:3677} INFO - Setting next_dagrun for example_xcom to 2021-01-01T00:00:00+00:00, run_after=2021-01-01T00:00:00+00:00
[2023-09-04T01:50:08.452+0000] {processor.py:179} INFO - Processing /home/airflow/.local/lib/python3.8/site-packages/airflow/example_dags/example_xcom.py took 0.053 seconds
[2023-09-04T01:50:39.588+0000] {processor.py:157} INFO - Started process (PID=566) to work on /home/airflow/.local/lib/python3.8/site-packages/airflow/example_dags/example_xcom.py
[2023-09-04T01:50:39.590+0000] {processor.py:829} INFO - Processing file /home/airflow/.local/lib/python3.8/site-packages/airflow/example_dags/example_xcom.py for tasks to queue
[2023-09-04T01:50:39.598+0000] {logging_mixin.py:151} INFO - [2023-09-04T01:50:39.595+0000] {dagbag.py:539} INFO - Filling up the DagBag from /home/airflow/.local/lib/python3.8/site-packages/airflow/example_dags/example_xcom.py
[2023-09-04T01:50:39.605+0000] {processor.py:839} INFO - DAG(s) dict_keys(['example_xcom']) retrieved from /home/airflow/.local/lib/python3.8/site-packages/airflow/example_dags/example_xcom.py
[2023-09-04T01:50:39.629+0000] {logging_mixin.py:151} INFO - [2023-09-04T01:50:39.629+0000] {dag.py:2907} INFO - Sync 1 DAGs
[2023-09-04T01:50:39.649+0000] {logging_mixin.py:151} INFO - [2023-09-04T01:50:39.649+0000] {dag.py:3677} INFO - Setting next_dagrun for example_xcom to 2021-01-01T00:00:00+00:00, run_after=2021-01-01T00:00:00+00:00
[2023-09-04T01:50:39.667+0000] {processor.py:179} INFO - Processing /home/airflow/.local/lib/python3.8/site-packages/airflow/example_dags/example_xcom.py took 0.083 seconds
[2023-09-04T01:51:09.751+0000] {processor.py:157} INFO - Started process (PID=621) to work on /home/airflow/.local/lib/python3.8/site-packages/airflow/example_dags/example_xcom.py
[2023-09-04T01:51:09.753+0000] {processor.py:829} INFO - Processing file /home/airflow/.local/lib/python3.8/site-packages/airflow/example_dags/example_xcom.py for tasks to queue
[2023-09-04T01:51:09.756+0000] {logging_mixin.py:151} INFO - [2023-09-04T01:51:09.756+0000] {dagbag.py:539} INFO - Filling up the DagBag from /home/airflow/.local/lib/python3.8/site-packages/airflow/example_dags/example_xcom.py
[2023-09-04T01:51:09.762+0000] {processor.py:839} INFO - DAG(s) dict_keys(['example_xcom']) retrieved from /home/airflow/.local/lib/python3.8/site-packages/airflow/example_dags/example_xcom.py
[2023-09-04T01:51:09.783+0000] {logging_mixin.py:151} INFO - [2023-09-04T01:51:09.783+0000] {dag.py:2907} INFO - Sync 1 DAGs
[2023-09-04T01:51:09.798+0000] {logging_mixin.py:151} INFO - [2023-09-04T01:51:09.798+0000] {dag.py:3677} INFO - Setting next_dagrun for example_xcom to 2021-01-01T00:00:00+00:00, run_after=2021-01-01T00:00:00+00:00
[2023-09-04T01:51:09.810+0000] {processor.py:179} INFO - Processing /home/airflow/.local/lib/python3.8/site-packages/airflow/example_dags/example_xcom.py took 0.063 seconds
