[2023-09-04T01:45:56.491+0000] {processor.py:157} INFO - Started process (PID=35) to work on /home/airflow/.local/lib/python3.8/site-packages/airflow/example_dags/example_short_circuit_operator.py
[2023-09-04T01:45:56.497+0000] {processor.py:829} INFO - Processing file /home/airflow/.local/lib/python3.8/site-packages/airflow/example_dags/example_short_circuit_operator.py for tasks to queue
[2023-09-04T01:45:56.505+0000] {logging_mixin.py:151} INFO - [2023-09-04T01:45:56.505+0000] {dagbag.py:539} INFO - Filling up the DagBag from /home/airflow/.local/lib/python3.8/site-packages/airflow/example_dags/example_short_circuit_operator.py
[2023-09-04T01:45:56.524+0000] {processor.py:839} INFO - DAG(s) dict_keys(['example_short_circuit_operator']) retrieved from /home/airflow/.local/lib/python3.8/site-packages/airflow/example_dags/example_short_circuit_operator.py
[2023-09-04T01:45:56.556+0000] {logging_mixin.py:151} INFO - [2023-09-04T01:45:56.556+0000] {dag.py:2907} INFO - Sync 1 DAGs
[2023-09-04T01:45:56.618+0000] {logging_mixin.py:151} INFO - [2023-09-04T01:45:56.618+0000] {dag.py:3677} INFO - Setting next_dagrun for example_short_circuit_operator to 2023-09-03T01:45:56.617507+00:00, run_after=2023-09-04T01:45:56.617507+00:00
[2023-09-04T01:45:56.645+0000] {processor.py:179} INFO - Processing /home/airflow/.local/lib/python3.8/site-packages/airflow/example_dags/example_short_circuit_operator.py took 0.157 seconds
[2023-09-04T01:46:26.805+0000] {processor.py:157} INFO - Started process (PID=89) to work on /home/airflow/.local/lib/python3.8/site-packages/airflow/example_dags/example_short_circuit_operator.py
[2023-09-04T01:46:26.811+0000] {processor.py:829} INFO - Processing file /home/airflow/.local/lib/python3.8/site-packages/airflow/example_dags/example_short_circuit_operator.py for tasks to queue
[2023-09-04T01:46:26.822+0000] {logging_mixin.py:151} INFO - [2023-09-04T01:46:26.821+0000] {dagbag.py:539} INFO - Filling up the DagBag from /home/airflow/.local/lib/python3.8/site-packages/airflow/example_dags/example_short_circuit_operator.py
[2023-09-04T01:46:26.849+0000] {processor.py:839} INFO - DAG(s) dict_keys(['example_short_circuit_operator']) retrieved from /home/airflow/.local/lib/python3.8/site-packages/airflow/example_dags/example_short_circuit_operator.py
[2023-09-04T01:46:26.912+0000] {logging_mixin.py:151} INFO - [2023-09-04T01:46:26.912+0000] {dag.py:2907} INFO - Sync 1 DAGs
[2023-09-04T01:46:26.966+0000] {logging_mixin.py:151} INFO - [2023-09-04T01:46:26.966+0000] {dag.py:3677} INFO - Setting next_dagrun for example_short_circuit_operator to 2023-09-03T01:46:26.965531+00:00, run_after=2023-09-04T01:46:26.965531+00:00
[2023-09-04T01:46:26.988+0000] {processor.py:179} INFO - Processing /home/airflow/.local/lib/python3.8/site-packages/airflow/example_dags/example_short_circuit_operator.py took 0.202 seconds
[2023-09-04T01:46:57.263+0000] {processor.py:157} INFO - Started process (PID=145) to work on /home/airflow/.local/lib/python3.8/site-packages/airflow/example_dags/example_short_circuit_operator.py
[2023-09-04T01:46:57.265+0000] {processor.py:829} INFO - Processing file /home/airflow/.local/lib/python3.8/site-packages/airflow/example_dags/example_short_circuit_operator.py for tasks to queue
[2023-09-04T01:46:57.269+0000] {logging_mixin.py:151} INFO - [2023-09-04T01:46:57.269+0000] {dagbag.py:539} INFO - Filling up the DagBag from /home/airflow/.local/lib/python3.8/site-packages/airflow/example_dags/example_short_circuit_operator.py
[2023-09-04T01:46:57.283+0000] {processor.py:839} INFO - DAG(s) dict_keys(['example_short_circuit_operator']) retrieved from /home/airflow/.local/lib/python3.8/site-packages/airflow/example_dags/example_short_circuit_operator.py
[2023-09-04T01:46:57.326+0000] {logging_mixin.py:151} INFO - [2023-09-04T01:46:57.326+0000] {dag.py:2907} INFO - Sync 1 DAGs
[2023-09-04T01:46:57.359+0000] {logging_mixin.py:151} INFO - [2023-09-04T01:46:57.358+0000] {dag.py:3677} INFO - Setting next_dagrun for example_short_circuit_operator to 2023-09-03T01:46:57.358524+00:00, run_after=2023-09-04T01:46:57.358524+00:00
[2023-09-04T01:46:57.389+0000] {processor.py:179} INFO - Processing /home/airflow/.local/lib/python3.8/site-packages/airflow/example_dags/example_short_circuit_operator.py took 0.130 seconds
[2023-09-04T01:47:27.667+0000] {processor.py:157} INFO - Started process (PID=201) to work on /home/airflow/.local/lib/python3.8/site-packages/airflow/example_dags/example_short_circuit_operator.py
[2023-09-04T01:47:27.670+0000] {processor.py:829} INFO - Processing file /home/airflow/.local/lib/python3.8/site-packages/airflow/example_dags/example_short_circuit_operator.py for tasks to queue
[2023-09-04T01:47:27.674+0000] {logging_mixin.py:151} INFO - [2023-09-04T01:47:27.673+0000] {dagbag.py:539} INFO - Filling up the DagBag from /home/airflow/.local/lib/python3.8/site-packages/airflow/example_dags/example_short_circuit_operator.py
[2023-09-04T01:47:27.684+0000] {processor.py:839} INFO - DAG(s) dict_keys(['example_short_circuit_operator']) retrieved from /home/airflow/.local/lib/python3.8/site-packages/airflow/example_dags/example_short_circuit_operator.py
[2023-09-04T01:47:27.734+0000] {logging_mixin.py:151} INFO - [2023-09-04T01:47:27.734+0000] {dag.py:2907} INFO - Sync 1 DAGs
[2023-09-04T01:47:27.772+0000] {logging_mixin.py:151} INFO - [2023-09-04T01:47:27.772+0000] {dag.py:3677} INFO - Setting next_dagrun for example_short_circuit_operator to 2023-09-03T01:47:27.772371+00:00, run_after=2023-09-04T01:47:27.772371+00:00
[2023-09-04T01:47:27.790+0000] {processor.py:179} INFO - Processing /home/airflow/.local/lib/python3.8/site-packages/airflow/example_dags/example_short_circuit_operator.py took 0.126 seconds
[2023-09-04T01:47:58.135+0000] {processor.py:157} INFO - Started process (PID=257) to work on /home/airflow/.local/lib/python3.8/site-packages/airflow/example_dags/example_short_circuit_operator.py
[2023-09-04T01:47:58.137+0000] {processor.py:829} INFO - Processing file /home/airflow/.local/lib/python3.8/site-packages/airflow/example_dags/example_short_circuit_operator.py for tasks to queue
[2023-09-04T01:47:58.142+0000] {logging_mixin.py:151} INFO - [2023-09-04T01:47:58.142+0000] {dagbag.py:539} INFO - Filling up the DagBag from /home/airflow/.local/lib/python3.8/site-packages/airflow/example_dags/example_short_circuit_operator.py
[2023-09-04T01:47:58.165+0000] {processor.py:839} INFO - DAG(s) dict_keys(['example_short_circuit_operator']) retrieved from /home/airflow/.local/lib/python3.8/site-packages/airflow/example_dags/example_short_circuit_operator.py
[2023-09-04T01:47:58.240+0000] {logging_mixin.py:151} INFO - [2023-09-04T01:47:58.240+0000] {dag.py:2907} INFO - Sync 1 DAGs
[2023-09-04T01:47:58.280+0000] {logging_mixin.py:151} INFO - [2023-09-04T01:47:58.280+0000] {dag.py:3677} INFO - Setting next_dagrun for example_short_circuit_operator to 2023-09-03T01:47:58.280062+00:00, run_after=2023-09-04T01:47:58.280062+00:00
[2023-09-04T01:47:58.309+0000] {processor.py:179} INFO - Processing /home/airflow/.local/lib/python3.8/site-packages/airflow/example_dags/example_short_circuit_operator.py took 0.179 seconds
[2023-09-04T01:48:28.905+0000] {processor.py:157} INFO - Started process (PID=313) to work on /home/airflow/.local/lib/python3.8/site-packages/airflow/example_dags/example_short_circuit_operator.py
[2023-09-04T01:48:28.908+0000] {processor.py:829} INFO - Processing file /home/airflow/.local/lib/python3.8/site-packages/airflow/example_dags/example_short_circuit_operator.py for tasks to queue
[2023-09-04T01:48:28.914+0000] {logging_mixin.py:151} INFO - [2023-09-04T01:48:28.914+0000] {dagbag.py:539} INFO - Filling up the DagBag from /home/airflow/.local/lib/python3.8/site-packages/airflow/example_dags/example_short_circuit_operator.py
[2023-09-04T01:48:28.941+0000] {processor.py:839} INFO - DAG(s) dict_keys(['example_short_circuit_operator']) retrieved from /home/airflow/.local/lib/python3.8/site-packages/airflow/example_dags/example_short_circuit_operator.py
[2023-09-04T01:48:29.004+0000] {logging_mixin.py:151} INFO - [2023-09-04T01:48:29.003+0000] {dag.py:2907} INFO - Sync 1 DAGs
[2023-09-04T01:48:29.036+0000] {logging_mixin.py:151} INFO - [2023-09-04T01:48:29.036+0000] {dag.py:3677} INFO - Setting next_dagrun for example_short_circuit_operator to 2023-09-03T01:48:29.035910+00:00, run_after=2023-09-04T01:48:29.035910+00:00
[2023-09-04T01:48:29.058+0000] {processor.py:179} INFO - Processing /home/airflow/.local/lib/python3.8/site-packages/airflow/example_dags/example_short_circuit_operator.py took 0.170 seconds
[2023-09-04T01:48:59.519+0000] {processor.py:157} INFO - Started process (PID=369) to work on /home/airflow/.local/lib/python3.8/site-packages/airflow/example_dags/example_short_circuit_operator.py
[2023-09-04T01:48:59.524+0000] {processor.py:829} INFO - Processing file /home/airflow/.local/lib/python3.8/site-packages/airflow/example_dags/example_short_circuit_operator.py for tasks to queue
[2023-09-04T01:48:59.532+0000] {logging_mixin.py:151} INFO - [2023-09-04T01:48:59.531+0000] {dagbag.py:539} INFO - Filling up the DagBag from /home/airflow/.local/lib/python3.8/site-packages/airflow/example_dags/example_short_circuit_operator.py
[2023-09-04T01:48:59.542+0000] {processor.py:839} INFO - DAG(s) dict_keys(['example_short_circuit_operator']) retrieved from /home/airflow/.local/lib/python3.8/site-packages/airflow/example_dags/example_short_circuit_operator.py
[2023-09-04T01:48:59.574+0000] {logging_mixin.py:151} INFO - [2023-09-04T01:48:59.574+0000] {dag.py:2907} INFO - Sync 1 DAGs
[2023-09-04T01:48:59.594+0000] {logging_mixin.py:151} INFO - [2023-09-04T01:48:59.594+0000] {dag.py:3677} INFO - Setting next_dagrun for example_short_circuit_operator to 2023-09-03T01:48:59.593802+00:00, run_after=2023-09-04T01:48:59.593802+00:00
[2023-09-04T01:48:59.609+0000] {processor.py:179} INFO - Processing /home/airflow/.local/lib/python3.8/site-packages/airflow/example_dags/example_short_circuit_operator.py took 0.098 seconds
[2023-09-04T01:49:29.973+0000] {processor.py:157} INFO - Started process (PID=425) to work on /home/airflow/.local/lib/python3.8/site-packages/airflow/example_dags/example_short_circuit_operator.py
[2023-09-04T01:49:29.975+0000] {processor.py:829} INFO - Processing file /home/airflow/.local/lib/python3.8/site-packages/airflow/example_dags/example_short_circuit_operator.py for tasks to queue
[2023-09-04T01:49:29.979+0000] {logging_mixin.py:151} INFO - [2023-09-04T01:49:29.979+0000] {dagbag.py:539} INFO - Filling up the DagBag from /home/airflow/.local/lib/python3.8/site-packages/airflow/example_dags/example_short_circuit_operator.py
[2023-09-04T01:49:29.987+0000] {processor.py:839} INFO - DAG(s) dict_keys(['example_short_circuit_operator']) retrieved from /home/airflow/.local/lib/python3.8/site-packages/airflow/example_dags/example_short_circuit_operator.py
[2023-09-04T01:49:30.030+0000] {logging_mixin.py:151} INFO - [2023-09-04T01:49:30.030+0000] {dag.py:2907} INFO - Sync 1 DAGs
[2023-09-04T01:49:30.050+0000] {logging_mixin.py:151} INFO - [2023-09-04T01:49:30.050+0000] {dag.py:3677} INFO - Setting next_dagrun for example_short_circuit_operator to 2023-09-03T01:49:30.050331+00:00, run_after=2023-09-04T01:49:30.050331+00:00
[2023-09-04T01:49:30.064+0000] {processor.py:179} INFO - Processing /home/airflow/.local/lib/python3.8/site-packages/airflow/example_dags/example_short_circuit_operator.py took 0.097 seconds
[2023-09-04T01:50:00.280+0000] {processor.py:157} INFO - Started process (PID=482) to work on /home/airflow/.local/lib/python3.8/site-packages/airflow/example_dags/example_short_circuit_operator.py
[2023-09-04T01:50:00.282+0000] {processor.py:829} INFO - Processing file /home/airflow/.local/lib/python3.8/site-packages/airflow/example_dags/example_short_circuit_operator.py for tasks to queue
[2023-09-04T01:50:00.285+0000] {logging_mixin.py:151} INFO - [2023-09-04T01:50:00.285+0000] {dagbag.py:539} INFO - Filling up the DagBag from /home/airflow/.local/lib/python3.8/site-packages/airflow/example_dags/example_short_circuit_operator.py
[2023-09-04T01:50:00.294+0000] {processor.py:839} INFO - DAG(s) dict_keys(['example_short_circuit_operator']) retrieved from /home/airflow/.local/lib/python3.8/site-packages/airflow/example_dags/example_short_circuit_operator.py
[2023-09-04T01:50:00.319+0000] {logging_mixin.py:151} INFO - [2023-09-04T01:50:00.319+0000] {dag.py:2907} INFO - Sync 1 DAGs
[2023-09-04T01:50:00.339+0000] {logging_mixin.py:151} INFO - [2023-09-04T01:50:00.338+0000] {dag.py:3677} INFO - Setting next_dagrun for example_short_circuit_operator to 2023-09-03T01:50:00.338462+00:00, run_after=2023-09-04T01:50:00.338462+00:00
[2023-09-04T01:50:00.353+0000] {processor.py:179} INFO - Processing /home/airflow/.local/lib/python3.8/site-packages/airflow/example_dags/example_short_circuit_operator.py took 0.077 seconds
[2023-09-04T01:50:30.758+0000] {processor.py:157} INFO - Started process (PID=538) to work on /home/airflow/.local/lib/python3.8/site-packages/airflow/example_dags/example_short_circuit_operator.py
[2023-09-04T01:50:30.760+0000] {processor.py:829} INFO - Processing file /home/airflow/.local/lib/python3.8/site-packages/airflow/example_dags/example_short_circuit_operator.py for tasks to queue
[2023-09-04T01:50:30.765+0000] {logging_mixin.py:151} INFO - [2023-09-04T01:50:30.765+0000] {dagbag.py:539} INFO - Filling up the DagBag from /home/airflow/.local/lib/python3.8/site-packages/airflow/example_dags/example_short_circuit_operator.py
[2023-09-04T01:50:30.775+0000] {processor.py:839} INFO - DAG(s) dict_keys(['example_short_circuit_operator']) retrieved from /home/airflow/.local/lib/python3.8/site-packages/airflow/example_dags/example_short_circuit_operator.py
[2023-09-04T01:50:30.801+0000] {logging_mixin.py:151} INFO - [2023-09-04T01:50:30.801+0000] {dag.py:2907} INFO - Sync 1 DAGs
[2023-09-04T01:50:30.820+0000] {logging_mixin.py:151} INFO - [2023-09-04T01:50:30.819+0000] {dag.py:3677} INFO - Setting next_dagrun for example_short_circuit_operator to 2023-09-03T01:50:30.819518+00:00, run_after=2023-09-04T01:50:30.819518+00:00
[2023-09-04T01:50:30.833+0000] {processor.py:179} INFO - Processing /home/airflow/.local/lib/python3.8/site-packages/airflow/example_dags/example_short_circuit_operator.py took 0.081 seconds
[2023-09-04T01:51:01.396+0000] {processor.py:157} INFO - Started process (PID=594) to work on /home/airflow/.local/lib/python3.8/site-packages/airflow/example_dags/example_short_circuit_operator.py
[2023-09-04T01:51:01.398+0000] {processor.py:829} INFO - Processing file /home/airflow/.local/lib/python3.8/site-packages/airflow/example_dags/example_short_circuit_operator.py for tasks to queue
[2023-09-04T01:51:01.401+0000] {logging_mixin.py:151} INFO - [2023-09-04T01:51:01.401+0000] {dagbag.py:539} INFO - Filling up the DagBag from /home/airflow/.local/lib/python3.8/site-packages/airflow/example_dags/example_short_circuit_operator.py
[2023-09-04T01:51:01.409+0000] {processor.py:839} INFO - DAG(s) dict_keys(['example_short_circuit_operator']) retrieved from /home/airflow/.local/lib/python3.8/site-packages/airflow/example_dags/example_short_circuit_operator.py
[2023-09-04T01:51:01.433+0000] {logging_mixin.py:151} INFO - [2023-09-04T01:51:01.433+0000] {dag.py:2907} INFO - Sync 1 DAGs
[2023-09-04T01:51:01.466+0000] {logging_mixin.py:151} INFO - [2023-09-04T01:51:01.466+0000] {dag.py:3677} INFO - Setting next_dagrun for example_short_circuit_operator to 2023-09-03T01:51:01.465652+00:00, run_after=2023-09-04T01:51:01.465652+00:00
[2023-09-04T01:51:01.484+0000] {processor.py:179} INFO - Processing /home/airflow/.local/lib/python3.8/site-packages/airflow/example_dags/example_short_circuit_operator.py took 0.092 seconds
