[2023-09-04T01:46:00.581+0000] {processor.py:157} INFO - Started process (PID=54) to work on /home/airflow/.local/lib/python3.8/site-packages/airflow/example_dags/example_dynamic_task_mapping_with_no_taskflow_operators.py
[2023-09-04T01:46:00.590+0000] {processor.py:829} INFO - Processing file /home/airflow/.local/lib/python3.8/site-packages/airflow/example_dags/example_dynamic_task_mapping_with_no_taskflow_operators.py for tasks to queue
[2023-09-04T01:46:00.606+0000] {logging_mixin.py:151} INFO - [2023-09-04T01:46:00.605+0000] {dagbag.py:539} INFO - Filling up the DagBag from /home/airflow/.local/lib/python3.8/site-packages/airflow/example_dags/example_dynamic_task_mapping_with_no_taskflow_operators.py
[2023-09-04T01:46:00.623+0000] {processor.py:839} INFO - DAG(s) dict_keys(['example_dynamic_task_mapping_with_no_taskflow_operators']) retrieved from /home/airflow/.local/lib/python3.8/site-packages/airflow/example_dags/example_dynamic_task_mapping_with_no_taskflow_operators.py
[2023-09-04T01:46:00.664+0000] {logging_mixin.py:151} INFO - [2023-09-04T01:46:00.664+0000] {dag.py:2907} INFO - Sync 1 DAGs
[2023-09-04T01:46:00.737+0000] {logging_mixin.py:151} INFO - [2023-09-04T01:46:00.737+0000] {dag.py:3677} INFO - Setting next_dagrun for example_dynamic_task_mapping_with_no_taskflow_operators to 2023-09-03T01:46:00.736704+00:00, run_after=2023-09-04T01:46:00.736704+00:00
[2023-09-04T01:46:00.781+0000] {processor.py:179} INFO - Processing /home/airflow/.local/lib/python3.8/site-packages/airflow/example_dags/example_dynamic_task_mapping_with_no_taskflow_operators.py took 0.205 seconds
[2023-09-04T01:46:31.053+0000] {processor.py:157} INFO - Started process (PID=109) to work on /home/airflow/.local/lib/python3.8/site-packages/airflow/example_dags/example_dynamic_task_mapping_with_no_taskflow_operators.py
[2023-09-04T01:46:31.072+0000] {processor.py:829} INFO - Processing file /home/airflow/.local/lib/python3.8/site-packages/airflow/example_dags/example_dynamic_task_mapping_with_no_taskflow_operators.py for tasks to queue
[2023-09-04T01:46:31.095+0000] {logging_mixin.py:151} INFO - [2023-09-04T01:46:31.094+0000] {dagbag.py:539} INFO - Filling up the DagBag from /home/airflow/.local/lib/python3.8/site-packages/airflow/example_dags/example_dynamic_task_mapping_with_no_taskflow_operators.py
[2023-09-04T01:46:31.141+0000] {processor.py:839} INFO - DAG(s) dict_keys(['example_dynamic_task_mapping_with_no_taskflow_operators']) retrieved from /home/airflow/.local/lib/python3.8/site-packages/airflow/example_dags/example_dynamic_task_mapping_with_no_taskflow_operators.py
[2023-09-04T01:46:31.255+0000] {logging_mixin.py:151} INFO - [2023-09-04T01:46:31.255+0000] {dag.py:2907} INFO - Sync 1 DAGs
[2023-09-04T01:46:31.286+0000] {logging_mixin.py:151} INFO - [2023-09-04T01:46:31.286+0000] {dag.py:3677} INFO - Setting next_dagrun for example_dynamic_task_mapping_with_no_taskflow_operators to 2023-09-03T01:46:31.286334+00:00, run_after=2023-09-04T01:46:31.286334+00:00
[2023-09-04T01:46:31.304+0000] {processor.py:179} INFO - Processing /home/airflow/.local/lib/python3.8/site-packages/airflow/example_dags/example_dynamic_task_mapping_with_no_taskflow_operators.py took 0.296 seconds
[2023-09-04T01:47:01.950+0000] {processor.py:157} INFO - Started process (PID=165) to work on /home/airflow/.local/lib/python3.8/site-packages/airflow/example_dags/example_dynamic_task_mapping_with_no_taskflow_operators.py
[2023-09-04T01:47:01.953+0000] {processor.py:829} INFO - Processing file /home/airflow/.local/lib/python3.8/site-packages/airflow/example_dags/example_dynamic_task_mapping_with_no_taskflow_operators.py for tasks to queue
[2023-09-04T01:47:01.956+0000] {logging_mixin.py:151} INFO - [2023-09-04T01:47:01.956+0000] {dagbag.py:539} INFO - Filling up the DagBag from /home/airflow/.local/lib/python3.8/site-packages/airflow/example_dags/example_dynamic_task_mapping_with_no_taskflow_operators.py
[2023-09-04T01:47:01.966+0000] {processor.py:839} INFO - DAG(s) dict_keys(['example_dynamic_task_mapping_with_no_taskflow_operators']) retrieved from /home/airflow/.local/lib/python3.8/site-packages/airflow/example_dags/example_dynamic_task_mapping_with_no_taskflow_operators.py
[2023-09-04T01:47:01.997+0000] {logging_mixin.py:151} INFO - [2023-09-04T01:47:01.997+0000] {dag.py:2907} INFO - Sync 1 DAGs
[2023-09-04T01:47:02.023+0000] {logging_mixin.py:151} INFO - [2023-09-04T01:47:02.022+0000] {dag.py:3677} INFO - Setting next_dagrun for example_dynamic_task_mapping_with_no_taskflow_operators to 2023-09-03T01:47:02.022722+00:00, run_after=2023-09-04T01:47:02.022722+00:00
[2023-09-04T01:47:02.051+0000] {processor.py:179} INFO - Processing /home/airflow/.local/lib/python3.8/site-packages/airflow/example_dags/example_dynamic_task_mapping_with_no_taskflow_operators.py took 0.103 seconds
[2023-09-04T01:47:32.186+0000] {processor.py:157} INFO - Started process (PID=221) to work on /home/airflow/.local/lib/python3.8/site-packages/airflow/example_dags/example_dynamic_task_mapping_with_no_taskflow_operators.py
[2023-09-04T01:47:32.189+0000] {processor.py:829} INFO - Processing file /home/airflow/.local/lib/python3.8/site-packages/airflow/example_dags/example_dynamic_task_mapping_with_no_taskflow_operators.py for tasks to queue
[2023-09-04T01:47:32.192+0000] {logging_mixin.py:151} INFO - [2023-09-04T01:47:32.192+0000] {dagbag.py:539} INFO - Filling up the DagBag from /home/airflow/.local/lib/python3.8/site-packages/airflow/example_dags/example_dynamic_task_mapping_with_no_taskflow_operators.py
[2023-09-04T01:47:32.201+0000] {processor.py:839} INFO - DAG(s) dict_keys(['example_dynamic_task_mapping_with_no_taskflow_operators']) retrieved from /home/airflow/.local/lib/python3.8/site-packages/airflow/example_dags/example_dynamic_task_mapping_with_no_taskflow_operators.py
[2023-09-04T01:47:32.223+0000] {logging_mixin.py:151} INFO - [2023-09-04T01:47:32.223+0000] {dag.py:2907} INFO - Sync 1 DAGs
[2023-09-04T01:47:32.241+0000] {logging_mixin.py:151} INFO - [2023-09-04T01:47:32.241+0000] {dag.py:3677} INFO - Setting next_dagrun for example_dynamic_task_mapping_with_no_taskflow_operators to 2023-09-03T01:47:32.240986+00:00, run_after=2023-09-04T01:47:32.240986+00:00
[2023-09-04T01:47:32.256+0000] {processor.py:179} INFO - Processing /home/airflow/.local/lib/python3.8/site-packages/airflow/example_dags/example_dynamic_task_mapping_with_no_taskflow_operators.py took 0.073 seconds
[2023-09-04T01:48:02.940+0000] {processor.py:157} INFO - Started process (PID=277) to work on /home/airflow/.local/lib/python3.8/site-packages/airflow/example_dags/example_dynamic_task_mapping_with_no_taskflow_operators.py
[2023-09-04T01:48:02.942+0000] {processor.py:829} INFO - Processing file /home/airflow/.local/lib/python3.8/site-packages/airflow/example_dags/example_dynamic_task_mapping_with_no_taskflow_operators.py for tasks to queue
[2023-09-04T01:48:02.944+0000] {logging_mixin.py:151} INFO - [2023-09-04T01:48:02.944+0000] {dagbag.py:539} INFO - Filling up the DagBag from /home/airflow/.local/lib/python3.8/site-packages/airflow/example_dags/example_dynamic_task_mapping_with_no_taskflow_operators.py
[2023-09-04T01:48:02.950+0000] {processor.py:839} INFO - DAG(s) dict_keys(['example_dynamic_task_mapping_with_no_taskflow_operators']) retrieved from /home/airflow/.local/lib/python3.8/site-packages/airflow/example_dags/example_dynamic_task_mapping_with_no_taskflow_operators.py
[2023-09-04T01:48:02.973+0000] {logging_mixin.py:151} INFO - [2023-09-04T01:48:02.973+0000] {dag.py:2907} INFO - Sync 1 DAGs
[2023-09-04T01:48:02.989+0000] {logging_mixin.py:151} INFO - [2023-09-04T01:48:02.989+0000] {dag.py:3677} INFO - Setting next_dagrun for example_dynamic_task_mapping_with_no_taskflow_operators to 2023-09-03T01:48:02.989533+00:00, run_after=2023-09-04T01:48:02.989533+00:00
[2023-09-04T01:48:03.001+0000] {processor.py:179} INFO - Processing /home/airflow/.local/lib/python3.8/site-packages/airflow/example_dags/example_dynamic_task_mapping_with_no_taskflow_operators.py took 0.064 seconds
[2023-09-04T01:48:33.793+0000] {processor.py:157} INFO - Started process (PID=333) to work on /home/airflow/.local/lib/python3.8/site-packages/airflow/example_dags/example_dynamic_task_mapping_with_no_taskflow_operators.py
[2023-09-04T01:48:33.799+0000] {processor.py:829} INFO - Processing file /home/airflow/.local/lib/python3.8/site-packages/airflow/example_dags/example_dynamic_task_mapping_with_no_taskflow_operators.py for tasks to queue
[2023-09-04T01:48:33.804+0000] {logging_mixin.py:151} INFO - [2023-09-04T01:48:33.804+0000] {dagbag.py:539} INFO - Filling up the DagBag from /home/airflow/.local/lib/python3.8/site-packages/airflow/example_dags/example_dynamic_task_mapping_with_no_taskflow_operators.py
[2023-09-04T01:48:33.811+0000] {processor.py:839} INFO - DAG(s) dict_keys(['example_dynamic_task_mapping_with_no_taskflow_operators']) retrieved from /home/airflow/.local/lib/python3.8/site-packages/airflow/example_dags/example_dynamic_task_mapping_with_no_taskflow_operators.py
[2023-09-04T01:48:33.833+0000] {logging_mixin.py:151} INFO - [2023-09-04T01:48:33.833+0000] {dag.py:2907} INFO - Sync 1 DAGs
[2023-09-04T01:48:33.853+0000] {logging_mixin.py:151} INFO - [2023-09-04T01:48:33.853+0000] {dag.py:3677} INFO - Setting next_dagrun for example_dynamic_task_mapping_with_no_taskflow_operators to 2023-09-03T01:48:33.852705+00:00, run_after=2023-09-04T01:48:33.852705+00:00
[2023-09-04T01:48:33.880+0000] {processor.py:179} INFO - Processing /home/airflow/.local/lib/python3.8/site-packages/airflow/example_dags/example_dynamic_task_mapping_with_no_taskflow_operators.py took 0.091 seconds
[2023-09-04T01:49:04.859+0000] {processor.py:157} INFO - Started process (PID=389) to work on /home/airflow/.local/lib/python3.8/site-packages/airflow/example_dags/example_dynamic_task_mapping_with_no_taskflow_operators.py
[2023-09-04T01:49:04.862+0000] {processor.py:829} INFO - Processing file /home/airflow/.local/lib/python3.8/site-packages/airflow/example_dags/example_dynamic_task_mapping_with_no_taskflow_operators.py for tasks to queue
[2023-09-04T01:49:04.865+0000] {logging_mixin.py:151} INFO - [2023-09-04T01:49:04.864+0000] {dagbag.py:539} INFO - Filling up the DagBag from /home/airflow/.local/lib/python3.8/site-packages/airflow/example_dags/example_dynamic_task_mapping_with_no_taskflow_operators.py
[2023-09-04T01:49:04.873+0000] {processor.py:839} INFO - DAG(s) dict_keys(['example_dynamic_task_mapping_with_no_taskflow_operators']) retrieved from /home/airflow/.local/lib/python3.8/site-packages/airflow/example_dags/example_dynamic_task_mapping_with_no_taskflow_operators.py
[2023-09-04T01:49:04.897+0000] {logging_mixin.py:151} INFO - [2023-09-04T01:49:04.896+0000] {dag.py:2907} INFO - Sync 1 DAGs
[2023-09-04T01:49:04.914+0000] {logging_mixin.py:151} INFO - [2023-09-04T01:49:04.914+0000] {dag.py:3677} INFO - Setting next_dagrun for example_dynamic_task_mapping_with_no_taskflow_operators to 2023-09-03T01:49:04.914001+00:00, run_after=2023-09-04T01:49:04.914001+00:00
[2023-09-04T01:49:04.928+0000] {processor.py:179} INFO - Processing /home/airflow/.local/lib/python3.8/site-packages/airflow/example_dags/example_dynamic_task_mapping_with_no_taskflow_operators.py took 0.074 seconds
[2023-09-04T01:49:35.097+0000] {processor.py:157} INFO - Started process (PID=445) to work on /home/airflow/.local/lib/python3.8/site-packages/airflow/example_dags/example_dynamic_task_mapping_with_no_taskflow_operators.py
[2023-09-04T01:49:35.099+0000] {processor.py:829} INFO - Processing file /home/airflow/.local/lib/python3.8/site-packages/airflow/example_dags/example_dynamic_task_mapping_with_no_taskflow_operators.py for tasks to queue
[2023-09-04T01:49:35.103+0000] {logging_mixin.py:151} INFO - [2023-09-04T01:49:35.103+0000] {dagbag.py:539} INFO - Filling up the DagBag from /home/airflow/.local/lib/python3.8/site-packages/airflow/example_dags/example_dynamic_task_mapping_with_no_taskflow_operators.py
[2023-09-04T01:49:35.111+0000] {processor.py:839} INFO - DAG(s) dict_keys(['example_dynamic_task_mapping_with_no_taskflow_operators']) retrieved from /home/airflow/.local/lib/python3.8/site-packages/airflow/example_dags/example_dynamic_task_mapping_with_no_taskflow_operators.py
[2023-09-04T01:49:35.132+0000] {logging_mixin.py:151} INFO - [2023-09-04T01:49:35.132+0000] {dag.py:2907} INFO - Sync 1 DAGs
[2023-09-04T01:49:35.149+0000] {logging_mixin.py:151} INFO - [2023-09-04T01:49:35.149+0000] {dag.py:3677} INFO - Setting next_dagrun for example_dynamic_task_mapping_with_no_taskflow_operators to 2023-09-03T01:49:35.149133+00:00, run_after=2023-09-04T01:49:35.149133+00:00
[2023-09-04T01:49:35.164+0000] {processor.py:179} INFO - Processing /home/airflow/.local/lib/python3.8/site-packages/airflow/example_dags/example_dynamic_task_mapping_with_no_taskflow_operators.py took 0.072 seconds
[2023-09-04T01:50:05.799+0000] {processor.py:157} INFO - Started process (PID=502) to work on /home/airflow/.local/lib/python3.8/site-packages/airflow/example_dags/example_dynamic_task_mapping_with_no_taskflow_operators.py
[2023-09-04T01:50:05.801+0000] {processor.py:829} INFO - Processing file /home/airflow/.local/lib/python3.8/site-packages/airflow/example_dags/example_dynamic_task_mapping_with_no_taskflow_operators.py for tasks to queue
[2023-09-04T01:50:05.804+0000] {logging_mixin.py:151} INFO - [2023-09-04T01:50:05.804+0000] {dagbag.py:539} INFO - Filling up the DagBag from /home/airflow/.local/lib/python3.8/site-packages/airflow/example_dags/example_dynamic_task_mapping_with_no_taskflow_operators.py
[2023-09-04T01:50:05.810+0000] {processor.py:839} INFO - DAG(s) dict_keys(['example_dynamic_task_mapping_with_no_taskflow_operators']) retrieved from /home/airflow/.local/lib/python3.8/site-packages/airflow/example_dags/example_dynamic_task_mapping_with_no_taskflow_operators.py
[2023-09-04T01:50:05.828+0000] {logging_mixin.py:151} INFO - [2023-09-04T01:50:05.828+0000] {dag.py:2907} INFO - Sync 1 DAGs
[2023-09-04T01:50:05.845+0000] {logging_mixin.py:151} INFO - [2023-09-04T01:50:05.844+0000] {dag.py:3677} INFO - Setting next_dagrun for example_dynamic_task_mapping_with_no_taskflow_operators to 2023-09-03T01:50:05.844329+00:00, run_after=2023-09-04T01:50:05.844329+00:00
[2023-09-04T01:50:05.858+0000] {processor.py:179} INFO - Processing /home/airflow/.local/lib/python3.8/site-packages/airflow/example_dags/example_dynamic_task_mapping_with_no_taskflow_operators.py took 0.063 seconds
[2023-09-04T01:50:35.931+0000] {processor.py:157} INFO - Started process (PID=557) to work on /home/airflow/.local/lib/python3.8/site-packages/airflow/example_dags/example_dynamic_task_mapping_with_no_taskflow_operators.py
[2023-09-04T01:50:35.933+0000] {processor.py:829} INFO - Processing file /home/airflow/.local/lib/python3.8/site-packages/airflow/example_dags/example_dynamic_task_mapping_with_no_taskflow_operators.py for tasks to queue
[2023-09-04T01:50:35.935+0000] {logging_mixin.py:151} INFO - [2023-09-04T01:50:35.934+0000] {dagbag.py:539} INFO - Filling up the DagBag from /home/airflow/.local/lib/python3.8/site-packages/airflow/example_dags/example_dynamic_task_mapping_with_no_taskflow_operators.py
[2023-09-04T01:50:35.940+0000] {processor.py:839} INFO - DAG(s) dict_keys(['example_dynamic_task_mapping_with_no_taskflow_operators']) retrieved from /home/airflow/.local/lib/python3.8/site-packages/airflow/example_dags/example_dynamic_task_mapping_with_no_taskflow_operators.py
[2023-09-04T01:50:35.960+0000] {logging_mixin.py:151} INFO - [2023-09-04T01:50:35.960+0000] {dag.py:2907} INFO - Sync 1 DAGs
[2023-09-04T01:50:35.980+0000] {logging_mixin.py:151} INFO - [2023-09-04T01:50:35.980+0000] {dag.py:3677} INFO - Setting next_dagrun for example_dynamic_task_mapping_with_no_taskflow_operators to 2023-09-03T01:50:35.980165+00:00, run_after=2023-09-04T01:50:35.980165+00:00
[2023-09-04T01:50:35.994+0000] {processor.py:179} INFO - Processing /home/airflow/.local/lib/python3.8/site-packages/airflow/example_dags/example_dynamic_task_mapping_with_no_taskflow_operators.py took 0.067 seconds
[2023-09-04T01:51:06.399+0000] {processor.py:157} INFO - Started process (PID=612) to work on /home/airflow/.local/lib/python3.8/site-packages/airflow/example_dags/example_dynamic_task_mapping_with_no_taskflow_operators.py
[2023-09-04T01:51:06.400+0000] {processor.py:829} INFO - Processing file /home/airflow/.local/lib/python3.8/site-packages/airflow/example_dags/example_dynamic_task_mapping_with_no_taskflow_operators.py for tasks to queue
[2023-09-04T01:51:06.403+0000] {logging_mixin.py:151} INFO - [2023-09-04T01:51:06.403+0000] {dagbag.py:539} INFO - Filling up the DagBag from /home/airflow/.local/lib/python3.8/site-packages/airflow/example_dags/example_dynamic_task_mapping_with_no_taskflow_operators.py
[2023-09-04T01:51:06.408+0000] {processor.py:839} INFO - DAG(s) dict_keys(['example_dynamic_task_mapping_with_no_taskflow_operators']) retrieved from /home/airflow/.local/lib/python3.8/site-packages/airflow/example_dags/example_dynamic_task_mapping_with_no_taskflow_operators.py
[2023-09-04T01:51:06.427+0000] {logging_mixin.py:151} INFO - [2023-09-04T01:51:06.427+0000] {dag.py:2907} INFO - Sync 1 DAGs
[2023-09-04T01:51:06.442+0000] {logging_mixin.py:151} INFO - [2023-09-04T01:51:06.442+0000] {dag.py:3677} INFO - Setting next_dagrun for example_dynamic_task_mapping_with_no_taskflow_operators to 2023-09-03T01:51:06.442224+00:00, run_after=2023-09-04T01:51:06.442224+00:00
[2023-09-04T01:51:06.453+0000] {processor.py:179} INFO - Processing /home/airflow/.local/lib/python3.8/site-packages/airflow/example_dags/example_dynamic_task_mapping_with_no_taskflow_operators.py took 0.057 seconds
