[2023-09-04T01:45:58.730+0000] {processor.py:157} INFO - Started process (PID=47) to work on /home/airflow/.local/lib/python3.8/site-packages/airflow/example_dags/tutorial.py
[2023-09-04T01:45:58.734+0000] {processor.py:829} INFO - Processing file /home/airflow/.local/lib/python3.8/site-packages/airflow/example_dags/tutorial.py for tasks to queue
[2023-09-04T01:45:58.739+0000] {logging_mixin.py:151} INFO - [2023-09-04T01:45:58.737+0000] {dagbag.py:539} INFO - Filling up the DagBag from /home/airflow/.local/lib/python3.8/site-packages/airflow/example_dags/tutorial.py
[2023-09-04T01:45:58.748+0000] {processor.py:839} INFO - DAG(s) dict_keys(['tutorial']) retrieved from /home/airflow/.local/lib/python3.8/site-packages/airflow/example_dags/tutorial.py
[2023-09-04T01:45:58.784+0000] {logging_mixin.py:151} INFO - [2023-09-04T01:45:58.784+0000] {dag.py:2907} INFO - Sync 1 DAGs
[2023-09-04T01:45:58.821+0000] {logging_mixin.py:151} INFO - [2023-09-04T01:45:58.821+0000] {dag.py:3677} INFO - Setting next_dagrun for tutorial to 2023-09-03T01:45:58.821299+00:00, run_after=2023-09-04T01:45:58.821299+00:00
[2023-09-04T01:45:58.853+0000] {processor.py:179} INFO - Processing /home/airflow/.local/lib/python3.8/site-packages/airflow/example_dags/tutorial.py took 0.128 seconds
[2023-09-04T01:46:29.670+0000] {processor.py:157} INFO - Started process (PID=103) to work on /home/airflow/.local/lib/python3.8/site-packages/airflow/example_dags/tutorial.py
[2023-09-04T01:46:29.674+0000] {processor.py:829} INFO - Processing file /home/airflow/.local/lib/python3.8/site-packages/airflow/example_dags/tutorial.py for tasks to queue
[2023-09-04T01:46:29.680+0000] {logging_mixin.py:151} INFO - [2023-09-04T01:46:29.679+0000] {dagbag.py:539} INFO - Filling up the DagBag from /home/airflow/.local/lib/python3.8/site-packages/airflow/example_dags/tutorial.py
[2023-09-04T01:46:29.689+0000] {processor.py:839} INFO - DAG(s) dict_keys(['tutorial']) retrieved from /home/airflow/.local/lib/python3.8/site-packages/airflow/example_dags/tutorial.py
[2023-09-04T01:46:29.720+0000] {logging_mixin.py:151} INFO - [2023-09-04T01:46:29.720+0000] {dag.py:2907} INFO - Sync 1 DAGs
[2023-09-04T01:46:29.736+0000] {logging_mixin.py:151} INFO - [2023-09-04T01:46:29.736+0000] {dag.py:3677} INFO - Setting next_dagrun for tutorial to 2023-09-03T01:46:29.736565+00:00, run_after=2023-09-04T01:46:29.736565+00:00
[2023-09-04T01:46:29.756+0000] {processor.py:179} INFO - Processing /home/airflow/.local/lib/python3.8/site-packages/airflow/example_dags/tutorial.py took 0.093 seconds
[2023-09-04T01:47:00.668+0000] {processor.py:157} INFO - Started process (PID=159) to work on /home/airflow/.local/lib/python3.8/site-packages/airflow/example_dags/tutorial.py
[2023-09-04T01:47:00.670+0000] {processor.py:829} INFO - Processing file /home/airflow/.local/lib/python3.8/site-packages/airflow/example_dags/tutorial.py for tasks to queue
[2023-09-04T01:47:00.675+0000] {logging_mixin.py:151} INFO - [2023-09-04T01:47:00.675+0000] {dagbag.py:539} INFO - Filling up the DagBag from /home/airflow/.local/lib/python3.8/site-packages/airflow/example_dags/tutorial.py
[2023-09-04T01:47:00.682+0000] {processor.py:839} INFO - DAG(s) dict_keys(['tutorial']) retrieved from /home/airflow/.local/lib/python3.8/site-packages/airflow/example_dags/tutorial.py
[2023-09-04T01:47:00.715+0000] {logging_mixin.py:151} INFO - [2023-09-04T01:47:00.714+0000] {dag.py:2907} INFO - Sync 1 DAGs
[2023-09-04T01:47:00.733+0000] {logging_mixin.py:151} INFO - [2023-09-04T01:47:00.733+0000] {dag.py:3677} INFO - Setting next_dagrun for tutorial to 2023-09-03T01:47:00.733482+00:00, run_after=2023-09-04T01:47:00.733482+00:00
[2023-09-04T01:47:00.755+0000] {processor.py:179} INFO - Processing /home/airflow/.local/lib/python3.8/site-packages/airflow/example_dags/tutorial.py took 0.092 seconds
[2023-09-04T01:47:31.791+0000] {processor.py:157} INFO - Started process (PID=215) to work on /home/airflow/.local/lib/python3.8/site-packages/airflow/example_dags/tutorial.py
[2023-09-04T01:47:31.793+0000] {processor.py:829} INFO - Processing file /home/airflow/.local/lib/python3.8/site-packages/airflow/example_dags/tutorial.py for tasks to queue
[2023-09-04T01:47:31.798+0000] {logging_mixin.py:151} INFO - [2023-09-04T01:47:31.798+0000] {dagbag.py:539} INFO - Filling up the DagBag from /home/airflow/.local/lib/python3.8/site-packages/airflow/example_dags/tutorial.py
[2023-09-04T01:47:31.803+0000] {processor.py:839} INFO - DAG(s) dict_keys(['tutorial']) retrieved from /home/airflow/.local/lib/python3.8/site-packages/airflow/example_dags/tutorial.py
[2023-09-04T01:47:31.827+0000] {logging_mixin.py:151} INFO - [2023-09-04T01:47:31.827+0000] {dag.py:2907} INFO - Sync 1 DAGs
[2023-09-04T01:47:31.842+0000] {logging_mixin.py:151} INFO - [2023-09-04T01:47:31.842+0000] {dag.py:3677} INFO - Setting next_dagrun for tutorial to 2023-09-03T01:47:31.842398+00:00, run_after=2023-09-04T01:47:31.842398+00:00
[2023-09-04T01:47:31.861+0000] {processor.py:179} INFO - Processing /home/airflow/.local/lib/python3.8/site-packages/airflow/example_dags/tutorial.py took 0.072 seconds
[2023-09-04T01:48:02.585+0000] {processor.py:157} INFO - Started process (PID=271) to work on /home/airflow/.local/lib/python3.8/site-packages/airflow/example_dags/tutorial.py
[2023-09-04T01:48:02.587+0000] {processor.py:829} INFO - Processing file /home/airflow/.local/lib/python3.8/site-packages/airflow/example_dags/tutorial.py for tasks to queue
[2023-09-04T01:48:02.591+0000] {logging_mixin.py:151} INFO - [2023-09-04T01:48:02.590+0000] {dagbag.py:539} INFO - Filling up the DagBag from /home/airflow/.local/lib/python3.8/site-packages/airflow/example_dags/tutorial.py
[2023-09-04T01:48:02.597+0000] {processor.py:839} INFO - DAG(s) dict_keys(['tutorial']) retrieved from /home/airflow/.local/lib/python3.8/site-packages/airflow/example_dags/tutorial.py
[2023-09-04T01:48:02.627+0000] {logging_mixin.py:151} INFO - [2023-09-04T01:48:02.627+0000] {dag.py:2907} INFO - Sync 1 DAGs
[2023-09-04T01:48:02.643+0000] {logging_mixin.py:151} INFO - [2023-09-04T01:48:02.643+0000] {dag.py:3677} INFO - Setting next_dagrun for tutorial to 2023-09-03T01:48:02.643314+00:00, run_after=2023-09-04T01:48:02.643314+00:00
[2023-09-04T01:48:02.661+0000] {processor.py:179} INFO - Processing /home/airflow/.local/lib/python3.8/site-packages/airflow/example_dags/tutorial.py took 0.080 seconds
[2023-09-04T01:48:33.106+0000] {processor.py:157} INFO - Started process (PID=326) to work on /home/airflow/.local/lib/python3.8/site-packages/airflow/example_dags/tutorial.py
[2023-09-04T01:48:33.108+0000] {processor.py:829} INFO - Processing file /home/airflow/.local/lib/python3.8/site-packages/airflow/example_dags/tutorial.py for tasks to queue
[2023-09-04T01:48:33.111+0000] {logging_mixin.py:151} INFO - [2023-09-04T01:48:33.110+0000] {dagbag.py:539} INFO - Filling up the DagBag from /home/airflow/.local/lib/python3.8/site-packages/airflow/example_dags/tutorial.py
[2023-09-04T01:48:33.116+0000] {processor.py:839} INFO - DAG(s) dict_keys(['tutorial']) retrieved from /home/airflow/.local/lib/python3.8/site-packages/airflow/example_dags/tutorial.py
[2023-09-04T01:48:33.136+0000] {logging_mixin.py:151} INFO - [2023-09-04T01:48:33.136+0000] {dag.py:2907} INFO - Sync 1 DAGs
[2023-09-04T01:48:33.168+0000] {logging_mixin.py:151} INFO - [2023-09-04T01:48:33.167+0000] {dag.py:3677} INFO - Setting next_dagrun for tutorial to 2023-09-03T01:48:33.167724+00:00, run_after=2023-09-04T01:48:33.167724+00:00
[2023-09-04T01:48:33.182+0000] {processor.py:179} INFO - Processing /home/airflow/.local/lib/python3.8/site-packages/airflow/example_dags/tutorial.py took 0.079 seconds
[2023-09-04T01:49:03.263+0000] {processor.py:157} INFO - Started process (PID=381) to work on /home/airflow/.local/lib/python3.8/site-packages/airflow/example_dags/tutorial.py
[2023-09-04T01:49:03.265+0000] {processor.py:829} INFO - Processing file /home/airflow/.local/lib/python3.8/site-packages/airflow/example_dags/tutorial.py for tasks to queue
[2023-09-04T01:49:03.268+0000] {logging_mixin.py:151} INFO - [2023-09-04T01:49:03.268+0000] {dagbag.py:539} INFO - Filling up the DagBag from /home/airflow/.local/lib/python3.8/site-packages/airflow/example_dags/tutorial.py
[2023-09-04T01:49:03.274+0000] {processor.py:839} INFO - DAG(s) dict_keys(['tutorial']) retrieved from /home/airflow/.local/lib/python3.8/site-packages/airflow/example_dags/tutorial.py
[2023-09-04T01:49:03.292+0000] {logging_mixin.py:151} INFO - [2023-09-04T01:49:03.292+0000] {dag.py:2907} INFO - Sync 1 DAGs
[2023-09-04T01:49:03.306+0000] {logging_mixin.py:151} INFO - [2023-09-04T01:49:03.306+0000] {dag.py:3677} INFO - Setting next_dagrun for tutorial to 2023-09-03T01:49:03.306686+00:00, run_after=2023-09-04T01:49:03.306686+00:00
[2023-09-04T01:49:03.319+0000] {processor.py:179} INFO - Processing /home/airflow/.local/lib/python3.8/site-packages/airflow/example_dags/tutorial.py took 0.062 seconds
[2023-09-04T01:49:33.652+0000] {processor.py:157} INFO - Started process (PID=437) to work on /home/airflow/.local/lib/python3.8/site-packages/airflow/example_dags/tutorial.py
[2023-09-04T01:49:33.654+0000] {processor.py:829} INFO - Processing file /home/airflow/.local/lib/python3.8/site-packages/airflow/example_dags/tutorial.py for tasks to queue
[2023-09-04T01:49:33.657+0000] {logging_mixin.py:151} INFO - [2023-09-04T01:49:33.656+0000] {dagbag.py:539} INFO - Filling up the DagBag from /home/airflow/.local/lib/python3.8/site-packages/airflow/example_dags/tutorial.py
[2023-09-04T01:49:33.665+0000] {processor.py:839} INFO - DAG(s) dict_keys(['tutorial']) retrieved from /home/airflow/.local/lib/python3.8/site-packages/airflow/example_dags/tutorial.py
[2023-09-04T01:49:33.688+0000] {logging_mixin.py:151} INFO - [2023-09-04T01:49:33.688+0000] {dag.py:2907} INFO - Sync 1 DAGs
[2023-09-04T01:49:33.710+0000] {logging_mixin.py:151} INFO - [2023-09-04T01:49:33.710+0000] {dag.py:3677} INFO - Setting next_dagrun for tutorial to 2023-09-03T01:49:33.710307+00:00, run_after=2023-09-04T01:49:33.710307+00:00
[2023-09-04T01:49:33.724+0000] {processor.py:179} INFO - Processing /home/airflow/.local/lib/python3.8/site-packages/airflow/example_dags/tutorial.py took 0.075 seconds
[2023-09-04T01:50:04.026+0000] {processor.py:157} INFO - Started process (PID=494) to work on /home/airflow/.local/lib/python3.8/site-packages/airflow/example_dags/tutorial.py
[2023-09-04T01:50:04.028+0000] {processor.py:829} INFO - Processing file /home/airflow/.local/lib/python3.8/site-packages/airflow/example_dags/tutorial.py for tasks to queue
[2023-09-04T01:50:04.032+0000] {logging_mixin.py:151} INFO - [2023-09-04T01:50:04.031+0000] {dagbag.py:539} INFO - Filling up the DagBag from /home/airflow/.local/lib/python3.8/site-packages/airflow/example_dags/tutorial.py
[2023-09-04T01:50:04.039+0000] {processor.py:839} INFO - DAG(s) dict_keys(['tutorial']) retrieved from /home/airflow/.local/lib/python3.8/site-packages/airflow/example_dags/tutorial.py
[2023-09-04T01:50:04.061+0000] {logging_mixin.py:151} INFO - [2023-09-04T01:50:04.060+0000] {dag.py:2907} INFO - Sync 1 DAGs
[2023-09-04T01:50:04.075+0000] {logging_mixin.py:151} INFO - [2023-09-04T01:50:04.075+0000] {dag.py:3677} INFO - Setting next_dagrun for tutorial to 2023-09-03T01:50:04.075192+00:00, run_after=2023-09-04T01:50:04.075192+00:00
[2023-09-04T01:50:04.088+0000] {processor.py:179} INFO - Processing /home/airflow/.local/lib/python3.8/site-packages/airflow/example_dags/tutorial.py took 0.065 seconds
[2023-09-04T01:50:34.526+0000] {processor.py:157} INFO - Started process (PID=550) to work on /home/airflow/.local/lib/python3.8/site-packages/airflow/example_dags/tutorial.py
[2023-09-04T01:50:34.527+0000] {processor.py:829} INFO - Processing file /home/airflow/.local/lib/python3.8/site-packages/airflow/example_dags/tutorial.py for tasks to queue
[2023-09-04T01:50:34.529+0000] {logging_mixin.py:151} INFO - [2023-09-04T01:50:34.529+0000] {dagbag.py:539} INFO - Filling up the DagBag from /home/airflow/.local/lib/python3.8/site-packages/airflow/example_dags/tutorial.py
[2023-09-04T01:50:34.534+0000] {processor.py:839} INFO - DAG(s) dict_keys(['tutorial']) retrieved from /home/airflow/.local/lib/python3.8/site-packages/airflow/example_dags/tutorial.py
[2023-09-04T01:50:34.553+0000] {logging_mixin.py:151} INFO - [2023-09-04T01:50:34.553+0000] {dag.py:2907} INFO - Sync 1 DAGs
[2023-09-04T01:50:34.568+0000] {logging_mixin.py:151} INFO - [2023-09-04T01:50:34.568+0000] {dag.py:3677} INFO - Setting next_dagrun for tutorial to 2023-09-03T01:50:34.568591+00:00, run_after=2023-09-04T01:50:34.568591+00:00
[2023-09-04T01:50:34.583+0000] {processor.py:179} INFO - Processing /home/airflow/.local/lib/python3.8/site-packages/airflow/example_dags/tutorial.py took 0.060 seconds
[2023-09-04T01:51:05.091+0000] {processor.py:157} INFO - Started process (PID=606) to work on /home/airflow/.local/lib/python3.8/site-packages/airflow/example_dags/tutorial.py
[2023-09-04T01:51:05.092+0000] {processor.py:829} INFO - Processing file /home/airflow/.local/lib/python3.8/site-packages/airflow/example_dags/tutorial.py for tasks to queue
[2023-09-04T01:51:05.095+0000] {logging_mixin.py:151} INFO - [2023-09-04T01:51:05.094+0000] {dagbag.py:539} INFO - Filling up the DagBag from /home/airflow/.local/lib/python3.8/site-packages/airflow/example_dags/tutorial.py
[2023-09-04T01:51:05.099+0000] {processor.py:839} INFO - DAG(s) dict_keys(['tutorial']) retrieved from /home/airflow/.local/lib/python3.8/site-packages/airflow/example_dags/tutorial.py
[2023-09-04T01:51:05.118+0000] {logging_mixin.py:151} INFO - [2023-09-04T01:51:05.118+0000] {dag.py:2907} INFO - Sync 1 DAGs
[2023-09-04T01:51:05.133+0000] {logging_mixin.py:151} INFO - [2023-09-04T01:51:05.133+0000] {dag.py:3677} INFO - Setting next_dagrun for tutorial to 2023-09-03T01:51:05.133029+00:00, run_after=2023-09-04T01:51:05.133029+00:00
[2023-09-04T01:51:05.145+0000] {processor.py:179} INFO - Processing /home/airflow/.local/lib/python3.8/site-packages/airflow/example_dags/tutorial.py took 0.057 seconds
