[2023-09-02T12:09:34.571+0000] {taskinstance.py:1159} INFO - Dependencies all met for dep_context=non-requeueable deps ti=<TaskInstance: dag_parser.transform manual__2023-09-02T12:09:13.650413+00:00 [queued]>
[2023-09-02T12:09:34.577+0000] {taskinstance.py:1159} INFO - Dependencies all met for dep_context=requeueable deps ti=<TaskInstance: dag_parser.transform manual__2023-09-02T12:09:13.650413+00:00 [queued]>
[2023-09-02T12:09:34.578+0000] {taskinstance.py:1361} INFO - Starting attempt 1 of 3
[2023-09-02T12:09:34.587+0000] {taskinstance.py:1382} INFO - Executing <Task(_PythonDecoratedOperator): transform> on 2023-09-02 12:09:13.650413+00:00
[2023-09-02T12:09:34.593+0000] {standard_task_runner.py:57} INFO - Started process 1272 to run task
[2023-09-02T12:09:34.599+0000] {standard_task_runner.py:84} INFO - Running: ['***', 'tasks', 'run', 'dag_parser', 'transform', 'manual__2023-09-02T12:09:13.650413+00:00', '--job-id', '103', '--raw', '--subdir', 'DAGS_FOLDER/dag_parser.py', '--cfg-path', '/tmp/tmpbrjjiw_l']
[2023-09-02T12:09:34.609+0000] {standard_task_runner.py:85} INFO - Job 103: Subtask transform
[2023-09-02T12:09:34.668+0000] {task_command.py:415} INFO - Running <TaskInstance: dag_parser.transform manual__2023-09-02T12:09:13.650413+00:00 [running]> on host 157376fe3631
[2023-09-02T12:09:34.824+0000] {taskinstance.py:1660} INFO - Exporting env vars: AIRFLOW_CTX_DAG_OWNER='oleg' AIRFLOW_CTX_DAG_ID='dag_parser' AIRFLOW_CTX_TASK_ID='transform' AIRFLOW_CTX_EXECUTION_DATE='2023-09-02T12:09:13.650413+00:00' AIRFLOW_CTX_TRY_NUMBER='1' AIRFLOW_CTX_DAG_RUN_ID='manual__2023-09-02T12:09:13.650413+00:00'
[2023-09-02T12:09:35.015+0000] {base.py:73} INFO - Using connection ID 'postgres_con' for task execution.
[2023-09-02T12:09:35.034+0000] {warnings.py:109} WARNING - /home/***/.local/lib/python3.8/site-packages/***/providers/common/sql/hooks/sql.py:219: UserWarning: pandas only supports SQLAlchemy connectable (engine/connection) or database string URI or sqlite3 DBAPI2 connection. Other DBAPI2 objects are not tested. Please consider using SQLAlchemy.
  return psql.read_sql(sql, con=conn, params=parameters, **kwargs)

[2023-09-02T12:09:35.161+0000] {base.py:73} INFO - Using connection ID 'postgres_con' for task execution.
[2023-09-02T12:09:35.225+0000] {base.py:73} INFO - Using connection ID 'postgres_con' for task execution.
[2023-09-02T12:09:35.285+0000] {base.py:73} INFO - Using connection ID 'postgres_con' for task execution.
[2023-09-02T12:09:35.359+0000] {base.py:73} INFO - Using connection ID 'postgres_con' for task execution.
[2023-09-02T12:09:35.445+0000] {base.py:73} INFO - Using connection ID 'postgres_con' for task execution.
[2023-09-02T12:09:35.524+0000] {base.py:73} INFO - Using connection ID 'postgres_con' for task execution.
[2023-09-02T12:09:35.585+0000] {base.py:73} INFO - Using connection ID 'postgres_con' for task execution.
[2023-09-02T12:09:35.660+0000] {base.py:73} INFO - Using connection ID 'postgres_con' for task execution.
[2023-09-02T12:09:35.733+0000] {base.py:73} INFO - Using connection ID 'postgres_con' for task execution.
[2023-09-02T12:09:35.801+0000] {base.py:73} INFO - Using connection ID 'postgres_con' for task execution.
[2023-09-02T12:09:35.873+0000] {base.py:73} INFO - Using connection ID 'postgres_con' for task execution.
[2023-09-02T12:09:35.942+0000] {base.py:73} INFO - Using connection ID 'postgres_con' for task execution.
[2023-09-02T12:09:36.015+0000] {base.py:73} INFO - Using connection ID 'postgres_con' for task execution.
[2023-09-02T12:09:36.094+0000] {base.py:73} INFO - Using connection ID 'postgres_con' for task execution.
[2023-09-02T12:09:36.161+0000] {base.py:73} INFO - Using connection ID 'postgres_con' for task execution.
[2023-09-02T12:09:36.230+0000] {base.py:73} INFO - Using connection ID 'postgres_con' for task execution.
[2023-09-02T12:09:36.301+0000] {base.py:73} INFO - Using connection ID 'postgres_con' for task execution.
[2023-09-02T12:09:36.377+0000] {base.py:73} INFO - Using connection ID 'postgres_con' for task execution.
[2023-09-02T12:09:36.459+0000] {base.py:73} INFO - Using connection ID 'postgres_con' for task execution.
[2023-09-02T12:09:36.577+0000] {base.py:73} INFO - Using connection ID 'postgres_con' for task execution.
[2023-09-02T12:09:36.685+0000] {base.py:73} INFO - Using connection ID 'postgres_con' for task execution.
[2023-09-02T12:09:36.760+0000] {base.py:73} INFO - Using connection ID 'postgres_con' for task execution.
[2023-09-02T12:09:36.840+0000] {base.py:73} INFO - Using connection ID 'postgres_con' for task execution.
[2023-09-02T12:09:36.943+0000] {base.py:73} INFO - Using connection ID 'postgres_con' for task execution.
[2023-09-02T12:09:37.017+0000] {base.py:73} INFO - Using connection ID 'postgres_con' for task execution.
[2023-09-02T12:09:37.075+0000] {base.py:73} INFO - Using connection ID 'postgres_con' for task execution.
[2023-09-02T12:09:37.136+0000] {base.py:73} INFO - Using connection ID 'postgres_con' for task execution.
[2023-09-02T12:09:37.199+0000] {base.py:73} INFO - Using connection ID 'postgres_con' for task execution.
[2023-09-02T12:09:37.257+0000] {base.py:73} INFO - Using connection ID 'postgres_con' for task execution.
[2023-09-02T12:09:37.319+0000] {base.py:73} INFO - Using connection ID 'postgres_con' for task execution.
[2023-09-02T12:09:37.389+0000] {base.py:73} INFO - Using connection ID 'postgres_con' for task execution.
[2023-09-02T12:09:37.450+0000] {base.py:73} INFO - Using connection ID 'postgres_con' for task execution.
[2023-09-02T12:09:37.509+0000] {base.py:73} INFO - Using connection ID 'postgres_con' for task execution.
[2023-09-02T12:09:37.569+0000] {base.py:73} INFO - Using connection ID 'postgres_con' for task execution.
[2023-09-02T12:09:37.630+0000] {base.py:73} INFO - Using connection ID 'postgres_con' for task execution.
[2023-09-02T12:09:37.696+0000] {base.py:73} INFO - Using connection ID 'postgres_con' for task execution.
[2023-09-02T12:09:37.771+0000] {base.py:73} INFO - Using connection ID 'postgres_con' for task execution.
[2023-09-02T12:09:37.832+0000] {base.py:73} INFO - Using connection ID 'postgres_con' for task execution.
[2023-09-02T12:09:37.891+0000] {base.py:73} INFO - Using connection ID 'postgres_con' for task execution.
[2023-09-02T12:09:37.951+0000] {base.py:73} INFO - Using connection ID 'postgres_con' for task execution.
[2023-09-02T12:09:38.012+0000] {base.py:73} INFO - Using connection ID 'postgres_con' for task execution.
[2023-09-02T12:09:38.071+0000] {base.py:73} INFO - Using connection ID 'postgres_con' for task execution.
[2023-09-02T12:09:38.156+0000] {base.py:73} INFO - Using connection ID 'postgres_con' for task execution.
[2023-09-02T12:09:38.242+0000] {base.py:73} INFO - Using connection ID 'postgres_con' for task execution.
[2023-09-02T12:09:38.306+0000] {base.py:73} INFO - Using connection ID 'postgres_con' for task execution.
[2023-09-02T12:09:38.366+0000] {base.py:73} INFO - Using connection ID 'postgres_con' for task execution.
[2023-09-02T12:09:38.426+0000] {base.py:73} INFO - Using connection ID 'postgres_con' for task execution.
[2023-09-02T12:09:38.486+0000] {base.py:73} INFO - Using connection ID 'postgres_con' for task execution.
[2023-09-02T12:09:38.548+0000] {base.py:73} INFO - Using connection ID 'postgres_con' for task execution.
[2023-09-02T12:09:38.607+0000] {base.py:73} INFO - Using connection ID 'postgres_con' for task execution.
[2023-09-02T12:09:38.668+0000] {base.py:73} INFO - Using connection ID 'postgres_con' for task execution.
[2023-09-02T12:09:38.736+0000] {base.py:73} INFO - Using connection ID 'postgres_con' for task execution.
[2023-09-02T12:09:38.801+0000] {base.py:73} INFO - Using connection ID 'postgres_con' for task execution.
[2023-09-02T12:09:38.860+0000] {base.py:73} INFO - Using connection ID 'postgres_con' for task execution.
[2023-09-02T12:09:38.922+0000] {base.py:73} INFO - Using connection ID 'postgres_con' for task execution.
[2023-09-02T12:09:38.981+0000] {base.py:73} INFO - Using connection ID 'postgres_con' for task execution.
[2023-09-02T12:09:39.041+0000] {base.py:73} INFO - Using connection ID 'postgres_con' for task execution.
[2023-09-02T12:09:39.100+0000] {base.py:73} INFO - Using connection ID 'postgres_con' for task execution.
[2023-09-02T12:09:39.160+0000] {base.py:73} INFO - Using connection ID 'postgres_con' for task execution.
[2023-09-02T12:09:39.221+0000] {base.py:73} INFO - Using connection ID 'postgres_con' for task execution.
[2023-09-02T12:09:39.282+0000] {base.py:73} INFO - Using connection ID 'postgres_con' for task execution.
[2023-09-02T12:09:39.343+0000] {base.py:73} INFO - Using connection ID 'postgres_con' for task execution.
[2023-09-02T12:09:39.403+0000] {base.py:73} INFO - Using connection ID 'postgres_con' for task execution.
[2023-09-02T12:09:39.461+0000] {base.py:73} INFO - Using connection ID 'postgres_con' for task execution.
[2023-09-02T12:09:39.525+0000] {base.py:73} INFO - Using connection ID 'postgres_con' for task execution.
[2023-09-02T12:09:39.587+0000] {base.py:73} INFO - Using connection ID 'postgres_con' for task execution.
[2023-09-02T12:09:39.649+0000] {base.py:73} INFO - Using connection ID 'postgres_con' for task execution.
[2023-09-02T12:09:39.720+0000] {base.py:73} INFO - Using connection ID 'postgres_con' for task execution.
[2023-09-02T12:09:39.780+0000] {base.py:73} INFO - Using connection ID 'postgres_con' for task execution.
[2023-09-02T12:09:39.843+0000] {base.py:73} INFO - Using connection ID 'postgres_con' for task execution.
[2023-09-02T12:09:39.902+0000] {base.py:73} INFO - Using connection ID 'postgres_con' for task execution.
[2023-09-02T12:09:39.965+0000] {base.py:73} INFO - Using connection ID 'postgres_con' for task execution.
[2023-09-02T12:09:40.024+0000] {base.py:73} INFO - Using connection ID 'postgres_con' for task execution.
[2023-09-02T12:09:40.086+0000] {base.py:73} INFO - Using connection ID 'postgres_con' for task execution.
[2023-09-02T12:09:40.148+0000] {base.py:73} INFO - Using connection ID 'postgres_con' for task execution.
[2023-09-02T12:09:40.207+0000] {base.py:73} INFO - Using connection ID 'postgres_con' for task execution.
[2023-09-02T12:09:40.267+0000] {base.py:73} INFO - Using connection ID 'postgres_con' for task execution.
[2023-09-02T12:09:40.334+0000] {base.py:73} INFO - Using connection ID 'postgres_con' for task execution.
[2023-09-02T12:09:40.398+0000] {base.py:73} INFO - Using connection ID 'postgres_con' for task execution.
[2023-09-02T12:09:40.461+0000] {base.py:73} INFO - Using connection ID 'postgres_con' for task execution.
[2023-09-02T12:09:40.558+0000] {base.py:73} INFO - Using connection ID 'postgres_con' for task execution.
[2023-09-02T12:09:40.638+0000] {base.py:73} INFO - Using connection ID 'postgres_con' for task execution.
[2023-09-02T12:09:40.708+0000] {base.py:73} INFO - Using connection ID 'postgres_con' for task execution.
[2023-09-02T12:09:40.810+0000] {base.py:73} INFO - Using connection ID 'postgres_con' for task execution.
[2023-09-02T12:09:40.914+0000] {base.py:73} INFO - Using connection ID 'postgres_con' for task execution.
[2023-09-02T12:09:40.992+0000] {base.py:73} INFO - Using connection ID 'postgres_con' for task execution.
[2023-09-02T12:09:41.060+0000] {base.py:73} INFO - Using connection ID 'postgres_con' for task execution.
[2023-09-02T12:09:41.130+0000] {base.py:73} INFO - Using connection ID 'postgres_con' for task execution.
[2023-09-02T12:09:41.263+0000] {base.py:73} INFO - Using connection ID 'postgres_con' for task execution.
[2023-09-02T12:09:41.335+0000] {base.py:73} INFO - Using connection ID 'postgres_con' for task execution.
[2023-09-02T12:09:41.397+0000] {base.py:73} INFO - Using connection ID 'postgres_con' for task execution.
[2023-09-02T12:09:41.459+0000] {base.py:73} INFO - Using connection ID 'postgres_con' for task execution.
[2023-09-02T12:09:41.518+0000] {base.py:73} INFO - Using connection ID 'postgres_con' for task execution.
[2023-09-02T12:09:41.580+0000] {base.py:73} INFO - Using connection ID 'postgres_con' for task execution.
[2023-09-02T12:09:41.640+0000] {base.py:73} INFO - Using connection ID 'postgres_con' for task execution.
[2023-09-02T12:09:41.700+0000] {base.py:73} INFO - Using connection ID 'postgres_con' for task execution.
[2023-09-02T12:09:41.762+0000] {base.py:73} INFO - Using connection ID 'postgres_con' for task execution.
[2023-09-02T12:09:41.825+0000] {base.py:73} INFO - Using connection ID 'postgres_con' for task execution.
[2023-09-02T12:09:41.887+0000] {base.py:73} INFO - Using connection ID 'postgres_con' for task execution.
[2023-09-02T12:09:41.958+0000] {base.py:73} INFO - Using connection ID 'postgres_con' for task execution.
[2023-09-02T12:09:42.025+0000] {base.py:73} INFO - Using connection ID 'postgres_con' for task execution.
[2023-09-02T12:09:42.086+0000] {base.py:73} INFO - Using connection ID 'postgres_con' for task execution.
[2023-09-02T12:09:42.157+0000] {base.py:73} INFO - Using connection ID 'postgres_con' for task execution.
[2023-09-02T12:09:42.220+0000] {base.py:73} INFO - Using connection ID 'postgres_con' for task execution.
[2023-09-02T12:09:42.282+0000] {base.py:73} INFO - Using connection ID 'postgres_con' for task execution.
[2023-09-02T12:09:42.339+0000] {base.py:73} INFO - Using connection ID 'postgres_con' for task execution.
[2023-09-02T12:09:42.399+0000] {base.py:73} INFO - Using connection ID 'postgres_con' for task execution.
[2023-09-02T12:09:42.458+0000] {base.py:73} INFO - Using connection ID 'postgres_con' for task execution.
[2023-09-02T12:09:42.517+0000] {base.py:73} INFO - Using connection ID 'postgres_con' for task execution.
[2023-09-02T12:09:42.594+0000] {base.py:73} INFO - Using connection ID 'postgres_con' for task execution.
[2023-09-02T12:09:42.657+0000] {base.py:73} INFO - Using connection ID 'postgres_con' for task execution.
[2023-09-02T12:09:42.722+0000] {base.py:73} INFO - Using connection ID 'postgres_con' for task execution.
[2023-09-02T12:09:42.783+0000] {base.py:73} INFO - Using connection ID 'postgres_con' for task execution.
[2023-09-02T12:09:42.914+0000] {base.py:73} INFO - Using connection ID 'postgres_con' for task execution.
[2023-09-02T12:09:43.047+0000] {base.py:73} INFO - Using connection ID 'postgres_con' for task execution.
[2023-09-02T12:09:43.289+0000] {base.py:73} INFO - Using connection ID 'postgres_con' for task execution.
[2023-09-02T12:09:43.458+0000] {base.py:73} INFO - Using connection ID 'postgres_con' for task execution.
[2023-09-02T12:09:43.551+0000] {base.py:73} INFO - Using connection ID 'postgres_con' for task execution.
[2023-09-02T12:09:43.654+0000] {base.py:73} INFO - Using connection ID 'postgres_con' for task execution.
[2023-09-02T12:09:43.747+0000] {base.py:73} INFO - Using connection ID 'postgres_con' for task execution.
[2023-09-02T12:09:43.919+0000] {base.py:73} INFO - Using connection ID 'postgres_con' for task execution.
[2023-09-02T12:09:44.017+0000] {base.py:73} INFO - Using connection ID 'postgres_con' for task execution.
[2023-09-02T12:09:44.111+0000] {base.py:73} INFO - Using connection ID 'postgres_con' for task execution.
[2023-09-02T12:09:44.191+0000] {base.py:73} INFO - Using connection ID 'postgres_con' for task execution.
[2023-09-02T12:09:44.261+0000] {base.py:73} INFO - Using connection ID 'postgres_con' for task execution.
[2023-09-02T12:09:44.330+0000] {base.py:73} INFO - Using connection ID 'postgres_con' for task execution.
[2023-09-02T12:09:44.417+0000] {base.py:73} INFO - Using connection ID 'postgres_con' for task execution.
[2023-09-02T12:09:44.493+0000] {base.py:73} INFO - Using connection ID 'postgres_con' for task execution.
[2023-09-02T12:09:44.559+0000] {base.py:73} INFO - Using connection ID 'postgres_con' for task execution.
[2023-09-02T12:09:44.631+0000] {base.py:73} INFO - Using connection ID 'postgres_con' for task execution.
[2023-09-02T12:09:44.726+0000] {base.py:73} INFO - Using connection ID 'postgres_con' for task execution.
[2023-09-02T12:09:44.816+0000] {base.py:73} INFO - Using connection ID 'postgres_con' for task execution.
[2023-09-02T12:09:44.882+0000] {base.py:73} INFO - Using connection ID 'postgres_con' for task execution.
[2023-09-02T12:09:44.984+0000] {base.py:73} INFO - Using connection ID 'postgres_con' for task execution.
[2023-09-02T12:09:45.129+0000] {base.py:73} INFO - Using connection ID 'postgres_con' for task execution.
[2023-09-02T12:09:45.230+0000] {base.py:73} INFO - Using connection ID 'postgres_con' for task execution.
[2023-09-02T12:09:45.307+0000] {base.py:73} INFO - Using connection ID 'postgres_con' for task execution.
[2023-09-02T12:09:45.381+0000] {base.py:73} INFO - Using connection ID 'postgres_con' for task execution.
[2023-09-02T12:09:45.455+0000] {base.py:73} INFO - Using connection ID 'postgres_con' for task execution.
[2023-09-02T12:09:45.528+0000] {base.py:73} INFO - Using connection ID 'postgres_con' for task execution.
[2023-09-02T12:09:45.610+0000] {base.py:73} INFO - Using connection ID 'postgres_con' for task execution.
[2023-09-02T12:09:45.687+0000] {base.py:73} INFO - Using connection ID 'postgres_con' for task execution.
[2023-09-02T12:09:45.764+0000] {base.py:73} INFO - Using connection ID 'postgres_con' for task execution.
[2023-09-02T12:09:45.856+0000] {base.py:73} INFO - Using connection ID 'postgres_con' for task execution.
[2023-09-02T12:09:45.945+0000] {base.py:73} INFO - Using connection ID 'postgres_con' for task execution.
[2023-09-02T12:09:46.034+0000] {base.py:73} INFO - Using connection ID 'postgres_con' for task execution.
[2023-09-02T12:09:46.111+0000] {base.py:73} INFO - Using connection ID 'postgres_con' for task execution.
[2023-09-02T12:09:46.195+0000] {base.py:73} INFO - Using connection ID 'postgres_con' for task execution.
[2023-09-02T12:09:46.271+0000] {base.py:73} INFO - Using connection ID 'postgres_con' for task execution.
[2023-09-02T12:09:46.342+0000] {base.py:73} INFO - Using connection ID 'postgres_con' for task execution.
[2023-09-02T12:09:46.484+0000] {base.py:73} INFO - Using connection ID 'postgres_con' for task execution.
[2023-09-02T12:09:46.584+0000] {base.py:73} INFO - Using connection ID 'postgres_con' for task execution.
[2023-09-02T12:09:46.690+0000] {base.py:73} INFO - Using connection ID 'postgres_con' for task execution.
[2023-09-02T12:09:46.749+0000] {base.py:73} INFO - Using connection ID 'postgres_con' for task execution.
[2023-09-02T12:09:46.819+0000] {base.py:73} INFO - Using connection ID 'postgres_con' for task execution.
[2023-09-02T12:09:46.930+0000] {base.py:73} INFO - Using connection ID 'postgres_con' for task execution.
[2023-09-02T12:09:47.170+0000] {base.py:73} INFO - Using connection ID 'postgres_con' for task execution.
[2023-09-02T12:09:47.257+0000] {base.py:73} INFO - Using connection ID 'postgres_con' for task execution.
[2023-09-02T12:09:47.348+0000] {base.py:73} INFO - Using connection ID 'postgres_con' for task execution.
[2023-09-02T12:09:47.427+0000] {base.py:73} INFO - Using connection ID 'postgres_con' for task execution.
[2023-09-02T12:09:47.503+0000] {base.py:73} INFO - Using connection ID 'postgres_con' for task execution.
[2023-09-02T12:09:47.630+0000] {base.py:73} INFO - Using connection ID 'postgres_con' for task execution.
[2023-09-02T12:09:47.872+0000] {base.py:73} INFO - Using connection ID 'postgres_con' for task execution.
[2023-09-02T12:09:48.145+0000] {base.py:73} INFO - Using connection ID 'postgres_con' for task execution.
[2023-09-02T12:09:48.350+0000] {base.py:73} INFO - Using connection ID 'postgres_con' for task execution.
[2023-09-02T12:09:48.638+0000] {base.py:73} INFO - Using connection ID 'postgres_con' for task execution.
[2023-09-02T12:09:49.176+0000] {base.py:73} INFO - Using connection ID 'postgres_con' for task execution.
[2023-09-02T12:09:49.360+0000] {base.py:73} INFO - Using connection ID 'postgres_con' for task execution.
[2023-09-02T12:09:49.567+0000] {base.py:73} INFO - Using connection ID 'postgres_con' for task execution.
[2023-09-02T12:09:49.764+0000] {base.py:73} INFO - Using connection ID 'postgres_con' for task execution.
[2023-09-02T12:09:49.949+0000] {base.py:73} INFO - Using connection ID 'postgres_con' for task execution.
[2023-09-02T12:09:50.113+0000] {base.py:73} INFO - Using connection ID 'postgres_con' for task execution.
[2023-09-02T12:09:50.255+0000] {base.py:73} INFO - Using connection ID 'postgres_con' for task execution.
[2023-09-02T12:09:50.375+0000] {base.py:73} INFO - Using connection ID 'postgres_con' for task execution.
[2023-09-02T12:09:50.450+0000] {base.py:73} INFO - Using connection ID 'postgres_con' for task execution.
[2023-09-02T12:09:50.516+0000] {base.py:73} INFO - Using connection ID 'postgres_con' for task execution.
[2023-09-02T12:09:50.579+0000] {base.py:73} INFO - Using connection ID 'postgres_con' for task execution.
[2023-09-02T12:09:50.663+0000] {base.py:73} INFO - Using connection ID 'postgres_con' for task execution.
[2023-09-02T12:09:50.725+0000] {base.py:73} INFO - Using connection ID 'postgres_con' for task execution.
[2023-09-02T12:09:50.793+0000] {base.py:73} INFO - Using connection ID 'postgres_con' for task execution.
[2023-09-02T12:09:50.893+0000] {base.py:73} INFO - Using connection ID 'postgres_con' for task execution.
[2023-09-02T12:09:50.980+0000] {base.py:73} INFO - Using connection ID 'postgres_con' for task execution.
[2023-09-02T12:09:51.044+0000] {base.py:73} INFO - Using connection ID 'postgres_con' for task execution.
[2023-09-02T12:09:51.111+0000] {base.py:73} INFO - Using connection ID 'postgres_con' for task execution.
[2023-09-02T12:09:51.179+0000] {base.py:73} INFO - Using connection ID 'postgres_con' for task execution.
[2023-09-02T12:09:51.241+0000] {base.py:73} INFO - Using connection ID 'postgres_con' for task execution.
[2023-09-02T12:09:51.302+0000] {base.py:73} INFO - Using connection ID 'postgres_con' for task execution.
[2023-09-02T12:09:51.363+0000] {base.py:73} INFO - Using connection ID 'postgres_con' for task execution.
[2023-09-02T12:09:51.438+0000] {base.py:73} INFO - Using connection ID 'postgres_con' for task execution.
[2023-09-02T12:09:51.506+0000] {base.py:73} INFO - Using connection ID 'postgres_con' for task execution.
[2023-09-02T12:09:51.565+0000] {base.py:73} INFO - Using connection ID 'postgres_con' for task execution.
[2023-09-02T12:09:51.627+0000] {base.py:73} INFO - Using connection ID 'postgres_con' for task execution.
[2023-09-02T12:09:51.687+0000] {base.py:73} INFO - Using connection ID 'postgres_con' for task execution.
[2023-09-02T12:09:51.746+0000] {base.py:73} INFO - Using connection ID 'postgres_con' for task execution.
[2023-09-02T12:09:51.807+0000] {base.py:73} INFO - Using connection ID 'postgres_con' for task execution.
[2023-09-02T12:09:51.868+0000] {base.py:73} INFO - Using connection ID 'postgres_con' for task execution.
[2023-09-02T12:09:51.928+0000] {base.py:73} INFO - Using connection ID 'postgres_con' for task execution.
[2023-09-02T12:09:52.005+0000] {base.py:73} INFO - Using connection ID 'postgres_con' for task execution.
[2023-09-02T12:09:52.069+0000] {base.py:73} INFO - Using connection ID 'postgres_con' for task execution.
[2023-09-02T12:09:52.131+0000] {base.py:73} INFO - Using connection ID 'postgres_con' for task execution.
[2023-09-02T12:09:52.194+0000] {base.py:73} INFO - Using connection ID 'postgres_con' for task execution.
[2023-09-02T12:09:52.253+0000] {base.py:73} INFO - Using connection ID 'postgres_con' for task execution.
[2023-09-02T12:09:52.313+0000] {base.py:73} INFO - Using connection ID 'postgres_con' for task execution.
[2023-09-02T12:09:52.373+0000] {base.py:73} INFO - Using connection ID 'postgres_con' for task execution.
[2023-09-02T12:09:52.432+0000] {base.py:73} INFO - Using connection ID 'postgres_con' for task execution.
[2023-09-02T12:09:52.493+0000] {base.py:73} INFO - Using connection ID 'postgres_con' for task execution.
[2023-09-02T12:09:52.552+0000] {base.py:73} INFO - Using connection ID 'postgres_con' for task execution.
[2023-09-02T12:09:52.618+0000] {base.py:73} INFO - Using connection ID 'postgres_con' for task execution.
[2023-09-02T12:09:52.677+0000] {base.py:73} INFO - Using connection ID 'postgres_con' for task execution.
[2023-09-02T12:09:52.737+0000] {base.py:73} INFO - Using connection ID 'postgres_con' for task execution.
[2023-09-02T12:09:52.798+0000] {base.py:73} INFO - Using connection ID 'postgres_con' for task execution.
[2023-09-02T12:09:52.856+0000] {base.py:73} INFO - Using connection ID 'postgres_con' for task execution.
[2023-09-02T12:09:52.916+0000] {base.py:73} INFO - Using connection ID 'postgres_con' for task execution.
[2023-09-02T12:09:52.975+0000] {base.py:73} INFO - Using connection ID 'postgres_con' for task execution.
[2023-09-02T12:09:53.046+0000] {base.py:73} INFO - Using connection ID 'postgres_con' for task execution.
[2023-09-02T12:09:53.117+0000] {base.py:73} INFO - Using connection ID 'postgres_con' for task execution.
[2023-09-02T12:09:53.178+0000] {base.py:73} INFO - Using connection ID 'postgres_con' for task execution.
[2023-09-02T12:09:53.240+0000] {base.py:73} INFO - Using connection ID 'postgres_con' for task execution.
[2023-09-02T12:09:53.300+0000] {base.py:73} INFO - Using connection ID 'postgres_con' for task execution.
[2023-09-02T12:09:53.359+0000] {base.py:73} INFO - Using connection ID 'postgres_con' for task execution.
[2023-09-02T12:09:53.419+0000] {base.py:73} INFO - Using connection ID 'postgres_con' for task execution.
[2023-09-02T12:09:53.478+0000] {base.py:73} INFO - Using connection ID 'postgres_con' for task execution.
[2023-09-02T12:09:53.547+0000] {base.py:73} INFO - Using connection ID 'postgres_con' for task execution.
[2023-09-02T12:09:53.628+0000] {base.py:73} INFO - Using connection ID 'postgres_con' for task execution.
[2023-09-02T12:09:53.700+0000] {base.py:73} INFO - Using connection ID 'postgres_con' for task execution.
[2023-09-02T12:09:53.762+0000] {base.py:73} INFO - Using connection ID 'postgres_con' for task execution.
[2023-09-02T12:09:53.820+0000] {base.py:73} INFO - Using connection ID 'postgres_con' for task execution.
[2023-09-02T12:09:53.882+0000] {base.py:73} INFO - Using connection ID 'postgres_con' for task execution.
[2023-09-02T12:09:53.945+0000] {base.py:73} INFO - Using connection ID 'postgres_con' for task execution.
[2023-09-02T12:09:54.005+0000] {base.py:73} INFO - Using connection ID 'postgres_con' for task execution.
[2023-09-02T12:09:54.074+0000] {base.py:73} INFO - Using connection ID 'postgres_con' for task execution.
[2023-09-02T12:09:54.134+0000] {base.py:73} INFO - Using connection ID 'postgres_con' for task execution.
[2023-09-02T12:09:54.192+0000] {base.py:73} INFO - Using connection ID 'postgres_con' for task execution.
[2023-09-02T12:09:54.252+0000] {base.py:73} INFO - Using connection ID 'postgres_con' for task execution.
[2023-09-02T12:09:54.312+0000] {base.py:73} INFO - Using connection ID 'postgres_con' for task execution.
[2023-09-02T12:09:54.372+0000] {base.py:73} INFO - Using connection ID 'postgres_con' for task execution.
[2023-09-02T12:09:54.432+0000] {base.py:73} INFO - Using connection ID 'postgres_con' for task execution.
[2023-09-02T12:09:54.491+0000] {base.py:73} INFO - Using connection ID 'postgres_con' for task execution.
[2023-09-02T12:09:54.548+0000] {base.py:73} INFO - Using connection ID 'postgres_con' for task execution.
[2023-09-02T12:09:54.608+0000] {base.py:73} INFO - Using connection ID 'postgres_con' for task execution.
[2023-09-02T12:09:54.670+0000] {base.py:73} INFO - Using connection ID 'postgres_con' for task execution.
[2023-09-02T12:09:54.734+0000] {base.py:73} INFO - Using connection ID 'postgres_con' for task execution.
[2023-09-02T12:09:54.797+0000] {base.py:73} INFO - Using connection ID 'postgres_con' for task execution.
[2023-09-02T12:09:54.857+0000] {base.py:73} INFO - Using connection ID 'postgres_con' for task execution.
[2023-09-02T12:09:54.917+0000] {base.py:73} INFO - Using connection ID 'postgres_con' for task execution.
[2023-09-02T12:09:54.991+0000] {base.py:73} INFO - Using connection ID 'postgres_con' for task execution.
[2023-09-02T12:09:55.053+0000] {base.py:73} INFO - Using connection ID 'postgres_con' for task execution.
[2023-09-02T12:09:55.112+0000] {base.py:73} INFO - Using connection ID 'postgres_con' for task execution.
[2023-09-02T12:09:55.175+0000] {base.py:73} INFO - Using connection ID 'postgres_con' for task execution.
[2023-09-02T12:09:55.236+0000] {base.py:73} INFO - Using connection ID 'postgres_con' for task execution.
[2023-09-02T12:09:55.294+0000] {base.py:73} INFO - Using connection ID 'postgres_con' for task execution.
[2023-09-02T12:09:55.355+0000] {base.py:73} INFO - Using connection ID 'postgres_con' for task execution.
[2023-09-02T12:09:55.414+0000] {base.py:73} INFO - Using connection ID 'postgres_con' for task execution.
[2023-09-02T12:09:55.481+0000] {base.py:73} INFO - Using connection ID 'postgres_con' for task execution.
[2023-09-02T12:09:55.541+0000] {base.py:73} INFO - Using connection ID 'postgres_con' for task execution.
[2023-09-02T12:09:55.602+0000] {base.py:73} INFO - Using connection ID 'postgres_con' for task execution.
[2023-09-02T12:09:55.662+0000] {base.py:73} INFO - Using connection ID 'postgres_con' for task execution.
[2023-09-02T12:09:55.723+0000] {base.py:73} INFO - Using connection ID 'postgres_con' for task execution.
[2023-09-02T12:09:55.785+0000] {base.py:73} INFO - Using connection ID 'postgres_con' for task execution.
[2023-09-02T12:09:55.845+0000] {base.py:73} INFO - Using connection ID 'postgres_con' for task execution.
[2023-09-02T12:09:55.906+0000] {base.py:73} INFO - Using connection ID 'postgres_con' for task execution.
[2023-09-02T12:09:55.965+0000] {base.py:73} INFO - Using connection ID 'postgres_con' for task execution.
[2023-09-02T12:09:56.025+0000] {base.py:73} INFO - Using connection ID 'postgres_con' for task execution.
[2023-09-02T12:09:56.090+0000] {base.py:73} INFO - Using connection ID 'postgres_con' for task execution.
[2023-09-02T12:09:56.159+0000] {base.py:73} INFO - Using connection ID 'postgres_con' for task execution.
[2023-09-02T12:09:56.219+0000] {base.py:73} INFO - Using connection ID 'postgres_con' for task execution.
[2023-09-02T12:09:56.278+0000] {base.py:73} INFO - Using connection ID 'postgres_con' for task execution.
[2023-09-02T12:09:56.341+0000] {base.py:73} INFO - Using connection ID 'postgres_con' for task execution.
[2023-09-02T12:09:56.401+0000] {base.py:73} INFO - Using connection ID 'postgres_con' for task execution.
[2023-09-02T12:09:56.476+0000] {base.py:73} INFO - Using connection ID 'postgres_con' for task execution.
[2023-09-02T12:09:56.535+0000] {base.py:73} INFO - Using connection ID 'postgres_con' for task execution.
[2023-09-02T12:09:56.598+0000] {base.py:73} INFO - Using connection ID 'postgres_con' for task execution.
[2023-09-02T12:09:56.659+0000] {base.py:73} INFO - Using connection ID 'postgres_con' for task execution.
[2023-09-02T12:09:56.720+0000] {base.py:73} INFO - Using connection ID 'postgres_con' for task execution.
[2023-09-02T12:09:56.791+0000] {base.py:73} INFO - Using connection ID 'postgres_con' for task execution.
[2023-09-02T12:09:56.857+0000] {base.py:73} INFO - Using connection ID 'postgres_con' for task execution.
[2023-09-02T12:09:56.919+0000] {base.py:73} INFO - Using connection ID 'postgres_con' for task execution.
[2023-09-02T12:09:56.980+0000] {base.py:73} INFO - Using connection ID 'postgres_con' for task execution.
[2023-09-02T12:09:57.056+0000] {base.py:73} INFO - Using connection ID 'postgres_con' for task execution.
[2023-09-02T12:09:57.122+0000] {base.py:73} INFO - Using connection ID 'postgres_con' for task execution.
[2023-09-02T12:09:57.226+0000] {base.py:73} INFO - Using connection ID 'postgres_con' for task execution.
[2023-09-02T12:09:57.313+0000] {base.py:73} INFO - Using connection ID 'postgres_con' for task execution.
[2023-09-02T12:09:57.374+0000] {base.py:73} INFO - Using connection ID 'postgres_con' for task execution.
[2023-09-02T12:09:57.435+0000] {base.py:73} INFO - Using connection ID 'postgres_con' for task execution.
[2023-09-02T12:09:57.493+0000] {base.py:73} INFO - Using connection ID 'postgres_con' for task execution.
[2023-09-02T12:09:57.557+0000] {base.py:73} INFO - Using connection ID 'postgres_con' for task execution.
[2023-09-02T12:09:57.619+0000] {base.py:73} INFO - Using connection ID 'postgres_con' for task execution.
[2023-09-02T12:09:57.678+0000] {base.py:73} INFO - Using connection ID 'postgres_con' for task execution.
[2023-09-02T12:09:57.739+0000] {base.py:73} INFO - Using connection ID 'postgres_con' for task execution.
[2023-09-02T12:09:57.799+0000] {base.py:73} INFO - Using connection ID 'postgres_con' for task execution.
[2023-09-02T12:09:57.858+0000] {base.py:73} INFO - Using connection ID 'postgres_con' for task execution.
[2023-09-02T12:09:57.920+0000] {base.py:73} INFO - Using connection ID 'postgres_con' for task execution.
[2023-09-02T12:09:57.980+0000] {base.py:73} INFO - Using connection ID 'postgres_con' for task execution.
[2023-09-02T12:09:58.045+0000] {base.py:73} INFO - Using connection ID 'postgres_con' for task execution.
[2023-09-02T12:09:58.105+0000] {base.py:73} INFO - Using connection ID 'postgres_con' for task execution.
[2023-09-02T12:09:58.166+0000] {base.py:73} INFO - Using connection ID 'postgres_con' for task execution.
[2023-09-02T12:09:58.225+0000] {base.py:73} INFO - Using connection ID 'postgres_con' for task execution.
[2023-09-02T12:09:58.284+0000] {base.py:73} INFO - Using connection ID 'postgres_con' for task execution.
[2023-09-02T12:09:58.342+0000] {base.py:73} INFO - Using connection ID 'postgres_con' for task execution.
[2023-09-02T12:09:58.404+0000] {base.py:73} INFO - Using connection ID 'postgres_con' for task execution.
[2023-09-02T12:09:58.462+0000] {base.py:73} INFO - Using connection ID 'postgres_con' for task execution.
[2023-09-02T12:09:58.521+0000] {base.py:73} INFO - Using connection ID 'postgres_con' for task execution.
[2023-09-02T12:09:58.580+0000] {base.py:73} INFO - Using connection ID 'postgres_con' for task execution.
[2023-09-02T12:09:58.641+0000] {base.py:73} INFO - Using connection ID 'postgres_con' for task execution.
[2023-09-02T12:09:58.697+0000] {base.py:73} INFO - Using connection ID 'postgres_con' for task execution.
[2023-09-02T12:09:58.761+0000] {base.py:73} INFO - Using connection ID 'postgres_con' for task execution.
[2023-09-02T12:09:58.819+0000] {base.py:73} INFO - Using connection ID 'postgres_con' for task execution.
[2023-09-02T12:09:58.879+0000] {base.py:73} INFO - Using connection ID 'postgres_con' for task execution.
[2023-09-02T12:09:58.938+0000] {base.py:73} INFO - Using connection ID 'postgres_con' for task execution.
[2023-09-02T12:09:58.999+0000] {base.py:73} INFO - Using connection ID 'postgres_con' for task execution.
[2023-09-02T12:09:59.063+0000] {base.py:73} INFO - Using connection ID 'postgres_con' for task execution.
[2023-09-02T12:09:59.122+0000] {base.py:73} INFO - Using connection ID 'postgres_con' for task execution.
[2023-09-02T12:09:59.181+0000] {base.py:73} INFO - Using connection ID 'postgres_con' for task execution.
[2023-09-02T12:09:59.241+0000] {base.py:73} INFO - Using connection ID 'postgres_con' for task execution.
[2023-09-02T12:09:59.306+0000] {base.py:73} INFO - Using connection ID 'postgres_con' for task execution.
[2023-09-02T12:09:59.365+0000] {base.py:73} INFO - Using connection ID 'postgres_con' for task execution.
[2023-09-02T12:09:59.422+0000] {base.py:73} INFO - Using connection ID 'postgres_con' for task execution.
[2023-09-02T12:09:59.481+0000] {base.py:73} INFO - Using connection ID 'postgres_con' for task execution.
[2023-09-02T12:09:59.539+0000] {base.py:73} INFO - Using connection ID 'postgres_con' for task execution.
[2023-09-02T12:09:59.598+0000] {base.py:73} INFO - Using connection ID 'postgres_con' for task execution.
[2023-09-02T12:09:59.663+0000] {base.py:73} INFO - Using connection ID 'postgres_con' for task execution.
[2023-09-02T12:09:59.722+0000] {base.py:73} INFO - Using connection ID 'postgres_con' for task execution.
[2023-09-02T12:09:59.784+0000] {base.py:73} INFO - Using connection ID 'postgres_con' for task execution.
[2023-09-02T12:09:59.842+0000] {base.py:73} INFO - Using connection ID 'postgres_con' for task execution.
[2023-09-02T12:09:59.902+0000] {base.py:73} INFO - Using connection ID 'postgres_con' for task execution.
[2023-09-02T12:09:59.960+0000] {base.py:73} INFO - Using connection ID 'postgres_con' for task execution.
[2023-09-02T12:10:00.025+0000] {base.py:73} INFO - Using connection ID 'postgres_con' for task execution.
[2023-09-02T12:10:00.092+0000] {base.py:73} INFO - Using connection ID 'postgres_con' for task execution.
[2023-09-02T12:10:00.153+0000] {base.py:73} INFO - Using connection ID 'postgres_con' for task execution.
[2023-09-02T12:10:00.215+0000] {base.py:73} INFO - Using connection ID 'postgres_con' for task execution.
[2023-09-02T12:10:00.275+0000] {base.py:73} INFO - Using connection ID 'postgres_con' for task execution.
[2023-09-02T12:10:00.335+0000] {base.py:73} INFO - Using connection ID 'postgres_con' for task execution.
[2023-09-02T12:10:00.398+0000] {base.py:73} INFO - Using connection ID 'postgres_con' for task execution.
[2023-09-02T12:10:00.708+0000] {base.py:73} INFO - Using connection ID 'postgres_con' for task execution.
[2023-09-02T12:10:00.973+0000] {base.py:73} INFO - Using connection ID 'postgres_con' for task execution.
[2023-09-02T12:10:01.080+0000] {base.py:73} INFO - Using connection ID 'postgres_con' for task execution.
[2023-09-02T12:10:01.150+0000] {base.py:73} INFO - Using connection ID 'postgres_con' for task execution.
[2023-09-02T12:10:01.225+0000] {base.py:73} INFO - Using connection ID 'postgres_con' for task execution.
[2023-09-02T12:10:01.303+0000] {base.py:73} INFO - Using connection ID 'postgres_con' for task execution.
[2023-09-02T12:10:01.380+0000] {base.py:73} INFO - Using connection ID 'postgres_con' for task execution.
[2023-09-02T12:10:01.447+0000] {base.py:73} INFO - Using connection ID 'postgres_con' for task execution.
[2023-09-02T12:10:01.552+0000] {base.py:73} INFO - Using connection ID 'postgres_con' for task execution.
[2023-09-02T12:10:01.642+0000] {base.py:73} INFO - Using connection ID 'postgres_con' for task execution.
[2023-09-02T12:10:01.746+0000] {base.py:73} INFO - Using connection ID 'postgres_con' for task execution.
[2023-09-02T12:10:01.817+0000] {base.py:73} INFO - Using connection ID 'postgres_con' for task execution.
[2023-09-02T12:10:01.900+0000] {base.py:73} INFO - Using connection ID 'postgres_con' for task execution.
[2023-09-02T12:10:01.983+0000] {base.py:73} INFO - Using connection ID 'postgres_con' for task execution.
[2023-09-02T12:10:02.072+0000] {base.py:73} INFO - Using connection ID 'postgres_con' for task execution.
[2023-09-02T12:10:02.131+0000] {base.py:73} INFO - Using connection ID 'postgres_con' for task execution.
[2023-09-02T12:10:02.193+0000] {base.py:73} INFO - Using connection ID 'postgres_con' for task execution.
[2023-09-02T12:10:02.253+0000] {base.py:73} INFO - Using connection ID 'postgres_con' for task execution.
[2023-09-02T12:10:02.318+0000] {base.py:73} INFO - Using connection ID 'postgres_con' for task execution.
[2023-09-02T12:10:02.379+0000] {base.py:73} INFO - Using connection ID 'postgres_con' for task execution.
[2023-09-02T12:10:02.438+0000] {base.py:73} INFO - Using connection ID 'postgres_con' for task execution.
[2023-09-02T12:10:02.498+0000] {base.py:73} INFO - Using connection ID 'postgres_con' for task execution.
[2023-09-02T12:10:02.558+0000] {base.py:73} INFO - Using connection ID 'postgres_con' for task execution.
[2023-09-02T12:10:02.621+0000] {base.py:73} INFO - Using connection ID 'postgres_con' for task execution.
[2023-09-02T12:10:02.683+0000] {base.py:73} INFO - Using connection ID 'postgres_con' for task execution.
[2023-09-02T12:10:02.744+0000] {base.py:73} INFO - Using connection ID 'postgres_con' for task execution.
[2023-09-02T12:10:02.804+0000] {base.py:73} INFO - Using connection ID 'postgres_con' for task execution.
[2023-09-02T12:10:02.864+0000] {base.py:73} INFO - Using connection ID 'postgres_con' for task execution.
[2023-09-02T12:10:02.924+0000] {base.py:73} INFO - Using connection ID 'postgres_con' for task execution.
[2023-09-02T12:10:02.985+0000] {base.py:73} INFO - Using connection ID 'postgres_con' for task execution.
[2023-09-02T12:10:03.045+0000] {base.py:73} INFO - Using connection ID 'postgres_con' for task execution.
[2023-09-02T12:10:03.116+0000] {base.py:73} INFO - Using connection ID 'postgres_con' for task execution.
[2023-09-02T12:10:03.180+0000] {base.py:73} INFO - Using connection ID 'postgres_con' for task execution.
[2023-09-02T12:10:03.242+0000] {base.py:73} INFO - Using connection ID 'postgres_con' for task execution.
[2023-09-02T12:10:03.302+0000] {base.py:73} INFO - Using connection ID 'postgres_con' for task execution.
[2023-09-02T12:10:03.363+0000] {base.py:73} INFO - Using connection ID 'postgres_con' for task execution.
[2023-09-02T12:10:03.422+0000] {base.py:73} INFO - Using connection ID 'postgres_con' for task execution.
[2023-09-02T12:10:03.480+0000] {base.py:73} INFO - Using connection ID 'postgres_con' for task execution.
[2023-09-02T12:10:03.541+0000] {base.py:73} INFO - Using connection ID 'postgres_con' for task execution.
[2023-09-02T12:10:03.604+0000] {base.py:73} INFO - Using connection ID 'postgres_con' for task execution.
[2023-09-02T12:10:03.677+0000] {base.py:73} INFO - Using connection ID 'postgres_con' for task execution.
[2023-09-02T12:10:03.759+0000] {base.py:73} INFO - Using connection ID 'postgres_con' for task execution.
[2023-09-02T12:10:03.819+0000] {base.py:73} INFO - Using connection ID 'postgres_con' for task execution.
[2023-09-02T12:10:03.882+0000] {base.py:73} INFO - Using connection ID 'postgres_con' for task execution.
[2023-09-02T12:10:03.943+0000] {base.py:73} INFO - Using connection ID 'postgres_con' for task execution.
[2023-09-02T12:10:04.011+0000] {base.py:73} INFO - Using connection ID 'postgres_con' for task execution.
[2023-09-02T12:10:04.073+0000] {base.py:73} INFO - Using connection ID 'postgres_con' for task execution.
[2023-09-02T12:10:04.135+0000] {base.py:73} INFO - Using connection ID 'postgres_con' for task execution.
[2023-09-02T12:10:04.201+0000] {base.py:73} INFO - Using connection ID 'postgres_con' for task execution.
[2023-09-02T12:10:04.268+0000] {base.py:73} INFO - Using connection ID 'postgres_con' for task execution.
[2023-09-02T12:10:04.337+0000] {base.py:73} INFO - Using connection ID 'postgres_con' for task execution.
[2023-09-02T12:10:04.395+0000] {base.py:73} INFO - Using connection ID 'postgres_con' for task execution.
[2023-09-02T12:10:04.481+0000] {base.py:73} INFO - Using connection ID 'postgres_con' for task execution.
[2023-09-02T12:10:04.550+0000] {base.py:73} INFO - Using connection ID 'postgres_con' for task execution.
[2023-09-02T12:10:04.609+0000] {base.py:73} INFO - Using connection ID 'postgres_con' for task execution.
[2023-09-02T12:10:04.669+0000] {base.py:73} INFO - Using connection ID 'postgres_con' for task execution.
[2023-09-02T12:10:04.730+0000] {base.py:73} INFO - Using connection ID 'postgres_con' for task execution.
[2023-09-02T12:10:04.806+0000] {base.py:73} INFO - Using connection ID 'postgres_con' for task execution.
[2023-09-02T12:10:04.881+0000] {base.py:73} INFO - Using connection ID 'postgres_con' for task execution.
[2023-09-02T12:10:04.939+0000] {base.py:73} INFO - Using connection ID 'postgres_con' for task execution.
[2023-09-02T12:10:05.000+0000] {base.py:73} INFO - Using connection ID 'postgres_con' for task execution.
[2023-09-02T12:10:05.077+0000] {base.py:73} INFO - Using connection ID 'postgres_con' for task execution.
[2023-09-02T12:10:05.138+0000] {base.py:73} INFO - Using connection ID 'postgres_con' for task execution.
[2023-09-02T12:10:05.207+0000] {base.py:73} INFO - Using connection ID 'postgres_con' for task execution.
[2023-09-02T12:10:05.281+0000] {base.py:73} INFO - Using connection ID 'postgres_con' for task execution.
[2023-09-02T12:10:05.341+0000] {base.py:73} INFO - Using connection ID 'postgres_con' for task execution.
[2023-09-02T12:10:05.401+0000] {base.py:73} INFO - Using connection ID 'postgres_con' for task execution.
[2023-09-02T12:10:05.489+0000] {base.py:73} INFO - Using connection ID 'postgres_con' for task execution.
[2023-09-02T12:10:05.579+0000] {base.py:73} INFO - Using connection ID 'postgres_con' for task execution.
[2023-09-02T12:10:05.642+0000] {base.py:73} INFO - Using connection ID 'postgres_con' for task execution.
[2023-09-02T12:10:05.701+0000] {base.py:73} INFO - Using connection ID 'postgres_con' for task execution.
[2023-09-02T12:10:05.765+0000] {base.py:73} INFO - Using connection ID 'postgres_con' for task execution.
[2023-09-02T12:10:05.832+0000] {base.py:73} INFO - Using connection ID 'postgres_con' for task execution.
[2023-09-02T12:10:05.908+0000] {base.py:73} INFO - Using connection ID 'postgres_con' for task execution.
[2023-09-02T12:10:05.992+0000] {base.py:73} INFO - Using connection ID 'postgres_con' for task execution.
[2023-09-02T12:10:06.057+0000] {base.py:73} INFO - Using connection ID 'postgres_con' for task execution.
[2023-09-02T12:10:06.118+0000] {base.py:73} INFO - Using connection ID 'postgres_con' for task execution.
[2023-09-02T12:10:06.185+0000] {base.py:73} INFO - Using connection ID 'postgres_con' for task execution.
[2023-09-02T12:10:06.244+0000] {base.py:73} INFO - Using connection ID 'postgres_con' for task execution.
[2023-09-02T12:10:06.321+0000] {base.py:73} INFO - Using connection ID 'postgres_con' for task execution.
[2023-09-02T12:10:06.522+0000] {base.py:73} INFO - Using connection ID 'postgres_con' for task execution.
[2023-09-02T12:10:06.669+0000] {base.py:73} INFO - Using connection ID 'postgres_con' for task execution.
[2023-09-02T12:10:06.740+0000] {base.py:73} INFO - Using connection ID 'postgres_con' for task execution.
[2023-09-02T12:10:06.821+0000] {base.py:73} INFO - Using connection ID 'postgres_con' for task execution.
[2023-09-02T12:10:06.911+0000] {base.py:73} INFO - Using connection ID 'postgres_con' for task execution.
[2023-09-02T12:10:13.380+0000] {base.py:73} INFO - Using connection ID 'postgres_con' for task execution.
[2023-09-02T12:10:13.396+0000] {warnings.py:109} WARNING - /home/***/.local/lib/python3.8/site-packages/***/providers/common/sql/hooks/sql.py:219: UserWarning: pandas only supports SQLAlchemy connectable (engine/connection) or database string URI or sqlite3 DBAPI2 connection. Other DBAPI2 objects are not tested. Please consider using SQLAlchemy.
  return psql.read_sql(sql, con=conn, params=parameters, **kwargs)

[2023-09-02T12:10:13.424+0000] {base.py:73} INFO - Using connection ID 'postgres_con' for task execution.
[2023-09-02T12:10:13.432+0000] {warnings.py:109} WARNING - /home/***/.local/lib/python3.8/site-packages/***/providers/common/sql/hooks/sql.py:219: UserWarning: pandas only supports SQLAlchemy connectable (engine/connection) or database string URI or sqlite3 DBAPI2 connection. Other DBAPI2 objects are not tested. Please consider using SQLAlchemy.
  return psql.read_sql(sql, con=conn, params=parameters, **kwargs)

[2023-09-02T12:10:13.440+0000] {python.py:194} INFO - Done. Returned value was:       id_vac              published_at  ... skill_type column_not_exist_in_db
0   86142253  2023-09-02T08:43:25+0300  ...          0                  72432
1   86142253  2023-09-02T08:43:25+0300  ...          0                  72433
2   86142253  2023-09-02T08:43:25+0300  ...          0                  72434
3   86142253  2023-09-02T08:43:25+0300  ...          0                  72435
4   86142253  2023-09-02T08:43:25+0300  ...          0                  72436
5   86142253  2023-09-02T08:43:25+0300  ...          0                  72437
6   86142253  2023-09-02T08:43:25+0300  ...          0                  72438
7   86142253  2023-09-02T08:43:25+0300  ...          0                  72439
8   86142253  2023-09-02T08:43:25+0300  ...          0                  72440
9   86142253  2023-09-02T08:43:25+0300  ...          0                  72441
10  86142253  2023-09-02T08:43:25+0300  ...          0                  72442
11  86142253  2023-09-02T08:43:25+0300  ...          0                  72443
12  86142253  2023-09-02T08:43:25+0300  ...          0                  72444

[13 rows x 16 columns]
[2023-09-02T12:10:13.508+0000] {taskinstance.py:1400} INFO - Marking task as SUCCESS. dag_id=dag_parser, task_id=transform, execution_date=20230902T120913, start_date=20230902T120934, end_date=20230902T121013
[2023-09-02T12:10:13.592+0000] {local_task_job_runner.py:228} INFO - Task exited with return code 0
[2023-09-02T12:10:13.635+0000] {taskinstance.py:2784} INFO - 1 downstream tasks scheduled from follow-on schedule check
