[2023-09-19T04:00:01.268+0000] {taskinstance.py:1159} INFO - Dependencies all met for dep_context=non-requeueable deps ti=<TaskInstance: dag_parser.extract scheduled__2023-09-18T04:00:00+00:00 [queued]>
[2023-09-19T04:00:01.278+0000] {taskinstance.py:1159} INFO - Dependencies all met for dep_context=requeueable deps ti=<TaskInstance: dag_parser.extract scheduled__2023-09-18T04:00:00+00:00 [queued]>
[2023-09-19T04:00:01.278+0000] {taskinstance.py:1361} INFO - Starting attempt 1 of 3
[2023-09-19T04:00:01.300+0000] {taskinstance.py:1382} INFO - Executing <Task(_PythonDecoratedOperator): extract> on 2023-09-18 04:00:00+00:00
[2023-09-19T04:00:01.308+0000] {standard_task_runner.py:57} INFO - Started process 61346 to run task
[2023-09-19T04:00:01.311+0000] {standard_task_runner.py:84} INFO - Running: ['***', 'tasks', 'run', 'dag_parser', 'extract', 'scheduled__2023-09-18T04:00:00+00:00', '--job-id', '74', '--raw', '--subdir', 'DAGS_FOLDER/dag_parser.py', '--cfg-path', '/tmp/tmp4b9g24qo']
[2023-09-19T04:00:01.312+0000] {standard_task_runner.py:85} INFO - Job 74: Subtask extract
[2023-09-19T04:00:01.364+0000] {task_command.py:415} INFO - Running <TaskInstance: dag_parser.extract scheduled__2023-09-18T04:00:00+00:00 [running]> on host 20e4b3feebe3
[2023-09-19T04:00:01.454+0000] {taskinstance.py:1660} INFO - Exporting env vars: AIRFLOW_CTX_DAG_OWNER='oleg' AIRFLOW_CTX_DAG_ID='dag_parser' AIRFLOW_CTX_TASK_ID='extract' AIRFLOW_CTX_EXECUTION_DATE='2023-09-18T04:00:00+00:00' AIRFLOW_CTX_TRY_NUMBER='1' AIRFLOW_CTX_DAG_RUN_ID='scheduled__2023-09-18T04:00:00+00:00'
[2023-09-19T04:01:14.435+0000] {python.py:194} INFO - Done. Returned value was:             id  premium  ... immediate_redirect_url immediate_redirect_vacancy_id
0     85851353    False  ...                    NaN                           NaN
1     86307730    False  ...                    NaN                           NaN
2     86850915    False  ...                    NaN                           NaN
3     86837330    False  ...                    NaN                           NaN
4     86578455    False  ...                    NaN                           NaN
...        ...      ...  ...                    ...                           ...
2178  86353023    False  ...                    NaN                           NaN
2179  86718413    False  ...                    NaN                           NaN
2180  86718551    False  ...                    NaN                           NaN
2181  86718901    False  ...                    NaN                           NaN
2182  86719022    False  ...                    NaN                           NaN

[2183 rows x 38 columns]
[2023-09-19T04:01:14.812+0000] {taskinstance.py:1400} INFO - Marking task as SUCCESS. dag_id=dag_parser, task_id=extract, execution_date=20230918T040000, start_date=20230919T040001, end_date=20230919T040114
[2023-09-19T04:01:14.872+0000] {local_task_job_runner.py:228} INFO - Task exited with return code 0
[2023-09-19T04:01:14.924+0000] {taskinstance.py:2784} INFO - 1 downstream tasks scheduled from follow-on schedule check
