[2023-09-16T04:00:03.087+0000] {taskinstance.py:1159} INFO - Dependencies all met for dep_context=non-requeueable deps ti=<TaskInstance: dag_parser.extract scheduled__2023-09-15T04:00:00+00:00 [queued]>
[2023-09-16T04:00:03.097+0000] {taskinstance.py:1159} INFO - Dependencies all met for dep_context=requeueable deps ti=<TaskInstance: dag_parser.extract scheduled__2023-09-15T04:00:00+00:00 [queued]>
[2023-09-16T04:00:03.097+0000] {taskinstance.py:1361} INFO - Starting attempt 1 of 3
[2023-09-16T04:00:03.113+0000] {taskinstance.py:1382} INFO - Executing <Task(_PythonDecoratedOperator): extract> on 2023-09-15 04:00:00+00:00
[2023-09-16T04:00:03.120+0000] {standard_task_runner.py:57} INFO - Started process 7893 to run task
[2023-09-16T04:00:03.123+0000] {standard_task_runner.py:84} INFO - Running: ['***', 'tasks', 'run', 'dag_parser', 'extract', 'scheduled__2023-09-15T04:00:00+00:00', '--job-id', '48', '--raw', '--subdir', 'DAGS_FOLDER/dag_parser.py', '--cfg-path', '/tmp/tmpl7zd4bnt']
[2023-09-16T04:00:03.124+0000] {standard_task_runner.py:85} INFO - Job 48: Subtask extract
[2023-09-16T04:00:03.172+0000] {task_command.py:415} INFO - Running <TaskInstance: dag_parser.extract scheduled__2023-09-15T04:00:00+00:00 [running]> on host 6c7b50d37eb4
[2023-09-16T04:00:03.262+0000] {taskinstance.py:1660} INFO - Exporting env vars: AIRFLOW_CTX_DAG_OWNER='oleg' AIRFLOW_CTX_DAG_ID='dag_parser' AIRFLOW_CTX_TASK_ID='extract' AIRFLOW_CTX_EXECUTION_DATE='2023-09-15T04:00:00+00:00' AIRFLOW_CTX_TRY_NUMBER='1' AIRFLOW_CTX_DAG_RUN_ID='scheduled__2023-09-15T04:00:00+00:00'
[2023-09-16T04:00:50.946+0000] {python.py:194} INFO - Done. Returned value was:             id  premium  ... immediate_redirect_url immediate_redirect_vacancy_id
0     86770111    False  ...                    NaN                           NaN
1     85851353    False  ...                    NaN                           NaN
2     86756853    False  ...                    NaN                           NaN
3     86307730    False  ...                    NaN                           NaN
4     86578455    False  ...                    NaN                           NaN
...        ...      ...  ...                    ...                           ...
1512  86353022    False  ...                    NaN                           NaN
1513  86353019    False  ...                    NaN                           NaN
1514  86353021    False  ...                    NaN                           NaN
1515  86353024    False  ...                    NaN                           NaN
1516  86353023    False  ...                    NaN                           NaN

[1517 rows x 38 columns]
[2023-09-16T04:00:51.254+0000] {taskinstance.py:1400} INFO - Marking task as SUCCESS. dag_id=dag_parser, task_id=extract, execution_date=20230915T040000, start_date=20230916T040003, end_date=20230916T040051
[2023-09-16T04:00:51.304+0000] {local_task_job_runner.py:228} INFO - Task exited with return code 0
[2023-09-16T04:00:51.336+0000] {taskinstance.py:2784} INFO - 0 downstream tasks scheduled from follow-on schedule check
