[2023-08-30T17:30:34.450+0000] {taskinstance.py:1159} INFO - Dependencies all met for dep_context=non-requeueable deps ti=<TaskInstance: dag_parser.transform manual__2023-08-30T17:30:01.938818+00:00 [queued]>
[2023-08-30T17:30:34.457+0000] {taskinstance.py:1159} INFO - Dependencies all met for dep_context=requeueable deps ti=<TaskInstance: dag_parser.transform manual__2023-08-30T17:30:01.938818+00:00 [queued]>
[2023-08-30T17:30:34.458+0000] {taskinstance.py:1361} INFO - Starting attempt 1 of 3
[2023-08-30T17:30:34.467+0000] {taskinstance.py:1382} INFO - Executing <Task(_PythonDecoratedOperator): transform> on 2023-08-30 17:30:01.938818+00:00
[2023-08-30T17:30:34.478+0000] {standard_task_runner.py:57} INFO - Started process 423 to run task
[2023-08-30T17:30:34.482+0000] {standard_task_runner.py:84} INFO - Running: ['***', 'tasks', 'run', 'dag_parser', 'transform', 'manual__2023-08-30T17:30:01.938818+00:00', '--job-id', '79', '--raw', '--subdir', 'DAGS_FOLDER/dag_parser.py', '--cfg-path', '/tmp/tmpax01k03m']
[2023-08-30T17:30:34.485+0000] {standard_task_runner.py:85} INFO - Job 79: Subtask transform
[2023-08-30T17:30:34.543+0000] {task_command.py:415} INFO - Running <TaskInstance: dag_parser.transform manual__2023-08-30T17:30:01.938818+00:00 [running]> on host a0407cf7b722
[2023-08-30T17:30:34.741+0000] {taskinstance.py:1660} INFO - Exporting env vars: AIRFLOW_CTX_DAG_OWNER='oleg' AIRFLOW_CTX_DAG_ID='dag_parser' AIRFLOW_CTX_TASK_ID='transform' AIRFLOW_CTX_EXECUTION_DATE='2023-08-30T17:30:01.938818+00:00' AIRFLOW_CTX_TRY_NUMBER='1' AIRFLOW_CTX_DAG_RUN_ID='manual__2023-08-30T17:30:01.938818+00:00'
[2023-08-30T17:30:35.077+0000] {base.py:73} INFO - Using connection ID 'postgres_con' for task execution.
[2023-08-30T17:30:35.101+0000] {warnings.py:109} WARNING - /home/***/.local/lib/python3.8/site-packages/***/providers/common/sql/hooks/sql.py:219: UserWarning: pandas only supports SQLAlchemy connectable (engine/connection) or database string URI or sqlite3 DBAPI2 connection. Other DBAPI2 objects are not tested. Please consider using SQLAlchemy.
  return psql.read_sql(sql, con=conn, params=parameters, **kwargs)

[2023-08-30T17:30:35.498+0000] {base.py:73} INFO - Using connection ID 'postgres_con' for task execution.
[2023-08-30T17:30:35.593+0000] {base.py:73} INFO - Using connection ID 'postgres_con' for task execution.
[2023-08-30T17:30:35.652+0000] {base.py:73} INFO - Using connection ID 'postgres_con' for task execution.
[2023-08-30T17:30:35.714+0000] {base.py:73} INFO - Using connection ID 'postgres_con' for task execution.
[2023-08-30T17:30:35.771+0000] {base.py:73} INFO - Using connection ID 'postgres_con' for task execution.
[2023-08-30T17:30:35.830+0000] {base.py:73} INFO - Using connection ID 'postgres_con' for task execution.
[2023-08-30T17:30:35.893+0000] {base.py:73} INFO - Using connection ID 'postgres_con' for task execution.
[2023-08-30T17:30:35.952+0000] {base.py:73} INFO - Using connection ID 'postgres_con' for task execution.
[2023-08-30T17:30:36.022+0000] {base.py:73} INFO - Using connection ID 'postgres_con' for task execution.
[2023-08-30T17:30:36.088+0000] {base.py:73} INFO - Using connection ID 'postgres_con' for task execution.
[2023-08-30T17:30:36.155+0000] {base.py:73} INFO - Using connection ID 'postgres_con' for task execution.
[2023-08-30T17:30:36.219+0000] {base.py:73} INFO - Using connection ID 'postgres_con' for task execution.
[2023-08-30T17:30:36.286+0000] {base.py:73} INFO - Using connection ID 'postgres_con' for task execution.
[2023-08-30T17:30:36.351+0000] {base.py:73} INFO - Using connection ID 'postgres_con' for task execution.
[2023-08-30T17:30:36.415+0000] {base.py:73} INFO - Using connection ID 'postgres_con' for task execution.
[2023-08-30T17:30:36.472+0000] {base.py:73} INFO - Using connection ID 'postgres_con' for task execution.
[2023-08-30T17:30:36.529+0000] {base.py:73} INFO - Using connection ID 'postgres_con' for task execution.
[2023-08-30T17:30:36.585+0000] {base.py:73} INFO - Using connection ID 'postgres_con' for task execution.
[2023-08-30T17:30:36.646+0000] {base.py:73} INFO - Using connection ID 'postgres_con' for task execution.
[2023-08-30T17:30:36.709+0000] {base.py:73} INFO - Using connection ID 'postgres_con' for task execution.
[2023-08-30T17:30:36.771+0000] {base.py:73} INFO - Using connection ID 'postgres_con' for task execution.
[2023-08-30T17:30:36.828+0000] {base.py:73} INFO - Using connection ID 'postgres_con' for task execution.
[2023-08-30T17:30:36.885+0000] {base.py:73} INFO - Using connection ID 'postgres_con' for task execution.
[2023-08-30T17:30:36.950+0000] {base.py:73} INFO - Using connection ID 'postgres_con' for task execution.
[2023-08-30T17:30:37.009+0000] {base.py:73} INFO - Using connection ID 'postgres_con' for task execution.
[2023-08-30T17:30:37.067+0000] {base.py:73} INFO - Using connection ID 'postgres_con' for task execution.
[2023-08-30T17:30:37.122+0000] {base.py:73} INFO - Using connection ID 'postgres_con' for task execution.
[2023-08-30T17:30:37.183+0000] {base.py:73} INFO - Using connection ID 'postgres_con' for task execution.
[2023-08-30T17:30:37.241+0000] {base.py:73} INFO - Using connection ID 'postgres_con' for task execution.
[2023-08-30T17:30:37.296+0000] {base.py:73} INFO - Using connection ID 'postgres_con' for task execution.
[2023-08-30T17:30:37.356+0000] {base.py:73} INFO - Using connection ID 'postgres_con' for task execution.
[2023-08-30T17:30:37.415+0000] {base.py:73} INFO - Using connection ID 'postgres_con' for task execution.
[2023-08-30T17:30:37.475+0000] {base.py:73} INFO - Using connection ID 'postgres_con' for task execution.
[2023-08-30T17:30:37.534+0000] {base.py:73} INFO - Using connection ID 'postgres_con' for task execution.
[2023-08-30T17:30:37.594+0000] {base.py:73} INFO - Using connection ID 'postgres_con' for task execution.
[2023-08-30T17:30:37.651+0000] {base.py:73} INFO - Using connection ID 'postgres_con' for task execution.
[2023-08-30T17:30:37.721+0000] {base.py:73} INFO - Using connection ID 'postgres_con' for task execution.
[2023-08-30T17:30:37.777+0000] {base.py:73} INFO - Using connection ID 'postgres_con' for task execution.
[2023-08-30T17:30:37.832+0000] {base.py:73} INFO - Using connection ID 'postgres_con' for task execution.
[2023-08-30T17:30:37.891+0000] {base.py:73} INFO - Using connection ID 'postgres_con' for task execution.
[2023-08-30T17:30:37.967+0000] {base.py:73} INFO - Using connection ID 'postgres_con' for task execution.
[2023-08-30T17:30:38.026+0000] {base.py:73} INFO - Using connection ID 'postgres_con' for task execution.
[2023-08-30T17:30:38.087+0000] {base.py:73} INFO - Using connection ID 'postgres_con' for task execution.
[2023-08-30T17:30:38.141+0000] {base.py:73} INFO - Using connection ID 'postgres_con' for task execution.
[2023-08-30T17:30:38.196+0000] {base.py:73} INFO - Using connection ID 'postgres_con' for task execution.
[2023-08-30T17:30:38.250+0000] {base.py:73} INFO - Using connection ID 'postgres_con' for task execution.
[2023-08-30T17:30:38.309+0000] {base.py:73} INFO - Using connection ID 'postgres_con' for task execution.
[2023-08-30T17:30:38.372+0000] {base.py:73} INFO - Using connection ID 'postgres_con' for task execution.
[2023-08-30T17:30:38.428+0000] {base.py:73} INFO - Using connection ID 'postgres_con' for task execution.
[2023-08-30T17:30:38.487+0000] {base.py:73} INFO - Using connection ID 'postgres_con' for task execution.
[2023-08-30T17:30:38.548+0000] {base.py:73} INFO - Using connection ID 'postgres_con' for task execution.
[2023-08-30T17:30:38.605+0000] {base.py:73} INFO - Using connection ID 'postgres_con' for task execution.
[2023-08-30T17:30:38.661+0000] {base.py:73} INFO - Using connection ID 'postgres_con' for task execution.
[2023-08-30T17:30:38.732+0000] {base.py:73} INFO - Using connection ID 'postgres_con' for task execution.
[2023-08-30T17:30:38.788+0000] {base.py:73} INFO - Using connection ID 'postgres_con' for task execution.
[2023-08-30T17:30:38.843+0000] {base.py:73} INFO - Using connection ID 'postgres_con' for task execution.
[2023-08-30T17:30:39.001+0000] {base.py:73} INFO - Using connection ID 'postgres_con' for task execution.
[2023-08-30T17:30:39.148+0000] {base.py:73} INFO - Using connection ID 'postgres_con' for task execution.
[2023-08-30T17:30:39.250+0000] {base.py:73} INFO - Using connection ID 'postgres_con' for task execution.
[2023-08-30T17:30:39.329+0000] {base.py:73} INFO - Using connection ID 'postgres_con' for task execution.
[2023-08-30T17:30:39.390+0000] {base.py:73} INFO - Using connection ID 'postgres_con' for task execution.
[2023-08-30T17:30:39.454+0000] {base.py:73} INFO - Using connection ID 'postgres_con' for task execution.
[2023-08-30T17:30:39.511+0000] {base.py:73} INFO - Using connection ID 'postgres_con' for task execution.
[2023-08-30T17:30:39.586+0000] {base.py:73} INFO - Using connection ID 'postgres_con' for task execution.
[2023-08-30T17:30:39.650+0000] {base.py:73} INFO - Using connection ID 'postgres_con' for task execution.
[2023-08-30T17:30:39.714+0000] {base.py:73} INFO - Using connection ID 'postgres_con' for task execution.
[2023-08-30T17:30:39.774+0000] {base.py:73} INFO - Using connection ID 'postgres_con' for task execution.
[2023-08-30T17:30:39.827+0000] {base.py:73} INFO - Using connection ID 'postgres_con' for task execution.
[2023-08-30T17:30:39.881+0000] {base.py:73} INFO - Using connection ID 'postgres_con' for task execution.
[2023-08-30T17:30:39.940+0000] {base.py:73} INFO - Using connection ID 'postgres_con' for task execution.
[2023-08-30T17:30:40.001+0000] {base.py:73} INFO - Using connection ID 'postgres_con' for task execution.
[2023-08-30T17:30:40.058+0000] {base.py:73} INFO - Using connection ID 'postgres_con' for task execution.
[2023-08-30T17:30:40.111+0000] {base.py:73} INFO - Using connection ID 'postgres_con' for task execution.
[2023-08-30T17:30:40.180+0000] {base.py:73} INFO - Using connection ID 'postgres_con' for task execution.
[2023-08-30T17:30:40.300+0000] {base.py:73} INFO - Using connection ID 'postgres_con' for task execution.
[2023-08-30T17:30:40.390+0000] {base.py:73} INFO - Using connection ID 'postgres_con' for task execution.
[2023-08-30T17:30:40.479+0000] {base.py:73} INFO - Using connection ID 'postgres_con' for task execution.
[2023-08-30T17:30:40.579+0000] {base.py:73} INFO - Using connection ID 'postgres_con' for task execution.
[2023-08-30T17:30:40.692+0000] {base.py:73} INFO - Using connection ID 'postgres_con' for task execution.
[2023-08-30T17:30:40.780+0000] {base.py:73} INFO - Using connection ID 'postgres_con' for task execution.
[2023-08-30T17:30:40.852+0000] {base.py:73} INFO - Using connection ID 'postgres_con' for task execution.
[2023-08-30T17:30:40.950+0000] {base.py:73} INFO - Using connection ID 'postgres_con' for task execution.
[2023-08-30T17:30:41.027+0000] {base.py:73} INFO - Using connection ID 'postgres_con' for task execution.
[2023-08-30T17:30:41.104+0000] {base.py:73} INFO - Using connection ID 'postgres_con' for task execution.
[2023-08-30T17:30:41.180+0000] {base.py:73} INFO - Using connection ID 'postgres_con' for task execution.
[2023-08-30T17:30:41.257+0000] {base.py:73} INFO - Using connection ID 'postgres_con' for task execution.
[2023-08-30T17:30:41.352+0000] {base.py:73} INFO - Using connection ID 'postgres_con' for task execution.
[2023-08-30T17:30:41.450+0000] {base.py:73} INFO - Using connection ID 'postgres_con' for task execution.
[2023-08-30T17:30:41.523+0000] {base.py:73} INFO - Using connection ID 'postgres_con' for task execution.
[2023-08-30T17:30:41.616+0000] {base.py:73} INFO - Using connection ID 'postgres_con' for task execution.
[2023-08-30T17:30:41.717+0000] {base.py:73} INFO - Using connection ID 'postgres_con' for task execution.
[2023-08-30T17:30:41.815+0000] {base.py:73} INFO - Using connection ID 'postgres_con' for task execution.
[2023-08-30T17:30:41.898+0000] {base.py:73} INFO - Using connection ID 'postgres_con' for task execution.
[2023-08-30T17:30:41.968+0000] {base.py:73} INFO - Using connection ID 'postgres_con' for task execution.
[2023-08-30T17:30:42.033+0000] {base.py:73} INFO - Using connection ID 'postgres_con' for task execution.
[2023-08-30T17:30:42.090+0000] {base.py:73} INFO - Using connection ID 'postgres_con' for task execution.
[2023-08-30T17:30:42.153+0000] {base.py:73} INFO - Using connection ID 'postgres_con' for task execution.
[2023-08-30T17:30:42.210+0000] {base.py:73} INFO - Using connection ID 'postgres_con' for task execution.
[2023-08-30T17:30:42.268+0000] {base.py:73} INFO - Using connection ID 'postgres_con' for task execution.
[2023-08-30T17:30:42.327+0000] {base.py:73} INFO - Using connection ID 'postgres_con' for task execution.
[2023-08-30T17:30:42.406+0000] {base.py:73} INFO - Using connection ID 'postgres_con' for task execution.
[2023-08-30T17:30:42.484+0000] {base.py:73} INFO - Using connection ID 'postgres_con' for task execution.
[2023-08-30T17:30:42.543+0000] {base.py:73} INFO - Using connection ID 'postgres_con' for task execution.
[2023-08-30T17:30:42.598+0000] {base.py:73} INFO - Using connection ID 'postgres_con' for task execution.
[2023-08-30T17:30:42.656+0000] {base.py:73} INFO - Using connection ID 'postgres_con' for task execution.
[2023-08-30T17:30:42.719+0000] {base.py:73} INFO - Using connection ID 'postgres_con' for task execution.
[2023-08-30T17:30:42.777+0000] {base.py:73} INFO - Using connection ID 'postgres_con' for task execution.
[2023-08-30T17:30:42.843+0000] {base.py:73} INFO - Using connection ID 'postgres_con' for task execution.
[2023-08-30T17:30:42.929+0000] {base.py:73} INFO - Using connection ID 'postgres_con' for task execution.
[2023-08-30T17:30:43.033+0000] {base.py:73} INFO - Using connection ID 'postgres_con' for task execution.
[2023-08-30T17:30:43.145+0000] {base.py:73} INFO - Using connection ID 'postgres_con' for task execution.
[2023-08-30T17:30:43.226+0000] {base.py:73} INFO - Using connection ID 'postgres_con' for task execution.
[2023-08-30T17:30:43.299+0000] {base.py:73} INFO - Using connection ID 'postgres_con' for task execution.
[2023-08-30T17:30:43.366+0000] {base.py:73} INFO - Using connection ID 'postgres_con' for task execution.
[2023-08-30T17:30:43.431+0000] {base.py:73} INFO - Using connection ID 'postgres_con' for task execution.
[2023-08-30T17:30:43.507+0000] {base.py:73} INFO - Using connection ID 'postgres_con' for task execution.
[2023-08-30T17:30:43.563+0000] {base.py:73} INFO - Using connection ID 'postgres_con' for task execution.
[2023-08-30T17:30:43.618+0000] {base.py:73} INFO - Using connection ID 'postgres_con' for task execution.
[2023-08-30T17:30:43.672+0000] {base.py:73} INFO - Using connection ID 'postgres_con' for task execution.
[2023-08-30T17:30:43.735+0000] {base.py:73} INFO - Using connection ID 'postgres_con' for task execution.
[2023-08-30T17:30:43.791+0000] {base.py:73} INFO - Using connection ID 'postgres_con' for task execution.
[2023-08-30T17:30:43.849+0000] {base.py:73} INFO - Using connection ID 'postgres_con' for task execution.
[2023-08-30T17:30:43.908+0000] {base.py:73} INFO - Using connection ID 'postgres_con' for task execution.
[2023-08-30T17:30:43.974+0000] {base.py:73} INFO - Using connection ID 'postgres_con' for task execution.
[2023-08-30T17:30:44.032+0000] {base.py:73} INFO - Using connection ID 'postgres_con' for task execution.
[2023-08-30T17:30:44.095+0000] {base.py:73} INFO - Using connection ID 'postgres_con' for task execution.
[2023-08-30T17:30:44.153+0000] {base.py:73} INFO - Using connection ID 'postgres_con' for task execution.
[2023-08-30T17:30:44.222+0000] {base.py:73} INFO - Using connection ID 'postgres_con' for task execution.
[2023-08-30T17:30:44.278+0000] {base.py:73} INFO - Using connection ID 'postgres_con' for task execution.
[2023-08-30T17:30:44.332+0000] {base.py:73} INFO - Using connection ID 'postgres_con' for task execution.
[2023-08-30T17:30:44.397+0000] {base.py:73} INFO - Using connection ID 'postgres_con' for task execution.
[2023-08-30T17:30:44.459+0000] {base.py:73} INFO - Using connection ID 'postgres_con' for task execution.
[2023-08-30T17:30:44.513+0000] {base.py:73} INFO - Using connection ID 'postgres_con' for task execution.
[2023-08-30T17:30:44.586+0000] {base.py:73} INFO - Using connection ID 'postgres_con' for task execution.
[2023-08-30T17:30:44.657+0000] {base.py:73} INFO - Using connection ID 'postgres_con' for task execution.
[2023-08-30T17:30:44.714+0000] {base.py:73} INFO - Using connection ID 'postgres_con' for task execution.
[2023-08-30T17:30:44.771+0000] {base.py:73} INFO - Using connection ID 'postgres_con' for task execution.
[2023-08-30T17:30:44.832+0000] {base.py:73} INFO - Using connection ID 'postgres_con' for task execution.
[2023-08-30T17:30:44.961+0000] {base.py:73} INFO - Using connection ID 'postgres_con' for task execution.
[2023-08-30T17:30:45.073+0000] {base.py:73} INFO - Using connection ID 'postgres_con' for task execution.
[2023-08-30T17:30:45.130+0000] {base.py:73} INFO - Using connection ID 'postgres_con' for task execution.
[2023-08-30T17:30:45.193+0000] {base.py:73} INFO - Using connection ID 'postgres_con' for task execution.
[2023-08-30T17:30:45.251+0000] {base.py:73} INFO - Using connection ID 'postgres_con' for task execution.
[2023-08-30T17:30:45.308+0000] {base.py:73} INFO - Using connection ID 'postgres_con' for task execution.
[2023-08-30T17:30:45.368+0000] {base.py:73} INFO - Using connection ID 'postgres_con' for task execution.
[2023-08-30T17:30:45.424+0000] {base.py:73} INFO - Using connection ID 'postgres_con' for task execution.
[2023-08-30T17:30:45.487+0000] {base.py:73} INFO - Using connection ID 'postgres_con' for task execution.
[2023-08-30T17:30:45.546+0000] {base.py:73} INFO - Using connection ID 'postgres_con' for task execution.
[2023-08-30T17:30:45.611+0000] {base.py:73} INFO - Using connection ID 'postgres_con' for task execution.
[2023-08-30T17:30:45.670+0000] {base.py:73} INFO - Using connection ID 'postgres_con' for task execution.
[2023-08-30T17:30:45.727+0000] {base.py:73} INFO - Using connection ID 'postgres_con' for task execution.
[2023-08-30T17:30:45.781+0000] {base.py:73} INFO - Using connection ID 'postgres_con' for task execution.
[2023-08-30T17:30:45.841+0000] {base.py:73} INFO - Using connection ID 'postgres_con' for task execution.
[2023-08-30T17:30:45.903+0000] {base.py:73} INFO - Using connection ID 'postgres_con' for task execution.
[2023-08-30T17:30:45.966+0000] {base.py:73} INFO - Using connection ID 'postgres_con' for task execution.
[2023-08-30T17:30:46.025+0000] {base.py:73} INFO - Using connection ID 'postgres_con' for task execution.
[2023-08-30T17:30:46.083+0000] {base.py:73} INFO - Using connection ID 'postgres_con' for task execution.
[2023-08-30T17:30:46.145+0000] {base.py:73} INFO - Using connection ID 'postgres_con' for task execution.
[2023-08-30T17:30:46.201+0000] {base.py:73} INFO - Using connection ID 'postgres_con' for task execution.
[2023-08-30T17:30:46.257+0000] {base.py:73} INFO - Using connection ID 'postgres_con' for task execution.
[2023-08-30T17:30:46.312+0000] {base.py:73} INFO - Using connection ID 'postgres_con' for task execution.
[2023-08-30T17:30:46.373+0000] {base.py:73} INFO - Using connection ID 'postgres_con' for task execution.
[2023-08-30T17:30:46.431+0000] {base.py:73} INFO - Using connection ID 'postgres_con' for task execution.
[2023-08-30T17:30:46.496+0000] {base.py:73} INFO - Using connection ID 'postgres_con' for task execution.
[2023-08-30T17:30:46.560+0000] {base.py:73} INFO - Using connection ID 'postgres_con' for task execution.
[2023-08-30T17:30:46.614+0000] {base.py:73} INFO - Using connection ID 'postgres_con' for task execution.
[2023-08-30T17:30:46.669+0000] {base.py:73} INFO - Using connection ID 'postgres_con' for task execution.
[2023-08-30T17:30:46.730+0000] {base.py:73} INFO - Using connection ID 'postgres_con' for task execution.
[2023-08-30T17:30:46.794+0000] {base.py:73} INFO - Using connection ID 'postgres_con' for task execution.
[2023-08-30T17:30:46.850+0000] {base.py:73} INFO - Using connection ID 'postgres_con' for task execution.
[2023-08-30T17:30:46.905+0000] {base.py:73} INFO - Using connection ID 'postgres_con' for task execution.
[2023-08-30T17:30:46.982+0000] {base.py:73} INFO - Using connection ID 'postgres_con' for task execution.
[2023-08-30T17:30:47.063+0000] {base.py:73} INFO - Using connection ID 'postgres_con' for task execution.
[2023-08-30T17:30:47.143+0000] {base.py:73} INFO - Using connection ID 'postgres_con' for task execution.
[2023-08-30T17:30:47.216+0000] {base.py:73} INFO - Using connection ID 'postgres_con' for task execution.
[2023-08-30T17:30:47.299+0000] {base.py:73} INFO - Using connection ID 'postgres_con' for task execution.
[2023-08-30T17:30:47.373+0000] {base.py:73} INFO - Using connection ID 'postgres_con' for task execution.
[2023-08-30T17:30:47.434+0000] {base.py:73} INFO - Using connection ID 'postgres_con' for task execution.
[2023-08-30T17:30:47.514+0000] {base.py:73} INFO - Using connection ID 'postgres_con' for task execution.
[2023-08-30T17:30:47.599+0000] {base.py:73} INFO - Using connection ID 'postgres_con' for task execution.
[2023-08-30T17:30:47.677+0000] {base.py:73} INFO - Using connection ID 'postgres_con' for task execution.
[2023-08-30T17:30:47.749+0000] {base.py:73} INFO - Using connection ID 'postgres_con' for task execution.
[2023-08-30T17:30:47.814+0000] {base.py:73} INFO - Using connection ID 'postgres_con' for task execution.
[2023-08-30T17:30:47.871+0000] {base.py:73} INFO - Using connection ID 'postgres_con' for task execution.
[2023-08-30T17:30:47.946+0000] {base.py:73} INFO - Using connection ID 'postgres_con' for task execution.
[2023-08-30T17:30:48.015+0000] {base.py:73} INFO - Using connection ID 'postgres_con' for task execution.
[2023-08-30T17:30:48.092+0000] {base.py:73} INFO - Using connection ID 'postgres_con' for task execution.
[2023-08-30T17:30:48.192+0000] {base.py:73} INFO - Using connection ID 'postgres_con' for task execution.
[2023-08-30T17:30:48.259+0000] {base.py:73} INFO - Using connection ID 'postgres_con' for task execution.
[2023-08-30T17:30:48.322+0000] {base.py:73} INFO - Using connection ID 'postgres_con' for task execution.
[2023-08-30T17:30:48.386+0000] {base.py:73} INFO - Using connection ID 'postgres_con' for task execution.
[2023-08-30T17:30:48.456+0000] {base.py:73} INFO - Using connection ID 'postgres_con' for task execution.
[2023-08-30T17:30:48.534+0000] {base.py:73} INFO - Using connection ID 'postgres_con' for task execution.
[2023-08-30T17:30:48.613+0000] {base.py:73} INFO - Using connection ID 'postgres_con' for task execution.
[2023-08-30T17:30:48.681+0000] {base.py:73} INFO - Using connection ID 'postgres_con' for task execution.
[2023-08-30T17:30:48.739+0000] {base.py:73} INFO - Using connection ID 'postgres_con' for task execution.
[2023-08-30T17:30:48.798+0000] {base.py:73} INFO - Using connection ID 'postgres_con' for task execution.
[2023-08-30T17:30:48.864+0000] {base.py:73} INFO - Using connection ID 'postgres_con' for task execution.
[2023-08-30T17:30:48.923+0000] {base.py:73} INFO - Using connection ID 'postgres_con' for task execution.
[2023-08-30T17:30:48.987+0000] {base.py:73} INFO - Using connection ID 'postgres_con' for task execution.
[2023-08-30T17:30:49.042+0000] {base.py:73} INFO - Using connection ID 'postgres_con' for task execution.
[2023-08-30T17:30:49.113+0000] {base.py:73} INFO - Using connection ID 'postgres_con' for task execution.
[2023-08-30T17:30:49.210+0000] {base.py:73} INFO - Using connection ID 'postgres_con' for task execution.
[2023-08-30T17:30:49.331+0000] {base.py:73} INFO - Using connection ID 'postgres_con' for task execution.
[2023-08-30T17:30:49.405+0000] {base.py:73} INFO - Using connection ID 'postgres_con' for task execution.
[2023-08-30T17:30:49.473+0000] {base.py:73} INFO - Using connection ID 'postgres_con' for task execution.
[2023-08-30T17:30:49.537+0000] {base.py:73} INFO - Using connection ID 'postgres_con' for task execution.
[2023-08-30T17:30:49.596+0000] {base.py:73} INFO - Using connection ID 'postgres_con' for task execution.
[2023-08-30T17:30:49.660+0000] {base.py:73} INFO - Using connection ID 'postgres_con' for task execution.
[2023-08-30T17:30:49.726+0000] {base.py:73} INFO - Using connection ID 'postgres_con' for task execution.
[2023-08-30T17:30:49.797+0000] {base.py:73} INFO - Using connection ID 'postgres_con' for task execution.
[2023-08-30T17:30:49.873+0000] {base.py:73} INFO - Using connection ID 'postgres_con' for task execution.
[2023-08-30T17:30:49.933+0000] {base.py:73} INFO - Using connection ID 'postgres_con' for task execution.
[2023-08-30T17:30:49.999+0000] {base.py:73} INFO - Using connection ID 'postgres_con' for task execution.
[2023-08-30T17:30:50.058+0000] {base.py:73} INFO - Using connection ID 'postgres_con' for task execution.
[2023-08-30T17:30:50.117+0000] {base.py:73} INFO - Using connection ID 'postgres_con' for task execution.
[2023-08-30T17:30:50.179+0000] {base.py:73} INFO - Using connection ID 'postgres_con' for task execution.
[2023-08-30T17:30:50.276+0000] {base.py:73} INFO - Using connection ID 'postgres_con' for task execution.
[2023-08-30T17:30:50.343+0000] {base.py:73} INFO - Using connection ID 'postgres_con' for task execution.
[2023-08-30T17:30:50.417+0000] {base.py:73} INFO - Using connection ID 'postgres_con' for task execution.
[2023-08-30T17:30:50.475+0000] {base.py:73} INFO - Using connection ID 'postgres_con' for task execution.
[2023-08-30T17:30:50.550+0000] {base.py:73} INFO - Using connection ID 'postgres_con' for task execution.
[2023-08-30T17:30:50.610+0000] {base.py:73} INFO - Using connection ID 'postgres_con' for task execution.
[2023-08-30T17:30:50.670+0000] {base.py:73} INFO - Using connection ID 'postgres_con' for task execution.
[2023-08-30T17:30:50.734+0000] {base.py:73} INFO - Using connection ID 'postgres_con' for task execution.
[2023-08-30T17:30:50.793+0000] {base.py:73} INFO - Using connection ID 'postgres_con' for task execution.
[2023-08-30T17:30:50.860+0000] {base.py:73} INFO - Using connection ID 'postgres_con' for task execution.
[2023-08-30T17:30:50.999+0000] {base.py:73} INFO - Using connection ID 'postgres_con' for task execution.
[2023-08-30T17:30:51.059+0000] {base.py:73} INFO - Using connection ID 'postgres_con' for task execution.
[2023-08-30T17:30:51.120+0000] {base.py:73} INFO - Using connection ID 'postgres_con' for task execution.
[2023-08-30T17:30:51.182+0000] {base.py:73} INFO - Using connection ID 'postgres_con' for task execution.
[2023-08-30T17:30:51.239+0000] {base.py:73} INFO - Using connection ID 'postgres_con' for task execution.
[2023-08-30T17:30:51.311+0000] {base.py:73} INFO - Using connection ID 'postgres_con' for task execution.
[2023-08-30T17:30:51.368+0000] {base.py:73} INFO - Using connection ID 'postgres_con' for task execution.
[2023-08-30T17:30:51.425+0000] {base.py:73} INFO - Using connection ID 'postgres_con' for task execution.
[2023-08-30T17:30:51.485+0000] {base.py:73} INFO - Using connection ID 'postgres_con' for task execution.
[2023-08-30T17:30:51.544+0000] {base.py:73} INFO - Using connection ID 'postgres_con' for task execution.
[2023-08-30T17:30:51.632+0000] {base.py:73} INFO - Using connection ID 'postgres_con' for task execution.
[2023-08-30T17:30:51.719+0000] {base.py:73} INFO - Using connection ID 'postgres_con' for task execution.
[2023-08-30T17:30:51.806+0000] {base.py:73} INFO - Using connection ID 'postgres_con' for task execution.
[2023-08-30T17:30:51.893+0000] {base.py:73} INFO - Using connection ID 'postgres_con' for task execution.
[2023-08-30T17:30:51.990+0000] {base.py:73} INFO - Using connection ID 'postgres_con' for task execution.
[2023-08-30T17:30:52.077+0000] {base.py:73} INFO - Using connection ID 'postgres_con' for task execution.
[2023-08-30T17:30:52.148+0000] {base.py:73} INFO - Using connection ID 'postgres_con' for task execution.
[2023-08-30T17:30:52.218+0000] {base.py:73} INFO - Using connection ID 'postgres_con' for task execution.
[2023-08-30T17:30:52.281+0000] {base.py:73} INFO - Using connection ID 'postgres_con' for task execution.
[2023-08-30T17:30:52.384+0000] {base.py:73} INFO - Using connection ID 'postgres_con' for task execution.
[2023-08-30T17:30:52.465+0000] {base.py:73} INFO - Using connection ID 'postgres_con' for task execution.
[2023-08-30T17:30:52.535+0000] {base.py:73} INFO - Using connection ID 'postgres_con' for task execution.
[2023-08-30T17:30:52.593+0000] {base.py:73} INFO - Using connection ID 'postgres_con' for task execution.
[2023-08-30T17:30:52.648+0000] {base.py:73} INFO - Using connection ID 'postgres_con' for task execution.
[2023-08-30T17:30:52.705+0000] {base.py:73} INFO - Using connection ID 'postgres_con' for task execution.
[2023-08-30T17:30:52.760+0000] {base.py:73} INFO - Using connection ID 'postgres_con' for task execution.
[2023-08-30T17:30:52.816+0000] {base.py:73} INFO - Using connection ID 'postgres_con' for task execution.
[2023-08-30T17:30:52.883+0000] {base.py:73} INFO - Using connection ID 'postgres_con' for task execution.
[2023-08-30T17:30:52.952+0000] {base.py:73} INFO - Using connection ID 'postgres_con' for task execution.
[2023-08-30T17:30:53.024+0000] {base.py:73} INFO - Using connection ID 'postgres_con' for task execution.
[2023-08-30T17:30:53.085+0000] {base.py:73} INFO - Using connection ID 'postgres_con' for task execution.
[2023-08-30T17:30:53.141+0000] {base.py:73} INFO - Using connection ID 'postgres_con' for task execution.
[2023-08-30T17:30:53.197+0000] {base.py:73} INFO - Using connection ID 'postgres_con' for task execution.
[2023-08-30T17:30:53.258+0000] {base.py:73} INFO - Using connection ID 'postgres_con' for task execution.
[2023-08-30T17:30:53.318+0000] {base.py:73} INFO - Using connection ID 'postgres_con' for task execution.
[2023-08-30T17:30:53.376+0000] {base.py:73} INFO - Using connection ID 'postgres_con' for task execution.
[2023-08-30T17:30:53.434+0000] {base.py:73} INFO - Using connection ID 'postgres_con' for task execution.
[2023-08-30T17:30:53.499+0000] {base.py:73} INFO - Using connection ID 'postgres_con' for task execution.
[2023-08-30T17:30:53.568+0000] {base.py:73} INFO - Using connection ID 'postgres_con' for task execution.
[2023-08-30T17:30:53.635+0000] {base.py:73} INFO - Using connection ID 'postgres_con' for task execution.
[2023-08-30T17:30:53.697+0000] {base.py:73} INFO - Using connection ID 'postgres_con' for task execution.
[2023-08-30T17:30:53.768+0000] {base.py:73} INFO - Using connection ID 'postgres_con' for task execution.
[2023-08-30T17:30:53.828+0000] {base.py:73} INFO - Using connection ID 'postgres_con' for task execution.
[2023-08-30T17:30:53.896+0000] {base.py:73} INFO - Using connection ID 'postgres_con' for task execution.
[2023-08-30T17:30:54.055+0000] {base.py:73} INFO - Using connection ID 'postgres_con' for task execution.
[2023-08-30T17:30:54.189+0000] {base.py:73} INFO - Using connection ID 'postgres_con' for task execution.
[2023-08-30T17:30:54.271+0000] {base.py:73} INFO - Using connection ID 'postgres_con' for task execution.
[2023-08-30T17:30:54.348+0000] {base.py:73} INFO - Using connection ID 'postgres_con' for task execution.
[2023-08-30T17:30:54.425+0000] {base.py:73} INFO - Using connection ID 'postgres_con' for task execution.
[2023-08-30T17:30:54.487+0000] {base.py:73} INFO - Using connection ID 'postgres_con' for task execution.
[2023-08-30T17:30:54.558+0000] {base.py:73} INFO - Using connection ID 'postgres_con' for task execution.
[2023-08-30T17:30:54.637+0000] {base.py:73} INFO - Using connection ID 'postgres_con' for task execution.
[2023-08-30T17:30:54.703+0000] {base.py:73} INFO - Using connection ID 'postgres_con' for task execution.
[2023-08-30T17:30:54.770+0000] {base.py:73} INFO - Using connection ID 'postgres_con' for task execution.
[2023-08-30T17:30:54.834+0000] {base.py:73} INFO - Using connection ID 'postgres_con' for task execution.
[2023-08-30T17:30:54.905+0000] {base.py:73} INFO - Using connection ID 'postgres_con' for task execution.
[2023-08-30T17:30:54.974+0000] {base.py:73} INFO - Using connection ID 'postgres_con' for task execution.
[2023-08-30T17:30:55.030+0000] {base.py:73} INFO - Using connection ID 'postgres_con' for task execution.
[2023-08-30T17:30:55.114+0000] {base.py:73} INFO - Using connection ID 'postgres_con' for task execution.
[2023-08-30T17:30:55.189+0000] {base.py:73} INFO - Using connection ID 'postgres_con' for task execution.
[2023-08-30T17:30:55.260+0000] {base.py:73} INFO - Using connection ID 'postgres_con' for task execution.
[2023-08-30T17:30:55.336+0000] {base.py:73} INFO - Using connection ID 'postgres_con' for task execution.
[2023-08-30T17:30:55.410+0000] {base.py:73} INFO - Using connection ID 'postgres_con' for task execution.
[2023-08-30T17:30:55.487+0000] {base.py:73} INFO - Using connection ID 'postgres_con' for task execution.
[2023-08-30T17:30:55.551+0000] {base.py:73} INFO - Using connection ID 'postgres_con' for task execution.
[2023-08-30T17:30:55.614+0000] {base.py:73} INFO - Using connection ID 'postgres_con' for task execution.
[2023-08-30T17:30:55.684+0000] {base.py:73} INFO - Using connection ID 'postgres_con' for task execution.
[2023-08-30T17:30:55.742+0000] {base.py:73} INFO - Using connection ID 'postgres_con' for task execution.
[2023-08-30T17:30:55.800+0000] {base.py:73} INFO - Using connection ID 'postgres_con' for task execution.
[2023-08-30T17:30:55.861+0000] {base.py:73} INFO - Using connection ID 'postgres_con' for task execution.
[2023-08-30T17:30:55.916+0000] {base.py:73} INFO - Using connection ID 'postgres_con' for task execution.
[2023-08-30T17:30:55.973+0000] {base.py:73} INFO - Using connection ID 'postgres_con' for task execution.
[2023-08-30T17:30:56.032+0000] {base.py:73} INFO - Using connection ID 'postgres_con' for task execution.
[2023-08-30T17:30:56.088+0000] {base.py:73} INFO - Using connection ID 'postgres_con' for task execution.
[2023-08-30T17:30:56.147+0000] {base.py:73} INFO - Using connection ID 'postgres_con' for task execution.
[2023-08-30T17:30:56.207+0000] {base.py:73} INFO - Using connection ID 'postgres_con' for task execution.
[2023-08-30T17:30:56.262+0000] {base.py:73} INFO - Using connection ID 'postgres_con' for task execution.
[2023-08-30T17:30:56.322+0000] {base.py:73} INFO - Using connection ID 'postgres_con' for task execution.
[2023-08-30T17:30:56.381+0000] {base.py:73} INFO - Using connection ID 'postgres_con' for task execution.
[2023-08-30T17:30:56.442+0000] {base.py:73} INFO - Using connection ID 'postgres_con' for task execution.
[2023-08-30T17:30:56.501+0000] {base.py:73} INFO - Using connection ID 'postgres_con' for task execution.
[2023-08-30T17:30:56.555+0000] {base.py:73} INFO - Using connection ID 'postgres_con' for task execution.
[2023-08-30T17:30:56.620+0000] {base.py:73} INFO - Using connection ID 'postgres_con' for task execution.
[2023-08-30T17:30:56.680+0000] {base.py:73} INFO - Using connection ID 'postgres_con' for task execution.
[2023-08-30T17:30:56.753+0000] {base.py:73} INFO - Using connection ID 'postgres_con' for task execution.
[2023-08-30T17:30:56.818+0000] {base.py:73} INFO - Using connection ID 'postgres_con' for task execution.
[2023-08-30T17:30:56.897+0000] {base.py:73} INFO - Using connection ID 'postgres_con' for task execution.
[2023-08-30T17:30:57.016+0000] {base.py:73} INFO - Using connection ID 'postgres_con' for task execution.
[2023-08-30T17:30:57.075+0000] {base.py:73} INFO - Using connection ID 'postgres_con' for task execution.
[2023-08-30T17:30:57.131+0000] {base.py:73} INFO - Using connection ID 'postgres_con' for task execution.
[2023-08-30T17:30:57.191+0000] {base.py:73} INFO - Using connection ID 'postgres_con' for task execution.
[2023-08-30T17:30:57.247+0000] {base.py:73} INFO - Using connection ID 'postgres_con' for task execution.
[2023-08-30T17:30:57.310+0000] {base.py:73} INFO - Using connection ID 'postgres_con' for task execution.
[2023-08-30T17:30:57.367+0000] {base.py:73} INFO - Using connection ID 'postgres_con' for task execution.
[2023-08-30T17:30:57.426+0000] {base.py:73} INFO - Using connection ID 'postgres_con' for task execution.
[2023-08-30T17:30:57.495+0000] {base.py:73} INFO - Using connection ID 'postgres_con' for task execution.
[2023-08-30T17:30:57.565+0000] {base.py:73} INFO - Using connection ID 'postgres_con' for task execution.
[2023-08-30T17:30:57.639+0000] {base.py:73} INFO - Using connection ID 'postgres_con' for task execution.
[2023-08-30T17:30:57.714+0000] {base.py:73} INFO - Using connection ID 'postgres_con' for task execution.
[2023-08-30T17:30:57.793+0000] {base.py:73} INFO - Using connection ID 'postgres_con' for task execution.
[2023-08-30T17:30:57.906+0000] {base.py:73} INFO - Using connection ID 'postgres_con' for task execution.
[2023-08-30T17:30:58.009+0000] {base.py:73} INFO - Using connection ID 'postgres_con' for task execution.
[2023-08-30T17:30:58.093+0000] {base.py:73} INFO - Using connection ID 'postgres_con' for task execution.
[2023-08-30T17:30:58.165+0000] {base.py:73} INFO - Using connection ID 'postgres_con' for task execution.
[2023-08-30T17:30:58.239+0000] {base.py:73} INFO - Using connection ID 'postgres_con' for task execution.
[2023-08-30T17:30:58.313+0000] {base.py:73} INFO - Using connection ID 'postgres_con' for task execution.
[2023-08-30T17:30:58.388+0000] {base.py:73} INFO - Using connection ID 'postgres_con' for task execution.
[2023-08-30T17:30:58.455+0000] {base.py:73} INFO - Using connection ID 'postgres_con' for task execution.
[2023-08-30T17:30:58.518+0000] {base.py:73} INFO - Using connection ID 'postgres_con' for task execution.
[2023-08-30T17:30:58.572+0000] {base.py:73} INFO - Using connection ID 'postgres_con' for task execution.
[2023-08-30T17:30:58.628+0000] {base.py:73} INFO - Using connection ID 'postgres_con' for task execution.
[2023-08-30T17:30:58.684+0000] {base.py:73} INFO - Using connection ID 'postgres_con' for task execution.
[2023-08-30T17:30:58.739+0000] {base.py:73} INFO - Using connection ID 'postgres_con' for task execution.
[2023-08-30T17:30:58.801+0000] {base.py:73} INFO - Using connection ID 'postgres_con' for task execution.
[2023-08-30T17:30:58.863+0000] {base.py:73} INFO - Using connection ID 'postgres_con' for task execution.
[2023-08-30T17:30:58.924+0000] {base.py:73} INFO - Using connection ID 'postgres_con' for task execution.
[2023-08-30T17:30:58.989+0000] {base.py:73} INFO - Using connection ID 'postgres_con' for task execution.
[2023-08-30T17:30:59.057+0000] {base.py:73} INFO - Using connection ID 'postgres_con' for task execution.
[2023-08-30T17:30:59.115+0000] {base.py:73} INFO - Using connection ID 'postgres_con' for task execution.
[2023-08-30T17:30:59.173+0000] {base.py:73} INFO - Using connection ID 'postgres_con' for task execution.
[2023-08-30T17:30:59.229+0000] {base.py:73} INFO - Using connection ID 'postgres_con' for task execution.
[2023-08-30T17:30:59.288+0000] {base.py:73} INFO - Using connection ID 'postgres_con' for task execution.
[2023-08-30T17:30:59.381+0000] {base.py:73} INFO - Using connection ID 'postgres_con' for task execution.
[2023-08-30T17:30:59.470+0000] {base.py:73} INFO - Using connection ID 'postgres_con' for task execution.
[2023-08-30T17:30:59.541+0000] {base.py:73} INFO - Using connection ID 'postgres_con' for task execution.
[2023-08-30T17:30:59.602+0000] {base.py:73} INFO - Using connection ID 'postgres_con' for task execution.
[2023-08-30T17:30:59.659+0000] {base.py:73} INFO - Using connection ID 'postgres_con' for task execution.
[2023-08-30T17:30:59.713+0000] {base.py:73} INFO - Using connection ID 'postgres_con' for task execution.
[2023-08-30T17:30:59.779+0000] {base.py:73} INFO - Using connection ID 'postgres_con' for task execution.
[2023-08-30T17:30:59.837+0000] {base.py:73} INFO - Using connection ID 'postgres_con' for task execution.
[2023-08-30T17:30:59.895+0000] {base.py:73} INFO - Using connection ID 'postgres_con' for task execution.
[2023-08-30T17:30:59.950+0000] {base.py:73} INFO - Using connection ID 'postgres_con' for task execution.
[2023-08-30T17:31:00.006+0000] {base.py:73} INFO - Using connection ID 'postgres_con' for task execution.
[2023-08-30T17:31:00.070+0000] {base.py:73} INFO - Using connection ID 'postgres_con' for task execution.
[2023-08-30T17:31:00.125+0000] {base.py:73} INFO - Using connection ID 'postgres_con' for task execution.
[2023-08-30T17:31:00.189+0000] {base.py:73} INFO - Using connection ID 'postgres_con' for task execution.
[2023-08-30T17:31:00.266+0000] {base.py:73} INFO - Using connection ID 'postgres_con' for task execution.
[2023-08-30T17:31:00.324+0000] {base.py:73} INFO - Using connection ID 'postgres_con' for task execution.
[2023-08-30T17:31:00.388+0000] {base.py:73} INFO - Using connection ID 'postgres_con' for task execution.
[2023-08-30T17:31:00.446+0000] {base.py:73} INFO - Using connection ID 'postgres_con' for task execution.
[2023-08-30T17:31:00.513+0000] {base.py:73} INFO - Using connection ID 'postgres_con' for task execution.
[2023-08-30T17:31:00.572+0000] {base.py:73} INFO - Using connection ID 'postgres_con' for task execution.
[2023-08-30T17:31:00.627+0000] {base.py:73} INFO - Using connection ID 'postgres_con' for task execution.
[2023-08-30T17:31:00.686+0000] {base.py:73} INFO - Using connection ID 'postgres_con' for task execution.
[2023-08-30T17:31:00.748+0000] {base.py:73} INFO - Using connection ID 'postgres_con' for task execution.
[2023-08-30T17:31:00.805+0000] {base.py:73} INFO - Using connection ID 'postgres_con' for task execution.
[2023-08-30T17:31:00.864+0000] {base.py:73} INFO - Using connection ID 'postgres_con' for task execution.
[2023-08-30T17:31:00.919+0000] {base.py:73} INFO - Using connection ID 'postgres_con' for task execution.
[2023-08-30T17:31:00.987+0000] {base.py:73} INFO - Using connection ID 'postgres_con' for task execution.
[2023-08-30T17:31:01.042+0000] {base.py:73} INFO - Using connection ID 'postgres_con' for task execution.
[2023-08-30T17:31:01.101+0000] {base.py:73} INFO - Using connection ID 'postgres_con' for task execution.
[2023-08-30T17:31:01.157+0000] {base.py:73} INFO - Using connection ID 'postgres_con' for task execution.
[2023-08-30T17:31:01.212+0000] {base.py:73} INFO - Using connection ID 'postgres_con' for task execution.
[2023-08-30T17:31:01.293+0000] {base.py:73} INFO - Using connection ID 'postgres_con' for task execution.
[2023-08-30T17:31:01.363+0000] {base.py:73} INFO - Using connection ID 'postgres_con' for task execution.
[2023-08-30T17:31:01.423+0000] {base.py:73} INFO - Using connection ID 'postgres_con' for task execution.
[2023-08-30T17:31:01.480+0000] {base.py:73} INFO - Using connection ID 'postgres_con' for task execution.
[2023-08-30T17:31:01.549+0000] {base.py:73} INFO - Using connection ID 'postgres_con' for task execution.
[2023-08-30T17:31:01.607+0000] {base.py:73} INFO - Using connection ID 'postgres_con' for task execution.
[2023-08-30T17:31:01.671+0000] {base.py:73} INFO - Using connection ID 'postgres_con' for task execution.
[2023-08-30T17:31:01.763+0000] {base.py:73} INFO - Using connection ID 'postgres_con' for task execution.
[2023-08-30T17:31:01.828+0000] {base.py:73} INFO - Using connection ID 'postgres_con' for task execution.
[2023-08-30T17:31:01.898+0000] {base.py:73} INFO - Using connection ID 'postgres_con' for task execution.
[2023-08-30T17:31:01.974+0000] {base.py:73} INFO - Using connection ID 'postgres_con' for task execution.
[2023-08-30T17:31:02.045+0000] {base.py:73} INFO - Using connection ID 'postgres_con' for task execution.
[2023-08-30T17:31:02.108+0000] {base.py:73} INFO - Using connection ID 'postgres_con' for task execution.
[2023-08-30T17:31:02.182+0000] {base.py:73} INFO - Using connection ID 'postgres_con' for task execution.
[2023-08-30T17:31:02.251+0000] {base.py:73} INFO - Using connection ID 'postgres_con' for task execution.
[2023-08-30T17:31:02.336+0000] {base.py:73} INFO - Using connection ID 'postgres_con' for task execution.
[2023-08-30T17:31:02.412+0000] {base.py:73} INFO - Using connection ID 'postgres_con' for task execution.
[2023-08-30T17:31:02.479+0000] {base.py:73} INFO - Using connection ID 'postgres_con' for task execution.
[2023-08-30T17:31:02.547+0000] {base.py:73} INFO - Using connection ID 'postgres_con' for task execution.
[2023-08-30T17:31:02.623+0000] {base.py:73} INFO - Using connection ID 'postgres_con' for task execution.
[2023-08-30T17:31:02.694+0000] {base.py:73} INFO - Using connection ID 'postgres_con' for task execution.
[2023-08-30T17:31:02.767+0000] {base.py:73} INFO - Using connection ID 'postgres_con' for task execution.
[2023-08-30T17:31:02.835+0000] {base.py:73} INFO - Using connection ID 'postgres_con' for task execution.
[2023-08-30T17:31:02.993+0000] {base.py:73} INFO - Using connection ID 'postgres_con' for task execution.
[2023-08-30T17:31:03.119+0000] {base.py:73} INFO - Using connection ID 'postgres_con' for task execution.
[2023-08-30T17:31:03.187+0000] {base.py:73} INFO - Using connection ID 'postgres_con' for task execution.
[2023-08-30T17:31:03.252+0000] {base.py:73} INFO - Using connection ID 'postgres_con' for task execution.
[2023-08-30T17:31:03.317+0000] {base.py:73} INFO - Using connection ID 'postgres_con' for task execution.
[2023-08-30T17:31:03.387+0000] {base.py:73} INFO - Using connection ID 'postgres_con' for task execution.
[2023-08-30T17:31:03.446+0000] {base.py:73} INFO - Using connection ID 'postgres_con' for task execution.
[2023-08-30T17:31:03.503+0000] {base.py:73} INFO - Using connection ID 'postgres_con' for task execution.
[2023-08-30T17:31:03.558+0000] {base.py:73} INFO - Using connection ID 'postgres_con' for task execution.
[2023-08-30T17:31:03.616+0000] {base.py:73} INFO - Using connection ID 'postgres_con' for task execution.
[2023-08-30T17:31:03.677+0000] {base.py:73} INFO - Using connection ID 'postgres_con' for task execution.
[2023-08-30T17:31:03.732+0000] {base.py:73} INFO - Using connection ID 'postgres_con' for task execution.
[2023-08-30T17:31:03.789+0000] {base.py:73} INFO - Using connection ID 'postgres_con' for task execution.
[2023-08-30T17:31:03.843+0000] {base.py:73} INFO - Using connection ID 'postgres_con' for task execution.
[2023-08-30T17:31:03.897+0000] {base.py:73} INFO - Using connection ID 'postgres_con' for task execution.
[2023-08-30T17:31:03.951+0000] {base.py:73} INFO - Using connection ID 'postgres_con' for task execution.
[2023-08-30T17:31:04.008+0000] {base.py:73} INFO - Using connection ID 'postgres_con' for task execution.
[2023-08-30T17:31:04.064+0000] {base.py:73} INFO - Using connection ID 'postgres_con' for task execution.
[2023-08-30T17:31:04.126+0000] {base.py:73} INFO - Using connection ID 'postgres_con' for task execution.
[2023-08-30T17:31:04.182+0000] {base.py:73} INFO - Using connection ID 'postgres_con' for task execution.
[2023-08-30T17:31:04.238+0000] {base.py:73} INFO - Using connection ID 'postgres_con' for task execution.
[2023-08-30T17:31:04.302+0000] {base.py:73} INFO - Using connection ID 'postgres_con' for task execution.
[2023-08-30T17:31:04.361+0000] {base.py:73} INFO - Using connection ID 'postgres_con' for task execution.
[2023-08-30T17:31:04.417+0000] {base.py:73} INFO - Using connection ID 'postgres_con' for task execution.
[2023-08-30T17:31:04.482+0000] {base.py:73} INFO - Using connection ID 'postgres_con' for task execution.
[2023-08-30T17:31:04.543+0000] {base.py:73} INFO - Using connection ID 'postgres_con' for task execution.
[2023-08-30T17:31:04.602+0000] {base.py:73} INFO - Using connection ID 'postgres_con' for task execution.
[2023-08-30T17:31:04.660+0000] {base.py:73} INFO - Using connection ID 'postgres_con' for task execution.
[2023-08-30T17:31:04.714+0000] {base.py:73} INFO - Using connection ID 'postgres_con' for task execution.
[2023-08-30T17:31:04.773+0000] {base.py:73} INFO - Using connection ID 'postgres_con' for task execution.
[2023-08-30T17:31:04.839+0000] {base.py:73} INFO - Using connection ID 'postgres_con' for task execution.
[2023-08-30T17:31:04.897+0000] {base.py:73} INFO - Using connection ID 'postgres_con' for task execution.
[2023-08-30T17:31:04.955+0000] {base.py:73} INFO - Using connection ID 'postgres_con' for task execution.
[2023-08-30T17:31:05.015+0000] {base.py:73} INFO - Using connection ID 'postgres_con' for task execution.
[2023-08-30T17:31:05.069+0000] {base.py:73} INFO - Using connection ID 'postgres_con' for task execution.
[2023-08-30T17:31:05.126+0000] {base.py:73} INFO - Using connection ID 'postgres_con' for task execution.
[2023-08-30T17:31:05.182+0000] {base.py:73} INFO - Using connection ID 'postgres_con' for task execution.
[2023-08-30T17:31:05.238+0000] {base.py:73} INFO - Using connection ID 'postgres_con' for task execution.
[2023-08-30T17:31:05.296+0000] {base.py:73} INFO - Using connection ID 'postgres_con' for task execution.
[2023-08-30T17:31:05.355+0000] {base.py:73} INFO - Using connection ID 'postgres_con' for task execution.
[2023-08-30T17:31:05.409+0000] {base.py:73} INFO - Using connection ID 'postgres_con' for task execution.
[2023-08-30T17:31:05.471+0000] {base.py:73} INFO - Using connection ID 'postgres_con' for task execution.
[2023-08-30T17:31:05.528+0000] {base.py:73} INFO - Using connection ID 'postgres_con' for task execution.
[2023-08-30T17:31:05.588+0000] {base.py:73} INFO - Using connection ID 'postgres_con' for task execution.
[2023-08-30T17:31:05.641+0000] {base.py:73} INFO - Using connection ID 'postgres_con' for task execution.
[2023-08-30T17:31:05.699+0000] {base.py:73} INFO - Using connection ID 'postgres_con' for task execution.
[2023-08-30T17:31:05.758+0000] {base.py:73} INFO - Using connection ID 'postgres_con' for task execution.
[2023-08-30T17:31:05.816+0000] {base.py:73} INFO - Using connection ID 'postgres_con' for task execution.
[2023-08-30T17:31:05.873+0000] {base.py:73} INFO - Using connection ID 'postgres_con' for task execution.
[2023-08-30T17:31:05.930+0000] {base.py:73} INFO - Using connection ID 'postgres_con' for task execution.
[2023-08-30T17:31:05.988+0000] {base.py:73} INFO - Using connection ID 'postgres_con' for task execution.
[2023-08-30T17:31:06.045+0000] {base.py:73} INFO - Using connection ID 'postgres_con' for task execution.
[2023-08-30T17:31:06.100+0000] {base.py:73} INFO - Using connection ID 'postgres_con' for task execution.
[2023-08-30T17:31:06.157+0000] {base.py:73} INFO - Using connection ID 'postgres_con' for task execution.
[2023-08-30T17:31:06.213+0000] {base.py:73} INFO - Using connection ID 'postgres_con' for task execution.
[2023-08-30T17:31:06.269+0000] {base.py:73} INFO - Using connection ID 'postgres_con' for task execution.
[2023-08-30T17:31:06.325+0000] {base.py:73} INFO - Using connection ID 'postgres_con' for task execution.
[2023-08-30T17:31:06.382+0000] {base.py:73} INFO - Using connection ID 'postgres_con' for task execution.
[2023-08-30T17:31:06.439+0000] {base.py:73} INFO - Using connection ID 'postgres_con' for task execution.
[2023-08-30T17:31:06.501+0000] {base.py:73} INFO - Using connection ID 'postgres_con' for task execution.
[2023-08-30T17:31:06.559+0000] {base.py:73} INFO - Using connection ID 'postgres_con' for task execution.
[2023-08-30T17:31:06.617+0000] {base.py:73} INFO - Using connection ID 'postgres_con' for task execution.
[2023-08-30T17:31:06.672+0000] {base.py:73} INFO - Using connection ID 'postgres_con' for task execution.
[2023-08-30T17:31:06.729+0000] {base.py:73} INFO - Using connection ID 'postgres_con' for task execution.
[2023-08-30T17:31:06.785+0000] {base.py:73} INFO - Using connection ID 'postgres_con' for task execution.
[2023-08-30T17:31:06.845+0000] {base.py:73} INFO - Using connection ID 'postgres_con' for task execution.
[2023-08-30T17:31:06.900+0000] {base.py:73} INFO - Using connection ID 'postgres_con' for task execution.
[2023-08-30T17:31:06.954+0000] {base.py:73} INFO - Using connection ID 'postgres_con' for task execution.
[2023-08-30T17:31:07.017+0000] {base.py:73} INFO - Using connection ID 'postgres_con' for task execution.
[2023-08-30T17:31:07.072+0000] {base.py:73} INFO - Using connection ID 'postgres_con' for task execution.
[2023-08-30T17:31:07.141+0000] {base.py:73} INFO - Using connection ID 'postgres_con' for task execution.
[2023-08-30T17:31:07.204+0000] {base.py:73} INFO - Using connection ID 'postgres_con' for task execution.
[2023-08-30T17:31:07.268+0000] {base.py:73} INFO - Using connection ID 'postgres_con' for task execution.
[2023-08-30T17:31:07.324+0000] {base.py:73} INFO - Using connection ID 'postgres_con' for task execution.
[2023-08-30T17:31:07.383+0000] {base.py:73} INFO - Using connection ID 'postgres_con' for task execution.
[2023-08-30T17:31:07.440+0000] {base.py:73} INFO - Using connection ID 'postgres_con' for task execution.
[2023-08-30T17:31:07.502+0000] {base.py:73} INFO - Using connection ID 'postgres_con' for task execution.
[2023-08-30T17:31:07.558+0000] {base.py:73} INFO - Using connection ID 'postgres_con' for task execution.
[2023-08-30T17:31:07.620+0000] {base.py:73} INFO - Using connection ID 'postgres_con' for task execution.
[2023-08-30T17:31:07.676+0000] {base.py:73} INFO - Using connection ID 'postgres_con' for task execution.
[2023-08-30T17:31:07.744+0000] {base.py:73} INFO - Using connection ID 'postgres_con' for task execution.
[2023-08-30T17:31:07.806+0000] {base.py:73} INFO - Using connection ID 'postgres_con' for task execution.
[2023-08-30T17:31:07.865+0000] {base.py:73} INFO - Using connection ID 'postgres_con' for task execution.
[2023-08-30T17:31:07.927+0000] {base.py:73} INFO - Using connection ID 'postgres_con' for task execution.
[2023-08-30T17:31:07.991+0000] {base.py:73} INFO - Using connection ID 'postgres_con' for task execution.
[2023-08-30T17:31:08.047+0000] {base.py:73} INFO - Using connection ID 'postgres_con' for task execution.
[2023-08-30T17:31:08.105+0000] {base.py:73} INFO - Using connection ID 'postgres_con' for task execution.
[2023-08-30T17:31:08.165+0000] {base.py:73} INFO - Using connection ID 'postgres_con' for task execution.
[2023-08-30T17:31:08.227+0000] {base.py:73} INFO - Using connection ID 'postgres_con' for task execution.
[2023-08-30T17:31:08.287+0000] {base.py:73} INFO - Using connection ID 'postgres_con' for task execution.
[2023-08-30T17:31:08.352+0000] {base.py:73} INFO - Using connection ID 'postgres_con' for task execution.
[2023-08-30T17:31:08.413+0000] {base.py:73} INFO - Using connection ID 'postgres_con' for task execution.
[2023-08-30T17:31:08.476+0000] {base.py:73} INFO - Using connection ID 'postgres_con' for task execution.
[2023-08-30T17:31:08.538+0000] {base.py:73} INFO - Using connection ID 'postgres_con' for task execution.
[2023-08-30T17:31:08.594+0000] {base.py:73} INFO - Using connection ID 'postgres_con' for task execution.
[2023-08-30T17:31:08.649+0000] {base.py:73} INFO - Using connection ID 'postgres_con' for task execution.
[2023-08-30T17:31:08.703+0000] {base.py:73} INFO - Using connection ID 'postgres_con' for task execution.
[2023-08-30T17:31:08.756+0000] {base.py:73} INFO - Using connection ID 'postgres_con' for task execution.
[2023-08-30T17:31:08.819+0000] {base.py:73} INFO - Using connection ID 'postgres_con' for task execution.
[2023-08-30T17:31:08.888+0000] {base.py:73} INFO - Using connection ID 'postgres_con' for task execution.
[2023-08-30T17:31:09.007+0000] {base.py:73} INFO - Using connection ID 'postgres_con' for task execution.
[2023-08-30T17:31:09.067+0000] {base.py:73} INFO - Using connection ID 'postgres_con' for task execution.
[2023-08-30T17:31:09.125+0000] {base.py:73} INFO - Using connection ID 'postgres_con' for task execution.
[2023-08-30T17:31:09.182+0000] {base.py:73} INFO - Using connection ID 'postgres_con' for task execution.
[2023-08-30T17:31:09.237+0000] {base.py:73} INFO - Using connection ID 'postgres_con' for task execution.
[2023-08-30T17:31:09.291+0000] {base.py:73} INFO - Using connection ID 'postgres_con' for task execution.
[2023-08-30T17:31:09.350+0000] {base.py:73} INFO - Using connection ID 'postgres_con' for task execution.
[2023-08-30T17:31:09.422+0000] {base.py:73} INFO - Using connection ID 'postgres_con' for task execution.
[2023-08-30T17:31:09.513+0000] {base.py:73} INFO - Using connection ID 'postgres_con' for task execution.
[2023-08-30T17:31:09.595+0000] {base.py:73} INFO - Using connection ID 'postgres_con' for task execution.
[2023-08-30T17:31:09.658+0000] {base.py:73} INFO - Using connection ID 'postgres_con' for task execution.
[2023-08-30T17:31:09.714+0000] {base.py:73} INFO - Using connection ID 'postgres_con' for task execution.
[2023-08-30T17:31:09.770+0000] {base.py:73} INFO - Using connection ID 'postgres_con' for task execution.
[2023-08-30T17:31:09.829+0000] {base.py:73} INFO - Using connection ID 'postgres_con' for task execution.
[2023-08-30T17:31:09.902+0000] {base.py:73} INFO - Using connection ID 'postgres_con' for task execution.
[2023-08-30T17:31:09.971+0000] {base.py:73} INFO - Using connection ID 'postgres_con' for task execution.
[2023-08-30T17:31:10.041+0000] {base.py:73} INFO - Using connection ID 'postgres_con' for task execution.
[2023-08-30T17:31:10.105+0000] {base.py:73} INFO - Using connection ID 'postgres_con' for task execution.
[2023-08-30T17:31:10.172+0000] {base.py:73} INFO - Using connection ID 'postgres_con' for task execution.
[2023-08-30T17:31:10.256+0000] {base.py:73} INFO - Using connection ID 'postgres_con' for task execution.
[2023-08-30T17:31:10.320+0000] {base.py:73} INFO - Using connection ID 'postgres_con' for task execution.
[2023-08-30T17:31:10.377+0000] {base.py:73} INFO - Using connection ID 'postgres_con' for task execution.
[2023-08-30T17:31:10.438+0000] {base.py:73} INFO - Using connection ID 'postgres_con' for task execution.
[2023-08-30T17:31:10.505+0000] {base.py:73} INFO - Using connection ID 'postgres_con' for task execution.
[2023-08-30T17:31:10.574+0000] {base.py:73} INFO - Using connection ID 'postgres_con' for task execution.
[2023-08-30T17:31:10.653+0000] {base.py:73} INFO - Using connection ID 'postgres_con' for task execution.
[2023-08-30T17:31:10.725+0000] {base.py:73} INFO - Using connection ID 'postgres_con' for task execution.
[2023-08-30T17:31:10.798+0000] {base.py:73} INFO - Using connection ID 'postgres_con' for task execution.
[2023-08-30T17:31:10.863+0000] {base.py:73} INFO - Using connection ID 'postgres_con' for task execution.
[2023-08-30T17:31:10.935+0000] {base.py:73} INFO - Using connection ID 'postgres_con' for task execution.
[2023-08-30T17:31:11.000+0000] {base.py:73} INFO - Using connection ID 'postgres_con' for task execution.
[2023-08-30T17:31:11.062+0000] {base.py:73} INFO - Using connection ID 'postgres_con' for task execution.
[2023-08-30T17:31:11.127+0000] {base.py:73} INFO - Using connection ID 'postgres_con' for task execution.
[2023-08-30T17:31:11.199+0000] {base.py:73} INFO - Using connection ID 'postgres_con' for task execution.
[2023-08-30T17:31:11.263+0000] {base.py:73} INFO - Using connection ID 'postgres_con' for task execution.
[2023-08-30T17:31:11.350+0000] {base.py:73} INFO - Using connection ID 'postgres_con' for task execution.
[2023-08-30T17:31:11.410+0000] {base.py:73} INFO - Using connection ID 'postgres_con' for task execution.
[2023-08-30T17:31:11.480+0000] {base.py:73} INFO - Using connection ID 'postgres_con' for task execution.
[2023-08-30T17:31:11.553+0000] {base.py:73} INFO - Using connection ID 'postgres_con' for task execution.
[2023-08-30T17:31:11.619+0000] {base.py:73} INFO - Using connection ID 'postgres_con' for task execution.
[2023-08-30T17:31:11.689+0000] {base.py:73} INFO - Using connection ID 'postgres_con' for task execution.
[2023-08-30T17:31:11.761+0000] {base.py:73} INFO - Using connection ID 'postgres_con' for task execution.
[2023-08-30T17:31:11.843+0000] {base.py:73} INFO - Using connection ID 'postgres_con' for task execution.
[2023-08-30T17:31:11.925+0000] {base.py:73} INFO - Using connection ID 'postgres_con' for task execution.
[2023-08-30T17:31:11.997+0000] {base.py:73} INFO - Using connection ID 'postgres_con' for task execution.
[2023-08-30T17:31:12.063+0000] {base.py:73} INFO - Using connection ID 'postgres_con' for task execution.
[2023-08-30T17:31:12.124+0000] {base.py:73} INFO - Using connection ID 'postgres_con' for task execution.
[2023-08-30T17:31:12.182+0000] {base.py:73} INFO - Using connection ID 'postgres_con' for task execution.
[2023-08-30T17:31:12.246+0000] {base.py:73} INFO - Using connection ID 'postgres_con' for task execution.
[2023-08-30T17:31:12.313+0000] {base.py:73} INFO - Using connection ID 'postgres_con' for task execution.
[2023-08-30T17:31:12.381+0000] {base.py:73} INFO - Using connection ID 'postgres_con' for task execution.
[2023-08-30T17:31:12.437+0000] {base.py:73} INFO - Using connection ID 'postgres_con' for task execution.
[2023-08-30T17:31:12.493+0000] {base.py:73} INFO - Using connection ID 'postgres_con' for task execution.
[2023-08-30T17:31:12.551+0000] {base.py:73} INFO - Using connection ID 'postgres_con' for task execution.
[2023-08-30T17:31:12.605+0000] {base.py:73} INFO - Using connection ID 'postgres_con' for task execution.
[2023-08-30T17:31:12.659+0000] {base.py:73} INFO - Using connection ID 'postgres_con' for task execution.
[2023-08-30T17:31:12.715+0000] {base.py:73} INFO - Using connection ID 'postgres_con' for task execution.
[2023-08-30T17:31:12.778+0000] {base.py:73} INFO - Using connection ID 'postgres_con' for task execution.
[2023-08-30T17:31:12.834+0000] {base.py:73} INFO - Using connection ID 'postgres_con' for task execution.
[2023-08-30T17:31:12.894+0000] {base.py:73} INFO - Using connection ID 'postgres_con' for task execution.
[2023-08-30T17:31:12.958+0000] {base.py:73} INFO - Using connection ID 'postgres_con' for task execution.
[2023-08-30T17:31:13.028+0000] {base.py:73} INFO - Using connection ID 'postgres_con' for task execution.
[2023-08-30T17:31:13.086+0000] {base.py:73} INFO - Using connection ID 'postgres_con' for task execution.
[2023-08-30T17:31:13.142+0000] {base.py:73} INFO - Using connection ID 'postgres_con' for task execution.
[2023-08-30T17:31:13.199+0000] {base.py:73} INFO - Using connection ID 'postgres_con' for task execution.
[2023-08-30T17:31:13.255+0000] {base.py:73} INFO - Using connection ID 'postgres_con' for task execution.
[2023-08-30T17:31:13.308+0000] {base.py:73} INFO - Using connection ID 'postgres_con' for task execution.
[2023-08-30T17:31:13.366+0000] {base.py:73} INFO - Using connection ID 'postgres_con' for task execution.
[2023-08-30T17:31:13.421+0000] {base.py:73} INFO - Using connection ID 'postgres_con' for task execution.
[2023-08-30T17:31:13.476+0000] {base.py:73} INFO - Using connection ID 'postgres_con' for task execution.
[2023-08-30T17:31:13.535+0000] {base.py:73} INFO - Using connection ID 'postgres_con' for task execution.
[2023-08-30T17:31:13.592+0000] {base.py:73} INFO - Using connection ID 'postgres_con' for task execution.
[2023-08-30T17:31:13.648+0000] {base.py:73} INFO - Using connection ID 'postgres_con' for task execution.
[2023-08-30T17:31:13.703+0000] {base.py:73} INFO - Using connection ID 'postgres_con' for task execution.
[2023-08-30T17:31:13.757+0000] {base.py:73} INFO - Using connection ID 'postgres_con' for task execution.
[2023-08-30T17:31:13.818+0000] {base.py:73} INFO - Using connection ID 'postgres_con' for task execution.
[2023-08-30T17:31:13.875+0000] {base.py:73} INFO - Using connection ID 'postgres_con' for task execution.
[2023-08-30T17:31:13.931+0000] {base.py:73} INFO - Using connection ID 'postgres_con' for task execution.
[2023-08-30T17:31:13.985+0000] {base.py:73} INFO - Using connection ID 'postgres_con' for task execution.
[2023-08-30T17:31:14.043+0000] {base.py:73} INFO - Using connection ID 'postgres_con' for task execution.
[2023-08-30T17:31:14.106+0000] {base.py:73} INFO - Using connection ID 'postgres_con' for task execution.
[2023-08-30T17:31:14.169+0000] {base.py:73} INFO - Using connection ID 'postgres_con' for task execution.
[2023-08-30T17:31:14.239+0000] {base.py:73} INFO - Using connection ID 'postgres_con' for task execution.
[2023-08-30T17:31:14.303+0000] {base.py:73} INFO - Using connection ID 'postgres_con' for task execution.
[2023-08-30T17:31:14.361+0000] {base.py:73} INFO - Using connection ID 'postgres_con' for task execution.
[2023-08-30T17:31:14.431+0000] {base.py:73} INFO - Using connection ID 'postgres_con' for task execution.
[2023-08-30T17:31:14.485+0000] {base.py:73} INFO - Using connection ID 'postgres_con' for task execution.
[2023-08-30T17:31:14.552+0000] {base.py:73} INFO - Using connection ID 'postgres_con' for task execution.
[2023-08-30T17:31:14.613+0000] {base.py:73} INFO - Using connection ID 'postgres_con' for task execution.
[2023-08-30T17:31:14.670+0000] {base.py:73} INFO - Using connection ID 'postgres_con' for task execution.
[2023-08-30T17:31:14.726+0000] {base.py:73} INFO - Using connection ID 'postgres_con' for task execution.
[2023-08-30T17:31:14.787+0000] {base.py:73} INFO - Using connection ID 'postgres_con' for task execution.
[2023-08-30T17:31:14.844+0000] {base.py:73} INFO - Using connection ID 'postgres_con' for task execution.
[2023-08-30T17:31:14.970+0000] {base.py:73} INFO - Using connection ID 'postgres_con' for task execution.
[2023-08-30T17:31:15.060+0000] {base.py:73} INFO - Using connection ID 'postgres_con' for task execution.
[2023-08-30T17:31:15.113+0000] {base.py:73} INFO - Using connection ID 'postgres_con' for task execution.
[2023-08-30T17:31:15.177+0000] {base.py:73} INFO - Using connection ID 'postgres_con' for task execution.
[2023-08-30T17:31:15.231+0000] {base.py:73} INFO - Using connection ID 'postgres_con' for task execution.
[2023-08-30T17:31:15.292+0000] {base.py:73} INFO - Using connection ID 'postgres_con' for task execution.
[2023-08-30T17:31:15.354+0000] {base.py:73} INFO - Using connection ID 'postgres_con' for task execution.
[2023-08-30T17:31:15.407+0000] {base.py:73} INFO - Using connection ID 'postgres_con' for task execution.
[2023-08-30T17:31:15.461+0000] {base.py:73} INFO - Using connection ID 'postgres_con' for task execution.
[2023-08-30T17:31:15.519+0000] {base.py:73} INFO - Using connection ID 'postgres_con' for task execution.
[2023-08-30T17:31:15.575+0000] {base.py:73} INFO - Using connection ID 'postgres_con' for task execution.
[2023-08-30T17:31:15.631+0000] {base.py:73} INFO - Using connection ID 'postgres_con' for task execution.
[2023-08-30T17:31:15.688+0000] {base.py:73} INFO - Using connection ID 'postgres_con' for task execution.
[2023-08-30T17:31:15.752+0000] {base.py:73} INFO - Using connection ID 'postgres_con' for task execution.
[2023-08-30T17:31:15.806+0000] {base.py:73} INFO - Using connection ID 'postgres_con' for task execution.
[2023-08-30T17:31:15.865+0000] {base.py:73} INFO - Using connection ID 'postgres_con' for task execution.
[2023-08-30T17:31:15.920+0000] {base.py:73} INFO - Using connection ID 'postgres_con' for task execution.
[2023-08-30T17:31:15.977+0000] {base.py:73} INFO - Using connection ID 'postgres_con' for task execution.
[2023-08-30T17:31:16.030+0000] {base.py:73} INFO - Using connection ID 'postgres_con' for task execution.
[2023-08-30T17:31:16.091+0000] {base.py:73} INFO - Using connection ID 'postgres_con' for task execution.
[2023-08-30T17:31:16.145+0000] {base.py:73} INFO - Using connection ID 'postgres_con' for task execution.
[2023-08-30T17:31:16.201+0000] {base.py:73} INFO - Using connection ID 'postgres_con' for task execution.
[2023-08-30T17:31:16.255+0000] {base.py:73} INFO - Using connection ID 'postgres_con' for task execution.
[2023-08-30T17:31:16.326+0000] {base.py:73} INFO - Using connection ID 'postgres_con' for task execution.
[2023-08-30T17:31:16.383+0000] {base.py:73} INFO - Using connection ID 'postgres_con' for task execution.
[2023-08-30T17:31:16.439+0000] {base.py:73} INFO - Using connection ID 'postgres_con' for task execution.
[2023-08-30T17:31:16.495+0000] {base.py:73} INFO - Using connection ID 'postgres_con' for task execution.
[2023-08-30T17:31:16.552+0000] {base.py:73} INFO - Using connection ID 'postgres_con' for task execution.
[2023-08-30T17:31:16.612+0000] {base.py:73} INFO - Using connection ID 'postgres_con' for task execution.
[2023-08-30T17:31:16.668+0000] {base.py:73} INFO - Using connection ID 'postgres_con' for task execution.
[2023-08-30T17:31:16.723+0000] {base.py:73} INFO - Using connection ID 'postgres_con' for task execution.
[2023-08-30T17:31:16.777+0000] {base.py:73} INFO - Using connection ID 'postgres_con' for task execution.
[2023-08-30T17:31:16.835+0000] {base.py:73} INFO - Using connection ID 'postgres_con' for task execution.
[2023-08-30T17:31:16.890+0000] {base.py:73} INFO - Using connection ID 'postgres_con' for task execution.
[2023-08-30T17:31:16.952+0000] {base.py:73} INFO - Using connection ID 'postgres_con' for task execution.
[2023-08-30T17:31:17.011+0000] {base.py:73} INFO - Using connection ID 'postgres_con' for task execution.
[2023-08-30T17:31:17.072+0000] {base.py:73} INFO - Using connection ID 'postgres_con' for task execution.
[2023-08-30T17:31:17.129+0000] {base.py:73} INFO - Using connection ID 'postgres_con' for task execution.
[2023-08-30T17:31:17.184+0000] {base.py:73} INFO - Using connection ID 'postgres_con' for task execution.
[2023-08-30T17:31:17.241+0000] {base.py:73} INFO - Using connection ID 'postgres_con' for task execution.
[2023-08-30T17:31:17.295+0000] {base.py:73} INFO - Using connection ID 'postgres_con' for task execution.
[2023-08-30T17:31:17.352+0000] {base.py:73} INFO - Using connection ID 'postgres_con' for task execution.
[2023-08-30T17:31:17.406+0000] {base.py:73} INFO - Using connection ID 'postgres_con' for task execution.
[2023-08-30T17:31:17.464+0000] {base.py:73} INFO - Using connection ID 'postgres_con' for task execution.
[2023-08-30T17:31:17.519+0000] {base.py:73} INFO - Using connection ID 'postgres_con' for task execution.
[2023-08-30T17:31:17.596+0000] {base.py:73} INFO - Using connection ID 'postgres_con' for task execution.
[2023-08-30T17:31:17.682+0000] {base.py:73} INFO - Using connection ID 'postgres_con' for task execution.
[2023-08-30T17:31:17.741+0000] {base.py:73} INFO - Using connection ID 'postgres_con' for task execution.
[2023-08-30T17:31:17.795+0000] {base.py:73} INFO - Using connection ID 'postgres_con' for task execution.
[2023-08-30T17:31:17.851+0000] {base.py:73} INFO - Using connection ID 'postgres_con' for task execution.
[2023-08-30T17:31:17.905+0000] {base.py:73} INFO - Using connection ID 'postgres_con' for task execution.
[2023-08-30T17:31:17.966+0000] {base.py:73} INFO - Using connection ID 'postgres_con' for task execution.
[2023-08-30T17:31:18.023+0000] {base.py:73} INFO - Using connection ID 'postgres_con' for task execution.
[2023-08-30T17:31:18.077+0000] {base.py:73} INFO - Using connection ID 'postgres_con' for task execution.
[2023-08-30T17:31:18.134+0000] {base.py:73} INFO - Using connection ID 'postgres_con' for task execution.
[2023-08-30T17:31:18.189+0000] {base.py:73} INFO - Using connection ID 'postgres_con' for task execution.
[2023-08-30T17:31:18.246+0000] {base.py:73} INFO - Using connection ID 'postgres_con' for task execution.
[2023-08-30T17:31:18.305+0000] {base.py:73} INFO - Using connection ID 'postgres_con' for task execution.
[2023-08-30T17:31:18.374+0000] {base.py:73} INFO - Using connection ID 'postgres_con' for task execution.
[2023-08-30T17:31:18.436+0000] {base.py:73} INFO - Using connection ID 'postgres_con' for task execution.
[2023-08-30T17:31:18.517+0000] {base.py:73} INFO - Using connection ID 'postgres_con' for task execution.
[2023-08-30T17:31:18.588+0000] {base.py:73} INFO - Using connection ID 'postgres_con' for task execution.
[2023-08-30T17:31:18.649+0000] {base.py:73} INFO - Using connection ID 'postgres_con' for task execution.
[2023-08-30T17:31:18.711+0000] {base.py:73} INFO - Using connection ID 'postgres_con' for task execution.
[2023-08-30T17:31:18.774+0000] {base.py:73} INFO - Using connection ID 'postgres_con' for task execution.
[2023-08-30T17:31:18.837+0000] {base.py:73} INFO - Using connection ID 'postgres_con' for task execution.
[2023-08-30T17:31:18.894+0000] {base.py:73} INFO - Using connection ID 'postgres_con' for task execution.
[2023-08-30T17:31:18.950+0000] {base.py:73} INFO - Using connection ID 'postgres_con' for task execution.
[2023-08-30T17:31:19.021+0000] {base.py:73} INFO - Using connection ID 'postgres_con' for task execution.
[2023-08-30T17:31:19.076+0000] {base.py:73} INFO - Using connection ID 'postgres_con' for task execution.
[2023-08-30T17:31:19.133+0000] {base.py:73} INFO - Using connection ID 'postgres_con' for task execution.
[2023-08-30T17:31:19.189+0000] {base.py:73} INFO - Using connection ID 'postgres_con' for task execution.
[2023-08-30T17:31:19.242+0000] {base.py:73} INFO - Using connection ID 'postgres_con' for task execution.
[2023-08-30T17:31:19.297+0000] {base.py:73} INFO - Using connection ID 'postgres_con' for task execution.
[2023-08-30T17:31:19.354+0000] {base.py:73} INFO - Using connection ID 'postgres_con' for task execution.
[2023-08-30T17:31:19.411+0000] {base.py:73} INFO - Using connection ID 'postgres_con' for task execution.
[2023-08-30T17:31:19.467+0000] {base.py:73} INFO - Using connection ID 'postgres_con' for task execution.
[2023-08-30T17:31:19.535+0000] {base.py:73} INFO - Using connection ID 'postgres_con' for task execution.
[2023-08-30T17:31:19.611+0000] {base.py:73} INFO - Using connection ID 'postgres_con' for task execution.
[2023-08-30T17:31:19.682+0000] {base.py:73} INFO - Using connection ID 'postgres_con' for task execution.
[2023-08-30T17:31:19.755+0000] {base.py:73} INFO - Using connection ID 'postgres_con' for task execution.
[2023-08-30T17:31:19.812+0000] {base.py:73} INFO - Using connection ID 'postgres_con' for task execution.
[2023-08-30T17:31:19.868+0000] {base.py:73} INFO - Using connection ID 'postgres_con' for task execution.
[2023-08-30T17:31:19.922+0000] {base.py:73} INFO - Using connection ID 'postgres_con' for task execution.
[2023-08-30T17:31:19.981+0000] {base.py:73} INFO - Using connection ID 'postgres_con' for task execution.
[2023-08-30T17:31:20.043+0000] {base.py:73} INFO - Using connection ID 'postgres_con' for task execution.
[2023-08-30T17:31:20.097+0000] {base.py:73} INFO - Using connection ID 'postgres_con' for task execution.
[2023-08-30T17:31:20.154+0000] {base.py:73} INFO - Using connection ID 'postgres_con' for task execution.
[2023-08-30T17:31:20.211+0000] {base.py:73} INFO - Using connection ID 'postgres_con' for task execution.
[2023-08-30T17:31:20.275+0000] {base.py:73} INFO - Using connection ID 'postgres_con' for task execution.
[2023-08-30T17:31:20.328+0000] {base.py:73} INFO - Using connection ID 'postgres_con' for task execution.
[2023-08-30T17:31:20.384+0000] {base.py:73} INFO - Using connection ID 'postgres_con' for task execution.
[2023-08-30T17:31:20.440+0000] {base.py:73} INFO - Using connection ID 'postgres_con' for task execution.
[2023-08-30T17:31:20.493+0000] {base.py:73} INFO - Using connection ID 'postgres_con' for task execution.
[2023-08-30T17:31:20.550+0000] {base.py:73} INFO - Using connection ID 'postgres_con' for task execution.
[2023-08-30T17:31:20.606+0000] {base.py:73} INFO - Using connection ID 'postgres_con' for task execution.
[2023-08-30T17:31:20.660+0000] {base.py:73} INFO - Using connection ID 'postgres_con' for task execution.
[2023-08-30T17:31:20.721+0000] {base.py:73} INFO - Using connection ID 'postgres_con' for task execution.
[2023-08-30T17:31:20.774+0000] {base.py:73} INFO - Using connection ID 'postgres_con' for task execution.
[2023-08-30T17:39:03.574+0000] {base.py:73} INFO - Using connection ID 'postgres_con' for task execution.
[2023-08-30T17:39:03.632+0000] {warnings.py:109} WARNING - /home/***/.local/lib/python3.8/site-packages/***/providers/common/sql/hooks/sql.py:219: UserWarning: pandas only supports SQLAlchemy connectable (engine/connection) or database string URI or sqlite3 DBAPI2 connection. Other DBAPI2 objects are not tested. Please consider using SQLAlchemy.
  return psql.read_sql(sql, con=conn, params=parameters, **kwargs)

[2023-08-30T17:39:03.724+0000] {base.py:73} INFO - Using connection ID 'postgres_con' for task execution.
[2023-08-30T17:39:03.735+0000] {warnings.py:109} WARNING - /home/***/.local/lib/python3.8/site-packages/***/providers/common/sql/hooks/sql.py:219: UserWarning: pandas only supports SQLAlchemy connectable (engine/connection) or database string URI or sqlite3 DBAPI2 connection. Other DBAPI2 objects are not tested. Please consider using SQLAlchemy.
  return psql.read_sql(sql, con=conn, params=parameters, **kwargs)

[2023-08-30T17:39:03.751+0000] {python.py:194} INFO - Done. Returned value was: None
[2023-08-30T17:39:03.813+0000] {taskinstance.py:1400} INFO - Marking task as SUCCESS. dag_id=dag_parser, task_id=transform, execution_date=20230830T173001, start_date=20230830T173034, end_date=20230830T173903
[2023-08-30T17:39:03.962+0000] {local_task_job_runner.py:228} INFO - Task exited with return code 0
[2023-08-30T17:39:04.062+0000] {taskinstance.py:2784} INFO - 1 downstream tasks scheduled from follow-on schedule check
