[2023-09-02T12:09:16.373+0000] {taskinstance.py:1159} INFO - Dependencies all met for dep_context=non-requeueable deps ti=<TaskInstance: dag_parser.extract manual__2023-09-02T12:09:13.650413+00:00 [queued]>
[2023-09-02T12:09:16.380+0000] {taskinstance.py:1159} INFO - Dependencies all met for dep_context=requeueable deps ti=<TaskInstance: dag_parser.extract manual__2023-09-02T12:09:13.650413+00:00 [queued]>
[2023-09-02T12:09:16.381+0000] {taskinstance.py:1361} INFO - Starting attempt 1 of 3
[2023-09-02T12:09:16.390+0000] {taskinstance.py:1382} INFO - Executing <Task(_PythonDecoratedOperator): extract> on 2023-09-02 12:09:13.650413+00:00
[2023-09-02T12:09:16.402+0000] {standard_task_runner.py:57} INFO - Started process 1266 to run task
[2023-09-02T12:09:16.406+0000] {standard_task_runner.py:84} INFO - Running: ['***', 'tasks', 'run', 'dag_parser', 'extract', 'manual__2023-09-02T12:09:13.650413+00:00', '--job-id', '102', '--raw', '--subdir', 'DAGS_FOLDER/dag_parser.py', '--cfg-path', '/tmp/tmp73j8yb7l']
[2023-09-02T12:09:16.408+0000] {standard_task_runner.py:85} INFO - Job 102: Subtask extract
[2023-09-02T12:09:16.456+0000] {task_command.py:415} INFO - Running <TaskInstance: dag_parser.extract manual__2023-09-02T12:09:13.650413+00:00 [running]> on host 157376fe3631
[2023-09-02T12:09:16.533+0000] {taskinstance.py:1660} INFO - Exporting env vars: AIRFLOW_CTX_DAG_OWNER='oleg' AIRFLOW_CTX_DAG_ID='dag_parser' AIRFLOW_CTX_TASK_ID='extract' AIRFLOW_CTX_EXECUTION_DATE='2023-09-02T12:09:13.650413+00:00' AIRFLOW_CTX_TRY_NUMBER='1' AIRFLOW_CTX_DAG_RUN_ID='manual__2023-09-02T12:09:13.650413+00:00'
[2023-09-02T12:09:32.583+0000] {python.py:194} INFO - Done. Returned value was:            id  premium  ... is_adv_vacancy branding
0    86124567    False  ...          False      NaN
1    86130594    False  ...          False      NaN
2    85669583    False  ...          False      NaN
3    86122515    False  ...          False      NaN
4    85669024    False  ...          False      NaN
..        ...      ...  ...            ...      ...
535  85397889    False  ...          False      NaN
536  85399635    False  ...          False      NaN
537  85675155    False  ...          False      NaN
538  83408497    False  ...          False      NaN
539  84592110    False  ...          False      NaN

[540 rows x 36 columns]
[2023-09-02T12:09:32.791+0000] {taskinstance.py:1400} INFO - Marking task as SUCCESS. dag_id=dag_parser, task_id=extract, execution_date=20230902T120913, start_date=20230902T120916, end_date=20230902T120932
[2023-09-02T12:09:32.889+0000] {local_task_job_runner.py:228} INFO - Task exited with return code 0
[2023-09-02T12:09:32.918+0000] {taskinstance.py:2784} INFO - 1 downstream tasks scheduled from follow-on schedule check
