[2023-09-15T04:00:03.906+0000] {taskinstance.py:1159} INFO - Dependencies all met for dep_context=non-requeueable deps ti=<TaskInstance: dag_parser.extract scheduled__2023-09-14T04:00:00+00:00 [queued]>
[2023-09-15T04:00:03.916+0000] {taskinstance.py:1159} INFO - Dependencies all met for dep_context=requeueable deps ti=<TaskInstance: dag_parser.extract scheduled__2023-09-14T04:00:00+00:00 [queued]>
[2023-09-15T04:00:03.916+0000] {taskinstance.py:1361} INFO - Starting attempt 1 of 3
[2023-09-15T04:00:03.933+0000] {taskinstance.py:1382} INFO - Executing <Task(_PythonDecoratedOperator): extract> on 2023-09-14 04:00:00+00:00
[2023-09-15T04:00:03.940+0000] {standard_task_runner.py:57} INFO - Started process 10126 to run task
[2023-09-15T04:00:03.944+0000] {standard_task_runner.py:84} INFO - Running: ['***', 'tasks', 'run', 'dag_parser', 'extract', 'scheduled__2023-09-14T04:00:00+00:00', '--job-id', '25', '--raw', '--subdir', 'DAGS_FOLDER/dag_parser.py', '--cfg-path', '/tmp/tmpwp249kyk']
[2023-09-15T04:00:03.945+0000] {standard_task_runner.py:85} INFO - Job 25: Subtask extract
[2023-09-15T04:00:04.004+0000] {task_command.py:415} INFO - Running <TaskInstance: dag_parser.extract scheduled__2023-09-14T04:00:00+00:00 [running]> on host 74e70ee7820b
[2023-09-15T04:00:04.110+0000] {taskinstance.py:1660} INFO - Exporting env vars: AIRFLOW_CTX_DAG_OWNER='oleg' AIRFLOW_CTX_DAG_ID='dag_parser' AIRFLOW_CTX_TASK_ID='extract' AIRFLOW_CTX_EXECUTION_DATE='2023-09-14T04:00:00+00:00' AIRFLOW_CTX_TRY_NUMBER='1' AIRFLOW_CTX_DAG_RUN_ID='scheduled__2023-09-14T04:00:00+00:00'
[2023-09-15T04:00:48.197+0000] {python.py:194} INFO - Done. Returned value was:             id  premium  ... immediate_redirect_url immediate_redirect_vacancy_id
0     86713961     True  ...                    NaN                           NaN
1     86253653    False  ...                    NaN                           NaN
2     86258720    False  ...                    NaN                           NaN
3     86253719    False  ...                    NaN                           NaN
4     86247474    False  ...                    NaN                           NaN
...        ...      ...  ...                    ...                           ...
1400  85323119    False  ...                    NaN                           NaN
1401  86747062    False  ...                    NaN                           NaN
1402  86747059    False  ...                    NaN                           NaN
1403  82357402    False  ...                    NaN                           NaN
1404  82421077     True  ...                    NaN                           NaN

[1405 rows x 38 columns]
[2023-09-15T04:00:48.549+0000] {taskinstance.py:1400} INFO - Marking task as SUCCESS. dag_id=dag_parser, task_id=extract, execution_date=20230914T040000, start_date=20230915T040003, end_date=20230915T040048
[2023-09-15T04:00:48.586+0000] {local_task_job_runner.py:228} INFO - Task exited with return code 0
[2023-09-15T04:00:48.629+0000] {taskinstance.py:2784} INFO - 1 downstream tasks scheduled from follow-on schedule check
