[2023-08-31T04:00:03.165+0000] {taskinstance.py:1159} INFO - Dependencies all met for dep_context=non-requeueable deps ti=<TaskInstance: dag_parser.extract scheduled__2023-08-30T04:00:00+00:00 [queued]>
[2023-08-31T04:00:03.174+0000] {taskinstance.py:1159} INFO - Dependencies all met for dep_context=requeueable deps ti=<TaskInstance: dag_parser.extract scheduled__2023-08-30T04:00:00+00:00 [queued]>
[2023-08-31T04:00:03.175+0000] {taskinstance.py:1361} INFO - Starting attempt 1 of 3
[2023-08-31T04:00:03.185+0000] {taskinstance.py:1382} INFO - Executing <Task(_PythonDecoratedOperator): extract> on 2023-08-30 04:00:00+00:00
[2023-08-31T04:00:03.199+0000] {standard_task_runner.py:57} INFO - Started process 1578 to run task
[2023-08-31T04:00:03.202+0000] {standard_task_runner.py:84} INFO - Running: ['***', 'tasks', 'run', 'dag_parser', 'extract', 'scheduled__2023-08-30T04:00:00+00:00', '--job-id', '86', '--raw', '--subdir', 'DAGS_FOLDER/dag_parser.py', '--cfg-path', '/tmp/tmpvj7bqwpf']
[2023-08-31T04:00:03.204+0000] {standard_task_runner.py:85} INFO - Job 86: Subtask extract
[2023-08-31T04:00:03.250+0000] {task_command.py:415} INFO - Running <TaskInstance: dag_parser.extract scheduled__2023-08-30T04:00:00+00:00 [running]> on host 271890bccfe5
[2023-08-31T04:00:03.310+0000] {taskinstance.py:1660} INFO - Exporting env vars: AIRFLOW_CTX_DAG_OWNER='oleg' AIRFLOW_CTX_DAG_ID='dag_parser' AIRFLOW_CTX_TASK_ID='extract' AIRFLOW_CTX_EXECUTION_DATE='2023-08-30T04:00:00+00:00' AIRFLOW_CTX_TRY_NUMBER='1' AIRFLOW_CTX_DAG_RUN_ID='scheduled__2023-08-30T04:00:00+00:00'
[2023-08-31T04:00:48.411+0000] {python.py:194} INFO - Done. Returned value was:             id  premium  ... immediate_redirect_url immediate_redirect_vacancy_id
0     85301938    False  ...                    NaN                           NaN
1     85997883    False  ...                    NaN                           NaN
2     85989518    False  ...                    NaN                           NaN
3     85978531    False  ...                    NaN                           NaN
4     84190434    False  ...                    NaN                           NaN
...        ...      ...  ...                    ...                           ...
1346  85508177    False  ...                    NaN                           NaN
1347  84214864    False  ...                    NaN                           NaN
1348  85323119    False  ...                    NaN                           NaN
1349  86027498    False  ...                    NaN                           NaN
1350  82998373    False  ...                    NaN                           NaN

[1351 rows x 38 columns]
[2023-08-31T04:00:48.768+0000] {taskinstance.py:1400} INFO - Marking task as SUCCESS. dag_id=dag_parser, task_id=extract, execution_date=20230830T040000, start_date=20230831T040003, end_date=20230831T040048
[2023-08-31T04:00:48.808+0000] {local_task_job_runner.py:228} INFO - Task exited with return code 0
[2023-08-31T04:00:48.846+0000] {taskinstance.py:2784} INFO - 1 downstream tasks scheduled from follow-on schedule check
