[2023-08-30T17:40:21.151+0000] {taskinstance.py:1159} INFO - Dependencies all met for dep_context=non-requeueable deps ti=<TaskInstance: dag_parser.extract manual__2023-08-30T17:40:18.909387+00:00 [queued]>
[2023-08-30T17:40:21.160+0000] {taskinstance.py:1159} INFO - Dependencies all met for dep_context=requeueable deps ti=<TaskInstance: dag_parser.extract manual__2023-08-30T17:40:18.909387+00:00 [queued]>
[2023-08-30T17:40:21.162+0000] {taskinstance.py:1361} INFO - Starting attempt 1 of 3
[2023-08-30T17:40:21.171+0000] {taskinstance.py:1382} INFO - Executing <Task(_PythonDecoratedOperator): extract> on 2023-08-30 17:40:18.909387+00:00
[2023-08-30T17:40:21.212+0000] {standard_task_runner.py:57} INFO - Started process 582 to run task
[2023-08-30T17:40:21.220+0000] {standard_task_runner.py:84} INFO - Running: ['***', 'tasks', 'run', 'dag_parser', 'extract', 'manual__2023-08-30T17:40:18.909387+00:00', '--job-id', '81', '--raw', '--subdir', 'DAGS_FOLDER/dag_parser.py', '--cfg-path', '/tmp/tmpbr1p_5lw']
[2023-08-30T17:40:21.223+0000] {standard_task_runner.py:85} INFO - Job 81: Subtask extract
[2023-08-30T17:40:21.356+0000] {task_command.py:415} INFO - Running <TaskInstance: dag_parser.extract manual__2023-08-30T17:40:18.909387+00:00 [running]> on host a0407cf7b722
[2023-08-30T17:40:21.477+0000] {taskinstance.py:1660} INFO - Exporting env vars: AIRFLOW_CTX_DAG_OWNER='oleg' AIRFLOW_CTX_DAG_ID='dag_parser' AIRFLOW_CTX_TASK_ID='extract' AIRFLOW_CTX_EXECUTION_DATE='2023-08-30T17:40:18.909387+00:00' AIRFLOW_CTX_TRY_NUMBER='1' AIRFLOW_CTX_DAG_RUN_ID='manual__2023-08-30T17:40:18.909387+00:00'
[2023-08-30T17:40:53.012+0000] {python.py:194} INFO - Done. Returned value was:            id  premium  ... immediate_redirect_url immediate_redirect_vacancy_id
0    50771311    False  ...                    NaN                           NaN
1    85973174    False  ...                    NaN                           NaN
2    85971924    False  ...                    NaN                           NaN
3    85377319    False  ...                    NaN                           NaN
4    82863866    False  ...                    NaN                           NaN
..        ...      ...  ...                    ...                           ...
934  85931344    False  ...                    NaN                           NaN
935  85931343    False  ...                    NaN                           NaN
936  84206050    False  ...                    NaN                           NaN
937  85983440    False  ...                    NaN                           NaN
938  85983441    False  ...                    NaN                           NaN

[939 rows x 38 columns]
[2023-08-30T17:40:53.307+0000] {taskinstance.py:1400} INFO - Marking task as SUCCESS. dag_id=dag_parser, task_id=extract, execution_date=20230830T174018, start_date=20230830T174021, end_date=20230830T174053
[2023-08-30T17:40:53.378+0000] {local_task_job_runner.py:228} INFO - Task exited with return code 0
[2023-08-30T17:40:53.422+0000] {taskinstance.py:2784} INFO - 1 downstream tasks scheduled from follow-on schedule check
