[2023-09-02T11:29:18.562+0000] {taskinstance.py:1159} INFO - Dependencies all met for dep_context=non-requeueable deps ti=<TaskInstance: dag_parser.transform manual__2023-09-02T11:28:54.659890+00:00 [queued]>
[2023-09-02T11:29:18.570+0000] {taskinstance.py:1159} INFO - Dependencies all met for dep_context=requeueable deps ti=<TaskInstance: dag_parser.transform manual__2023-09-02T11:28:54.659890+00:00 [queued]>
[2023-09-02T11:29:18.571+0000] {taskinstance.py:1361} INFO - Starting attempt 1 of 3
[2023-09-02T11:29:18.580+0000] {taskinstance.py:1382} INFO - Executing <Task(_PythonDecoratedOperator): transform> on 2023-09-02 11:28:54.659890+00:00
[2023-09-02T11:29:18.587+0000] {standard_task_runner.py:57} INFO - Started process 623 to run task
[2023-09-02T11:29:18.592+0000] {standard_task_runner.py:84} INFO - Running: ['***', 'tasks', 'run', 'dag_parser', 'transform', 'manual__2023-09-02T11:28:54.659890+00:00', '--job-id', '100', '--raw', '--subdir', 'DAGS_FOLDER/dag_parser.py', '--cfg-path', '/tmp/tmp654drblm']
[2023-09-02T11:29:18.594+0000] {standard_task_runner.py:85} INFO - Job 100: Subtask transform
[2023-09-02T11:29:18.652+0000] {task_command.py:415} INFO - Running <TaskInstance: dag_parser.transform manual__2023-09-02T11:28:54.659890+00:00 [running]> on host 157376fe3631
[2023-09-02T11:29:18.840+0000] {taskinstance.py:1660} INFO - Exporting env vars: AIRFLOW_CTX_DAG_OWNER='oleg' AIRFLOW_CTX_DAG_ID='dag_parser' AIRFLOW_CTX_TASK_ID='transform' AIRFLOW_CTX_EXECUTION_DATE='2023-09-02T11:28:54.659890+00:00' AIRFLOW_CTX_TRY_NUMBER='1' AIRFLOW_CTX_DAG_RUN_ID='manual__2023-09-02T11:28:54.659890+00:00'
[2023-09-02T11:29:19.058+0000] {base.py:73} INFO - Using connection ID 'postgres_con' for task execution.
[2023-09-02T11:29:19.078+0000] {warnings.py:109} WARNING - /home/***/.local/lib/python3.8/site-packages/***/providers/common/sql/hooks/sql.py:219: UserWarning: pandas only supports SQLAlchemy connectable (engine/connection) or database string URI or sqlite3 DBAPI2 connection. Other DBAPI2 objects are not tested. Please consider using SQLAlchemy.
  return psql.read_sql(sql, con=conn, params=parameters, **kwargs)

[2023-09-02T11:29:19.203+0000] {base.py:73} INFO - Using connection ID 'postgres_con' for task execution.
[2023-09-02T11:29:19.263+0000] {base.py:73} INFO - Using connection ID 'postgres_con' for task execution.
[2023-09-02T11:29:19.326+0000] {base.py:73} INFO - Using connection ID 'postgres_con' for task execution.
[2023-09-02T11:29:19.386+0000] {base.py:73} INFO - Using connection ID 'postgres_con' for task execution.
[2023-09-02T11:29:19.446+0000] {base.py:73} INFO - Using connection ID 'postgres_con' for task execution.
[2023-09-02T11:29:19.509+0000] {base.py:73} INFO - Using connection ID 'postgres_con' for task execution.
[2023-09-02T11:29:19.568+0000] {base.py:73} INFO - Using connection ID 'postgres_con' for task execution.
[2023-09-02T11:29:19.625+0000] {base.py:73} INFO - Using connection ID 'postgres_con' for task execution.
[2023-09-02T11:29:19.693+0000] {base.py:73} INFO - Using connection ID 'postgres_con' for task execution.
[2023-09-02T11:29:19.758+0000] {base.py:73} INFO - Using connection ID 'postgres_con' for task execution.
[2023-09-02T11:29:19.827+0000] {base.py:73} INFO - Using connection ID 'postgres_con' for task execution.
[2023-09-02T11:29:19.890+0000] {base.py:73} INFO - Using connection ID 'postgres_con' for task execution.
[2023-09-02T11:29:19.957+0000] {base.py:73} INFO - Using connection ID 'postgres_con' for task execution.
[2023-09-02T11:29:20.023+0000] {base.py:73} INFO - Using connection ID 'postgres_con' for task execution.
[2023-09-02T11:29:20.087+0000] {base.py:73} INFO - Using connection ID 'postgres_con' for task execution.
[2023-09-02T11:29:20.150+0000] {base.py:73} INFO - Using connection ID 'postgres_con' for task execution.
[2023-09-02T11:29:20.214+0000] {base.py:73} INFO - Using connection ID 'postgres_con' for task execution.
[2023-09-02T11:29:20.281+0000] {base.py:73} INFO - Using connection ID 'postgres_con' for task execution.
[2023-09-02T11:29:20.347+0000] {base.py:73} INFO - Using connection ID 'postgres_con' for task execution.
[2023-09-02T11:29:20.407+0000] {base.py:73} INFO - Using connection ID 'postgres_con' for task execution.
[2023-09-02T11:29:20.474+0000] {base.py:73} INFO - Using connection ID 'postgres_con' for task execution.
[2023-09-02T11:29:20.634+0000] {base.py:73} INFO - Using connection ID 'postgres_con' for task execution.
[2023-09-02T11:29:20.700+0000] {base.py:73} INFO - Using connection ID 'postgres_con' for task execution.
[2023-09-02T11:29:20.763+0000] {base.py:73} INFO - Using connection ID 'postgres_con' for task execution.
[2023-09-02T11:29:20.825+0000] {base.py:73} INFO - Using connection ID 'postgres_con' for task execution.
[2023-09-02T11:29:20.888+0000] {base.py:73} INFO - Using connection ID 'postgres_con' for task execution.
[2023-09-02T11:29:20.951+0000] {base.py:73} INFO - Using connection ID 'postgres_con' for task execution.
[2023-09-02T11:29:21.015+0000] {base.py:73} INFO - Using connection ID 'postgres_con' for task execution.
[2023-09-02T11:29:21.083+0000] {base.py:73} INFO - Using connection ID 'postgres_con' for task execution.
[2023-09-02T11:29:21.143+0000] {base.py:73} INFO - Using connection ID 'postgres_con' for task execution.
[2023-09-02T11:29:21.204+0000] {base.py:73} INFO - Using connection ID 'postgres_con' for task execution.
[2023-09-02T11:29:21.267+0000] {base.py:73} INFO - Using connection ID 'postgres_con' for task execution.
[2023-09-02T11:29:21.331+0000] {base.py:73} INFO - Using connection ID 'postgres_con' for task execution.
[2023-09-02T11:29:21.393+0000] {base.py:73} INFO - Using connection ID 'postgres_con' for task execution.
[2023-09-02T11:29:21.457+0000] {base.py:73} INFO - Using connection ID 'postgres_con' for task execution.
[2023-09-02T11:29:21.517+0000] {base.py:73} INFO - Using connection ID 'postgres_con' for task execution.
[2023-09-02T11:29:21.580+0000] {base.py:73} INFO - Using connection ID 'postgres_con' for task execution.
[2023-09-02T11:29:21.644+0000] {base.py:73} INFO - Using connection ID 'postgres_con' for task execution.
[2023-09-02T11:29:21.702+0000] {base.py:73} INFO - Using connection ID 'postgres_con' for task execution.
[2023-09-02T11:29:21.762+0000] {base.py:73} INFO - Using connection ID 'postgres_con' for task execution.
[2023-09-02T11:29:21.822+0000] {base.py:73} INFO - Using connection ID 'postgres_con' for task execution.
[2023-09-02T11:29:21.880+0000] {base.py:73} INFO - Using connection ID 'postgres_con' for task execution.
[2023-09-02T11:29:21.939+0000] {base.py:73} INFO - Using connection ID 'postgres_con' for task execution.
[2023-09-02T11:29:22.003+0000] {base.py:73} INFO - Using connection ID 'postgres_con' for task execution.
[2023-09-02T11:29:22.113+0000] {base.py:73} INFO - Using connection ID 'postgres_con' for task execution.
[2023-09-02T11:29:22.186+0000] {base.py:73} INFO - Using connection ID 'postgres_con' for task execution.
[2023-09-02T11:29:22.259+0000] {base.py:73} INFO - Using connection ID 'postgres_con' for task execution.
[2023-09-02T11:29:22.340+0000] {base.py:73} INFO - Using connection ID 'postgres_con' for task execution.
[2023-09-02T11:29:22.417+0000] {base.py:73} INFO - Using connection ID 'postgres_con' for task execution.
[2023-09-02T11:29:22.503+0000] {base.py:73} INFO - Using connection ID 'postgres_con' for task execution.
[2023-09-02T11:29:22.582+0000] {base.py:73} INFO - Using connection ID 'postgres_con' for task execution.
[2023-09-02T11:29:22.662+0000] {base.py:73} INFO - Using connection ID 'postgres_con' for task execution.
[2023-09-02T11:29:22.740+0000] {base.py:73} INFO - Using connection ID 'postgres_con' for task execution.
[2023-09-02T11:29:22.815+0000] {base.py:73} INFO - Using connection ID 'postgres_con' for task execution.
[2023-09-02T11:29:22.895+0000] {base.py:73} INFO - Using connection ID 'postgres_con' for task execution.
[2023-09-02T11:29:22.963+0000] {base.py:73} INFO - Using connection ID 'postgres_con' for task execution.
[2023-09-02T11:29:23.039+0000] {base.py:73} INFO - Using connection ID 'postgres_con' for task execution.
[2023-09-02T11:29:23.116+0000] {base.py:73} INFO - Using connection ID 'postgres_con' for task execution.
[2023-09-02T11:29:23.190+0000] {base.py:73} INFO - Using connection ID 'postgres_con' for task execution.
[2023-09-02T11:29:23.261+0000] {base.py:73} INFO - Using connection ID 'postgres_con' for task execution.
[2023-09-02T11:29:23.329+0000] {base.py:73} INFO - Using connection ID 'postgres_con' for task execution.
[2023-09-02T11:29:23.399+0000] {base.py:73} INFO - Using connection ID 'postgres_con' for task execution.
[2023-09-02T11:29:23.530+0000] {base.py:73} INFO - Using connection ID 'postgres_con' for task execution.
[2023-09-02T11:29:23.792+0000] {base.py:73} INFO - Using connection ID 'postgres_con' for task execution.
[2023-09-02T11:29:23.998+0000] {base.py:73} INFO - Using connection ID 'postgres_con' for task execution.
[2023-09-02T11:29:24.095+0000] {base.py:73} INFO - Using connection ID 'postgres_con' for task execution.
[2023-09-02T11:29:24.188+0000] {base.py:73} INFO - Using connection ID 'postgres_con' for task execution.
[2023-09-02T11:29:24.259+0000] {base.py:73} INFO - Using connection ID 'postgres_con' for task execution.
[2023-09-02T11:29:24.319+0000] {base.py:73} INFO - Using connection ID 'postgres_con' for task execution.
[2023-09-02T11:29:24.389+0000] {base.py:73} INFO - Using connection ID 'postgres_con' for task execution.
[2023-09-02T11:29:24.489+0000] {base.py:73} INFO - Using connection ID 'postgres_con' for task execution.
[2023-09-02T11:29:24.593+0000] {base.py:73} INFO - Using connection ID 'postgres_con' for task execution.
[2023-09-02T11:29:24.676+0000] {base.py:73} INFO - Using connection ID 'postgres_con' for task execution.
[2023-09-02T11:29:24.736+0000] {base.py:73} INFO - Using connection ID 'postgres_con' for task execution.
[2023-09-02T11:29:24.802+0000] {base.py:73} INFO - Using connection ID 'postgres_con' for task execution.
[2023-09-02T11:29:24.868+0000] {base.py:73} INFO - Using connection ID 'postgres_con' for task execution.
[2023-09-02T11:29:24.933+0000] {base.py:73} INFO - Using connection ID 'postgres_con' for task execution.
[2023-09-02T11:29:25.010+0000] {base.py:73} INFO - Using connection ID 'postgres_con' for task execution.
[2023-09-02T11:29:25.071+0000] {base.py:73} INFO - Using connection ID 'postgres_con' for task execution.
[2023-09-02T11:29:25.133+0000] {base.py:73} INFO - Using connection ID 'postgres_con' for task execution.
[2023-09-02T11:29:25.204+0000] {base.py:73} INFO - Using connection ID 'postgres_con' for task execution.
[2023-09-02T11:29:25.273+0000] {base.py:73} INFO - Using connection ID 'postgres_con' for task execution.
[2023-09-02T11:29:25.347+0000] {base.py:73} INFO - Using connection ID 'postgres_con' for task execution.
[2023-09-02T11:29:25.426+0000] {base.py:73} INFO - Using connection ID 'postgres_con' for task execution.
[2023-09-02T11:29:25.486+0000] {base.py:73} INFO - Using connection ID 'postgres_con' for task execution.
[2023-09-02T11:29:25.546+0000] {base.py:73} INFO - Using connection ID 'postgres_con' for task execution.
[2023-09-02T11:29:25.607+0000] {base.py:73} INFO - Using connection ID 'postgres_con' for task execution.
[2023-09-02T11:29:25.684+0000] {base.py:73} INFO - Using connection ID 'postgres_con' for task execution.
[2023-09-02T11:29:25.747+0000] {base.py:73} INFO - Using connection ID 'postgres_con' for task execution.
[2023-09-02T11:29:25.806+0000] {base.py:73} INFO - Using connection ID 'postgres_con' for task execution.
[2023-09-02T11:29:25.866+0000] {base.py:73} INFO - Using connection ID 'postgres_con' for task execution.
[2023-09-02T11:29:25.925+0000] {base.py:73} INFO - Using connection ID 'postgres_con' for task execution.
[2023-09-02T11:29:25.984+0000] {base.py:73} INFO - Using connection ID 'postgres_con' for task execution.
[2023-09-02T11:29:26.050+0000] {base.py:73} INFO - Using connection ID 'postgres_con' for task execution.
[2023-09-02T11:29:26.112+0000] {base.py:73} INFO - Using connection ID 'postgres_con' for task execution.
[2023-09-02T11:29:26.185+0000] {base.py:73} INFO - Using connection ID 'postgres_con' for task execution.
[2023-09-02T11:29:26.247+0000] {base.py:73} INFO - Using connection ID 'postgres_con' for task execution.
[2023-09-02T11:29:26.305+0000] {base.py:73} INFO - Using connection ID 'postgres_con' for task execution.
[2023-09-02T11:29:26.365+0000] {base.py:73} INFO - Using connection ID 'postgres_con' for task execution.
[2023-09-02T11:29:26.423+0000] {base.py:73} INFO - Using connection ID 'postgres_con' for task execution.
[2023-09-02T11:29:26.484+0000] {base.py:73} INFO - Using connection ID 'postgres_con' for task execution.
[2023-09-02T11:29:26.542+0000] {base.py:73} INFO - Using connection ID 'postgres_con' for task execution.
[2023-09-02T11:29:26.602+0000] {base.py:73} INFO - Using connection ID 'postgres_con' for task execution.
[2023-09-02T11:29:26.658+0000] {base.py:73} INFO - Using connection ID 'postgres_con' for task execution.
[2023-09-02T11:29:26.726+0000] {base.py:73} INFO - Using connection ID 'postgres_con' for task execution.
[2023-09-02T11:29:26.784+0000] {base.py:73} INFO - Using connection ID 'postgres_con' for task execution.
[2023-09-02T11:29:26.845+0000] {base.py:73} INFO - Using connection ID 'postgres_con' for task execution.
[2023-09-02T11:29:26.907+0000] {base.py:73} INFO - Using connection ID 'postgres_con' for task execution.
[2023-09-02T11:29:26.966+0000] {base.py:73} INFO - Using connection ID 'postgres_con' for task execution.
[2023-09-02T11:29:27.024+0000] {base.py:73} INFO - Using connection ID 'postgres_con' for task execution.
[2023-09-02T11:29:27.084+0000] {base.py:73} INFO - Using connection ID 'postgres_con' for task execution.
[2023-09-02T11:29:27.144+0000] {base.py:73} INFO - Using connection ID 'postgres_con' for task execution.
[2023-09-02T11:29:27.208+0000] {base.py:73} INFO - Using connection ID 'postgres_con' for task execution.
[2023-09-02T11:29:27.271+0000] {base.py:73} INFO - Using connection ID 'postgres_con' for task execution.
[2023-09-02T11:29:27.354+0000] {base.py:73} INFO - Using connection ID 'postgres_con' for task execution.
[2023-09-02T11:29:27.430+0000] {base.py:73} INFO - Using connection ID 'postgres_con' for task execution.
[2023-09-02T11:29:27.492+0000] {base.py:73} INFO - Using connection ID 'postgres_con' for task execution.
[2023-09-02T11:29:27.551+0000] {base.py:73} INFO - Using connection ID 'postgres_con' for task execution.
[2023-09-02T11:29:27.612+0000] {base.py:73} INFO - Using connection ID 'postgres_con' for task execution.
[2023-09-02T11:29:27.671+0000] {base.py:73} INFO - Using connection ID 'postgres_con' for task execution.
[2023-09-02T11:29:27.730+0000] {base.py:73} INFO - Using connection ID 'postgres_con' for task execution.
[2023-09-02T11:29:27.792+0000] {base.py:73} INFO - Using connection ID 'postgres_con' for task execution.
[2023-09-02T11:29:27.876+0000] {base.py:73} INFO - Using connection ID 'postgres_con' for task execution.
[2023-09-02T11:29:27.964+0000] {base.py:73} INFO - Using connection ID 'postgres_con' for task execution.
[2023-09-02T11:29:28.030+0000] {base.py:73} INFO - Using connection ID 'postgres_con' for task execution.
[2023-09-02T11:29:28.099+0000] {base.py:73} INFO - Using connection ID 'postgres_con' for task execution.
[2023-09-02T11:29:28.181+0000] {base.py:73} INFO - Using connection ID 'postgres_con' for task execution.
[2023-09-02T11:29:28.240+0000] {base.py:73} INFO - Using connection ID 'postgres_con' for task execution.
[2023-09-02T11:29:28.300+0000] {base.py:73} INFO - Using connection ID 'postgres_con' for task execution.
[2023-09-02T11:29:28.361+0000] {base.py:73} INFO - Using connection ID 'postgres_con' for task execution.
[2023-09-02T11:29:28.419+0000] {base.py:73} INFO - Using connection ID 'postgres_con' for task execution.
[2023-09-02T11:29:28.494+0000] {base.py:73} INFO - Using connection ID 'postgres_con' for task execution.
[2023-09-02T11:29:28.571+0000] {base.py:73} INFO - Using connection ID 'postgres_con' for task execution.
[2023-09-02T11:29:28.649+0000] {base.py:73} INFO - Using connection ID 'postgres_con' for task execution.
[2023-09-02T11:29:28.713+0000] {base.py:73} INFO - Using connection ID 'postgres_con' for task execution.
[2023-09-02T11:29:28.783+0000] {base.py:73} INFO - Using connection ID 'postgres_con' for task execution.
[2023-09-02T11:29:28.843+0000] {base.py:73} INFO - Using connection ID 'postgres_con' for task execution.
[2023-09-02T11:29:28.912+0000] {base.py:73} INFO - Using connection ID 'postgres_con' for task execution.
[2023-09-02T11:29:28.989+0000] {base.py:73} INFO - Using connection ID 'postgres_con' for task execution.
[2023-09-02T11:29:29.075+0000] {base.py:73} INFO - Using connection ID 'postgres_con' for task execution.
[2023-09-02T11:29:29.146+0000] {base.py:73} INFO - Using connection ID 'postgres_con' for task execution.
[2023-09-02T11:29:29.215+0000] {base.py:73} INFO - Using connection ID 'postgres_con' for task execution.
[2023-09-02T11:29:29.285+0000] {base.py:73} INFO - Using connection ID 'postgres_con' for task execution.
[2023-09-02T11:29:29.359+0000] {base.py:73} INFO - Using connection ID 'postgres_con' for task execution.
[2023-09-02T11:29:29.427+0000] {base.py:73} INFO - Using connection ID 'postgres_con' for task execution.
[2023-09-02T11:29:29.501+0000] {base.py:73} INFO - Using connection ID 'postgres_con' for task execution.
[2023-09-02T11:29:29.597+0000] {base.py:73} INFO - Using connection ID 'postgres_con' for task execution.
[2023-09-02T11:29:29.677+0000] {base.py:73} INFO - Using connection ID 'postgres_con' for task execution.
[2023-09-02T11:29:29.756+0000] {base.py:73} INFO - Using connection ID 'postgres_con' for task execution.
[2023-09-02T11:29:29.834+0000] {base.py:73} INFO - Using connection ID 'postgres_con' for task execution.
[2023-09-02T11:29:29.908+0000] {base.py:73} INFO - Using connection ID 'postgres_con' for task execution.
[2023-09-02T11:29:29.981+0000] {base.py:73} INFO - Using connection ID 'postgres_con' for task execution.
[2023-09-02T11:29:30.045+0000] {base.py:73} INFO - Using connection ID 'postgres_con' for task execution.
[2023-09-02T11:29:30.121+0000] {base.py:73} INFO - Using connection ID 'postgres_con' for task execution.
[2023-09-02T11:29:30.202+0000] {base.py:73} INFO - Using connection ID 'postgres_con' for task execution.
[2023-09-02T11:29:30.267+0000] {base.py:73} INFO - Using connection ID 'postgres_con' for task execution.
[2023-09-02T11:29:30.338+0000] {base.py:73} INFO - Using connection ID 'postgres_con' for task execution.
[2023-09-02T11:29:30.418+0000] {base.py:73} INFO - Using connection ID 'postgres_con' for task execution.
[2023-09-02T11:29:30.484+0000] {base.py:73} INFO - Using connection ID 'postgres_con' for task execution.
[2023-09-02T11:29:30.543+0000] {base.py:73} INFO - Using connection ID 'postgres_con' for task execution.
[2023-09-02T11:29:30.602+0000] {base.py:73} INFO - Using connection ID 'postgres_con' for task execution.
[2023-09-02T11:29:30.662+0000] {base.py:73} INFO - Using connection ID 'postgres_con' for task execution.
[2023-09-02T11:29:30.721+0000] {base.py:73} INFO - Using connection ID 'postgres_con' for task execution.
[2023-09-02T11:29:30.780+0000] {base.py:73} INFO - Using connection ID 'postgres_con' for task execution.
[2023-09-02T11:29:30.839+0000] {base.py:73} INFO - Using connection ID 'postgres_con' for task execution.
[2023-09-02T11:29:30.898+0000] {base.py:73} INFO - Using connection ID 'postgres_con' for task execution.
[2023-09-02T11:29:30.960+0000] {base.py:73} INFO - Using connection ID 'postgres_con' for task execution.
[2023-09-02T11:29:31.023+0000] {base.py:73} INFO - Using connection ID 'postgres_con' for task execution.
[2023-09-02T11:29:31.084+0000] {base.py:73} INFO - Using connection ID 'postgres_con' for task execution.
[2023-09-02T11:29:31.145+0000] {base.py:73} INFO - Using connection ID 'postgres_con' for task execution.
[2023-09-02T11:29:31.204+0000] {base.py:73} INFO - Using connection ID 'postgres_con' for task execution.
[2023-09-02T11:29:31.296+0000] {base.py:73} INFO - Using connection ID 'postgres_con' for task execution.
[2023-09-02T11:29:31.357+0000] {base.py:73} INFO - Using connection ID 'postgres_con' for task execution.
[2023-09-02T11:29:31.431+0000] {base.py:73} INFO - Using connection ID 'postgres_con' for task execution.
[2023-09-02T11:29:31.499+0000] {base.py:73} INFO - Using connection ID 'postgres_con' for task execution.
[2023-09-02T11:29:31.564+0000] {base.py:73} INFO - Using connection ID 'postgres_con' for task execution.
[2023-09-02T11:29:31.630+0000] {base.py:73} INFO - Using connection ID 'postgres_con' for task execution.
[2023-09-02T11:29:31.696+0000] {base.py:73} INFO - Using connection ID 'postgres_con' for task execution.
[2023-09-02T11:29:31.775+0000] {base.py:73} INFO - Using connection ID 'postgres_con' for task execution.
[2023-09-02T11:29:31.846+0000] {base.py:73} INFO - Using connection ID 'postgres_con' for task execution.
[2023-09-02T11:29:31.919+0000] {base.py:73} INFO - Using connection ID 'postgres_con' for task execution.
[2023-09-02T11:29:31.990+0000] {base.py:73} INFO - Using connection ID 'postgres_con' for task execution.
[2023-09-02T11:29:32.077+0000] {base.py:73} INFO - Using connection ID 'postgres_con' for task execution.
[2023-09-02T11:29:32.149+0000] {base.py:73} INFO - Using connection ID 'postgres_con' for task execution.
[2023-09-02T11:29:32.240+0000] {base.py:73} INFO - Using connection ID 'postgres_con' for task execution.
[2023-09-02T11:29:32.308+0000] {base.py:73} INFO - Using connection ID 'postgres_con' for task execution.
[2023-09-02T11:29:32.373+0000] {base.py:73} INFO - Using connection ID 'postgres_con' for task execution.
[2023-09-02T11:29:32.443+0000] {base.py:73} INFO - Using connection ID 'postgres_con' for task execution.
[2023-09-02T11:29:32.514+0000] {base.py:73} INFO - Using connection ID 'postgres_con' for task execution.
[2023-09-02T11:29:32.583+0000] {base.py:73} INFO - Using connection ID 'postgres_con' for task execution.
[2023-09-02T11:29:32.698+0000] {base.py:73} INFO - Using connection ID 'postgres_con' for task execution.
[2023-09-02T11:29:32.787+0000] {base.py:73} INFO - Using connection ID 'postgres_con' for task execution.
[2023-09-02T11:29:32.854+0000] {base.py:73} INFO - Using connection ID 'postgres_con' for task execution.
[2023-09-02T11:29:32.926+0000] {base.py:73} INFO - Using connection ID 'postgres_con' for task execution.
[2023-09-02T11:29:33.004+0000] {base.py:73} INFO - Using connection ID 'postgres_con' for task execution.
[2023-09-02T11:29:33.085+0000] {base.py:73} INFO - Using connection ID 'postgres_con' for task execution.
[2023-09-02T11:29:33.165+0000] {base.py:73} INFO - Using connection ID 'postgres_con' for task execution.
[2023-09-02T11:29:33.234+0000] {base.py:73} INFO - Using connection ID 'postgres_con' for task execution.
[2023-09-02T11:29:33.313+0000] {base.py:73} INFO - Using connection ID 'postgres_con' for task execution.
[2023-09-02T11:29:33.378+0000] {base.py:73} INFO - Using connection ID 'postgres_con' for task execution.
[2023-09-02T11:29:33.450+0000] {base.py:73} INFO - Using connection ID 'postgres_con' for task execution.
[2023-09-02T11:29:33.513+0000] {base.py:73} INFO - Using connection ID 'postgres_con' for task execution.
[2023-09-02T11:29:33.587+0000] {base.py:73} INFO - Using connection ID 'postgres_con' for task execution.
[2023-09-02T11:29:33.646+0000] {base.py:73} INFO - Using connection ID 'postgres_con' for task execution.
[2023-09-02T11:29:33.704+0000] {base.py:73} INFO - Using connection ID 'postgres_con' for task execution.
[2023-09-02T11:29:33.765+0000] {base.py:73} INFO - Using connection ID 'postgres_con' for task execution.
[2023-09-02T11:29:33.835+0000] {base.py:73} INFO - Using connection ID 'postgres_con' for task execution.
[2023-09-02T11:29:33.900+0000] {base.py:73} INFO - Using connection ID 'postgres_con' for task execution.
[2023-09-02T11:29:33.966+0000] {base.py:73} INFO - Using connection ID 'postgres_con' for task execution.
[2023-09-02T11:29:34.025+0000] {base.py:73} INFO - Using connection ID 'postgres_con' for task execution.
[2023-09-02T11:29:34.084+0000] {base.py:73} INFO - Using connection ID 'postgres_con' for task execution.
[2023-09-02T11:29:34.147+0000] {base.py:73} INFO - Using connection ID 'postgres_con' for task execution.
[2023-09-02T11:29:34.213+0000] {base.py:73} INFO - Using connection ID 'postgres_con' for task execution.
[2023-09-02T11:29:34.273+0000] {base.py:73} INFO - Using connection ID 'postgres_con' for task execution.
[2023-09-02T11:29:34.335+0000] {base.py:73} INFO - Using connection ID 'postgres_con' for task execution.
[2023-09-02T11:29:34.392+0000] {base.py:73} INFO - Using connection ID 'postgres_con' for task execution.
[2023-09-02T11:29:34.452+0000] {base.py:73} INFO - Using connection ID 'postgres_con' for task execution.
[2023-09-02T11:29:34.509+0000] {base.py:73} INFO - Using connection ID 'postgres_con' for task execution.
[2023-09-02T11:29:34.586+0000] {base.py:73} INFO - Using connection ID 'postgres_con' for task execution.
[2023-09-02T11:29:34.644+0000] {base.py:73} INFO - Using connection ID 'postgres_con' for task execution.
[2023-09-02T11:29:34.719+0000] {base.py:73} INFO - Using connection ID 'postgres_con' for task execution.
[2023-09-02T11:29:34.896+0000] {base.py:73} INFO - Using connection ID 'postgres_con' for task execution.
[2023-09-02T11:29:34.958+0000] {base.py:73} INFO - Using connection ID 'postgres_con' for task execution.
[2023-09-02T11:29:35.022+0000] {base.py:73} INFO - Using connection ID 'postgres_con' for task execution.
[2023-09-02T11:29:35.083+0000] {base.py:73} INFO - Using connection ID 'postgres_con' for task execution.
[2023-09-02T11:29:35.160+0000] {base.py:73} INFO - Using connection ID 'postgres_con' for task execution.
[2023-09-02T11:29:35.222+0000] {base.py:73} INFO - Using connection ID 'postgres_con' for task execution.
[2023-09-02T11:29:35.286+0000] {base.py:73} INFO - Using connection ID 'postgres_con' for task execution.
[2023-09-02T11:29:35.359+0000] {base.py:73} INFO - Using connection ID 'postgres_con' for task execution.
[2023-09-02T11:29:35.419+0000] {base.py:73} INFO - Using connection ID 'postgres_con' for task execution.
[2023-09-02T11:29:35.481+0000] {base.py:73} INFO - Using connection ID 'postgres_con' for task execution.
[2023-09-02T11:29:35.541+0000] {base.py:73} INFO - Using connection ID 'postgres_con' for task execution.
[2023-09-02T11:29:35.606+0000] {base.py:73} INFO - Using connection ID 'postgres_con' for task execution.
[2023-09-02T11:29:35.679+0000] {base.py:73} INFO - Using connection ID 'postgres_con' for task execution.
[2023-09-02T11:29:35.738+0000] {base.py:73} INFO - Using connection ID 'postgres_con' for task execution.
[2023-09-02T11:29:35.796+0000] {base.py:73} INFO - Using connection ID 'postgres_con' for task execution.
[2023-09-02T11:29:35.858+0000] {base.py:73} INFO - Using connection ID 'postgres_con' for task execution.
[2023-09-02T11:29:35.916+0000] {base.py:73} INFO - Using connection ID 'postgres_con' for task execution.
[2023-09-02T11:29:35.975+0000] {base.py:73} INFO - Using connection ID 'postgres_con' for task execution.
[2023-09-02T11:29:36.038+0000] {base.py:73} INFO - Using connection ID 'postgres_con' for task execution.
[2023-09-02T11:29:36.104+0000] {base.py:73} INFO - Using connection ID 'postgres_con' for task execution.
[2023-09-02T11:29:36.165+0000] {base.py:73} INFO - Using connection ID 'postgres_con' for task execution.
[2023-09-02T11:29:36.235+0000] {base.py:73} INFO - Using connection ID 'postgres_con' for task execution.
[2023-09-02T11:29:36.305+0000] {base.py:73} INFO - Using connection ID 'postgres_con' for task execution.
[2023-09-02T11:29:36.365+0000] {base.py:73} INFO - Using connection ID 'postgres_con' for task execution.
[2023-09-02T11:29:36.426+0000] {base.py:73} INFO - Using connection ID 'postgres_con' for task execution.
[2023-09-02T11:29:36.487+0000] {base.py:73} INFO - Using connection ID 'postgres_con' for task execution.
[2023-09-02T11:29:36.551+0000] {base.py:73} INFO - Using connection ID 'postgres_con' for task execution.
[2023-09-02T11:29:36.611+0000] {base.py:73} INFO - Using connection ID 'postgres_con' for task execution.
[2023-09-02T11:29:36.693+0000] {base.py:73} INFO - Using connection ID 'postgres_con' for task execution.
[2023-09-02T11:29:36.758+0000] {base.py:73} INFO - Using connection ID 'postgres_con' for task execution.
[2023-09-02T11:29:36.821+0000] {base.py:73} INFO - Using connection ID 'postgres_con' for task execution.
[2023-09-02T11:29:36.880+0000] {base.py:73} INFO - Using connection ID 'postgres_con' for task execution.
[2023-09-02T11:29:36.940+0000] {base.py:73} INFO - Using connection ID 'postgres_con' for task execution.
[2023-09-02T11:29:36.999+0000] {base.py:73} INFO - Using connection ID 'postgres_con' for task execution.
[2023-09-02T11:29:37.060+0000] {base.py:73} INFO - Using connection ID 'postgres_con' for task execution.
[2023-09-02T11:29:37.117+0000] {base.py:73} INFO - Using connection ID 'postgres_con' for task execution.
[2023-09-02T11:29:37.179+0000] {base.py:73} INFO - Using connection ID 'postgres_con' for task execution.
[2023-09-02T11:29:37.249+0000] {base.py:73} INFO - Using connection ID 'postgres_con' for task execution.
[2023-09-02T11:29:37.339+0000] {base.py:73} INFO - Using connection ID 'postgres_con' for task execution.
[2023-09-02T11:29:37.401+0000] {base.py:73} INFO - Using connection ID 'postgres_con' for task execution.
[2023-09-02T11:29:37.460+0000] {base.py:73} INFO - Using connection ID 'postgres_con' for task execution.
[2023-09-02T11:29:37.517+0000] {base.py:73} INFO - Using connection ID 'postgres_con' for task execution.
[2023-09-02T11:29:37.576+0000] {base.py:73} INFO - Using connection ID 'postgres_con' for task execution.
[2023-09-02T11:29:37.632+0000] {base.py:73} INFO - Using connection ID 'postgres_con' for task execution.
[2023-09-02T11:29:37.692+0000] {base.py:73} INFO - Using connection ID 'postgres_con' for task execution.
[2023-09-02T11:29:37.751+0000] {base.py:73} INFO - Using connection ID 'postgres_con' for task execution.
[2023-09-02T11:29:37.811+0000] {base.py:73} INFO - Using connection ID 'postgres_con' for task execution.
[2023-09-02T11:29:37.871+0000] {base.py:73} INFO - Using connection ID 'postgres_con' for task execution.
[2023-09-02T11:29:37.932+0000] {base.py:73} INFO - Using connection ID 'postgres_con' for task execution.
[2023-09-02T11:29:37.995+0000] {base.py:73} INFO - Using connection ID 'postgres_con' for task execution.
[2023-09-02T11:29:38.054+0000] {base.py:73} INFO - Using connection ID 'postgres_con' for task execution.
[2023-09-02T11:29:38.117+0000] {base.py:73} INFO - Using connection ID 'postgres_con' for task execution.
[2023-09-02T11:29:38.185+0000] {base.py:73} INFO - Using connection ID 'postgres_con' for task execution.
[2023-09-02T11:29:38.256+0000] {base.py:73} INFO - Using connection ID 'postgres_con' for task execution.
[2023-09-02T11:29:38.340+0000] {base.py:73} INFO - Using connection ID 'postgres_con' for task execution.
[2023-09-02T11:29:38.404+0000] {base.py:73} INFO - Using connection ID 'postgres_con' for task execution.
[2023-09-02T11:29:38.462+0000] {base.py:73} INFO - Using connection ID 'postgres_con' for task execution.
[2023-09-02T11:29:38.522+0000] {base.py:73} INFO - Using connection ID 'postgres_con' for task execution.
[2023-09-02T11:29:38.581+0000] {base.py:73} INFO - Using connection ID 'postgres_con' for task execution.
[2023-09-02T11:29:38.640+0000] {base.py:73} INFO - Using connection ID 'postgres_con' for task execution.
[2023-09-02T11:29:38.698+0000] {base.py:73} INFO - Using connection ID 'postgres_con' for task execution.
[2023-09-02T11:29:38.757+0000] {base.py:73} INFO - Using connection ID 'postgres_con' for task execution.
[2023-09-02T11:29:38.816+0000] {base.py:73} INFO - Using connection ID 'postgres_con' for task execution.
[2023-09-02T11:29:38.881+0000] {base.py:73} INFO - Using connection ID 'postgres_con' for task execution.
[2023-09-02T11:29:38.950+0000] {base.py:73} INFO - Using connection ID 'postgres_con' for task execution.
[2023-09-02T11:29:39.012+0000] {base.py:73} INFO - Using connection ID 'postgres_con' for task execution.
[2023-09-02T11:29:39.071+0000] {base.py:73} INFO - Using connection ID 'postgres_con' for task execution.
[2023-09-02T11:29:39.129+0000] {base.py:73} INFO - Using connection ID 'postgres_con' for task execution.
[2023-09-02T11:29:39.189+0000] {base.py:73} INFO - Using connection ID 'postgres_con' for task execution.
[2023-09-02T11:29:39.258+0000] {base.py:73} INFO - Using connection ID 'postgres_con' for task execution.
[2023-09-02T11:29:39.318+0000] {base.py:73} INFO - Using connection ID 'postgres_con' for task execution.
[2023-09-02T11:29:39.380+0000] {base.py:73} INFO - Using connection ID 'postgres_con' for task execution.
[2023-09-02T11:29:39.439+0000] {base.py:73} INFO - Using connection ID 'postgres_con' for task execution.
[2023-09-02T11:29:39.500+0000] {base.py:73} INFO - Using connection ID 'postgres_con' for task execution.
[2023-09-02T11:29:39.558+0000] {base.py:73} INFO - Using connection ID 'postgres_con' for task execution.
[2023-09-02T11:29:39.616+0000] {base.py:73} INFO - Using connection ID 'postgres_con' for task execution.
[2023-09-02T11:29:39.674+0000] {base.py:73} INFO - Using connection ID 'postgres_con' for task execution.
[2023-09-02T11:29:39.732+0000] {base.py:73} INFO - Using connection ID 'postgres_con' for task execution.
[2023-09-02T11:29:39.791+0000] {base.py:73} INFO - Using connection ID 'postgres_con' for task execution.
[2023-09-02T11:29:39.853+0000] {base.py:73} INFO - Using connection ID 'postgres_con' for task execution.
[2023-09-02T11:29:39.915+0000] {base.py:73} INFO - Using connection ID 'postgres_con' for task execution.
[2023-09-02T11:29:39.975+0000] {base.py:73} INFO - Using connection ID 'postgres_con' for task execution.
[2023-09-02T11:29:40.036+0000] {base.py:73} INFO - Using connection ID 'postgres_con' for task execution.
[2023-09-02T11:29:40.097+0000] {base.py:73} INFO - Using connection ID 'postgres_con' for task execution.
[2023-09-02T11:29:40.157+0000] {base.py:73} INFO - Using connection ID 'postgres_con' for task execution.
[2023-09-02T11:29:40.217+0000] {base.py:73} INFO - Using connection ID 'postgres_con' for task execution.
[2023-09-02T11:29:40.279+0000] {base.py:73} INFO - Using connection ID 'postgres_con' for task execution.
[2023-09-02T11:29:40.343+0000] {base.py:73} INFO - Using connection ID 'postgres_con' for task execution.
[2023-09-02T11:29:40.410+0000] {base.py:73} INFO - Using connection ID 'postgres_con' for task execution.
[2023-09-02T11:29:40.472+0000] {base.py:73} INFO - Using connection ID 'postgres_con' for task execution.
[2023-09-02T11:29:40.532+0000] {base.py:73} INFO - Using connection ID 'postgres_con' for task execution.
[2023-09-02T11:29:40.593+0000] {base.py:73} INFO - Using connection ID 'postgres_con' for task execution.
[2023-09-02T11:29:40.659+0000] {base.py:73} INFO - Using connection ID 'postgres_con' for task execution.
[2023-09-02T11:29:40.719+0000] {base.py:73} INFO - Using connection ID 'postgres_con' for task execution.
[2023-09-02T11:29:40.780+0000] {base.py:73} INFO - Using connection ID 'postgres_con' for task execution.
[2023-09-02T11:29:40.842+0000] {base.py:73} INFO - Using connection ID 'postgres_con' for task execution.
[2023-09-02T11:29:40.905+0000] {base.py:73} INFO - Using connection ID 'postgres_con' for task execution.
[2023-09-02T11:29:40.971+0000] {base.py:73} INFO - Using connection ID 'postgres_con' for task execution.
[2023-09-02T11:29:41.034+0000] {base.py:73} INFO - Using connection ID 'postgres_con' for task execution.
[2023-09-02T11:29:41.101+0000] {base.py:73} INFO - Using connection ID 'postgres_con' for task execution.
[2023-09-02T11:29:41.179+0000] {base.py:73} INFO - Using connection ID 'postgres_con' for task execution.
[2023-09-02T11:29:41.248+0000] {base.py:73} INFO - Using connection ID 'postgres_con' for task execution.
[2023-09-02T11:29:41.309+0000] {base.py:73} INFO - Using connection ID 'postgres_con' for task execution.
[2023-09-02T11:29:41.373+0000] {base.py:73} INFO - Using connection ID 'postgres_con' for task execution.
[2023-09-02T11:29:41.433+0000] {base.py:73} INFO - Using connection ID 'postgres_con' for task execution.
[2023-09-02T11:29:41.492+0000] {base.py:73} INFO - Using connection ID 'postgres_con' for task execution.
[2023-09-02T11:29:41.551+0000] {base.py:73} INFO - Using connection ID 'postgres_con' for task execution.
[2023-09-02T11:29:41.615+0000] {base.py:73} INFO - Using connection ID 'postgres_con' for task execution.
[2023-09-02T11:29:41.675+0000] {base.py:73} INFO - Using connection ID 'postgres_con' for task execution.
[2023-09-02T11:29:41.737+0000] {base.py:73} INFO - Using connection ID 'postgres_con' for task execution.
[2023-09-02T11:29:41.796+0000] {base.py:73} INFO - Using connection ID 'postgres_con' for task execution.
[2023-09-02T11:29:41.855+0000] {base.py:73} INFO - Using connection ID 'postgres_con' for task execution.
[2023-09-02T11:29:41.913+0000] {base.py:73} INFO - Using connection ID 'postgres_con' for task execution.
[2023-09-02T11:29:41.973+0000] {base.py:73} INFO - Using connection ID 'postgres_con' for task execution.
[2023-09-02T11:29:42.032+0000] {base.py:73} INFO - Using connection ID 'postgres_con' for task execution.
[2023-09-02T11:29:42.089+0000] {base.py:73} INFO - Using connection ID 'postgres_con' for task execution.
[2023-09-02T11:29:42.152+0000] {base.py:73} INFO - Using connection ID 'postgres_con' for task execution.
[2023-09-02T11:29:42.210+0000] {base.py:73} INFO - Using connection ID 'postgres_con' for task execution.
[2023-09-02T11:29:42.268+0000] {base.py:73} INFO - Using connection ID 'postgres_con' for task execution.
[2023-09-02T11:29:42.328+0000] {base.py:73} INFO - Using connection ID 'postgres_con' for task execution.
[2023-09-02T11:29:42.386+0000] {base.py:73} INFO - Using connection ID 'postgres_con' for task execution.
[2023-09-02T11:29:42.443+0000] {base.py:73} INFO - Using connection ID 'postgres_con' for task execution.
[2023-09-02T11:29:42.501+0000] {base.py:73} INFO - Using connection ID 'postgres_con' for task execution.
[2023-09-02T11:29:42.560+0000] {base.py:73} INFO - Using connection ID 'postgres_con' for task execution.
[2023-09-02T11:29:42.620+0000] {base.py:73} INFO - Using connection ID 'postgres_con' for task execution.
[2023-09-02T11:29:42.681+0000] {base.py:73} INFO - Using connection ID 'postgres_con' for task execution.
[2023-09-02T11:29:42.740+0000] {base.py:73} INFO - Using connection ID 'postgres_con' for task execution.
[2023-09-02T11:29:42.808+0000] {base.py:73} INFO - Using connection ID 'postgres_con' for task execution.
[2023-09-02T11:29:42.877+0000] {base.py:73} INFO - Using connection ID 'postgres_con' for task execution.
[2023-09-02T11:29:42.936+0000] {base.py:73} INFO - Using connection ID 'postgres_con' for task execution.
[2023-09-02T11:29:42.999+0000] {base.py:73} INFO - Using connection ID 'postgres_con' for task execution.
[2023-09-02T11:29:43.058+0000] {base.py:73} INFO - Using connection ID 'postgres_con' for task execution.
[2023-09-02T11:29:43.116+0000] {base.py:73} INFO - Using connection ID 'postgres_con' for task execution.
[2023-09-02T11:29:43.173+0000] {base.py:73} INFO - Using connection ID 'postgres_con' for task execution.
[2023-09-02T11:29:43.230+0000] {base.py:73} INFO - Using connection ID 'postgres_con' for task execution.
[2023-09-02T11:29:43.292+0000] {base.py:73} INFO - Using connection ID 'postgres_con' for task execution.
[2023-09-02T11:29:43.351+0000] {base.py:73} INFO - Using connection ID 'postgres_con' for task execution.
[2023-09-02T11:29:43.411+0000] {base.py:73} INFO - Using connection ID 'postgres_con' for task execution.
[2023-09-02T11:29:43.468+0000] {base.py:73} INFO - Using connection ID 'postgres_con' for task execution.
[2023-09-02T11:29:43.528+0000] {base.py:73} INFO - Using connection ID 'postgres_con' for task execution.
[2023-09-02T11:29:43.586+0000] {base.py:73} INFO - Using connection ID 'postgres_con' for task execution.
[2023-09-02T11:29:43.646+0000] {base.py:73} INFO - Using connection ID 'postgres_con' for task execution.
[2023-09-02T11:29:43.706+0000] {base.py:73} INFO - Using connection ID 'postgres_con' for task execution.
[2023-09-02T11:29:43.764+0000] {base.py:73} INFO - Using connection ID 'postgres_con' for task execution.
[2023-09-02T11:29:43.824+0000] {base.py:73} INFO - Using connection ID 'postgres_con' for task execution.
[2023-09-02T11:29:43.882+0000] {base.py:73} INFO - Using connection ID 'postgres_con' for task execution.
[2023-09-02T11:29:43.941+0000] {base.py:73} INFO - Using connection ID 'postgres_con' for task execution.
[2023-09-02T11:29:44.004+0000] {base.py:73} INFO - Using connection ID 'postgres_con' for task execution.
[2023-09-02T11:29:44.065+0000] {base.py:73} INFO - Using connection ID 'postgres_con' for task execution.
[2023-09-02T11:29:44.123+0000] {base.py:73} INFO - Using connection ID 'postgres_con' for task execution.
[2023-09-02T11:29:44.182+0000] {base.py:73} INFO - Using connection ID 'postgres_con' for task execution.
[2023-09-02T11:29:44.240+0000] {base.py:73} INFO - Using connection ID 'postgres_con' for task execution.
[2023-09-02T11:29:44.300+0000] {base.py:73} INFO - Using connection ID 'postgres_con' for task execution.
[2023-09-02T11:29:44.358+0000] {base.py:73} INFO - Using connection ID 'postgres_con' for task execution.
[2023-09-02T11:29:44.419+0000] {base.py:73} INFO - Using connection ID 'postgres_con' for task execution.
[2023-09-02T11:29:44.479+0000] {base.py:73} INFO - Using connection ID 'postgres_con' for task execution.
[2023-09-02T11:29:44.542+0000] {base.py:73} INFO - Using connection ID 'postgres_con' for task execution.
[2023-09-02T11:29:44.613+0000] {base.py:73} INFO - Using connection ID 'postgres_con' for task execution.
[2023-09-02T11:29:44.672+0000] {base.py:73} INFO - Using connection ID 'postgres_con' for task execution.
[2023-09-02T11:29:44.732+0000] {base.py:73} INFO - Using connection ID 'postgres_con' for task execution.
[2023-09-02T11:29:44.790+0000] {base.py:73} INFO - Using connection ID 'postgres_con' for task execution.
[2023-09-02T11:29:44.848+0000] {base.py:73} INFO - Using connection ID 'postgres_con' for task execution.
[2023-09-02T11:29:44.906+0000] {base.py:73} INFO - Using connection ID 'postgres_con' for task execution.
[2023-09-02T11:29:44.967+0000] {base.py:73} INFO - Using connection ID 'postgres_con' for task execution.
[2023-09-02T11:29:45.028+0000] {base.py:73} INFO - Using connection ID 'postgres_con' for task execution.
[2023-09-02T11:29:45.091+0000] {base.py:73} INFO - Using connection ID 'postgres_con' for task execution.
[2023-09-02T11:29:45.149+0000] {base.py:73} INFO - Using connection ID 'postgres_con' for task execution.
[2023-09-02T11:29:45.207+0000] {base.py:73} INFO - Using connection ID 'postgres_con' for task execution.
[2023-09-02T11:29:45.266+0000] {base.py:73} INFO - Using connection ID 'postgres_con' for task execution.
[2023-09-02T11:29:45.325+0000] {base.py:73} INFO - Using connection ID 'postgres_con' for task execution.
[2023-09-02T11:29:45.385+0000] {base.py:73} INFO - Using connection ID 'postgres_con' for task execution.
[2023-09-02T11:29:45.446+0000] {base.py:73} INFO - Using connection ID 'postgres_con' for task execution.
[2023-09-02T11:29:45.506+0000] {base.py:73} INFO - Using connection ID 'postgres_con' for task execution.
[2023-09-02T11:29:45.564+0000] {base.py:73} INFO - Using connection ID 'postgres_con' for task execution.
[2023-09-02T11:29:45.630+0000] {base.py:73} INFO - Using connection ID 'postgres_con' for task execution.
[2023-09-02T11:29:45.689+0000] {base.py:73} INFO - Using connection ID 'postgres_con' for task execution.
[2023-09-02T11:29:45.746+0000] {base.py:73} INFO - Using connection ID 'postgres_con' for task execution.
[2023-09-02T11:29:45.805+0000] {base.py:73} INFO - Using connection ID 'postgres_con' for task execution.
[2023-09-02T11:29:45.865+0000] {base.py:73} INFO - Using connection ID 'postgres_con' for task execution.
[2023-09-02T11:29:45.926+0000] {base.py:73} INFO - Using connection ID 'postgres_con' for task execution.
[2023-09-02T11:29:45.983+0000] {base.py:73} INFO - Using connection ID 'postgres_con' for task execution.
[2023-09-02T11:29:46.041+0000] {base.py:73} INFO - Using connection ID 'postgres_con' for task execution.
[2023-09-02T11:29:46.099+0000] {base.py:73} INFO - Using connection ID 'postgres_con' for task execution.
[2023-09-02T11:29:46.161+0000] {base.py:73} INFO - Using connection ID 'postgres_con' for task execution.
[2023-09-02T11:29:46.221+0000] {base.py:73} INFO - Using connection ID 'postgres_con' for task execution.
[2023-09-02T11:29:46.283+0000] {base.py:73} INFO - Using connection ID 'postgres_con' for task execution.
[2023-09-02T11:29:46.353+0000] {base.py:73} INFO - Using connection ID 'postgres_con' for task execution.
[2023-09-02T11:29:46.416+0000] {base.py:73} INFO - Using connection ID 'postgres_con' for task execution.
[2023-09-02T11:29:46.475+0000] {base.py:73} INFO - Using connection ID 'postgres_con' for task execution.
[2023-09-02T11:29:46.535+0000] {base.py:73} INFO - Using connection ID 'postgres_con' for task execution.
[2023-09-02T11:29:46.593+0000] {base.py:73} INFO - Using connection ID 'postgres_con' for task execution.
[2023-09-02T11:29:46.658+0000] {base.py:73} INFO - Using connection ID 'postgres_con' for task execution.
[2023-09-02T11:29:46.719+0000] {base.py:73} INFO - Using connection ID 'postgres_con' for task execution.
[2023-09-02T11:29:46.778+0000] {base.py:73} INFO - Using connection ID 'postgres_con' for task execution.
[2023-09-02T11:29:46.836+0000] {base.py:73} INFO - Using connection ID 'postgres_con' for task execution.
[2023-09-02T11:29:46.898+0000] {base.py:73} INFO - Using connection ID 'postgres_con' for task execution.
[2023-09-02T11:29:46.960+0000] {base.py:73} INFO - Using connection ID 'postgres_con' for task execution.
[2023-09-02T11:29:47.020+0000] {base.py:73} INFO - Using connection ID 'postgres_con' for task execution.
[2023-09-02T11:29:47.077+0000] {base.py:73} INFO - Using connection ID 'postgres_con' for task execution.
[2023-09-02T11:29:47.139+0000] {base.py:73} INFO - Using connection ID 'postgres_con' for task execution.
[2023-09-02T11:29:47.216+0000] {base.py:73} INFO - Using connection ID 'postgres_con' for task execution.
[2023-09-02T11:29:47.282+0000] {base.py:73} INFO - Using connection ID 'postgres_con' for task execution.
[2023-09-02T11:29:47.343+0000] {base.py:73} INFO - Using connection ID 'postgres_con' for task execution.
[2023-09-02T11:29:47.402+0000] {base.py:73} INFO - Using connection ID 'postgres_con' for task execution.
[2023-09-02T11:29:47.460+0000] {base.py:73} INFO - Using connection ID 'postgres_con' for task execution.
[2023-09-02T11:29:47.523+0000] {base.py:73} INFO - Using connection ID 'postgres_con' for task execution.
[2023-09-02T11:29:47.579+0000] {base.py:73} INFO - Using connection ID 'postgres_con' for task execution.
[2023-09-02T11:29:47.639+0000] {base.py:73} INFO - Using connection ID 'postgres_con' for task execution.
[2023-09-02T11:29:47.700+0000] {base.py:73} INFO - Using connection ID 'postgres_con' for task execution.
[2023-09-02T11:29:47.759+0000] {base.py:73} INFO - Using connection ID 'postgres_con' for task execution.
[2023-09-02T11:29:47.821+0000] {base.py:73} INFO - Using connection ID 'postgres_con' for task execution.
[2023-09-02T11:29:47.879+0000] {base.py:73} INFO - Using connection ID 'postgres_con' for task execution.
[2023-09-02T11:29:47.936+0000] {base.py:73} INFO - Using connection ID 'postgres_con' for task execution.
[2023-09-02T11:29:47.994+0000] {base.py:73} INFO - Using connection ID 'postgres_con' for task execution.
[2023-09-02T11:29:48.057+0000] {base.py:73} INFO - Using connection ID 'postgres_con' for task execution.
[2023-09-02T11:29:48.118+0000] {base.py:73} INFO - Using connection ID 'postgres_con' for task execution.
[2023-09-02T11:29:48.175+0000] {base.py:73} INFO - Using connection ID 'postgres_con' for task execution.
[2023-09-02T11:29:48.233+0000] {base.py:73} INFO - Using connection ID 'postgres_con' for task execution.
[2023-09-02T11:29:48.300+0000] {base.py:73} INFO - Using connection ID 'postgres_con' for task execution.
[2023-09-02T11:29:48.366+0000] {base.py:73} INFO - Using connection ID 'postgres_con' for task execution.
[2023-09-02T11:29:48.427+0000] {base.py:73} INFO - Using connection ID 'postgres_con' for task execution.
[2023-09-02T11:29:48.487+0000] {base.py:73} INFO - Using connection ID 'postgres_con' for task execution.
[2023-09-02T11:29:48.544+0000] {base.py:73} INFO - Using connection ID 'postgres_con' for task execution.
[2023-09-02T11:29:48.604+0000] {base.py:73} INFO - Using connection ID 'postgres_con' for task execution.
[2023-09-02T11:29:48.664+0000] {base.py:73} INFO - Using connection ID 'postgres_con' for task execution.
[2023-09-02T11:29:48.724+0000] {base.py:73} INFO - Using connection ID 'postgres_con' for task execution.
[2023-09-02T11:29:48.783+0000] {base.py:73} INFO - Using connection ID 'postgres_con' for task execution.
[2023-09-02T11:29:48.844+0000] {base.py:73} INFO - Using connection ID 'postgres_con' for task execution.
[2023-09-02T11:29:48.905+0000] {base.py:73} INFO - Using connection ID 'postgres_con' for task execution.
[2023-09-02T11:29:48.964+0000] {base.py:73} INFO - Using connection ID 'postgres_con' for task execution.
[2023-09-02T11:29:49.025+0000] {base.py:73} INFO - Using connection ID 'postgres_con' for task execution.
[2023-09-02T11:29:49.084+0000] {base.py:73} INFO - Using connection ID 'postgres_con' for task execution.
[2023-09-02T11:29:49.143+0000] {base.py:73} INFO - Using connection ID 'postgres_con' for task execution.
[2023-09-02T11:29:49.199+0000] {base.py:73} INFO - Using connection ID 'postgres_con' for task execution.
[2023-09-02T11:29:49.255+0000] {base.py:73} INFO - Using connection ID 'postgres_con' for task execution.
[2023-09-02T11:29:49.314+0000] {base.py:73} INFO - Using connection ID 'postgres_con' for task execution.
[2023-09-02T11:29:49.372+0000] {base.py:73} INFO - Using connection ID 'postgres_con' for task execution.
[2023-09-02T11:29:49.437+0000] {base.py:73} INFO - Using connection ID 'postgres_con' for task execution.
[2023-09-02T11:29:49.499+0000] {base.py:73} INFO - Using connection ID 'postgres_con' for task execution.
[2023-09-02T11:34:01.270+0000] {base.py:73} INFO - Using connection ID 'postgres_con' for task execution.
[2023-09-02T11:34:01.281+0000] {warnings.py:109} WARNING - /home/***/.local/lib/python3.8/site-packages/***/providers/common/sql/hooks/sql.py:219: UserWarning: pandas only supports SQLAlchemy connectable (engine/connection) or database string URI or sqlite3 DBAPI2 connection. Other DBAPI2 objects are not tested. Please consider using SQLAlchemy.
  return psql.read_sql(sql, con=conn, params=parameters, **kwargs)

[2023-09-02T11:34:01.311+0000] {base.py:73} INFO - Using connection ID 'postgres_con' for task execution.
[2023-09-02T11:34:01.318+0000] {warnings.py:109} WARNING - /home/***/.local/lib/python3.8/site-packages/***/providers/common/sql/hooks/sql.py:219: UserWarning: pandas only supports SQLAlchemy connectable (engine/connection) or database string URI or sqlite3 DBAPI2 connection. Other DBAPI2 objects are not tested. Please consider using SQLAlchemy.
  return psql.read_sql(sql, con=conn, params=parameters, **kwargs)

[2023-09-02T11:34:01.328+0000] {python.py:194} INFO - Done. Returned value was:        id_vac              published_at  ...   skill_type column_not_exist_in_db
0    86124567  2023-09-01T17:33:17+0300  ...            0                  71934
1    86130594  2023-09-01T18:48:07+0300  ...            0                  71935
2    86130594  2023-09-01T18:48:07+0300  ...                    71936
3    86130594  2023-09-01T18:48:07+0300  ...            0                  71937
4    86130594  2023-09-01T18:48:07+0300  ...            0                  71938
..        ...                       ...  ...          ...                    ...
493  86139107  2023-09-01T21:30:26+0300  ...            0                  72427
494  86139107  2023-09-01T21:30:26+0300  ...            0                  72428
495  86139107  2023-09-01T21:30:26+0300  ...            0                  72429
496  86139107  2023-09-01T21:30:26+0300  ...            0                  72430
497  86139107  2023-09-01T21:30:26+0300  ...            0                  72431

[498 rows x 16 columns]
[2023-09-02T11:34:01.425+0000] {taskinstance.py:1400} INFO - Marking task as SUCCESS. dag_id=dag_parser, task_id=transform, execution_date=20230902T112854, start_date=20230902T112918, end_date=20230902T113401
[2023-09-02T11:34:01.497+0000] {local_task_job_runner.py:228} INFO - Task exited with return code 0
[2023-09-02T11:34:01.528+0000] {taskinstance.py:2784} INFO - 1 downstream tasks scheduled from follow-on schedule check
