[2023-09-19T12:01:01.288+0000] {taskinstance.py:1159} INFO - Dependencies all met for dep_context=non-requeueable deps ti=<TaskInstance: dag_parser.extract manual__2023-09-19T12:00:57.495793+00:00 [queued]>
[2023-09-19T12:01:01.298+0000] {taskinstance.py:1159} INFO - Dependencies all met for dep_context=requeueable deps ti=<TaskInstance: dag_parser.extract manual__2023-09-19T12:00:57.495793+00:00 [queued]>
[2023-09-19T12:01:01.298+0000] {taskinstance.py:1361} INFO - Starting attempt 1 of 3
[2023-09-19T12:01:01.314+0000] {taskinstance.py:1382} INFO - Executing <Task(_PythonDecoratedOperator): extract> on 2023-09-19 12:00:57.495793+00:00
[2023-09-19T12:01:01.321+0000] {standard_task_runner.py:57} INFO - Started process 57 to run task
[2023-09-19T12:01:01.324+0000] {standard_task_runner.py:84} INFO - Running: ['***', 'tasks', 'run', 'dag_parser', 'extract', 'manual__2023-09-19T12:00:57.495793+00:00', '--job-id', '81', '--raw', '--subdir', 'DAGS_FOLDER/dag_parser.py', '--cfg-path', '/tmp/tmpjkd81l9w']
[2023-09-19T12:01:01.326+0000] {standard_task_runner.py:85} INFO - Job 81: Subtask extract
[2023-09-19T12:01:01.378+0000] {task_command.py:415} INFO - Running <TaskInstance: dag_parser.extract manual__2023-09-19T12:00:57.495793+00:00 [running]> on host 910e7ec0fb42
[2023-09-19T12:01:01.469+0000] {taskinstance.py:1660} INFO - Exporting env vars: AIRFLOW_CTX_DAG_OWNER='oleg' AIRFLOW_CTX_DAG_ID='dag_parser' AIRFLOW_CTX_TASK_ID='extract' AIRFLOW_CTX_EXECUTION_DATE='2023-09-19T12:00:57.495793+00:00' AIRFLOW_CTX_TRY_NUMBER='1' AIRFLOW_CTX_DAG_RUN_ID='manual__2023-09-19T12:00:57.495793+00:00'
[2023-09-19T12:01:24.375+0000] {python.py:194} INFO - Done. Returned value was:            id  premium  ... is_adv_vacancy branding
0    86623500    False  ...          False      NaN
1    85590181    False  ...          False      NaN
2    80583666    False  ...          False      NaN
3    86871363    False  ...          False      NaN
4    86872720    False  ...          False      NaN
..        ...      ...  ...            ...      ...
771  86169975    False  ...          False      NaN
772  86170017    False  ...          False      NaN
773  86169996    False  ...          False      NaN
774  86170034    False  ...          False      NaN
775  86169998    False  ...          False      NaN

[776 rows x 36 columns]
[2023-09-19T12:01:24.689+0000] {taskinstance.py:1400} INFO - Marking task as SUCCESS. dag_id=dag_parser, task_id=extract, execution_date=20230919T120057, start_date=20230919T120101, end_date=20230919T120124
[2023-09-19T12:01:24.732+0000] {local_task_job_runner.py:228} INFO - Task exited with return code 0
[2023-09-19T12:01:24.790+0000] {taskinstance.py:2784} INFO - 1 downstream tasks scheduled from follow-on schedule check
