[2023-09-03T04:00:02.779+0000] {taskinstance.py:1159} INFO - Dependencies all met for dep_context=non-requeueable deps ti=<TaskInstance: dag_parser.extract scheduled__2023-09-02T04:00:00+00:00 [queued]>
[2023-09-03T04:00:02.785+0000] {taskinstance.py:1159} INFO - Dependencies all met for dep_context=requeueable deps ti=<TaskInstance: dag_parser.extract scheduled__2023-09-02T04:00:00+00:00 [queued]>
[2023-09-03T04:00:02.786+0000] {taskinstance.py:1361} INFO - Starting attempt 1 of 3
[2023-09-03T04:00:02.795+0000] {taskinstance.py:1382} INFO - Executing <Task(_PythonDecoratedOperator): extract> on 2023-09-02 04:00:00+00:00
[2023-09-03T04:00:02.804+0000] {standard_task_runner.py:57} INFO - Started process 174 to run task
[2023-09-03T04:00:02.808+0000] {standard_task_runner.py:84} INFO - Running: ['***', 'tasks', 'run', 'dag_parser', 'extract', 'scheduled__2023-09-02T04:00:00+00:00', '--job-id', '111', '--raw', '--subdir', 'DAGS_FOLDER/dag_parser.py', '--cfg-path', '/tmp/tmpfqk5burm']
[2023-09-03T04:00:02.810+0000] {standard_task_runner.py:85} INFO - Job 111: Subtask extract
[2023-09-03T04:00:02.881+0000] {task_command.py:415} INFO - Running <TaskInstance: dag_parser.extract scheduled__2023-09-02T04:00:00+00:00 [running]> on host 28889f1c9ddb
[2023-09-03T04:00:02.951+0000] {taskinstance.py:1660} INFO - Exporting env vars: AIRFLOW_CTX_DAG_OWNER='oleg' AIRFLOW_CTX_DAG_ID='dag_parser' AIRFLOW_CTX_TASK_ID='extract' AIRFLOW_CTX_EXECUTION_DATE='2023-09-02T04:00:00+00:00' AIRFLOW_CTX_TRY_NUMBER='1' AIRFLOW_CTX_DAG_RUN_ID='scheduled__2023-09-02T04:00:00+00:00'
[2023-09-03T04:00:18.743+0000] {python.py:194} INFO - Done. Returned value was:            id  premium  ... immediate_redirect_url immediate_redirect_vacancy_id
0    85301938    False  ...                    NaN                           NaN
1    84190434    False  ...                    NaN                           NaN
2    85282450    False  ...                    NaN                           NaN
3    85978531    False  ...                    NaN                           NaN
4    67551826    False  ...                    NaN                           NaN
..        ...      ...  ...                    ...                           ...
520  82550003    False  ...                    NaN                           NaN
521  86150609    False  ...                    NaN                           NaN
522  85732594    False  ...                    NaN                           NaN
523  85508177    False  ...                    NaN                           NaN
524  85323119    False  ...                    NaN                           NaN

[525 rows x 38 columns]
[2023-09-03T04:00:18.959+0000] {taskinstance.py:1400} INFO - Marking task as SUCCESS. dag_id=dag_parser, task_id=extract, execution_date=20230902T040000, start_date=20230903T040002, end_date=20230903T040018
[2023-09-03T04:00:19.019+0000] {local_task_job_runner.py:228} INFO - Task exited with return code 0
[2023-09-03T04:00:19.060+0000] {taskinstance.py:2784} INFO - 0 downstream tasks scheduled from follow-on schedule check
