[2023-09-18T15:38:47.255+0000] {taskinstance.py:1159} INFO - Dependencies all met for dep_context=non-requeueable deps ti=<TaskInstance: dag_parser.transform scheduled__2023-09-17T04:00:00+00:00 [queued]>
[2023-09-18T15:38:47.266+0000] {taskinstance.py:1159} INFO - Dependencies all met for dep_context=requeueable deps ti=<TaskInstance: dag_parser.transform scheduled__2023-09-17T04:00:00+00:00 [queued]>
[2023-09-18T15:38:47.267+0000] {taskinstance.py:1361} INFO - Starting attempt 2 of 3
[2023-09-18T15:38:47.280+0000] {taskinstance.py:1382} INFO - Executing <Task(_PythonDecoratedOperator): transform> on 2023-09-17 04:00:00+00:00
[2023-09-18T15:38:47.292+0000] {standard_task_runner.py:57} INFO - Started process 154 to run task
[2023-09-18T15:38:47.295+0000] {standard_task_runner.py:84} INFO - Running: ['***', 'tasks', 'run', 'dag_parser', 'transform', 'scheduled__2023-09-17T04:00:00+00:00', '--job-id', '233', '--raw', '--subdir', 'DAGS_FOLDER/dag_parser.py', '--cfg-path', '/tmp/tmpricngncy']
[2023-09-18T15:38:47.297+0000] {standard_task_runner.py:85} INFO - Job 233: Subtask transform
[2023-09-18T15:38:47.350+0000] {task_command.py:415} INFO - Running <TaskInstance: dag_parser.transform scheduled__2023-09-17T04:00:00+00:00 [running]> on host 4bee4dc59dde
[2023-09-18T15:38:47.891+0000] {taskinstance.py:1660} INFO - Exporting env vars: AIRFLOW_CTX_DAG_OWNER='oleg' AIRFLOW_CTX_DAG_ID='dag_parser' AIRFLOW_CTX_TASK_ID='transform' AIRFLOW_CTX_EXECUTION_DATE='2023-09-17T04:00:00+00:00' AIRFLOW_CTX_TRY_NUMBER='2' AIRFLOW_CTX_DAG_RUN_ID='scheduled__2023-09-17T04:00:00+00:00'
[2023-09-18T15:38:48.201+0000] {base.py:73} INFO - Using connection ID 'postgres_con' for task execution.
[2023-09-18T15:38:48.218+0000] {warnings.py:109} WARNING - /home/***/.local/lib/python3.8/site-packages/***/providers/common/sql/hooks/sql.py:219: UserWarning: pandas only supports SQLAlchemy connectable (engine/connection) or database string URI or sqlite3 DBAPI2 connection. Other DBAPI2 objects are not tested. Please consider using SQLAlchemy.
  return psql.read_sql(sql, con=conn, params=parameters, **kwargs)

[2023-09-18T15:38:48.419+0000] {base.py:73} INFO - Using connection ID 'postgres_con' for task execution.
[2023-09-18T15:38:48.477+0000] {base.py:73} INFO - Using connection ID 'postgres_con' for task execution.
[2023-09-18T15:38:48.530+0000] {base.py:73} INFO - Using connection ID 'postgres_con' for task execution.
[2023-09-18T15:38:48.580+0000] {base.py:73} INFO - Using connection ID 'postgres_con' for task execution.
[2023-09-18T15:38:48.634+0000] {base.py:73} INFO - Using connection ID 'postgres_con' for task execution.
[2023-09-18T15:38:48.684+0000] {base.py:73} INFO - Using connection ID 'postgres_con' for task execution.
[2023-09-18T15:38:48.736+0000] {base.py:73} INFO - Using connection ID 'postgres_con' for task execution.
[2023-09-18T15:38:48.829+0000] {base.py:73} INFO - Using connection ID 'postgres_con' for task execution.
[2023-09-18T15:38:48.895+0000] {base.py:73} INFO - Using connection ID 'postgres_con' for task execution.
[2023-09-18T15:38:48.947+0000] {base.py:73} INFO - Using connection ID 'postgres_con' for task execution.
[2023-09-18T15:38:49.006+0000] {base.py:73} INFO - Using connection ID 'postgres_con' for task execution.
[2023-09-18T15:38:49.075+0000] {base.py:73} INFO - Using connection ID 'postgres_con' for task execution.
[2023-09-18T15:38:49.157+0000] {base.py:73} INFO - Using connection ID 'postgres_con' for task execution.
[2023-09-18T15:38:49.221+0000] {base.py:73} INFO - Using connection ID 'postgres_con' for task execution.
[2023-09-18T15:38:49.294+0000] {base.py:73} INFO - Using connection ID 'postgres_con' for task execution.
[2023-09-18T15:38:49.372+0000] {base.py:73} INFO - Using connection ID 'postgres_con' for task execution.
[2023-09-18T15:38:49.434+0000] {base.py:73} INFO - Using connection ID 'postgres_con' for task execution.
[2023-09-18T15:38:49.515+0000] {base.py:73} INFO - Using connection ID 'postgres_con' for task execution.
[2023-09-18T15:38:49.575+0000] {base.py:73} INFO - Using connection ID 'postgres_con' for task execution.
[2023-09-18T15:38:49.632+0000] {base.py:73} INFO - Using connection ID 'postgres_con' for task execution.
[2023-09-18T15:38:49.688+0000] {base.py:73} INFO - Using connection ID 'postgres_con' for task execution.
[2023-09-18T15:38:49.745+0000] {base.py:73} INFO - Using connection ID 'postgres_con' for task execution.
[2023-09-18T15:38:49.802+0000] {base.py:73} INFO - Using connection ID 'postgres_con' for task execution.
[2023-09-18T15:38:49.855+0000] {base.py:73} INFO - Using connection ID 'postgres_con' for task execution.
[2023-09-18T15:38:49.907+0000] {base.py:73} INFO - Using connection ID 'postgres_con' for task execution.
[2023-09-18T15:38:49.964+0000] {base.py:73} INFO - Using connection ID 'postgres_con' for task execution.
[2023-09-18T15:38:50.016+0000] {base.py:73} INFO - Using connection ID 'postgres_con' for task execution.
[2023-09-18T15:38:50.067+0000] {base.py:73} INFO - Using connection ID 'postgres_con' for task execution.
[2023-09-18T15:38:50.117+0000] {base.py:73} INFO - Using connection ID 'postgres_con' for task execution.
[2023-09-18T15:38:50.167+0000] {base.py:73} INFO - Using connection ID 'postgres_con' for task execution.
[2023-09-18T15:38:50.217+0000] {base.py:73} INFO - Using connection ID 'postgres_con' for task execution.
[2023-09-18T15:38:50.268+0000] {base.py:73} INFO - Using connection ID 'postgres_con' for task execution.
[2023-09-18T15:38:50.324+0000] {base.py:73} INFO - Using connection ID 'postgres_con' for task execution.
[2023-09-18T15:38:50.377+0000] {base.py:73} INFO - Using connection ID 'postgres_con' for task execution.
[2023-09-18T15:38:50.427+0000] {base.py:73} INFO - Using connection ID 'postgres_con' for task execution.
[2023-09-18T15:38:50.479+0000] {base.py:73} INFO - Using connection ID 'postgres_con' for task execution.
[2023-09-18T15:38:50.539+0000] {base.py:73} INFO - Using connection ID 'postgres_con' for task execution.
[2023-09-18T15:38:50.601+0000] {base.py:73} INFO - Using connection ID 'postgres_con' for task execution.
[2023-09-18T15:38:50.683+0000] {base.py:73} INFO - Using connection ID 'postgres_con' for task execution.
[2023-09-18T15:38:50.764+0000] {base.py:73} INFO - Using connection ID 'postgres_con' for task execution.
[2023-09-18T15:38:50.820+0000] {base.py:73} INFO - Using connection ID 'postgres_con' for task execution.
[2023-09-18T15:38:50.877+0000] {base.py:73} INFO - Using connection ID 'postgres_con' for task execution.
[2023-09-18T15:38:50.933+0000] {base.py:73} INFO - Using connection ID 'postgres_con' for task execution.
[2023-09-18T15:38:50.986+0000] {base.py:73} INFO - Using connection ID 'postgres_con' for task execution.
[2023-09-18T15:38:51.045+0000] {base.py:73} INFO - Using connection ID 'postgres_con' for task execution.
[2023-09-18T15:38:51.137+0000] {base.py:73} INFO - Using connection ID 'postgres_con' for task execution.
[2023-09-18T15:38:51.220+0000] {base.py:73} INFO - Using connection ID 'postgres_con' for task execution.
[2023-09-18T15:38:51.303+0000] {base.py:73} INFO - Using connection ID 'postgres_con' for task execution.
[2023-09-18T15:38:51.358+0000] {base.py:73} INFO - Using connection ID 'postgres_con' for task execution.
[2023-09-18T15:38:51.408+0000] {base.py:73} INFO - Using connection ID 'postgres_con' for task execution.
[2023-09-18T15:38:51.462+0000] {base.py:73} INFO - Using connection ID 'postgres_con' for task execution.
[2023-09-18T15:38:51.515+0000] {base.py:73} INFO - Using connection ID 'postgres_con' for task execution.
[2023-09-18T15:38:51.567+0000] {base.py:73} INFO - Using connection ID 'postgres_con' for task execution.
[2023-09-18T15:38:51.618+0000] {base.py:73} INFO - Using connection ID 'postgres_con' for task execution.
[2023-09-18T15:38:51.670+0000] {base.py:73} INFO - Using connection ID 'postgres_con' for task execution.
[2023-09-18T15:38:51.731+0000] {base.py:73} INFO - Using connection ID 'postgres_con' for task execution.
[2023-09-18T15:38:51.810+0000] {base.py:73} INFO - Using connection ID 'postgres_con' for task execution.
[2023-09-18T15:38:51.934+0000] {base.py:73} INFO - Using connection ID 'postgres_con' for task execution.
[2023-09-18T15:38:52.000+0000] {base.py:73} INFO - Using connection ID 'postgres_con' for task execution.
[2023-09-18T15:38:52.122+0000] {base.py:73} INFO - Using connection ID 'postgres_con' for task execution.
[2023-09-18T15:38:52.256+0000] {base.py:73} INFO - Using connection ID 'postgres_con' for task execution.
[2023-09-18T15:38:52.427+0000] {base.py:73} INFO - Using connection ID 'postgres_con' for task execution.
[2023-09-18T15:38:52.600+0000] {base.py:73} INFO - Using connection ID 'postgres_con' for task execution.
[2023-09-18T15:38:52.712+0000] {base.py:73} INFO - Using connection ID 'postgres_con' for task execution.
[2023-09-18T15:38:52.807+0000] {base.py:73} INFO - Using connection ID 'postgres_con' for task execution.
[2023-09-18T15:38:52.882+0000] {base.py:73} INFO - Using connection ID 'postgres_con' for task execution.
[2023-09-18T15:38:52.958+0000] {base.py:73} INFO - Using connection ID 'postgres_con' for task execution.
[2023-09-18T15:38:53.039+0000] {base.py:73} INFO - Using connection ID 'postgres_con' for task execution.
[2023-09-18T15:38:53.109+0000] {base.py:73} INFO - Using connection ID 'postgres_con' for task execution.
[2023-09-18T15:38:53.167+0000] {base.py:73} INFO - Using connection ID 'postgres_con' for task execution.
[2023-09-18T15:38:53.227+0000] {base.py:73} INFO - Using connection ID 'postgres_con' for task execution.
[2023-09-18T15:38:53.284+0000] {base.py:73} INFO - Using connection ID 'postgres_con' for task execution.
[2023-09-18T15:38:53.341+0000] {base.py:73} INFO - Using connection ID 'postgres_con' for task execution.
[2023-09-18T15:38:53.399+0000] {base.py:73} INFO - Using connection ID 'postgres_con' for task execution.
[2023-09-18T15:38:53.455+0000] {base.py:73} INFO - Using connection ID 'postgres_con' for task execution.
[2023-09-18T15:38:53.510+0000] {base.py:73} INFO - Using connection ID 'postgres_con' for task execution.
[2023-09-18T15:38:53.568+0000] {base.py:73} INFO - Using connection ID 'postgres_con' for task execution.
[2023-09-18T15:38:53.619+0000] {base.py:73} INFO - Using connection ID 'postgres_con' for task execution.
[2023-09-18T15:38:53.671+0000] {base.py:73} INFO - Using connection ID 'postgres_con' for task execution.
[2023-09-18T15:38:53.724+0000] {base.py:73} INFO - Using connection ID 'postgres_con' for task execution.
[2023-09-18T15:38:53.779+0000] {base.py:73} INFO - Using connection ID 'postgres_con' for task execution.
[2023-09-18T15:38:53.853+0000] {base.py:73} INFO - Using connection ID 'postgres_con' for task execution.
[2023-09-18T15:38:53.938+0000] {base.py:73} INFO - Using connection ID 'postgres_con' for task execution.
[2023-09-18T15:38:53.997+0000] {base.py:73} INFO - Using connection ID 'postgres_con' for task execution.
[2023-09-18T15:38:54.070+0000] {base.py:73} INFO - Using connection ID 'postgres_con' for task execution.
[2023-09-18T15:38:54.130+0000] {base.py:73} INFO - Using connection ID 'postgres_con' for task execution.
[2023-09-18T15:38:54.201+0000] {base.py:73} INFO - Using connection ID 'postgres_con' for task execution.
[2023-09-18T15:38:54.260+0000] {base.py:73} INFO - Using connection ID 'postgres_con' for task execution.
[2023-09-18T15:38:54.324+0000] {base.py:73} INFO - Using connection ID 'postgres_con' for task execution.
[2023-09-18T15:38:54.387+0000] {base.py:73} INFO - Using connection ID 'postgres_con' for task execution.
[2023-09-18T15:38:54.444+0000] {base.py:73} INFO - Using connection ID 'postgres_con' for task execution.
[2023-09-18T15:38:54.501+0000] {base.py:73} INFO - Using connection ID 'postgres_con' for task execution.
[2023-09-18T15:38:54.557+0000] {base.py:73} INFO - Using connection ID 'postgres_con' for task execution.
[2023-09-18T15:38:54.623+0000] {base.py:73} INFO - Using connection ID 'postgres_con' for task execution.
[2023-09-18T15:38:54.683+0000] {base.py:73} INFO - Using connection ID 'postgres_con' for task execution.
[2023-09-18T15:38:54.746+0000] {base.py:73} INFO - Using connection ID 'postgres_con' for task execution.
[2023-09-18T15:38:54.808+0000] {base.py:73} INFO - Using connection ID 'postgres_con' for task execution.
[2023-09-18T15:38:54.872+0000] {base.py:73} INFO - Using connection ID 'postgres_con' for task execution.
[2023-09-18T15:38:54.927+0000] {base.py:73} INFO - Using connection ID 'postgres_con' for task execution.
[2023-09-18T15:38:54.985+0000] {base.py:73} INFO - Using connection ID 'postgres_con' for task execution.
[2023-09-18T15:38:55.071+0000] {base.py:73} INFO - Using connection ID 'postgres_con' for task execution.
[2023-09-18T15:38:55.148+0000] {base.py:73} INFO - Using connection ID 'postgres_con' for task execution.
[2023-09-18T15:38:55.209+0000] {base.py:73} INFO - Using connection ID 'postgres_con' for task execution.
[2023-09-18T15:38:55.261+0000] {base.py:73} INFO - Using connection ID 'postgres_con' for task execution.
[2023-09-18T15:38:55.313+0000] {base.py:73} INFO - Using connection ID 'postgres_con' for task execution.
[2023-09-18T15:38:55.366+0000] {base.py:73} INFO - Using connection ID 'postgres_con' for task execution.
[2023-09-18T15:38:55.429+0000] {base.py:73} INFO - Using connection ID 'postgres_con' for task execution.
[2023-09-18T15:38:55.481+0000] {base.py:73} INFO - Using connection ID 'postgres_con' for task execution.
[2023-09-18T15:38:55.536+0000] {base.py:73} INFO - Using connection ID 'postgres_con' for task execution.
[2023-09-18T15:38:55.618+0000] {base.py:73} INFO - Using connection ID 'postgres_con' for task execution.
[2023-09-18T15:38:55.689+0000] {base.py:73} INFO - Using connection ID 'postgres_con' for task execution.
[2023-09-18T15:38:55.748+0000] {base.py:73} INFO - Using connection ID 'postgres_con' for task execution.
[2023-09-18T15:38:55.803+0000] {base.py:73} INFO - Using connection ID 'postgres_con' for task execution.
[2023-09-18T15:38:55.861+0000] {base.py:73} INFO - Using connection ID 'postgres_con' for task execution.
[2023-09-18T15:38:55.935+0000] {base.py:73} INFO - Using connection ID 'postgres_con' for task execution.
[2023-09-18T15:38:55.991+0000] {base.py:73} INFO - Using connection ID 'postgres_con' for task execution.
[2023-09-18T15:38:56.052+0000] {base.py:73} INFO - Using connection ID 'postgres_con' for task execution.
[2023-09-18T15:38:56.120+0000] {base.py:73} INFO - Using connection ID 'postgres_con' for task execution.
[2023-09-18T15:38:56.180+0000] {base.py:73} INFO - Using connection ID 'postgres_con' for task execution.
[2023-09-18T15:38:56.244+0000] {base.py:73} INFO - Using connection ID 'postgres_con' for task execution.
[2023-09-18T15:38:56.304+0000] {base.py:73} INFO - Using connection ID 'postgres_con' for task execution.
[2023-09-18T15:38:56.367+0000] {base.py:73} INFO - Using connection ID 'postgres_con' for task execution.
[2023-09-18T15:38:56.431+0000] {base.py:73} INFO - Using connection ID 'postgres_con' for task execution.
[2023-09-18T15:38:56.487+0000] {base.py:73} INFO - Using connection ID 'postgres_con' for task execution.
[2023-09-18T15:38:56.542+0000] {base.py:73} INFO - Using connection ID 'postgres_con' for task execution.
[2023-09-18T15:38:56.605+0000] {base.py:73} INFO - Using connection ID 'postgres_con' for task execution.
[2023-09-18T15:38:56.665+0000] {base.py:73} INFO - Using connection ID 'postgres_con' for task execution.
[2023-09-18T15:38:56.731+0000] {base.py:73} INFO - Using connection ID 'postgres_con' for task execution.
[2023-09-18T15:38:56.786+0000] {base.py:73} INFO - Using connection ID 'postgres_con' for task execution.
[2023-09-18T15:38:56.844+0000] {base.py:73} INFO - Using connection ID 'postgres_con' for task execution.
[2023-09-18T15:38:56.906+0000] {base.py:73} INFO - Using connection ID 'postgres_con' for task execution.
[2023-09-18T15:38:56.980+0000] {base.py:73} INFO - Using connection ID 'postgres_con' for task execution.
[2023-09-18T15:38:57.045+0000] {base.py:73} INFO - Using connection ID 'postgres_con' for task execution.
[2023-09-18T15:38:57.099+0000] {base.py:73} INFO - Using connection ID 'postgres_con' for task execution.
[2023-09-18T15:38:57.158+0000] {base.py:73} INFO - Using connection ID 'postgres_con' for task execution.
[2023-09-18T15:38:57.218+0000] {base.py:73} INFO - Using connection ID 'postgres_con' for task execution.
[2023-09-18T15:38:57.274+0000] {base.py:73} INFO - Using connection ID 'postgres_con' for task execution.
[2023-09-18T15:38:57.328+0000] {base.py:73} INFO - Using connection ID 'postgres_con' for task execution.
[2023-09-18T15:38:57.387+0000] {base.py:73} INFO - Using connection ID 'postgres_con' for task execution.
[2023-09-18T15:38:57.444+0000] {base.py:73} INFO - Using connection ID 'postgres_con' for task execution.
[2023-09-18T15:38:57.507+0000] {base.py:73} INFO - Using connection ID 'postgres_con' for task execution.
[2023-09-18T15:38:57.561+0000] {base.py:73} INFO - Using connection ID 'postgres_con' for task execution.
[2023-09-18T15:38:57.641+0000] {base.py:73} INFO - Using connection ID 'postgres_con' for task execution.
[2023-09-18T15:38:57.706+0000] {base.py:73} INFO - Using connection ID 'postgres_con' for task execution.
[2023-09-18T15:38:57.760+0000] {base.py:73} INFO - Using connection ID 'postgres_con' for task execution.
[2023-09-18T15:38:57.814+0000] {base.py:73} INFO - Using connection ID 'postgres_con' for task execution.
[2023-09-18T15:38:57.867+0000] {base.py:73} INFO - Using connection ID 'postgres_con' for task execution.
[2023-09-18T15:38:57.921+0000] {base.py:73} INFO - Using connection ID 'postgres_con' for task execution.
[2023-09-18T15:38:57.975+0000] {base.py:73} INFO - Using connection ID 'postgres_con' for task execution.
[2023-09-18T15:38:58.031+0000] {base.py:73} INFO - Using connection ID 'postgres_con' for task execution.
[2023-09-18T15:38:58.089+0000] {base.py:73} INFO - Using connection ID 'postgres_con' for task execution.
[2023-09-18T15:38:58.145+0000] {base.py:73} INFO - Using connection ID 'postgres_con' for task execution.
[2023-09-18T15:38:58.201+0000] {base.py:73} INFO - Using connection ID 'postgres_con' for task execution.
[2023-09-18T15:38:58.281+0000] {base.py:73} INFO - Using connection ID 'postgres_con' for task execution.
[2023-09-18T15:38:58.354+0000] {base.py:73} INFO - Using connection ID 'postgres_con' for task execution.
[2023-09-18T15:38:58.432+0000] {base.py:73} INFO - Using connection ID 'postgres_con' for task execution.
[2023-09-18T15:38:58.485+0000] {base.py:73} INFO - Using connection ID 'postgres_con' for task execution.
[2023-09-18T15:38:58.540+0000] {base.py:73} INFO - Using connection ID 'postgres_con' for task execution.
[2023-09-18T15:38:58.593+0000] {base.py:73} INFO - Using connection ID 'postgres_con' for task execution.
[2023-09-18T15:38:58.650+0000] {base.py:73} INFO - Using connection ID 'postgres_con' for task execution.
[2023-09-18T15:38:58.705+0000] {base.py:73} INFO - Using connection ID 'postgres_con' for task execution.
[2023-09-18T15:38:58.760+0000] {base.py:73} INFO - Using connection ID 'postgres_con' for task execution.
[2023-09-18T15:38:58.815+0000] {base.py:73} INFO - Using connection ID 'postgres_con' for task execution.
[2023-09-18T15:38:58.872+0000] {base.py:73} INFO - Using connection ID 'postgres_con' for task execution.
[2023-09-18T15:38:58.938+0000] {base.py:73} INFO - Using connection ID 'postgres_con' for task execution.
[2023-09-18T15:38:58.998+0000] {base.py:73} INFO - Using connection ID 'postgres_con' for task execution.
[2023-09-18T15:38:59.055+0000] {base.py:73} INFO - Using connection ID 'postgres_con' for task execution.
[2023-09-18T15:38:59.118+0000] {base.py:73} INFO - Using connection ID 'postgres_con' for task execution.
[2023-09-18T15:38:59.173+0000] {base.py:73} INFO - Using connection ID 'postgres_con' for task execution.
[2023-09-18T15:38:59.227+0000] {base.py:73} INFO - Using connection ID 'postgres_con' for task execution.
[2023-09-18T15:38:59.285+0000] {base.py:73} INFO - Using connection ID 'postgres_con' for task execution.
[2023-09-18T15:38:59.341+0000] {base.py:73} INFO - Using connection ID 'postgres_con' for task execution.
[2023-09-18T15:38:59.396+0000] {base.py:73} INFO - Using connection ID 'postgres_con' for task execution.
[2023-09-18T15:38:59.466+0000] {base.py:73} INFO - Using connection ID 'postgres_con' for task execution.
[2023-09-18T15:38:59.529+0000] {base.py:73} INFO - Using connection ID 'postgres_con' for task execution.
[2023-09-18T15:38:59.600+0000] {base.py:73} INFO - Using connection ID 'postgres_con' for task execution.
[2023-09-18T15:38:59.660+0000] {base.py:73} INFO - Using connection ID 'postgres_con' for task execution.
[2023-09-18T15:38:59.717+0000] {base.py:73} INFO - Using connection ID 'postgres_con' for task execution.
[2023-09-18T15:38:59.783+0000] {base.py:73} INFO - Using connection ID 'postgres_con' for task execution.
[2023-09-18T15:38:59.853+0000] {base.py:73} INFO - Using connection ID 'postgres_con' for task execution.
[2023-09-18T15:38:59.912+0000] {base.py:73} INFO - Using connection ID 'postgres_con' for task execution.
[2023-09-18T15:38:59.975+0000] {base.py:73} INFO - Using connection ID 'postgres_con' for task execution.
[2023-09-18T15:39:00.044+0000] {base.py:73} INFO - Using connection ID 'postgres_con' for task execution.
[2023-09-18T15:39:00.110+0000] {base.py:73} INFO - Using connection ID 'postgres_con' for task execution.
[2023-09-18T15:39:00.184+0000] {base.py:73} INFO - Using connection ID 'postgres_con' for task execution.
[2023-09-18T15:39:00.249+0000] {base.py:73} INFO - Using connection ID 'postgres_con' for task execution.
[2023-09-18T15:39:00.316+0000] {base.py:73} INFO - Using connection ID 'postgres_con' for task execution.
[2023-09-18T15:39:00.376+0000] {base.py:73} INFO - Using connection ID 'postgres_con' for task execution.
[2023-09-18T15:39:00.440+0000] {base.py:73} INFO - Using connection ID 'postgres_con' for task execution.
[2023-09-18T15:39:00.530+0000] {base.py:73} INFO - Using connection ID 'postgres_con' for task execution.
[2023-09-18T15:39:00.612+0000] {base.py:73} INFO - Using connection ID 'postgres_con' for task execution.
[2023-09-18T15:39:00.697+0000] {base.py:73} INFO - Using connection ID 'postgres_con' for task execution.
[2023-09-18T15:39:00.759+0000] {base.py:73} INFO - Using connection ID 'postgres_con' for task execution.
[2023-09-18T15:39:00.822+0000] {base.py:73} INFO - Using connection ID 'postgres_con' for task execution.
[2023-09-18T15:39:00.895+0000] {base.py:73} INFO - Using connection ID 'postgres_con' for task execution.
[2023-09-18T15:39:00.966+0000] {base.py:73} INFO - Using connection ID 'postgres_con' for task execution.
[2023-09-18T15:39:01.030+0000] {base.py:73} INFO - Using connection ID 'postgres_con' for task execution.
[2023-09-18T15:39:01.091+0000] {base.py:73} INFO - Using connection ID 'postgres_con' for task execution.
[2023-09-18T15:39:01.157+0000] {base.py:73} INFO - Using connection ID 'postgres_con' for task execution.
[2023-09-18T15:39:01.225+0000] {base.py:73} INFO - Using connection ID 'postgres_con' for task execution.
[2023-09-18T15:39:01.289+0000] {base.py:73} INFO - Using connection ID 'postgres_con' for task execution.
[2023-09-18T15:39:01.355+0000] {base.py:73} INFO - Using connection ID 'postgres_con' for task execution.
[2023-09-18T15:39:01.410+0000] {base.py:73} INFO - Using connection ID 'postgres_con' for task execution.
[2023-09-18T15:39:01.465+0000] {base.py:73} INFO - Using connection ID 'postgres_con' for task execution.
[2023-09-18T15:39:01.522+0000] {base.py:73} INFO - Using connection ID 'postgres_con' for task execution.
[2023-09-18T15:39:01.578+0000] {base.py:73} INFO - Using connection ID 'postgres_con' for task execution.
[2023-09-18T15:39:01.643+0000] {base.py:73} INFO - Using connection ID 'postgres_con' for task execution.
[2023-09-18T15:39:01.707+0000] {base.py:73} INFO - Using connection ID 'postgres_con' for task execution.
[2023-09-18T15:39:01.762+0000] {base.py:73} INFO - Using connection ID 'postgres_con' for task execution.
[2023-09-18T15:39:01.817+0000] {base.py:73} INFO - Using connection ID 'postgres_con' for task execution.
[2023-09-18T15:39:01.877+0000] {base.py:73} INFO - Using connection ID 'postgres_con' for task execution.
[2023-09-18T15:39:01.933+0000] {base.py:73} INFO - Using connection ID 'postgres_con' for task execution.
[2023-09-18T15:39:01.989+0000] {base.py:73} INFO - Using connection ID 'postgres_con' for task execution.
[2023-09-18T15:39:02.051+0000] {base.py:73} INFO - Using connection ID 'postgres_con' for task execution.
[2023-09-18T15:39:02.110+0000] {base.py:73} INFO - Using connection ID 'postgres_con' for task execution.
[2023-09-18T15:39:02.168+0000] {base.py:73} INFO - Using connection ID 'postgres_con' for task execution.
[2023-09-18T15:39:02.225+0000] {base.py:73} INFO - Using connection ID 'postgres_con' for task execution.
[2023-09-18T15:39:02.292+0000] {base.py:73} INFO - Using connection ID 'postgres_con' for task execution.
[2023-09-18T15:39:02.354+0000] {base.py:73} INFO - Using connection ID 'postgres_con' for task execution.
[2023-09-18T15:39:02.420+0000] {base.py:73} INFO - Using connection ID 'postgres_con' for task execution.
[2023-09-18T15:39:02.484+0000] {base.py:73} INFO - Using connection ID 'postgres_con' for task execution.
[2023-09-18T15:39:02.558+0000] {base.py:73} INFO - Using connection ID 'postgres_con' for task execution.
[2023-09-18T15:39:02.621+0000] {base.py:73} INFO - Using connection ID 'postgres_con' for task execution.
[2023-09-18T15:39:02.702+0000] {base.py:73} INFO - Using connection ID 'postgres_con' for task execution.
[2023-09-18T15:39:02.774+0000] {base.py:73} INFO - Using connection ID 'postgres_con' for task execution.
[2023-09-18T15:39:02.839+0000] {base.py:73} INFO - Using connection ID 'postgres_con' for task execution.
[2023-09-18T15:39:02.905+0000] {base.py:73} INFO - Using connection ID 'postgres_con' for task execution.
[2023-09-18T15:39:02.960+0000] {base.py:73} INFO - Using connection ID 'postgres_con' for task execution.
[2023-09-18T15:39:03.016+0000] {base.py:73} INFO - Using connection ID 'postgres_con' for task execution.
[2023-09-18T15:39:03.074+0000] {base.py:73} INFO - Using connection ID 'postgres_con' for task execution.
[2023-09-18T15:39:03.147+0000] {base.py:73} INFO - Using connection ID 'postgres_con' for task execution.
[2023-09-18T15:39:03.206+0000] {base.py:73} INFO - Using connection ID 'postgres_con' for task execution.
[2023-09-18T15:39:03.267+0000] {base.py:73} INFO - Using connection ID 'postgres_con' for task execution.
[2023-09-18T15:39:03.330+0000] {base.py:73} INFO - Using connection ID 'postgres_con' for task execution.
[2023-09-18T15:39:03.392+0000] {base.py:73} INFO - Using connection ID 'postgres_con' for task execution.
[2023-09-18T15:39:03.450+0000] {base.py:73} INFO - Using connection ID 'postgres_con' for task execution.
[2023-09-18T15:39:03.510+0000] {base.py:73} INFO - Using connection ID 'postgres_con' for task execution.
[2023-09-18T15:39:03.570+0000] {base.py:73} INFO - Using connection ID 'postgres_con' for task execution.
[2023-09-18T15:39:03.632+0000] {base.py:73} INFO - Using connection ID 'postgres_con' for task execution.
[2023-09-18T15:39:03.698+0000] {base.py:73} INFO - Using connection ID 'postgres_con' for task execution.
[2023-09-18T15:39:03.766+0000] {base.py:73} INFO - Using connection ID 'postgres_con' for task execution.
[2023-09-18T15:39:03.851+0000] {base.py:73} INFO - Using connection ID 'postgres_con' for task execution.
[2023-09-18T15:39:03.935+0000] {base.py:73} INFO - Using connection ID 'postgres_con' for task execution.
[2023-09-18T15:39:04.001+0000] {base.py:73} INFO - Using connection ID 'postgres_con' for task execution.
[2023-09-18T15:39:04.063+0000] {base.py:73} INFO - Using connection ID 'postgres_con' for task execution.
[2023-09-18T15:39:04.124+0000] {base.py:73} INFO - Using connection ID 'postgres_con' for task execution.
[2023-09-18T15:39:04.192+0000] {base.py:73} INFO - Using connection ID 'postgres_con' for task execution.
[2023-09-18T15:39:04.255+0000] {base.py:73} INFO - Using connection ID 'postgres_con' for task execution.
[2023-09-18T15:39:04.317+0000] {base.py:73} INFO - Using connection ID 'postgres_con' for task execution.
[2023-09-18T15:39:04.379+0000] {base.py:73} INFO - Using connection ID 'postgres_con' for task execution.
[2023-09-18T15:39:04.477+0000] {base.py:73} INFO - Using connection ID 'postgres_con' for task execution.
[2023-09-18T15:39:04.853+0000] {base.py:73} INFO - Using connection ID 'postgres_con' for task execution.
[2023-09-18T15:39:05.170+0000] {base.py:73} INFO - Using connection ID 'postgres_con' for task execution.
[2023-09-18T15:39:05.460+0000] {base.py:73} INFO - Using connection ID 'postgres_con' for task execution.
[2023-09-18T15:39:05.832+0000] {base.py:73} INFO - Using connection ID 'postgres_con' for task execution.
[2023-09-18T15:39:05.977+0000] {base.py:73} INFO - Using connection ID 'postgres_con' for task execution.
[2023-09-18T15:39:06.165+0000] {base.py:73} INFO - Using connection ID 'postgres_con' for task execution.
[2023-09-18T15:39:06.345+0000] {base.py:73} INFO - Using connection ID 'postgres_con' for task execution.
[2023-09-18T15:39:06.495+0000] {base.py:73} INFO - Using connection ID 'postgres_con' for task execution.
[2023-09-18T15:39:06.693+0000] {base.py:73} INFO - Using connection ID 'postgres_con' for task execution.
[2023-09-18T15:39:06.854+0000] {base.py:73} INFO - Using connection ID 'postgres_con' for task execution.
[2023-09-18T15:39:07.054+0000] {base.py:73} INFO - Using connection ID 'postgres_con' for task execution.
[2023-09-18T15:39:07.225+0000] {base.py:73} INFO - Using connection ID 'postgres_con' for task execution.
[2023-09-18T15:39:07.352+0000] {base.py:73} INFO - Using connection ID 'postgres_con' for task execution.
[2023-09-18T15:39:07.548+0000] {base.py:73} INFO - Using connection ID 'postgres_con' for task execution.
[2023-09-18T15:39:07.754+0000] {base.py:73} INFO - Using connection ID 'postgres_con' for task execution.
[2023-09-18T15:39:07.903+0000] {base.py:73} INFO - Using connection ID 'postgres_con' for task execution.
[2023-09-18T15:39:08.085+0000] {base.py:73} INFO - Using connection ID 'postgres_con' for task execution.
[2023-09-18T15:39:08.333+0000] {base.py:73} INFO - Using connection ID 'postgres_con' for task execution.
[2023-09-18T15:39:08.389+0000] {taskinstance.py:1943} ERROR - Task failed with exception
Traceback (most recent call last):
  File "/home/airflow/.local/lib/python3.8/site-packages/airflow/decorators/base.py", line 221, in execute
    return_value = super().execute(context)
  File "/home/airflow/.local/lib/python3.8/site-packages/airflow/operators/python.py", line 192, in execute
    return_value = self.execute_callable()
  File "/home/airflow/.local/lib/python3.8/site-packages/airflow/operators/python.py", line 209, in execute_callable
    return self.python_callable(*self.op_args, **self.op_kwargs)
  File "/opt/airflow/dags/dag_parser.py", line 180, in transform
    jobs['drop'] = jobs['id'].apply(test_include)
  File "/home/airflow/.local/lib/python3.8/site-packages/pandas/core/series.py", line 4630, in apply
    return SeriesApply(self, func, convert_dtype, args, kwargs).apply()
  File "/home/airflow/.local/lib/python3.8/site-packages/pandas/core/apply.py", line 1025, in apply
    return self.apply_standard()
  File "/home/airflow/.local/lib/python3.8/site-packages/pandas/core/apply.py", line 1076, in apply_standard
    mapped = lib.map_infer(
  File "pandas/_libs/lib.pyx", line 2834, in pandas._libs.lib.map_infer
  File "/opt/airflow/dags/dag_parser.py", line 78, in test_include
    df = hook.get_pandas_df(sql="select distinct id_vac from vacancies;")
  File "/home/airflow/.local/lib/python3.8/site-packages/airflow/providers/common/sql/hooks/sql.py", line 218, in get_pandas_df
    with closing(self.get_conn()) as conn:
  File "/home/airflow/.local/lib/python3.8/site-packages/airflow/providers/postgres/hooks/postgres.py", line 154, in get_conn
    self.conn = psycopg2.connect(**conn_args)
  File "/home/airflow/.local/lib/python3.8/site-packages/psycopg2/__init__.py", line 122, in connect
    conn = _connect(dsn, connection_factory=connection_factory, **kwasync)
psycopg2.OperationalError: connection to server at "app_db" (172.29.0.4), port 5432 failed: FATAL:  terminating connection due to ***istrator command

[2023-09-18T15:39:08.555+0000] {taskinstance.py:1400} INFO - Marking task as UP_FOR_RETRY. dag_id=dag_parser, task_id=transform, execution_date=20230917T040000, start_date=20230918T153847, end_date=20230918T153908
[2023-09-18T15:39:08.648+0000] {standard_task_runner.py:104} ERROR - Failed to execute job 233 for task transform (connection to server at "app_db" (172.29.0.4), port 5432 failed: FATAL:  terminating connection due to ***istrator command
; 154)
[2023-09-18T15:39:08.758+0000] {local_task_job_runner.py:228} INFO - Task exited with return code 1
[2023-09-18T15:39:09.045+0000] {taskinstance.py:2784} INFO - 0 downstream tasks scheduled from follow-on schedule check
