[2023-09-18T16:01:51.011+0000] {taskinstance.py:1159} INFO - Dependencies all met for dep_context=non-requeueable deps ti=<TaskInstance: dag_parser.extract manual__2023-09-18T16:01:47.949453+00:00 [queued]>
[2023-09-18T16:01:51.019+0000] {taskinstance.py:1159} INFO - Dependencies all met for dep_context=requeueable deps ti=<TaskInstance: dag_parser.extract manual__2023-09-18T16:01:47.949453+00:00 [queued]>
[2023-09-18T16:01:51.019+0000] {taskinstance.py:1361} INFO - Starting attempt 1 of 3
[2023-09-18T16:01:51.027+0000] {taskinstance.py:1382} INFO - Executing <Task(_PythonDecoratedOperator): extract> on 2023-09-18 16:01:47.949453+00:00
[2023-09-18T16:01:51.035+0000] {standard_task_runner.py:57} INFO - Started process 75 to run task
[2023-09-18T16:01:51.038+0000] {standard_task_runner.py:84} INFO - Running: ['***', 'tasks', 'run', 'dag_parser', 'extract', 'manual__2023-09-18T16:01:47.949453+00:00', '--job-id', '240', '--raw', '--subdir', 'DAGS_FOLDER/dag_parser.py', '--cfg-path', '/tmp/tmpphh1z_o8']
[2023-09-18T16:01:51.040+0000] {standard_task_runner.py:85} INFO - Job 240: Subtask extract
[2023-09-18T16:01:51.145+0000] {task_command.py:415} INFO - Running <TaskInstance: dag_parser.extract manual__2023-09-18T16:01:47.949453+00:00 [running]> on host 21ebb80fd9c1
[2023-09-18T16:01:51.230+0000] {taskinstance.py:1660} INFO - Exporting env vars: AIRFLOW_CTX_DAG_OWNER='oleg' AIRFLOW_CTX_DAG_ID='dag_parser' AIRFLOW_CTX_TASK_ID='extract' AIRFLOW_CTX_EXECUTION_DATE='2023-09-18T16:01:47.949453+00:00' AIRFLOW_CTX_TRY_NUMBER='1' AIRFLOW_CTX_DAG_RUN_ID='manual__2023-09-18T16:01:47.949453+00:00'
[2023-09-18T16:01:52.784+0000] {python.py:194} INFO - Done. Returned value was:           id  premium  ... is_adv_vacancy                            branding
0   86566923    False  ...          False                                 NaN
1   81303213    False  ...          False                                 NaN
2   86472875    False  ...          False                                 NaN
3   86472613    False  ...          False                                 NaN
4   85730803    False  ...          False                                 NaN
..       ...      ...  ...            ...                                 ...
61  85324635    False  ...          False  {'type': 'MAKEUP', 'tariff': None}
62  86821413    False  ...          False  {'type': 'MAKEUP', 'tariff': None}
63  85833573    False  ...          False                                 NaN
64  82086923    False  ...          False                                 NaN
65  82257754    False  ...          False  {'type': 'MAKEUP', 'tariff': None}

[66 rows x 36 columns]
[2023-09-18T16:01:52.987+0000] {taskinstance.py:1400} INFO - Marking task as SUCCESS. dag_id=dag_parser, task_id=extract, execution_date=20230918T160147, start_date=20230918T160151, end_date=20230918T160152
[2023-09-18T16:01:53.030+0000] {local_task_job_runner.py:228} INFO - Task exited with return code 0
[2023-09-18T16:01:53.068+0000] {taskinstance.py:2784} INFO - 1 downstream tasks scheduled from follow-on schedule check
