[2023-08-30T17:14:59.079+0000] {taskinstance.py:1159} INFO - Dependencies all met for dep_context=non-requeueable deps ti=<TaskInstance: dag_parser.extract manual__2023-08-30T17:14:54.128496+00:00 [queued]>
[2023-08-30T17:14:59.091+0000] {taskinstance.py:1159} INFO - Dependencies all met for dep_context=requeueable deps ti=<TaskInstance: dag_parser.extract manual__2023-08-30T17:14:54.128496+00:00 [queued]>
[2023-08-30T17:14:59.094+0000] {taskinstance.py:1361} INFO - Starting attempt 1 of 3
[2023-08-30T17:14:59.107+0000] {taskinstance.py:1382} INFO - Executing <Task(_PythonDecoratedOperator): extract> on 2023-08-30 17:14:54.128496+00:00
[2023-08-30T17:14:59.142+0000] {standard_task_runner.py:57} INFO - Started process 149 to run task
[2023-08-30T17:14:59.186+0000] {standard_task_runner.py:84} INFO - Running: ['***', 'tasks', 'run', 'dag_parser', 'extract', 'manual__2023-08-30T17:14:54.128496+00:00', '--job-id', '74', '--raw', '--subdir', 'DAGS_FOLDER/dag_parser.py', '--cfg-path', '/tmp/tmp3xw4m3oq']
[2023-08-30T17:14:59.193+0000] {standard_task_runner.py:85} INFO - Job 74: Subtask extract
[2023-08-30T17:14:59.382+0000] {task_command.py:415} INFO - Running <TaskInstance: dag_parser.extract manual__2023-08-30T17:14:54.128496+00:00 [running]> on host a0407cf7b722
[2023-08-30T17:14:59.524+0000] {taskinstance.py:1660} INFO - Exporting env vars: AIRFLOW_CTX_DAG_OWNER='oleg' AIRFLOW_CTX_DAG_ID='dag_parser' AIRFLOW_CTX_TASK_ID='extract' AIRFLOW_CTX_EXECUTION_DATE='2023-08-30T17:14:54.128496+00:00' AIRFLOW_CTX_TRY_NUMBER='1' AIRFLOW_CTX_DAG_RUN_ID='manual__2023-08-30T17:14:54.128496+00:00'
[2023-08-30T17:15:27.340+0000] {python.py:194} INFO - Done. Returned value was:            id  premium  ... immediate_redirect_url immediate_redirect_vacancy_id
0    50771311    False  ...                    NaN                           NaN
1    85973174    False  ...                    NaN                           NaN
2    85971924    False  ...                    NaN                           NaN
3    85377319    False  ...                    NaN                           NaN
4    82863866    False  ...                    NaN                           NaN
..        ...      ...  ...                    ...                           ...
898  85931344    False  ...                    NaN                           NaN
899  85931343    False  ...                    NaN                           NaN
900  84206050    False  ...                    NaN                           NaN
901  85983440    False  ...                    NaN                           NaN
902  85983441    False  ...                    NaN                           NaN

[903 rows x 38 columns]
[2023-08-30T17:15:27.677+0000] {taskinstance.py:1400} INFO - Marking task as SUCCESS. dag_id=dag_parser, task_id=extract, execution_date=20230830T171454, start_date=20230830T171459, end_date=20230830T171527
[2023-08-30T17:15:27.751+0000] {local_task_job_runner.py:228} INFO - Task exited with return code 0
[2023-08-30T17:15:27.795+0000] {taskinstance.py:2784} INFO - 1 downstream tasks scheduled from follow-on schedule check
