[2023-08-29T10:30:54.753+0000] {taskinstance.py:1159} INFO - Dependencies all met for dep_context=non-requeueable deps ti=<TaskInstance: dag_parser.parsing manual__2023-08-29T10:30:51.757984+00:00 [queued]>
[2023-08-29T10:30:54.764+0000] {taskinstance.py:1159} INFO - Dependencies all met for dep_context=requeueable deps ti=<TaskInstance: dag_parser.parsing manual__2023-08-29T10:30:51.757984+00:00 [queued]>
[2023-08-29T10:30:54.766+0000] {taskinstance.py:1361} INFO - Starting attempt 1 of 3
[2023-08-29T10:30:54.785+0000] {taskinstance.py:1382} INFO - Executing <Task(_PythonDecoratedOperator): parsing> on 2023-08-29 10:30:51.757984+00:00
[2023-08-29T10:30:54.806+0000] {standard_task_runner.py:57} INFO - Started process 964 to run task
[2023-08-29T10:30:54.814+0000] {standard_task_runner.py:84} INFO - Running: ['***', 'tasks', 'run', 'dag_parser', 'parsing', 'manual__2023-08-29T10:30:51.757984+00:00', '--job-id', '68', '--raw', '--subdir', 'DAGS_FOLDER/dag_parser.py', '--cfg-path', '/tmp/tmp48p8my1y']
[2023-08-29T10:30:54.819+0000] {standard_task_runner.py:85} INFO - Job 68: Subtask parsing
[2023-08-29T10:30:54.944+0000] {task_command.py:415} INFO - Running <TaskInstance: dag_parser.parsing manual__2023-08-29T10:30:51.757984+00:00 [running]> on host d5a2c1e9e387
[2023-08-29T10:30:55.076+0000] {taskinstance.py:1660} INFO - Exporting env vars: AIRFLOW_CTX_DAG_OWNER='oleg' AIRFLOW_CTX_DAG_ID='dag_parser' AIRFLOW_CTX_TASK_ID='parsing' AIRFLOW_CTX_EXECUTION_DATE='2023-08-29T10:30:51.757984+00:00' AIRFLOW_CTX_TRY_NUMBER='1' AIRFLOW_CTX_DAG_RUN_ID='manual__2023-08-29T10:30:51.757984+00:00'
[2023-08-29T10:31:26.129+0000] {base.py:73} INFO - Using connection ID 'postgres_con' for task execution.
[2023-08-29T10:31:26.159+0000] {warnings.py:109} WARNING - /home/***/.local/lib/python3.8/site-packages/***/providers/common/sql/hooks/sql.py:219: UserWarning: pandas only supports SQLAlchemy connectable (engine/connection) or database string URI or sqlite3 DBAPI2 connection. Other DBAPI2 objects are not tested. Please consider using SQLAlchemy.
  return psql.read_sql(sql, con=conn, params=parameters, **kwargs)

[2023-08-29T10:31:26.554+0000] {base.py:73} INFO - Using connection ID 'postgres_con' for task execution.
[2023-08-29T10:31:26.612+0000] {base.py:73} INFO - Using connection ID 'postgres_con' for task execution.
[2023-08-29T10:31:26.671+0000] {base.py:73} INFO - Using connection ID 'postgres_con' for task execution.
[2023-08-29T10:31:26.727+0000] {base.py:73} INFO - Using connection ID 'postgres_con' for task execution.
[2023-08-29T10:31:26.781+0000] {base.py:73} INFO - Using connection ID 'postgres_con' for task execution.
[2023-08-29T10:31:26.843+0000] {base.py:73} INFO - Using connection ID 'postgres_con' for task execution.
[2023-08-29T10:31:26.909+0000] {base.py:73} INFO - Using connection ID 'postgres_con' for task execution.
[2023-08-29T10:31:26.963+0000] {base.py:73} INFO - Using connection ID 'postgres_con' for task execution.
[2023-08-29T10:31:27.020+0000] {base.py:73} INFO - Using connection ID 'postgres_con' for task execution.
[2023-08-29T10:31:27.074+0000] {base.py:73} INFO - Using connection ID 'postgres_con' for task execution.
[2023-08-29T10:31:27.139+0000] {base.py:73} INFO - Using connection ID 'postgres_con' for task execution.
[2023-08-29T10:31:27.210+0000] {base.py:73} INFO - Using connection ID 'postgres_con' for task execution.
[2023-08-29T10:31:27.308+0000] {base.py:73} INFO - Using connection ID 'postgres_con' for task execution.
[2023-08-29T10:31:27.369+0000] {base.py:73} INFO - Using connection ID 'postgres_con' for task execution.
[2023-08-29T10:31:27.429+0000] {base.py:73} INFO - Using connection ID 'postgres_con' for task execution.
[2023-08-29T10:31:27.483+0000] {base.py:73} INFO - Using connection ID 'postgres_con' for task execution.
[2023-08-29T10:31:27.535+0000] {base.py:73} INFO - Using connection ID 'postgres_con' for task execution.
[2023-08-29T10:31:27.590+0000] {base.py:73} INFO - Using connection ID 'postgres_con' for task execution.
[2023-08-29T10:31:27.644+0000] {base.py:73} INFO - Using connection ID 'postgres_con' for task execution.
[2023-08-29T10:31:27.699+0000] {base.py:73} INFO - Using connection ID 'postgres_con' for task execution.
[2023-08-29T10:31:27.764+0000] {base.py:73} INFO - Using connection ID 'postgres_con' for task execution.
[2023-08-29T10:31:27.819+0000] {base.py:73} INFO - Using connection ID 'postgres_con' for task execution.
[2023-08-29T10:31:27.873+0000] {base.py:73} INFO - Using connection ID 'postgres_con' for task execution.
[2023-08-29T10:31:27.936+0000] {base.py:73} INFO - Using connection ID 'postgres_con' for task execution.
[2023-08-29T10:31:28.025+0000] {base.py:73} INFO - Using connection ID 'postgres_con' for task execution.
[2023-08-29T10:31:28.078+0000] {base.py:73} INFO - Using connection ID 'postgres_con' for task execution.
[2023-08-29T10:31:28.133+0000] {base.py:73} INFO - Using connection ID 'postgres_con' for task execution.
[2023-08-29T10:31:28.186+0000] {base.py:73} INFO - Using connection ID 'postgres_con' for task execution.
[2023-08-29T10:31:28.245+0000] {base.py:73} INFO - Using connection ID 'postgres_con' for task execution.
[2023-08-29T10:31:28.303+0000] {base.py:73} INFO - Using connection ID 'postgres_con' for task execution.
[2023-08-29T10:31:28.372+0000] {base.py:73} INFO - Using connection ID 'postgres_con' for task execution.
[2023-08-29T10:31:28.448+0000] {base.py:73} INFO - Using connection ID 'postgres_con' for task execution.
[2023-08-29T10:31:28.578+0000] {base.py:73} INFO - Using connection ID 'postgres_con' for task execution.
[2023-08-29T10:31:28.641+0000] {base.py:73} INFO - Using connection ID 'postgres_con' for task execution.
[2023-08-29T10:31:28.698+0000] {base.py:73} INFO - Using connection ID 'postgres_con' for task execution.
[2023-08-29T10:31:28.760+0000] {base.py:73} INFO - Using connection ID 'postgres_con' for task execution.
[2023-08-29T10:31:28.824+0000] {base.py:73} INFO - Using connection ID 'postgres_con' for task execution.
[2023-08-29T10:31:28.883+0000] {base.py:73} INFO - Using connection ID 'postgres_con' for task execution.
[2023-08-29T10:31:28.937+0000] {base.py:73} INFO - Using connection ID 'postgres_con' for task execution.
[2023-08-29T10:31:28.990+0000] {base.py:73} INFO - Using connection ID 'postgres_con' for task execution.
[2023-08-29T10:31:29.070+0000] {base.py:73} INFO - Using connection ID 'postgres_con' for task execution.
[2023-08-29T10:31:29.135+0000] {base.py:73} INFO - Using connection ID 'postgres_con' for task execution.
[2023-08-29T10:31:29.192+0000] {base.py:73} INFO - Using connection ID 'postgres_con' for task execution.
[2023-08-29T10:31:29.256+0000] {base.py:73} INFO - Using connection ID 'postgres_con' for task execution.
[2023-08-29T10:31:29.333+0000] {base.py:73} INFO - Using connection ID 'postgres_con' for task execution.
[2023-08-29T10:31:29.420+0000] {base.py:73} INFO - Using connection ID 'postgres_con' for task execution.
[2023-08-29T10:31:29.511+0000] {base.py:73} INFO - Using connection ID 'postgres_con' for task execution.
[2023-08-29T10:31:29.572+0000] {base.py:73} INFO - Using connection ID 'postgres_con' for task execution.
[2023-08-29T10:31:29.644+0000] {base.py:73} INFO - Using connection ID 'postgres_con' for task execution.
[2023-08-29T10:31:29.708+0000] {base.py:73} INFO - Using connection ID 'postgres_con' for task execution.
[2023-08-29T10:31:29.779+0000] {base.py:73} INFO - Using connection ID 'postgres_con' for task execution.
[2023-08-29T10:31:29.846+0000] {base.py:73} INFO - Using connection ID 'postgres_con' for task execution.
[2023-08-29T10:31:29.899+0000] {base.py:73} INFO - Using connection ID 'postgres_con' for task execution.
[2023-08-29T10:31:29.966+0000] {base.py:73} INFO - Using connection ID 'postgres_con' for task execution.
[2023-08-29T10:31:30.036+0000] {base.py:73} INFO - Using connection ID 'postgres_con' for task execution.
[2023-08-29T10:31:30.117+0000] {base.py:73} INFO - Using connection ID 'postgres_con' for task execution.
[2023-08-29T10:31:30.181+0000] {base.py:73} INFO - Using connection ID 'postgres_con' for task execution.
[2023-08-29T10:31:30.241+0000] {base.py:73} INFO - Using connection ID 'postgres_con' for task execution.
[2023-08-29T10:31:30.301+0000] {base.py:73} INFO - Using connection ID 'postgres_con' for task execution.
[2023-08-29T10:31:30.361+0000] {base.py:73} INFO - Using connection ID 'postgres_con' for task execution.
[2023-08-29T10:31:30.427+0000] {base.py:73} INFO - Using connection ID 'postgres_con' for task execution.
[2023-08-29T10:31:30.481+0000] {base.py:73} INFO - Using connection ID 'postgres_con' for task execution.
[2023-08-29T10:31:30.540+0000] {base.py:73} INFO - Using connection ID 'postgres_con' for task execution.
[2023-08-29T10:31:30.618+0000] {base.py:73} INFO - Using connection ID 'postgres_con' for task execution.
[2023-08-29T10:31:30.688+0000] {base.py:73} INFO - Using connection ID 'postgres_con' for task execution.
[2023-08-29T10:31:30.759+0000] {base.py:73} INFO - Using connection ID 'postgres_con' for task execution.
[2023-08-29T10:31:30.816+0000] {base.py:73} INFO - Using connection ID 'postgres_con' for task execution.
[2023-08-29T10:31:30.870+0000] {base.py:73} INFO - Using connection ID 'postgres_con' for task execution.
[2023-08-29T10:31:30.926+0000] {base.py:73} INFO - Using connection ID 'postgres_con' for task execution.
[2023-08-29T10:31:30.985+0000] {base.py:73} INFO - Using connection ID 'postgres_con' for task execution.
[2023-08-29T10:31:31.042+0000] {base.py:73} INFO - Using connection ID 'postgres_con' for task execution.
[2023-08-29T10:31:31.102+0000] {base.py:73} INFO - Using connection ID 'postgres_con' for task execution.
[2023-08-29T10:31:31.160+0000] {base.py:73} INFO - Using connection ID 'postgres_con' for task execution.
[2023-08-29T10:31:31.250+0000] {base.py:73} INFO - Using connection ID 'postgres_con' for task execution.
[2023-08-29T10:31:31.323+0000] {base.py:73} INFO - Using connection ID 'postgres_con' for task execution.
[2023-08-29T10:31:31.395+0000] {base.py:73} INFO - Using connection ID 'postgres_con' for task execution.
[2023-08-29T10:31:31.448+0000] {base.py:73} INFO - Using connection ID 'postgres_con' for task execution.
[2023-08-29T10:31:31.503+0000] {base.py:73} INFO - Using connection ID 'postgres_con' for task execution.
[2023-08-29T10:31:31.565+0000] {base.py:73} INFO - Using connection ID 'postgres_con' for task execution.
[2023-08-29T10:31:31.618+0000] {base.py:73} INFO - Using connection ID 'postgres_con' for task execution.
[2023-08-29T10:31:31.678+0000] {base.py:73} INFO - Using connection ID 'postgres_con' for task execution.
[2023-08-29T10:31:31.734+0000] {base.py:73} INFO - Using connection ID 'postgres_con' for task execution.
[2023-08-29T10:31:31.790+0000] {base.py:73} INFO - Using connection ID 'postgres_con' for task execution.
[2023-08-29T10:31:31.851+0000] {base.py:73} INFO - Using connection ID 'postgres_con' for task execution.
[2023-08-29T10:31:31.905+0000] {base.py:73} INFO - Using connection ID 'postgres_con' for task execution.
[2023-08-29T10:31:31.959+0000] {base.py:73} INFO - Using connection ID 'postgres_con' for task execution.
[2023-08-29T10:31:32.014+0000] {base.py:73} INFO - Using connection ID 'postgres_con' for task execution.
[2023-08-29T10:31:32.068+0000] {base.py:73} INFO - Using connection ID 'postgres_con' for task execution.
[2023-08-29T10:31:32.122+0000] {base.py:73} INFO - Using connection ID 'postgres_con' for task execution.
[2023-08-29T10:31:32.184+0000] {base.py:73} INFO - Using connection ID 'postgres_con' for task execution.
[2023-08-29T10:31:32.238+0000] {base.py:73} INFO - Using connection ID 'postgres_con' for task execution.
[2023-08-29T10:31:32.293+0000] {base.py:73} INFO - Using connection ID 'postgres_con' for task execution.
[2023-08-29T10:31:32.348+0000] {base.py:73} INFO - Using connection ID 'postgres_con' for task execution.
[2023-08-29T10:31:32.404+0000] {base.py:73} INFO - Using connection ID 'postgres_con' for task execution.
[2023-08-29T10:31:32.459+0000] {base.py:73} INFO - Using connection ID 'postgres_con' for task execution.
[2023-08-29T10:31:32.518+0000] {base.py:73} INFO - Using connection ID 'postgres_con' for task execution.
[2023-08-29T10:31:32.575+0000] {base.py:73} INFO - Using connection ID 'postgres_con' for task execution.
[2023-08-29T10:31:32.630+0000] {base.py:73} INFO - Using connection ID 'postgres_con' for task execution.
[2023-08-29T10:31:32.684+0000] {base.py:73} INFO - Using connection ID 'postgres_con' for task execution.
[2023-08-29T10:31:32.735+0000] {base.py:73} INFO - Using connection ID 'postgres_con' for task execution.
[2023-08-29T10:31:32.789+0000] {base.py:73} INFO - Using connection ID 'postgres_con' for task execution.
[2023-08-29T10:31:32.854+0000] {base.py:73} INFO - Using connection ID 'postgres_con' for task execution.
[2023-08-29T10:31:32.924+0000] {base.py:73} INFO - Using connection ID 'postgres_con' for task execution.
[2023-08-29T10:31:32.996+0000] {base.py:73} INFO - Using connection ID 'postgres_con' for task execution.
[2023-08-29T10:31:33.078+0000] {base.py:73} INFO - Using connection ID 'postgres_con' for task execution.
[2023-08-29T10:31:33.141+0000] {base.py:73} INFO - Using connection ID 'postgres_con' for task execution.
[2023-08-29T10:31:33.204+0000] {base.py:73} INFO - Using connection ID 'postgres_con' for task execution.
[2023-08-29T10:31:33.272+0000] {base.py:73} INFO - Using connection ID 'postgres_con' for task execution.
[2023-08-29T10:31:33.338+0000] {base.py:73} INFO - Using connection ID 'postgres_con' for task execution.
[2023-08-29T10:31:33.403+0000] {base.py:73} INFO - Using connection ID 'postgres_con' for task execution.
[2023-08-29T10:31:33.460+0000] {base.py:73} INFO - Using connection ID 'postgres_con' for task execution.
[2023-08-29T10:31:33.520+0000] {base.py:73} INFO - Using connection ID 'postgres_con' for task execution.
[2023-08-29T10:31:33.579+0000] {base.py:73} INFO - Using connection ID 'postgres_con' for task execution.
[2023-08-29T10:31:33.638+0000] {base.py:73} INFO - Using connection ID 'postgres_con' for task execution.
[2023-08-29T10:31:33.694+0000] {base.py:73} INFO - Using connection ID 'postgres_con' for task execution.
[2023-08-29T10:31:33.755+0000] {base.py:73} INFO - Using connection ID 'postgres_con' for task execution.
[2023-08-29T10:31:33.814+0000] {base.py:73} INFO - Using connection ID 'postgres_con' for task execution.
[2023-08-29T10:31:33.891+0000] {base.py:73} INFO - Using connection ID 'postgres_con' for task execution.
[2023-08-29T10:31:34.000+0000] {base.py:73} INFO - Using connection ID 'postgres_con' for task execution.
[2023-08-29T10:31:34.132+0000] {base.py:73} INFO - Using connection ID 'postgres_con' for task execution.
[2023-08-29T10:31:34.258+0000] {base.py:73} INFO - Using connection ID 'postgres_con' for task execution.
[2023-08-29T10:31:34.398+0000] {base.py:73} INFO - Using connection ID 'postgres_con' for task execution.
[2023-08-29T10:31:34.534+0000] {base.py:73} INFO - Using connection ID 'postgres_con' for task execution.
[2023-08-29T10:31:34.668+0000] {base.py:73} INFO - Using connection ID 'postgres_con' for task execution.
[2023-08-29T10:31:34.759+0000] {base.py:73} INFO - Using connection ID 'postgres_con' for task execution.
[2023-08-29T10:31:34.858+0000] {base.py:73} INFO - Using connection ID 'postgres_con' for task execution.
[2023-08-29T10:31:34.925+0000] {base.py:73} INFO - Using connection ID 'postgres_con' for task execution.
[2023-08-29T10:31:34.991+0000] {base.py:73} INFO - Using connection ID 'postgres_con' for task execution.
[2023-08-29T10:31:35.057+0000] {base.py:73} INFO - Using connection ID 'postgres_con' for task execution.
[2023-08-29T10:31:35.121+0000] {base.py:73} INFO - Using connection ID 'postgres_con' for task execution.
[2023-08-29T10:31:35.196+0000] {base.py:73} INFO - Using connection ID 'postgres_con' for task execution.
[2023-08-29T10:31:35.289+0000] {base.py:73} INFO - Using connection ID 'postgres_con' for task execution.
[2023-08-29T10:31:35.394+0000] {base.py:73} INFO - Using connection ID 'postgres_con' for task execution.
[2023-08-29T10:31:35.501+0000] {base.py:73} INFO - Using connection ID 'postgres_con' for task execution.
[2023-08-29T10:31:35.586+0000] {base.py:73} INFO - Using connection ID 'postgres_con' for task execution.
[2023-08-29T10:31:35.715+0000] {base.py:73} INFO - Using connection ID 'postgres_con' for task execution.
[2023-08-29T10:31:35.815+0000] {base.py:73} INFO - Using connection ID 'postgres_con' for task execution.
[2023-08-29T10:31:35.928+0000] {base.py:73} INFO - Using connection ID 'postgres_con' for task execution.
[2023-08-29T10:31:36.029+0000] {base.py:73} INFO - Using connection ID 'postgres_con' for task execution.
[2023-08-29T10:31:36.125+0000] {base.py:73} INFO - Using connection ID 'postgres_con' for task execution.
[2023-08-29T10:31:36.238+0000] {base.py:73} INFO - Using connection ID 'postgres_con' for task execution.
[2023-08-29T10:31:36.339+0000] {base.py:73} INFO - Using connection ID 'postgres_con' for task execution.
[2023-08-29T10:31:36.432+0000] {base.py:73} INFO - Using connection ID 'postgres_con' for task execution.
[2023-08-29T10:31:36.522+0000] {base.py:73} INFO - Using connection ID 'postgres_con' for task execution.
[2023-08-29T10:31:36.583+0000] {base.py:73} INFO - Using connection ID 'postgres_con' for task execution.
[2023-08-29T10:31:36.649+0000] {base.py:73} INFO - Using connection ID 'postgres_con' for task execution.
[2023-08-29T10:31:36.720+0000] {base.py:73} INFO - Using connection ID 'postgres_con' for task execution.
[2023-08-29T10:31:36.780+0000] {base.py:73} INFO - Using connection ID 'postgres_con' for task execution.
[2023-08-29T10:31:36.841+0000] {base.py:73} INFO - Using connection ID 'postgres_con' for task execution.
[2023-08-29T10:31:36.904+0000] {base.py:73} INFO - Using connection ID 'postgres_con' for task execution.
[2023-08-29T10:31:36.970+0000] {base.py:73} INFO - Using connection ID 'postgres_con' for task execution.
[2023-08-29T10:31:37.037+0000] {base.py:73} INFO - Using connection ID 'postgres_con' for task execution.
[2023-08-29T10:31:37.090+0000] {base.py:73} INFO - Using connection ID 'postgres_con' for task execution.
[2023-08-29T10:31:37.146+0000] {base.py:73} INFO - Using connection ID 'postgres_con' for task execution.
[2023-08-29T10:31:37.203+0000] {base.py:73} INFO - Using connection ID 'postgres_con' for task execution.
[2023-08-29T10:31:37.259+0000] {base.py:73} INFO - Using connection ID 'postgres_con' for task execution.
[2023-08-29T10:31:37.326+0000] {base.py:73} INFO - Using connection ID 'postgres_con' for task execution.
[2023-08-29T10:31:37.392+0000] {base.py:73} INFO - Using connection ID 'postgres_con' for task execution.
[2023-08-29T10:31:37.447+0000] {base.py:73} INFO - Using connection ID 'postgres_con' for task execution.
[2023-08-29T10:31:37.500+0000] {base.py:73} INFO - Using connection ID 'postgres_con' for task execution.
[2023-08-29T10:31:37.563+0000] {base.py:73} INFO - Using connection ID 'postgres_con' for task execution.
[2023-08-29T10:31:37.617+0000] {base.py:73} INFO - Using connection ID 'postgres_con' for task execution.
[2023-08-29T10:31:37.671+0000] {base.py:73} INFO - Using connection ID 'postgres_con' for task execution.
[2023-08-29T10:31:37.728+0000] {base.py:73} INFO - Using connection ID 'postgres_con' for task execution.
[2023-08-29T10:31:37.784+0000] {base.py:73} INFO - Using connection ID 'postgres_con' for task execution.
[2023-08-29T10:31:37.839+0000] {base.py:73} INFO - Using connection ID 'postgres_con' for task execution.
[2023-08-29T10:31:37.898+0000] {base.py:73} INFO - Using connection ID 'postgres_con' for task execution.
[2023-08-29T10:31:37.975+0000] {base.py:73} INFO - Using connection ID 'postgres_con' for task execution.
[2023-08-29T10:31:38.061+0000] {base.py:73} INFO - Using connection ID 'postgres_con' for task execution.
[2023-08-29T10:31:38.126+0000] {base.py:73} INFO - Using connection ID 'postgres_con' for task execution.
[2023-08-29T10:31:38.184+0000] {base.py:73} INFO - Using connection ID 'postgres_con' for task execution.
[2023-08-29T10:31:38.241+0000] {base.py:73} INFO - Using connection ID 'postgres_con' for task execution.
[2023-08-29T10:31:38.300+0000] {base.py:73} INFO - Using connection ID 'postgres_con' for task execution.
[2023-08-29T10:31:38.355+0000] {base.py:73} INFO - Using connection ID 'postgres_con' for task execution.
[2023-08-29T10:31:38.410+0000] {base.py:73} INFO - Using connection ID 'postgres_con' for task execution.
[2023-08-29T10:31:38.468+0000] {base.py:73} INFO - Using connection ID 'postgres_con' for task execution.
[2023-08-29T10:31:38.525+0000] {base.py:73} INFO - Using connection ID 'postgres_con' for task execution.
[2023-08-29T10:31:38.588+0000] {base.py:73} INFO - Using connection ID 'postgres_con' for task execution.
[2023-08-29T10:31:38.645+0000] {base.py:73} INFO - Using connection ID 'postgres_con' for task execution.
[2023-08-29T10:31:38.700+0000] {base.py:73} INFO - Using connection ID 'postgres_con' for task execution.
[2023-08-29T10:31:38.753+0000] {base.py:73} INFO - Using connection ID 'postgres_con' for task execution.
[2023-08-29T10:31:38.812+0000] {base.py:73} INFO - Using connection ID 'postgres_con' for task execution.
[2023-08-29T10:31:38.869+0000] {base.py:73} INFO - Using connection ID 'postgres_con' for task execution.
[2023-08-29T10:31:38.920+0000] {base.py:73} INFO - Using connection ID 'postgres_con' for task execution.
[2023-08-29T10:31:38.973+0000] {base.py:73} INFO - Using connection ID 'postgres_con' for task execution.
[2023-08-29T10:31:39.029+0000] {base.py:73} INFO - Using connection ID 'postgres_con' for task execution.
[2023-08-29T10:31:39.097+0000] {base.py:73} INFO - Using connection ID 'postgres_con' for task execution.
[2023-08-29T10:31:39.157+0000] {base.py:73} INFO - Using connection ID 'postgres_con' for task execution.
[2023-08-29T10:31:39.210+0000] {base.py:73} INFO - Using connection ID 'postgres_con' for task execution.
[2023-08-29T10:31:39.264+0000] {base.py:73} INFO - Using connection ID 'postgres_con' for task execution.
[2023-08-29T10:31:39.316+0000] {base.py:73} INFO - Using connection ID 'postgres_con' for task execution.
[2023-08-29T10:31:39.375+0000] {base.py:73} INFO - Using connection ID 'postgres_con' for task execution.
[2023-08-29T10:31:39.432+0000] {base.py:73} INFO - Using connection ID 'postgres_con' for task execution.
[2023-08-29T10:31:39.488+0000] {base.py:73} INFO - Using connection ID 'postgres_con' for task execution.
[2023-08-29T10:31:39.548+0000] {base.py:73} INFO - Using connection ID 'postgres_con' for task execution.
[2023-08-29T10:31:39.607+0000] {base.py:73} INFO - Using connection ID 'postgres_con' for task execution.
[2023-08-29T10:31:39.664+0000] {base.py:73} INFO - Using connection ID 'postgres_con' for task execution.
[2023-08-29T10:31:39.720+0000] {base.py:73} INFO - Using connection ID 'postgres_con' for task execution.
[2023-08-29T10:31:39.774+0000] {base.py:73} INFO - Using connection ID 'postgres_con' for task execution.
[2023-08-29T10:31:39.837+0000] {base.py:73} INFO - Using connection ID 'postgres_con' for task execution.
[2023-08-29T10:31:39.897+0000] {base.py:73} INFO - Using connection ID 'postgres_con' for task execution.
[2023-08-29T10:31:39.952+0000] {base.py:73} INFO - Using connection ID 'postgres_con' for task execution.
[2023-08-29T10:31:40.010+0000] {base.py:73} INFO - Using connection ID 'postgres_con' for task execution.
[2023-08-29T10:31:40.092+0000] {base.py:73} INFO - Using connection ID 'postgres_con' for task execution.
[2023-08-29T10:31:40.190+0000] {base.py:73} INFO - Using connection ID 'postgres_con' for task execution.
[2023-08-29T10:31:40.245+0000] {base.py:73} INFO - Using connection ID 'postgres_con' for task execution.
[2023-08-29T10:31:40.303+0000] {base.py:73} INFO - Using connection ID 'postgres_con' for task execution.
[2023-08-29T10:31:40.359+0000] {base.py:73} INFO - Using connection ID 'postgres_con' for task execution.
[2023-08-29T10:31:40.419+0000] {base.py:73} INFO - Using connection ID 'postgres_con' for task execution.
[2023-08-29T10:31:40.554+0000] {base.py:73} INFO - Using connection ID 'postgres_con' for task execution.
[2023-08-29T10:31:40.646+0000] {base.py:73} INFO - Using connection ID 'postgres_con' for task execution.
[2023-08-29T10:31:40.745+0000] {base.py:73} INFO - Using connection ID 'postgres_con' for task execution.
[2023-08-29T10:31:40.822+0000] {base.py:73} INFO - Using connection ID 'postgres_con' for task execution.
[2023-08-29T10:31:40.884+0000] {base.py:73} INFO - Using connection ID 'postgres_con' for task execution.
[2023-08-29T10:31:40.943+0000] {base.py:73} INFO - Using connection ID 'postgres_con' for task execution.
[2023-08-29T10:31:40.998+0000] {base.py:73} INFO - Using connection ID 'postgres_con' for task execution.
[2023-08-29T10:31:41.060+0000] {base.py:73} INFO - Using connection ID 'postgres_con' for task execution.
[2023-08-29T10:31:41.121+0000] {base.py:73} INFO - Using connection ID 'postgres_con' for task execution.
[2023-08-29T10:31:41.181+0000] {base.py:73} INFO - Using connection ID 'postgres_con' for task execution.
[2023-08-29T10:31:41.257+0000] {base.py:73} INFO - Using connection ID 'postgres_con' for task execution.
[2023-08-29T10:31:41.336+0000] {base.py:73} INFO - Using connection ID 'postgres_con' for task execution.
[2023-08-29T10:31:41.423+0000] {base.py:73} INFO - Using connection ID 'postgres_con' for task execution.
[2023-08-29T10:31:41.491+0000] {base.py:73} INFO - Using connection ID 'postgres_con' for task execution.
[2023-08-29T10:31:41.552+0000] {base.py:73} INFO - Using connection ID 'postgres_con' for task execution.
[2023-08-29T10:31:41.616+0000] {base.py:73} INFO - Using connection ID 'postgres_con' for task execution.
[2023-08-29T10:31:41.674+0000] {base.py:73} INFO - Using connection ID 'postgres_con' for task execution.
[2023-08-29T10:31:41.730+0000] {base.py:73} INFO - Using connection ID 'postgres_con' for task execution.
[2023-08-29T10:31:41.790+0000] {base.py:73} INFO - Using connection ID 'postgres_con' for task execution.
[2023-08-29T10:31:41.850+0000] {base.py:73} INFO - Using connection ID 'postgres_con' for task execution.
[2023-08-29T10:31:41.912+0000] {base.py:73} INFO - Using connection ID 'postgres_con' for task execution.
[2023-08-29T10:31:41.971+0000] {base.py:73} INFO - Using connection ID 'postgres_con' for task execution.
[2023-08-29T10:31:42.027+0000] {base.py:73} INFO - Using connection ID 'postgres_con' for task execution.
[2023-08-29T10:31:42.086+0000] {base.py:73} INFO - Using connection ID 'postgres_con' for task execution.
[2023-08-29T10:31:42.139+0000] {base.py:73} INFO - Using connection ID 'postgres_con' for task execution.
[2023-08-29T10:31:42.199+0000] {base.py:73} INFO - Using connection ID 'postgres_con' for task execution.
[2023-08-29T10:31:42.254+0000] {base.py:73} INFO - Using connection ID 'postgres_con' for task execution.
[2023-08-29T10:31:42.312+0000] {base.py:73} INFO - Using connection ID 'postgres_con' for task execution.
[2023-08-29T10:31:42.369+0000] {base.py:73} INFO - Using connection ID 'postgres_con' for task execution.
[2023-08-29T10:31:42.425+0000] {base.py:73} INFO - Using connection ID 'postgres_con' for task execution.
[2023-08-29T10:31:42.490+0000] {base.py:73} INFO - Using connection ID 'postgres_con' for task execution.
[2023-08-29T10:31:42.546+0000] {base.py:73} INFO - Using connection ID 'postgres_con' for task execution.
[2023-08-29T10:31:42.602+0000] {base.py:73} INFO - Using connection ID 'postgres_con' for task execution.
[2023-08-29T10:31:42.655+0000] {base.py:73} INFO - Using connection ID 'postgres_con' for task execution.
[2023-08-29T10:31:42.710+0000] {base.py:73} INFO - Using connection ID 'postgres_con' for task execution.
[2023-08-29T10:31:42.770+0000] {base.py:73} INFO - Using connection ID 'postgres_con' for task execution.
[2023-08-29T10:31:42.823+0000] {base.py:73} INFO - Using connection ID 'postgres_con' for task execution.
[2023-08-29T10:31:42.874+0000] {base.py:73} INFO - Using connection ID 'postgres_con' for task execution.
[2023-08-29T10:31:42.926+0000] {base.py:73} INFO - Using connection ID 'postgres_con' for task execution.
[2023-08-29T10:31:42.987+0000] {base.py:73} INFO - Using connection ID 'postgres_con' for task execution.
[2023-08-29T10:31:43.049+0000] {base.py:73} INFO - Using connection ID 'postgres_con' for task execution.
[2023-08-29T10:31:43.120+0000] {base.py:73} INFO - Using connection ID 'postgres_con' for task execution.
[2023-08-29T10:31:43.191+0000] {base.py:73} INFO - Using connection ID 'postgres_con' for task execution.
[2023-08-29T10:31:43.245+0000] {base.py:73} INFO - Using connection ID 'postgres_con' for task execution.
[2023-08-29T10:31:43.308+0000] {base.py:73} INFO - Using connection ID 'postgres_con' for task execution.
[2023-08-29T10:31:43.363+0000] {base.py:73} INFO - Using connection ID 'postgres_con' for task execution.
[2023-08-29T10:31:43.416+0000] {base.py:73} INFO - Using connection ID 'postgres_con' for task execution.
[2023-08-29T10:31:43.471+0000] {base.py:73} INFO - Using connection ID 'postgres_con' for task execution.
[2023-08-29T10:31:43.531+0000] {base.py:73} INFO - Using connection ID 'postgres_con' for task execution.
[2023-08-29T10:31:43.590+0000] {base.py:73} INFO - Using connection ID 'postgres_con' for task execution.
[2023-08-29T10:31:43.660+0000] {base.py:73} INFO - Using connection ID 'postgres_con' for task execution.
[2023-08-29T10:31:43.716+0000] {base.py:73} INFO - Using connection ID 'postgres_con' for task execution.
[2023-08-29T10:31:43.778+0000] {base.py:73} INFO - Using connection ID 'postgres_con' for task execution.
[2023-08-29T10:31:43.834+0000] {base.py:73} INFO - Using connection ID 'postgres_con' for task execution.
[2023-08-29T10:31:43.891+0000] {base.py:73} INFO - Using connection ID 'postgres_con' for task execution.
[2023-08-29T10:31:43.950+0000] {base.py:73} INFO - Using connection ID 'postgres_con' for task execution.
[2023-08-29T10:31:44.006+0000] {base.py:73} INFO - Using connection ID 'postgres_con' for task execution.
[2023-08-29T10:31:44.059+0000] {base.py:73} INFO - Using connection ID 'postgres_con' for task execution.
[2023-08-29T10:31:44.114+0000] {base.py:73} INFO - Using connection ID 'postgres_con' for task execution.
[2023-08-29T10:31:44.175+0000] {base.py:73} INFO - Using connection ID 'postgres_con' for task execution.
[2023-08-29T10:31:44.242+0000] {base.py:73} INFO - Using connection ID 'postgres_con' for task execution.
[2023-08-29T10:31:44.297+0000] {base.py:73} INFO - Using connection ID 'postgres_con' for task execution.
[2023-08-29T10:31:44.352+0000] {base.py:73} INFO - Using connection ID 'postgres_con' for task execution.
[2023-08-29T10:31:44.408+0000] {base.py:73} INFO - Using connection ID 'postgres_con' for task execution.
[2023-08-29T10:31:44.465+0000] {base.py:73} INFO - Using connection ID 'postgres_con' for task execution.
[2023-08-29T10:31:44.520+0000] {base.py:73} INFO - Using connection ID 'postgres_con' for task execution.
[2023-08-29T10:31:44.572+0000] {base.py:73} INFO - Using connection ID 'postgres_con' for task execution.
[2023-08-29T10:31:44.631+0000] {base.py:73} INFO - Using connection ID 'postgres_con' for task execution.
[2023-08-29T10:31:44.687+0000] {base.py:73} INFO - Using connection ID 'postgres_con' for task execution.
[2023-08-29T10:31:44.740+0000] {base.py:73} INFO - Using connection ID 'postgres_con' for task execution.
[2023-08-29T10:31:44.808+0000] {base.py:73} INFO - Using connection ID 'postgres_con' for task execution.
[2023-08-29T10:31:44.866+0000] {base.py:73} INFO - Using connection ID 'postgres_con' for task execution.
[2023-08-29T10:31:44.928+0000] {base.py:73} INFO - Using connection ID 'postgres_con' for task execution.
[2023-08-29T10:31:44.982+0000] {base.py:73} INFO - Using connection ID 'postgres_con' for task execution.
[2023-08-29T10:31:45.039+0000] {base.py:73} INFO - Using connection ID 'postgres_con' for task execution.
[2023-08-29T10:31:45.094+0000] {base.py:73} INFO - Using connection ID 'postgres_con' for task execution.
[2023-08-29T10:31:45.152+0000] {base.py:73} INFO - Using connection ID 'postgres_con' for task execution.
[2023-08-29T10:31:45.208+0000] {base.py:73} INFO - Using connection ID 'postgres_con' for task execution.
[2023-08-29T10:31:45.260+0000] {base.py:73} INFO - Using connection ID 'postgres_con' for task execution.
[2023-08-29T10:31:45.324+0000] {base.py:73} INFO - Using connection ID 'postgres_con' for task execution.
[2023-08-29T10:31:45.380+0000] {base.py:73} INFO - Using connection ID 'postgres_con' for task execution.
[2023-08-29T10:31:45.435+0000] {base.py:73} INFO - Using connection ID 'postgres_con' for task execution.
[2023-08-29T10:31:45.488+0000] {base.py:73} INFO - Using connection ID 'postgres_con' for task execution.
[2023-08-29T10:31:45.543+0000] {base.py:73} INFO - Using connection ID 'postgres_con' for task execution.
[2023-08-29T10:31:45.597+0000] {base.py:73} INFO - Using connection ID 'postgres_con' for task execution.
[2023-08-29T10:31:45.662+0000] {base.py:73} INFO - Using connection ID 'postgres_con' for task execution.
[2023-08-29T10:31:45.718+0000] {base.py:73} INFO - Using connection ID 'postgres_con' for task execution.
[2023-08-29T10:31:45.771+0000] {base.py:73} INFO - Using connection ID 'postgres_con' for task execution.
[2023-08-29T10:31:45.826+0000] {base.py:73} INFO - Using connection ID 'postgres_con' for task execution.
[2023-08-29T10:31:45.880+0000] {base.py:73} INFO - Using connection ID 'postgres_con' for task execution.
[2023-08-29T10:31:45.934+0000] {base.py:73} INFO - Using connection ID 'postgres_con' for task execution.
[2023-08-29T10:31:45.985+0000] {base.py:73} INFO - Using connection ID 'postgres_con' for task execution.
[2023-08-29T10:31:46.040+0000] {base.py:73} INFO - Using connection ID 'postgres_con' for task execution.
[2023-08-29T10:31:46.092+0000] {base.py:73} INFO - Using connection ID 'postgres_con' for task execution.
[2023-08-29T10:31:46.146+0000] {base.py:73} INFO - Using connection ID 'postgres_con' for task execution.
[2023-08-29T10:31:46.202+0000] {base.py:73} INFO - Using connection ID 'postgres_con' for task execution.
[2023-08-29T10:31:46.255+0000] {base.py:73} INFO - Using connection ID 'postgres_con' for task execution.
[2023-08-29T10:31:46.310+0000] {base.py:73} INFO - Using connection ID 'postgres_con' for task execution.
[2023-08-29T10:31:46.363+0000] {base.py:73} INFO - Using connection ID 'postgres_con' for task execution.
[2023-08-29T10:31:46.417+0000] {base.py:73} INFO - Using connection ID 'postgres_con' for task execution.
[2023-08-29T10:31:46.511+0000] {base.py:73} INFO - Using connection ID 'postgres_con' for task execution.
[2023-08-29T10:31:46.582+0000] {base.py:73} INFO - Using connection ID 'postgres_con' for task execution.
[2023-08-29T10:31:46.637+0000] {base.py:73} INFO - Using connection ID 'postgres_con' for task execution.
[2023-08-29T10:31:46.693+0000] {base.py:73} INFO - Using connection ID 'postgres_con' for task execution.
[2023-08-29T10:31:46.747+0000] {base.py:73} INFO - Using connection ID 'postgres_con' for task execution.
[2023-08-29T10:31:46.801+0000] {base.py:73} INFO - Using connection ID 'postgres_con' for task execution.
[2023-08-29T10:31:46.856+0000] {base.py:73} INFO - Using connection ID 'postgres_con' for task execution.
[2023-08-29T10:31:46.909+0000] {base.py:73} INFO - Using connection ID 'postgres_con' for task execution.
[2023-08-29T10:31:46.963+0000] {base.py:73} INFO - Using connection ID 'postgres_con' for task execution.
[2023-08-29T10:31:47.020+0000] {base.py:73} INFO - Using connection ID 'postgres_con' for task execution.
[2023-08-29T10:31:47.072+0000] {base.py:73} INFO - Using connection ID 'postgres_con' for task execution.
[2023-08-29T10:31:47.128+0000] {base.py:73} INFO - Using connection ID 'postgres_con' for task execution.
[2023-08-29T10:31:47.180+0000] {base.py:73} INFO - Using connection ID 'postgres_con' for task execution.
[2023-08-29T10:31:47.238+0000] {base.py:73} INFO - Using connection ID 'postgres_con' for task execution.
[2023-08-29T10:31:47.290+0000] {base.py:73} INFO - Using connection ID 'postgres_con' for task execution.
[2023-08-29T10:31:47.368+0000] {base.py:73} INFO - Using connection ID 'postgres_con' for task execution.
[2023-08-29T10:31:47.447+0000] {base.py:73} INFO - Using connection ID 'postgres_con' for task execution.
[2023-08-29T10:31:47.500+0000] {base.py:73} INFO - Using connection ID 'postgres_con' for task execution.
[2023-08-29T10:31:47.552+0000] {base.py:73} INFO - Using connection ID 'postgres_con' for task execution.
[2023-08-29T10:31:47.610+0000] {base.py:73} INFO - Using connection ID 'postgres_con' for task execution.
[2023-08-29T10:31:47.675+0000] {base.py:73} INFO - Using connection ID 'postgres_con' for task execution.
[2023-08-29T10:31:47.748+0000] {base.py:73} INFO - Using connection ID 'postgres_con' for task execution.
[2023-08-29T10:31:47.801+0000] {base.py:73} INFO - Using connection ID 'postgres_con' for task execution.
[2023-08-29T10:31:47.858+0000] {base.py:73} INFO - Using connection ID 'postgres_con' for task execution.
[2023-08-29T10:31:47.914+0000] {base.py:73} INFO - Using connection ID 'postgres_con' for task execution.
[2023-08-29T10:31:47.983+0000] {base.py:73} INFO - Using connection ID 'postgres_con' for task execution.
[2023-08-29T10:31:48.035+0000] {base.py:73} INFO - Using connection ID 'postgres_con' for task execution.
[2023-08-29T10:31:48.087+0000] {base.py:73} INFO - Using connection ID 'postgres_con' for task execution.
[2023-08-29T10:31:48.147+0000] {base.py:73} INFO - Using connection ID 'postgres_con' for task execution.
[2023-08-29T10:31:48.199+0000] {base.py:73} INFO - Using connection ID 'postgres_con' for task execution.
[2023-08-29T10:31:48.253+0000] {base.py:73} INFO - Using connection ID 'postgres_con' for task execution.
[2023-08-29T10:31:48.311+0000] {base.py:73} INFO - Using connection ID 'postgres_con' for task execution.
[2023-08-29T10:31:48.365+0000] {base.py:73} INFO - Using connection ID 'postgres_con' for task execution.
[2023-08-29T10:31:48.417+0000] {base.py:73} INFO - Using connection ID 'postgres_con' for task execution.
[2023-08-29T10:31:48.471+0000] {base.py:73} INFO - Using connection ID 'postgres_con' for task execution.
[2023-08-29T10:31:48.528+0000] {base.py:73} INFO - Using connection ID 'postgres_con' for task execution.
[2023-08-29T10:31:48.585+0000] {base.py:73} INFO - Using connection ID 'postgres_con' for task execution.
[2023-08-29T10:31:48.639+0000] {base.py:73} INFO - Using connection ID 'postgres_con' for task execution.
[2023-08-29T10:31:48.691+0000] {base.py:73} INFO - Using connection ID 'postgres_con' for task execution.
[2023-08-29T10:31:48.745+0000] {base.py:73} INFO - Using connection ID 'postgres_con' for task execution.
[2023-08-29T10:31:48.800+0000] {base.py:73} INFO - Using connection ID 'postgres_con' for task execution.
[2023-08-29T10:31:48.862+0000] {base.py:73} INFO - Using connection ID 'postgres_con' for task execution.
[2023-08-29T10:31:48.929+0000] {base.py:73} INFO - Using connection ID 'postgres_con' for task execution.
[2023-08-29T10:31:48.995+0000] {base.py:73} INFO - Using connection ID 'postgres_con' for task execution.
[2023-08-29T10:31:49.052+0000] {base.py:73} INFO - Using connection ID 'postgres_con' for task execution.
[2023-08-29T10:31:49.106+0000] {base.py:73} INFO - Using connection ID 'postgres_con' for task execution.
[2023-08-29T10:31:49.159+0000] {base.py:73} INFO - Using connection ID 'postgres_con' for task execution.
[2023-08-29T10:31:49.212+0000] {base.py:73} INFO - Using connection ID 'postgres_con' for task execution.
[2023-08-29T10:31:49.264+0000] {base.py:73} INFO - Using connection ID 'postgres_con' for task execution.
[2023-08-29T10:31:49.319+0000] {base.py:73} INFO - Using connection ID 'postgres_con' for task execution.
[2023-08-29T10:31:49.373+0000] {base.py:73} INFO - Using connection ID 'postgres_con' for task execution.
[2023-08-29T10:31:49.427+0000] {base.py:73} INFO - Using connection ID 'postgres_con' for task execution.
[2023-08-29T10:31:49.483+0000] {base.py:73} INFO - Using connection ID 'postgres_con' for task execution.
[2023-08-29T10:31:49.538+0000] {base.py:73} INFO - Using connection ID 'postgres_con' for task execution.
[2023-08-29T10:31:49.602+0000] {base.py:73} INFO - Using connection ID 'postgres_con' for task execution.
[2023-08-29T10:31:49.656+0000] {base.py:73} INFO - Using connection ID 'postgres_con' for task execution.
[2023-08-29T10:31:49.708+0000] {base.py:73} INFO - Using connection ID 'postgres_con' for task execution.
[2023-08-29T10:31:49.764+0000] {base.py:73} INFO - Using connection ID 'postgres_con' for task execution.
[2023-08-29T10:31:49.822+0000] {base.py:73} INFO - Using connection ID 'postgres_con' for task execution.
[2023-08-29T10:31:49.879+0000] {base.py:73} INFO - Using connection ID 'postgres_con' for task execution.
[2023-08-29T10:31:49.933+0000] {base.py:73} INFO - Using connection ID 'postgres_con' for task execution.
[2023-08-29T10:31:49.990+0000] {base.py:73} INFO - Using connection ID 'postgres_con' for task execution.
[2023-08-29T10:31:50.060+0000] {base.py:73} INFO - Using connection ID 'postgres_con' for task execution.
[2023-08-29T10:31:50.116+0000] {base.py:73} INFO - Using connection ID 'postgres_con' for task execution.
[2023-08-29T10:31:50.182+0000] {base.py:73} INFO - Using connection ID 'postgres_con' for task execution.
[2023-08-29T10:31:50.260+0000] {base.py:73} INFO - Using connection ID 'postgres_con' for task execution.
[2023-08-29T10:31:50.321+0000] {base.py:73} INFO - Using connection ID 'postgres_con' for task execution.
[2023-08-29T10:31:50.380+0000] {base.py:73} INFO - Using connection ID 'postgres_con' for task execution.
[2023-08-29T10:31:50.431+0000] {base.py:73} INFO - Using connection ID 'postgres_con' for task execution.
[2023-08-29T10:31:50.487+0000] {base.py:73} INFO - Using connection ID 'postgres_con' for task execution.
[2023-08-29T10:31:50.579+0000] {base.py:73} INFO - Using connection ID 'postgres_con' for task execution.
[2023-08-29T10:31:50.657+0000] {base.py:73} INFO - Using connection ID 'postgres_con' for task execution.
[2023-08-29T10:31:50.849+0000] {base.py:73} INFO - Using connection ID 'postgres_con' for task execution.
[2023-08-29T10:31:50.957+0000] {base.py:73} INFO - Using connection ID 'postgres_con' for task execution.
[2023-08-29T10:31:51.030+0000] {base.py:73} INFO - Using connection ID 'postgres_con' for task execution.
[2023-08-29T10:31:51.102+0000] {base.py:73} INFO - Using connection ID 'postgres_con' for task execution.
[2023-08-29T10:31:51.209+0000] {base.py:73} INFO - Using connection ID 'postgres_con' for task execution.
[2023-08-29T10:31:51.322+0000] {base.py:73} INFO - Using connection ID 'postgres_con' for task execution.
[2023-08-29T10:31:51.444+0000] {base.py:73} INFO - Using connection ID 'postgres_con' for task execution.
[2023-08-29T10:31:51.538+0000] {base.py:73} INFO - Using connection ID 'postgres_con' for task execution.
[2023-08-29T10:31:51.610+0000] {base.py:73} INFO - Using connection ID 'postgres_con' for task execution.
[2023-08-29T10:31:51.668+0000] {base.py:73} INFO - Using connection ID 'postgres_con' for task execution.
[2023-08-29T10:31:51.728+0000] {base.py:73} INFO - Using connection ID 'postgres_con' for task execution.
[2023-08-29T10:31:51.782+0000] {base.py:73} INFO - Using connection ID 'postgres_con' for task execution.
[2023-08-29T10:31:51.840+0000] {base.py:73} INFO - Using connection ID 'postgres_con' for task execution.
[2023-08-29T10:31:51.917+0000] {base.py:73} INFO - Using connection ID 'postgres_con' for task execution.
[2023-08-29T10:31:52.004+0000] {base.py:73} INFO - Using connection ID 'postgres_con' for task execution.
[2023-08-29T10:31:52.178+0000] {base.py:73} INFO - Using connection ID 'postgres_con' for task execution.
[2023-08-29T10:31:52.277+0000] {base.py:73} INFO - Using connection ID 'postgres_con' for task execution.
[2023-08-29T10:31:52.361+0000] {base.py:73} INFO - Using connection ID 'postgres_con' for task execution.
[2023-08-29T10:31:52.442+0000] {base.py:73} INFO - Using connection ID 'postgres_con' for task execution.
[2023-08-29T10:31:52.519+0000] {base.py:73} INFO - Using connection ID 'postgres_con' for task execution.
[2023-08-29T10:31:52.592+0000] {base.py:73} INFO - Using connection ID 'postgres_con' for task execution.
[2023-08-29T10:31:52.653+0000] {base.py:73} INFO - Using connection ID 'postgres_con' for task execution.
[2023-08-29T10:31:52.741+0000] {base.py:73} INFO - Using connection ID 'postgres_con' for task execution.
[2023-08-29T10:31:52.840+0000] {base.py:73} INFO - Using connection ID 'postgres_con' for task execution.
[2023-08-29T10:31:52.922+0000] {base.py:73} INFO - Using connection ID 'postgres_con' for task execution.
[2023-08-29T10:31:53.000+0000] {base.py:73} INFO - Using connection ID 'postgres_con' for task execution.
[2023-08-29T10:31:53.083+0000] {base.py:73} INFO - Using connection ID 'postgres_con' for task execution.
[2023-08-29T10:31:53.181+0000] {base.py:73} INFO - Using connection ID 'postgres_con' for task execution.
[2023-08-29T10:31:53.288+0000] {base.py:73} INFO - Using connection ID 'postgres_con' for task execution.
[2023-08-29T10:31:53.387+0000] {base.py:73} INFO - Using connection ID 'postgres_con' for task execution.
[2023-08-29T10:31:53.469+0000] {base.py:73} INFO - Using connection ID 'postgres_con' for task execution.
[2023-08-29T10:31:53.540+0000] {base.py:73} INFO - Using connection ID 'postgres_con' for task execution.
[2023-08-29T10:31:53.622+0000] {base.py:73} INFO - Using connection ID 'postgres_con' for task execution.
[2023-08-29T10:31:53.732+0000] {base.py:73} INFO - Using connection ID 'postgres_con' for task execution.
[2023-08-29T10:31:53.840+0000] {base.py:73} INFO - Using connection ID 'postgres_con' for task execution.
[2023-08-29T10:31:53.962+0000] {base.py:73} INFO - Using connection ID 'postgres_con' for task execution.
[2023-08-29T10:31:54.074+0000] {base.py:73} INFO - Using connection ID 'postgres_con' for task execution.
[2023-08-29T10:31:54.139+0000] {base.py:73} INFO - Using connection ID 'postgres_con' for task execution.
[2023-08-29T10:31:54.198+0000] {base.py:73} INFO - Using connection ID 'postgres_con' for task execution.
[2023-08-29T10:31:54.259+0000] {base.py:73} INFO - Using connection ID 'postgres_con' for task execution.
[2023-08-29T10:31:54.318+0000] {base.py:73} INFO - Using connection ID 'postgres_con' for task execution.
[2023-08-29T10:31:54.376+0000] {base.py:73} INFO - Using connection ID 'postgres_con' for task execution.
[2023-08-29T10:31:54.428+0000] {base.py:73} INFO - Using connection ID 'postgres_con' for task execution.
[2023-08-29T10:31:54.487+0000] {base.py:73} INFO - Using connection ID 'postgres_con' for task execution.
[2023-08-29T10:31:54.545+0000] {base.py:73} INFO - Using connection ID 'postgres_con' for task execution.
[2023-08-29T10:31:54.601+0000] {base.py:73} INFO - Using connection ID 'postgres_con' for task execution.
[2023-08-29T10:31:54.656+0000] {base.py:73} INFO - Using connection ID 'postgres_con' for task execution.
[2023-08-29T10:31:54.717+0000] {base.py:73} INFO - Using connection ID 'postgres_con' for task execution.
[2023-08-29T10:31:54.798+0000] {base.py:73} INFO - Using connection ID 'postgres_con' for task execution.
[2023-08-29T10:31:54.885+0000] {base.py:73} INFO - Using connection ID 'postgres_con' for task execution.
[2023-08-29T10:31:54.952+0000] {base.py:73} INFO - Using connection ID 'postgres_con' for task execution.
[2023-08-29T10:31:55.025+0000] {base.py:73} INFO - Using connection ID 'postgres_con' for task execution.
[2023-08-29T10:31:55.091+0000] {base.py:73} INFO - Using connection ID 'postgres_con' for task execution.
[2023-08-29T10:31:55.156+0000] {base.py:73} INFO - Using connection ID 'postgres_con' for task execution.
[2023-08-29T10:31:55.215+0000] {base.py:73} INFO - Using connection ID 'postgres_con' for task execution.
[2023-08-29T10:31:55.270+0000] {base.py:73} INFO - Using connection ID 'postgres_con' for task execution.
[2023-08-29T10:31:55.323+0000] {base.py:73} INFO - Using connection ID 'postgres_con' for task execution.
[2023-08-29T10:31:55.381+0000] {base.py:73} INFO - Using connection ID 'postgres_con' for task execution.
[2023-08-29T10:31:55.439+0000] {base.py:73} INFO - Using connection ID 'postgres_con' for task execution.
[2023-08-29T10:31:55.491+0000] {base.py:73} INFO - Using connection ID 'postgres_con' for task execution.
[2023-08-29T10:31:55.543+0000] {base.py:73} INFO - Using connection ID 'postgres_con' for task execution.
[2023-08-29T10:31:55.598+0000] {base.py:73} INFO - Using connection ID 'postgres_con' for task execution.
[2023-08-29T10:31:55.651+0000] {base.py:73} INFO - Using connection ID 'postgres_con' for task execution.
[2023-08-29T10:31:55.707+0000] {base.py:73} INFO - Using connection ID 'postgres_con' for task execution.
[2023-08-29T10:31:55.770+0000] {base.py:73} INFO - Using connection ID 'postgres_con' for task execution.
[2023-08-29T10:31:55.827+0000] {base.py:73} INFO - Using connection ID 'postgres_con' for task execution.
[2023-08-29T10:31:55.882+0000] {base.py:73} INFO - Using connection ID 'postgres_con' for task execution.
[2023-08-29T10:31:55.950+0000] {base.py:73} INFO - Using connection ID 'postgres_con' for task execution.
[2023-08-29T10:31:56.011+0000] {base.py:73} INFO - Using connection ID 'postgres_con' for task execution.
[2023-08-29T10:31:56.064+0000] {base.py:73} INFO - Using connection ID 'postgres_con' for task execution.
[2023-08-29T10:31:56.122+0000] {base.py:73} INFO - Using connection ID 'postgres_con' for task execution.
[2023-08-29T10:31:56.182+0000] {base.py:73} INFO - Using connection ID 'postgres_con' for task execution.
[2023-08-29T10:31:56.260+0000] {base.py:73} INFO - Using connection ID 'postgres_con' for task execution.
[2023-08-29T10:31:56.338+0000] {base.py:73} INFO - Using connection ID 'postgres_con' for task execution.
[2023-08-29T10:31:56.429+0000] {base.py:73} INFO - Using connection ID 'postgres_con' for task execution.
[2023-08-29T10:31:56.511+0000] {base.py:73} INFO - Using connection ID 'postgres_con' for task execution.
[2023-08-29T10:31:56.588+0000] {base.py:73} INFO - Using connection ID 'postgres_con' for task execution.
[2023-08-29T10:31:56.653+0000] {base.py:73} INFO - Using connection ID 'postgres_con' for task execution.
[2023-08-29T10:31:56.709+0000] {base.py:73} INFO - Using connection ID 'postgres_con' for task execution.
[2023-08-29T10:31:56.761+0000] {base.py:73} INFO - Using connection ID 'postgres_con' for task execution.
[2023-08-29T10:31:56.817+0000] {base.py:73} INFO - Using connection ID 'postgres_con' for task execution.
[2023-08-29T10:31:56.871+0000] {base.py:73} INFO - Using connection ID 'postgres_con' for task execution.
[2023-08-29T10:31:56.926+0000] {base.py:73} INFO - Using connection ID 'postgres_con' for task execution.
[2023-08-29T10:31:56.987+0000] {base.py:73} INFO - Using connection ID 'postgres_con' for task execution.
[2023-08-29T10:31:57.048+0000] {base.py:73} INFO - Using connection ID 'postgres_con' for task execution.
[2023-08-29T10:31:57.103+0000] {base.py:73} INFO - Using connection ID 'postgres_con' for task execution.
[2023-08-29T10:31:57.156+0000] {base.py:73} INFO - Using connection ID 'postgres_con' for task execution.
[2023-08-29T10:31:57.224+0000] {base.py:73} INFO - Using connection ID 'postgres_con' for task execution.
[2023-08-29T10:31:57.281+0000] {base.py:73} INFO - Using connection ID 'postgres_con' for task execution.
[2023-08-29T10:31:57.340+0000] {base.py:73} INFO - Using connection ID 'postgres_con' for task execution.
[2023-08-29T10:31:57.393+0000] {base.py:73} INFO - Using connection ID 'postgres_con' for task execution.
[2023-08-29T10:31:57.449+0000] {base.py:73} INFO - Using connection ID 'postgres_con' for task execution.
[2023-08-29T10:31:57.516+0000] {base.py:73} INFO - Using connection ID 'postgres_con' for task execution.
[2023-08-29T10:31:57.576+0000] {base.py:73} INFO - Using connection ID 'postgres_con' for task execution.
[2023-08-29T10:31:57.655+0000] {base.py:73} INFO - Using connection ID 'postgres_con' for task execution.
[2023-08-29T10:31:57.720+0000] {base.py:73} INFO - Using connection ID 'postgres_con' for task execution.
[2023-08-29T10:31:57.778+0000] {base.py:73} INFO - Using connection ID 'postgres_con' for task execution.
[2023-08-29T10:31:57.839+0000] {base.py:73} INFO - Using connection ID 'postgres_con' for task execution.
[2023-08-29T10:31:57.894+0000] {base.py:73} INFO - Using connection ID 'postgres_con' for task execution.
[2023-08-29T10:31:57.976+0000] {base.py:73} INFO - Using connection ID 'postgres_con' for task execution.
[2023-08-29T10:31:58.074+0000] {base.py:73} INFO - Using connection ID 'postgres_con' for task execution.
[2023-08-29T10:31:58.131+0000] {base.py:73} INFO - Using connection ID 'postgres_con' for task execution.
[2023-08-29T10:31:58.192+0000] {base.py:73} INFO - Using connection ID 'postgres_con' for task execution.
[2023-08-29T10:31:58.335+0000] {base.py:73} INFO - Using connection ID 'postgres_con' for task execution.
[2023-08-29T10:31:58.396+0000] {base.py:73} INFO - Using connection ID 'postgres_con' for task execution.
[2023-08-29T10:31:58.458+0000] {base.py:73} INFO - Using connection ID 'postgres_con' for task execution.
[2023-08-29T10:31:58.531+0000] {base.py:73} INFO - Using connection ID 'postgres_con' for task execution.
[2023-08-29T10:31:58.596+0000] {base.py:73} INFO - Using connection ID 'postgres_con' for task execution.
[2023-08-29T10:31:58.655+0000] {base.py:73} INFO - Using connection ID 'postgres_con' for task execution.
[2023-08-29T10:31:58.720+0000] {base.py:73} INFO - Using connection ID 'postgres_con' for task execution.
[2023-08-29T10:31:58.782+0000] {base.py:73} INFO - Using connection ID 'postgres_con' for task execution.
[2023-08-29T10:31:58.855+0000] {base.py:73} INFO - Using connection ID 'postgres_con' for task execution.
[2023-08-29T10:31:58.921+0000] {base.py:73} INFO - Using connection ID 'postgres_con' for task execution.
[2023-08-29T10:31:58.983+0000] {base.py:73} INFO - Using connection ID 'postgres_con' for task execution.
[2023-08-29T10:31:59.054+0000] {base.py:73} INFO - Using connection ID 'postgres_con' for task execution.
[2023-08-29T10:31:59.128+0000] {base.py:73} INFO - Using connection ID 'postgres_con' for task execution.
[2023-08-29T10:31:59.230+0000] {base.py:73} INFO - Using connection ID 'postgres_con' for task execution.
[2023-08-29T10:31:59.339+0000] {base.py:73} INFO - Using connection ID 'postgres_con' for task execution.
[2023-08-29T10:31:59.401+0000] {base.py:73} INFO - Using connection ID 'postgres_con' for task execution.
[2023-08-29T10:31:59.459+0000] {base.py:73} INFO - Using connection ID 'postgres_con' for task execution.
[2023-08-29T10:31:59.522+0000] {base.py:73} INFO - Using connection ID 'postgres_con' for task execution.
[2023-08-29T10:31:59.576+0000] {base.py:73} INFO - Using connection ID 'postgres_con' for task execution.
[2023-08-29T10:31:59.631+0000] {base.py:73} INFO - Using connection ID 'postgres_con' for task execution.
[2023-08-29T10:31:59.683+0000] {base.py:73} INFO - Using connection ID 'postgres_con' for task execution.
[2023-08-29T10:31:59.757+0000] {base.py:73} INFO - Using connection ID 'postgres_con' for task execution.
[2023-08-29T10:31:59.840+0000] {base.py:73} INFO - Using connection ID 'postgres_con' for task execution.
[2023-08-29T10:31:59.913+0000] {base.py:73} INFO - Using connection ID 'postgres_con' for task execution.
[2023-08-29T10:31:59.993+0000] {base.py:73} INFO - Using connection ID 'postgres_con' for task execution.
[2023-08-29T10:32:00.082+0000] {base.py:73} INFO - Using connection ID 'postgres_con' for task execution.
[2023-08-29T10:32:00.160+0000] {base.py:73} INFO - Using connection ID 'postgres_con' for task execution.
[2023-08-29T10:32:00.267+0000] {base.py:73} INFO - Using connection ID 'postgres_con' for task execution.
[2023-08-29T10:32:00.339+0000] {base.py:73} INFO - Using connection ID 'postgres_con' for task execution.
[2023-08-29T10:32:00.394+0000] {base.py:73} INFO - Using connection ID 'postgres_con' for task execution.
[2023-08-29T10:32:00.454+0000] {base.py:73} INFO - Using connection ID 'postgres_con' for task execution.
[2023-08-29T10:32:00.509+0000] {base.py:73} INFO - Using connection ID 'postgres_con' for task execution.
[2023-08-29T10:32:00.566+0000] {base.py:73} INFO - Using connection ID 'postgres_con' for task execution.
[2023-08-29T10:32:00.622+0000] {base.py:73} INFO - Using connection ID 'postgres_con' for task execution.
[2023-08-29T10:32:00.681+0000] {base.py:73} INFO - Using connection ID 'postgres_con' for task execution.
[2023-08-29T10:32:00.749+0000] {base.py:73} INFO - Using connection ID 'postgres_con' for task execution.
[2023-08-29T10:32:00.804+0000] {base.py:73} INFO - Using connection ID 'postgres_con' for task execution.
[2023-08-29T10:32:00.858+0000] {base.py:73} INFO - Using connection ID 'postgres_con' for task execution.
[2023-08-29T10:32:00.915+0000] {base.py:73} INFO - Using connection ID 'postgres_con' for task execution.
[2023-08-29T10:32:00.976+0000] {base.py:73} INFO - Using connection ID 'postgres_con' for task execution.
[2023-08-29T10:32:01.034+0000] {base.py:73} INFO - Using connection ID 'postgres_con' for task execution.
[2023-08-29T10:32:01.088+0000] {base.py:73} INFO - Using connection ID 'postgres_con' for task execution.
[2023-08-29T10:32:01.143+0000] {base.py:73} INFO - Using connection ID 'postgres_con' for task execution.
[2023-08-29T10:32:01.196+0000] {base.py:73} INFO - Using connection ID 'postgres_con' for task execution.
[2023-08-29T10:32:01.251+0000] {base.py:73} INFO - Using connection ID 'postgres_con' for task execution.
[2023-08-29T10:32:01.304+0000] {base.py:73} INFO - Using connection ID 'postgres_con' for task execution.
[2023-08-29T10:32:01.367+0000] {base.py:73} INFO - Using connection ID 'postgres_con' for task execution.
[2023-08-29T10:32:01.421+0000] {base.py:73} INFO - Using connection ID 'postgres_con' for task execution.
[2023-08-29T10:32:01.485+0000] {base.py:73} INFO - Using connection ID 'postgres_con' for task execution.
[2023-08-29T10:32:01.550+0000] {base.py:73} INFO - Using connection ID 'postgres_con' for task execution.
[2023-08-29T10:32:01.620+0000] {base.py:73} INFO - Using connection ID 'postgres_con' for task execution.
[2023-08-29T10:32:01.697+0000] {base.py:73} INFO - Using connection ID 'postgres_con' for task execution.
[2023-08-29T10:32:01.755+0000] {base.py:73} INFO - Using connection ID 'postgres_con' for task execution.
[2023-08-29T10:32:01.812+0000] {base.py:73} INFO - Using connection ID 'postgres_con' for task execution.
[2023-08-29T10:32:01.872+0000] {base.py:73} INFO - Using connection ID 'postgres_con' for task execution.
[2023-08-29T10:32:01.931+0000] {base.py:73} INFO - Using connection ID 'postgres_con' for task execution.
[2023-08-29T10:32:01.990+0000] {base.py:73} INFO - Using connection ID 'postgres_con' for task execution.
[2023-08-29T10:32:02.045+0000] {base.py:73} INFO - Using connection ID 'postgres_con' for task execution.
[2023-08-29T10:32:02.101+0000] {base.py:73} INFO - Using connection ID 'postgres_con' for task execution.
[2023-08-29T10:32:02.155+0000] {base.py:73} INFO - Using connection ID 'postgres_con' for task execution.
[2023-08-29T10:32:02.212+0000] {base.py:73} INFO - Using connection ID 'postgres_con' for task execution.
[2023-08-29T10:32:02.268+0000] {base.py:73} INFO - Using connection ID 'postgres_con' for task execution.
[2023-08-29T10:32:02.330+0000] {base.py:73} INFO - Using connection ID 'postgres_con' for task execution.
[2023-08-29T10:32:02.393+0000] {base.py:73} INFO - Using connection ID 'postgres_con' for task execution.
[2023-08-29T10:32:02.447+0000] {base.py:73} INFO - Using connection ID 'postgres_con' for task execution.
[2023-08-29T10:32:02.500+0000] {base.py:73} INFO - Using connection ID 'postgres_con' for task execution.
[2023-08-29T10:32:02.555+0000] {base.py:73} INFO - Using connection ID 'postgres_con' for task execution.
[2023-08-29T10:32:02.607+0000] {base.py:73} INFO - Using connection ID 'postgres_con' for task execution.
[2023-08-29T10:32:02.660+0000] {base.py:73} INFO - Using connection ID 'postgres_con' for task execution.
[2023-08-29T10:32:02.713+0000] {base.py:73} INFO - Using connection ID 'postgres_con' for task execution.
[2023-08-29T10:32:02.771+0000] {base.py:73} INFO - Using connection ID 'postgres_con' for task execution.
[2023-08-29T10:32:02.822+0000] {base.py:73} INFO - Using connection ID 'postgres_con' for task execution.
[2023-08-29T10:32:02.875+0000] {base.py:73} INFO - Using connection ID 'postgres_con' for task execution.
[2023-08-29T10:32:02.930+0000] {base.py:73} INFO - Using connection ID 'postgres_con' for task execution.
[2023-08-29T10:32:02.983+0000] {base.py:73} INFO - Using connection ID 'postgres_con' for task execution.
[2023-08-29T10:32:03.034+0000] {base.py:73} INFO - Using connection ID 'postgres_con' for task execution.
[2023-08-29T10:32:03.090+0000] {base.py:73} INFO - Using connection ID 'postgres_con' for task execution.
[2023-08-29T10:32:03.145+0000] {base.py:73} INFO - Using connection ID 'postgres_con' for task execution.
[2023-08-29T10:32:03.200+0000] {base.py:73} INFO - Using connection ID 'postgres_con' for task execution.
[2023-08-29T10:32:03.257+0000] {base.py:73} INFO - Using connection ID 'postgres_con' for task execution.
[2023-08-29T10:32:03.310+0000] {base.py:73} INFO - Using connection ID 'postgres_con' for task execution.
[2023-08-29T10:32:03.371+0000] {base.py:73} INFO - Using connection ID 'postgres_con' for task execution.
[2023-08-29T10:32:03.447+0000] {base.py:73} INFO - Using connection ID 'postgres_con' for task execution.
[2023-08-29T10:32:03.519+0000] {base.py:73} INFO - Using connection ID 'postgres_con' for task execution.
[2023-08-29T10:32:03.588+0000] {base.py:73} INFO - Using connection ID 'postgres_con' for task execution.
[2023-08-29T10:32:03.724+0000] {base.py:73} INFO - Using connection ID 'postgres_con' for task execution.
[2023-08-29T10:32:03.792+0000] {base.py:73} INFO - Using connection ID 'postgres_con' for task execution.
[2023-08-29T10:32:03.860+0000] {base.py:73} INFO - Using connection ID 'postgres_con' for task execution.
[2023-08-29T10:32:03.943+0000] {base.py:73} INFO - Using connection ID 'postgres_con' for task execution.
[2023-08-29T10:32:04.010+0000] {base.py:73} INFO - Using connection ID 'postgres_con' for task execution.
[2023-08-29T10:32:04.079+0000] {base.py:73} INFO - Using connection ID 'postgres_con' for task execution.
[2023-08-29T10:32:04.147+0000] {base.py:73} INFO - Using connection ID 'postgres_con' for task execution.
[2023-08-29T10:32:04.212+0000] {base.py:73} INFO - Using connection ID 'postgres_con' for task execution.
[2023-08-29T10:32:04.280+0000] {base.py:73} INFO - Using connection ID 'postgres_con' for task execution.
[2023-08-29T10:32:04.344+0000] {base.py:73} INFO - Using connection ID 'postgres_con' for task execution.
[2023-08-29T10:32:04.430+0000] {base.py:73} INFO - Using connection ID 'postgres_con' for task execution.
[2023-08-29T10:32:04.501+0000] {base.py:73} INFO - Using connection ID 'postgres_con' for task execution.
[2023-08-29T10:32:04.618+0000] {base.py:73} INFO - Using connection ID 'postgres_con' for task execution.
[2023-08-29T10:32:04.729+0000] {base.py:73} INFO - Using connection ID 'postgres_con' for task execution.
[2023-08-29T10:32:04.783+0000] {base.py:73} INFO - Using connection ID 'postgres_con' for task execution.
[2023-08-29T10:32:04.840+0000] {base.py:73} INFO - Using connection ID 'postgres_con' for task execution.
[2023-08-29T10:32:04.906+0000] {base.py:73} INFO - Using connection ID 'postgres_con' for task execution.
[2023-08-29T10:32:04.960+0000] {base.py:73} INFO - Using connection ID 'postgres_con' for task execution.
[2023-08-29T10:32:05.049+0000] {base.py:73} INFO - Using connection ID 'postgres_con' for task execution.
[2023-08-29T10:32:05.131+0000] {base.py:73} INFO - Using connection ID 'postgres_con' for task execution.
[2023-08-29T10:32:05.214+0000] {base.py:73} INFO - Using connection ID 'postgres_con' for task execution.
[2023-08-29T10:32:05.287+0000] {base.py:73} INFO - Using connection ID 'postgres_con' for task execution.
[2023-08-29T10:32:05.375+0000] {base.py:73} INFO - Using connection ID 'postgres_con' for task execution.
[2023-08-29T10:32:05.467+0000] {base.py:73} INFO - Using connection ID 'postgres_con' for task execution.
[2023-08-29T10:32:05.571+0000] {base.py:73} INFO - Using connection ID 'postgres_con' for task execution.
[2023-08-29T10:32:05.699+0000] {base.py:73} INFO - Using connection ID 'postgres_con' for task execution.
[2023-08-29T10:32:05.803+0000] {base.py:73} INFO - Using connection ID 'postgres_con' for task execution.
[2023-08-29T10:32:05.867+0000] {base.py:73} INFO - Using connection ID 'postgres_con' for task execution.
[2023-08-29T10:32:05.927+0000] {base.py:73} INFO - Using connection ID 'postgres_con' for task execution.
[2023-08-29T10:32:06.003+0000] {base.py:73} INFO - Using connection ID 'postgres_con' for task execution.
[2023-08-29T10:32:06.125+0000] {base.py:73} INFO - Using connection ID 'postgres_con' for task execution.
[2023-08-29T10:32:06.234+0000] {base.py:73} INFO - Using connection ID 'postgres_con' for task execution.
[2023-08-29T10:32:06.334+0000] {base.py:73} INFO - Using connection ID 'postgres_con' for task execution.
[2023-08-29T10:32:06.430+0000] {base.py:73} INFO - Using connection ID 'postgres_con' for task execution.
[2023-08-29T10:32:06.511+0000] {base.py:73} INFO - Using connection ID 'postgres_con' for task execution.
[2023-08-29T10:32:06.596+0000] {base.py:73} INFO - Using connection ID 'postgres_con' for task execution.
[2023-08-29T10:32:06.710+0000] {base.py:73} INFO - Using connection ID 'postgres_con' for task execution.
[2023-08-29T10:32:06.804+0000] {base.py:73} INFO - Using connection ID 'postgres_con' for task execution.
[2023-08-29T10:32:06.899+0000] {base.py:73} INFO - Using connection ID 'postgres_con' for task execution.
[2023-08-29T10:32:06.992+0000] {base.py:73} INFO - Using connection ID 'postgres_con' for task execution.
[2023-08-29T10:32:07.089+0000] {base.py:73} INFO - Using connection ID 'postgres_con' for task execution.
[2023-08-29T10:32:07.186+0000] {base.py:73} INFO - Using connection ID 'postgres_con' for task execution.
[2023-08-29T10:32:07.292+0000] {base.py:73} INFO - Using connection ID 'postgres_con' for task execution.
[2023-08-29T10:32:07.401+0000] {base.py:73} INFO - Using connection ID 'postgres_con' for task execution.
[2023-08-29T10:32:07.476+0000] {base.py:73} INFO - Using connection ID 'postgres_con' for task execution.
[2023-08-29T10:32:07.568+0000] {base.py:73} INFO - Using connection ID 'postgres_con' for task execution.
[2023-08-29T10:32:07.651+0000] {base.py:73} INFO - Using connection ID 'postgres_con' for task execution.
[2023-08-29T10:32:07.719+0000] {base.py:73} INFO - Using connection ID 'postgres_con' for task execution.
[2023-08-29T10:32:07.796+0000] {base.py:73} INFO - Using connection ID 'postgres_con' for task execution.
[2023-08-29T10:32:07.869+0000] {base.py:73} INFO - Using connection ID 'postgres_con' for task execution.
[2023-08-29T10:32:07.948+0000] {base.py:73} INFO - Using connection ID 'postgres_con' for task execution.
[2023-08-29T10:32:08.074+0000] {base.py:73} INFO - Using connection ID 'postgres_con' for task execution.
[2023-08-29T10:32:08.153+0000] {base.py:73} INFO - Using connection ID 'postgres_con' for task execution.
[2023-08-29T10:32:08.235+0000] {base.py:73} INFO - Using connection ID 'postgres_con' for task execution.
[2023-08-29T10:32:08.324+0000] {base.py:73} INFO - Using connection ID 'postgres_con' for task execution.
[2023-08-29T10:32:08.401+0000] {base.py:73} INFO - Using connection ID 'postgres_con' for task execution.
[2023-08-29T10:32:08.493+0000] {base.py:73} INFO - Using connection ID 'postgres_con' for task execution.
[2023-08-29T10:32:08.554+0000] {base.py:73} INFO - Using connection ID 'postgres_con' for task execution.
[2023-08-29T10:32:08.611+0000] {base.py:73} INFO - Using connection ID 'postgres_con' for task execution.
[2023-08-29T10:32:08.671+0000] {base.py:73} INFO - Using connection ID 'postgres_con' for task execution.
[2023-08-29T10:32:08.728+0000] {base.py:73} INFO - Using connection ID 'postgres_con' for task execution.
[2023-08-29T10:32:08.801+0000] {base.py:73} INFO - Using connection ID 'postgres_con' for task execution.
[2023-08-29T10:32:08.879+0000] {base.py:73} INFO - Using connection ID 'postgres_con' for task execution.
[2023-08-29T10:32:08.992+0000] {base.py:73} INFO - Using connection ID 'postgres_con' for task execution.
[2023-08-29T10:32:09.209+0000] {base.py:73} INFO - Using connection ID 'postgres_con' for task execution.
[2023-08-29T10:32:09.289+0000] {base.py:73} INFO - Using connection ID 'postgres_con' for task execution.
[2023-08-29T10:32:09.366+0000] {base.py:73} INFO - Using connection ID 'postgres_con' for task execution.
[2023-08-29T10:32:09.451+0000] {base.py:73} INFO - Using connection ID 'postgres_con' for task execution.
[2023-08-29T10:32:09.546+0000] {base.py:73} INFO - Using connection ID 'postgres_con' for task execution.
[2023-08-29T10:32:09.616+0000] {base.py:73} INFO - Using connection ID 'postgres_con' for task execution.
[2023-08-29T10:32:09.719+0000] {base.py:73} INFO - Using connection ID 'postgres_con' for task execution.
[2023-08-29T10:32:09.735+0000] {warnings.py:109} WARNING - /home/***/.local/lib/python3.8/site-packages/***/providers/common/sql/hooks/sql.py:219: UserWarning: pandas only supports SQLAlchemy connectable (engine/connection) or database string URI or sqlite3 DBAPI2 connection. Other DBAPI2 objects are not tested. Please consider using SQLAlchemy.
  return psql.read_sql(sql, con=conn, params=parameters, **kwargs)

[2023-08-29T10:32:09.769+0000] {base.py:73} INFO - Using connection ID 'postgres_con' for task execution.
[2023-08-29T10:32:09.780+0000] {warnings.py:109} WARNING - /home/***/.local/lib/python3.8/site-packages/***/providers/common/sql/hooks/sql.py:219: UserWarning: pandas only supports SQLAlchemy connectable (engine/connection) or database string URI or sqlite3 DBAPI2 connection. Other DBAPI2 objects are not tested. Please consider using SQLAlchemy.
  return psql.read_sql(sql, con=conn, params=parameters, **kwargs)

[2023-08-29T10:32:09.855+0000] {python.py:194} INFO - Done. Returned value was: None
[2023-08-29T10:32:09.884+0000] {taskinstance.py:1400} INFO - Marking task as SUCCESS. dag_id=dag_parser, task_id=parsing, execution_date=20230829T103051, start_date=20230829T103054, end_date=20230829T103209
[2023-08-29T10:32:09.975+0000] {local_task_job_runner.py:228} INFO - Task exited with return code 0
[2023-08-29T10:32:10.037+0000] {taskinstance.py:2784} INFO - 0 downstream tasks scheduled from follow-on schedule check
