[2023-09-17T04:00:22.855+0000] {taskinstance.py:1159} INFO - Dependencies all met for dep_context=non-requeueable deps ti=<TaskInstance: dag_parser.transform scheduled__2023-09-16T04:00:00+00:00 [queued]>
[2023-09-17T04:00:22.867+0000] {taskinstance.py:1159} INFO - Dependencies all met for dep_context=requeueable deps ti=<TaskInstance: dag_parser.transform scheduled__2023-09-16T04:00:00+00:00 [queued]>
[2023-09-17T04:00:22.868+0000] {taskinstance.py:1361} INFO - Starting attempt 1 of 3
[2023-09-17T04:00:22.886+0000] {taskinstance.py:1382} INFO - Executing <Task(_PythonDecoratedOperator): transform> on 2023-09-16 04:00:00+00:00
[2023-09-17T04:00:22.895+0000] {standard_task_runner.py:57} INFO - Started process 18887 to run task
[2023-09-17T04:00:22.899+0000] {standard_task_runner.py:84} INFO - Running: ['***', 'tasks', 'run', 'dag_parser', 'transform', 'scheduled__2023-09-16T04:00:00+00:00', '--job-id', '69', '--raw', '--subdir', 'DAGS_FOLDER/dag_parser.py', '--cfg-path', '/tmp/tmpycuacrm2']
[2023-09-17T04:00:22.900+0000] {standard_task_runner.py:85} INFO - Job 69: Subtask transform
[2023-09-17T04:00:22.965+0000] {task_command.py:415} INFO - Running <TaskInstance: dag_parser.transform scheduled__2023-09-16T04:00:00+00:00 [running]> on host 20e4b3feebe3
[2023-09-17T04:00:23.302+0000] {taskinstance.py:1660} INFO - Exporting env vars: AIRFLOW_CTX_DAG_OWNER='oleg' AIRFLOW_CTX_DAG_ID='dag_parser' AIRFLOW_CTX_TASK_ID='transform' AIRFLOW_CTX_EXECUTION_DATE='2023-09-16T04:00:00+00:00' AIRFLOW_CTX_TRY_NUMBER='1' AIRFLOW_CTX_DAG_RUN_ID='scheduled__2023-09-16T04:00:00+00:00'
[2023-09-17T04:00:23.542+0000] {base.py:73} INFO - Using connection ID 'postgres_con' for task execution.
[2023-09-17T04:00:23.558+0000] {warnings.py:109} WARNING - /home/***/.local/lib/python3.8/site-packages/***/providers/common/sql/hooks/sql.py:219: UserWarning: pandas only supports SQLAlchemy connectable (engine/connection) or database string URI or sqlite3 DBAPI2 connection. Other DBAPI2 objects are not tested. Please consider using SQLAlchemy.
  return psql.read_sql(sql, con=conn, params=parameters, **kwargs)

[2023-09-17T04:00:23.679+0000] {base.py:73} INFO - Using connection ID 'postgres_con' for task execution.
[2023-09-17T04:00:23.786+0000] {base.py:73} INFO - Using connection ID 'postgres_con' for task execution.
[2023-09-17T04:00:23.894+0000] {base.py:73} INFO - Using connection ID 'postgres_con' for task execution.
[2023-09-17T04:00:24.008+0000] {base.py:73} INFO - Using connection ID 'postgres_con' for task execution.
[2023-09-17T04:00:24.118+0000] {base.py:73} INFO - Using connection ID 'postgres_con' for task execution.
[2023-09-17T04:00:24.226+0000] {base.py:73} INFO - Using connection ID 'postgres_con' for task execution.
[2023-09-17T04:00:24.332+0000] {base.py:73} INFO - Using connection ID 'postgres_con' for task execution.
[2023-09-17T04:00:24.440+0000] {base.py:73} INFO - Using connection ID 'postgres_con' for task execution.
[2023-09-17T04:00:24.556+0000] {base.py:73} INFO - Using connection ID 'postgres_con' for task execution.
[2023-09-17T04:00:24.665+0000] {base.py:73} INFO - Using connection ID 'postgres_con' for task execution.
[2023-09-17T04:00:24.774+0000] {base.py:73} INFO - Using connection ID 'postgres_con' for task execution.
[2023-09-17T04:00:24.863+0000] {base.py:73} INFO - Using connection ID 'postgres_con' for task execution.
[2023-09-17T04:00:24.945+0000] {base.py:73} INFO - Using connection ID 'postgres_con' for task execution.
[2023-09-17T04:00:25.025+0000] {base.py:73} INFO - Using connection ID 'postgres_con' for task execution.
[2023-09-17T04:00:25.106+0000] {base.py:73} INFO - Using connection ID 'postgres_con' for task execution.
[2023-09-17T04:00:25.186+0000] {base.py:73} INFO - Using connection ID 'postgres_con' for task execution.
[2023-09-17T04:00:25.267+0000] {base.py:73} INFO - Using connection ID 'postgres_con' for task execution.
[2023-09-17T04:00:25.348+0000] {base.py:73} INFO - Using connection ID 'postgres_con' for task execution.
[2023-09-17T04:00:25.428+0000] {base.py:73} INFO - Using connection ID 'postgres_con' for task execution.
[2023-09-17T04:00:25.508+0000] {base.py:73} INFO - Using connection ID 'postgres_con' for task execution.
[2023-09-17T04:00:25.597+0000] {base.py:73} INFO - Using connection ID 'postgres_con' for task execution.
[2023-09-17T04:00:25.677+0000] {base.py:73} INFO - Using connection ID 'postgres_con' for task execution.
[2023-09-17T04:00:25.757+0000] {base.py:73} INFO - Using connection ID 'postgres_con' for task execution.
[2023-09-17T04:00:25.839+0000] {base.py:73} INFO - Using connection ID 'postgres_con' for task execution.
[2023-09-17T04:00:25.920+0000] {base.py:73} INFO - Using connection ID 'postgres_con' for task execution.
[2023-09-17T04:00:26.002+0000] {base.py:73} INFO - Using connection ID 'postgres_con' for task execution.
[2023-09-17T04:00:26.082+0000] {base.py:73} INFO - Using connection ID 'postgres_con' for task execution.
[2023-09-17T04:00:26.162+0000] {base.py:73} INFO - Using connection ID 'postgres_con' for task execution.
[2023-09-17T04:00:26.242+0000] {base.py:73} INFO - Using connection ID 'postgres_con' for task execution.
[2023-09-17T04:00:26.322+0000] {base.py:73} INFO - Using connection ID 'postgres_con' for task execution.
[2023-09-17T04:00:26.402+0000] {base.py:73} INFO - Using connection ID 'postgres_con' for task execution.
[2023-09-17T04:00:26.482+0000] {base.py:73} INFO - Using connection ID 'postgres_con' for task execution.
[2023-09-17T04:00:26.562+0000] {base.py:73} INFO - Using connection ID 'postgres_con' for task execution.
[2023-09-17T04:00:26.649+0000] {base.py:73} INFO - Using connection ID 'postgres_con' for task execution.
[2023-09-17T04:00:26.731+0000] {base.py:73} INFO - Using connection ID 'postgres_con' for task execution.
[2023-09-17T04:00:26.812+0000] {base.py:73} INFO - Using connection ID 'postgres_con' for task execution.
[2023-09-17T04:00:26.892+0000] {base.py:73} INFO - Using connection ID 'postgres_con' for task execution.
[2023-09-17T04:00:26.972+0000] {base.py:73} INFO - Using connection ID 'postgres_con' for task execution.
[2023-09-17T04:00:27.053+0000] {base.py:73} INFO - Using connection ID 'postgres_con' for task execution.
[2023-09-17T04:00:27.169+0000] {base.py:73} INFO - Using connection ID 'postgres_con' for task execution.
[2023-09-17T04:00:27.269+0000] {base.py:73} INFO - Using connection ID 'postgres_con' for task execution.
[2023-09-17T04:00:27.349+0000] {base.py:73} INFO - Using connection ID 'postgres_con' for task execution.
[2023-09-17T04:00:27.428+0000] {base.py:73} INFO - Using connection ID 'postgres_con' for task execution.
[2023-09-17T04:00:27.508+0000] {base.py:73} INFO - Using connection ID 'postgres_con' for task execution.
[2023-09-17T04:00:27.588+0000] {base.py:73} INFO - Using connection ID 'postgres_con' for task execution.
[2023-09-17T04:00:27.667+0000] {base.py:73} INFO - Using connection ID 'postgres_con' for task execution.
[2023-09-17T04:00:27.755+0000] {base.py:73} INFO - Using connection ID 'postgres_con' for task execution.
[2023-09-17T04:00:27.843+0000] {base.py:73} INFO - Using connection ID 'postgres_con' for task execution.
[2023-09-17T04:00:27.954+0000] {base.py:73} INFO - Using connection ID 'postgres_con' for task execution.
[2023-09-17T04:00:28.061+0000] {base.py:73} INFO - Using connection ID 'postgres_con' for task execution.
[2023-09-17T04:00:28.166+0000] {base.py:73} INFO - Using connection ID 'postgres_con' for task execution.
[2023-09-17T04:00:28.292+0000] {base.py:73} INFO - Using connection ID 'postgres_con' for task execution.
[2023-09-17T04:00:28.443+0000] {base.py:73} INFO - Using connection ID 'postgres_con' for task execution.
[2023-09-17T04:00:28.569+0000] {base.py:73} INFO - Using connection ID 'postgres_con' for task execution.
[2023-09-17T04:00:28.665+0000] {base.py:73} INFO - Using connection ID 'postgres_con' for task execution.
[2023-09-17T04:00:28.752+0000] {base.py:73} INFO - Using connection ID 'postgres_con' for task execution.
[2023-09-17T04:00:28.831+0000] {base.py:73} INFO - Using connection ID 'postgres_con' for task execution.
[2023-09-17T04:00:28.911+0000] {base.py:73} INFO - Using connection ID 'postgres_con' for task execution.
[2023-09-17T04:00:28.990+0000] {base.py:73} INFO - Using connection ID 'postgres_con' for task execution.
[2023-09-17T04:00:29.072+0000] {base.py:73} INFO - Using connection ID 'postgres_con' for task execution.
[2023-09-17T04:00:29.151+0000] {base.py:73} INFO - Using connection ID 'postgres_con' for task execution.
[2023-09-17T04:00:29.230+0000] {base.py:73} INFO - Using connection ID 'postgres_con' for task execution.
[2023-09-17T04:00:29.309+0000] {base.py:73} INFO - Using connection ID 'postgres_con' for task execution.
[2023-09-17T04:00:29.388+0000] {base.py:73} INFO - Using connection ID 'postgres_con' for task execution.
[2023-09-17T04:00:29.467+0000] {base.py:73} INFO - Using connection ID 'postgres_con' for task execution.
[2023-09-17T04:00:29.549+0000] {base.py:73} INFO - Using connection ID 'postgres_con' for task execution.
[2023-09-17T04:00:29.632+0000] {base.py:73} INFO - Using connection ID 'postgres_con' for task execution.
[2023-09-17T04:00:29.712+0000] {base.py:73} INFO - Using connection ID 'postgres_con' for task execution.
[2023-09-17T04:00:29.790+0000] {base.py:73} INFO - Using connection ID 'postgres_con' for task execution.
[2023-09-17T04:00:29.870+0000] {base.py:73} INFO - Using connection ID 'postgres_con' for task execution.
[2023-09-17T04:00:29.948+0000] {base.py:73} INFO - Using connection ID 'postgres_con' for task execution.
[2023-09-17T04:00:30.027+0000] {base.py:73} INFO - Using connection ID 'postgres_con' for task execution.
[2023-09-17T04:00:30.106+0000] {base.py:73} INFO - Using connection ID 'postgres_con' for task execution.
[2023-09-17T04:00:30.185+0000] {base.py:73} INFO - Using connection ID 'postgres_con' for task execution.
[2023-09-17T04:00:30.263+0000] {base.py:73} INFO - Using connection ID 'postgres_con' for task execution.
[2023-09-17T04:00:30.342+0000] {base.py:73} INFO - Using connection ID 'postgres_con' for task execution.
[2023-09-17T04:00:30.421+0000] {base.py:73} INFO - Using connection ID 'postgres_con' for task execution.
[2023-09-17T04:00:30.499+0000] {base.py:73} INFO - Using connection ID 'postgres_con' for task execution.
[2023-09-17T04:00:30.576+0000] {base.py:73} INFO - Using connection ID 'postgres_con' for task execution.
[2023-09-17T04:00:30.664+0000] {base.py:73} INFO - Using connection ID 'postgres_con' for task execution.
[2023-09-17T04:00:30.742+0000] {base.py:73} INFO - Using connection ID 'postgres_con' for task execution.
[2023-09-17T04:00:30.820+0000] {base.py:73} INFO - Using connection ID 'postgres_con' for task execution.
[2023-09-17T04:00:30.898+0000] {base.py:73} INFO - Using connection ID 'postgres_con' for task execution.
[2023-09-17T04:00:30.976+0000] {base.py:73} INFO - Using connection ID 'postgres_con' for task execution.
[2023-09-17T04:00:31.056+0000] {base.py:73} INFO - Using connection ID 'postgres_con' for task execution.
[2023-09-17T04:00:31.134+0000] {base.py:73} INFO - Using connection ID 'postgres_con' for task execution.
[2023-09-17T04:00:31.212+0000] {base.py:73} INFO - Using connection ID 'postgres_con' for task execution.
[2023-09-17T04:00:31.290+0000] {base.py:73} INFO - Using connection ID 'postgres_con' for task execution.
[2023-09-17T04:00:31.368+0000] {base.py:73} INFO - Using connection ID 'postgres_con' for task execution.
[2023-09-17T04:00:31.447+0000] {base.py:73} INFO - Using connection ID 'postgres_con' for task execution.
[2023-09-17T04:00:31.525+0000] {base.py:73} INFO - Using connection ID 'postgres_con' for task execution.
[2023-09-17T04:00:31.613+0000] {base.py:73} INFO - Using connection ID 'postgres_con' for task execution.
[2023-09-17T04:00:31.696+0000] {base.py:73} INFO - Using connection ID 'postgres_con' for task execution.
[2023-09-17T04:00:31.786+0000] {base.py:73} INFO - Using connection ID 'postgres_con' for task execution.
[2023-09-17T04:00:31.872+0000] {base.py:73} INFO - Using connection ID 'postgres_con' for task execution.
[2023-09-17T04:00:31.950+0000] {base.py:73} INFO - Using connection ID 'postgres_con' for task execution.
[2023-09-17T04:00:32.028+0000] {base.py:73} INFO - Using connection ID 'postgres_con' for task execution.
[2023-09-17T04:00:32.110+0000] {base.py:73} INFO - Using connection ID 'postgres_con' for task execution.
[2023-09-17T04:00:32.187+0000] {base.py:73} INFO - Using connection ID 'postgres_con' for task execution.
[2023-09-17T04:00:32.265+0000] {base.py:73} INFO - Using connection ID 'postgres_con' for task execution.
[2023-09-17T04:00:32.342+0000] {base.py:73} INFO - Using connection ID 'postgres_con' for task execution.
[2023-09-17T04:00:32.420+0000] {base.py:73} INFO - Using connection ID 'postgres_con' for task execution.
[2023-09-17T04:00:32.498+0000] {base.py:73} INFO - Using connection ID 'postgres_con' for task execution.
[2023-09-17T04:00:32.576+0000] {base.py:73} INFO - Using connection ID 'postgres_con' for task execution.
[2023-09-17T04:00:32.654+0000] {base.py:73} INFO - Using connection ID 'postgres_con' for task execution.
[2023-09-17T04:00:32.732+0000] {base.py:73} INFO - Using connection ID 'postgres_con' for task execution.
[2023-09-17T04:00:32.809+0000] {base.py:73} INFO - Using connection ID 'postgres_con' for task execution.
[2023-09-17T04:00:32.892+0000] {base.py:73} INFO - Using connection ID 'postgres_con' for task execution.
[2023-09-17T04:00:32.971+0000] {base.py:73} INFO - Using connection ID 'postgres_con' for task execution.
[2023-09-17T04:00:33.052+0000] {base.py:73} INFO - Using connection ID 'postgres_con' for task execution.
[2023-09-17T04:00:33.132+0000] {base.py:73} INFO - Using connection ID 'postgres_con' for task execution.
[2023-09-17T04:00:33.209+0000] {base.py:73} INFO - Using connection ID 'postgres_con' for task execution.
[2023-09-17T04:00:33.286+0000] {base.py:73} INFO - Using connection ID 'postgres_con' for task execution.
[2023-09-17T04:00:33.363+0000] {base.py:73} INFO - Using connection ID 'postgres_con' for task execution.
[2023-09-17T04:00:33.440+0000] {base.py:73} INFO - Using connection ID 'postgres_con' for task execution.
[2023-09-17T04:00:33.517+0000] {base.py:73} INFO - Using connection ID 'postgres_con' for task execution.
[2023-09-17T04:00:33.603+0000] {base.py:73} INFO - Using connection ID 'postgres_con' for task execution.
[2023-09-17T04:00:33.687+0000] {base.py:73} INFO - Using connection ID 'postgres_con' for task execution.
[2023-09-17T04:00:33.773+0000] {base.py:73} INFO - Using connection ID 'postgres_con' for task execution.
[2023-09-17T04:00:33.850+0000] {base.py:73} INFO - Using connection ID 'postgres_con' for task execution.
[2023-09-17T04:00:33.927+0000] {base.py:73} INFO - Using connection ID 'postgres_con' for task execution.
[2023-09-17T04:00:34.004+0000] {base.py:73} INFO - Using connection ID 'postgres_con' for task execution.
[2023-09-17T04:00:34.080+0000] {base.py:73} INFO - Using connection ID 'postgres_con' for task execution.
[2023-09-17T04:00:34.158+0000] {base.py:73} INFO - Using connection ID 'postgres_con' for task execution.
[2023-09-17T04:00:34.235+0000] {base.py:73} INFO - Using connection ID 'postgres_con' for task execution.
[2023-09-17T04:00:34.311+0000] {base.py:73} INFO - Using connection ID 'postgres_con' for task execution.
[2023-09-17T04:00:34.387+0000] {base.py:73} INFO - Using connection ID 'postgres_con' for task execution.
[2023-09-17T04:00:34.463+0000] {base.py:73} INFO - Using connection ID 'postgres_con' for task execution.
[2023-09-17T04:00:34.540+0000] {base.py:73} INFO - Using connection ID 'postgres_con' for task execution.
[2023-09-17T04:00:34.619+0000] {base.py:73} INFO - Using connection ID 'postgres_con' for task execution.
[2023-09-17T04:00:34.700+0000] {base.py:73} INFO - Using connection ID 'postgres_con' for task execution.
[2023-09-17T04:00:34.783+0000] {base.py:73} INFO - Using connection ID 'postgres_con' for task execution.
[2023-09-17T04:00:34.866+0000] {base.py:73} INFO - Using connection ID 'postgres_con' for task execution.
[2023-09-17T04:00:34.943+0000] {base.py:73} INFO - Using connection ID 'postgres_con' for task execution.
[2023-09-17T04:00:35.020+0000] {base.py:73} INFO - Using connection ID 'postgres_con' for task execution.
[2023-09-17T04:00:35.096+0000] {base.py:73} INFO - Using connection ID 'postgres_con' for task execution.
[2023-09-17T04:00:35.174+0000] {base.py:73} INFO - Using connection ID 'postgres_con' for task execution.
[2023-09-17T04:00:35.251+0000] {base.py:73} INFO - Using connection ID 'postgres_con' for task execution.
[2023-09-17T04:00:35.327+0000] {base.py:73} INFO - Using connection ID 'postgres_con' for task execution.
[2023-09-17T04:00:35.404+0000] {base.py:73} INFO - Using connection ID 'postgres_con' for task execution.
[2023-09-17T04:00:35.480+0000] {base.py:73} INFO - Using connection ID 'postgres_con' for task execution.
[2023-09-17T04:00:35.556+0000] {base.py:73} INFO - Using connection ID 'postgres_con' for task execution.
[2023-09-17T04:00:35.632+0000] {base.py:73} INFO - Using connection ID 'postgres_con' for task execution.
[2023-09-17T04:00:35.712+0000] {base.py:73} INFO - Using connection ID 'postgres_con' for task execution.
[2023-09-17T04:00:35.795+0000] {base.py:73} INFO - Using connection ID 'postgres_con' for task execution.
[2023-09-17T04:00:35.881+0000] {base.py:73} INFO - Using connection ID 'postgres_con' for task execution.
[2023-09-17T04:00:35.958+0000] {base.py:73} INFO - Using connection ID 'postgres_con' for task execution.
[2023-09-17T04:00:36.034+0000] {base.py:73} INFO - Using connection ID 'postgres_con' for task execution.
[2023-09-17T04:00:36.109+0000] {base.py:73} INFO - Using connection ID 'postgres_con' for task execution.
[2023-09-17T04:00:36.186+0000] {base.py:73} INFO - Using connection ID 'postgres_con' for task execution.
[2023-09-17T04:00:36.262+0000] {base.py:73} INFO - Using connection ID 'postgres_con' for task execution.
[2023-09-17T04:00:36.338+0000] {base.py:73} INFO - Using connection ID 'postgres_con' for task execution.
[2023-09-17T04:00:36.414+0000] {base.py:73} INFO - Using connection ID 'postgres_con' for task execution.
[2023-09-17T04:00:36.489+0000] {base.py:73} INFO - Using connection ID 'postgres_con' for task execution.
[2023-09-17T04:00:36.565+0000] {base.py:73} INFO - Using connection ID 'postgres_con' for task execution.
[2023-09-17T04:00:36.661+0000] {base.py:73} INFO - Using connection ID 'postgres_con' for task execution.
[2023-09-17T04:00:36.743+0000] {base.py:73} INFO - Using connection ID 'postgres_con' for task execution.
[2023-09-17T04:00:36.832+0000] {base.py:73} INFO - Using connection ID 'postgres_con' for task execution.
[2023-09-17T04:00:36.935+0000] {base.py:73} INFO - Using connection ID 'postgres_con' for task execution.
[2023-09-17T04:00:37.046+0000] {base.py:73} INFO - Using connection ID 'postgres_con' for task execution.
[2023-09-17T04:00:37.128+0000] {base.py:73} INFO - Using connection ID 'postgres_con' for task execution.
[2023-09-17T04:00:37.211+0000] {base.py:73} INFO - Using connection ID 'postgres_con' for task execution.
[2023-09-17T04:00:37.292+0000] {base.py:73} INFO - Using connection ID 'postgres_con' for task execution.
[2023-09-17T04:00:37.374+0000] {base.py:73} INFO - Using connection ID 'postgres_con' for task execution.
[2023-09-17T04:00:37.456+0000] {base.py:73} INFO - Using connection ID 'postgres_con' for task execution.
[2023-09-17T04:00:37.537+0000] {base.py:73} INFO - Using connection ID 'postgres_con' for task execution.
[2023-09-17T04:00:37.618+0000] {base.py:73} INFO - Using connection ID 'postgres_con' for task execution.
[2023-09-17T04:00:37.699+0000] {base.py:73} INFO - Using connection ID 'postgres_con' for task execution.
[2023-09-17T04:00:37.780+0000] {base.py:73} INFO - Using connection ID 'postgres_con' for task execution.
[2023-09-17T04:00:37.862+0000] {base.py:73} INFO - Using connection ID 'postgres_con' for task execution.
[2023-09-17T04:00:37.943+0000] {base.py:73} INFO - Using connection ID 'postgres_con' for task execution.
[2023-09-17T04:00:38.023+0000] {base.py:73} INFO - Using connection ID 'postgres_con' for task execution.
[2023-09-17T04:00:38.117+0000] {base.py:73} INFO - Using connection ID 'postgres_con' for task execution.
[2023-09-17T04:00:38.200+0000] {base.py:73} INFO - Using connection ID 'postgres_con' for task execution.
[2023-09-17T04:00:38.281+0000] {base.py:73} INFO - Using connection ID 'postgres_con' for task execution.
[2023-09-17T04:00:38.369+0000] {base.py:73} INFO - Using connection ID 'postgres_con' for task execution.
[2023-09-17T04:00:38.463+0000] {base.py:73} INFO - Using connection ID 'postgres_con' for task execution.
[2023-09-17T04:00:38.551+0000] {base.py:73} INFO - Using connection ID 'postgres_con' for task execution.
[2023-09-17T04:00:38.635+0000] {base.py:73} INFO - Using connection ID 'postgres_con' for task execution.
[2023-09-17T04:00:38.723+0000] {base.py:73} INFO - Using connection ID 'postgres_con' for task execution.
[2023-09-17T04:00:38.804+0000] {base.py:73} INFO - Using connection ID 'postgres_con' for task execution.
[2023-09-17T04:00:38.885+0000] {base.py:73} INFO - Using connection ID 'postgres_con' for task execution.
[2023-09-17T04:00:38.965+0000] {base.py:73} INFO - Using connection ID 'postgres_con' for task execution.
[2023-09-17T04:00:39.047+0000] {base.py:73} INFO - Using connection ID 'postgres_con' for task execution.
[2023-09-17T04:00:39.128+0000] {base.py:73} INFO - Using connection ID 'postgres_con' for task execution.
[2023-09-17T04:00:39.216+0000] {base.py:73} INFO - Using connection ID 'postgres_con' for task execution.
[2023-09-17T04:00:39.306+0000] {base.py:73} INFO - Using connection ID 'postgres_con' for task execution.
[2023-09-17T04:00:39.393+0000] {base.py:73} INFO - Using connection ID 'postgres_con' for task execution.
[2023-09-17T04:00:39.467+0000] {base.py:73} INFO - Using connection ID 'postgres_con' for task execution.
[2023-09-17T04:00:39.542+0000] {base.py:73} INFO - Using connection ID 'postgres_con' for task execution.
[2023-09-17T04:00:39.616+0000] {base.py:73} INFO - Using connection ID 'postgres_con' for task execution.
[2023-09-17T04:00:39.691+0000] {base.py:73} INFO - Using connection ID 'postgres_con' for task execution.
[2023-09-17T04:00:39.771+0000] {base.py:73} INFO - Using connection ID 'postgres_con' for task execution.
[2023-09-17T04:00:39.845+0000] {base.py:73} INFO - Using connection ID 'postgres_con' for task execution.
[2023-09-17T04:00:39.919+0000] {base.py:73} INFO - Using connection ID 'postgres_con' for task execution.
[2023-09-17T04:00:39.993+0000] {base.py:73} INFO - Using connection ID 'postgres_con' for task execution.
[2023-09-17T04:00:40.067+0000] {base.py:73} INFO - Using connection ID 'postgres_con' for task execution.
[2023-09-17T04:00:40.141+0000] {base.py:73} INFO - Using connection ID 'postgres_con' for task execution.
[2023-09-17T04:00:40.218+0000] {base.py:73} INFO - Using connection ID 'postgres_con' for task execution.
[2023-09-17T04:00:40.291+0000] {base.py:73} INFO - Using connection ID 'postgres_con' for task execution.
[2023-09-17T04:00:40.365+0000] {base.py:73} INFO - Using connection ID 'postgres_con' for task execution.
[2023-09-17T04:00:40.439+0000] {base.py:73} INFO - Using connection ID 'postgres_con' for task execution.
[2023-09-17T04:00:40.513+0000] {base.py:73} INFO - Using connection ID 'postgres_con' for task execution.
[2023-09-17T04:00:40.588+0000] {base.py:73} INFO - Using connection ID 'postgres_con' for task execution.
[2023-09-17T04:00:40.661+0000] {base.py:73} INFO - Using connection ID 'postgres_con' for task execution.
[2023-09-17T04:00:40.735+0000] {base.py:73} INFO - Using connection ID 'postgres_con' for task execution.
[2023-09-17T04:00:40.817+0000] {base.py:73} INFO - Using connection ID 'postgres_con' for task execution.
[2023-09-17T04:00:40.890+0000] {base.py:73} INFO - Using connection ID 'postgres_con' for task execution.
[2023-09-17T04:00:40.963+0000] {base.py:73} INFO - Using connection ID 'postgres_con' for task execution.
[2023-09-17T04:00:41.040+0000] {base.py:73} INFO - Using connection ID 'postgres_con' for task execution.
[2023-09-17T04:00:41.114+0000] {base.py:73} INFO - Using connection ID 'postgres_con' for task execution.
[2023-09-17T04:00:41.187+0000] {base.py:73} INFO - Using connection ID 'postgres_con' for task execution.
[2023-09-17T04:00:41.263+0000] {base.py:73} INFO - Using connection ID 'postgres_con' for task execution.
[2023-09-17T04:00:41.348+0000] {base.py:73} INFO - Using connection ID 'postgres_con' for task execution.
[2023-09-17T04:00:41.440+0000] {base.py:73} INFO - Using connection ID 'postgres_con' for task execution.
[2023-09-17T04:00:41.514+0000] {base.py:73} INFO - Using connection ID 'postgres_con' for task execution.
[2023-09-17T04:00:41.588+0000] {base.py:73} INFO - Using connection ID 'postgres_con' for task execution.
[2023-09-17T04:00:41.660+0000] {base.py:73} INFO - Using connection ID 'postgres_con' for task execution.
[2023-09-17T04:00:41.734+0000] {base.py:73} INFO - Using connection ID 'postgres_con' for task execution.
[2023-09-17T04:00:41.813+0000] {base.py:73} INFO - Using connection ID 'postgres_con' for task execution.
[2023-09-17T04:00:41.897+0000] {base.py:73} INFO - Using connection ID 'postgres_con' for task execution.
[2023-09-17T04:00:41.974+0000] {base.py:73} INFO - Using connection ID 'postgres_con' for task execution.
[2023-09-17T04:00:42.048+0000] {base.py:73} INFO - Using connection ID 'postgres_con' for task execution.
[2023-09-17T04:00:42.122+0000] {base.py:73} INFO - Using connection ID 'postgres_con' for task execution.
[2023-09-17T04:00:42.195+0000] {base.py:73} INFO - Using connection ID 'postgres_con' for task execution.
[2023-09-17T04:00:42.270+0000] {base.py:73} INFO - Using connection ID 'postgres_con' for task execution.
[2023-09-17T04:00:42.343+0000] {base.py:73} INFO - Using connection ID 'postgres_con' for task execution.
[2023-09-17T04:00:42.416+0000] {base.py:73} INFO - Using connection ID 'postgres_con' for task execution.
[2023-09-17T04:00:42.488+0000] {base.py:73} INFO - Using connection ID 'postgres_con' for task execution.
[2023-09-17T04:00:42.561+0000] {base.py:73} INFO - Using connection ID 'postgres_con' for task execution.
[2023-09-17T04:00:42.633+0000] {base.py:73} INFO - Using connection ID 'postgres_con' for task execution.
[2023-09-17T04:00:42.706+0000] {base.py:73} INFO - Using connection ID 'postgres_con' for task execution.
[2023-09-17T04:00:42.779+0000] {base.py:73} INFO - Using connection ID 'postgres_con' for task execution.
[2023-09-17T04:00:42.852+0000] {base.py:73} INFO - Using connection ID 'postgres_con' for task execution.
[2023-09-17T04:00:42.932+0000] {base.py:73} INFO - Using connection ID 'postgres_con' for task execution.
[2023-09-17T04:00:43.005+0000] {base.py:73} INFO - Using connection ID 'postgres_con' for task execution.
[2023-09-17T04:00:43.079+0000] {base.py:73} INFO - Using connection ID 'postgres_con' for task execution.
[2023-09-17T04:00:43.154+0000] {base.py:73} INFO - Using connection ID 'postgres_con' for task execution.
[2023-09-17T04:00:43.227+0000] {base.py:73} INFO - Using connection ID 'postgres_con' for task execution.
[2023-09-17T04:00:43.302+0000] {base.py:73} INFO - Using connection ID 'postgres_con' for task execution.
[2023-09-17T04:00:43.374+0000] {base.py:73} INFO - Using connection ID 'postgres_con' for task execution.
[2023-09-17T04:00:43.446+0000] {base.py:73} INFO - Using connection ID 'postgres_con' for task execution.
[2023-09-17T04:00:43.518+0000] {base.py:73} INFO - Using connection ID 'postgres_con' for task execution.
[2023-09-17T04:00:43.591+0000] {base.py:73} INFO - Using connection ID 'postgres_con' for task execution.
[2023-09-17T04:00:43.664+0000] {base.py:73} INFO - Using connection ID 'postgres_con' for task execution.
[2023-09-17T04:00:43.744+0000] {base.py:73} INFO - Using connection ID 'postgres_con' for task execution.
[2023-09-17T04:00:43.817+0000] {base.py:73} INFO - Using connection ID 'postgres_con' for task execution.
[2023-09-17T04:00:43.890+0000] {base.py:73} INFO - Using connection ID 'postgres_con' for task execution.
[2023-09-17T04:00:43.962+0000] {base.py:73} INFO - Using connection ID 'postgres_con' for task execution.
[2023-09-17T04:00:44.034+0000] {base.py:73} INFO - Using connection ID 'postgres_con' for task execution.
[2023-09-17T04:00:44.107+0000] {base.py:73} INFO - Using connection ID 'postgres_con' for task execution.
[2023-09-17T04:00:44.179+0000] {base.py:73} INFO - Using connection ID 'postgres_con' for task execution.
[2023-09-17T04:00:44.250+0000] {base.py:73} INFO - Using connection ID 'postgres_con' for task execution.
[2023-09-17T04:00:44.325+0000] {base.py:73} INFO - Using connection ID 'postgres_con' for task execution.
[2023-09-17T04:00:44.397+0000] {base.py:73} INFO - Using connection ID 'postgres_con' for task execution.
[2023-09-17T04:00:44.469+0000] {base.py:73} INFO - Using connection ID 'postgres_con' for task execution.
[2023-09-17T04:00:44.540+0000] {base.py:73} INFO - Using connection ID 'postgres_con' for task execution.
[2023-09-17T04:00:44.611+0000] {base.py:73} INFO - Using connection ID 'postgres_con' for task execution.
[2023-09-17T04:00:44.682+0000] {base.py:73} INFO - Using connection ID 'postgres_con' for task execution.
[2023-09-17T04:00:44.754+0000] {base.py:73} INFO - Using connection ID 'postgres_con' for task execution.
[2023-09-17T04:00:44.833+0000] {base.py:73} INFO - Using connection ID 'postgres_con' for task execution.
[2023-09-17T04:00:44.905+0000] {base.py:73} INFO - Using connection ID 'postgres_con' for task execution.
[2023-09-17T04:00:44.976+0000] {base.py:73} INFO - Using connection ID 'postgres_con' for task execution.
[2023-09-17T04:00:45.048+0000] {base.py:73} INFO - Using connection ID 'postgres_con' for task execution.
[2023-09-17T04:00:45.120+0000] {base.py:73} INFO - Using connection ID 'postgres_con' for task execution.
[2023-09-17T04:00:45.191+0000] {base.py:73} INFO - Using connection ID 'postgres_con' for task execution.
[2023-09-17T04:00:45.262+0000] {base.py:73} INFO - Using connection ID 'postgres_con' for task execution.
[2023-09-17T04:00:45.336+0000] {base.py:73} INFO - Using connection ID 'postgres_con' for task execution.
[2023-09-17T04:00:45.408+0000] {base.py:73} INFO - Using connection ID 'postgres_con' for task execution.
[2023-09-17T04:00:45.481+0000] {base.py:73} INFO - Using connection ID 'postgres_con' for task execution.
[2023-09-17T04:00:45.553+0000] {base.py:73} INFO - Using connection ID 'postgres_con' for task execution.
[2023-09-17T04:00:45.626+0000] {base.py:73} INFO - Using connection ID 'postgres_con' for task execution.
[2023-09-17T04:00:45.698+0000] {base.py:73} INFO - Using connection ID 'postgres_con' for task execution.
[2023-09-17T04:00:45.770+0000] {base.py:73} INFO - Using connection ID 'postgres_con' for task execution.
[2023-09-17T04:00:45.847+0000] {base.py:73} INFO - Using connection ID 'postgres_con' for task execution.
[2023-09-17T04:00:45.941+0000] {base.py:73} INFO - Using connection ID 'postgres_con' for task execution.
[2023-09-17T04:00:46.018+0000] {base.py:73} INFO - Using connection ID 'postgres_con' for task execution.
[2023-09-17T04:00:46.095+0000] {base.py:73} INFO - Using connection ID 'postgres_con' for task execution.
[2023-09-17T04:00:46.180+0000] {base.py:73} INFO - Using connection ID 'postgres_con' for task execution.
[2023-09-17T04:00:46.256+0000] {base.py:73} INFO - Using connection ID 'postgres_con' for task execution.
[2023-09-17T04:00:46.333+0000] {base.py:73} INFO - Using connection ID 'postgres_con' for task execution.
[2023-09-17T04:00:46.410+0000] {base.py:73} INFO - Using connection ID 'postgres_con' for task execution.
[2023-09-17T04:00:46.486+0000] {base.py:73} INFO - Using connection ID 'postgres_con' for task execution.
[2023-09-17T04:00:46.562+0000] {base.py:73} INFO - Using connection ID 'postgres_con' for task execution.
[2023-09-17T04:00:46.638+0000] {base.py:73} INFO - Using connection ID 'postgres_con' for task execution.
[2023-09-17T04:00:46.715+0000] {base.py:73} INFO - Using connection ID 'postgres_con' for task execution.
[2023-09-17T04:00:46.790+0000] {base.py:73} INFO - Using connection ID 'postgres_con' for task execution.
[2023-09-17T04:00:46.874+0000] {base.py:73} INFO - Using connection ID 'postgres_con' for task execution.
[2023-09-17T04:00:46.954+0000] {base.py:73} INFO - Using connection ID 'postgres_con' for task execution.
[2023-09-17T04:00:47.029+0000] {base.py:73} INFO - Using connection ID 'postgres_con' for task execution.
[2023-09-17T04:00:47.105+0000] {base.py:73} INFO - Using connection ID 'postgres_con' for task execution.
[2023-09-17T04:00:47.180+0000] {base.py:73} INFO - Using connection ID 'postgres_con' for task execution.
[2023-09-17T04:00:47.256+0000] {base.py:73} INFO - Using connection ID 'postgres_con' for task execution.
[2023-09-17T04:00:47.334+0000] {base.py:73} INFO - Using connection ID 'postgres_con' for task execution.
[2023-09-17T04:00:47.410+0000] {base.py:73} INFO - Using connection ID 'postgres_con' for task execution.
[2023-09-17T04:00:47.485+0000] {base.py:73} INFO - Using connection ID 'postgres_con' for task execution.
[2023-09-17T04:00:47.560+0000] {base.py:73} INFO - Using connection ID 'postgres_con' for task execution.
[2023-09-17T04:00:47.637+0000] {base.py:73} INFO - Using connection ID 'postgres_con' for task execution.
[2023-09-17T04:00:47.717+0000] {base.py:73} INFO - Using connection ID 'postgres_con' for task execution.
[2023-09-17T04:00:47.792+0000] {base.py:73} INFO - Using connection ID 'postgres_con' for task execution.
[2023-09-17T04:00:47.868+0000] {base.py:73} INFO - Using connection ID 'postgres_con' for task execution.
[2023-09-17T04:00:47.948+0000] {base.py:73} INFO - Using connection ID 'postgres_con' for task execution.
[2023-09-17T04:00:48.029+0000] {base.py:73} INFO - Using connection ID 'postgres_con' for task execution.
[2023-09-17T04:00:48.108+0000] {base.py:73} INFO - Using connection ID 'postgres_con' for task execution.
[2023-09-17T04:00:48.187+0000] {base.py:73} INFO - Using connection ID 'postgres_con' for task execution.
[2023-09-17T04:00:48.262+0000] {base.py:73} INFO - Using connection ID 'postgres_con' for task execution.
[2023-09-17T04:00:48.371+0000] {base.py:73} INFO - Using connection ID 'postgres_con' for task execution.
[2023-09-17T04:00:48.458+0000] {base.py:73} INFO - Using connection ID 'postgres_con' for task execution.
[2023-09-17T04:00:48.544+0000] {base.py:73} INFO - Using connection ID 'postgres_con' for task execution.
[2023-09-17T04:00:48.645+0000] {base.py:73} INFO - Using connection ID 'postgres_con' for task execution.
[2023-09-17T04:00:48.717+0000] {base.py:73} INFO - Using connection ID 'postgres_con' for task execution.
[2023-09-17T04:00:48.794+0000] {base.py:73} INFO - Using connection ID 'postgres_con' for task execution.
[2023-09-17T04:00:48.867+0000] {base.py:73} INFO - Using connection ID 'postgres_con' for task execution.
[2023-09-17T04:00:48.940+0000] {base.py:73} INFO - Using connection ID 'postgres_con' for task execution.
[2023-09-17T04:00:49.010+0000] {base.py:73} INFO - Using connection ID 'postgres_con' for task execution.
[2023-09-17T04:00:49.079+0000] {base.py:73} INFO - Using connection ID 'postgres_con' for task execution.
[2023-09-17T04:00:49.148+0000] {base.py:73} INFO - Using connection ID 'postgres_con' for task execution.
[2023-09-17T04:00:49.218+0000] {base.py:73} INFO - Using connection ID 'postgres_con' for task execution.
[2023-09-17T04:00:49.288+0000] {base.py:73} INFO - Using connection ID 'postgres_con' for task execution.
[2023-09-17T04:00:49.359+0000] {base.py:73} INFO - Using connection ID 'postgres_con' for task execution.
[2023-09-17T04:00:49.428+0000] {base.py:73} INFO - Using connection ID 'postgres_con' for task execution.
[2023-09-17T04:00:49.497+0000] {base.py:73} INFO - Using connection ID 'postgres_con' for task execution.
[2023-09-17T04:00:49.567+0000] {base.py:73} INFO - Using connection ID 'postgres_con' for task execution.
[2023-09-17T04:00:49.636+0000] {base.py:73} INFO - Using connection ID 'postgres_con' for task execution.
[2023-09-17T04:00:49.706+0000] {base.py:73} INFO - Using connection ID 'postgres_con' for task execution.
[2023-09-17T04:00:49.776+0000] {base.py:73} INFO - Using connection ID 'postgres_con' for task execution.
[2023-09-17T04:00:49.845+0000] {base.py:73} INFO - Using connection ID 'postgres_con' for task execution.
[2023-09-17T04:00:49.920+0000] {base.py:73} INFO - Using connection ID 'postgres_con' for task execution.
[2023-09-17T04:00:49.989+0000] {base.py:73} INFO - Using connection ID 'postgres_con' for task execution.
[2023-09-17T04:00:50.058+0000] {base.py:73} INFO - Using connection ID 'postgres_con' for task execution.
[2023-09-17T04:00:50.128+0000] {base.py:73} INFO - Using connection ID 'postgres_con' for task execution.
[2023-09-17T04:00:50.196+0000] {base.py:73} INFO - Using connection ID 'postgres_con' for task execution.
[2023-09-17T04:00:50.265+0000] {base.py:73} INFO - Using connection ID 'postgres_con' for task execution.
[2023-09-17T04:00:50.334+0000] {base.py:73} INFO - Using connection ID 'postgres_con' for task execution.
[2023-09-17T04:00:50.405+0000] {base.py:73} INFO - Using connection ID 'postgres_con' for task execution.
[2023-09-17T04:00:50.473+0000] {base.py:73} INFO - Using connection ID 'postgres_con' for task execution.
[2023-09-17T04:00:50.541+0000] {base.py:73} INFO - Using connection ID 'postgres_con' for task execution.
[2023-09-17T04:00:50.609+0000] {base.py:73} INFO - Using connection ID 'postgres_con' for task execution.
[2023-09-17T04:00:50.679+0000] {base.py:73} INFO - Using connection ID 'postgres_con' for task execution.
[2023-09-17T04:00:50.747+0000] {base.py:73} INFO - Using connection ID 'postgres_con' for task execution.
[2023-09-17T04:00:50.815+0000] {base.py:73} INFO - Using connection ID 'postgres_con' for task execution.
[2023-09-17T04:00:50.883+0000] {base.py:73} INFO - Using connection ID 'postgres_con' for task execution.
[2023-09-17T04:00:50.957+0000] {base.py:73} INFO - Using connection ID 'postgres_con' for task execution.
[2023-09-17T04:00:51.027+0000] {base.py:73} INFO - Using connection ID 'postgres_con' for task execution.
[2023-09-17T04:00:51.096+0000] {base.py:73} INFO - Using connection ID 'postgres_con' for task execution.
[2023-09-17T04:00:51.164+0000] {base.py:73} INFO - Using connection ID 'postgres_con' for task execution.
[2023-09-17T04:00:51.232+0000] {base.py:73} INFO - Using connection ID 'postgres_con' for task execution.
[2023-09-17T04:00:51.301+0000] {base.py:73} INFO - Using connection ID 'postgres_con' for task execution.
[2023-09-17T04:00:51.370+0000] {base.py:73} INFO - Using connection ID 'postgres_con' for task execution.
[2023-09-17T04:00:51.439+0000] {base.py:73} INFO - Using connection ID 'postgres_con' for task execution.
[2023-09-17T04:00:51.508+0000] {base.py:73} INFO - Using connection ID 'postgres_con' for task execution.
[2023-09-17T04:00:51.576+0000] {base.py:73} INFO - Using connection ID 'postgres_con' for task execution.
[2023-09-17T04:00:51.645+0000] {base.py:73} INFO - Using connection ID 'postgres_con' for task execution.
[2023-09-17T04:00:51.714+0000] {base.py:73} INFO - Using connection ID 'postgres_con' for task execution.
[2023-09-17T04:00:51.782+0000] {base.py:73} INFO - Using connection ID 'postgres_con' for task execution.
[2023-09-17T04:00:51.851+0000] {base.py:73} INFO - Using connection ID 'postgres_con' for task execution.
[2023-09-17T04:00:51.920+0000] {base.py:73} INFO - Using connection ID 'postgres_con' for task execution.
[2023-09-17T04:00:52.013+0000] {base.py:73} INFO - Using connection ID 'postgres_con' for task execution.
[2023-09-17T04:00:52.091+0000] {base.py:73} INFO - Using connection ID 'postgres_con' for task execution.
[2023-09-17T04:00:52.160+0000] {base.py:73} INFO - Using connection ID 'postgres_con' for task execution.
[2023-09-17T04:00:52.228+0000] {base.py:73} INFO - Using connection ID 'postgres_con' for task execution.
[2023-09-17T04:00:52.298+0000] {base.py:73} INFO - Using connection ID 'postgres_con' for task execution.
[2023-09-17T04:00:52.367+0000] {base.py:73} INFO - Using connection ID 'postgres_con' for task execution.
[2023-09-17T04:00:52.438+0000] {base.py:73} INFO - Using connection ID 'postgres_con' for task execution.
[2023-09-17T04:00:52.506+0000] {base.py:73} INFO - Using connection ID 'postgres_con' for task execution.
[2023-09-17T04:00:52.575+0000] {base.py:73} INFO - Using connection ID 'postgres_con' for task execution.
[2023-09-17T04:00:52.643+0000] {base.py:73} INFO - Using connection ID 'postgres_con' for task execution.
[2023-09-17T04:00:52.712+0000] {base.py:73} INFO - Using connection ID 'postgres_con' for task execution.
[2023-09-17T04:00:52.781+0000] {base.py:73} INFO - Using connection ID 'postgres_con' for task execution.
[2023-09-17T04:00:52.849+0000] {base.py:73} INFO - Using connection ID 'postgres_con' for task execution.
[2023-09-17T04:00:52.918+0000] {base.py:73} INFO - Using connection ID 'postgres_con' for task execution.
[2023-09-17T04:00:52.987+0000] {base.py:73} INFO - Using connection ID 'postgres_con' for task execution.
[2023-09-17T04:00:53.059+0000] {base.py:73} INFO - Using connection ID 'postgres_con' for task execution.
[2023-09-17T04:00:53.143+0000] {base.py:73} INFO - Using connection ID 'postgres_con' for task execution.
[2023-09-17T04:00:53.227+0000] {base.py:73} INFO - Using connection ID 'postgres_con' for task execution.
[2023-09-17T04:00:53.311+0000] {base.py:73} INFO - Using connection ID 'postgres_con' for task execution.
[2023-09-17T04:00:53.395+0000] {base.py:73} INFO - Using connection ID 'postgres_con' for task execution.
[2023-09-17T04:00:53.480+0000] {base.py:73} INFO - Using connection ID 'postgres_con' for task execution.
[2023-09-17T04:00:53.584+0000] {base.py:73} INFO - Using connection ID 'postgres_con' for task execution.
[2023-09-17T04:00:53.664+0000] {base.py:73} INFO - Using connection ID 'postgres_con' for task execution.
[2023-09-17T04:00:53.737+0000] {base.py:73} INFO - Using connection ID 'postgres_con' for task execution.
[2023-09-17T04:00:53.819+0000] {base.py:73} INFO - Using connection ID 'postgres_con' for task execution.
[2023-09-17T04:00:53.911+0000] {base.py:73} INFO - Using connection ID 'postgres_con' for task execution.
[2023-09-17T04:00:54.000+0000] {base.py:73} INFO - Using connection ID 'postgres_con' for task execution.
[2023-09-17T04:00:54.087+0000] {base.py:73} INFO - Using connection ID 'postgres_con' for task execution.
[2023-09-17T04:00:54.172+0000] {base.py:73} INFO - Using connection ID 'postgres_con' for task execution.
[2023-09-17T04:00:54.252+0000] {base.py:73} INFO - Using connection ID 'postgres_con' for task execution.
[2023-09-17T04:00:54.330+0000] {base.py:73} INFO - Using connection ID 'postgres_con' for task execution.
[2023-09-17T04:00:54.407+0000] {base.py:73} INFO - Using connection ID 'postgres_con' for task execution.
[2023-09-17T04:00:54.491+0000] {base.py:73} INFO - Using connection ID 'postgres_con' for task execution.
[2023-09-17T04:00:54.577+0000] {base.py:73} INFO - Using connection ID 'postgres_con' for task execution.
[2023-09-17T04:00:54.664+0000] {base.py:73} INFO - Using connection ID 'postgres_con' for task execution.
[2023-09-17T04:00:54.752+0000] {base.py:73} INFO - Using connection ID 'postgres_con' for task execution.
[2023-09-17T04:00:54.838+0000] {base.py:73} INFO - Using connection ID 'postgres_con' for task execution.
[2023-09-17T04:00:54.928+0000] {base.py:73} INFO - Using connection ID 'postgres_con' for task execution.
[2023-09-17T04:00:55.021+0000] {base.py:73} INFO - Using connection ID 'postgres_con' for task execution.
[2023-09-17T04:00:55.106+0000] {base.py:73} INFO - Using connection ID 'postgres_con' for task execution.
[2023-09-17T04:00:55.191+0000] {base.py:73} INFO - Using connection ID 'postgres_con' for task execution.
[2023-09-17T04:00:55.279+0000] {base.py:73} INFO - Using connection ID 'postgres_con' for task execution.
[2023-09-17T04:00:55.366+0000] {base.py:73} INFO - Using connection ID 'postgres_con' for task execution.
[2023-09-17T04:00:55.459+0000] {base.py:73} INFO - Using connection ID 'postgres_con' for task execution.
[2023-09-17T04:00:55.546+0000] {base.py:73} INFO - Using connection ID 'postgres_con' for task execution.
[2023-09-17T04:00:55.623+0000] {base.py:73} INFO - Using connection ID 'postgres_con' for task execution.
[2023-09-17T04:00:55.699+0000] {base.py:73} INFO - Using connection ID 'postgres_con' for task execution.
[2023-09-17T04:00:55.775+0000] {base.py:73} INFO - Using connection ID 'postgres_con' for task execution.
[2023-09-17T04:00:55.860+0000] {base.py:73} INFO - Using connection ID 'postgres_con' for task execution.
[2023-09-17T04:00:55.945+0000] {base.py:73} INFO - Using connection ID 'postgres_con' for task execution.
[2023-09-17T04:00:56.033+0000] {base.py:73} INFO - Using connection ID 'postgres_con' for task execution.
[2023-09-17T04:00:56.126+0000] {base.py:73} INFO - Using connection ID 'postgres_con' for task execution.
[2023-09-17T04:00:56.216+0000] {base.py:73} INFO - Using connection ID 'postgres_con' for task execution.
[2023-09-17T04:00:56.289+0000] {base.py:73} INFO - Using connection ID 'postgres_con' for task execution.
[2023-09-17T04:00:56.357+0000] {base.py:73} INFO - Using connection ID 'postgres_con' for task execution.
[2023-09-17T04:00:56.426+0000] {base.py:73} INFO - Using connection ID 'postgres_con' for task execution.
[2023-09-17T04:00:56.497+0000] {base.py:73} INFO - Using connection ID 'postgres_con' for task execution.
[2023-09-17T04:00:56.565+0000] {base.py:73} INFO - Using connection ID 'postgres_con' for task execution.
[2023-09-17T04:00:56.634+0000] {base.py:73} INFO - Using connection ID 'postgres_con' for task execution.
[2023-09-17T04:00:56.703+0000] {base.py:73} INFO - Using connection ID 'postgres_con' for task execution.
[2023-09-17T04:00:56.772+0000] {base.py:73} INFO - Using connection ID 'postgres_con' for task execution.
[2023-09-17T04:00:56.841+0000] {base.py:73} INFO - Using connection ID 'postgres_con' for task execution.
[2023-09-17T04:00:56.910+0000] {base.py:73} INFO - Using connection ID 'postgres_con' for task execution.
[2023-09-17T04:00:56.979+0000] {base.py:73} INFO - Using connection ID 'postgres_con' for task execution.
[2023-09-17T04:00:57.047+0000] {base.py:73} INFO - Using connection ID 'postgres_con' for task execution.
[2023-09-17T04:00:57.116+0000] {base.py:73} INFO - Using connection ID 'postgres_con' for task execution.
[2023-09-17T04:00:57.191+0000] {base.py:73} INFO - Using connection ID 'postgres_con' for task execution.
[2023-09-17T04:00:57.272+0000] {base.py:73} INFO - Using connection ID 'postgres_con' for task execution.
[2023-09-17T04:00:57.345+0000] {base.py:73} INFO - Using connection ID 'postgres_con' for task execution.
[2023-09-17T04:00:57.414+0000] {base.py:73} INFO - Using connection ID 'postgres_con' for task execution.
[2023-09-17T04:00:57.485+0000] {base.py:73} INFO - Using connection ID 'postgres_con' for task execution.
[2023-09-17T04:00:57.553+0000] {base.py:73} INFO - Using connection ID 'postgres_con' for task execution.
[2023-09-17T04:00:57.622+0000] {base.py:73} INFO - Using connection ID 'postgres_con' for task execution.
[2023-09-17T04:00:57.692+0000] {base.py:73} INFO - Using connection ID 'postgres_con' for task execution.
[2023-09-17T04:01:51.924+0000] {base.py:73} INFO - Using connection ID 'postgres_con' for task execution.
[2023-09-17T04:01:51.930+0000] {warnings.py:109} WARNING - /home/***/.local/lib/python3.8/site-packages/***/providers/common/sql/hooks/sql.py:219: UserWarning: pandas only supports SQLAlchemy connectable (engine/connection) or database string URI or sqlite3 DBAPI2 connection. Other DBAPI2 objects are not tested. Please consider using SQLAlchemy.
  return psql.read_sql(sql, con=conn, params=parameters, **kwargs)

[2023-09-17T04:01:51.958+0000] {base.py:73} INFO - Using connection ID 'postgres_con' for task execution.
[2023-09-17T04:01:51.967+0000] {warnings.py:109} WARNING - /home/***/.local/lib/python3.8/site-packages/***/providers/common/sql/hooks/sql.py:219: UserWarning: pandas only supports SQLAlchemy connectable (engine/connection) or database string URI or sqlite3 DBAPI2 connection. Other DBAPI2 objects are not tested. Please consider using SQLAlchemy.
  return psql.read_sql(sql, con=conn, params=parameters, **kwargs)

[2023-09-17T04:01:51.976+0000] {python.py:194} INFO - Done. Returned value was:       id_vac              published_at  ...   skill_type column_not_exist_in_db
0   86801736  2023-09-16T10:15:56+0300  ...            0                  90182
1   86801736  2023-09-16T10:15:56+0300  ...            0                  90183
2   86801736  2023-09-16T10:15:56+0300  ...  Инструменты                  90184
3   86801736  2023-09-16T10:15:56+0300  ...            0                  90185
4   86801736  2023-09-16T10:15:56+0300  ...            0                  90186
..       ...                       ...  ...          ...                    ...
73  86810273  2023-09-16T19:49:39+0300  ...            0                  90255
74  86810273  2023-09-16T19:49:39+0300  ...            0                  90256
75  86810273  2023-09-16T19:49:39+0300  ...            0                  90257
76  86810273  2023-09-16T19:49:39+0300  ...            0                  90258
77  86810273  2023-09-16T19:49:39+0300  ...            0                  90259

[78 rows x 16 columns]
[2023-09-17T04:01:52.101+0000] {taskinstance.py:1400} INFO - Marking task as SUCCESS. dag_id=dag_parser, task_id=transform, execution_date=20230916T040000, start_date=20230917T040022, end_date=20230917T040152
[2023-09-17T04:01:52.148+0000] {local_task_job_runner.py:228} INFO - Task exited with return code 0
[2023-09-17T04:01:52.174+0000] {taskinstance.py:2784} INFO - 0 downstream tasks scheduled from follow-on schedule check
