[2023-09-04T15:55:34.614+0000] {taskinstance.py:1159} INFO - Dependencies all met for dep_context=non-requeueable deps ti=<TaskInstance: dag_parser.extract manual__2023-09-04T15:55:31.528253+00:00 [queued]>
[2023-09-04T15:55:34.620+0000] {taskinstance.py:1159} INFO - Dependencies all met for dep_context=requeueable deps ti=<TaskInstance: dag_parser.extract manual__2023-09-04T15:55:31.528253+00:00 [queued]>
[2023-09-04T15:55:34.621+0000] {taskinstance.py:1361} INFO - Starting attempt 1 of 3
[2023-09-04T15:55:34.631+0000] {taskinstance.py:1382} INFO - Executing <Task(_PythonDecoratedOperator): extract> on 2023-09-04 15:55:31.528253+00:00
[2023-09-04T15:55:34.659+0000] {standard_task_runner.py:57} INFO - Started process 145 to run task
[2023-09-04T15:55:34.681+0000] {standard_task_runner.py:84} INFO - Running: ['***', 'tasks', 'run', 'dag_parser', 'extract', 'manual__2023-09-04T15:55:31.528253+00:00', '--job-id', '204', '--raw', '--subdir', 'DAGS_FOLDER/dag_parser.py', '--cfg-path', '/tmp/tmpcjl70q2d']
[2023-09-04T15:55:34.687+0000] {standard_task_runner.py:85} INFO - Job 204: Subtask extract
[2023-09-04T15:55:34.845+0000] {task_command.py:415} INFO - Running <TaskInstance: dag_parser.extract manual__2023-09-04T15:55:31.528253+00:00 [running]> on host cb0c1766de18
[2023-09-04T15:55:34.932+0000] {taskinstance.py:1660} INFO - Exporting env vars: AIRFLOW_CTX_DAG_OWNER='oleg' AIRFLOW_CTX_DAG_ID='dag_parser' AIRFLOW_CTX_TASK_ID='extract' AIRFLOW_CTX_EXECUTION_DATE='2023-09-04T15:55:31.528253+00:00' AIRFLOW_CTX_TRY_NUMBER='1' AIRFLOW_CTX_DAG_RUN_ID='manual__2023-09-04T15:55:31.528253+00:00'
[2023-09-04T15:56:16.551+0000] {python.py:194} INFO - Done. Returned value was:             id  premium  ... immediate_redirect_url immediate_redirect_vacancy_id
0     85602408    False  ...                    NaN                           NaN
1     85208024    False  ...                    NaN                           NaN
2     84695277    False  ...                    NaN                           NaN
3     85208023    False  ...                    NaN                           NaN
4     86081757    False  ...                    NaN                           NaN
...        ...      ...  ...                    ...                           ...
1258  84292740    False  ...                    NaN                           NaN
1259  84292739    False  ...                    NaN                           NaN
1260  86198414    False  ...                    NaN                           NaN
1261  86198415    False  ...                    NaN                           NaN
1262  86176662    False  ...                    NaN                           NaN

[1263 rows x 38 columns]
[2023-09-04T15:56:16.873+0000] {taskinstance.py:1400} INFO - Marking task as SUCCESS. dag_id=dag_parser, task_id=extract, execution_date=20230904T155531, start_date=20230904T155534, end_date=20230904T155616
[2023-09-04T15:56:16.917+0000] {local_task_job_runner.py:228} INFO - Task exited with return code 0
[2023-09-04T15:56:16.947+0000] {taskinstance.py:2784} INFO - 1 downstream tasks scheduled from follow-on schedule check
