[2023-09-04T13:28:17.555+0000] {taskinstance.py:1159} INFO - Dependencies all met for dep_context=non-requeueable deps ti=<TaskInstance: dag_parser.transform scheduled__2023-09-03T04:00:00+00:00 [queued]>
[2023-09-04T13:28:17.561+0000] {taskinstance.py:1159} INFO - Dependencies all met for dep_context=requeueable deps ti=<TaskInstance: dag_parser.transform scheduled__2023-09-03T04:00:00+00:00 [queued]>
[2023-09-04T13:28:17.562+0000] {taskinstance.py:1361} INFO - Starting attempt 1 of 3
[2023-09-04T13:28:17.571+0000] {taskinstance.py:1382} INFO - Executing <Task(_PythonDecoratedOperator): transform> on 2023-09-03 04:00:00+00:00
[2023-09-04T13:28:17.578+0000] {standard_task_runner.py:57} INFO - Started process 64 to run task
[2023-09-04T13:28:17.582+0000] {standard_task_runner.py:84} INFO - Running: ['***', 'tasks', 'run', 'dag_parser', 'transform', 'scheduled__2023-09-03T04:00:00+00:00', '--job-id', '196', '--raw', '--subdir', 'DAGS_FOLDER/dag_parser.py', '--cfg-path', '/tmp/tmp01g2861y']
[2023-09-04T13:28:17.584+0000] {standard_task_runner.py:85} INFO - Job 196: Subtask transform
[2023-09-04T13:28:17.636+0000] {task_command.py:415} INFO - Running <TaskInstance: dag_parser.transform scheduled__2023-09-03T04:00:00+00:00 [running]> on host 053cef951b1f
[2023-09-04T13:28:17.832+0000] {taskinstance.py:1660} INFO - Exporting env vars: AIRFLOW_CTX_DAG_OWNER='oleg' AIRFLOW_CTX_DAG_ID='dag_parser' AIRFLOW_CTX_TASK_ID='transform' AIRFLOW_CTX_EXECUTION_DATE='2023-09-03T04:00:00+00:00' AIRFLOW_CTX_TRY_NUMBER='1' AIRFLOW_CTX_DAG_RUN_ID='scheduled__2023-09-03T04:00:00+00:00'
[2023-09-04T13:28:18.087+0000] {base.py:73} INFO - Using connection ID 'postgres_con' for task execution.
[2023-09-04T13:28:18.107+0000] {warnings.py:109} WARNING - /home/***/.local/lib/python3.8/site-packages/***/providers/common/sql/hooks/sql.py:219: UserWarning: pandas only supports SQLAlchemy connectable (engine/connection) or database string URI or sqlite3 DBAPI2 connection. Other DBAPI2 objects are not tested. Please consider using SQLAlchemy.
  return psql.read_sql(sql, con=conn, params=parameters, **kwargs)

[2023-09-04T13:28:18.310+0000] {base.py:73} INFO - Using connection ID 'postgres_con' for task execution.
[2023-09-04T13:28:18.360+0000] {base.py:73} INFO - Using connection ID 'postgres_con' for task execution.
[2023-09-04T13:28:18.405+0000] {base.py:73} INFO - Using connection ID 'postgres_con' for task execution.
[2023-09-04T13:28:18.450+0000] {base.py:73} INFO - Using connection ID 'postgres_con' for task execution.
[2023-09-04T13:28:18.501+0000] {base.py:73} INFO - Using connection ID 'postgres_con' for task execution.
[2023-09-04T13:28:18.546+0000] {base.py:73} INFO - Using connection ID 'postgres_con' for task execution.
[2023-09-04T13:28:18.595+0000] {base.py:73} INFO - Using connection ID 'postgres_con' for task execution.
[2023-09-04T13:28:18.638+0000] {base.py:73} INFO - Using connection ID 'postgres_con' for task execution.
[2023-09-04T13:28:18.696+0000] {base.py:73} INFO - Using connection ID 'postgres_con' for task execution.
[2023-09-04T13:28:18.740+0000] {base.py:73} INFO - Using connection ID 'postgres_con' for task execution.
[2023-09-04T13:28:18.785+0000] {base.py:73} INFO - Using connection ID 'postgres_con' for task execution.
[2023-09-04T13:28:18.830+0000] {base.py:73} INFO - Using connection ID 'postgres_con' for task execution.
[2023-09-04T13:28:18.875+0000] {base.py:73} INFO - Using connection ID 'postgres_con' for task execution.
[2023-09-04T13:28:18.919+0000] {base.py:73} INFO - Using connection ID 'postgres_con' for task execution.
[2023-09-04T13:28:18.965+0000] {base.py:73} INFO - Using connection ID 'postgres_con' for task execution.
[2023-09-04T13:28:19.011+0000] {base.py:73} INFO - Using connection ID 'postgres_con' for task execution.
[2023-09-04T13:28:19.055+0000] {base.py:73} INFO - Using connection ID 'postgres_con' for task execution.
[2023-09-04T13:28:19.098+0000] {base.py:73} INFO - Using connection ID 'postgres_con' for task execution.
[2023-09-04T13:28:19.143+0000] {base.py:73} INFO - Using connection ID 'postgres_con' for task execution.
[2023-09-04T13:28:19.189+0000] {base.py:73} INFO - Using connection ID 'postgres_con' for task execution.
[2023-09-04T13:28:19.245+0000] {base.py:73} INFO - Using connection ID 'postgres_con' for task execution.
[2023-09-04T13:28:19.322+0000] {base.py:73} INFO - Using connection ID 'postgres_con' for task execution.
[2023-09-04T13:28:19.396+0000] {base.py:73} INFO - Using connection ID 'postgres_con' for task execution.
[2023-09-04T13:28:19.441+0000] {base.py:73} INFO - Using connection ID 'postgres_con' for task execution.
[2023-09-04T13:28:19.485+0000] {base.py:73} INFO - Using connection ID 'postgres_con' for task execution.
[2023-09-04T13:28:19.534+0000] {base.py:73} INFO - Using connection ID 'postgres_con' for task execution.
[2023-09-04T13:28:19.578+0000] {base.py:73} INFO - Using connection ID 'postgres_con' for task execution.
[2023-09-04T13:28:19.625+0000] {base.py:73} INFO - Using connection ID 'postgres_con' for task execution.
[2023-09-04T13:28:19.672+0000] {base.py:73} INFO - Using connection ID 'postgres_con' for task execution.
[2023-09-04T13:28:19.717+0000] {base.py:73} INFO - Using connection ID 'postgres_con' for task execution.
[2023-09-04T13:28:19.762+0000] {base.py:73} INFO - Using connection ID 'postgres_con' for task execution.
[2023-09-04T13:28:19.806+0000] {base.py:73} INFO - Using connection ID 'postgres_con' for task execution.
[2023-09-04T13:28:19.850+0000] {base.py:73} INFO - Using connection ID 'postgres_con' for task execution.
[2023-09-04T13:28:19.897+0000] {base.py:73} INFO - Using connection ID 'postgres_con' for task execution.
[2023-09-04T13:28:19.942+0000] {base.py:73} INFO - Using connection ID 'postgres_con' for task execution.
[2023-09-04T13:28:19.988+0000] {base.py:73} INFO - Using connection ID 'postgres_con' for task execution.
[2023-09-04T13:28:20.034+0000] {base.py:73} INFO - Using connection ID 'postgres_con' for task execution.
[2023-09-04T13:28:20.083+0000] {base.py:73} INFO - Using connection ID 'postgres_con' for task execution.
[2023-09-04T13:28:20.130+0000] {base.py:73} INFO - Using connection ID 'postgres_con' for task execution.
[2023-09-04T13:28:20.174+0000] {base.py:73} INFO - Using connection ID 'postgres_con' for task execution.
[2023-09-04T13:28:20.222+0000] {base.py:73} INFO - Using connection ID 'postgres_con' for task execution.
[2023-09-04T13:28:20.268+0000] {base.py:73} INFO - Using connection ID 'postgres_con' for task execution.
[2023-09-04T13:28:20.314+0000] {base.py:73} INFO - Using connection ID 'postgres_con' for task execution.
[2023-09-04T13:28:20.358+0000] {base.py:73} INFO - Using connection ID 'postgres_con' for task execution.
[2023-09-04T13:28:20.410+0000] {base.py:73} INFO - Using connection ID 'postgres_con' for task execution.
[2023-09-04T13:28:20.455+0000] {base.py:73} INFO - Using connection ID 'postgres_con' for task execution.
[2023-09-04T13:28:20.502+0000] {base.py:73} INFO - Using connection ID 'postgres_con' for task execution.
[2023-09-04T13:28:20.551+0000] {base.py:73} INFO - Using connection ID 'postgres_con' for task execution.
[2023-09-04T13:28:20.601+0000] {base.py:73} INFO - Using connection ID 'postgres_con' for task execution.
[2023-09-04T13:28:20.648+0000] {base.py:73} INFO - Using connection ID 'postgres_con' for task execution.
[2023-09-04T13:28:20.692+0000] {base.py:73} INFO - Using connection ID 'postgres_con' for task execution.
[2023-09-04T13:28:20.741+0000] {base.py:73} INFO - Using connection ID 'postgres_con' for task execution.
[2023-09-04T13:28:20.788+0000] {base.py:73} INFO - Using connection ID 'postgres_con' for task execution.
[2023-09-04T13:28:20.834+0000] {base.py:73} INFO - Using connection ID 'postgres_con' for task execution.
[2023-09-04T13:28:20.879+0000] {base.py:73} INFO - Using connection ID 'postgres_con' for task execution.
[2023-09-04T13:28:20.934+0000] {base.py:73} INFO - Using connection ID 'postgres_con' for task execution.
[2023-09-04T13:28:21.000+0000] {base.py:73} INFO - Using connection ID 'postgres_con' for task execution.
[2023-09-04T13:28:21.049+0000] {base.py:73} INFO - Using connection ID 'postgres_con' for task execution.
[2023-09-04T13:28:21.097+0000] {base.py:73} INFO - Using connection ID 'postgres_con' for task execution.
[2023-09-04T13:28:21.143+0000] {base.py:73} INFO - Using connection ID 'postgres_con' for task execution.
[2023-09-04T13:28:21.191+0000] {base.py:73} INFO - Using connection ID 'postgres_con' for task execution.
[2023-09-04T13:28:21.236+0000] {base.py:73} INFO - Using connection ID 'postgres_con' for task execution.
[2023-09-04T13:28:21.284+0000] {base.py:73} INFO - Using connection ID 'postgres_con' for task execution.
[2023-09-04T13:28:21.330+0000] {base.py:73} INFO - Using connection ID 'postgres_con' for task execution.
[2023-09-04T13:28:21.378+0000] {base.py:73} INFO - Using connection ID 'postgres_con' for task execution.
[2023-09-04T13:28:21.423+0000] {base.py:73} INFO - Using connection ID 'postgres_con' for task execution.
[2023-09-04T13:28:21.474+0000] {base.py:73} INFO - Using connection ID 'postgres_con' for task execution.
[2023-09-04T13:28:21.522+0000] {base.py:73} INFO - Using connection ID 'postgres_con' for task execution.
[2023-09-04T13:28:21.571+0000] {base.py:73} INFO - Using connection ID 'postgres_con' for task execution.
[2023-09-04T13:28:21.624+0000] {base.py:73} INFO - Using connection ID 'postgres_con' for task execution.
[2023-09-04T13:28:21.672+0000] {base.py:73} INFO - Using connection ID 'postgres_con' for task execution.
[2023-09-04T13:28:21.739+0000] {base.py:73} INFO - Using connection ID 'postgres_con' for task execution.
[2023-09-04T13:28:21.823+0000] {base.py:73} INFO - Using connection ID 'postgres_con' for task execution.
[2023-09-04T13:28:21.871+0000] {base.py:73} INFO - Using connection ID 'postgres_con' for task execution.
[2023-09-04T13:28:21.919+0000] {base.py:73} INFO - Using connection ID 'postgres_con' for task execution.
[2023-09-04T13:28:21.979+0000] {base.py:73} INFO - Using connection ID 'postgres_con' for task execution.
[2023-09-04T13:28:22.029+0000] {base.py:73} INFO - Using connection ID 'postgres_con' for task execution.
[2023-09-04T13:28:22.078+0000] {base.py:73} INFO - Using connection ID 'postgres_con' for task execution.
[2023-09-04T13:28:22.127+0000] {base.py:73} INFO - Using connection ID 'postgres_con' for task execution.
[2023-09-04T13:28:22.178+0000] {base.py:73} INFO - Using connection ID 'postgres_con' for task execution.
[2023-09-04T13:28:22.235+0000] {base.py:73} INFO - Using connection ID 'postgres_con' for task execution.
[2023-09-04T13:28:22.283+0000] {base.py:73} INFO - Using connection ID 'postgres_con' for task execution.
[2023-09-04T13:28:22.331+0000] {base.py:73} INFO - Using connection ID 'postgres_con' for task execution.
[2023-09-04T13:28:22.379+0000] {base.py:73} INFO - Using connection ID 'postgres_con' for task execution.
[2023-09-04T13:28:22.432+0000] {base.py:73} INFO - Using connection ID 'postgres_con' for task execution.
[2023-09-04T13:28:22.480+0000] {base.py:73} INFO - Using connection ID 'postgres_con' for task execution.
[2023-09-04T13:28:22.530+0000] {base.py:73} INFO - Using connection ID 'postgres_con' for task execution.
[2023-09-04T13:28:22.577+0000] {base.py:73} INFO - Using connection ID 'postgres_con' for task execution.
[2023-09-04T13:28:22.626+0000] {base.py:73} INFO - Using connection ID 'postgres_con' for task execution.
[2023-09-04T13:28:22.691+0000] {base.py:73} INFO - Using connection ID 'postgres_con' for task execution.
[2023-09-04T13:28:22.739+0000] {base.py:73} INFO - Using connection ID 'postgres_con' for task execution.
[2023-09-04T13:28:22.789+0000] {base.py:73} INFO - Using connection ID 'postgres_con' for task execution.
[2023-09-04T13:28:22.836+0000] {base.py:73} INFO - Using connection ID 'postgres_con' for task execution.
[2023-09-04T13:28:22.882+0000] {base.py:73} INFO - Using connection ID 'postgres_con' for task execution.
[2023-09-04T13:28:22.930+0000] {base.py:73} INFO - Using connection ID 'postgres_con' for task execution.
[2023-09-04T13:28:22.978+0000] {base.py:73} INFO - Using connection ID 'postgres_con' for task execution.
[2023-09-04T13:28:23.027+0000] {base.py:73} INFO - Using connection ID 'postgres_con' for task execution.
[2023-09-04T13:28:23.079+0000] {base.py:73} INFO - Using connection ID 'postgres_con' for task execution.
[2023-09-04T13:28:23.127+0000] {base.py:73} INFO - Using connection ID 'postgres_con' for task execution.
[2023-09-04T13:28:23.174+0000] {base.py:73} INFO - Using connection ID 'postgres_con' for task execution.
[2023-09-04T13:28:23.222+0000] {base.py:73} INFO - Using connection ID 'postgres_con' for task execution.
[2023-09-04T13:28:23.270+0000] {base.py:73} INFO - Using connection ID 'postgres_con' for task execution.
[2023-09-04T13:28:23.319+0000] {base.py:73} INFO - Using connection ID 'postgres_con' for task execution.
[2023-09-04T13:28:23.367+0000] {base.py:73} INFO - Using connection ID 'postgres_con' for task execution.
[2023-09-04T13:28:23.415+0000] {base.py:73} INFO - Using connection ID 'postgres_con' for task execution.
[2023-09-04T13:28:23.465+0000] {base.py:73} INFO - Using connection ID 'postgres_con' for task execution.
[2023-09-04T13:28:23.518+0000] {base.py:73} INFO - Using connection ID 'postgres_con' for task execution.
[2023-09-04T13:28:23.581+0000] {base.py:73} INFO - Using connection ID 'postgres_con' for task execution.
[2023-09-04T13:28:23.629+0000] {base.py:73} INFO - Using connection ID 'postgres_con' for task execution.
[2023-09-04T13:28:23.680+0000] {base.py:73} INFO - Using connection ID 'postgres_con' for task execution.
[2023-09-04T13:28:23.728+0000] {base.py:73} INFO - Using connection ID 'postgres_con' for task execution.
[2023-09-04T13:28:23.777+0000] {base.py:73} INFO - Using connection ID 'postgres_con' for task execution.
[2023-09-04T13:28:23.826+0000] {base.py:73} INFO - Using connection ID 'postgres_con' for task execution.
[2023-09-04T13:28:23.874+0000] {base.py:73} INFO - Using connection ID 'postgres_con' for task execution.
[2023-09-04T13:28:23.923+0000] {base.py:73} INFO - Using connection ID 'postgres_con' for task execution.
[2023-09-04T13:28:23.970+0000] {base.py:73} INFO - Using connection ID 'postgres_con' for task execution.
[2023-09-04T13:28:24.020+0000] {base.py:73} INFO - Using connection ID 'postgres_con' for task execution.
[2023-09-04T13:28:24.069+0000] {base.py:73} INFO - Using connection ID 'postgres_con' for task execution.
[2023-09-04T13:28:24.119+0000] {base.py:73} INFO - Using connection ID 'postgres_con' for task execution.
[2023-09-04T13:28:24.170+0000] {base.py:73} INFO - Using connection ID 'postgres_con' for task execution.
[2023-09-04T13:28:24.220+0000] {base.py:73} INFO - Using connection ID 'postgres_con' for task execution.
[2023-09-04T13:28:24.269+0000] {base.py:73} INFO - Using connection ID 'postgres_con' for task execution.
[2023-09-04T13:28:24.318+0000] {base.py:73} INFO - Using connection ID 'postgres_con' for task execution.
[2023-09-04T13:28:24.368+0000] {base.py:73} INFO - Using connection ID 'postgres_con' for task execution.
[2023-09-04T13:28:24.417+0000] {base.py:73} INFO - Using connection ID 'postgres_con' for task execution.
[2023-09-04T13:28:24.466+0000] {base.py:73} INFO - Using connection ID 'postgres_con' for task execution.
[2023-09-04T13:28:24.516+0000] {base.py:73} INFO - Using connection ID 'postgres_con' for task execution.
[2023-09-04T13:28:24.568+0000] {base.py:73} INFO - Using connection ID 'postgres_con' for task execution.
[2023-09-04T13:28:24.618+0000] {base.py:73} INFO - Using connection ID 'postgres_con' for task execution.
[2023-09-04T13:28:24.669+0000] {base.py:73} INFO - Using connection ID 'postgres_con' for task execution.
[2023-09-04T13:28:24.720+0000] {base.py:73} INFO - Using connection ID 'postgres_con' for task execution.
[2023-09-04T13:28:24.772+0000] {base.py:73} INFO - Using connection ID 'postgres_con' for task execution.
[2023-09-04T13:28:24.821+0000] {base.py:73} INFO - Using connection ID 'postgres_con' for task execution.
[2023-09-04T13:28:24.873+0000] {base.py:73} INFO - Using connection ID 'postgres_con' for task execution.
[2023-09-04T13:28:24.931+0000] {base.py:73} INFO - Using connection ID 'postgres_con' for task execution.
[2023-09-04T13:28:24.983+0000] {base.py:73} INFO - Using connection ID 'postgres_con' for task execution.
[2023-09-04T13:28:25.033+0000] {base.py:73} INFO - Using connection ID 'postgres_con' for task execution.
[2023-09-04T13:28:25.084+0000] {base.py:73} INFO - Using connection ID 'postgres_con' for task execution.
[2023-09-04T13:28:25.135+0000] {base.py:73} INFO - Using connection ID 'postgres_con' for task execution.
[2023-09-04T13:28:25.186+0000] {base.py:73} INFO - Using connection ID 'postgres_con' for task execution.
[2023-09-04T13:28:25.236+0000] {base.py:73} INFO - Using connection ID 'postgres_con' for task execution.
[2023-09-04T13:28:25.289+0000] {base.py:73} INFO - Using connection ID 'postgres_con' for task execution.
[2023-09-04T13:28:25.337+0000] {base.py:73} INFO - Using connection ID 'postgres_con' for task execution.
[2023-09-04T13:28:25.388+0000] {base.py:73} INFO - Using connection ID 'postgres_con' for task execution.
[2023-09-04T13:28:25.440+0000] {base.py:73} INFO - Using connection ID 'postgres_con' for task execution.
[2023-09-04T13:28:25.490+0000] {base.py:73} INFO - Using connection ID 'postgres_con' for task execution.
[2023-09-04T13:28:25.541+0000] {base.py:73} INFO - Using connection ID 'postgres_con' for task execution.
[2023-09-04T13:28:25.593+0000] {base.py:73} INFO - Using connection ID 'postgres_con' for task execution.
[2023-09-04T13:28:25.646+0000] {base.py:73} INFO - Using connection ID 'postgres_con' for task execution.
[2023-09-04T13:28:25.696+0000] {base.py:73} INFO - Using connection ID 'postgres_con' for task execution.
[2023-09-04T13:28:25.746+0000] {base.py:73} INFO - Using connection ID 'postgres_con' for task execution.
[2023-09-04T13:28:25.797+0000] {base.py:73} INFO - Using connection ID 'postgres_con' for task execution.
[2023-09-04T13:28:25.847+0000] {base.py:73} INFO - Using connection ID 'postgres_con' for task execution.
[2023-09-04T13:28:25.898+0000] {base.py:73} INFO - Using connection ID 'postgres_con' for task execution.
[2023-09-04T13:28:25.947+0000] {base.py:73} INFO - Using connection ID 'postgres_con' for task execution.
[2023-09-04T13:28:25.996+0000] {base.py:73} INFO - Using connection ID 'postgres_con' for task execution.
[2023-09-04T13:28:26.048+0000] {base.py:73} INFO - Using connection ID 'postgres_con' for task execution.
[2023-09-04T13:28:26.102+0000] {base.py:73} INFO - Using connection ID 'postgres_con' for task execution.
[2023-09-04T13:28:26.158+0000] {base.py:73} INFO - Using connection ID 'postgres_con' for task execution.
[2023-09-04T13:28:26.210+0000] {base.py:73} INFO - Using connection ID 'postgres_con' for task execution.
[2023-09-04T13:28:26.260+0000] {base.py:73} INFO - Using connection ID 'postgres_con' for task execution.
[2023-09-04T13:28:26.315+0000] {base.py:73} INFO - Using connection ID 'postgres_con' for task execution.
[2023-09-04T13:28:26.369+0000] {base.py:73} INFO - Using connection ID 'postgres_con' for task execution.
[2023-09-04T13:28:26.424+0000] {base.py:73} INFO - Using connection ID 'postgres_con' for task execution.
[2023-09-04T13:28:26.480+0000] {base.py:73} INFO - Using connection ID 'postgres_con' for task execution.
[2023-09-04T13:28:26.531+0000] {base.py:73} INFO - Using connection ID 'postgres_con' for task execution.
[2023-09-04T13:28:26.590+0000] {base.py:73} INFO - Using connection ID 'postgres_con' for task execution.
[2023-09-04T13:28:26.667+0000] {base.py:73} INFO - Using connection ID 'postgres_con' for task execution.
[2023-09-04T13:28:26.744+0000] {base.py:73} INFO - Using connection ID 'postgres_con' for task execution.
[2023-09-04T13:28:26.803+0000] {base.py:73} INFO - Using connection ID 'postgres_con' for task execution.
[2023-09-04T13:28:26.875+0000] {base.py:73} INFO - Using connection ID 'postgres_con' for task execution.
[2023-09-04T13:28:26.938+0000] {base.py:73} INFO - Using connection ID 'postgres_con' for task execution.
[2023-09-04T13:28:26.997+0000] {base.py:73} INFO - Using connection ID 'postgres_con' for task execution.
[2023-09-04T13:28:27.051+0000] {base.py:73} INFO - Using connection ID 'postgres_con' for task execution.
[2023-09-04T13:28:27.107+0000] {base.py:73} INFO - Using connection ID 'postgres_con' for task execution.
[2023-09-04T13:28:27.160+0000] {base.py:73} INFO - Using connection ID 'postgres_con' for task execution.
[2023-09-04T13:28:27.222+0000] {base.py:73} INFO - Using connection ID 'postgres_con' for task execution.
[2023-09-04T13:28:27.279+0000] {base.py:73} INFO - Using connection ID 'postgres_con' for task execution.
[2023-09-04T13:28:27.331+0000] {base.py:73} INFO - Using connection ID 'postgres_con' for task execution.
[2023-09-04T13:28:27.384+0000] {base.py:73} INFO - Using connection ID 'postgres_con' for task execution.
[2023-09-04T13:28:27.435+0000] {base.py:73} INFO - Using connection ID 'postgres_con' for task execution.
[2023-09-04T13:28:27.489+0000] {base.py:73} INFO - Using connection ID 'postgres_con' for task execution.
[2023-09-04T13:28:27.545+0000] {base.py:73} INFO - Using connection ID 'postgres_con' for task execution.
[2023-09-04T13:28:27.595+0000] {base.py:73} INFO - Using connection ID 'postgres_con' for task execution.
[2023-09-04T13:28:27.648+0000] {base.py:73} INFO - Using connection ID 'postgres_con' for task execution.
[2023-09-04T13:28:27.705+0000] {base.py:73} INFO - Using connection ID 'postgres_con' for task execution.
[2023-09-04T13:28:27.758+0000] {base.py:73} INFO - Using connection ID 'postgres_con' for task execution.
[2023-09-04T13:28:27.809+0000] {base.py:73} INFO - Using connection ID 'postgres_con' for task execution.
[2023-09-04T13:28:27.862+0000] {base.py:73} INFO - Using connection ID 'postgres_con' for task execution.
[2023-09-04T13:28:27.915+0000] {base.py:73} INFO - Using connection ID 'postgres_con' for task execution.
[2023-09-04T13:28:27.970+0000] {base.py:73} INFO - Using connection ID 'postgres_con' for task execution.
[2023-09-04T13:28:28.025+0000] {base.py:73} INFO - Using connection ID 'postgres_con' for task execution.
[2023-09-04T13:28:28.077+0000] {base.py:73} INFO - Using connection ID 'postgres_con' for task execution.
[2023-09-04T13:28:28.133+0000] {base.py:73} INFO - Using connection ID 'postgres_con' for task execution.
[2023-09-04T13:28:28.185+0000] {base.py:73} INFO - Using connection ID 'postgres_con' for task execution.
[2023-09-04T13:28:28.257+0000] {base.py:73} INFO - Using connection ID 'postgres_con' for task execution.
[2023-09-04T13:28:28.320+0000] {base.py:73} INFO - Using connection ID 'postgres_con' for task execution.
[2023-09-04T13:28:28.382+0000] {base.py:73} INFO - Using connection ID 'postgres_con' for task execution.
[2023-09-04T13:28:28.469+0000] {base.py:73} INFO - Using connection ID 'postgres_con' for task execution.
[2023-09-04T13:28:28.532+0000] {base.py:73} INFO - Using connection ID 'postgres_con' for task execution.
[2023-09-04T13:28:28.598+0000] {base.py:73} INFO - Using connection ID 'postgres_con' for task execution.
[2023-09-04T13:28:28.661+0000] {base.py:73} INFO - Using connection ID 'postgres_con' for task execution.
[2023-09-04T13:28:28.737+0000] {base.py:73} INFO - Using connection ID 'postgres_con' for task execution.
[2023-09-04T13:28:28.803+0000] {base.py:73} INFO - Using connection ID 'postgres_con' for task execution.
[2023-09-04T13:28:28.873+0000] {base.py:73} INFO - Using connection ID 'postgres_con' for task execution.
[2023-09-04T13:28:28.943+0000] {base.py:73} INFO - Using connection ID 'postgres_con' for task execution.
[2023-09-04T13:28:29.006+0000] {base.py:73} INFO - Using connection ID 'postgres_con' for task execution.
[2023-09-04T13:28:29.088+0000] {base.py:73} INFO - Using connection ID 'postgres_con' for task execution.
[2023-09-04T13:28:29.150+0000] {base.py:73} INFO - Using connection ID 'postgres_con' for task execution.
[2023-09-04T13:28:29.207+0000] {base.py:73} INFO - Using connection ID 'postgres_con' for task execution.
[2023-09-04T13:28:29.272+0000] {base.py:73} INFO - Using connection ID 'postgres_con' for task execution.
[2023-09-04T13:28:29.374+0000] {base.py:73} INFO - Using connection ID 'postgres_con' for task execution.
[2023-09-04T13:28:29.485+0000] {base.py:73} INFO - Using connection ID 'postgres_con' for task execution.
[2023-09-04T13:28:29.554+0000] {base.py:73} INFO - Using connection ID 'postgres_con' for task execution.
[2023-09-04T13:28:29.639+0000] {base.py:73} INFO - Using connection ID 'postgres_con' for task execution.
[2023-09-04T13:28:29.707+0000] {base.py:73} INFO - Using connection ID 'postgres_con' for task execution.
[2023-09-04T13:28:29.779+0000] {base.py:73} INFO - Using connection ID 'postgres_con' for task execution.
[2023-09-04T13:28:29.841+0000] {base.py:73} INFO - Using connection ID 'postgres_con' for task execution.
[2023-09-04T13:28:29.908+0000] {base.py:73} INFO - Using connection ID 'postgres_con' for task execution.
[2023-09-04T13:28:29.985+0000] {base.py:73} INFO - Using connection ID 'postgres_con' for task execution.
[2023-09-04T13:28:30.058+0000] {base.py:73} INFO - Using connection ID 'postgres_con' for task execution.
[2023-09-04T13:28:30.117+0000] {base.py:73} INFO - Using connection ID 'postgres_con' for task execution.
[2023-09-04T13:28:30.177+0000] {base.py:73} INFO - Using connection ID 'postgres_con' for task execution.
[2023-09-04T13:28:30.236+0000] {base.py:73} INFO - Using connection ID 'postgres_con' for task execution.
[2023-09-04T13:28:30.290+0000] {base.py:73} INFO - Using connection ID 'postgres_con' for task execution.
[2023-09-04T13:28:30.363+0000] {base.py:73} INFO - Using connection ID 'postgres_con' for task execution.
[2023-09-04T13:28:30.420+0000] {base.py:73} INFO - Using connection ID 'postgres_con' for task execution.
[2023-09-04T13:28:30.474+0000] {base.py:73} INFO - Using connection ID 'postgres_con' for task execution.
[2023-09-04T13:28:30.528+0000] {base.py:73} INFO - Using connection ID 'postgres_con' for task execution.
[2023-09-04T13:28:30.584+0000] {base.py:73} INFO - Using connection ID 'postgres_con' for task execution.
[2023-09-04T13:28:30.640+0000] {base.py:73} INFO - Using connection ID 'postgres_con' for task execution.
[2023-09-04T13:28:30.701+0000] {base.py:73} INFO - Using connection ID 'postgres_con' for task execution.
[2023-09-04T13:28:30.772+0000] {base.py:73} INFO - Using connection ID 'postgres_con' for task execution.
[2023-09-04T13:28:30.826+0000] {base.py:73} INFO - Using connection ID 'postgres_con' for task execution.
[2023-09-04T13:28:30.887+0000] {base.py:73} INFO - Using connection ID 'postgres_con' for task execution.
[2023-09-04T13:28:30.959+0000] {base.py:73} INFO - Using connection ID 'postgres_con' for task execution.
[2023-09-04T13:28:31.013+0000] {base.py:73} INFO - Using connection ID 'postgres_con' for task execution.
[2023-09-04T13:28:31.070+0000] {base.py:73} INFO - Using connection ID 'postgres_con' for task execution.
[2023-09-04T13:28:31.132+0000] {base.py:73} INFO - Using connection ID 'postgres_con' for task execution.
[2023-09-04T13:28:31.191+0000] {base.py:73} INFO - Using connection ID 'postgres_con' for task execution.
[2023-09-04T13:28:31.246+0000] {base.py:73} INFO - Using connection ID 'postgres_con' for task execution.
[2023-09-04T13:28:31.301+0000] {base.py:73} INFO - Using connection ID 'postgres_con' for task execution.
[2023-09-04T13:28:31.356+0000] {base.py:73} INFO - Using connection ID 'postgres_con' for task execution.
[2023-09-04T13:28:31.411+0000] {base.py:73} INFO - Using connection ID 'postgres_con' for task execution.
[2023-09-04T13:28:31.467+0000] {base.py:73} INFO - Using connection ID 'postgres_con' for task execution.
[2023-09-04T13:28:31.524+0000] {base.py:73} INFO - Using connection ID 'postgres_con' for task execution.
[2023-09-04T13:28:31.578+0000] {base.py:73} INFO - Using connection ID 'postgres_con' for task execution.
[2023-09-04T13:28:31.638+0000] {base.py:73} INFO - Using connection ID 'postgres_con' for task execution.
[2023-09-04T13:28:31.701+0000] {base.py:73} INFO - Using connection ID 'postgres_con' for task execution.
[2023-09-04T13:28:31.765+0000] {base.py:73} INFO - Using connection ID 'postgres_con' for task execution.
[2023-09-04T13:28:31.833+0000] {base.py:73} INFO - Using connection ID 'postgres_con' for task execution.
[2023-09-04T13:28:31.910+0000] {base.py:73} INFO - Using connection ID 'postgres_con' for task execution.
[2023-09-04T13:28:31.971+0000] {base.py:73} INFO - Using connection ID 'postgres_con' for task execution.
[2023-09-04T13:28:32.026+0000] {base.py:73} INFO - Using connection ID 'postgres_con' for task execution.
[2023-09-04T13:28:32.084+0000] {base.py:73} INFO - Using connection ID 'postgres_con' for task execution.
[2023-09-04T13:28:32.142+0000] {base.py:73} INFO - Using connection ID 'postgres_con' for task execution.
[2023-09-04T13:28:32.197+0000] {base.py:73} INFO - Using connection ID 'postgres_con' for task execution.
[2023-09-04T13:28:32.253+0000] {base.py:73} INFO - Using connection ID 'postgres_con' for task execution.
[2023-09-04T13:28:32.310+0000] {base.py:73} INFO - Using connection ID 'postgres_con' for task execution.
[2023-09-04T13:28:32.368+0000] {base.py:73} INFO - Using connection ID 'postgres_con' for task execution.
[2023-09-04T13:28:32.426+0000] {base.py:73} INFO - Using connection ID 'postgres_con' for task execution.
[2023-09-04T13:28:32.483+0000] {base.py:73} INFO - Using connection ID 'postgres_con' for task execution.
[2023-09-04T13:28:32.540+0000] {base.py:73} INFO - Using connection ID 'postgres_con' for task execution.
[2023-09-04T13:28:32.601+0000] {base.py:73} INFO - Using connection ID 'postgres_con' for task execution.
[2023-09-04T13:28:32.660+0000] {base.py:73} INFO - Using connection ID 'postgres_con' for task execution.
[2023-09-04T13:28:32.717+0000] {base.py:73} INFO - Using connection ID 'postgres_con' for task execution.
[2023-09-04T13:28:32.784+0000] {base.py:73} INFO - Using connection ID 'postgres_con' for task execution.
[2023-09-04T13:28:32.840+0000] {base.py:73} INFO - Using connection ID 'postgres_con' for task execution.
[2023-09-04T13:28:32.896+0000] {base.py:73} INFO - Using connection ID 'postgres_con' for task execution.
[2023-09-04T13:28:32.954+0000] {base.py:73} INFO - Using connection ID 'postgres_con' for task execution.
[2023-09-04T13:28:33.013+0000] {base.py:73} INFO - Using connection ID 'postgres_con' for task execution.
[2023-09-04T13:28:33.084+0000] {base.py:73} INFO - Using connection ID 'postgres_con' for task execution.
[2023-09-04T13:28:33.142+0000] {base.py:73} INFO - Using connection ID 'postgres_con' for task execution.
[2023-09-04T13:28:33.198+0000] {base.py:73} INFO - Using connection ID 'postgres_con' for task execution.
[2023-09-04T13:28:33.258+0000] {base.py:73} INFO - Using connection ID 'postgres_con' for task execution.
[2023-09-04T13:28:33.314+0000] {base.py:73} INFO - Using connection ID 'postgres_con' for task execution.
[2023-09-04T13:28:33.371+0000] {base.py:73} INFO - Using connection ID 'postgres_con' for task execution.
[2023-09-04T13:28:33.428+0000] {base.py:73} INFO - Using connection ID 'postgres_con' for task execution.
[2023-09-04T13:28:33.487+0000] {base.py:73} INFO - Using connection ID 'postgres_con' for task execution.
[2023-09-04T13:28:33.545+0000] {base.py:73} INFO - Using connection ID 'postgres_con' for task execution.
[2023-09-04T13:28:33.604+0000] {base.py:73} INFO - Using connection ID 'postgres_con' for task execution.
[2023-09-04T13:28:33.663+0000] {base.py:73} INFO - Using connection ID 'postgres_con' for task execution.
[2023-09-04T13:28:33.722+0000] {base.py:73} INFO - Using connection ID 'postgres_con' for task execution.
[2023-09-04T13:28:33.780+0000] {base.py:73} INFO - Using connection ID 'postgres_con' for task execution.
[2023-09-04T13:28:33.837+0000] {base.py:73} INFO - Using connection ID 'postgres_con' for task execution.
[2023-09-04T13:28:33.893+0000] {base.py:73} INFO - Using connection ID 'postgres_con' for task execution.
[2023-09-04T13:28:33.949+0000] {base.py:73} INFO - Using connection ID 'postgres_con' for task execution.
[2023-09-04T13:28:34.007+0000] {base.py:73} INFO - Using connection ID 'postgres_con' for task execution.
[2023-09-04T13:28:34.064+0000] {base.py:73} INFO - Using connection ID 'postgres_con' for task execution.
[2023-09-04T13:28:34.132+0000] {base.py:73} INFO - Using connection ID 'postgres_con' for task execution.
[2023-09-04T13:28:34.190+0000] {base.py:73} INFO - Using connection ID 'postgres_con' for task execution.
[2023-09-04T13:28:34.247+0000] {base.py:73} INFO - Using connection ID 'postgres_con' for task execution.
[2023-09-04T13:28:34.304+0000] {base.py:73} INFO - Using connection ID 'postgres_con' for task execution.
[2023-09-04T13:28:34.365+0000] {base.py:73} INFO - Using connection ID 'postgres_con' for task execution.
[2023-09-04T13:28:34.426+0000] {base.py:73} INFO - Using connection ID 'postgres_con' for task execution.
[2023-09-04T13:28:34.485+0000] {base.py:73} INFO - Using connection ID 'postgres_con' for task execution.
[2023-09-04T13:28:34.544+0000] {base.py:73} INFO - Using connection ID 'postgres_con' for task execution.
[2023-09-04T13:28:34.599+0000] {base.py:73} INFO - Using connection ID 'postgres_con' for task execution.
[2023-09-04T13:28:34.659+0000] {base.py:73} INFO - Using connection ID 'postgres_con' for task execution.
[2023-09-04T13:28:34.719+0000] {base.py:73} INFO - Using connection ID 'postgres_con' for task execution.
[2023-09-04T13:28:34.774+0000] {base.py:73} INFO - Using connection ID 'postgres_con' for task execution.
[2023-09-04T13:28:34.832+0000] {base.py:73} INFO - Using connection ID 'postgres_con' for task execution.
[2023-09-04T13:28:34.889+0000] {base.py:73} INFO - Using connection ID 'postgres_con' for task execution.
[2023-09-04T13:28:34.946+0000] {base.py:73} INFO - Using connection ID 'postgres_con' for task execution.
[2023-09-04T13:28:35.018+0000] {base.py:73} INFO - Using connection ID 'postgres_con' for task execution.
[2023-09-04T13:28:35.076+0000] {base.py:73} INFO - Using connection ID 'postgres_con' for task execution.
[2023-09-04T13:28:35.137+0000] {base.py:73} INFO - Using connection ID 'postgres_con' for task execution.
[2023-09-04T13:28:35.195+0000] {base.py:73} INFO - Using connection ID 'postgres_con' for task execution.
[2023-09-04T13:28:35.258+0000] {base.py:73} INFO - Using connection ID 'postgres_con' for task execution.
[2023-09-04T13:28:35.317+0000] {base.py:73} INFO - Using connection ID 'postgres_con' for task execution.
[2023-09-04T13:28:35.375+0000] {base.py:73} INFO - Using connection ID 'postgres_con' for task execution.
[2023-09-04T13:28:35.433+0000] {base.py:73} INFO - Using connection ID 'postgres_con' for task execution.
[2023-09-04T13:28:35.491+0000] {base.py:73} INFO - Using connection ID 'postgres_con' for task execution.
[2023-09-04T13:28:35.548+0000] {base.py:73} INFO - Using connection ID 'postgres_con' for task execution.
[2023-09-04T13:28:35.604+0000] {base.py:73} INFO - Using connection ID 'postgres_con' for task execution.
[2023-09-04T13:28:35.662+0000] {base.py:73} INFO - Using connection ID 'postgres_con' for task execution.
[2023-09-04T13:28:35.728+0000] {base.py:73} INFO - Using connection ID 'postgres_con' for task execution.
[2023-09-04T13:28:35.785+0000] {base.py:73} INFO - Using connection ID 'postgres_con' for task execution.
[2023-09-04T13:28:35.842+0000] {base.py:73} INFO - Using connection ID 'postgres_con' for task execution.
[2023-09-04T13:28:35.899+0000] {base.py:73} INFO - Using connection ID 'postgres_con' for task execution.
[2023-09-04T13:28:35.956+0000] {base.py:73} INFO - Using connection ID 'postgres_con' for task execution.
[2023-09-04T13:28:36.016+0000] {base.py:73} INFO - Using connection ID 'postgres_con' for task execution.
[2023-09-04T13:28:36.075+0000] {base.py:73} INFO - Using connection ID 'postgres_con' for task execution.
[2023-09-04T13:28:36.132+0000] {base.py:73} INFO - Using connection ID 'postgres_con' for task execution.
[2023-09-04T13:28:36.188+0000] {base.py:73} INFO - Using connection ID 'postgres_con' for task execution.
[2023-09-04T13:28:36.247+0000] {base.py:73} INFO - Using connection ID 'postgres_con' for task execution.
[2023-09-04T13:28:36.302+0000] {base.py:73} INFO - Using connection ID 'postgres_con' for task execution.
[2023-09-04T13:28:36.360+0000] {base.py:73} INFO - Using connection ID 'postgres_con' for task execution.
[2023-09-04T13:28:36.422+0000] {base.py:73} INFO - Using connection ID 'postgres_con' for task execution.
[2023-09-04T13:28:36.480+0000] {base.py:73} INFO - Using connection ID 'postgres_con' for task execution.
[2023-09-04T13:28:36.537+0000] {base.py:73} INFO - Using connection ID 'postgres_con' for task execution.
[2023-09-04T13:28:36.593+0000] {base.py:73} INFO - Using connection ID 'postgres_con' for task execution.
[2023-09-04T13:28:36.651+0000] {base.py:73} INFO - Using connection ID 'postgres_con' for task execution.
[2023-09-04T13:28:36.708+0000] {base.py:73} INFO - Using connection ID 'postgres_con' for task execution.
[2023-09-04T13:28:36.769+0000] {base.py:73} INFO - Using connection ID 'postgres_con' for task execution.
[2023-09-04T13:28:36.827+0000] {base.py:73} INFO - Using connection ID 'postgres_con' for task execution.
[2023-09-04T13:28:36.889+0000] {base.py:73} INFO - Using connection ID 'postgres_con' for task execution.
[2023-09-04T13:28:36.947+0000] {base.py:73} INFO - Using connection ID 'postgres_con' for task execution.
[2023-09-04T13:28:37.008+0000] {base.py:73} INFO - Using connection ID 'postgres_con' for task execution.
[2023-09-04T13:28:37.069+0000] {base.py:73} INFO - Using connection ID 'postgres_con' for task execution.
[2023-09-04T13:28:37.133+0000] {base.py:73} INFO - Using connection ID 'postgres_con' for task execution.
[2023-09-04T13:28:37.190+0000] {base.py:73} INFO - Using connection ID 'postgres_con' for task execution.
[2023-09-04T13:28:37.251+0000] {base.py:73} INFO - Using connection ID 'postgres_con' for task execution.
[2023-09-04T13:28:37.310+0000] {base.py:73} INFO - Using connection ID 'postgres_con' for task execution.
[2023-09-04T13:28:37.369+0000] {base.py:73} INFO - Using connection ID 'postgres_con' for task execution.
[2023-09-04T13:28:37.426+0000] {base.py:73} INFO - Using connection ID 'postgres_con' for task execution.
[2023-09-04T13:28:37.484+0000] {base.py:73} INFO - Using connection ID 'postgres_con' for task execution.
[2023-09-04T13:28:37.541+0000] {base.py:73} INFO - Using connection ID 'postgres_con' for task execution.
[2023-09-04T13:28:37.599+0000] {base.py:73} INFO - Using connection ID 'postgres_con' for task execution.
[2023-09-04T13:28:37.659+0000] {base.py:73} INFO - Using connection ID 'postgres_con' for task execution.
[2023-09-04T13:28:37.717+0000] {base.py:73} INFO - Using connection ID 'postgres_con' for task execution.
[2023-09-04T13:28:37.777+0000] {base.py:73} INFO - Using connection ID 'postgres_con' for task execution.
[2023-09-04T13:28:37.832+0000] {base.py:73} INFO - Using connection ID 'postgres_con' for task execution.
[2023-09-04T13:28:37.891+0000] {base.py:73} INFO - Using connection ID 'postgres_con' for task execution.
[2023-09-04T13:28:37.946+0000] {base.py:73} INFO - Using connection ID 'postgres_con' for task execution.
[2023-09-04T13:28:38.006+0000] {base.py:73} INFO - Using connection ID 'postgres_con' for task execution.
[2023-09-04T13:28:38.064+0000] {base.py:73} INFO - Using connection ID 'postgres_con' for task execution.
[2023-09-04T13:28:38.121+0000] {base.py:73} INFO - Using connection ID 'postgres_con' for task execution.
[2023-09-04T13:28:38.180+0000] {base.py:73} INFO - Using connection ID 'postgres_con' for task execution.
[2023-09-04T13:28:38.262+0000] {base.py:73} INFO - Using connection ID 'postgres_con' for task execution.
[2023-09-04T13:28:38.337+0000] {base.py:73} INFO - Using connection ID 'postgres_con' for task execution.
[2023-09-04T13:28:38.394+0000] {base.py:73} INFO - Using connection ID 'postgres_con' for task execution.
[2023-09-04T13:28:38.454+0000] {base.py:73} INFO - Using connection ID 'postgres_con' for task execution.
[2023-09-04T13:28:38.513+0000] {base.py:73} INFO - Using connection ID 'postgres_con' for task execution.
[2023-09-04T13:28:38.572+0000] {base.py:73} INFO - Using connection ID 'postgres_con' for task execution.
[2023-09-04T13:28:38.626+0000] {base.py:73} INFO - Using connection ID 'postgres_con' for task execution.
[2023-09-04T13:28:38.687+0000] {base.py:73} INFO - Using connection ID 'postgres_con' for task execution.
[2023-09-04T13:28:38.747+0000] {base.py:73} INFO - Using connection ID 'postgres_con' for task execution.
[2023-09-04T13:28:38.820+0000] {base.py:73} INFO - Using connection ID 'postgres_con' for task execution.
[2023-09-04T13:28:38.911+0000] {base.py:73} INFO - Using connection ID 'postgres_con' for task execution.
[2023-09-04T13:28:38.976+0000] {base.py:73} INFO - Using connection ID 'postgres_con' for task execution.
[2023-09-04T13:28:39.036+0000] {base.py:73} INFO - Using connection ID 'postgres_con' for task execution.
[2023-09-04T13:28:39.104+0000] {base.py:73} INFO - Using connection ID 'postgres_con' for task execution.
[2023-09-04T13:28:39.171+0000] {base.py:73} INFO - Using connection ID 'postgres_con' for task execution.
[2023-09-04T13:28:39.231+0000] {base.py:73} INFO - Using connection ID 'postgres_con' for task execution.
[2023-09-04T13:28:39.289+0000] {base.py:73} INFO - Using connection ID 'postgres_con' for task execution.
[2023-09-04T13:28:39.355+0000] {base.py:73} INFO - Using connection ID 'postgres_con' for task execution.
[2023-09-04T13:28:39.413+0000] {base.py:73} INFO - Using connection ID 'postgres_con' for task execution.
[2023-09-04T13:28:39.490+0000] {base.py:73} INFO - Using connection ID 'postgres_con' for task execution.
[2023-09-04T13:28:39.570+0000] {base.py:73} INFO - Using connection ID 'postgres_con' for task execution.
[2023-09-04T13:28:39.635+0000] {base.py:73} INFO - Using connection ID 'postgres_con' for task execution.
[2023-09-04T13:28:39.697+0000] {base.py:73} INFO - Using connection ID 'postgres_con' for task execution.
[2023-09-04T13:28:39.758+0000] {base.py:73} INFO - Using connection ID 'postgres_con' for task execution.
[2023-09-04T13:28:39.831+0000] {base.py:73} INFO - Using connection ID 'postgres_con' for task execution.
[2023-09-04T13:28:39.892+0000] {base.py:73} INFO - Using connection ID 'postgres_con' for task execution.
[2023-09-04T13:28:39.961+0000] {base.py:73} INFO - Using connection ID 'postgres_con' for task execution.
[2023-09-04T13:28:40.028+0000] {base.py:73} INFO - Using connection ID 'postgres_con' for task execution.
[2023-09-04T13:28:40.097+0000] {base.py:73} INFO - Using connection ID 'postgres_con' for task execution.
[2023-09-04T13:28:40.153+0000] {base.py:73} INFO - Using connection ID 'postgres_con' for task execution.
[2023-09-04T13:28:40.211+0000] {base.py:73} INFO - Using connection ID 'postgres_con' for task execution.
[2023-09-04T13:28:40.278+0000] {base.py:73} INFO - Using connection ID 'postgres_con' for task execution.
[2023-09-04T13:28:40.348+0000] {base.py:73} INFO - Using connection ID 'postgres_con' for task execution.
[2023-09-04T13:28:40.406+0000] {base.py:73} INFO - Using connection ID 'postgres_con' for task execution.
[2023-09-04T13:28:40.465+0000] {base.py:73} INFO - Using connection ID 'postgres_con' for task execution.
[2023-09-04T13:28:40.522+0000] {base.py:73} INFO - Using connection ID 'postgres_con' for task execution.
[2023-09-04T13:28:40.582+0000] {base.py:73} INFO - Using connection ID 'postgres_con' for task execution.
[2023-09-04T13:28:40.638+0000] {base.py:73} INFO - Using connection ID 'postgres_con' for task execution.
[2023-09-04T13:28:40.696+0000] {base.py:73} INFO - Using connection ID 'postgres_con' for task execution.
[2023-09-04T13:28:40.758+0000] {base.py:73} INFO - Using connection ID 'postgres_con' for task execution.
[2023-09-04T13:28:40.814+0000] {base.py:73} INFO - Using connection ID 'postgres_con' for task execution.
[2023-09-04T13:28:40.879+0000] {base.py:73} INFO - Using connection ID 'postgres_con' for task execution.
[2023-09-04T13:28:40.958+0000] {base.py:73} INFO - Using connection ID 'postgres_con' for task execution.
[2023-09-04T13:28:41.025+0000] {base.py:73} INFO - Using connection ID 'postgres_con' for task execution.
[2023-09-04T13:28:41.083+0000] {base.py:73} INFO - Using connection ID 'postgres_con' for task execution.
[2023-09-04T13:28:41.163+0000] {base.py:73} INFO - Using connection ID 'postgres_con' for task execution.
[2023-09-04T13:28:41.244+0000] {base.py:73} INFO - Using connection ID 'postgres_con' for task execution.
[2023-09-04T13:28:41.331+0000] {base.py:73} INFO - Using connection ID 'postgres_con' for task execution.
[2023-09-04T13:28:41.408+0000] {base.py:73} INFO - Using connection ID 'postgres_con' for task execution.
[2023-09-04T13:28:41.487+0000] {base.py:73} INFO - Using connection ID 'postgres_con' for task execution.
[2023-09-04T13:28:41.565+0000] {base.py:73} INFO - Using connection ID 'postgres_con' for task execution.
[2023-09-04T13:28:41.630+0000] {base.py:73} INFO - Using connection ID 'postgres_con' for task execution.
[2023-09-04T13:28:41.697+0000] {base.py:73} INFO - Using connection ID 'postgres_con' for task execution.
[2023-09-04T13:28:41.763+0000] {base.py:73} INFO - Using connection ID 'postgres_con' for task execution.
[2023-09-04T13:28:41.837+0000] {base.py:73} INFO - Using connection ID 'postgres_con' for task execution.
[2023-09-04T13:28:41.917+0000] {base.py:73} INFO - Using connection ID 'postgres_con' for task execution.
[2023-09-04T13:28:41.985+0000] {base.py:73} INFO - Using connection ID 'postgres_con' for task execution.
[2023-09-04T13:28:42.042+0000] {base.py:73} INFO - Using connection ID 'postgres_con' for task execution.
[2023-09-04T13:28:42.101+0000] {base.py:73} INFO - Using connection ID 'postgres_con' for task execution.
[2023-09-04T13:28:42.156+0000] {base.py:73} INFO - Using connection ID 'postgres_con' for task execution.
[2023-09-04T13:28:42.212+0000] {base.py:73} INFO - Using connection ID 'postgres_con' for task execution.
[2023-09-04T13:28:42.272+0000] {base.py:73} INFO - Using connection ID 'postgres_con' for task execution.
[2023-09-04T13:28:42.331+0000] {base.py:73} INFO - Using connection ID 'postgres_con' for task execution.
[2023-09-04T13:28:42.392+0000] {base.py:73} INFO - Using connection ID 'postgres_con' for task execution.
[2023-09-04T13:28:42.448+0000] {base.py:73} INFO - Using connection ID 'postgres_con' for task execution.
[2023-09-04T13:28:42.506+0000] {base.py:73} INFO - Using connection ID 'postgres_con' for task execution.
[2023-09-04T13:28:42.563+0000] {base.py:73} INFO - Using connection ID 'postgres_con' for task execution.
[2023-09-04T13:28:42.620+0000] {base.py:73} INFO - Using connection ID 'postgres_con' for task execution.
[2023-09-04T13:28:42.682+0000] {base.py:73} INFO - Using connection ID 'postgres_con' for task execution.
[2023-09-04T13:28:42.755+0000] {base.py:73} INFO - Using connection ID 'postgres_con' for task execution.
[2023-09-04T13:28:42.829+0000] {base.py:73} INFO - Using connection ID 'postgres_con' for task execution.
[2023-09-04T13:28:42.885+0000] {base.py:73} INFO - Using connection ID 'postgres_con' for task execution.
[2023-09-04T13:28:42.951+0000] {base.py:73} INFO - Using connection ID 'postgres_con' for task execution.
[2023-09-04T13:28:43.021+0000] {base.py:73} INFO - Using connection ID 'postgres_con' for task execution.
[2023-09-04T13:28:43.094+0000] {base.py:73} INFO - Using connection ID 'postgres_con' for task execution.
[2023-09-04T13:28:43.181+0000] {base.py:73} INFO - Using connection ID 'postgres_con' for task execution.
[2023-09-04T13:28:43.251+0000] {base.py:73} INFO - Using connection ID 'postgres_con' for task execution.
[2023-09-04T13:28:43.310+0000] {base.py:73} INFO - Using connection ID 'postgres_con' for task execution.
[2023-09-04T13:28:43.367+0000] {base.py:73} INFO - Using connection ID 'postgres_con' for task execution.
[2023-09-04T13:28:43.425+0000] {base.py:73} INFO - Using connection ID 'postgres_con' for task execution.
[2023-09-04T13:28:43.485+0000] {base.py:73} INFO - Using connection ID 'postgres_con' for task execution.
[2023-09-04T13:28:43.543+0000] {base.py:73} INFO - Using connection ID 'postgres_con' for task execution.
[2023-09-04T13:28:43.602+0000] {base.py:73} INFO - Using connection ID 'postgres_con' for task execution.
[2023-09-04T13:28:43.658+0000] {base.py:73} INFO - Using connection ID 'postgres_con' for task execution.
[2023-09-04T13:28:43.721+0000] {base.py:73} INFO - Using connection ID 'postgres_con' for task execution.
[2023-09-04T13:28:43.778+0000] {base.py:73} INFO - Using connection ID 'postgres_con' for task execution.
[2023-09-04T13:28:43.834+0000] {base.py:73} INFO - Using connection ID 'postgres_con' for task execution.
[2023-09-04T13:28:43.891+0000] {base.py:73} INFO - Using connection ID 'postgres_con' for task execution.
[2023-09-04T13:28:43.947+0000] {base.py:73} INFO - Using connection ID 'postgres_con' for task execution.
[2023-09-04T13:28:44.004+0000] {base.py:73} INFO - Using connection ID 'postgres_con' for task execution.
[2023-09-04T13:28:44.062+0000] {base.py:73} INFO - Using connection ID 'postgres_con' for task execution.
[2023-09-04T13:28:44.118+0000] {base.py:73} INFO - Using connection ID 'postgres_con' for task execution.
[2023-09-04T13:28:44.176+0000] {base.py:73} INFO - Using connection ID 'postgres_con' for task execution.
[2023-09-04T13:28:44.234+0000] {base.py:73} INFO - Using connection ID 'postgres_con' for task execution.
[2023-09-04T13:28:44.307+0000] {base.py:73} INFO - Using connection ID 'postgres_con' for task execution.
[2023-09-04T13:28:44.380+0000] {base.py:73} INFO - Using connection ID 'postgres_con' for task execution.
[2023-09-04T13:28:44.450+0000] {base.py:73} INFO - Using connection ID 'postgres_con' for task execution.
[2023-09-04T13:28:44.536+0000] {base.py:73} INFO - Using connection ID 'postgres_con' for task execution.
[2023-09-04T13:28:44.606+0000] {base.py:73} INFO - Using connection ID 'postgres_con' for task execution.
[2023-09-04T13:28:44.672+0000] {base.py:73} INFO - Using connection ID 'postgres_con' for task execution.
[2023-09-04T13:28:44.740+0000] {base.py:73} INFO - Using connection ID 'postgres_con' for task execution.
[2023-09-04T13:28:44.813+0000] {base.py:73} INFO - Using connection ID 'postgres_con' for task execution.
[2023-09-04T13:28:44.876+0000] {base.py:73} INFO - Using connection ID 'postgres_con' for task execution.
[2023-09-04T13:28:44.938+0000] {base.py:73} INFO - Using connection ID 'postgres_con' for task execution.
[2023-09-04T13:28:44.995+0000] {base.py:73} INFO - Using connection ID 'postgres_con' for task execution.
[2023-09-04T13:28:45.052+0000] {base.py:73} INFO - Using connection ID 'postgres_con' for task execution.
[2023-09-04T13:28:45.110+0000] {base.py:73} INFO - Using connection ID 'postgres_con' for task execution.
[2023-09-04T13:28:45.167+0000] {base.py:73} INFO - Using connection ID 'postgres_con' for task execution.
[2023-09-04T13:28:45.227+0000] {base.py:73} INFO - Using connection ID 'postgres_con' for task execution.
[2023-09-04T13:28:45.284+0000] {base.py:73} INFO - Using connection ID 'postgres_con' for task execution.
[2023-09-04T13:28:45.342+0000] {base.py:73} INFO - Using connection ID 'postgres_con' for task execution.
[2023-09-04T13:28:45.402+0000] {base.py:73} INFO - Using connection ID 'postgres_con' for task execution.
[2023-09-04T13:28:45.464+0000] {base.py:73} INFO - Using connection ID 'postgres_con' for task execution.
[2023-09-04T13:28:45.522+0000] {base.py:73} INFO - Using connection ID 'postgres_con' for task execution.
[2023-09-04T13:28:45.581+0000] {base.py:73} INFO - Using connection ID 'postgres_con' for task execution.
[2023-09-04T13:28:45.637+0000] {base.py:73} INFO - Using connection ID 'postgres_con' for task execution.
[2023-09-04T13:28:45.696+0000] {base.py:73} INFO - Using connection ID 'postgres_con' for task execution.
[2023-09-04T13:28:45.755+0000] {base.py:73} INFO - Using connection ID 'postgres_con' for task execution.
[2023-09-04T13:28:45.826+0000] {base.py:73} INFO - Using connection ID 'postgres_con' for task execution.
[2023-09-04T13:28:45.912+0000] {base.py:73} INFO - Using connection ID 'postgres_con' for task execution.
[2023-09-04T13:28:45.988+0000] {base.py:73} INFO - Using connection ID 'postgres_con' for task execution.
[2023-09-04T13:28:46.063+0000] {base.py:73} INFO - Using connection ID 'postgres_con' for task execution.
[2023-09-04T13:28:46.132+0000] {base.py:73} INFO - Using connection ID 'postgres_con' for task execution.
[2023-09-04T13:28:46.210+0000] {base.py:73} INFO - Using connection ID 'postgres_con' for task execution.
[2023-09-04T13:28:46.277+0000] {base.py:73} INFO - Using connection ID 'postgres_con' for task execution.
[2023-09-04T13:28:46.338+0000] {base.py:73} INFO - Using connection ID 'postgres_con' for task execution.
[2023-09-04T13:28:46.395+0000] {base.py:73} INFO - Using connection ID 'postgres_con' for task execution.
[2023-09-04T13:28:46.452+0000] {base.py:73} INFO - Using connection ID 'postgres_con' for task execution.
[2023-09-04T13:28:46.508+0000] {base.py:73} INFO - Using connection ID 'postgres_con' for task execution.
[2023-09-04T13:28:46.566+0000] {base.py:73} INFO - Using connection ID 'postgres_con' for task execution.
[2023-09-04T13:28:46.622+0000] {base.py:73} INFO - Using connection ID 'postgres_con' for task execution.
[2023-09-04T13:28:46.682+0000] {base.py:73} INFO - Using connection ID 'postgres_con' for task execution.
[2023-09-04T13:28:46.740+0000] {base.py:73} INFO - Using connection ID 'postgres_con' for task execution.
[2023-09-04T13:28:46.798+0000] {base.py:73} INFO - Using connection ID 'postgres_con' for task execution.
[2023-09-04T13:28:46.861+0000] {base.py:73} INFO - Using connection ID 'postgres_con' for task execution.
[2023-09-04T13:28:46.919+0000] {base.py:73} INFO - Using connection ID 'postgres_con' for task execution.
[2023-09-04T13:28:46.976+0000] {base.py:73} INFO - Using connection ID 'postgres_con' for task execution.
[2023-09-04T13:28:47.034+0000] {base.py:73} INFO - Using connection ID 'postgres_con' for task execution.
[2023-09-04T13:28:47.091+0000] {base.py:73} INFO - Using connection ID 'postgres_con' for task execution.
[2023-09-04T13:28:47.147+0000] {base.py:73} INFO - Using connection ID 'postgres_con' for task execution.
[2023-09-04T13:28:47.207+0000] {base.py:73} INFO - Using connection ID 'postgres_con' for task execution.
[2023-09-04T13:28:47.278+0000] {base.py:73} INFO - Using connection ID 'postgres_con' for task execution.
[2023-09-04T13:28:47.350+0000] {base.py:73} INFO - Using connection ID 'postgres_con' for task execution.
[2023-09-04T13:28:47.427+0000] {base.py:73} INFO - Using connection ID 'postgres_con' for task execution.
[2023-09-04T13:28:47.495+0000] {base.py:73} INFO - Using connection ID 'postgres_con' for task execution.
[2023-09-04T13:28:47.560+0000] {base.py:73} INFO - Using connection ID 'postgres_con' for task execution.
[2023-09-04T13:28:47.623+0000] {base.py:73} INFO - Using connection ID 'postgres_con' for task execution.
[2023-09-04T13:28:47.689+0000] {base.py:73} INFO - Using connection ID 'postgres_con' for task execution.
[2023-09-04T13:28:47.759+0000] {base.py:73} INFO - Using connection ID 'postgres_con' for task execution.
[2023-09-04T13:28:47.823+0000] {base.py:73} INFO - Using connection ID 'postgres_con' for task execution.
[2023-09-04T13:28:47.887+0000] {base.py:73} INFO - Using connection ID 'postgres_con' for task execution.
[2023-09-04T13:28:47.943+0000] {base.py:73} INFO - Using connection ID 'postgres_con' for task execution.
[2023-09-04T13:28:48.002+0000] {base.py:73} INFO - Using connection ID 'postgres_con' for task execution.
[2023-09-04T13:28:48.058+0000] {base.py:73} INFO - Using connection ID 'postgres_con' for task execution.
[2023-09-04T13:28:48.118+0000] {base.py:73} INFO - Using connection ID 'postgres_con' for task execution.
[2023-09-04T13:28:48.179+0000] {base.py:73} INFO - Using connection ID 'postgres_con' for task execution.
[2023-09-04T13:28:48.246+0000] {base.py:73} INFO - Using connection ID 'postgres_con' for task execution.
[2023-09-04T13:28:48.330+0000] {base.py:73} INFO - Using connection ID 'postgres_con' for task execution.
[2023-09-04T13:28:48.393+0000] {base.py:73} INFO - Using connection ID 'postgres_con' for task execution.
[2023-09-04T13:28:48.451+0000] {base.py:73} INFO - Using connection ID 'postgres_con' for task execution.
[2023-09-04T13:28:48.510+0000] {base.py:73} INFO - Using connection ID 'postgres_con' for task execution.
[2023-09-04T13:28:48.572+0000] {base.py:73} INFO - Using connection ID 'postgres_con' for task execution.
[2023-09-04T13:28:48.627+0000] {base.py:73} INFO - Using connection ID 'postgres_con' for task execution.
[2023-09-04T13:28:48.685+0000] {base.py:73} INFO - Using connection ID 'postgres_con' for task execution.
[2023-09-04T13:28:48.748+0000] {base.py:73} INFO - Using connection ID 'postgres_con' for task execution.
[2023-09-04T13:28:48.804+0000] {base.py:73} INFO - Using connection ID 'postgres_con' for task execution.
[2023-09-04T13:28:48.860+0000] {base.py:73} INFO - Using connection ID 'postgres_con' for task execution.
[2023-09-04T13:28:48.919+0000] {base.py:73} INFO - Using connection ID 'postgres_con' for task execution.
[2023-09-04T13:28:48.975+0000] {base.py:73} INFO - Using connection ID 'postgres_con' for task execution.
[2023-09-04T13:28:49.066+0000] {base.py:73} INFO - Using connection ID 'postgres_con' for task execution.
[2023-09-04T13:28:49.131+0000] {base.py:73} INFO - Using connection ID 'postgres_con' for task execution.
[2023-09-04T13:28:49.188+0000] {base.py:73} INFO - Using connection ID 'postgres_con' for task execution.
[2023-09-04T13:28:49.244+0000] {base.py:73} INFO - Using connection ID 'postgres_con' for task execution.
[2023-09-04T13:28:49.302+0000] {base.py:73} INFO - Using connection ID 'postgres_con' for task execution.
[2023-09-04T13:28:49.372+0000] {base.py:73} INFO - Using connection ID 'postgres_con' for task execution.
[2023-09-04T13:28:49.433+0000] {base.py:73} INFO - Using connection ID 'postgres_con' for task execution.
[2023-09-04T13:28:49.491+0000] {base.py:73} INFO - Using connection ID 'postgres_con' for task execution.
[2023-09-04T13:28:49.560+0000] {base.py:73} INFO - Using connection ID 'postgres_con' for task execution.
[2023-09-04T13:28:49.643+0000] {base.py:73} INFO - Using connection ID 'postgres_con' for task execution.
[2023-09-04T13:28:49.718+0000] {base.py:73} INFO - Using connection ID 'postgres_con' for task execution.
[2023-09-04T13:28:49.777+0000] {base.py:73} INFO - Using connection ID 'postgres_con' for task execution.
[2023-09-04T13:28:49.839+0000] {base.py:73} INFO - Using connection ID 'postgres_con' for task execution.
[2023-09-04T13:28:49.895+0000] {base.py:73} INFO - Using connection ID 'postgres_con' for task execution.
[2023-09-04T13:28:49.952+0000] {base.py:73} INFO - Using connection ID 'postgres_con' for task execution.
[2023-09-04T13:28:50.013+0000] {base.py:73} INFO - Using connection ID 'postgres_con' for task execution.
[2023-09-04T13:28:50.069+0000] {base.py:73} INFO - Using connection ID 'postgres_con' for task execution.
[2023-09-04T13:28:50.126+0000] {base.py:73} INFO - Using connection ID 'postgres_con' for task execution.
[2023-09-04T13:28:50.183+0000] {base.py:73} INFO - Using connection ID 'postgres_con' for task execution.
[2023-09-04T13:28:50.240+0000] {base.py:73} INFO - Using connection ID 'postgres_con' for task execution.
[2023-09-04T13:28:50.299+0000] {base.py:73} INFO - Using connection ID 'postgres_con' for task execution.
[2023-09-04T13:28:50.359+0000] {base.py:73} INFO - Using connection ID 'postgres_con' for task execution.
[2023-09-04T13:28:50.429+0000] {base.py:73} INFO - Using connection ID 'postgres_con' for task execution.
[2023-09-04T13:28:50.491+0000] {base.py:73} INFO - Using connection ID 'postgres_con' for task execution.
[2023-09-04T13:28:50.551+0000] {base.py:73} INFO - Using connection ID 'postgres_con' for task execution.
[2023-09-04T13:28:50.612+0000] {base.py:73} INFO - Using connection ID 'postgres_con' for task execution.
[2023-09-04T13:28:50.668+0000] {base.py:73} INFO - Using connection ID 'postgres_con' for task execution.
[2023-09-04T13:28:50.731+0000] {base.py:73} INFO - Using connection ID 'postgres_con' for task execution.
[2023-09-04T13:28:50.789+0000] {base.py:73} INFO - Using connection ID 'postgres_con' for task execution.
[2023-09-04T13:28:50.848+0000] {base.py:73} INFO - Using connection ID 'postgres_con' for task execution.
[2023-09-04T13:28:50.909+0000] {base.py:73} INFO - Using connection ID 'postgres_con' for task execution.
[2023-09-04T13:28:50.980+0000] {base.py:73} INFO - Using connection ID 'postgres_con' for task execution.
[2023-09-04T13:28:51.040+0000] {base.py:73} INFO - Using connection ID 'postgres_con' for task execution.
[2023-09-04T13:28:51.097+0000] {base.py:73} INFO - Using connection ID 'postgres_con' for task execution.
[2023-09-04T13:28:51.155+0000] {base.py:73} INFO - Using connection ID 'postgres_con' for task execution.
[2023-09-04T13:28:51.212+0000] {base.py:73} INFO - Using connection ID 'postgres_con' for task execution.
[2023-09-04T13:28:51.270+0000] {base.py:73} INFO - Using connection ID 'postgres_con' for task execution.
[2023-09-04T13:28:51.328+0000] {base.py:73} INFO - Using connection ID 'postgres_con' for task execution.
[2023-09-04T13:28:51.383+0000] {base.py:73} INFO - Using connection ID 'postgres_con' for task execution.
[2023-09-04T13:28:51.441+0000] {base.py:73} INFO - Using connection ID 'postgres_con' for task execution.
[2023-09-04T13:28:51.501+0000] {base.py:73} INFO - Using connection ID 'postgres_con' for task execution.
[2023-09-04T13:28:51.561+0000] {base.py:73} INFO - Using connection ID 'postgres_con' for task execution.
[2023-09-04T13:28:51.621+0000] {base.py:73} INFO - Using connection ID 'postgres_con' for task execution.
[2023-09-04T13:28:51.678+0000] {base.py:73} INFO - Using connection ID 'postgres_con' for task execution.
[2023-09-04T13:28:51.759+0000] {base.py:73} INFO - Using connection ID 'postgres_con' for task execution.
[2023-09-04T13:28:51.819+0000] {base.py:73} INFO - Using connection ID 'postgres_con' for task execution.
[2023-09-04T13:28:51.881+0000] {base.py:73} INFO - Using connection ID 'postgres_con' for task execution.
[2023-09-04T13:28:51.937+0000] {base.py:73} INFO - Using connection ID 'postgres_con' for task execution.
[2023-09-04T13:28:52.008+0000] {base.py:73} INFO - Using connection ID 'postgres_con' for task execution.
[2023-09-04T13:28:52.069+0000] {base.py:73} INFO - Using connection ID 'postgres_con' for task execution.
[2023-09-04T13:28:52.133+0000] {base.py:73} INFO - Using connection ID 'postgres_con' for task execution.
[2023-09-04T13:28:52.191+0000] {base.py:73} INFO - Using connection ID 'postgres_con' for task execution.
[2023-09-04T13:28:52.252+0000] {base.py:73} INFO - Using connection ID 'postgres_con' for task execution.
[2023-09-04T13:28:52.316+0000] {base.py:73} INFO - Using connection ID 'postgres_con' for task execution.
[2023-09-04T13:28:52.375+0000] {base.py:73} INFO - Using connection ID 'postgres_con' for task execution.
[2023-09-04T13:28:52.432+0000] {base.py:73} INFO - Using connection ID 'postgres_con' for task execution.
[2023-09-04T13:28:52.491+0000] {base.py:73} INFO - Using connection ID 'postgres_con' for task execution.
[2023-09-04T13:28:52.549+0000] {base.py:73} INFO - Using connection ID 'postgres_con' for task execution.
[2023-09-04T13:28:52.606+0000] {base.py:73} INFO - Using connection ID 'postgres_con' for task execution.
[2023-09-04T13:28:52.664+0000] {base.py:73} INFO - Using connection ID 'postgres_con' for task execution.
[2023-09-04T13:28:52.724+0000] {base.py:73} INFO - Using connection ID 'postgres_con' for task execution.
[2023-09-04T13:28:52.787+0000] {base.py:73} INFO - Using connection ID 'postgres_con' for task execution.
[2023-09-04T13:28:52.845+0000] {base.py:73} INFO - Using connection ID 'postgres_con' for task execution.
[2023-09-04T13:28:52.914+0000] {base.py:73} INFO - Using connection ID 'postgres_con' for task execution.
[2023-09-04T13:28:52.971+0000] {base.py:73} INFO - Using connection ID 'postgres_con' for task execution.
[2023-09-04T13:28:53.027+0000] {base.py:73} INFO - Using connection ID 'postgres_con' for task execution.
[2023-09-04T13:28:53.093+0000] {base.py:73} INFO - Using connection ID 'postgres_con' for task execution.
[2023-09-04T13:28:53.153+0000] {base.py:73} INFO - Using connection ID 'postgres_con' for task execution.
[2023-09-04T13:28:53.212+0000] {base.py:73} INFO - Using connection ID 'postgres_con' for task execution.
[2023-09-04T13:28:53.271+0000] {base.py:73} INFO - Using connection ID 'postgres_con' for task execution.
[2023-09-04T13:28:53.330+0000] {base.py:73} INFO - Using connection ID 'postgres_con' for task execution.
[2023-09-04T13:28:53.389+0000] {base.py:73} INFO - Using connection ID 'postgres_con' for task execution.
[2023-09-04T13:34:08.541+0000] {base.py:73} INFO - Using connection ID 'postgres_con' for task execution.
[2023-09-04T13:34:08.561+0000] {warnings.py:109} WARNING - /home/***/.local/lib/python3.8/site-packages/***/providers/common/sql/hooks/sql.py:219: UserWarning: pandas only supports SQLAlchemy connectable (engine/connection) or database string URI or sqlite3 DBAPI2 connection. Other DBAPI2 objects are not tested. Please consider using SQLAlchemy.
  return psql.read_sql(sql, con=conn, params=parameters, **kwargs)

[2023-09-04T13:34:08.598+0000] {base.py:73} INFO - Using connection ID 'postgres_con' for task execution.
[2023-09-04T13:34:08.606+0000] {warnings.py:109} WARNING - /home/***/.local/lib/python3.8/site-packages/***/providers/common/sql/hooks/sql.py:219: UserWarning: pandas only supports SQLAlchemy connectable (engine/connection) or database string URI or sqlite3 DBAPI2 connection. Other DBAPI2 objects are not tested. Please consider using SQLAlchemy.
  return psql.read_sql(sql, con=conn, params=parameters, **kwargs)

[2023-09-04T13:34:08.618+0000] {python.py:194} INFO - Done. Returned value was:        id_vac              published_at  ... skill_type column_not_exist_in_db
0    86082021  2023-09-04T01:55:37+0300  ...          0                  72547
1    86082021  2023-09-04T01:55:37+0300  ...          0                  72548
2    86082021  2023-09-04T01:55:37+0300  ...          0                  72549
3    86082021  2023-09-04T01:55:37+0300  ...          0                  72550
4    86082021  2023-09-04T01:55:37+0300  ...          0                  72551
..        ...                       ...  ...        ...                    ...
503  86169975  2023-09-04T08:26:45+0300  ...          0                  73050
504  86169996  2023-09-04T08:27:02+0300  ...          0                  73051
505  86170017  2023-09-04T08:27:19+0300  ...          0                  73052
506  86170034  2023-09-04T08:27:37+0300  ...          0                  73053
507  86169998  2023-09-04T08:27:05+0300  ...          0                  73054

[508 rows x 16 columns]
[2023-09-04T13:34:08.788+0000] {taskinstance.py:1400} INFO - Marking task as SUCCESS. dag_id=dag_parser, task_id=transform, execution_date=20230903T040000, start_date=20230904T132817, end_date=20230904T133408
[2023-09-04T13:34:08.868+0000] {local_task_job_runner.py:228} INFO - Task exited with return code 0
[2023-09-04T13:34:08.902+0000] {taskinstance.py:2784} INFO - 1 downstream tasks scheduled from follow-on schedule check
