[2023-09-19T12:08:34.932+0000] {taskinstance.py:1159} INFO - Dependencies all met for dep_context=non-requeueable deps ti=<TaskInstance: dag_parser.transform manual__2023-09-19T12:08:07.260675+00:00 [queued]>
[2023-09-19T12:08:34.944+0000] {taskinstance.py:1159} INFO - Dependencies all met for dep_context=requeueable deps ti=<TaskInstance: dag_parser.transform manual__2023-09-19T12:08:07.260675+00:00 [queued]>
[2023-09-19T12:08:34.944+0000] {taskinstance.py:1361} INFO - Starting attempt 1 of 3
[2023-09-19T12:08:34.959+0000] {taskinstance.py:1382} INFO - Executing <Task(_PythonDecoratedOperator): transform> on 2023-09-19 12:08:07.260675+00:00
[2023-09-19T12:08:34.967+0000] {standard_task_runner.py:57} INFO - Started process 69 to run task
[2023-09-19T12:08:34.970+0000] {standard_task_runner.py:84} INFO - Running: ['***', 'tasks', 'run', 'dag_parser', 'transform', 'manual__2023-09-19T12:08:07.260675+00:00', '--job-id', '86', '--raw', '--subdir', 'DAGS_FOLDER/dag_parser.py', '--cfg-path', '/tmp/tmpz5vhi0iv']
[2023-09-19T12:08:34.972+0000] {standard_task_runner.py:85} INFO - Job 86: Subtask transform
[2023-09-19T12:08:35.019+0000] {task_command.py:415} INFO - Running <TaskInstance: dag_parser.transform manual__2023-09-19T12:08:07.260675+00:00 [running]> on host 910e7ec0fb42
[2023-09-19T12:08:35.274+0000] {taskinstance.py:1660} INFO - Exporting env vars: AIRFLOW_CTX_DAG_OWNER='oleg' AIRFLOW_CTX_DAG_ID='dag_parser' AIRFLOW_CTX_TASK_ID='transform' AIRFLOW_CTX_EXECUTION_DATE='2023-09-19T12:08:07.260675+00:00' AIRFLOW_CTX_TRY_NUMBER='1' AIRFLOW_CTX_DAG_RUN_ID='manual__2023-09-19T12:08:07.260675+00:00'
[2023-09-19T12:08:35.514+0000] {base.py:73} INFO - Using connection ID 'postgres_con' for task execution.
[2023-09-19T12:08:35.526+0000] {warnings.py:109} WARNING - /home/***/.local/lib/python3.8/site-packages/***/providers/common/sql/hooks/sql.py:219: UserWarning: pandas only supports SQLAlchemy connectable (engine/connection) or database string URI or sqlite3 DBAPI2 connection. Other DBAPI2 objects are not tested. Please consider using SQLAlchemy.
  return psql.read_sql(sql, con=conn, params=parameters, **kwargs)

[2023-09-19T12:08:35.682+0000] {base.py:73} INFO - Using connection ID 'postgres_con' for task execution.
[2023-09-19T12:08:35.764+0000] {base.py:73} INFO - Using connection ID 'postgres_con' for task execution.
[2023-09-19T12:08:35.847+0000] {base.py:73} INFO - Using connection ID 'postgres_con' for task execution.
[2023-09-19T12:08:35.930+0000] {base.py:73} INFO - Using connection ID 'postgres_con' for task execution.
[2023-09-19T12:08:36.021+0000] {base.py:73} INFO - Using connection ID 'postgres_con' for task execution.
[2023-09-19T12:08:36.104+0000] {base.py:73} INFO - Using connection ID 'postgres_con' for task execution.
[2023-09-19T12:08:36.186+0000] {base.py:73} INFO - Using connection ID 'postgres_con' for task execution.
[2023-09-19T12:08:36.268+0000] {base.py:73} INFO - Using connection ID 'postgres_con' for task execution.
[2023-09-19T12:08:36.350+0000] {base.py:73} INFO - Using connection ID 'postgres_con' for task execution.
[2023-09-19T12:08:36.436+0000] {base.py:73} INFO - Using connection ID 'postgres_con' for task execution.
[2023-09-19T12:08:36.518+0000] {base.py:73} INFO - Using connection ID 'postgres_con' for task execution.
[2023-09-19T12:08:36.600+0000] {base.py:73} INFO - Using connection ID 'postgres_con' for task execution.
[2023-09-19T12:08:36.682+0000] {base.py:73} INFO - Using connection ID 'postgres_con' for task execution.
[2023-09-19T12:08:36.764+0000] {base.py:73} INFO - Using connection ID 'postgres_con' for task execution.
[2023-09-19T12:08:36.846+0000] {base.py:73} INFO - Using connection ID 'postgres_con' for task execution.
[2023-09-19T12:08:36.928+0000] {base.py:73} INFO - Using connection ID 'postgres_con' for task execution.
[2023-09-19T12:08:37.008+0000] {base.py:73} INFO - Using connection ID 'postgres_con' for task execution.
[2023-09-19T12:08:37.098+0000] {base.py:73} INFO - Using connection ID 'postgres_con' for task execution.
[2023-09-19T12:08:37.180+0000] {base.py:73} INFO - Using connection ID 'postgres_con' for task execution.
[2023-09-19T12:08:37.262+0000] {base.py:73} INFO - Using connection ID 'postgres_con' for task execution.
[2023-09-19T12:08:37.344+0000] {base.py:73} INFO - Using connection ID 'postgres_con' for task execution.
[2023-09-19T12:08:37.428+0000] {base.py:73} INFO - Using connection ID 'postgres_con' for task execution.
[2023-09-19T12:08:37.510+0000] {base.py:73} INFO - Using connection ID 'postgres_con' for task execution.
[2023-09-19T12:08:37.593+0000] {base.py:73} INFO - Using connection ID 'postgres_con' for task execution.
[2023-09-19T12:08:37.674+0000] {base.py:73} INFO - Using connection ID 'postgres_con' for task execution.
[2023-09-19T12:08:37.755+0000] {base.py:73} INFO - Using connection ID 'postgres_con' for task execution.
[2023-09-19T12:08:37.836+0000] {base.py:73} INFO - Using connection ID 'postgres_con' for task execution.
[2023-09-19T12:08:37.935+0000] {base.py:73} INFO - Using connection ID 'postgres_con' for task execution.
[2023-09-19T12:08:38.016+0000] {base.py:73} INFO - Using connection ID 'postgres_con' for task execution.
[2023-09-19T12:08:38.098+0000] {base.py:73} INFO - Using connection ID 'postgres_con' for task execution.
[2023-09-19T12:08:38.186+0000] {base.py:73} INFO - Using connection ID 'postgres_con' for task execution.
[2023-09-19T12:08:38.273+0000] {base.py:73} INFO - Using connection ID 'postgres_con' for task execution.
[2023-09-19T12:08:38.355+0000] {base.py:73} INFO - Using connection ID 'postgres_con' for task execution.
[2023-09-19T12:08:38.440+0000] {base.py:73} INFO - Using connection ID 'postgres_con' for task execution.
[2023-09-19T12:08:38.520+0000] {base.py:73} INFO - Using connection ID 'postgres_con' for task execution.
[2023-09-19T12:08:38.603+0000] {base.py:73} INFO - Using connection ID 'postgres_con' for task execution.
[2023-09-19T12:08:38.684+0000] {base.py:73} INFO - Using connection ID 'postgres_con' for task execution.
[2023-09-19T12:08:38.765+0000] {base.py:73} INFO - Using connection ID 'postgres_con' for task execution.
[2023-09-19T12:08:38.854+0000] {base.py:73} INFO - Using connection ID 'postgres_con' for task execution.
[2023-09-19T12:08:38.936+0000] {base.py:73} INFO - Using connection ID 'postgres_con' for task execution.
[2023-09-19T12:08:39.017+0000] {base.py:73} INFO - Using connection ID 'postgres_con' for task execution.
[2023-09-19T12:08:39.098+0000] {base.py:73} INFO - Using connection ID 'postgres_con' for task execution.
[2023-09-19T12:08:39.179+0000] {base.py:73} INFO - Using connection ID 'postgres_con' for task execution.
[2023-09-19T12:08:39.261+0000] {base.py:73} INFO - Using connection ID 'postgres_con' for task execution.
[2023-09-19T12:08:39.347+0000] {base.py:73} INFO - Using connection ID 'postgres_con' for task execution.
[2023-09-19T12:08:39.430+0000] {base.py:73} INFO - Using connection ID 'postgres_con' for task execution.
[2023-09-19T12:08:39.510+0000] {base.py:73} INFO - Using connection ID 'postgres_con' for task execution.
[2023-09-19T12:08:39.591+0000] {base.py:73} INFO - Using connection ID 'postgres_con' for task execution.
[2023-09-19T12:08:39.672+0000] {base.py:73} INFO - Using connection ID 'postgres_con' for task execution.
[2023-09-19T12:08:39.752+0000] {base.py:73} INFO - Using connection ID 'postgres_con' for task execution.
[2023-09-19T12:08:39.832+0000] {base.py:73} INFO - Using connection ID 'postgres_con' for task execution.
[2023-09-19T12:08:39.917+0000] {base.py:73} INFO - Using connection ID 'postgres_con' for task execution.
[2023-09-19T12:08:39.998+0000] {base.py:73} INFO - Using connection ID 'postgres_con' for task execution.
[2023-09-19T12:08:40.081+0000] {base.py:73} INFO - Using connection ID 'postgres_con' for task execution.
[2023-09-19T12:08:40.162+0000] {base.py:73} INFO - Using connection ID 'postgres_con' for task execution.
[2023-09-19T12:08:40.244+0000] {base.py:73} INFO - Using connection ID 'postgres_con' for task execution.
[2023-09-19T12:08:40.324+0000] {base.py:73} INFO - Using connection ID 'postgres_con' for task execution.
[2023-09-19T12:08:40.404+0000] {base.py:73} INFO - Using connection ID 'postgres_con' for task execution.
[2023-09-19T12:08:40.487+0000] {base.py:73} INFO - Using connection ID 'postgres_con' for task execution.
[2023-09-19T12:08:40.567+0000] {base.py:73} INFO - Using connection ID 'postgres_con' for task execution.
[2023-09-19T12:08:40.646+0000] {base.py:73} INFO - Using connection ID 'postgres_con' for task execution.
[2023-09-19T12:08:40.728+0000] {base.py:73} INFO - Using connection ID 'postgres_con' for task execution.
[2023-09-19T12:08:40.809+0000] {base.py:73} INFO - Using connection ID 'postgres_con' for task execution.
[2023-09-19T12:08:40.888+0000] {base.py:73} INFO - Using connection ID 'postgres_con' for task execution.
[2023-09-19T12:08:40.971+0000] {base.py:73} INFO - Using connection ID 'postgres_con' for task execution.
[2023-09-19T12:08:41.055+0000] {base.py:73} INFO - Using connection ID 'postgres_con' for task execution.
[2023-09-19T12:08:41.135+0000] {base.py:73} INFO - Using connection ID 'postgres_con' for task execution.
[2023-09-19T12:08:41.216+0000] {base.py:73} INFO - Using connection ID 'postgres_con' for task execution.
[2023-09-19T12:08:41.296+0000] {base.py:73} INFO - Using connection ID 'postgres_con' for task execution.
[2023-09-19T12:08:41.376+0000] {base.py:73} INFO - Using connection ID 'postgres_con' for task execution.
[2023-09-19T12:08:41.457+0000] {base.py:73} INFO - Using connection ID 'postgres_con' for task execution.
[2023-09-19T12:08:41.537+0000] {base.py:73} INFO - Using connection ID 'postgres_con' for task execution.
[2023-09-19T12:08:41.618+0000] {base.py:73} INFO - Using connection ID 'postgres_con' for task execution.
[2023-09-19T12:08:41.699+0000] {base.py:73} INFO - Using connection ID 'postgres_con' for task execution.
[2023-09-19T12:08:41.778+0000] {base.py:73} INFO - Using connection ID 'postgres_con' for task execution.
[2023-09-19T12:08:41.858+0000] {base.py:73} INFO - Using connection ID 'postgres_con' for task execution.
[2023-09-19T12:08:41.938+0000] {base.py:73} INFO - Using connection ID 'postgres_con' for task execution.
[2023-09-19T12:08:42.018+0000] {base.py:73} INFO - Using connection ID 'postgres_con' for task execution.
[2023-09-19T12:08:42.105+0000] {base.py:73} INFO - Using connection ID 'postgres_con' for task execution.
[2023-09-19T12:08:42.186+0000] {base.py:73} INFO - Using connection ID 'postgres_con' for task execution.
[2023-09-19T12:08:42.266+0000] {base.py:73} INFO - Using connection ID 'postgres_con' for task execution.
[2023-09-19T12:08:42.346+0000] {base.py:73} INFO - Using connection ID 'postgres_con' for task execution.
[2023-09-19T12:08:42.425+0000] {base.py:73} INFO - Using connection ID 'postgres_con' for task execution.
[2023-09-19T12:08:42.509+0000] {base.py:73} INFO - Using connection ID 'postgres_con' for task execution.
[2023-09-19T12:08:42.588+0000] {base.py:73} INFO - Using connection ID 'postgres_con' for task execution.
[2023-09-19T12:08:42.668+0000] {base.py:73} INFO - Using connection ID 'postgres_con' for task execution.
[2023-09-19T12:08:42.748+0000] {base.py:73} INFO - Using connection ID 'postgres_con' for task execution.
[2023-09-19T12:08:42.829+0000] {base.py:73} INFO - Using connection ID 'postgres_con' for task execution.
[2023-09-19T12:08:42.916+0000] {base.py:73} INFO - Using connection ID 'postgres_con' for task execution.
[2023-09-19T12:08:42.998+0000] {base.py:73} INFO - Using connection ID 'postgres_con' for task execution.
[2023-09-19T12:08:43.078+0000] {base.py:73} INFO - Using connection ID 'postgres_con' for task execution.
[2023-09-19T12:08:43.165+0000] {base.py:73} INFO - Using connection ID 'postgres_con' for task execution.
[2023-09-19T12:08:43.244+0000] {base.py:73} INFO - Using connection ID 'postgres_con' for task execution.
[2023-09-19T12:08:43.335+0000] {base.py:73} INFO - Using connection ID 'postgres_con' for task execution.
[2023-09-19T12:08:43.417+0000] {base.py:73} INFO - Using connection ID 'postgres_con' for task execution.
[2023-09-19T12:08:43.503+0000] {base.py:73} INFO - Using connection ID 'postgres_con' for task execution.
[2023-09-19T12:08:43.582+0000] {base.py:73} INFO - Using connection ID 'postgres_con' for task execution.
[2023-09-19T12:08:43.662+0000] {base.py:73} INFO - Using connection ID 'postgres_con' for task execution.
[2023-09-19T12:08:43.742+0000] {base.py:73} INFO - Using connection ID 'postgres_con' for task execution.
[2023-09-19T12:08:43.820+0000] {base.py:73} INFO - Using connection ID 'postgres_con' for task execution.
[2023-09-19T12:08:43.919+0000] {base.py:73} INFO - Using connection ID 'postgres_con' for task execution.
[2023-09-19T12:08:44.000+0000] {base.py:73} INFO - Using connection ID 'postgres_con' for task execution.
[2023-09-19T12:08:44.079+0000] {base.py:73} INFO - Using connection ID 'postgres_con' for task execution.
[2023-09-19T12:08:44.158+0000] {base.py:73} INFO - Using connection ID 'postgres_con' for task execution.
[2023-09-19T12:08:44.237+0000] {base.py:73} INFO - Using connection ID 'postgres_con' for task execution.
[2023-09-19T12:08:44.316+0000] {base.py:73} INFO - Using connection ID 'postgres_con' for task execution.
[2023-09-19T12:08:44.396+0000] {base.py:73} INFO - Using connection ID 'postgres_con' for task execution.
[2023-09-19T12:08:44.474+0000] {base.py:73} INFO - Using connection ID 'postgres_con' for task execution.
[2023-09-19T12:08:44.556+0000] {base.py:73} INFO - Using connection ID 'postgres_con' for task execution.
[2023-09-19T12:08:44.635+0000] {base.py:73} INFO - Using connection ID 'postgres_con' for task execution.
[2023-09-19T12:08:44.714+0000] {base.py:73} INFO - Using connection ID 'postgres_con' for task execution.
[2023-09-19T12:08:44.792+0000] {base.py:73} INFO - Using connection ID 'postgres_con' for task execution.
[2023-09-19T12:08:44.870+0000] {base.py:73} INFO - Using connection ID 'postgres_con' for task execution.
[2023-09-19T12:08:44.950+0000] {base.py:73} INFO - Using connection ID 'postgres_con' for task execution.
[2023-09-19T12:08:45.036+0000] {base.py:73} INFO - Using connection ID 'postgres_con' for task execution.
[2023-09-19T12:08:45.119+0000] {base.py:73} INFO - Using connection ID 'postgres_con' for task execution.
[2023-09-19T12:08:45.198+0000] {base.py:73} INFO - Using connection ID 'postgres_con' for task execution.
[2023-09-19T12:08:45.276+0000] {base.py:73} INFO - Using connection ID 'postgres_con' for task execution.
[2023-09-19T12:08:45.355+0000] {base.py:73} INFO - Using connection ID 'postgres_con' for task execution.
[2023-09-19T12:08:45.433+0000] {base.py:73} INFO - Using connection ID 'postgres_con' for task execution.
[2023-09-19T12:08:45.511+0000] {base.py:73} INFO - Using connection ID 'postgres_con' for task execution.
[2023-09-19T12:08:45.590+0000] {base.py:73} INFO - Using connection ID 'postgres_con' for task execution.
[2023-09-19T12:08:45.669+0000] {base.py:73} INFO - Using connection ID 'postgres_con' for task execution.
[2023-09-19T12:08:45.748+0000] {base.py:73} INFO - Using connection ID 'postgres_con' for task execution.
[2023-09-19T12:08:45.827+0000] {base.py:73} INFO - Using connection ID 'postgres_con' for task execution.
[2023-09-19T12:08:45.907+0000] {base.py:73} INFO - Using connection ID 'postgres_con' for task execution.
[2023-09-19T12:08:45.986+0000] {base.py:73} INFO - Using connection ID 'postgres_con' for task execution.
[2023-09-19T12:08:46.071+0000] {base.py:73} INFO - Using connection ID 'postgres_con' for task execution.
[2023-09-19T12:08:46.152+0000] {base.py:73} INFO - Using connection ID 'postgres_con' for task execution.
[2023-09-19T12:08:46.243+0000] {base.py:73} INFO - Using connection ID 'postgres_con' for task execution.
[2023-09-19T12:08:46.327+0000] {base.py:73} INFO - Using connection ID 'postgres_con' for task execution.
[2023-09-19T12:08:46.420+0000] {base.py:73} INFO - Using connection ID 'postgres_con' for task execution.
[2023-09-19T12:08:46.504+0000] {base.py:73} INFO - Using connection ID 'postgres_con' for task execution.
[2023-09-19T12:08:46.588+0000] {base.py:73} INFO - Using connection ID 'postgres_con' for task execution.
[2023-09-19T12:08:46.668+0000] {base.py:73} INFO - Using connection ID 'postgres_con' for task execution.
[2023-09-19T12:08:46.748+0000] {base.py:73} INFO - Using connection ID 'postgres_con' for task execution.
[2023-09-19T12:08:46.827+0000] {base.py:73} INFO - Using connection ID 'postgres_con' for task execution.
[2023-09-19T12:08:46.907+0000] {base.py:73} INFO - Using connection ID 'postgres_con' for task execution.
[2023-09-19T12:08:46.987+0000] {base.py:73} INFO - Using connection ID 'postgres_con' for task execution.
[2023-09-19T12:08:47.066+0000] {base.py:73} INFO - Using connection ID 'postgres_con' for task execution.
[2023-09-19T12:08:47.152+0000] {base.py:73} INFO - Using connection ID 'postgres_con' for task execution.
[2023-09-19T12:08:47.232+0000] {base.py:73} INFO - Using connection ID 'postgres_con' for task execution.
[2023-09-19T12:08:47.312+0000] {base.py:73} INFO - Using connection ID 'postgres_con' for task execution.
[2023-09-19T12:08:47.392+0000] {base.py:73} INFO - Using connection ID 'postgres_con' for task execution.
[2023-09-19T12:08:47.469+0000] {base.py:73} INFO - Using connection ID 'postgres_con' for task execution.
[2023-09-19T12:08:47.547+0000] {base.py:73} INFO - Using connection ID 'postgres_con' for task execution.
[2023-09-19T12:08:47.626+0000] {base.py:73} INFO - Using connection ID 'postgres_con' for task execution.
[2023-09-19T12:08:47.704+0000] {base.py:73} INFO - Using connection ID 'postgres_con' for task execution.
[2023-09-19T12:08:47.781+0000] {base.py:73} INFO - Using connection ID 'postgres_con' for task execution.
[2023-09-19T12:08:47.859+0000] {base.py:73} INFO - Using connection ID 'postgres_con' for task execution.
[2023-09-19T12:08:47.937+0000] {base.py:73} INFO - Using connection ID 'postgres_con' for task execution.
[2023-09-19T12:08:48.014+0000] {base.py:73} INFO - Using connection ID 'postgres_con' for task execution.
[2023-09-19T12:08:48.091+0000] {base.py:73} INFO - Using connection ID 'postgres_con' for task execution.
[2023-09-19T12:08:48.170+0000] {base.py:73} INFO - Using connection ID 'postgres_con' for task execution.
[2023-09-19T12:08:48.254+0000] {base.py:73} INFO - Using connection ID 'postgres_con' for task execution.
[2023-09-19T12:08:48.335+0000] {base.py:73} INFO - Using connection ID 'postgres_con' for task execution.
[2023-09-19T12:08:48.416+0000] {base.py:73} INFO - Using connection ID 'postgres_con' for task execution.
[2023-09-19T12:08:48.493+0000] {base.py:73} INFO - Using connection ID 'postgres_con' for task execution.
[2023-09-19T12:08:48.572+0000] {base.py:73} INFO - Using connection ID 'postgres_con' for task execution.
[2023-09-19T12:08:48.650+0000] {base.py:73} INFO - Using connection ID 'postgres_con' for task execution.
[2023-09-19T12:08:48.727+0000] {base.py:73} INFO - Using connection ID 'postgres_con' for task execution.
[2023-09-19T12:08:48.804+0000] {base.py:73} INFO - Using connection ID 'postgres_con' for task execution.
[2023-09-19T12:08:48.881+0000] {base.py:73} INFO - Using connection ID 'postgres_con' for task execution.
[2023-09-19T12:08:48.959+0000] {base.py:73} INFO - Using connection ID 'postgres_con' for task execution.
[2023-09-19T12:08:49.044+0000] {base.py:73} INFO - Using connection ID 'postgres_con' for task execution.
[2023-09-19T12:08:49.122+0000] {base.py:73} INFO - Using connection ID 'postgres_con' for task execution.
[2023-09-19T12:08:49.200+0000] {base.py:73} INFO - Using connection ID 'postgres_con' for task execution.
[2023-09-19T12:08:49.276+0000] {base.py:73} INFO - Using connection ID 'postgres_con' for task execution.
[2023-09-19T12:08:49.353+0000] {base.py:73} INFO - Using connection ID 'postgres_con' for task execution.
[2023-09-19T12:08:49.430+0000] {base.py:73} INFO - Using connection ID 'postgres_con' for task execution.
[2023-09-19T12:08:49.507+0000] {base.py:73} INFO - Using connection ID 'postgres_con' for task execution.
[2023-09-19T12:08:49.584+0000] {base.py:73} INFO - Using connection ID 'postgres_con' for task execution.
[2023-09-19T12:08:49.662+0000] {base.py:73} INFO - Using connection ID 'postgres_con' for task execution.
[2023-09-19T12:08:49.739+0000] {base.py:73} INFO - Using connection ID 'postgres_con' for task execution.
[2023-09-19T12:08:49.819+0000] {base.py:73} INFO - Using connection ID 'postgres_con' for task execution.
[2023-09-19T12:08:49.908+0000] {base.py:73} INFO - Using connection ID 'postgres_con' for task execution.
[2023-09-19T12:08:49.984+0000] {base.py:73} INFO - Using connection ID 'postgres_con' for task execution.
[2023-09-19T12:08:50.065+0000] {base.py:73} INFO - Using connection ID 'postgres_con' for task execution.
[2023-09-19T12:08:50.147+0000] {base.py:73} INFO - Using connection ID 'postgres_con' for task execution.
[2023-09-19T12:08:50.224+0000] {base.py:73} INFO - Using connection ID 'postgres_con' for task execution.
[2023-09-19T12:08:50.300+0000] {base.py:73} INFO - Using connection ID 'postgres_con' for task execution.
[2023-09-19T12:08:50.376+0000] {base.py:73} INFO - Using connection ID 'postgres_con' for task execution.
[2023-09-19T12:08:50.452+0000] {base.py:73} INFO - Using connection ID 'postgres_con' for task execution.
[2023-09-19T12:08:50.528+0000] {base.py:73} INFO - Using connection ID 'postgres_con' for task execution.
[2023-09-19T12:08:50.604+0000] {base.py:73} INFO - Using connection ID 'postgres_con' for task execution.
[2023-09-19T12:08:50.682+0000] {base.py:73} INFO - Using connection ID 'postgres_con' for task execution.
[2023-09-19T12:08:50.760+0000] {base.py:73} INFO - Using connection ID 'postgres_con' for task execution.
[2023-09-19T12:08:50.836+0000] {base.py:73} INFO - Using connection ID 'postgres_con' for task execution.
[2023-09-19T12:08:50.912+0000] {base.py:73} INFO - Using connection ID 'postgres_con' for task execution.
[2023-09-19T12:08:50.988+0000] {base.py:73} INFO - Using connection ID 'postgres_con' for task execution.
[2023-09-19T12:08:51.064+0000] {base.py:73} INFO - Using connection ID 'postgres_con' for task execution.
[2023-09-19T12:08:51.146+0000] {base.py:73} INFO - Using connection ID 'postgres_con' for task execution.
[2023-09-19T12:08:51.224+0000] {base.py:73} INFO - Using connection ID 'postgres_con' for task execution.
[2023-09-19T12:08:51.299+0000] {base.py:73} INFO - Using connection ID 'postgres_con' for task execution.
[2023-09-19T12:08:51.376+0000] {base.py:73} INFO - Using connection ID 'postgres_con' for task execution.
[2023-09-19T12:08:51.452+0000] {base.py:73} INFO - Using connection ID 'postgres_con' for task execution.
[2023-09-19T12:08:51.538+0000] {base.py:73} INFO - Using connection ID 'postgres_con' for task execution.
[2023-09-19T12:08:51.647+0000] {base.py:73} INFO - Using connection ID 'postgres_con' for task execution.
[2023-09-19T12:08:51.744+0000] {base.py:73} INFO - Using connection ID 'postgres_con' for task execution.
[2023-09-19T12:08:51.834+0000] {base.py:73} INFO - Using connection ID 'postgres_con' for task execution.
[2023-09-19T12:08:51.925+0000] {base.py:73} INFO - Using connection ID 'postgres_con' for task execution.
[2023-09-19T12:08:52.016+0000] {base.py:73} INFO - Using connection ID 'postgres_con' for task execution.
[2023-09-19T12:08:52.108+0000] {base.py:73} INFO - Using connection ID 'postgres_con' for task execution.
[2023-09-19T12:08:52.211+0000] {base.py:73} INFO - Using connection ID 'postgres_con' for task execution.
[2023-09-19T12:08:52.316+0000] {base.py:73} INFO - Using connection ID 'postgres_con' for task execution.
[2023-09-19T12:08:52.418+0000] {base.py:73} INFO - Using connection ID 'postgres_con' for task execution.
[2023-09-19T12:08:52.512+0000] {base.py:73} INFO - Using connection ID 'postgres_con' for task execution.
[2023-09-19T12:08:52.600+0000] {base.py:73} INFO - Using connection ID 'postgres_con' for task execution.
[2023-09-19T12:08:52.702+0000] {base.py:73} INFO - Using connection ID 'postgres_con' for task execution.
[2023-09-19T12:08:52.795+0000] {base.py:73} INFO - Using connection ID 'postgres_con' for task execution.
[2023-09-19T12:08:52.889+0000] {base.py:73} INFO - Using connection ID 'postgres_con' for task execution.
[2023-09-19T12:08:53.001+0000] {base.py:73} INFO - Using connection ID 'postgres_con' for task execution.
[2023-09-19T12:08:53.105+0000] {base.py:73} INFO - Using connection ID 'postgres_con' for task execution.
[2023-09-19T12:08:53.194+0000] {base.py:73} INFO - Using connection ID 'postgres_con' for task execution.
[2023-09-19T12:08:53.296+0000] {base.py:73} INFO - Using connection ID 'postgres_con' for task execution.
[2023-09-19T12:08:53.397+0000] {base.py:73} INFO - Using connection ID 'postgres_con' for task execution.
[2023-09-19T12:08:53.518+0000] {base.py:73} INFO - Using connection ID 'postgres_con' for task execution.
[2023-09-19T12:08:53.657+0000] {base.py:73} INFO - Using connection ID 'postgres_con' for task execution.
[2023-09-19T12:08:53.754+0000] {base.py:73} INFO - Using connection ID 'postgres_con' for task execution.
[2023-09-19T12:08:53.850+0000] {base.py:73} INFO - Using connection ID 'postgres_con' for task execution.
[2023-09-19T12:08:53.944+0000] {base.py:73} INFO - Using connection ID 'postgres_con' for task execution.
[2023-09-19T12:08:54.052+0000] {base.py:73} INFO - Using connection ID 'postgres_con' for task execution.
[2023-09-19T12:08:54.153+0000] {base.py:73} INFO - Using connection ID 'postgres_con' for task execution.
[2023-09-19T12:08:54.249+0000] {base.py:73} INFO - Using connection ID 'postgres_con' for task execution.
[2023-09-19T12:08:54.353+0000] {base.py:73} INFO - Using connection ID 'postgres_con' for task execution.
[2023-09-19T12:08:54.463+0000] {base.py:73} INFO - Using connection ID 'postgres_con' for task execution.
[2023-09-19T12:08:54.570+0000] {base.py:73} INFO - Using connection ID 'postgres_con' for task execution.
[2023-09-19T12:08:54.653+0000] {base.py:73} INFO - Using connection ID 'postgres_con' for task execution.
[2023-09-19T12:08:54.752+0000] {base.py:73} INFO - Using connection ID 'postgres_con' for task execution.
[2023-09-19T12:08:54.826+0000] {base.py:73} INFO - Using connection ID 'postgres_con' for task execution.
[2023-09-19T12:08:54.901+0000] {base.py:73} INFO - Using connection ID 'postgres_con' for task execution.
[2023-09-19T12:08:54.990+0000] {base.py:73} INFO - Using connection ID 'postgres_con' for task execution.
[2023-09-19T12:08:55.070+0000] {base.py:73} INFO - Using connection ID 'postgres_con' for task execution.
[2023-09-19T12:08:55.149+0000] {base.py:73} INFO - Using connection ID 'postgres_con' for task execution.
[2023-09-19T12:08:55.233+0000] {base.py:73} INFO - Using connection ID 'postgres_con' for task execution.
[2023-09-19T12:08:55.308+0000] {base.py:73} INFO - Using connection ID 'postgres_con' for task execution.
[2023-09-19T12:08:55.382+0000] {base.py:73} INFO - Using connection ID 'postgres_con' for task execution.
[2023-09-19T12:08:55.457+0000] {base.py:73} INFO - Using connection ID 'postgres_con' for task execution.
[2023-09-19T12:08:55.532+0000] {base.py:73} INFO - Using connection ID 'postgres_con' for task execution.
[2023-09-19T12:08:55.607+0000] {base.py:73} INFO - Using connection ID 'postgres_con' for task execution.
[2023-09-19T12:08:55.682+0000] {base.py:73} INFO - Using connection ID 'postgres_con' for task execution.
[2023-09-19T12:08:55.761+0000] {base.py:73} INFO - Using connection ID 'postgres_con' for task execution.
[2023-09-19T12:08:55.836+0000] {base.py:73} INFO - Using connection ID 'postgres_con' for task execution.
[2023-09-19T12:08:55.925+0000] {base.py:73} INFO - Using connection ID 'postgres_con' for task execution.
[2023-09-19T12:08:56.000+0000] {base.py:73} INFO - Using connection ID 'postgres_con' for task execution.
[2023-09-19T12:08:56.074+0000] {base.py:73} INFO - Using connection ID 'postgres_con' for task execution.
[2023-09-19T12:08:56.149+0000] {base.py:73} INFO - Using connection ID 'postgres_con' for task execution.
[2023-09-19T12:08:56.227+0000] {base.py:73} INFO - Using connection ID 'postgres_con' for task execution.
[2023-09-19T12:08:56.305+0000] {base.py:73} INFO - Using connection ID 'postgres_con' for task execution.
[2023-09-19T12:08:56.379+0000] {base.py:73} INFO - Using connection ID 'postgres_con' for task execution.
[2023-09-19T12:08:56.453+0000] {base.py:73} INFO - Using connection ID 'postgres_con' for task execution.
[2023-09-19T12:08:56.528+0000] {base.py:73} INFO - Using connection ID 'postgres_con' for task execution.
[2023-09-19T12:08:56.603+0000] {base.py:73} INFO - Using connection ID 'postgres_con' for task execution.
[2023-09-19T12:08:56.678+0000] {base.py:73} INFO - Using connection ID 'postgres_con' for task execution.
[2023-09-19T12:08:56.754+0000] {base.py:73} INFO - Using connection ID 'postgres_con' for task execution.
[2023-09-19T12:08:56.829+0000] {base.py:73} INFO - Using connection ID 'postgres_con' for task execution.
[2023-09-19T12:08:56.903+0000] {base.py:73} INFO - Using connection ID 'postgres_con' for task execution.
[2023-09-19T12:08:56.978+0000] {base.py:73} INFO - Using connection ID 'postgres_con' for task execution.
[2023-09-19T12:08:57.053+0000] {base.py:73} INFO - Using connection ID 'postgres_con' for task execution.
[2023-09-19T12:08:57.128+0000] {base.py:73} INFO - Using connection ID 'postgres_con' for task execution.
[2023-09-19T12:08:57.202+0000] {base.py:73} INFO - Using connection ID 'postgres_con' for task execution.
[2023-09-19T12:08:57.280+0000] {base.py:73} INFO - Using connection ID 'postgres_con' for task execution.
[2023-09-19T12:08:57.359+0000] {base.py:73} INFO - Using connection ID 'postgres_con' for task execution.
[2023-09-19T12:08:57.433+0000] {base.py:73} INFO - Using connection ID 'postgres_con' for task execution.
[2023-09-19T12:08:57.508+0000] {base.py:73} INFO - Using connection ID 'postgres_con' for task execution.
[2023-09-19T12:08:57.582+0000] {base.py:73} INFO - Using connection ID 'postgres_con' for task execution.
[2023-09-19T12:08:57.658+0000] {base.py:73} INFO - Using connection ID 'postgres_con' for task execution.
[2023-09-19T12:08:57.732+0000] {base.py:73} INFO - Using connection ID 'postgres_con' for task execution.
[2023-09-19T12:08:57.809+0000] {base.py:73} INFO - Using connection ID 'postgres_con' for task execution.
[2023-09-19T12:08:57.884+0000] {base.py:73} INFO - Using connection ID 'postgres_con' for task execution.
[2023-09-19T12:08:57.958+0000] {base.py:73} INFO - Using connection ID 'postgres_con' for task execution.
[2023-09-19T12:08:58.032+0000] {base.py:73} INFO - Using connection ID 'postgres_con' for task execution.
[2023-09-19T12:08:58.106+0000] {base.py:73} INFO - Using connection ID 'postgres_con' for task execution.
[2023-09-19T12:08:58.186+0000] {base.py:73} INFO - Using connection ID 'postgres_con' for task execution.
[2023-09-19T12:08:58.261+0000] {base.py:73} INFO - Using connection ID 'postgres_con' for task execution.
[2023-09-19T12:08:58.336+0000] {base.py:73} INFO - Using connection ID 'postgres_con' for task execution.
[2023-09-19T12:08:58.413+0000] {base.py:73} INFO - Using connection ID 'postgres_con' for task execution.
[2023-09-19T12:08:58.489+0000] {base.py:73} INFO - Using connection ID 'postgres_con' for task execution.
[2023-09-19T12:08:58.563+0000] {base.py:73} INFO - Using connection ID 'postgres_con' for task execution.
[2023-09-19T12:08:58.636+0000] {base.py:73} INFO - Using connection ID 'postgres_con' for task execution.
[2023-09-19T12:08:58.710+0000] {base.py:73} INFO - Using connection ID 'postgres_con' for task execution.
[2023-09-19T12:08:58.787+0000] {base.py:73} INFO - Using connection ID 'postgres_con' for task execution.
[2023-09-19T12:08:58.860+0000] {base.py:73} INFO - Using connection ID 'postgres_con' for task execution.
[2023-09-19T12:08:58.934+0000] {base.py:73} INFO - Using connection ID 'postgres_con' for task execution.
[2023-09-19T12:08:59.009+0000] {base.py:73} INFO - Using connection ID 'postgres_con' for task execution.
[2023-09-19T12:08:59.083+0000] {base.py:73} INFO - Using connection ID 'postgres_con' for task execution.
[2023-09-19T12:08:59.160+0000] {base.py:73} INFO - Using connection ID 'postgres_con' for task execution.
[2023-09-19T12:08:59.238+0000] {base.py:73} INFO - Using connection ID 'postgres_con' for task execution.
[2023-09-19T12:08:59.312+0000] {base.py:73} INFO - Using connection ID 'postgres_con' for task execution.
[2023-09-19T12:08:59.386+0000] {base.py:73} INFO - Using connection ID 'postgres_con' for task execution.
[2023-09-19T12:08:59.460+0000] {base.py:73} INFO - Using connection ID 'postgres_con' for task execution.
[2023-09-19T12:08:59.534+0000] {base.py:73} INFO - Using connection ID 'postgres_con' for task execution.
[2023-09-19T12:08:59.608+0000] {base.py:73} INFO - Using connection ID 'postgres_con' for task execution.
[2023-09-19T12:08:59.687+0000] {base.py:73} INFO - Using connection ID 'postgres_con' for task execution.
[2023-09-19T12:08:59.778+0000] {base.py:73} INFO - Using connection ID 'postgres_con' for task execution.
[2023-09-19T12:08:59.870+0000] {base.py:73} INFO - Using connection ID 'postgres_con' for task execution.
[2023-09-19T12:08:59.960+0000] {base.py:73} INFO - Using connection ID 'postgres_con' for task execution.
[2023-09-19T12:09:00.060+0000] {base.py:73} INFO - Using connection ID 'postgres_con' for task execution.
[2023-09-19T12:09:00.153+0000] {base.py:73} INFO - Using connection ID 'postgres_con' for task execution.
[2023-09-19T12:09:00.244+0000] {base.py:73} INFO - Using connection ID 'postgres_con' for task execution.
[2023-09-19T12:09:00.323+0000] {base.py:73} INFO - Using connection ID 'postgres_con' for task execution.
[2023-09-19T12:09:00.398+0000] {base.py:73} INFO - Using connection ID 'postgres_con' for task execution.
[2023-09-19T12:09:00.472+0000] {base.py:73} INFO - Using connection ID 'postgres_con' for task execution.
[2023-09-19T12:09:00.546+0000] {base.py:73} INFO - Using connection ID 'postgres_con' for task execution.
[2023-09-19T12:09:00.621+0000] {base.py:73} INFO - Using connection ID 'postgres_con' for task execution.
[2023-09-19T12:09:00.697+0000] {base.py:73} INFO - Using connection ID 'postgres_con' for task execution.
[2023-09-19T12:09:00.775+0000] {base.py:73} INFO - Using connection ID 'postgres_con' for task execution.
[2023-09-19T12:09:00.852+0000] {base.py:73} INFO - Using connection ID 'postgres_con' for task execution.
[2023-09-19T12:09:00.924+0000] {base.py:73} INFO - Using connection ID 'postgres_con' for task execution.
[2023-09-19T12:09:00.998+0000] {base.py:73} INFO - Using connection ID 'postgres_con' for task execution.
[2023-09-19T12:09:01.071+0000] {base.py:73} INFO - Using connection ID 'postgres_con' for task execution.
[2023-09-19T12:09:01.144+0000] {base.py:73} INFO - Using connection ID 'postgres_con' for task execution.
[2023-09-19T12:09:01.223+0000] {base.py:73} INFO - Using connection ID 'postgres_con' for task execution.
[2023-09-19T12:09:01.306+0000] {base.py:73} INFO - Using connection ID 'postgres_con' for task execution.
[2023-09-19T12:09:01.387+0000] {base.py:73} INFO - Using connection ID 'postgres_con' for task execution.
[2023-09-19T12:09:01.466+0000] {base.py:73} INFO - Using connection ID 'postgres_con' for task execution.
[2023-09-19T12:09:01.544+0000] {base.py:73} INFO - Using connection ID 'postgres_con' for task execution.
[2023-09-19T12:09:01.621+0000] {base.py:73} INFO - Using connection ID 'postgres_con' for task execution.
[2023-09-19T12:09:01.701+0000] {base.py:73} INFO - Using connection ID 'postgres_con' for task execution.
[2023-09-19T12:09:01.777+0000] {base.py:73} INFO - Using connection ID 'postgres_con' for task execution.
[2023-09-19T12:09:01.852+0000] {base.py:73} INFO - Using connection ID 'postgres_con' for task execution.
[2023-09-19T12:09:01.935+0000] {base.py:73} INFO - Using connection ID 'postgres_con' for task execution.
[2023-09-19T12:09:02.007+0000] {base.py:73} INFO - Using connection ID 'postgres_con' for task execution.
[2023-09-19T12:09:02.079+0000] {base.py:73} INFO - Using connection ID 'postgres_con' for task execution.
[2023-09-19T12:09:02.151+0000] {base.py:73} INFO - Using connection ID 'postgres_con' for task execution.
[2023-09-19T12:09:02.223+0000] {base.py:73} INFO - Using connection ID 'postgres_con' for task execution.
[2023-09-19T12:09:02.301+0000] {base.py:73} INFO - Using connection ID 'postgres_con' for task execution.
[2023-09-19T12:09:02.390+0000] {base.py:73} INFO - Using connection ID 'postgres_con' for task execution.
[2023-09-19T12:09:02.485+0000] {base.py:73} INFO - Using connection ID 'postgres_con' for task execution.
[2023-09-19T12:09:02.573+0000] {base.py:73} INFO - Using connection ID 'postgres_con' for task execution.
[2023-09-19T12:09:02.656+0000] {base.py:73} INFO - Using connection ID 'postgres_con' for task execution.
[2023-09-19T12:09:02.750+0000] {base.py:73} INFO - Using connection ID 'postgres_con' for task execution.
[2023-09-19T12:09:02.834+0000] {base.py:73} INFO - Using connection ID 'postgres_con' for task execution.
[2023-09-19T12:09:02.914+0000] {base.py:73} INFO - Using connection ID 'postgres_con' for task execution.
[2023-09-19T12:09:02.996+0000] {base.py:73} INFO - Using connection ID 'postgres_con' for task execution.
[2023-09-19T12:09:03.084+0000] {base.py:73} INFO - Using connection ID 'postgres_con' for task execution.
[2023-09-19T12:09:03.202+0000] {base.py:73} INFO - Using connection ID 'postgres_con' for task execution.
[2023-09-19T12:09:03.299+0000] {base.py:73} INFO - Using connection ID 'postgres_con' for task execution.
[2023-09-19T12:09:03.390+0000] {base.py:73} INFO - Using connection ID 'postgres_con' for task execution.
[2023-09-19T12:09:03.486+0000] {base.py:73} INFO - Using connection ID 'postgres_con' for task execution.
[2023-09-19T12:09:03.582+0000] {base.py:73} INFO - Using connection ID 'postgres_con' for task execution.
[2023-09-19T12:09:03.678+0000] {base.py:73} INFO - Using connection ID 'postgres_con' for task execution.
[2023-09-19T12:09:03.781+0000] {base.py:73} INFO - Using connection ID 'postgres_con' for task execution.
[2023-09-19T12:09:03.880+0000] {base.py:73} INFO - Using connection ID 'postgres_con' for task execution.
[2023-09-19T12:09:03.970+0000] {base.py:73} INFO - Using connection ID 'postgres_con' for task execution.
[2023-09-19T12:09:04.060+0000] {base.py:73} INFO - Using connection ID 'postgres_con' for task execution.
[2023-09-19T12:09:04.148+0000] {base.py:73} INFO - Using connection ID 'postgres_con' for task execution.
[2023-09-19T12:09:04.241+0000] {base.py:73} INFO - Using connection ID 'postgres_con' for task execution.
[2023-09-19T12:09:04.334+0000] {base.py:73} INFO - Using connection ID 'postgres_con' for task execution.
[2023-09-19T12:09:04.414+0000] {base.py:73} INFO - Using connection ID 'postgres_con' for task execution.
[2023-09-19T12:09:04.500+0000] {base.py:73} INFO - Using connection ID 'postgres_con' for task execution.
[2023-09-19T12:09:04.589+0000] {base.py:73} INFO - Using connection ID 'postgres_con' for task execution.
[2023-09-19T12:09:04.680+0000] {base.py:73} INFO - Using connection ID 'postgres_con' for task execution.
[2023-09-19T12:09:04.769+0000] {base.py:73} INFO - Using connection ID 'postgres_con' for task execution.
[2023-09-19T12:09:04.857+0000] {base.py:73} INFO - Using connection ID 'postgres_con' for task execution.
[2023-09-19T12:09:04.950+0000] {base.py:73} INFO - Using connection ID 'postgres_con' for task execution.
[2023-09-19T12:09:05.030+0000] {base.py:73} INFO - Using connection ID 'postgres_con' for task execution.
[2023-09-19T12:09:05.113+0000] {base.py:73} INFO - Using connection ID 'postgres_con' for task execution.
[2023-09-19T12:09:05.201+0000] {base.py:73} INFO - Using connection ID 'postgres_con' for task execution.
[2023-09-19T12:09:05.291+0000] {base.py:73} INFO - Using connection ID 'postgres_con' for task execution.
[2023-09-19T12:09:05.381+0000] {base.py:73} INFO - Using connection ID 'postgres_con' for task execution.
[2023-09-19T12:09:05.461+0000] {base.py:73} INFO - Using connection ID 'postgres_con' for task execution.
[2023-09-19T12:09:05.538+0000] {base.py:73} INFO - Using connection ID 'postgres_con' for task execution.
[2023-09-19T12:09:05.613+0000] {base.py:73} INFO - Using connection ID 'postgres_con' for task execution.
[2023-09-19T12:09:05.690+0000] {base.py:73} INFO - Using connection ID 'postgres_con' for task execution.
[2023-09-19T12:09:05.765+0000] {base.py:73} INFO - Using connection ID 'postgres_con' for task execution.
[2023-09-19T12:09:05.843+0000] {base.py:73} INFO - Using connection ID 'postgres_con' for task execution.
[2023-09-19T12:09:05.921+0000] {base.py:73} INFO - Using connection ID 'postgres_con' for task execution.
[2023-09-19T12:09:05.995+0000] {base.py:73} INFO - Using connection ID 'postgres_con' for task execution.
[2023-09-19T12:09:06.065+0000] {base.py:73} INFO - Using connection ID 'postgres_con' for task execution.
[2023-09-19T12:09:06.136+0000] {base.py:73} INFO - Using connection ID 'postgres_con' for task execution.
[2023-09-19T12:09:06.206+0000] {base.py:73} INFO - Using connection ID 'postgres_con' for task execution.
[2023-09-19T12:09:06.278+0000] {base.py:73} INFO - Using connection ID 'postgres_con' for task execution.
[2023-09-19T12:09:06.349+0000] {base.py:73} INFO - Using connection ID 'postgres_con' for task execution.
[2023-09-19T12:09:06.426+0000] {base.py:73} INFO - Using connection ID 'postgres_con' for task execution.
[2023-09-19T12:09:06.497+0000] {base.py:73} INFO - Using connection ID 'postgres_con' for task execution.
[2023-09-19T12:09:06.568+0000] {base.py:73} INFO - Using connection ID 'postgres_con' for task execution.
[2023-09-19T12:09:06.639+0000] {base.py:73} INFO - Using connection ID 'postgres_con' for task execution.
[2023-09-19T12:09:06.710+0000] {base.py:73} INFO - Using connection ID 'postgres_con' for task execution.
[2023-09-19T12:09:06.782+0000] {base.py:73} INFO - Using connection ID 'postgres_con' for task execution.
[2023-09-19T12:09:06.853+0000] {base.py:73} INFO - Using connection ID 'postgres_con' for task execution.
[2023-09-19T12:09:06.926+0000] {base.py:73} INFO - Using connection ID 'postgres_con' for task execution.
[2023-09-19T12:09:06.996+0000] {base.py:73} INFO - Using connection ID 'postgres_con' for task execution.
[2023-09-19T12:09:07.067+0000] {base.py:73} INFO - Using connection ID 'postgres_con' for task execution.
[2023-09-19T12:09:07.138+0000] {base.py:73} INFO - Using connection ID 'postgres_con' for task execution.
[2023-09-19T12:09:07.209+0000] {base.py:73} INFO - Using connection ID 'postgres_con' for task execution.
[2023-09-19T12:09:07.282+0000] {base.py:73} INFO - Using connection ID 'postgres_con' for task execution.
[2023-09-19T12:09:07.353+0000] {base.py:73} INFO - Using connection ID 'postgres_con' for task execution.
[2023-09-19T12:09:07.424+0000] {base.py:73} INFO - Using connection ID 'postgres_con' for task execution.
[2023-09-19T12:09:07.501+0000] {base.py:73} INFO - Using connection ID 'postgres_con' for task execution.
[2023-09-19T12:09:07.573+0000] {base.py:73} INFO - Using connection ID 'postgres_con' for task execution.
[2023-09-19T12:09:07.643+0000] {base.py:73} INFO - Using connection ID 'postgres_con' for task execution.
[2023-09-19T12:09:07.715+0000] {base.py:73} INFO - Using connection ID 'postgres_con' for task execution.
[2023-09-19T12:09:07.785+0000] {base.py:73} INFO - Using connection ID 'postgres_con' for task execution.
[2023-09-19T12:09:07.855+0000] {base.py:73} INFO - Using connection ID 'postgres_con' for task execution.
[2023-09-19T12:09:07.941+0000] {base.py:73} INFO - Using connection ID 'postgres_con' for task execution.
[2023-09-19T12:09:08.011+0000] {base.py:73} INFO - Using connection ID 'postgres_con' for task execution.
[2023-09-19T12:09:08.082+0000] {base.py:73} INFO - Using connection ID 'postgres_con' for task execution.
[2023-09-19T12:09:08.154+0000] {base.py:73} INFO - Using connection ID 'postgres_con' for task execution.
[2023-09-19T12:09:08.226+0000] {base.py:73} INFO - Using connection ID 'postgres_con' for task execution.
[2023-09-19T12:09:08.297+0000] {base.py:73} INFO - Using connection ID 'postgres_con' for task execution.
[2023-09-19T12:09:08.367+0000] {base.py:73} INFO - Using connection ID 'postgres_con' for task execution.
[2023-09-19T12:09:08.438+0000] {base.py:73} INFO - Using connection ID 'postgres_con' for task execution.
[2023-09-19T12:09:08.515+0000] {base.py:73} INFO - Using connection ID 'postgres_con' for task execution.
[2023-09-19T12:09:08.586+0000] {base.py:73} INFO - Using connection ID 'postgres_con' for task execution.
[2023-09-19T12:09:08.657+0000] {base.py:73} INFO - Using connection ID 'postgres_con' for task execution.
[2023-09-19T12:09:08.728+0000] {base.py:73} INFO - Using connection ID 'postgres_con' for task execution.
[2023-09-19T12:09:08.799+0000] {base.py:73} INFO - Using connection ID 'postgres_con' for task execution.
[2023-09-19T12:09:08.870+0000] {base.py:73} INFO - Using connection ID 'postgres_con' for task execution.
[2023-09-19T12:09:08.942+0000] {base.py:73} INFO - Using connection ID 'postgres_con' for task execution.
[2023-09-19T12:09:09.014+0000] {base.py:73} INFO - Using connection ID 'postgres_con' for task execution.
[2023-09-19T12:09:09.086+0000] {base.py:73} INFO - Using connection ID 'postgres_con' for task execution.
[2023-09-19T12:09:09.158+0000] {base.py:73} INFO - Using connection ID 'postgres_con' for task execution.
[2023-09-19T12:09:09.230+0000] {base.py:73} INFO - Using connection ID 'postgres_con' for task execution.
[2023-09-19T12:09:09.301+0000] {base.py:73} INFO - Using connection ID 'postgres_con' for task execution.
[2023-09-19T12:09:09.378+0000] {base.py:73} INFO - Using connection ID 'postgres_con' for task execution.
[2023-09-19T12:09:09.448+0000] {base.py:73} INFO - Using connection ID 'postgres_con' for task execution.
[2023-09-19T12:09:09.519+0000] {base.py:73} INFO - Using connection ID 'postgres_con' for task execution.
[2023-09-19T12:09:09.590+0000] {base.py:73} INFO - Using connection ID 'postgres_con' for task execution.
[2023-09-19T12:09:09.661+0000] {base.py:73} INFO - Using connection ID 'postgres_con' for task execution.
[2023-09-19T12:09:09.731+0000] {base.py:73} INFO - Using connection ID 'postgres_con' for task execution.
[2023-09-19T12:09:09.803+0000] {base.py:73} INFO - Using connection ID 'postgres_con' for task execution.
[2023-09-19T12:09:09.875+0000] {base.py:73} INFO - Using connection ID 'postgres_con' for task execution.
[2023-09-19T12:09:09.946+0000] {base.py:73} INFO - Using connection ID 'postgres_con' for task execution.
[2023-09-19T12:09:10.020+0000] {base.py:73} INFO - Using connection ID 'postgres_con' for task execution.
[2023-09-19T12:09:10.091+0000] {base.py:73} INFO - Using connection ID 'postgres_con' for task execution.
[2023-09-19T12:09:10.162+0000] {base.py:73} INFO - Using connection ID 'postgres_con' for task execution.
[2023-09-19T12:09:10.233+0000] {base.py:73} INFO - Using connection ID 'postgres_con' for task execution.
[2023-09-19T12:09:10.304+0000] {base.py:73} INFO - Using connection ID 'postgres_con' for task execution.
[2023-09-19T12:09:10.378+0000] {base.py:73} INFO - Using connection ID 'postgres_con' for task execution.
[2023-09-19T12:09:10.455+0000] {base.py:73} INFO - Using connection ID 'postgres_con' for task execution.
[2023-09-19T12:09:10.526+0000] {base.py:73} INFO - Using connection ID 'postgres_con' for task execution.
[2023-09-19T12:09:10.596+0000] {base.py:73} INFO - Using connection ID 'postgres_con' for task execution.
[2023-09-19T12:09:10.668+0000] {base.py:73} INFO - Using connection ID 'postgres_con' for task execution.
[2023-09-19T12:09:10.738+0000] {base.py:73} INFO - Using connection ID 'postgres_con' for task execution.
[2023-09-19T12:09:10.809+0000] {base.py:73} INFO - Using connection ID 'postgres_con' for task execution.
[2023-09-19T12:09:10.880+0000] {base.py:73} INFO - Using connection ID 'postgres_con' for task execution.
[2023-09-19T12:09:10.951+0000] {base.py:73} INFO - Using connection ID 'postgres_con' for task execution.
[2023-09-19T12:09:11.024+0000] {base.py:73} INFO - Using connection ID 'postgres_con' for task execution.
[2023-09-19T12:09:11.094+0000] {base.py:73} INFO - Using connection ID 'postgres_con' for task execution.
[2023-09-19T12:09:11.165+0000] {base.py:73} INFO - Using connection ID 'postgres_con' for task execution.
[2023-09-19T12:09:11.236+0000] {base.py:73} INFO - Using connection ID 'postgres_con' for task execution.
[2023-09-19T12:09:11.307+0000] {base.py:73} INFO - Using connection ID 'postgres_con' for task execution.
[2023-09-19T12:09:11.377+0000] {base.py:73} INFO - Using connection ID 'postgres_con' for task execution.
[2023-09-19T12:09:11.450+0000] {base.py:73} INFO - Using connection ID 'postgres_con' for task execution.
[2023-09-19T12:09:11.525+0000] {base.py:73} INFO - Using connection ID 'postgres_con' for task execution.
[2023-09-19T12:09:11.596+0000] {base.py:73} INFO - Using connection ID 'postgres_con' for task execution.
[2023-09-19T12:09:11.668+0000] {base.py:73} INFO - Using connection ID 'postgres_con' for task execution.
[2023-09-19T12:09:11.739+0000] {base.py:73} INFO - Using connection ID 'postgres_con' for task execution.
[2023-09-19T12:09:11.810+0000] {base.py:73} INFO - Using connection ID 'postgres_con' for task execution.
[2023-09-19T12:09:11.881+0000] {base.py:73} INFO - Using connection ID 'postgres_con' for task execution.
[2023-09-19T12:09:11.953+0000] {base.py:73} INFO - Using connection ID 'postgres_con' for task execution.
[2023-09-19T12:09:12.026+0000] {base.py:73} INFO - Using connection ID 'postgres_con' for task execution.
[2023-09-19T12:09:12.097+0000] {base.py:73} INFO - Using connection ID 'postgres_con' for task execution.
[2023-09-19T12:09:12.168+0000] {base.py:73} INFO - Using connection ID 'postgres_con' for task execution.
[2023-09-19T12:09:12.238+0000] {base.py:73} INFO - Using connection ID 'postgres_con' for task execution.
[2023-09-19T12:09:12.309+0000] {base.py:73} INFO - Using connection ID 'postgres_con' for task execution.
[2023-09-19T12:09:12.380+0000] {base.py:73} INFO - Using connection ID 'postgres_con' for task execution.
[2023-09-19T12:09:12.450+0000] {base.py:73} INFO - Using connection ID 'postgres_con' for task execution.
[2023-09-19T12:09:12.523+0000] {base.py:73} INFO - Using connection ID 'postgres_con' for task execution.
[2023-09-19T12:09:12.597+0000] {base.py:73} INFO - Using connection ID 'postgres_con' for task execution.
[2023-09-19T12:09:12.669+0000] {base.py:73} INFO - Using connection ID 'postgres_con' for task execution.
[2023-09-19T12:09:12.739+0000] {base.py:73} INFO - Using connection ID 'postgres_con' for task execution.
[2023-09-19T12:09:12.810+0000] {base.py:73} INFO - Using connection ID 'postgres_con' for task execution.
[2023-09-19T12:09:12.881+0000] {base.py:73} INFO - Using connection ID 'postgres_con' for task execution.
[2023-09-19T12:09:12.951+0000] {base.py:73} INFO - Using connection ID 'postgres_con' for task execution.
[2023-09-19T12:09:13.025+0000] {base.py:73} INFO - Using connection ID 'postgres_con' for task execution.
[2023-09-19T12:09:13.096+0000] {base.py:73} INFO - Using connection ID 'postgres_con' for task execution.
[2023-09-19T12:09:13.166+0000] {base.py:73} INFO - Using connection ID 'postgres_con' for task execution.
[2023-09-19T12:09:13.241+0000] {base.py:73} INFO - Using connection ID 'postgres_con' for task execution.
[2023-09-19T12:09:13.337+0000] {base.py:73} INFO - Using connection ID 'postgres_con' for task execution.
[2023-09-19T12:09:13.411+0000] {base.py:73} INFO - Using connection ID 'postgres_con' for task execution.
[2023-09-19T12:09:13.482+0000] {base.py:73} INFO - Using connection ID 'postgres_con' for task execution.
[2023-09-19T12:09:13.552+0000] {base.py:73} INFO - Using connection ID 'postgres_con' for task execution.
[2023-09-19T12:09:13.623+0000] {base.py:73} INFO - Using connection ID 'postgres_con' for task execution.
[2023-09-19T12:09:13.694+0000] {base.py:73} INFO - Using connection ID 'postgres_con' for task execution.
[2023-09-19T12:09:13.764+0000] {base.py:73} INFO - Using connection ID 'postgres_con' for task execution.
[2023-09-19T12:09:13.834+0000] {base.py:73} INFO - Using connection ID 'postgres_con' for task execution.
[2023-09-19T12:09:13.921+0000] {base.py:73} INFO - Using connection ID 'postgres_con' for task execution.
[2023-09-19T12:09:14.000+0000] {base.py:73} INFO - Using connection ID 'postgres_con' for task execution.
[2023-09-19T12:09:14.079+0000] {base.py:73} INFO - Using connection ID 'postgres_con' for task execution.
[2023-09-19T12:09:14.150+0000] {base.py:73} INFO - Using connection ID 'postgres_con' for task execution.
[2023-09-19T12:09:14.221+0000] {base.py:73} INFO - Using connection ID 'postgres_con' for task execution.
[2023-09-19T12:09:14.291+0000] {base.py:73} INFO - Using connection ID 'postgres_con' for task execution.
[2023-09-19T12:09:14.368+0000] {base.py:73} INFO - Using connection ID 'postgres_con' for task execution.
[2023-09-19T12:09:14.446+0000] {base.py:73} INFO - Using connection ID 'postgres_con' for task execution.
[2023-09-19T12:09:14.518+0000] {base.py:73} INFO - Using connection ID 'postgres_con' for task execution.
[2023-09-19T12:09:14.588+0000] {base.py:73} INFO - Using connection ID 'postgres_con' for task execution.
[2023-09-19T12:09:14.659+0000] {base.py:73} INFO - Using connection ID 'postgres_con' for task execution.
[2023-09-19T12:09:14.730+0000] {base.py:73} INFO - Using connection ID 'postgres_con' for task execution.
[2023-09-19T12:09:14.801+0000] {base.py:73} INFO - Using connection ID 'postgres_con' for task execution.
[2023-09-19T12:09:14.872+0000] {base.py:73} INFO - Using connection ID 'postgres_con' for task execution.
[2023-09-19T12:09:14.943+0000] {base.py:73} INFO - Using connection ID 'postgres_con' for task execution.
[2023-09-19T12:09:15.013+0000] {base.py:73} INFO - Using connection ID 'postgres_con' for task execution.
[2023-09-19T12:09:15.088+0000] {base.py:73} INFO - Using connection ID 'postgres_con' for task execution.
[2023-09-19T12:09:15.159+0000] {base.py:73} INFO - Using connection ID 'postgres_con' for task execution.
[2023-09-19T12:09:15.230+0000] {base.py:73} INFO - Using connection ID 'postgres_con' for task execution.
[2023-09-19T12:09:15.301+0000] {base.py:73} INFO - Using connection ID 'postgres_con' for task execution.
[2023-09-19T12:09:15.372+0000] {base.py:73} INFO - Using connection ID 'postgres_con' for task execution.
[2023-09-19T12:09:15.445+0000] {base.py:73} INFO - Using connection ID 'postgres_con' for task execution.
[2023-09-19T12:09:15.521+0000] {base.py:73} INFO - Using connection ID 'postgres_con' for task execution.
[2023-09-19T12:09:15.592+0000] {base.py:73} INFO - Using connection ID 'postgres_con' for task execution.
[2023-09-19T12:09:15.662+0000] {base.py:73} INFO - Using connection ID 'postgres_con' for task execution.
[2023-09-19T12:09:15.733+0000] {base.py:73} INFO - Using connection ID 'postgres_con' for task execution.
[2023-09-19T12:09:15.805+0000] {base.py:73} INFO - Using connection ID 'postgres_con' for task execution.
[2023-09-19T12:09:15.876+0000] {base.py:73} INFO - Using connection ID 'postgres_con' for task execution.
[2023-09-19T12:09:15.948+0000] {base.py:73} INFO - Using connection ID 'postgres_con' for task execution.
[2023-09-19T12:09:16.018+0000] {base.py:73} INFO - Using connection ID 'postgres_con' for task execution.
[2023-09-19T12:09:16.091+0000] {base.py:73} INFO - Using connection ID 'postgres_con' for task execution.
[2023-09-19T12:09:16.162+0000] {base.py:73} INFO - Using connection ID 'postgres_con' for task execution.
[2023-09-19T12:09:16.233+0000] {base.py:73} INFO - Using connection ID 'postgres_con' for task execution.
[2023-09-19T12:09:16.303+0000] {base.py:73} INFO - Using connection ID 'postgres_con' for task execution.
[2023-09-19T12:09:16.389+0000] {base.py:73} INFO - Using connection ID 'postgres_con' for task execution.
[2023-09-19T12:09:16.464+0000] {base.py:73} INFO - Using connection ID 'postgres_con' for task execution.
[2023-09-19T12:09:16.546+0000] {base.py:73} INFO - Using connection ID 'postgres_con' for task execution.
[2023-09-19T12:09:16.712+0000] {base.py:73} INFO - Using connection ID 'postgres_con' for task execution.
[2023-09-19T12:09:16.783+0000] {base.py:73} INFO - Using connection ID 'postgres_con' for task execution.
[2023-09-19T12:09:16.854+0000] {base.py:73} INFO - Using connection ID 'postgres_con' for task execution.
[2023-09-19T12:09:16.926+0000] {base.py:73} INFO - Using connection ID 'postgres_con' for task execution.
[2023-09-19T12:09:16.997+0000] {base.py:73} INFO - Using connection ID 'postgres_con' for task execution.
[2023-09-19T12:09:17.067+0000] {base.py:73} INFO - Using connection ID 'postgres_con' for task execution.
[2023-09-19T12:09:17.140+0000] {base.py:73} INFO - Using connection ID 'postgres_con' for task execution.
[2023-09-19T12:09:17.210+0000] {base.py:73} INFO - Using connection ID 'postgres_con' for task execution.
[2023-09-19T12:09:17.281+0000] {base.py:73} INFO - Using connection ID 'postgres_con' for task execution.
[2023-09-19T12:09:17.354+0000] {base.py:73} INFO - Using connection ID 'postgres_con' for task execution.
[2023-09-19T12:09:17.426+0000] {base.py:73} INFO - Using connection ID 'postgres_con' for task execution.
[2023-09-19T12:09:17.498+0000] {base.py:73} INFO - Using connection ID 'postgres_con' for task execution.
[2023-09-19T12:09:17.569+0000] {base.py:73} INFO - Using connection ID 'postgres_con' for task execution.
[2023-09-19T12:09:17.640+0000] {base.py:73} INFO - Using connection ID 'postgres_con' for task execution.
[2023-09-19T12:09:17.716+0000] {base.py:73} INFO - Using connection ID 'postgres_con' for task execution.
[2023-09-19T12:09:17.787+0000] {base.py:73} INFO - Using connection ID 'postgres_con' for task execution.
[2023-09-19T12:09:17.858+0000] {base.py:73} INFO - Using connection ID 'postgres_con' for task execution.
[2023-09-19T12:09:17.930+0000] {base.py:73} INFO - Using connection ID 'postgres_con' for task execution.
[2023-09-19T12:09:18.000+0000] {base.py:73} INFO - Using connection ID 'postgres_con' for task execution.
[2023-09-19T12:09:18.070+0000] {base.py:73} INFO - Using connection ID 'postgres_con' for task execution.
[2023-09-19T12:09:18.143+0000] {base.py:73} INFO - Using connection ID 'postgres_con' for task execution.
[2023-09-19T12:09:18.214+0000] {base.py:73} INFO - Using connection ID 'postgres_con' for task execution.
[2023-09-19T12:09:18.285+0000] {base.py:73} INFO - Using connection ID 'postgres_con' for task execution.
[2023-09-19T12:09:18.356+0000] {base.py:73} INFO - Using connection ID 'postgres_con' for task execution.
[2023-09-19T12:09:18.427+0000] {base.py:73} INFO - Using connection ID 'postgres_con' for task execution.
[2023-09-19T12:09:18.499+0000] {base.py:73} INFO - Using connection ID 'postgres_con' for task execution.
[2023-09-19T12:09:18.576+0000] {base.py:73} INFO - Using connection ID 'postgres_con' for task execution.
[2023-09-19T12:09:18.647+0000] {base.py:73} INFO - Using connection ID 'postgres_con' for task execution.
[2023-09-19T12:09:18.718+0000] {base.py:73} INFO - Using connection ID 'postgres_con' for task execution.
[2023-09-19T12:09:18.790+0000] {base.py:73} INFO - Using connection ID 'postgres_con' for task execution.
[2023-09-19T12:09:18.861+0000] {base.py:73} INFO - Using connection ID 'postgres_con' for task execution.
[2023-09-19T12:09:18.932+0000] {base.py:73} INFO - Using connection ID 'postgres_con' for task execution.
[2023-09-19T12:09:19.002+0000] {base.py:73} INFO - Using connection ID 'postgres_con' for task execution.
[2023-09-19T12:09:19.073+0000] {base.py:73} INFO - Using connection ID 'postgres_con' for task execution.
[2023-09-19T12:09:19.147+0000] {base.py:73} INFO - Using connection ID 'postgres_con' for task execution.
[2023-09-19T12:09:19.217+0000] {base.py:73} INFO - Using connection ID 'postgres_con' for task execution.
[2023-09-19T12:09:19.288+0000] {base.py:73} INFO - Using connection ID 'postgres_con' for task execution.
[2023-09-19T12:09:19.360+0000] {base.py:73} INFO - Using connection ID 'postgres_con' for task execution.
[2023-09-19T12:09:19.431+0000] {base.py:73} INFO - Using connection ID 'postgres_con' for task execution.
[2023-09-19T12:09:19.509+0000] {base.py:73} INFO - Using connection ID 'postgres_con' for task execution.
[2023-09-19T12:09:19.580+0000] {base.py:73} INFO - Using connection ID 'postgres_con' for task execution.
[2023-09-19T12:09:19.650+0000] {base.py:73} INFO - Using connection ID 'postgres_con' for task execution.
[2023-09-19T12:09:19.721+0000] {base.py:73} INFO - Using connection ID 'postgres_con' for task execution.
[2023-09-19T12:09:19.791+0000] {base.py:73} INFO - Using connection ID 'postgres_con' for task execution.
[2023-09-19T12:09:19.885+0000] {base.py:73} INFO - Using connection ID 'postgres_con' for task execution.
[2023-09-19T12:09:19.959+0000] {base.py:73} INFO - Using connection ID 'postgres_con' for task execution.
[2023-09-19T12:09:20.030+0000] {base.py:73} INFO - Using connection ID 'postgres_con' for task execution.
[2023-09-19T12:09:20.102+0000] {base.py:73} INFO - Using connection ID 'postgres_con' for task execution.
[2023-09-19T12:09:20.174+0000] {base.py:73} INFO - Using connection ID 'postgres_con' for task execution.
[2023-09-19T12:09:20.245+0000] {base.py:73} INFO - Using connection ID 'postgres_con' for task execution.
[2023-09-19T12:09:20.315+0000] {base.py:73} INFO - Using connection ID 'postgres_con' for task execution.
[2023-09-19T12:09:20.386+0000] {base.py:73} INFO - Using connection ID 'postgres_con' for task execution.
[2023-09-19T12:09:20.458+0000] {base.py:73} INFO - Using connection ID 'postgres_con' for task execution.
[2023-09-19T12:09:20.533+0000] {base.py:73} INFO - Using connection ID 'postgres_con' for task execution.
[2023-09-19T12:09:20.608+0000] {base.py:73} INFO - Using connection ID 'postgres_con' for task execution.
[2023-09-19T12:09:20.679+0000] {base.py:73} INFO - Using connection ID 'postgres_con' for task execution.
[2023-09-19T12:09:20.749+0000] {base.py:73} INFO - Using connection ID 'postgres_con' for task execution.
[2023-09-19T12:09:20.820+0000] {base.py:73} INFO - Using connection ID 'postgres_con' for task execution.
[2023-09-19T12:09:20.890+0000] {base.py:73} INFO - Using connection ID 'postgres_con' for task execution.
[2023-09-19T12:09:20.962+0000] {base.py:73} INFO - Using connection ID 'postgres_con' for task execution.
[2023-09-19T12:09:21.033+0000] {base.py:73} INFO - Using connection ID 'postgres_con' for task execution.
[2023-09-19T12:09:21.103+0000] {base.py:73} INFO - Using connection ID 'postgres_con' for task execution.
[2023-09-19T12:09:21.176+0000] {base.py:73} INFO - Using connection ID 'postgres_con' for task execution.
[2023-09-19T12:09:21.247+0000] {base.py:73} INFO - Using connection ID 'postgres_con' for task execution.
[2023-09-19T12:09:21.318+0000] {base.py:73} INFO - Using connection ID 'postgres_con' for task execution.
[2023-09-19T12:09:21.390+0000] {base.py:73} INFO - Using connection ID 'postgres_con' for task execution.
[2023-09-19T12:09:21.460+0000] {base.py:73} INFO - Using connection ID 'postgres_con' for task execution.
[2023-09-19T12:09:21.532+0000] {base.py:73} INFO - Using connection ID 'postgres_con' for task execution.
[2023-09-19T12:09:21.607+0000] {base.py:73} INFO - Using connection ID 'postgres_con' for task execution.
[2023-09-19T12:09:21.681+0000] {base.py:73} INFO - Using connection ID 'postgres_con' for task execution.
[2023-09-19T12:09:21.754+0000] {base.py:73} INFO - Using connection ID 'postgres_con' for task execution.
[2023-09-19T12:09:21.825+0000] {base.py:73} INFO - Using connection ID 'postgres_con' for task execution.
[2023-09-19T12:09:21.896+0000] {base.py:73} INFO - Using connection ID 'postgres_con' for task execution.
[2023-09-19T12:09:21.967+0000] {base.py:73} INFO - Using connection ID 'postgres_con' for task execution.
[2023-09-19T12:10:35.416+0000] {base.py:73} INFO - Using connection ID 'postgres_con' for task execution.
[2023-09-19T12:10:35.424+0000] {warnings.py:109} WARNING - /home/***/.local/lib/python3.8/site-packages/***/providers/common/sql/hooks/sql.py:219: UserWarning: pandas only supports SQLAlchemy connectable (engine/connection) or database string URI or sqlite3 DBAPI2 connection. Other DBAPI2 objects are not tested. Please consider using SQLAlchemy.
  return psql.read_sql(sql, con=conn, params=parameters, **kwargs)

[2023-09-19T12:10:35.449+0000] {base.py:73} INFO - Using connection ID 'postgres_con' for task execution.
[2023-09-19T12:10:35.456+0000] {warnings.py:109} WARNING - /home/***/.local/lib/python3.8/site-packages/***/providers/common/sql/hooks/sql.py:219: UserWarning: pandas only supports SQLAlchemy connectable (engine/connection) or database string URI or sqlite3 DBAPI2 connection. Other DBAPI2 objects are not tested. Please consider using SQLAlchemy.
  return psql.read_sql(sql, con=conn, params=parameters, **kwargs)

[2023-09-19T12:10:35.464+0000] {python.py:194} INFO - Done. Returned value was:        id_vac  ... column_not_exist_in_db
0    86881949  ...                  92297
1    86881949  ...                  92298
2    86881949  ...                  92299
3    86881949  ...                  92300
4    86881949  ...                  92301
..        ...  ...                    ...
104  86889476  ...                  92401
105  86889476  ...                  92402
106  86889476  ...                  92403
107  86889476  ...                  92404
108  86889476  ...                  92405

[109 rows x 17 columns]
[2023-09-19T12:10:35.546+0000] {taskinstance.py:1400} INFO - Marking task as SUCCESS. dag_id=dag_parser, task_id=transform, execution_date=20230919T120807, start_date=20230919T120834, end_date=20230919T121035
[2023-09-19T12:10:35.591+0000] {local_task_job_runner.py:228} INFO - Task exited with return code 0
[2023-09-19T12:10:35.620+0000] {taskinstance.py:2784} INFO - 1 downstream tasks scheduled from follow-on schedule check
