[2023-09-03T04:00:20.055+0000] {taskinstance.py:1159} INFO - Dependencies all met for dep_context=non-requeueable deps ti=<TaskInstance: dag_parser.transform scheduled__2023-09-02T04:00:00+00:00 [queued]>
[2023-09-03T04:00:20.062+0000] {taskinstance.py:1159} INFO - Dependencies all met for dep_context=requeueable deps ti=<TaskInstance: dag_parser.transform scheduled__2023-09-02T04:00:00+00:00 [queued]>
[2023-09-03T04:00:20.064+0000] {taskinstance.py:1361} INFO - Starting attempt 1 of 3
[2023-09-03T04:00:20.074+0000] {taskinstance.py:1382} INFO - Executing <Task(_PythonDecoratedOperator): transform> on 2023-09-02 04:00:00+00:00
[2023-09-03T04:00:20.083+0000] {standard_task_runner.py:57} INFO - Started process 188 to run task
[2023-09-03T04:00:20.087+0000] {standard_task_runner.py:84} INFO - Running: ['***', 'tasks', 'run', 'dag_parser', 'transform', 'scheduled__2023-09-02T04:00:00+00:00', '--job-id', '112', '--raw', '--subdir', 'DAGS_FOLDER/dag_parser.py', '--cfg-path', '/tmp/tmpngnyb50e']
[2023-09-03T04:00:20.089+0000] {standard_task_runner.py:85} INFO - Job 112: Subtask transform
[2023-09-03T04:00:20.141+0000] {task_command.py:415} INFO - Running <TaskInstance: dag_parser.transform scheduled__2023-09-02T04:00:00+00:00 [running]> on host 28889f1c9ddb
[2023-09-03T04:00:20.337+0000] {taskinstance.py:1660} INFO - Exporting env vars: AIRFLOW_CTX_DAG_OWNER='oleg' AIRFLOW_CTX_DAG_ID='dag_parser' AIRFLOW_CTX_TASK_ID='transform' AIRFLOW_CTX_EXECUTION_DATE='2023-09-02T04:00:00+00:00' AIRFLOW_CTX_TRY_NUMBER='1' AIRFLOW_CTX_DAG_RUN_ID='scheduled__2023-09-02T04:00:00+00:00'
[2023-09-03T04:00:20.535+0000] {base.py:73} INFO - Using connection ID 'postgres_con' for task execution.
[2023-09-03T04:00:20.554+0000] {warnings.py:109} WARNING - /home/***/.local/lib/python3.8/site-packages/***/providers/common/sql/hooks/sql.py:219: UserWarning: pandas only supports SQLAlchemy connectable (engine/connection) or database string URI or sqlite3 DBAPI2 connection. Other DBAPI2 objects are not tested. Please consider using SQLAlchemy.
  return psql.read_sql(sql, con=conn, params=parameters, **kwargs)

[2023-09-03T04:00:21.069+0000] {base.py:73} INFO - Using connection ID 'postgres_con' for task execution.
[2023-09-03T04:00:21.119+0000] {base.py:73} INFO - Using connection ID 'postgres_con' for task execution.
[2023-09-03T04:00:21.167+0000] {base.py:73} INFO - Using connection ID 'postgres_con' for task execution.
[2023-09-03T04:00:21.210+0000] {base.py:73} INFO - Using connection ID 'postgres_con' for task execution.
[2023-09-03T04:00:21.258+0000] {base.py:73} INFO - Using connection ID 'postgres_con' for task execution.
[2023-09-03T04:00:21.305+0000] {base.py:73} INFO - Using connection ID 'postgres_con' for task execution.
[2023-09-03T04:00:21.348+0000] {base.py:73} INFO - Using connection ID 'postgres_con' for task execution.
[2023-09-03T04:00:21.394+0000] {base.py:73} INFO - Using connection ID 'postgres_con' for task execution.
[2023-09-03T04:00:21.446+0000] {base.py:73} INFO - Using connection ID 'postgres_con' for task execution.
[2023-09-03T04:00:21.498+0000] {base.py:73} INFO - Using connection ID 'postgres_con' for task execution.
[2023-09-03T04:00:21.543+0000] {base.py:73} INFO - Using connection ID 'postgres_con' for task execution.
[2023-09-03T04:00:21.589+0000] {base.py:73} INFO - Using connection ID 'postgres_con' for task execution.
[2023-09-03T04:00:21.631+0000] {base.py:73} INFO - Using connection ID 'postgres_con' for task execution.
[2023-09-03T04:00:21.684+0000] {base.py:73} INFO - Using connection ID 'postgres_con' for task execution.
[2023-09-03T04:00:21.750+0000] {base.py:73} INFO - Using connection ID 'postgres_con' for task execution.
[2023-09-03T04:00:21.822+0000] {base.py:73} INFO - Using connection ID 'postgres_con' for task execution.
[2023-09-03T04:00:21.870+0000] {base.py:73} INFO - Using connection ID 'postgres_con' for task execution.
[2023-09-03T04:00:21.915+0000] {base.py:73} INFO - Using connection ID 'postgres_con' for task execution.
[2023-09-03T04:00:21.959+0000] {base.py:73} INFO - Using connection ID 'postgres_con' for task execution.
[2023-09-03T04:00:22.003+0000] {base.py:73} INFO - Using connection ID 'postgres_con' for task execution.
[2023-09-03T04:00:22.055+0000] {base.py:73} INFO - Using connection ID 'postgres_con' for task execution.
[2023-09-03T04:00:22.100+0000] {base.py:73} INFO - Using connection ID 'postgres_con' for task execution.
[2023-09-03T04:00:22.145+0000] {base.py:73} INFO - Using connection ID 'postgres_con' for task execution.
[2023-09-03T04:00:22.191+0000] {base.py:73} INFO - Using connection ID 'postgres_con' for task execution.
[2023-09-03T04:00:22.238+0000] {base.py:73} INFO - Using connection ID 'postgres_con' for task execution.
[2023-09-03T04:00:22.282+0000] {base.py:73} INFO - Using connection ID 'postgres_con' for task execution.
[2023-09-03T04:00:22.335+0000] {base.py:73} INFO - Using connection ID 'postgres_con' for task execution.
[2023-09-03T04:00:22.406+0000] {base.py:73} INFO - Using connection ID 'postgres_con' for task execution.
[2023-09-03T04:00:22.484+0000] {base.py:73} INFO - Using connection ID 'postgres_con' for task execution.
[2023-09-03T04:00:22.567+0000] {base.py:73} INFO - Using connection ID 'postgres_con' for task execution.
[2023-09-03T04:00:22.638+0000] {base.py:73} INFO - Using connection ID 'postgres_con' for task execution.
[2023-09-03T04:00:22.696+0000] {base.py:73} INFO - Using connection ID 'postgres_con' for task execution.
[2023-09-03T04:00:22.752+0000] {base.py:73} INFO - Using connection ID 'postgres_con' for task execution.
[2023-09-03T04:00:22.802+0000] {base.py:73} INFO - Using connection ID 'postgres_con' for task execution.
[2023-09-03T04:00:22.906+0000] {base.py:73} INFO - Using connection ID 'postgres_con' for task execution.
[2023-09-03T04:00:22.961+0000] {base.py:73} INFO - Using connection ID 'postgres_con' for task execution.
[2023-09-03T04:00:23.026+0000] {base.py:73} INFO - Using connection ID 'postgres_con' for task execution.
[2023-09-03T04:00:23.075+0000] {base.py:73} INFO - Using connection ID 'postgres_con' for task execution.
[2023-09-03T04:00:23.121+0000] {base.py:73} INFO - Using connection ID 'postgres_con' for task execution.
[2023-09-03T04:00:23.167+0000] {base.py:73} INFO - Using connection ID 'postgres_con' for task execution.
[2023-09-03T04:00:23.213+0000] {base.py:73} INFO - Using connection ID 'postgres_con' for task execution.
[2023-09-03T04:00:23.259+0000] {base.py:73} INFO - Using connection ID 'postgres_con' for task execution.
[2023-09-03T04:00:23.305+0000] {base.py:73} INFO - Using connection ID 'postgres_con' for task execution.
[2023-09-03T04:00:23.352+0000] {base.py:73} INFO - Using connection ID 'postgres_con' for task execution.
[2023-09-03T04:00:23.397+0000] {base.py:73} INFO - Using connection ID 'postgres_con' for task execution.
[2023-09-03T04:00:23.443+0000] {base.py:73} INFO - Using connection ID 'postgres_con' for task execution.
[2023-09-03T04:00:23.490+0000] {base.py:73} INFO - Using connection ID 'postgres_con' for task execution.
[2023-09-03T04:00:23.537+0000] {base.py:73} INFO - Using connection ID 'postgres_con' for task execution.
[2023-09-03T04:00:23.582+0000] {base.py:73} INFO - Using connection ID 'postgres_con' for task execution.
[2023-09-03T04:00:23.634+0000] {base.py:73} INFO - Using connection ID 'postgres_con' for task execution.
[2023-09-03T04:00:23.688+0000] {base.py:73} INFO - Using connection ID 'postgres_con' for task execution.
[2023-09-03T04:00:23.736+0000] {base.py:73} INFO - Using connection ID 'postgres_con' for task execution.
[2023-09-03T04:00:23.780+0000] {base.py:73} INFO - Using connection ID 'postgres_con' for task execution.
[2023-09-03T04:00:23.828+0000] {base.py:73} INFO - Using connection ID 'postgres_con' for task execution.
[2023-09-03T04:00:23.872+0000] {base.py:73} INFO - Using connection ID 'postgres_con' for task execution.
[2023-09-03T04:00:23.934+0000] {base.py:73} INFO - Using connection ID 'postgres_con' for task execution.
[2023-09-03T04:00:23.980+0000] {base.py:73} INFO - Using connection ID 'postgres_con' for task execution.
[2023-09-03T04:00:24.026+0000] {base.py:73} INFO - Using connection ID 'postgres_con' for task execution.
[2023-09-03T04:00:24.073+0000] {base.py:73} INFO - Using connection ID 'postgres_con' for task execution.
[2023-09-03T04:00:24.118+0000] {base.py:73} INFO - Using connection ID 'postgres_con' for task execution.
[2023-09-03T04:00:24.164+0000] {base.py:73} INFO - Using connection ID 'postgres_con' for task execution.
[2023-09-03T04:00:24.210+0000] {base.py:73} INFO - Using connection ID 'postgres_con' for task execution.
[2023-09-03T04:00:24.260+0000] {base.py:73} INFO - Using connection ID 'postgres_con' for task execution.
[2023-09-03T04:00:24.307+0000] {base.py:73} INFO - Using connection ID 'postgres_con' for task execution.
[2023-09-03T04:00:24.355+0000] {base.py:73} INFO - Using connection ID 'postgres_con' for task execution.
[2023-09-03T04:00:24.403+0000] {base.py:73} INFO - Using connection ID 'postgres_con' for task execution.
[2023-09-03T04:00:24.453+0000] {base.py:73} INFO - Using connection ID 'postgres_con' for task execution.
[2023-09-03T04:00:24.507+0000] {base.py:73} INFO - Using connection ID 'postgres_con' for task execution.
[2023-09-03T04:00:24.590+0000] {base.py:73} INFO - Using connection ID 'postgres_con' for task execution.
[2023-09-03T04:00:24.641+0000] {base.py:73} INFO - Using connection ID 'postgres_con' for task execution.
[2023-09-03T04:00:24.691+0000] {base.py:73} INFO - Using connection ID 'postgres_con' for task execution.
[2023-09-03T04:00:24.736+0000] {base.py:73} INFO - Using connection ID 'postgres_con' for task execution.
[2023-09-03T04:00:24.783+0000] {base.py:73} INFO - Using connection ID 'postgres_con' for task execution.
[2023-09-03T04:00:24.829+0000] {base.py:73} INFO - Using connection ID 'postgres_con' for task execution.
[2023-09-03T04:00:24.875+0000] {base.py:73} INFO - Using connection ID 'postgres_con' for task execution.
[2023-09-03T04:00:24.927+0000] {base.py:73} INFO - Using connection ID 'postgres_con' for task execution.
[2023-09-03T04:00:24.973+0000] {base.py:73} INFO - Using connection ID 'postgres_con' for task execution.
[2023-09-03T04:00:25.022+0000] {base.py:73} INFO - Using connection ID 'postgres_con' for task execution.
[2023-09-03T04:00:25.073+0000] {base.py:73} INFO - Using connection ID 'postgres_con' for task execution.
[2023-09-03T04:00:25.123+0000] {base.py:73} INFO - Using connection ID 'postgres_con' for task execution.
[2023-09-03T04:00:25.180+0000] {base.py:73} INFO - Using connection ID 'postgres_con' for task execution.
[2023-09-03T04:00:25.228+0000] {base.py:73} INFO - Using connection ID 'postgres_con' for task execution.
[2023-09-03T04:00:25.289+0000] {base.py:73} INFO - Using connection ID 'postgres_con' for task execution.
[2023-09-03T04:00:25.341+0000] {base.py:73} INFO - Using connection ID 'postgres_con' for task execution.
[2023-09-03T04:00:25.389+0000] {base.py:73} INFO - Using connection ID 'postgres_con' for task execution.
[2023-09-03T04:00:25.437+0000] {base.py:73} INFO - Using connection ID 'postgres_con' for task execution.
[2023-09-03T04:00:25.486+0000] {base.py:73} INFO - Using connection ID 'postgres_con' for task execution.
[2023-09-03T04:00:25.533+0000] {base.py:73} INFO - Using connection ID 'postgres_con' for task execution.
[2023-09-03T04:00:25.581+0000] {base.py:73} INFO - Using connection ID 'postgres_con' for task execution.
[2023-09-03T04:00:25.630+0000] {base.py:73} INFO - Using connection ID 'postgres_con' for task execution.
[2023-09-03T04:00:25.678+0000] {base.py:73} INFO - Using connection ID 'postgres_con' for task execution.
[2023-09-03T04:00:25.729+0000] {base.py:73} INFO - Using connection ID 'postgres_con' for task execution.
[2023-09-03T04:00:25.774+0000] {base.py:73} INFO - Using connection ID 'postgres_con' for task execution.
[2023-09-03T04:00:25.824+0000] {base.py:73} INFO - Using connection ID 'postgres_con' for task execution.
[2023-09-03T04:00:25.872+0000] {base.py:73} INFO - Using connection ID 'postgres_con' for task execution.
[2023-09-03T04:00:25.921+0000] {base.py:73} INFO - Using connection ID 'postgres_con' for task execution.
[2023-09-03T04:00:25.968+0000] {base.py:73} INFO - Using connection ID 'postgres_con' for task execution.
[2023-09-03T04:00:26.016+0000] {base.py:73} INFO - Using connection ID 'postgres_con' for task execution.
[2023-09-03T04:00:26.063+0000] {base.py:73} INFO - Using connection ID 'postgres_con' for task execution.
[2023-09-03T04:00:26.113+0000] {base.py:73} INFO - Using connection ID 'postgres_con' for task execution.
[2023-09-03T04:00:26.159+0000] {base.py:73} INFO - Using connection ID 'postgres_con' for task execution.
[2023-09-03T04:00:26.207+0000] {base.py:73} INFO - Using connection ID 'postgres_con' for task execution.
[2023-09-03T04:00:26.255+0000] {base.py:73} INFO - Using connection ID 'postgres_con' for task execution.
[2023-09-03T04:00:26.308+0000] {base.py:73} INFO - Using connection ID 'postgres_con' for task execution.
[2023-09-03T04:00:26.355+0000] {base.py:73} INFO - Using connection ID 'postgres_con' for task execution.
[2023-09-03T04:00:26.403+0000] {base.py:73} INFO - Using connection ID 'postgres_con' for task execution.
[2023-09-03T04:00:26.448+0000] {base.py:73} INFO - Using connection ID 'postgres_con' for task execution.
[2023-09-03T04:00:26.497+0000] {base.py:73} INFO - Using connection ID 'postgres_con' for task execution.
[2023-09-03T04:00:26.546+0000] {base.py:73} INFO - Using connection ID 'postgres_con' for task execution.
[2023-09-03T04:00:26.594+0000] {base.py:73} INFO - Using connection ID 'postgres_con' for task execution.
[2023-09-03T04:00:26.642+0000] {base.py:73} INFO - Using connection ID 'postgres_con' for task execution.
[2023-09-03T04:00:26.692+0000] {base.py:73} INFO - Using connection ID 'postgres_con' for task execution.
[2023-09-03T04:00:26.740+0000] {base.py:73} INFO - Using connection ID 'postgres_con' for task execution.
[2023-09-03T04:00:26.792+0000] {base.py:73} INFO - Using connection ID 'postgres_con' for task execution.
[2023-09-03T04:00:26.841+0000] {base.py:73} INFO - Using connection ID 'postgres_con' for task execution.
[2023-09-03T04:00:26.890+0000] {base.py:73} INFO - Using connection ID 'postgres_con' for task execution.
[2023-09-03T04:00:26.942+0000] {base.py:73} INFO - Using connection ID 'postgres_con' for task execution.
[2023-09-03T04:00:26.989+0000] {base.py:73} INFO - Using connection ID 'postgres_con' for task execution.
[2023-09-03T04:00:27.038+0000] {base.py:73} INFO - Using connection ID 'postgres_con' for task execution.
[2023-09-03T04:00:27.088+0000] {base.py:73} INFO - Using connection ID 'postgres_con' for task execution.
[2023-09-03T04:00:27.136+0000] {base.py:73} INFO - Using connection ID 'postgres_con' for task execution.
[2023-09-03T04:00:27.185+0000] {base.py:73} INFO - Using connection ID 'postgres_con' for task execution.
[2023-09-03T04:00:27.234+0000] {base.py:73} INFO - Using connection ID 'postgres_con' for task execution.
[2023-09-03T04:00:27.281+0000] {base.py:73} INFO - Using connection ID 'postgres_con' for task execution.
[2023-09-03T04:00:27.330+0000] {base.py:73} INFO - Using connection ID 'postgres_con' for task execution.
[2023-09-03T04:00:27.379+0000] {base.py:73} INFO - Using connection ID 'postgres_con' for task execution.
[2023-09-03T04:00:27.428+0000] {base.py:73} INFO - Using connection ID 'postgres_con' for task execution.
[2023-09-03T04:00:27.485+0000] {base.py:73} INFO - Using connection ID 'postgres_con' for task execution.
[2023-09-03T04:00:27.544+0000] {base.py:73} INFO - Using connection ID 'postgres_con' for task execution.
[2023-09-03T04:00:27.594+0000] {base.py:73} INFO - Using connection ID 'postgres_con' for task execution.
[2023-09-03T04:00:27.645+0000] {base.py:73} INFO - Using connection ID 'postgres_con' for task execution.
[2023-09-03T04:00:27.693+0000] {base.py:73} INFO - Using connection ID 'postgres_con' for task execution.
[2023-09-03T04:00:27.743+0000] {base.py:73} INFO - Using connection ID 'postgres_con' for task execution.
[2023-09-03T04:00:27.812+0000] {base.py:73} INFO - Using connection ID 'postgres_con' for task execution.
[2023-09-03T04:00:27.897+0000] {base.py:73} INFO - Using connection ID 'postgres_con' for task execution.
[2023-09-03T04:00:27.948+0000] {base.py:73} INFO - Using connection ID 'postgres_con' for task execution.
[2023-09-03T04:00:27.998+0000] {base.py:73} INFO - Using connection ID 'postgres_con' for task execution.
[2023-09-03T04:00:28.047+0000] {base.py:73} INFO - Using connection ID 'postgres_con' for task execution.
[2023-09-03T04:00:28.096+0000] {base.py:73} INFO - Using connection ID 'postgres_con' for task execution.
[2023-09-03T04:00:28.146+0000] {base.py:73} INFO - Using connection ID 'postgres_con' for task execution.
[2023-09-03T04:00:28.196+0000] {base.py:73} INFO - Using connection ID 'postgres_con' for task execution.
[2023-09-03T04:00:28.247+0000] {base.py:73} INFO - Using connection ID 'postgres_con' for task execution.
[2023-09-03T04:00:28.298+0000] {base.py:73} INFO - Using connection ID 'postgres_con' for task execution.
[2023-09-03T04:00:28.350+0000] {base.py:73} INFO - Using connection ID 'postgres_con' for task execution.
[2023-09-03T04:00:28.400+0000] {base.py:73} INFO - Using connection ID 'postgres_con' for task execution.
[2023-09-03T04:00:28.455+0000] {base.py:73} INFO - Using connection ID 'postgres_con' for task execution.
[2023-09-03T04:00:28.507+0000] {base.py:73} INFO - Using connection ID 'postgres_con' for task execution.
[2023-09-03T04:00:28.558+0000] {base.py:73} INFO - Using connection ID 'postgres_con' for task execution.
[2023-09-03T04:00:28.609+0000] {base.py:73} INFO - Using connection ID 'postgres_con' for task execution.
[2023-09-03T04:00:28.660+0000] {base.py:73} INFO - Using connection ID 'postgres_con' for task execution.
[2023-09-03T04:00:28.710+0000] {base.py:73} INFO - Using connection ID 'postgres_con' for task execution.
[2023-09-03T04:00:28.762+0000] {base.py:73} INFO - Using connection ID 'postgres_con' for task execution.
[2023-09-03T04:00:28.814+0000] {base.py:73} INFO - Using connection ID 'postgres_con' for task execution.
[2023-09-03T04:00:28.867+0000] {base.py:73} INFO - Using connection ID 'postgres_con' for task execution.
[2023-09-03T04:00:28.919+0000] {base.py:73} INFO - Using connection ID 'postgres_con' for task execution.
[2023-09-03T04:00:28.970+0000] {base.py:73} INFO - Using connection ID 'postgres_con' for task execution.
[2023-09-03T04:00:29.022+0000] {base.py:73} INFO - Using connection ID 'postgres_con' for task execution.
[2023-09-03T04:00:29.074+0000] {base.py:73} INFO - Using connection ID 'postgres_con' for task execution.
[2023-09-03T04:00:29.127+0000] {base.py:73} INFO - Using connection ID 'postgres_con' for task execution.
[2023-09-03T04:00:29.178+0000] {base.py:73} INFO - Using connection ID 'postgres_con' for task execution.
[2023-09-03T04:00:29.228+0000] {base.py:73} INFO - Using connection ID 'postgres_con' for task execution.
[2023-09-03T04:00:29.281+0000] {base.py:73} INFO - Using connection ID 'postgres_con' for task execution.
[2023-09-03T04:00:29.333+0000] {base.py:73} INFO - Using connection ID 'postgres_con' for task execution.
[2023-09-03T04:00:29.384+0000] {base.py:73} INFO - Using connection ID 'postgres_con' for task execution.
[2023-09-03T04:00:29.458+0000] {base.py:73} INFO - Using connection ID 'postgres_con' for task execution.
[2023-09-03T04:00:29.509+0000] {base.py:73} INFO - Using connection ID 'postgres_con' for task execution.
[2023-09-03T04:00:29.562+0000] {base.py:73} INFO - Using connection ID 'postgres_con' for task execution.
[2023-09-03T04:00:29.614+0000] {base.py:73} INFO - Using connection ID 'postgres_con' for task execution.
[2023-09-03T04:00:29.664+0000] {base.py:73} INFO - Using connection ID 'postgres_con' for task execution.
[2023-09-03T04:00:29.717+0000] {base.py:73} INFO - Using connection ID 'postgres_con' for task execution.
[2023-09-03T04:00:29.769+0000] {base.py:73} INFO - Using connection ID 'postgres_con' for task execution.
[2023-09-03T04:00:29.821+0000] {base.py:73} INFO - Using connection ID 'postgres_con' for task execution.
[2023-09-03T04:00:29.871+0000] {base.py:73} INFO - Using connection ID 'postgres_con' for task execution.
[2023-09-03T04:00:29.923+0000] {base.py:73} INFO - Using connection ID 'postgres_con' for task execution.
[2023-09-03T04:00:29.975+0000] {base.py:73} INFO - Using connection ID 'postgres_con' for task execution.
[2023-09-03T04:00:30.029+0000] {base.py:73} INFO - Using connection ID 'postgres_con' for task execution.
[2023-09-03T04:00:30.081+0000] {base.py:73} INFO - Using connection ID 'postgres_con' for task execution.
[2023-09-03T04:00:30.132+0000] {base.py:73} INFO - Using connection ID 'postgres_con' for task execution.
[2023-09-03T04:00:30.183+0000] {base.py:73} INFO - Using connection ID 'postgres_con' for task execution.
[2023-09-03T04:00:30.240+0000] {base.py:73} INFO - Using connection ID 'postgres_con' for task execution.
[2023-09-03T04:00:30.291+0000] {base.py:73} INFO - Using connection ID 'postgres_con' for task execution.
[2023-09-03T04:00:30.344+0000] {base.py:73} INFO - Using connection ID 'postgres_con' for task execution.
[2023-09-03T04:00:30.395+0000] {base.py:73} INFO - Using connection ID 'postgres_con' for task execution.
[2023-09-03T04:00:30.449+0000] {base.py:73} INFO - Using connection ID 'postgres_con' for task execution.
[2023-09-03T04:00:30.501+0000] {base.py:73} INFO - Using connection ID 'postgres_con' for task execution.
[2023-09-03T04:00:30.552+0000] {base.py:73} INFO - Using connection ID 'postgres_con' for task execution.
[2023-09-03T04:00:30.606+0000] {base.py:73} INFO - Using connection ID 'postgres_con' for task execution.
[2023-09-03T04:00:30.657+0000] {base.py:73} INFO - Using connection ID 'postgres_con' for task execution.
[2023-09-03T04:00:30.710+0000] {base.py:73} INFO - Using connection ID 'postgres_con' for task execution.
[2023-09-03T04:00:30.766+0000] {base.py:73} INFO - Using connection ID 'postgres_con' for task execution.
[2023-09-03T04:00:30.820+0000] {base.py:73} INFO - Using connection ID 'postgres_con' for task execution.
[2023-09-03T04:00:30.876+0000] {base.py:73} INFO - Using connection ID 'postgres_con' for task execution.
[2023-09-03T04:00:30.931+0000] {base.py:73} INFO - Using connection ID 'postgres_con' for task execution.
[2023-09-03T04:00:30.983+0000] {base.py:73} INFO - Using connection ID 'postgres_con' for task execution.
[2023-09-03T04:00:31.035+0000] {base.py:73} INFO - Using connection ID 'postgres_con' for task execution.
[2023-09-03T04:00:31.086+0000] {base.py:73} INFO - Using connection ID 'postgres_con' for task execution.
[2023-09-03T04:00:31.141+0000] {base.py:73} INFO - Using connection ID 'postgres_con' for task execution.
[2023-09-03T04:00:31.194+0000] {base.py:73} INFO - Using connection ID 'postgres_con' for task execution.
[2023-09-03T04:00:31.248+0000] {base.py:73} INFO - Using connection ID 'postgres_con' for task execution.
[2023-09-03T04:00:31.305+0000] {base.py:73} INFO - Using connection ID 'postgres_con' for task execution.
[2023-09-03T04:00:31.361+0000] {base.py:73} INFO - Using connection ID 'postgres_con' for task execution.
[2023-09-03T04:00:31.420+0000] {base.py:73} INFO - Using connection ID 'postgres_con' for task execution.
[2023-09-03T04:00:31.474+0000] {base.py:73} INFO - Using connection ID 'postgres_con' for task execution.
[2023-09-03T04:00:31.530+0000] {base.py:73} INFO - Using connection ID 'postgres_con' for task execution.
[2023-09-03T04:00:31.586+0000] {base.py:73} INFO - Using connection ID 'postgres_con' for task execution.
[2023-09-03T04:00:31.639+0000] {base.py:73} INFO - Using connection ID 'postgres_con' for task execution.
[2023-09-03T04:00:31.693+0000] {base.py:73} INFO - Using connection ID 'postgres_con' for task execution.
[2023-09-03T04:00:31.753+0000] {base.py:73} INFO - Using connection ID 'postgres_con' for task execution.
[2023-09-03T04:00:31.844+0000] {base.py:73} INFO - Using connection ID 'postgres_con' for task execution.
[2023-09-03T04:00:31.898+0000] {base.py:73} INFO - Using connection ID 'postgres_con' for task execution.
[2023-09-03T04:00:31.954+0000] {base.py:73} INFO - Using connection ID 'postgres_con' for task execution.
[2023-09-03T04:00:32.009+0000] {base.py:73} INFO - Using connection ID 'postgres_con' for task execution.
[2023-09-03T04:00:32.065+0000] {base.py:73} INFO - Using connection ID 'postgres_con' for task execution.
[2023-09-03T04:00:32.120+0000] {base.py:73} INFO - Using connection ID 'postgres_con' for task execution.
[2023-09-03T04:00:32.173+0000] {base.py:73} INFO - Using connection ID 'postgres_con' for task execution.
[2023-09-03T04:00:32.227+0000] {base.py:73} INFO - Using connection ID 'postgres_con' for task execution.
[2023-09-03T04:00:32.283+0000] {base.py:73} INFO - Using connection ID 'postgres_con' for task execution.
[2023-09-03T04:00:32.338+0000] {base.py:73} INFO - Using connection ID 'postgres_con' for task execution.
[2023-09-03T04:00:32.390+0000] {base.py:73} INFO - Using connection ID 'postgres_con' for task execution.
[2023-09-03T04:00:32.445+0000] {base.py:73} INFO - Using connection ID 'postgres_con' for task execution.
[2023-09-03T04:00:32.499+0000] {base.py:73} INFO - Using connection ID 'postgres_con' for task execution.
[2023-09-03T04:00:32.555+0000] {base.py:73} INFO - Using connection ID 'postgres_con' for task execution.
[2023-09-03T04:00:32.615+0000] {base.py:73} INFO - Using connection ID 'postgres_con' for task execution.
[2023-09-03T04:00:32.670+0000] {base.py:73} INFO - Using connection ID 'postgres_con' for task execution.
[2023-09-03T04:00:32.726+0000] {base.py:73} INFO - Using connection ID 'postgres_con' for task execution.
[2023-09-03T04:00:32.779+0000] {base.py:73} INFO - Using connection ID 'postgres_con' for task execution.
[2023-09-03T04:00:32.837+0000] {base.py:73} INFO - Using connection ID 'postgres_con' for task execution.
[2023-09-03T04:00:32.900+0000] {base.py:73} INFO - Using connection ID 'postgres_con' for task execution.
[2023-09-03T04:00:32.956+0000] {base.py:73} INFO - Using connection ID 'postgres_con' for task execution.
[2023-09-03T04:00:33.011+0000] {base.py:73} INFO - Using connection ID 'postgres_con' for task execution.
[2023-09-03T04:00:33.066+0000] {base.py:73} INFO - Using connection ID 'postgres_con' for task execution.
[2023-09-03T04:00:33.123+0000] {base.py:73} INFO - Using connection ID 'postgres_con' for task execution.
[2023-09-03T04:00:33.176+0000] {base.py:73} INFO - Using connection ID 'postgres_con' for task execution.
[2023-09-03T04:00:33.231+0000] {base.py:73} INFO - Using connection ID 'postgres_con' for task execution.
[2023-09-03T04:00:33.287+0000] {base.py:73} INFO - Using connection ID 'postgres_con' for task execution.
[2023-09-03T04:00:33.341+0000] {base.py:73} INFO - Using connection ID 'postgres_con' for task execution.
[2023-09-03T04:00:33.398+0000] {base.py:73} INFO - Using connection ID 'postgres_con' for task execution.
[2023-09-03T04:00:33.455+0000] {base.py:73} INFO - Using connection ID 'postgres_con' for task execution.
[2023-09-03T04:00:33.509+0000] {base.py:73} INFO - Using connection ID 'postgres_con' for task execution.
[2023-09-03T04:00:33.564+0000] {base.py:73} INFO - Using connection ID 'postgres_con' for task execution.
[2023-09-03T04:00:33.623+0000] {base.py:73} INFO - Using connection ID 'postgres_con' for task execution.
[2023-09-03T04:00:33.680+0000] {base.py:73} INFO - Using connection ID 'postgres_con' for task execution.
[2023-09-03T04:00:33.745+0000] {base.py:73} INFO - Using connection ID 'postgres_con' for task execution.
[2023-09-03T04:00:33.804+0000] {base.py:73} INFO - Using connection ID 'postgres_con' for task execution.
[2023-09-03T04:00:33.860+0000] {base.py:73} INFO - Using connection ID 'postgres_con' for task execution.
[2023-09-03T04:00:33.927+0000] {base.py:73} INFO - Using connection ID 'postgres_con' for task execution.
[2023-09-03T04:00:33.982+0000] {base.py:73} INFO - Using connection ID 'postgres_con' for task execution.
[2023-09-03T04:00:34.040+0000] {base.py:73} INFO - Using connection ID 'postgres_con' for task execution.
[2023-09-03T04:00:34.099+0000] {base.py:73} INFO - Using connection ID 'postgres_con' for task execution.
[2023-09-03T04:00:34.157+0000] {base.py:73} INFO - Using connection ID 'postgres_con' for task execution.
[2023-09-03T04:00:34.214+0000] {base.py:73} INFO - Using connection ID 'postgres_con' for task execution.
[2023-09-03T04:00:34.279+0000] {base.py:73} INFO - Using connection ID 'postgres_con' for task execution.
[2023-09-03T04:00:34.344+0000] {base.py:73} INFO - Using connection ID 'postgres_con' for task execution.
[2023-09-03T04:00:34.419+0000] {base.py:73} INFO - Using connection ID 'postgres_con' for task execution.
[2023-09-03T04:00:34.490+0000] {base.py:73} INFO - Using connection ID 'postgres_con' for task execution.
[2023-09-03T04:00:34.549+0000] {base.py:73} INFO - Using connection ID 'postgres_con' for task execution.
[2023-09-03T04:00:34.607+0000] {base.py:73} INFO - Using connection ID 'postgres_con' for task execution.
[2023-09-03T04:00:34.667+0000] {base.py:73} INFO - Using connection ID 'postgres_con' for task execution.
[2023-09-03T04:00:34.727+0000] {base.py:73} INFO - Using connection ID 'postgres_con' for task execution.
[2023-09-03T04:00:34.788+0000] {base.py:73} INFO - Using connection ID 'postgres_con' for task execution.
[2023-09-03T04:00:34.844+0000] {base.py:73} INFO - Using connection ID 'postgres_con' for task execution.
[2023-09-03T04:00:34.900+0000] {base.py:73} INFO - Using connection ID 'postgres_con' for task execution.
[2023-09-03T04:00:34.956+0000] {base.py:73} INFO - Using connection ID 'postgres_con' for task execution.
[2023-09-03T04:00:35.016+0000] {base.py:73} INFO - Using connection ID 'postgres_con' for task execution.
[2023-09-03T04:00:35.077+0000] {base.py:73} INFO - Using connection ID 'postgres_con' for task execution.
[2023-09-03T04:00:35.131+0000] {base.py:73} INFO - Using connection ID 'postgres_con' for task execution.
[2023-09-03T04:00:35.187+0000] {base.py:73} INFO - Using connection ID 'postgres_con' for task execution.
[2023-09-03T04:00:35.251+0000] {base.py:73} INFO - Using connection ID 'postgres_con' for task execution.
[2023-09-03T04:00:35.306+0000] {base.py:73} INFO - Using connection ID 'postgres_con' for task execution.
[2023-09-03T04:00:35.363+0000] {base.py:73} INFO - Using connection ID 'postgres_con' for task execution.
[2023-09-03T04:00:35.422+0000] {base.py:73} INFO - Using connection ID 'postgres_con' for task execution.
[2023-09-03T04:00:35.478+0000] {base.py:73} INFO - Using connection ID 'postgres_con' for task execution.
[2023-09-03T04:00:35.538+0000] {base.py:73} INFO - Using connection ID 'postgres_con' for task execution.
[2023-09-03T04:00:35.594+0000] {base.py:73} INFO - Using connection ID 'postgres_con' for task execution.
[2023-09-03T04:00:35.652+0000] {base.py:73} INFO - Using connection ID 'postgres_con' for task execution.
[2023-09-03T04:00:35.710+0000] {base.py:73} INFO - Using connection ID 'postgres_con' for task execution.
[2023-09-03T04:00:35.768+0000] {base.py:73} INFO - Using connection ID 'postgres_con' for task execution.
[2023-09-03T04:00:35.827+0000] {base.py:73} INFO - Using connection ID 'postgres_con' for task execution.
[2023-09-03T04:00:35.886+0000] {base.py:73} INFO - Using connection ID 'postgres_con' for task execution.
[2023-09-03T04:00:35.940+0000] {base.py:73} INFO - Using connection ID 'postgres_con' for task execution.
[2023-09-03T04:00:35.997+0000] {base.py:73} INFO - Using connection ID 'postgres_con' for task execution.
[2023-09-03T04:00:36.058+0000] {base.py:73} INFO - Using connection ID 'postgres_con' for task execution.
[2023-09-03T04:00:36.114+0000] {base.py:73} INFO - Using connection ID 'postgres_con' for task execution.
[2023-09-03T04:00:36.172+0000] {base.py:73} INFO - Using connection ID 'postgres_con' for task execution.
[2023-09-03T04:00:36.230+0000] {base.py:73} INFO - Using connection ID 'postgres_con' for task execution.
[2023-09-03T04:00:36.287+0000] {base.py:73} INFO - Using connection ID 'postgres_con' for task execution.
[2023-09-03T04:00:36.344+0000] {base.py:73} INFO - Using connection ID 'postgres_con' for task execution.
[2023-09-03T04:00:36.403+0000] {base.py:73} INFO - Using connection ID 'postgres_con' for task execution.
[2023-09-03T04:00:36.460+0000] {base.py:73} INFO - Using connection ID 'postgres_con' for task execution.
[2023-09-03T04:00:36.517+0000] {base.py:73} INFO - Using connection ID 'postgres_con' for task execution.
[2023-09-03T04:00:36.578+0000] {base.py:73} INFO - Using connection ID 'postgres_con' for task execution.
[2023-09-03T04:00:36.635+0000] {base.py:73} INFO - Using connection ID 'postgres_con' for task execution.
[2023-09-03T04:00:36.691+0000] {base.py:73} INFO - Using connection ID 'postgres_con' for task execution.
[2023-09-03T04:00:36.749+0000] {base.py:73} INFO - Using connection ID 'postgres_con' for task execution.
[2023-09-03T04:00:36.805+0000] {base.py:73} INFO - Using connection ID 'postgres_con' for task execution.
[2023-09-03T04:00:36.867+0000] {base.py:73} INFO - Using connection ID 'postgres_con' for task execution.
[2023-09-03T04:00:36.924+0000] {base.py:73} INFO - Using connection ID 'postgres_con' for task execution.
[2023-09-03T04:00:36.985+0000] {base.py:73} INFO - Using connection ID 'postgres_con' for task execution.
[2023-09-03T04:00:37.045+0000] {base.py:73} INFO - Using connection ID 'postgres_con' for task execution.
[2023-09-03T04:00:37.099+0000] {base.py:73} INFO - Using connection ID 'postgres_con' for task execution.
[2023-09-03T04:00:37.156+0000] {base.py:73} INFO - Using connection ID 'postgres_con' for task execution.
[2023-09-03T04:00:37.214+0000] {base.py:73} INFO - Using connection ID 'postgres_con' for task execution.
[2023-09-03T04:00:37.272+0000] {base.py:73} INFO - Using connection ID 'postgres_con' for task execution.
[2023-09-03T04:00:37.329+0000] {base.py:73} INFO - Using connection ID 'postgres_con' for task execution.
[2023-09-03T04:00:37.388+0000] {base.py:73} INFO - Using connection ID 'postgres_con' for task execution.
[2023-09-03T04:00:37.444+0000] {base.py:73} INFO - Using connection ID 'postgres_con' for task execution.
[2023-09-03T04:00:37.503+0000] {base.py:73} INFO - Using connection ID 'postgres_con' for task execution.
[2023-09-03T04:00:37.559+0000] {base.py:73} INFO - Using connection ID 'postgres_con' for task execution.
[2023-09-03T04:00:37.617+0000] {base.py:73} INFO - Using connection ID 'postgres_con' for task execution.
[2023-09-03T04:00:37.675+0000] {base.py:73} INFO - Using connection ID 'postgres_con' for task execution.
[2023-09-03T04:00:37.731+0000] {base.py:73} INFO - Using connection ID 'postgres_con' for task execution.
[2023-09-03T04:00:37.789+0000] {base.py:73} INFO - Using connection ID 'postgres_con' for task execution.
[2023-09-03T04:00:37.847+0000] {base.py:73} INFO - Using connection ID 'postgres_con' for task execution.
[2023-09-03T04:00:37.934+0000] {base.py:73} INFO - Using connection ID 'postgres_con' for task execution.
[2023-09-03T04:00:37.997+0000] {base.py:73} INFO - Using connection ID 'postgres_con' for task execution.
[2023-09-03T04:00:38.060+0000] {base.py:73} INFO - Using connection ID 'postgres_con' for task execution.
[2023-09-03T04:00:38.123+0000] {base.py:73} INFO - Using connection ID 'postgres_con' for task execution.
[2023-09-03T04:00:38.187+0000] {base.py:73} INFO - Using connection ID 'postgres_con' for task execution.
[2023-09-03T04:00:38.243+0000] {base.py:73} INFO - Using connection ID 'postgres_con' for task execution.
[2023-09-03T04:00:38.300+0000] {base.py:73} INFO - Using connection ID 'postgres_con' for task execution.
[2023-09-03T04:00:38.359+0000] {base.py:73} INFO - Using connection ID 'postgres_con' for task execution.
[2023-09-03T04:00:38.414+0000] {base.py:73} INFO - Using connection ID 'postgres_con' for task execution.
[2023-09-03T04:00:38.471+0000] {base.py:73} INFO - Using connection ID 'postgres_con' for task execution.
[2023-09-03T04:00:38.526+0000] {base.py:73} INFO - Using connection ID 'postgres_con' for task execution.
[2023-09-03T04:00:38.586+0000] {base.py:73} INFO - Using connection ID 'postgres_con' for task execution.
[2023-09-03T04:00:38.642+0000] {base.py:73} INFO - Using connection ID 'postgres_con' for task execution.
[2023-09-03T04:00:38.700+0000] {base.py:73} INFO - Using connection ID 'postgres_con' for task execution.
[2023-09-03T04:00:38.758+0000] {base.py:73} INFO - Using connection ID 'postgres_con' for task execution.
[2023-09-03T04:00:38.816+0000] {base.py:73} INFO - Using connection ID 'postgres_con' for task execution.
[2023-09-03T04:00:38.874+0000] {base.py:73} INFO - Using connection ID 'postgres_con' for task execution.
[2023-09-03T04:00:38.933+0000] {base.py:73} INFO - Using connection ID 'postgres_con' for task execution.
[2023-09-03T04:00:38.990+0000] {base.py:73} INFO - Using connection ID 'postgres_con' for task execution.
[2023-09-03T04:00:39.047+0000] {base.py:73} INFO - Using connection ID 'postgres_con' for task execution.
[2023-09-03T04:00:39.138+0000] {base.py:73} INFO - Using connection ID 'postgres_con' for task execution.
[2023-09-03T04:00:39.222+0000] {base.py:73} INFO - Using connection ID 'postgres_con' for task execution.
[2023-09-03T04:00:39.289+0000] {base.py:73} INFO - Using connection ID 'postgres_con' for task execution.
[2023-09-03T04:00:39.352+0000] {base.py:73} INFO - Using connection ID 'postgres_con' for task execution.
[2023-09-03T04:00:39.412+0000] {base.py:73} INFO - Using connection ID 'postgres_con' for task execution.
[2023-09-03T04:00:39.516+0000] {base.py:73} INFO - Using connection ID 'postgres_con' for task execution.
[2023-09-03T04:00:39.578+0000] {base.py:73} INFO - Using connection ID 'postgres_con' for task execution.
[2023-09-03T04:00:39.637+0000] {base.py:73} INFO - Using connection ID 'postgres_con' for task execution.
[2023-09-03T04:00:39.694+0000] {base.py:73} INFO - Using connection ID 'postgres_con' for task execution.
[2023-09-03T04:00:39.753+0000] {base.py:73} INFO - Using connection ID 'postgres_con' for task execution.
[2023-09-03T04:00:39.819+0000] {base.py:73} INFO - Using connection ID 'postgres_con' for task execution.
[2023-09-03T04:00:39.875+0000] {base.py:73} INFO - Using connection ID 'postgres_con' for task execution.
[2023-09-03T04:00:39.931+0000] {base.py:73} INFO - Using connection ID 'postgres_con' for task execution.
[2023-09-03T04:00:39.992+0000] {base.py:73} INFO - Using connection ID 'postgres_con' for task execution.
[2023-09-03T04:00:40.052+0000] {base.py:73} INFO - Using connection ID 'postgres_con' for task execution.
[2023-09-03T04:00:40.110+0000] {base.py:73} INFO - Using connection ID 'postgres_con' for task execution.
[2023-09-03T04:00:40.166+0000] {base.py:73} INFO - Using connection ID 'postgres_con' for task execution.
[2023-09-03T04:00:40.225+0000] {base.py:73} INFO - Using connection ID 'postgres_con' for task execution.
[2023-09-03T04:00:40.314+0000] {base.py:73} INFO - Using connection ID 'postgres_con' for task execution.
[2023-09-03T04:00:40.388+0000] {base.py:73} INFO - Using connection ID 'postgres_con' for task execution.
[2023-09-03T04:00:40.455+0000] {base.py:73} INFO - Using connection ID 'postgres_con' for task execution.
[2023-09-03T04:00:40.526+0000] {base.py:73} INFO - Using connection ID 'postgres_con' for task execution.
[2023-09-03T04:00:40.593+0000] {base.py:73} INFO - Using connection ID 'postgres_con' for task execution.
[2023-09-03T04:00:40.682+0000] {base.py:73} INFO - Using connection ID 'postgres_con' for task execution.
[2023-09-03T04:00:40.748+0000] {base.py:73} INFO - Using connection ID 'postgres_con' for task execution.
[2023-09-03T04:00:40.816+0000] {base.py:73} INFO - Using connection ID 'postgres_con' for task execution.
[2023-09-03T04:00:40.900+0000] {base.py:73} INFO - Using connection ID 'postgres_con' for task execution.
[2023-09-03T04:00:40.993+0000] {base.py:73} INFO - Using connection ID 'postgres_con' for task execution.
[2023-09-03T04:00:41.068+0000] {base.py:73} INFO - Using connection ID 'postgres_con' for task execution.
[2023-09-03T04:00:41.126+0000] {base.py:73} INFO - Using connection ID 'postgres_con' for task execution.
[2023-09-03T04:00:41.184+0000] {base.py:73} INFO - Using connection ID 'postgres_con' for task execution.
[2023-09-03T04:00:41.248+0000] {base.py:73} INFO - Using connection ID 'postgres_con' for task execution.
[2023-09-03T04:00:41.307+0000] {base.py:73} INFO - Using connection ID 'postgres_con' for task execution.
[2023-09-03T04:00:41.367+0000] {base.py:73} INFO - Using connection ID 'postgres_con' for task execution.
[2023-09-03T04:00:41.426+0000] {base.py:73} INFO - Using connection ID 'postgres_con' for task execution.
[2023-09-03T04:00:41.485+0000] {base.py:73} INFO - Using connection ID 'postgres_con' for task execution.
[2023-09-03T04:00:41.546+0000] {base.py:73} INFO - Using connection ID 'postgres_con' for task execution.
[2023-09-03T04:01:06.654+0000] {base.py:73} INFO - Using connection ID 'postgres_con' for task execution.
[2023-09-03T04:01:06.675+0000] {warnings.py:109} WARNING - /home/***/.local/lib/python3.8/site-packages/***/providers/common/sql/hooks/sql.py:219: UserWarning: pandas only supports SQLAlchemy connectable (engine/connection) or database string URI or sqlite3 DBAPI2 connection. Other DBAPI2 objects are not tested. Please consider using SQLAlchemy.
  return psql.read_sql(sql, con=conn, params=parameters, **kwargs)

[2023-09-03T04:01:06.702+0000] {base.py:73} INFO - Using connection ID 'postgres_con' for task execution.
[2023-09-03T04:01:06.709+0000] {warnings.py:109} WARNING - /home/***/.local/lib/python3.8/site-packages/***/providers/common/sql/hooks/sql.py:219: UserWarning: pandas only supports SQLAlchemy connectable (engine/connection) or database string URI or sqlite3 DBAPI2 connection. Other DBAPI2 objects are not tested. Please consider using SQLAlchemy.
  return psql.read_sql(sql, con=conn, params=parameters, **kwargs)

[2023-09-03T04:01:06.718+0000] {python.py:194} INFO - Done. Returned value was:       id_vac  ... column_not_exist_in_db
0   86143562  ...                  72445
1   86143562  ...                  72446
2   86143562  ...                  72447
3   86143562  ...                  72448
4   86143562  ...                  72449
5   86143562  ...                  72450
6   86143562  ...                  72451
7   86143562  ...                  72452
8   86143562  ...                  72453
9   86143562  ...                  72454
10  86143562  ...                  72455
11  86143562  ...                  72456
12  86143562  ...                  72457
13  86143562  ...                  72458
14  86143562  ...                  72459
15  86143562  ...                  72460
16  86143562  ...                  72461
17  86144863  ...                  72462
18  86145114  ...                  72463
19  86145114  ...                  72464
20  86145114  ...                  72465
21  86145114  ...                  72466
22  86145114  ...                  72467
23  86145231  ...                  72468
24  86145231  ...                  72469
25  86145231  ...                  72470
26  86145231  ...                  72471
27  86145231  ...                  72472
28  84487057  ...                  72473
29  84487057  ...                  72474
30  84487057  ...                  72475
31  86145684  ...                  72476
32  86145684  ...                  72477
33  86145684  ...                  72478
34  86145684  ...                  72479
35  86145684  ...                  72480
36  86145684  ...                  72481
37  86145684  ...                  72482
38  86145684  ...                  72483
39  86145684  ...                  72484
40  86145684  ...                  72485
41  86149292  ...                  72486
42  86149292  ...                  72487
43  86149292  ...                  72488
44  86149292  ...                  72489
45  86149292  ...                  72490
46  83749227  ...                  72491
47  83749227  ...                  72492
48  83749227  ...                  72493
49  83749227  ...                  72494
50  83749227  ...                  72495
51  83749227  ...                  72496
52  86150609  ...                  72497
53  86150609  ...                  72498
54  86150609  ...                  72499
55  86150609  ...                  72500
56  86150609  ...                  72501

[57 rows x 16 columns]
[2023-09-03T04:01:06.769+0000] {taskinstance.py:1400} INFO - Marking task as SUCCESS. dag_id=dag_parser, task_id=transform, execution_date=20230902T040000, start_date=20230903T040020, end_date=20230903T040106
[2023-09-03T04:01:06.843+0000] {local_task_job_runner.py:228} INFO - Task exited with return code 0
[2023-09-03T04:01:06.870+0000] {taskinstance.py:2784} INFO - 1 downstream tasks scheduled from follow-on schedule check
