[2023-09-02T04:10:15.294+0000] {taskinstance.py:1159} INFO - Dependencies all met for dep_context=non-requeueable deps ti=<TaskInstance: dag_parser.extract scheduled__2023-09-01T04:00:00+00:00 [queued]>
[2023-09-02T04:10:15.312+0000] {taskinstance.py:1159} INFO - Dependencies all met for dep_context=requeueable deps ti=<TaskInstance: dag_parser.extract scheduled__2023-09-01T04:00:00+00:00 [queued]>
[2023-09-02T04:10:15.316+0000] {taskinstance.py:1361} INFO - Starting attempt 1 of 3
[2023-09-02T04:10:15.359+0000] {taskinstance.py:1382} INFO - Executing <Task(_PythonDecoratedOperator): extract> on 2023-09-01 04:00:00+00:00
[2023-09-02T04:10:15.381+0000] {standard_task_runner.py:57} INFO - Started process 118 to run task
[2023-09-02T04:10:15.390+0000] {standard_task_runner.py:84} INFO - Running: ['***', 'tasks', 'run', 'dag_parser', 'extract', 'scheduled__2023-09-01T04:00:00+00:00', '--job-id', '96', '--raw', '--subdir', 'DAGS_FOLDER/dag_parser.py', '--cfg-path', '/tmp/tmpkscvah17']
[2023-09-02T04:10:15.394+0000] {standard_task_runner.py:85} INFO - Job 96: Subtask extract
[2023-09-02T04:10:15.494+0000] {task_command.py:415} INFO - Running <TaskInstance: dag_parser.extract scheduled__2023-09-01T04:00:00+00:00 [running]> on host 157376fe3631
[2023-09-02T04:10:15.647+0000] {taskinstance.py:1660} INFO - Exporting env vars: AIRFLOW_CTX_DAG_OWNER='oleg' AIRFLOW_CTX_DAG_ID='dag_parser' AIRFLOW_CTX_TASK_ID='extract' AIRFLOW_CTX_EXECUTION_DATE='2023-09-01T04:00:00+00:00' AIRFLOW_CTX_TRY_NUMBER='1' AIRFLOW_CTX_DAG_RUN_ID='scheduled__2023-09-01T04:00:00+00:00'
[2023-09-02T04:11:04.031+0000] {python.py:194} INFO - Done. Returned value was:             id  premium  ... immediate_redirect_url immediate_redirect_vacancy_id
0     86096031    False  ...                    NaN                           NaN
1     84933551    False  ...                    NaN                           NaN
2     85043263    False  ...                    NaN                           NaN
3     85632103    False  ...                    NaN                           NaN
4     86090926    False  ...                    NaN                           NaN
...        ...      ...  ...                    ...                           ...
1366  84214864    False  ...                    NaN                           NaN
1367  85757902    False  ...                    NaN                           NaN
1368  84454368    False  ...                    NaN                           NaN
1369  85272846    False  ...                    NaN                           NaN
1370  84965128    False  ...                    NaN                           NaN

[1371 rows x 38 columns]
[2023-09-02T04:11:04.372+0000] {taskinstance.py:1400} INFO - Marking task as SUCCESS. dag_id=dag_parser, task_id=extract, execution_date=20230901T040000, start_date=20230902T041015, end_date=20230902T041104
[2023-09-02T04:11:04.421+0000] {local_task_job_runner.py:228} INFO - Task exited with return code 0
[2023-09-02T04:11:04.466+0000] {taskinstance.py:2784} INFO - 1 downstream tasks scheduled from follow-on schedule check
